make[4]: Entering directory '/home/microros/microros_ws/firmware/mcu_ws/build/rcl_action'
/usr/bin/cmake -S/home/microros/microros_ws/firmware/mcu_ws/uros/rcl/rcl_action -B/home/microros/microros_ws/firmware/mcu_ws/build/rcl_action --check-build-system CMakeFiles/Makefile.cmake 0
/usr/bin/cmake -E cmake_progress_start /home/microros/microros_ws/firmware/mcu_ws/build/rcl_action/CMakeFiles /home/microros/microros_ws/firmware/mcu_ws/build/rcl_action/CMakeFiles/progress.marks
/usr/bin/make -f CMakeFiles/Makefile2 all
make[5]: Entering directory '/home/microros/microros_ws/firmware/mcu_ws/build/rcl_action'
/usr/bin/make -f CMakeFiles/rcl_action.dir/build.make CMakeFiles/rcl_action.dir/depend
make[6]: Entering directory '/home/microros/microros_ws/firmware/mcu_ws/build/rcl_action'
cd /home/microros/microros_ws/firmware/mcu_ws/build/rcl_action && /usr/bin/cmake -E cmake_depends "Unix Makefiles" /home/microros/microros_ws/firmware/mcu_ws/uros/rcl/rcl_action /home/microros/microros_ws/firmware/mcu_ws/uros/rcl/rcl_action /home/microros/microros_ws/firmware/mcu_ws/build/rcl_action /home/microros/microros_ws/firmware/mcu_ws/build/rcl_action /home/microros/microros_ws/firmware/mcu_ws/build/rcl_action/CMakeFiles/rcl_action.dir/DependInfo.cmake --color=
make[6]: Leaving directory '/home/microros/microros_ws/firmware/mcu_ws/build/rcl_action'
/usr/bin/make -f CMakeFiles/rcl_action.dir/build.make CMakeFiles/rcl_action.dir/build
make[6]: Entering directory '/home/microros/microros_ws/firmware/mcu_ws/build/rcl_action'
make[6]: Nothing to be done for 'CMakeFiles/rcl_action.dir/build'.
make[6]: Leaving directory '/home/microros/microros_ws/firmware/mcu_ws/build/rcl_action'
[100%] Built target rcl_action
make[5]: Leaving directory '/home/microros/microros_ws/firmware/mcu_ws/build/rcl_action'
/usr/bin/cmake -E cmake_progress_start /home/microros/microros_ws/firmware/mcu_ws/build/rcl_action/CMakeFiles 0
make[4]: Leaving directory '/home/microros/microros_ws/firmware/mcu_ws/build/rcl_action'
-- Install configuration: "RelWithDebInfo"
-- Up-to-date: /home/microros/microros_ws/firmware/mcu_ws/install/rcl_action/include
-- Up-to-date: /home/microros/microros_ws/firmware/mcu_ws/install/rcl_action/include/rcl_action
-- Up-to-date: /home/microros/microros_ws/firmware/mcu_ws/install/rcl_action/include/rcl_action/goal_handle.h
-- Up-to-date: /home/microros/microros_ws/firmware/mcu_ws/install/rcl_action/include/rcl_action/default_qos.h
-- Up-to-date: /home/microros/microros_ws/firmware/mcu_ws/install/rcl_action/include/rcl_action/action_server.h
-- Up-to-date: /home/microros/microros_ws/firmware/mcu_ws/install/rcl_action/include/rcl_action/action_client.h
-- Up-to-date: /home/microros/microros_ws/firmware/mcu_ws/install/rcl_action/include/rcl_action/rcl_action.h
-- Up-to-date: /home/microros/microros_ws/firmware/mcu_ws/install/rcl_action/include/rcl_action/graph.h
-- Up-to-date: /home/microros/microros_ws/firmware/mcu_ws/install/rcl_action/include/rcl_action/goal_state_machine.h
-- Up-to-date: /home/microros/microros_ws/firmware/mcu_ws/install/rcl_action/include/rcl_action/wait.h
-- Up-to-date: /home/microros/microros_ws/firmware/mcu_ws/install/rcl_action/include/rcl_action/types.h
-- Up-to-date: /home/microros/microros_ws/firmware/mcu_ws/install/rcl_action/include/rcl_action/visibility_control.h
-- Up-to-date: /home/microros/microros_ws/firmware/mcu_ws/install/rcl_action/include/rcl_action/names.h
-- Up-to-date: /home/microros/microros_ws/firmware/mcu_ws/install/rcl_action/lib/librcl_action.a
-- Up-to-date: /home/microros/microros_ws/firmware/mcu_ws/install/rcl_action/share/rcl_action/environment/library_path.sh
-- Up-to-date: /home/microros/microros_ws/firmware/mcu_ws/install/rcl_action/share/rcl_action/environment/library_path.dsv
-- Up-to-date: /home/microros/microros_ws/firmware/mcu_ws/install/rcl_action/share/ament_index/resource_index/package_run_dependencies/rcl_action
-- Up-to-date: /home/microros/microros_ws/firmware/mcu_ws/install/rcl_action/share/ament_index/resource_index/parent_prefix_path/rcl_action
-- Up-to-date: /home/microros/microros_ws/firmware/mcu_ws/install/rcl_action/share/rcl_action/environment/ament_prefix_path.sh
-- Up-to-date: /home/microros/microros_ws/firmware/mcu_ws/install/rcl_action/share/rcl_action/environment/ament_prefix_path.dsv
-- Up-to-date: /home/microros/microros_ws/firmware/mcu_ws/install/rcl_action/share/rcl_action/environment/path.sh
-- Up-to-date: /home/microros/microros_ws/firmware/mcu_ws/install/rcl_action/share/rcl_action/environment/path.dsv
-- Up-to-date: /home/microros/microros_ws/firmware/mcu_ws/install/rcl_action/share/rcl_action/local_setup.bash
-- Up-to-date: /home/microros/microros_ws/firmware/mcu_ws/install/rcl_action/share/rcl_action/local_setup.sh
-- Up-to-date: /home/microros/microros_ws/firmware/mcu_ws/install/rcl_action/share/rcl_action/local_setup.zsh
-- Up-to-date: /home/microros/microros_ws/firmware/mcu_ws/install/rcl_action/share/rcl_action/local_setup.dsv
-- Up-to-date: /home/microros/microros_ws/firmware/mcu_ws/install/rcl_action/share/rcl_action/package.dsv
-- Up-to-date: /home/microros/microros_ws/firmware/mcu_ws/install/rcl_action/share/ament_index/resource_index/packages/rcl_action
-- Up-to-date: /home/microros/microros_ws/firmware/mcu_ws/install/rcl_action/share/rcl_action/cmake/rcl_actionExport.cmake
-- Up-to-date: /home/microros/microros_ws/firmware/mcu_ws/install/rcl_action/share/rcl_action/cmake/rcl_actionExport-relwithdebinfo.cmake
-- Up-to-date: /home/microros/microros_ws/firmware/mcu_ws/install/rcl_action/share/rcl_action/cmake/ament_cmake_export_include_directories-extras.cmake
-- Up-to-date: /home/microros/microros_ws/firmware/mcu_ws/install/rcl_action/share/rcl_action/cmake/ament_cmake_export_libraries-extras.cmake
-- Up-to-date: /home/microros/microros_ws/firmware/mcu_ws/install/rcl_action/share/rcl_action/cmake/ament_cmake_export_targets-extras.cmake
-- Up-to-date: /home/microros/microros_ws/firmware/mcu_ws/install/rcl_action/share/rcl_action/cmake/ament_cmake_export_dependencies-extras.cmake
-- Up-to-date: /home/microros/microros_ws/firmware/mcu_ws/install/rcl_action/share/rcl_action/cmake/rcl_actionConfig.cmake
-- Up-to-date: /home/microros/microros_ws/firmware/mcu_ws/install/rcl_action/share/rcl_action/cmake/rcl_actionConfig-version.cmake
-- Up-to-date: /home/microros/microros_ws/firmware/mcu_ws/install/rcl_action/share/rcl_action/package.xml
