-- The C compiler identification is GNU 9.2.1
-- The CXX compiler identification is GNU 9.2.1
-- Check for working C compiler: /usr/bin/arm-none-eabi-gcc
-- Check for working C compiler: /usr/bin/arm-none-eabi-gcc -- works
-- Detecting C compiler ABI info
-- Detecting C compiler ABI info - done
-- Detecting C compile features
-- Detecting C compile features - done
-- Check for working CXX compiler: /usr/bin/arm-none-eabi-g++
-- Check for working CXX compiler: /usr/bin/arm-none-eabi-g++ -- works
-- Detecting CXX compiler ABI info
-- Detecting CXX compiler ABI info - done
-- Detecting CXX compile features
-- Detecting CXX compile features - done
-- Found ament_cmake_ros: 0.9.0 (/home/microros/microros_ws/firmware/dev_ws/install/ament_cmake_ros/share/ament_cmake_ros/cmake)
CMake Warning (dev) at /home/microros/microros_ws/firmware/dev_ws/install/ament_cmake_test/share/ament_cmake_test/cmake/ament_cmake_test-extras.cmake:19 (option):
  Policy CMP0077 is not set: option() honors normal variables.  Run "cmake
  --help-policy CMP0077" for policy details.  Use the cmake_policy command to
  set the policy and suppress this warning.

  For compatibility with older versions of CMake, option is clearing the
  normal variable 'BUILD_TESTING'.
Call Stack (most recent call first):
  /home/microros/microros_ws/firmware/dev_ws/install/ament_cmake_test/share/ament_cmake_test/cmake/ament_cmake_testConfig.cmake:41 (include)
  /home/microros/microros_ws/firmware/dev_ws/install/ament_cmake_pytest/share/ament_cmake_pytest/cmake/ament_cmake_pytest-extras.cmake:17 (find_package)
  /home/microros/microros_ws/firmware/dev_ws/install/ament_cmake_pytest/share/ament_cmake_pytest/cmake/ament_cmake_pytestConfig.cmake:41 (include)
  /home/microros/microros_ws/firmware/dev_ws/install/ament_cmake_ros/share/ament_cmake_ros/cmake/ament_cmake_ros-extras.cmake:19 (find_package)
  /home/microros/microros_ws/firmware/dev_ws/install/ament_cmake_ros/share/ament_cmake_ros/cmake/ament_cmake_rosConfig.cmake:41 (include)
  CMakeLists.txt:5 (find_package)
This warning is for project developers.  Use -Wno-dev to suppress it.

-- Found PythonInterp: /usr/bin/python3 (found suitable version "3.8.2", minimum required is "3") 
-- Using PYTHON_EXECUTABLE: /usr/bin/python3
CMake Warning (dev) at /home/microros/microros_ws/firmware/dev_ws/install/ament_cmake_ros/share/ament_cmake_ros/cmake/build_shared_libs.cmake:15 (option):
  Policy CMP0077 is not set: option() honors normal variables.  Run "cmake
  --help-policy CMP0077" for policy details.  Use the cmake_policy command to
  set the policy and suppress this warning.

  For compatibility with older versions of CMake, option is clearing the
  normal variable 'BUILD_SHARED_LIBS'.
Call Stack (most recent call first):
  /home/microros/microros_ws/firmware/dev_ws/install/ament_cmake_ros/share/ament_cmake_ros/cmake/ament_cmake_ros-extras.cmake:24 (include)
  /home/microros/microros_ws/firmware/dev_ws/install/ament_cmake_ros/share/ament_cmake_ros/cmake/ament_cmake_rosConfig.cmake:41 (include)
  CMakeLists.txt:5 (find_package)
This warning is for project developers.  Use -Wno-dev to suppress it.

-- Found lifecycle_msgs: 1.0.0 (/home/microros/microros_ws/firmware/mcu_ws/install/lifecycle_msgs/share/lifecycle_msgs/cmake)
-- Using single rosidl_typesupport_c: rosidl_typesupport_microxrcedds_c
CMake Warning at /home/microros/microros_ws/firmware/mcu_ws/install/rcutils/share/rcutils/cmake/ament_cmake_export_libraries-extras.cmake:116 (message):
  Package 'rcutils' exports library 'dl' which couldn't be found
Call Stack (most recent call first):
  /home/microros/microros_ws/firmware/mcu_ws/install/rcutils/share/rcutils/cmake/rcutilsConfig.cmake:41 (include)
  /home/microros/microros_ws/firmware/mcu_ws/install/rmw/share/rmw/cmake/ament_cmake_export_dependencies-extras.cmake:21 (find_package)
  /home/microros/microros_ws/firmware/mcu_ws/install/rmw/share/rmw/cmake/rmwConfig.cmake:41 (include)
  /home/microros/microros_ws/firmware/mcu_ws/install/rosidl_typesupport_microxrcedds_c/share/rosidl_typesupport_microxrcedds_c/cmake/ament_cmake_export_dependencies-extras.cmake:21 (find_package)
  /home/microros/microros_ws/firmware/mcu_ws/install/rosidl_typesupport_microxrcedds_c/share/rosidl_typesupport_microxrcedds_c/cmake/rosidl_typesupport_microxrcedds_cConfig.cmake:41 (include)
  /home/microros/microros_ws/firmware/mcu_ws/install/rosidl_typesupport_c/share/rosidl_typesupport_c/cmake/rosidl_typesupport_c-extras.cmake:13 (find_package)
  /home/microros/microros_ws/firmware/mcu_ws/install/rosidl_typesupport_c/share/rosidl_typesupport_c/cmake/rosidl_typesupport_cConfig.cmake:41 (include)
  /home/microros/microros_ws/firmware/mcu_ws/install/rosidl_default_runtime/share/rosidl_default_runtime/cmake/rosidl_default_runtime-extras.cmake:12 (find_package)
  /home/microros/microros_ws/firmware/mcu_ws/install/rosidl_default_runtime/share/rosidl_default_runtime/cmake/rosidl_default_runtimeConfig.cmake:41 (include)
  /home/microros/microros_ws/firmware/mcu_ws/install/lifecycle_msgs/share/lifecycle_msgs/cmake/ament_cmake_export_dependencies-extras.cmake:21 (find_package)
  /home/microros/microros_ws/firmware/mcu_ws/install/lifecycle_msgs/share/lifecycle_msgs/cmake/lifecycle_msgsConfig.cmake:41 (include)
  CMakeLists.txt:7 (find_package)


-- Found rosidl_adapter: 1.1.0 (/home/microros/microros_ws/firmware/mcu_ws/install/rosidl_adapter/share/rosidl_adapter/cmake)
-- Found rcl: 1.1.7 (/home/microros/microros_ws/firmware/mcu_ws/install/rcl/share/rcl/cmake)
-- Found rmw_implementation_cmake: 1.0.1 (/home/microros/microros_ws/firmware/mcu_ws/install/rmw_implementation_cmake/share/rmw_implementation_cmake/cmake)
-- Using RMW implementation 'rmw_microxrcedds'
-- Found rmw_microxrcedds: 0.0.1 (/home/microros/microros_ws/firmware/mcu_ws/install/rmw_microxrcedds/share/rmw_microxrcedds/cmake)
-- Looking for pthread.h
-- Looking for pthread.h - found
-- Performing Test CMAKE_HAVE_LIBC_PTHREAD
-- Performing Test CMAKE_HAVE_LIBC_PTHREAD - Success
-- Found Threads: TRUE  
-- Configuring done
-- Generating done
-- Build files have been written to: /home/microros/microros_ws/firmware/mcu_ws/build/rcl_lifecycle
make[4]: Entering directory '/home/microros/microros_ws/firmware/mcu_ws/build/rcl_lifecycle'
/usr/bin/cmake -S/home/microros/microros_ws/firmware/mcu_ws/uros/rcl/rcl_lifecycle -B/home/microros/microros_ws/firmware/mcu_ws/build/rcl_lifecycle --check-build-system CMakeFiles/Makefile.cmake 0
/usr/bin/cmake -E cmake_progress_start /home/microros/microros_ws/firmware/mcu_ws/build/rcl_lifecycle/CMakeFiles /home/microros/microros_ws/firmware/mcu_ws/build/rcl_lifecycle/CMakeFiles/progress.marks
/usr/bin/make -f CMakeFiles/Makefile2 all
make[5]: Entering directory '/home/microros/microros_ws/firmware/mcu_ws/build/rcl_lifecycle'
/usr/bin/make -f CMakeFiles/rcl_lifecycle.dir/build.make CMakeFiles/rcl_lifecycle.dir/depend
make[6]: Entering directory '/home/microros/microros_ws/firmware/mcu_ws/build/rcl_lifecycle'
cd /home/microros/microros_ws/firmware/mcu_ws/build/rcl_lifecycle && /usr/bin/cmake -E cmake_depends "Unix Makefiles" /home/microros/microros_ws/firmware/mcu_ws/uros/rcl/rcl_lifecycle /home/microros/microros_ws/firmware/mcu_ws/uros/rcl/rcl_lifecycle /home/microros/microros_ws/firmware/mcu_ws/build/rcl_lifecycle /home/microros/microros_ws/firmware/mcu_ws/build/rcl_lifecycle /home/microros/microros_ws/firmware/mcu_ws/build/rcl_lifecycle/CMakeFiles/rcl_lifecycle.dir/DependInfo.cmake --color=
Dependee "/home/microros/microros_ws/firmware/mcu_ws/build/rcl_lifecycle/CMakeFiles/rcl_lifecycle.dir/DependInfo.cmake" is newer than depender "/home/microros/microros_ws/firmware/mcu_ws/build/rcl_lifecycle/CMakeFiles/rcl_lifecycle.dir/depend.internal".
Dependee "/home/microros/microros_ws/firmware/mcu_ws/build/rcl_lifecycle/CMakeFiles/CMakeDirectoryInformation.cmake" is newer than depender "/home/microros/microros_ws/firmware/mcu_ws/build/rcl_lifecycle/CMakeFiles/rcl_lifecycle.dir/depend.internal".
[35m[1mScanning dependencies of target rcl_lifecycle[0m
make[6]: Leaving directory '/home/microros/microros_ws/firmware/mcu_ws/build/rcl_lifecycle'
/usr/bin/make -f CMakeFiles/rcl_lifecycle.dir/build.make CMakeFiles/rcl_lifecycle.dir/build
make[6]: Entering directory '/home/microros/microros_ws/firmware/mcu_ws/build/rcl_lifecycle'
[ 20%] [32mBuilding C object CMakeFiles/rcl_lifecycle.dir/src/com_interface.c.obj[0m
/usr/bin/arm-none-eabi-gcc --sysroot=/home/microros/microros_ws/firmware/NuttX/.. -DRCL_LIFECYCLE_BUILDING_DLL -DROS_PACKAGE_NAME=\"rcl_lifecycle\" -I/home/microros/microros_ws/firmware/mcu_ws/uros/rcl/rcl_lifecycle/include -isystem /home/microros/microros_ws/firmware/NuttX/include -isystem /home/microros/microros_ws/firmware/NuttX/include/cxx -isystem /home/microros/microros_ws/firmware/NuttX/include/uClibc++ -isystem /home/microros/microros_ws/firmware/mcu_ws/install/rcl/include -isystem /home/microros/microros_ws/firmware/mcu_ws/install/lifecycle_msgs/include -isystem /home/microros/microros_ws/firmware/mcu_ws/install/rosidl_typesupport_microxrcedds_c/include -isystem /home/microros/microros_ws/firmware/mcu_ws/install/rmw/include -isystem /home/microros/microros_ws/firmware/mcu_ws/install/rosidl_runtime_c/include -isystem /home/microros/microros_ws/firmware/mcu_ws/install/rcutils/include -isystem /home/microros/microros_ws/firmware/mcu_ws/install/tracetools/include -isystem /home/microros/microros_ws/firmware/mcu_ws/uros/rmw_microxrcedds/rmw_microxrcedds_c/include -isystem /home/microros/microros_ws/firmware/mcu_ws/install/tinydir_vendor/share/tinydir_vendor/cmake/../../../include -isystem /home/microros/microros_ws/firmware/mcu_ws/install/rosidl_typesupport_interface/include -isystem /home/microros/microros_ws/firmware/mcu_ws/install/microcdr/include -isystem /home/microros/microros_ws/firmware/mcu_ws/install/rosidl_typesupport_c/include -isystem /home/microros/microros_ws/firmware/mcu_ws/install/rcl_interfaces/include -isystem /home/microros/microros_ws/firmware/mcu_ws/install/builtin_interfaces/include  -std=c99 -Dunix=1 -mcpu=cortex-m4 -mthumb -mfloat-abi=soft -Os -fno-strict-aliasing -fno-strength-reduce -fomit-frame-pointer -O2 -g -DNDEBUG -fPIC   -fvisibility=hidden -Wall -Wextra -Wpedantic -std=gnu11 -o CMakeFiles/rcl_lifecycle.dir/src/com_interface.c.obj   -c /home/microros/microros_ws/firmware/mcu_ws/uros/rcl/rcl_lifecycle/src/com_interface.c
[ 40%] [32mBuilding C object CMakeFiles/rcl_lifecycle.dir/src/transition_map.c.obj[0m
/usr/bin/arm-none-eabi-gcc --sysroot=/home/microros/microros_ws/firmware/NuttX/.. -DRCL_LIFECYCLE_BUILDING_DLL -DROS_PACKAGE_NAME=\"rcl_lifecycle\" -I/home/microros/microros_ws/firmware/mcu_ws/uros/rcl/rcl_lifecycle/include -isystem /home/microros/microros_ws/firmware/NuttX/include -isystem /home/microros/microros_ws/firmware/NuttX/include/cxx -isystem /home/microros/microros_ws/firmware/NuttX/include/uClibc++ -isystem /home/microros/microros_ws/firmware/mcu_ws/install/rcl/include -isystem /home/microros/microros_ws/firmware/mcu_ws/install/lifecycle_msgs/include -isystem /home/microros/microros_ws/firmware/mcu_ws/install/rosidl_typesupport_microxrcedds_c/include -isystem /home/microros/microros_ws/firmware/mcu_ws/install/rmw/include -isystem /home/microros/microros_ws/firmware/mcu_ws/install/rosidl_runtime_c/include -isystem /home/microros/microros_ws/firmware/mcu_ws/install/rcutils/include -isystem /home/microros/microros_ws/firmware/mcu_ws/install/tracetools/include -isystem /home/microros/microros_ws/firmware/mcu_ws/uros/rmw_microxrcedds/rmw_microxrcedds_c/include -isystem /home/microros/microros_ws/firmware/mcu_ws/install/tinydir_vendor/share/tinydir_vendor/cmake/../../../include -isystem /home/microros/microros_ws/firmware/mcu_ws/install/rosidl_typesupport_interface/include -isystem /home/microros/microros_ws/firmware/mcu_ws/install/microcdr/include -isystem /home/microros/microros_ws/firmware/mcu_ws/install/rosidl_typesupport_c/include -isystem /home/microros/microros_ws/firmware/mcu_ws/install/rcl_interfaces/include -isystem /home/microros/microros_ws/firmware/mcu_ws/install/builtin_interfaces/include  -std=c99 -Dunix=1 -mcpu=cortex-m4 -mthumb -mfloat-abi=soft -Os -fno-strict-aliasing -fno-strength-reduce -fomit-frame-pointer -O2 -g -DNDEBUG -fPIC   -fvisibility=hidden -Wall -Wextra -Wpedantic -std=gnu11 -o CMakeFiles/rcl_lifecycle.dir/src/transition_map.c.obj   -c /home/microros/microros_ws/firmware/mcu_ws/uros/rcl/rcl_lifecycle/src/transition_map.c
[ 60%] [32mBuilding C object CMakeFiles/rcl_lifecycle.dir/src/rcl_lifecycle.c.obj[0m
/usr/bin/arm-none-eabi-gcc --sysroot=/home/microros/microros_ws/firmware/NuttX/.. -DRCL_LIFECYCLE_BUILDING_DLL -DROS_PACKAGE_NAME=\"rcl_lifecycle\" -I/home/microros/microros_ws/firmware/mcu_ws/uros/rcl/rcl_lifecycle/include -isystem /home/microros/microros_ws/firmware/NuttX/include -isystem /home/microros/microros_ws/firmware/NuttX/include/cxx -isystem /home/microros/microros_ws/firmware/NuttX/include/uClibc++ -isystem /home/microros/microros_ws/firmware/mcu_ws/install/rcl/include -isystem /home/microros/microros_ws/firmware/mcu_ws/install/lifecycle_msgs/include -isystem /home/microros/microros_ws/firmware/mcu_ws/install/rosidl_typesupport_microxrcedds_c/include -isystem /home/microros/microros_ws/firmware/mcu_ws/install/rmw/include -isystem /home/microros/microros_ws/firmware/mcu_ws/install/rosidl_runtime_c/include -isystem /home/microros/microros_ws/firmware/mcu_ws/install/rcutils/include -isystem /home/microros/microros_ws/firmware/mcu_ws/install/tracetools/include -isystem /home/microros/microros_ws/firmware/mcu_ws/uros/rmw_microxrcedds/rmw_microxrcedds_c/include -isystem /home/microros/microros_ws/firmware/mcu_ws/install/tinydir_vendor/share/tinydir_vendor/cmake/../../../include -isystem /home/microros/microros_ws/firmware/mcu_ws/install/rosidl_typesupport_interface/include -isystem /home/microros/microros_ws/firmware/mcu_ws/install/microcdr/include -isystem /home/microros/microros_ws/firmware/mcu_ws/install/rosidl_typesupport_c/include -isystem /home/microros/microros_ws/firmware/mcu_ws/install/rcl_interfaces/include -isystem /home/microros/microros_ws/firmware/mcu_ws/install/builtin_interfaces/include  -std=c99 -Dunix=1 -mcpu=cortex-m4 -mthumb -mfloat-abi=soft -Os -fno-strict-aliasing -fno-strength-reduce -fomit-frame-pointer -O2 -g -DNDEBUG -fPIC   -fvisibility=hidden -Wall -Wextra -Wpedantic -std=gnu11 -o CMakeFiles/rcl_lifecycle.dir/src/rcl_lifecycle.c.obj   -c /home/microros/microros_ws/firmware/mcu_ws/uros/rcl/rcl_lifecycle/src/rcl_lifecycle.c
[ 80%] [32mBuilding C object CMakeFiles/rcl_lifecycle.dir/src/default_state_machine.c.obj[0m
/usr/bin/arm-none-eabi-gcc --sysroot=/home/microros/microros_ws/firmware/NuttX/.. -DRCL_LIFECYCLE_BUILDING_DLL -DROS_PACKAGE_NAME=\"rcl_lifecycle\" -I/home/microros/microros_ws/firmware/mcu_ws/uros/rcl/rcl_lifecycle/include -isystem /home/microros/microros_ws/firmware/NuttX/include -isystem /home/microros/microros_ws/firmware/NuttX/include/cxx -isystem /home/microros/microros_ws/firmware/NuttX/include/uClibc++ -isystem /home/microros/microros_ws/firmware/mcu_ws/install/rcl/include -isystem /home/microros/microros_ws/firmware/mcu_ws/install/lifecycle_msgs/include -isystem /home/microros/microros_ws/firmware/mcu_ws/install/rosidl_typesupport_microxrcedds_c/include -isystem /home/microros/microros_ws/firmware/mcu_ws/install/rmw/include -isystem /home/microros/microros_ws/firmware/mcu_ws/install/rosidl_runtime_c/include -isystem /home/microros/microros_ws/firmware/mcu_ws/install/rcutils/include -isystem /home/microros/microros_ws/firmware/mcu_ws/install/tracetools/include -isystem /home/microros/microros_ws/firmware/mcu_ws/uros/rmw_microxrcedds/rmw_microxrcedds_c/include -isystem /home/microros/microros_ws/firmware/mcu_ws/install/tinydir_vendor/share/tinydir_vendor/cmake/../../../include -isystem /home/microros/microros_ws/firmware/mcu_ws/install/rosidl_typesupport_interface/include -isystem /home/microros/microros_ws/firmware/mcu_ws/install/microcdr/include -isystem /home/microros/microros_ws/firmware/mcu_ws/install/rosidl_typesupport_c/include -isystem /home/microros/microros_ws/firmware/mcu_ws/install/rcl_interfaces/include -isystem /home/microros/microros_ws/firmware/mcu_ws/install/builtin_interfaces/include  -std=c99 -Dunix=1 -mcpu=cortex-m4 -mthumb -mfloat-abi=soft -Os -fno-strict-aliasing -fno-strength-reduce -fomit-frame-pointer -O2 -g -DNDEBUG -fPIC   -fvisibility=hidden -Wall -Wextra -Wpedantic -std=gnu11 -o CMakeFiles/rcl_lifecycle.dir/src/default_state_machine.c.obj   -c /home/microros/microros_ws/firmware/mcu_ws/uros/rcl/rcl_lifecycle/src/default_state_machine.c
[100%] [32m[1mLinking CXX static library librcl_lifecycle.a[0m
/usr/bin/cmake -P CMakeFiles/rcl_lifecycle.dir/cmake_clean_target.cmake
/usr/bin/cmake -E cmake_link_script CMakeFiles/rcl_lifecycle.dir/link.txt --verbose=1
/usr/bin/arm-none-eabi-ar qc librcl_lifecycle.a  CMakeFiles/rcl_lifecycle.dir/src/com_interface.c.obj CMakeFiles/rcl_lifecycle.dir/src/default_state_machine.c.obj CMakeFiles/rcl_lifecycle.dir/src/rcl_lifecycle.c.obj CMakeFiles/rcl_lifecycle.dir/src/transition_map.c.obj
/usr/bin/arm-none-eabi-ranlib librcl_lifecycle.a
make[6]: Leaving directory '/home/microros/microros_ws/firmware/mcu_ws/build/rcl_lifecycle'
[100%] Built target rcl_lifecycle
make[5]: Leaving directory '/home/microros/microros_ws/firmware/mcu_ws/build/rcl_lifecycle'
/usr/bin/cmake -E cmake_progress_start /home/microros/microros_ws/firmware/mcu_ws/build/rcl_lifecycle/CMakeFiles 0
make[4]: Leaving directory '/home/microros/microros_ws/firmware/mcu_ws/build/rcl_lifecycle'
-- Install configuration: "RelWithDebInfo"
-- Installing: /home/microros/microros_ws/firmware/mcu_ws/install/rcl_lifecycle/lib/librcl_lifecycle.a
-- Installing: /home/microros/microros_ws/firmware/mcu_ws/install/rcl_lifecycle/share/rcl_lifecycle/environment/library_path.sh
-- Installing: /home/microros/microros_ws/firmware/mcu_ws/install/rcl_lifecycle/share/rcl_lifecycle/environment/library_path.dsv
-- Installing: /home/microros/microros_ws/firmware/mcu_ws/install/rcl_lifecycle/share/ament_index/resource_index/package_run_dependencies/rcl_lifecycle
-- Installing: /home/microros/microros_ws/firmware/mcu_ws/install/rcl_lifecycle/share/ament_index/resource_index/parent_prefix_path/rcl_lifecycle
-- Installing: /home/microros/microros_ws/firmware/mcu_ws/install/rcl_lifecycle/share/rcl_lifecycle/environment/ament_prefix_path.sh
-- Installing: /home/microros/microros_ws/firmware/mcu_ws/install/rcl_lifecycle/share/rcl_lifecycle/environment/ament_prefix_path.dsv
-- Installing: /home/microros/microros_ws/firmware/mcu_ws/install/rcl_lifecycle/share/rcl_lifecycle/environment/path.sh
-- Installing: /home/microros/microros_ws/firmware/mcu_ws/install/rcl_lifecycle/share/rcl_lifecycle/environment/path.dsv
-- Installing: /home/microros/microros_ws/firmware/mcu_ws/install/rcl_lifecycle/share/rcl_lifecycle/local_setup.bash
-- Installing: /home/microros/microros_ws/firmware/mcu_ws/install/rcl_lifecycle/share/rcl_lifecycle/local_setup.sh
-- Installing: /home/microros/microros_ws/firmware/mcu_ws/install/rcl_lifecycle/share/rcl_lifecycle/local_setup.zsh
-- Installing: /home/microros/microros_ws/firmware/mcu_ws/install/rcl_lifecycle/share/rcl_lifecycle/local_setup.dsv
-- Installing: /home/microros/microros_ws/firmware/mcu_ws/install/rcl_lifecycle/share/rcl_lifecycle/package.dsv
-- Installing: /home/microros/microros_ws/firmware/mcu_ws/install/rcl_lifecycle/share/ament_index/resource_index/packages/rcl_lifecycle
-- Installing: /home/microros/microros_ws/firmware/mcu_ws/install/rcl_lifecycle/share/rcl_lifecycle/cmake/rcl_lifecycleExport.cmake
-- Installing: /home/microros/microros_ws/firmware/mcu_ws/install/rcl_lifecycle/share/rcl_lifecycle/cmake/rcl_lifecycleExport-relwithdebinfo.cmake
-- Installing: /home/microros/microros_ws/firmware/mcu_ws/install/rcl_lifecycle/share/rcl_lifecycle/cmake/ament_cmake_export_include_directories-extras.cmake
-- Installing: /home/microros/microros_ws/firmware/mcu_ws/install/rcl_lifecycle/share/rcl_lifecycle/cmake/ament_cmake_export_libraries-extras.cmake
-- Installing: /home/microros/microros_ws/firmware/mcu_ws/install/rcl_lifecycle/share/rcl_lifecycle/cmake/ament_cmake_export_targets-extras.cmake
-- Installing: /home/microros/microros_ws/firmware/mcu_ws/install/rcl_lifecycle/share/rcl_lifecycle/cmake/ament_cmake_export_dependencies-extras.cmake
-- Installing: /home/microros/microros_ws/firmware/mcu_ws/install/rcl_lifecycle/share/rcl_lifecycle/cmake/rcl_lifecycleConfig.cmake
-- Installing: /home/microros/microros_ws/firmware/mcu_ws/install/rcl_lifecycle/share/rcl_lifecycle/cmake/rcl_lifecycleConfig-version.cmake
-- Installing: /home/microros/microros_ws/firmware/mcu_ws/install/rcl_lifecycle/share/rcl_lifecycle/package.xml
-- Installing: /home/microros/microros_ws/firmware/mcu_ws/install/rcl_lifecycle/include
-- Installing: /home/microros/microros_ws/firmware/mcu_ws/install/rcl_lifecycle/include/rcl_lifecycle
-- Installing: /home/microros/microros_ws/firmware/mcu_ws/install/rcl_lifecycle/include/rcl_lifecycle/data_types.h
-- Installing: /home/microros/microros_ws/firmware/mcu_ws/install/rcl_lifecycle/include/rcl_lifecycle/transition_map.h
-- Installing: /home/microros/microros_ws/firmware/mcu_ws/install/rcl_lifecycle/include/rcl_lifecycle/rcl_lifecycle.h
-- Installing: /home/microros/microros_ws/firmware/mcu_ws/install/rcl_lifecycle/include/rcl_lifecycle/default_state_machine.h
-- Installing: /home/microros/microros_ws/firmware/mcu_ws/install/rcl_lifecycle/include/rcl_lifecycle/visibility_control.h
