make[4]: Entering directory '/home/microros/microros_ws/firmware/mcu_ws/build/drive_base_msgs'
/usr/bin/cmake -S/home/microros/microros_ws/firmware/mcu_ws/drive_base/drive_base_msgs -B/home/microros/microros_ws/firmware/mcu_ws/build/drive_base_msgs --check-build-system CMakeFiles/Makefile.cmake 0
/usr/bin/cmake -E cmake_progress_start /home/microros/microros_ws/firmware/mcu_ws/build/drive_base_msgs/CMakeFiles /home/microros/microros_ws/firmware/mcu_ws/build/drive_base_msgs/CMakeFiles/progress.marks
/usr/bin/make -f CMakeFiles/Makefile2 all
make[5]: Entering directory '/home/microros/microros_ws/firmware/mcu_ws/build/drive_base_msgs'
/usr/bin/make -f CMakeFiles/drive_base_msgs__rosidl_generator_c.dir/build.make CMakeFiles/drive_base_msgs__rosidl_generator_c.dir/depend
make[6]: Entering directory '/home/microros/microros_ws/firmware/mcu_ws/build/drive_base_msgs'
cd /home/microros/microros_ws/firmware/mcu_ws/build/drive_base_msgs && /usr/bin/cmake -E cmake_depends "Unix Makefiles" /home/microros/microros_ws/firmware/mcu_ws/drive_base/drive_base_msgs /home/microros/microros_ws/firmware/mcu_ws/drive_base/drive_base_msgs /home/microros/microros_ws/firmware/mcu_ws/build/drive_base_msgs /home/microros/microros_ws/firmware/mcu_ws/build/drive_base_msgs /home/microros/microros_ws/firmware/mcu_ws/build/drive_base_msgs/CMakeFiles/drive_base_msgs__rosidl_generator_c.dir/DependInfo.cmake --color=
make[6]: Leaving directory '/home/microros/microros_ws/firmware/mcu_ws/build/drive_base_msgs'
/usr/bin/make -f CMakeFiles/drive_base_msgs__rosidl_generator_c.dir/build.make CMakeFiles/drive_base_msgs__rosidl_generator_c.dir/build
make[6]: Entering directory '/home/microros/microros_ws/firmware/mcu_ws/build/drive_base_msgs'
make[6]: Nothing to be done for 'CMakeFiles/drive_base_msgs__rosidl_generator_c.dir/build'.
make[6]: Leaving directory '/home/microros/microros_ws/firmware/mcu_ws/build/drive_base_msgs'
[ 33%] Built target drive_base_msgs__rosidl_generator_c
/usr/bin/make -f CMakeFiles/drive_base_msgs__rosidl_typesupport_microxrcedds_c.dir/build.make CMakeFiles/drive_base_msgs__rosidl_typesupport_microxrcedds_c.dir/depend
make[6]: Entering directory '/home/microros/microros_ws/firmware/mcu_ws/build/drive_base_msgs'
cd /home/microros/microros_ws/firmware/mcu_ws/build/drive_base_msgs && /usr/bin/cmake -E cmake_depends "Unix Makefiles" /home/microros/microros_ws/firmware/mcu_ws/drive_base/drive_base_msgs /home/microros/microros_ws/firmware/mcu_ws/drive_base/drive_base_msgs /home/microros/microros_ws/firmware/mcu_ws/build/drive_base_msgs /home/microros/microros_ws/firmware/mcu_ws/build/drive_base_msgs /home/microros/microros_ws/firmware/mcu_ws/build/drive_base_msgs/CMakeFiles/drive_base_msgs__rosidl_typesupport_microxrcedds_c.dir/DependInfo.cmake --color=
make[6]: Leaving directory '/home/microros/microros_ws/firmware/mcu_ws/build/drive_base_msgs'
/usr/bin/make -f CMakeFiles/drive_base_msgs__rosidl_typesupport_microxrcedds_c.dir/build.make CMakeFiles/drive_base_msgs__rosidl_typesupport_microxrcedds_c.dir/build
make[6]: Entering directory '/home/microros/microros_ws/firmware/mcu_ws/build/drive_base_msgs'
make[6]: Nothing to be done for 'CMakeFiles/drive_base_msgs__rosidl_typesupport_microxrcedds_c.dir/build'.
make[6]: Leaving directory '/home/microros/microros_ws/firmware/mcu_ws/build/drive_base_msgs'
[ 66%] Built target drive_base_msgs__rosidl_typesupport_microxrcedds_c
/usr/bin/make -f CMakeFiles/drive_base_msgs__rosidl_typesupport_c.dir/build.make CMakeFiles/drive_base_msgs__rosidl_typesupport_c.dir/depend
make[6]: Entering directory '/home/microros/microros_ws/firmware/mcu_ws/build/drive_base_msgs'
cd /home/microros/microros_ws/firmware/mcu_ws/build/drive_base_msgs && /usr/bin/cmake -E cmake_depends "Unix Makefiles" /home/microros/microros_ws/firmware/mcu_ws/drive_base/drive_base_msgs /home/microros/microros_ws/firmware/mcu_ws/drive_base/drive_base_msgs /home/microros/microros_ws/firmware/mcu_ws/build/drive_base_msgs /home/microros/microros_ws/firmware/mcu_ws/build/drive_base_msgs /home/microros/microros_ws/firmware/mcu_ws/build/drive_base_msgs/CMakeFiles/drive_base_msgs__rosidl_typesupport_c.dir/DependInfo.cmake --color=
make[6]: Leaving directory '/home/microros/microros_ws/firmware/mcu_ws/build/drive_base_msgs'
/usr/bin/make -f CMakeFiles/drive_base_msgs__rosidl_typesupport_c.dir/build.make CMakeFiles/drive_base_msgs__rosidl_typesupport_c.dir/build
make[6]: Entering directory '/home/microros/microros_ws/firmware/mcu_ws/build/drive_base_msgs'
make[6]: Nothing to be done for 'CMakeFiles/drive_base_msgs__rosidl_typesupport_c.dir/build'.
make[6]: Leaving directory '/home/microros/microros_ws/firmware/mcu_ws/build/drive_base_msgs'
[100%] Built target drive_base_msgs__rosidl_typesupport_c
/usr/bin/make -f CMakeFiles/drive_base_msgs.dir/build.make CMakeFiles/drive_base_msgs.dir/depend
make[6]: Entering directory '/home/microros/microros_ws/firmware/mcu_ws/build/drive_base_msgs'
cd /home/microros/microros_ws/firmware/mcu_ws/build/drive_base_msgs && /usr/bin/cmake -E cmake_depends "Unix Makefiles" /home/microros/microros_ws/firmware/mcu_ws/drive_base/drive_base_msgs /home/microros/microros_ws/firmware/mcu_ws/drive_base/drive_base_msgs /home/microros/microros_ws/firmware/mcu_ws/build/drive_base_msgs /home/microros/microros_ws/firmware/mcu_ws/build/drive_base_msgs /home/microros/microros_ws/firmware/mcu_ws/build/drive_base_msgs/CMakeFiles/drive_base_msgs.dir/DependInfo.cmake --color=
make[6]: Leaving directory '/home/microros/microros_ws/firmware/mcu_ws/build/drive_base_msgs'
/usr/bin/make -f CMakeFiles/drive_base_msgs.dir/build.make CMakeFiles/drive_base_msgs.dir/build
make[6]: Entering directory '/home/microros/microros_ws/firmware/mcu_ws/build/drive_base_msgs'
make[6]: Nothing to be done for 'CMakeFiles/drive_base_msgs.dir/build'.
make[6]: Leaving directory '/home/microros/microros_ws/firmware/mcu_ws/build/drive_base_msgs'
[100%] Built target drive_base_msgs
make[5]: Leaving directory '/home/microros/microros_ws/firmware/mcu_ws/build/drive_base_msgs'
/usr/bin/cmake -E cmake_progress_start /home/microros/microros_ws/firmware/mcu_ws/build/drive_base_msgs/CMakeFiles 0
make[4]: Leaving directory '/home/microros/microros_ws/firmware/mcu_ws/build/drive_base_msgs'
-- Install configuration: "RelWithDebInfo"
-- Up-to-date: /home/microros/microros_ws/firmware/mcu_ws/install/drive_base_msgs/share/ament_index/resource_index/rosidl_interfaces/drive_base_msgs
-- Up-to-date: /home/microros/microros_ws/firmware/mcu_ws/install/drive_base_msgs/include/drive_base_msgs
-- Up-to-date: /home/microros/microros_ws/firmware/mcu_ws/install/drive_base_msgs/include/drive_base_msgs/msg
-- Up-to-date: /home/microros/microros_ws/firmware/mcu_ws/install/drive_base_msgs/include/drive_base_msgs/msg/trv_command.h
-- Up-to-date: /home/microros/microros_ws/firmware/mcu_ws/install/drive_base_msgs/include/drive_base_msgs/msg/detail
-- Up-to-date: /home/microros/microros_ws/firmware/mcu_ws/install/drive_base_msgs/include/drive_base_msgs/msg/detail/trv_command__functions.h
-- Up-to-date: /home/microros/microros_ws/firmware/mcu_ws/install/drive_base_msgs/include/drive_base_msgs/msg/detail/command_status__functions.c
-- Up-to-date: /home/microros/microros_ws/firmware/mcu_ws/install/drive_base_msgs/include/drive_base_msgs/msg/detail/trv_command__struct.h
-- Up-to-date: /home/microros/microros_ws/firmware/mcu_ws/install/drive_base_msgs/include/drive_base_msgs/msg/detail/trv_command__functions.c
-- Up-to-date: /home/microros/microros_ws/firmware/mcu_ws/install/drive_base_msgs/include/drive_base_msgs/msg/detail/command_header__type_support.h
-- Up-to-date: /home/microros/microros_ws/firmware/mcu_ws/install/drive_base_msgs/include/drive_base_msgs/msg/detail/base_info__functions.c
-- Up-to-date: /home/microros/microros_ws/firmware/mcu_ws/install/drive_base_msgs/include/drive_base_msgs/msg/detail/base_info__functions.h
-- Up-to-date: /home/microros/microros_ws/firmware/mcu_ws/install/drive_base_msgs/include/drive_base_msgs/msg/detail/command_header__functions.h
-- Up-to-date: /home/microros/microros_ws/firmware/mcu_ws/install/drive_base_msgs/include/drive_base_msgs/msg/detail/command_header__struct.h
-- Up-to-date: /home/microros/microros_ws/firmware/mcu_ws/install/drive_base_msgs/include/drive_base_msgs/msg/detail/command_header__functions.c
-- Up-to-date: /home/microros/microros_ws/firmware/mcu_ws/install/drive_base_msgs/include/drive_base_msgs/msg/detail/base_info__struct.h
-- Up-to-date: /home/microros/microros_ws/firmware/mcu_ws/install/drive_base_msgs/include/drive_base_msgs/msg/detail/trv_command__type_support.h
-- Up-to-date: /home/microros/microros_ws/firmware/mcu_ws/install/drive_base_msgs/include/drive_base_msgs/msg/detail/command_status__struct.h
-- Up-to-date: /home/microros/microros_ws/firmware/mcu_ws/install/drive_base_msgs/include/drive_base_msgs/msg/detail/command_status__functions.h
-- Up-to-date: /home/microros/microros_ws/firmware/mcu_ws/install/drive_base_msgs/include/drive_base_msgs/msg/detail/command_status__type_support.h
-- Up-to-date: /home/microros/microros_ws/firmware/mcu_ws/install/drive_base_msgs/include/drive_base_msgs/msg/detail/base_info__type_support.h
-- Up-to-date: /home/microros/microros_ws/firmware/mcu_ws/install/drive_base_msgs/include/drive_base_msgs/msg/base_info.h
-- Up-to-date: /home/microros/microros_ws/firmware/mcu_ws/install/drive_base_msgs/include/drive_base_msgs/msg/command_status.h
-- Up-to-date: /home/microros/microros_ws/firmware/mcu_ws/install/drive_base_msgs/include/drive_base_msgs/msg/command_header.h
-- Up-to-date: /home/microros/microros_ws/firmware/mcu_ws/install/drive_base_msgs/include/drive_base_msgs/msg/rosidl_generator_c__visibility_control.h
-- Up-to-date: /home/microros/microros_ws/firmware/mcu_ws/install/drive_base_msgs/share/drive_base_msgs/environment/library_path.sh
-- Up-to-date: /home/microros/microros_ws/firmware/mcu_ws/install/drive_base_msgs/share/drive_base_msgs/environment/library_path.dsv
-- Up-to-date: /home/microros/microros_ws/firmware/mcu_ws/install/drive_base_msgs/lib/libdrive_base_msgs__rosidl_generator_c.a
-- Up-to-date: /home/microros/microros_ws/firmware/mcu_ws/install/drive_base_msgs/include/drive_base_msgs
-- Up-to-date: /home/microros/microros_ws/firmware/mcu_ws/install/drive_base_msgs/include/drive_base_msgs/msg
-- Up-to-date: /home/microros/microros_ws/firmware/mcu_ws/install/drive_base_msgs/include/drive_base_msgs/msg/detail
-- Up-to-date: /home/microros/microros_ws/firmware/mcu_ws/install/drive_base_msgs/include/drive_base_msgs/msg/detail/command_header__rosidl_typesupport_microxrcedds_c.h
-- Up-to-date: /home/microros/microros_ws/firmware/mcu_ws/install/drive_base_msgs/include/drive_base_msgs/msg/detail/microxrcedds
-- Up-to-date: /home/microros/microros_ws/firmware/mcu_ws/install/drive_base_msgs/include/drive_base_msgs/msg/detail/base_info__rosidl_typesupport_microxrcedds_c.h
-- Up-to-date: /home/microros/microros_ws/firmware/mcu_ws/install/drive_base_msgs/include/drive_base_msgs/msg/detail/command_status__rosidl_typesupport_microxrcedds_c.h
-- Up-to-date: /home/microros/microros_ws/firmware/mcu_ws/install/drive_base_msgs/include/drive_base_msgs/msg/detail/trv_command__rosidl_typesupport_microxrcedds_c.h
-- Up-to-date: /home/microros/microros_ws/firmware/mcu_ws/install/drive_base_msgs/include/drive_base_msgs/msg/rosidl_typesupport_microxrcedds_c__visibility_control.h
-- Up-to-date: /home/microros/microros_ws/firmware/mcu_ws/install/drive_base_msgs/lib/libdrive_base_msgs__rosidl_typesupport_microxrcedds_c.a
-- Up-to-date: /home/microros/microros_ws/firmware/mcu_ws/install/drive_base_msgs/lib/libdrive_base_msgs__rosidl_typesupport_c.a
-- Up-to-date: /home/microros/microros_ws/firmware/mcu_ws/install/drive_base_msgs/lib/libdrive_base_msgs__rosidl_typesupport_microxrcedds_c.a
-- Up-to-date: /home/microros/microros_ws/firmware/mcu_ws/install/drive_base_msgs/share/drive_base_msgs/msg/CommandHeader.idl
-- Up-to-date: /home/microros/microros_ws/firmware/mcu_ws/install/drive_base_msgs/share/drive_base_msgs/msg/BaseInfo.idl
-- Up-to-date: /home/microros/microros_ws/firmware/mcu_ws/install/drive_base_msgs/share/drive_base_msgs/msg/CommandStatus.idl
-- Up-to-date: /home/microros/microros_ws/firmware/mcu_ws/install/drive_base_msgs/share/drive_base_msgs/msg/TRVCommand.idl
-- Up-to-date: /home/microros/microros_ws/firmware/mcu_ws/install/drive_base_msgs/share/drive_base_msgs/msg/CommandHeader.msg
-- Up-to-date: /home/microros/microros_ws/firmware/mcu_ws/install/drive_base_msgs/share/drive_base_msgs/msg/BaseInfo.msg
-- Up-to-date: /home/microros/microros_ws/firmware/mcu_ws/install/drive_base_msgs/share/drive_base_msgs/msg/CommandStatus.msg
-- Up-to-date: /home/microros/microros_ws/firmware/mcu_ws/install/drive_base_msgs/share/drive_base_msgs/msg/TRVCommand.msg
-- Up-to-date: /home/microros/microros_ws/firmware/mcu_ws/install/drive_base_msgs/share/ament_index/resource_index/package_run_dependencies/drive_base_msgs
-- Up-to-date: /home/microros/microros_ws/firmware/mcu_ws/install/drive_base_msgs/share/ament_index/resource_index/parent_prefix_path/drive_base_msgs
-- Up-to-date: /home/microros/microros_ws/firmware/mcu_ws/install/drive_base_msgs/share/drive_base_msgs/environment/ament_prefix_path.sh
-- Up-to-date: /home/microros/microros_ws/firmware/mcu_ws/install/drive_base_msgs/share/drive_base_msgs/environment/ament_prefix_path.dsv
-- Up-to-date: /home/microros/microros_ws/firmware/mcu_ws/install/drive_base_msgs/share/drive_base_msgs/environment/path.sh
-- Up-to-date: /home/microros/microros_ws/firmware/mcu_ws/install/drive_base_msgs/share/drive_base_msgs/environment/path.dsv
-- Up-to-date: /home/microros/microros_ws/firmware/mcu_ws/install/drive_base_msgs/share/drive_base_msgs/local_setup.bash
-- Up-to-date: /home/microros/microros_ws/firmware/mcu_ws/install/drive_base_msgs/share/drive_base_msgs/local_setup.sh
-- Up-to-date: /home/microros/microros_ws/firmware/mcu_ws/install/drive_base_msgs/share/drive_base_msgs/local_setup.zsh
-- Up-to-date: /home/microros/microros_ws/firmware/mcu_ws/install/drive_base_msgs/share/drive_base_msgs/local_setup.dsv
-- Installing: /home/microros/microros_ws/firmware/mcu_ws/install/drive_base_msgs/share/drive_base_msgs/package.dsv
-- Up-to-date: /home/microros/microros_ws/firmware/mcu_ws/install/drive_base_msgs/share/ament_index/resource_index/packages/drive_base_msgs
-- Up-to-date: /home/microros/microros_ws/firmware/mcu_ws/install/drive_base_msgs/share/drive_base_msgs/cmake/drive_base_msgs__rosidl_generator_cExport.cmake
-- Up-to-date: /home/microros/microros_ws/firmware/mcu_ws/install/drive_base_msgs/share/drive_base_msgs/cmake/drive_base_msgs__rosidl_generator_cExport-relwithdebinfo.cmake
-- Up-to-date: /home/microros/microros_ws/firmware/mcu_ws/install/drive_base_msgs/share/drive_base_msgs/cmake/drive_base_msgs__rosidl_typesupport_cExport.cmake
-- Up-to-date: /home/microros/microros_ws/firmware/mcu_ws/install/drive_base_msgs/share/drive_base_msgs/cmake/drive_base_msgs__rosidl_typesupport_cExport-relwithdebinfo.cmake
-- Up-to-date: /home/microros/microros_ws/firmware/mcu_ws/install/drive_base_msgs/share/drive_base_msgs/cmake/rosidl_cmake-extras.cmake
-- Up-to-date: /home/microros/microros_ws/firmware/mcu_ws/install/drive_base_msgs/share/drive_base_msgs/cmake/ament_cmake_export_dependencies-extras.cmake
-- Up-to-date: /home/microros/microros_ws/firmware/mcu_ws/install/drive_base_msgs/share/drive_base_msgs/cmake/ament_cmake_export_libraries-extras.cmake
-- Up-to-date: /home/microros/microros_ws/firmware/mcu_ws/install/drive_base_msgs/share/drive_base_msgs/cmake/ament_cmake_export_targets-extras.cmake
-- Up-to-date: /home/microros/microros_ws/firmware/mcu_ws/install/drive_base_msgs/share/drive_base_msgs/cmake/ament_cmake_export_include_directories-extras.cmake
-- Up-to-date: /home/microros/microros_ws/firmware/mcu_ws/install/drive_base_msgs/share/drive_base_msgs/cmake/rosidl_cmake_export_typesupport_libraries-extras.cmake
-- Up-to-date: /home/microros/microros_ws/firmware/mcu_ws/install/drive_base_msgs/share/drive_base_msgs/cmake/drive_base_msgsConfig.cmake
-- Up-to-date: /home/microros/microros_ws/firmware/mcu_ws/install/drive_base_msgs/share/drive_base_msgs/cmake/drive_base_msgsConfig-version.cmake
-- Up-to-date: /home/microros/microros_ws/firmware/mcu_ws/install/drive_base_msgs/share/drive_base_msgs/package.xml
