-- Found ament_cmake: 0.9.6 (/home/microros/microros_ws/firmware/dev_ws/install/ament_cmake/share/ament_cmake/cmake)
-- Found PythonInterp: /usr/bin/python3 (found suitable version "3.8.2", minimum required is "3") 
-- Using PYTHON_EXECUTABLE: /usr/bin/python3
CMake Warning (dev) at /home/microros/microros_ws/firmware/dev_ws/install/ament_cmake_test/share/ament_cmake_test/cmake/ament_cmake_test-extras.cmake:19 (option):
  Policy CMP0077 is not set: option() honors normal variables.  Run "cmake
  --help-policy CMP0077" for policy details.  Use the cmake_policy command to
  set the policy and suppress this warning.

  For compatibility with older versions of CMake, option is clearing the
  normal variable 'BUILD_TESTING'.
Call Stack (most recent call first):
  /home/microros/microros_ws/firmware/dev_ws/install/ament_cmake_test/share/ament_cmake_test/cmake/ament_cmake_testConfig.cmake:41 (include)
  /home/microros/microros_ws/firmware/dev_ws/install/ament_cmake/share/ament_cmake/cmake/ament_cmake_export_dependencies-extras.cmake:21 (find_package)
  /home/microros/microros_ws/firmware/dev_ws/install/ament_cmake/share/ament_cmake/cmake/ament_cmakeConfig.cmake:41 (include)
  CMakeLists.txt:5 (find_package)
This warning is for project developers.  Use -Wno-dev to suppress it.

-- Configuring done
-- Generating done
-- Build files have been written to: /home/microros/microros_ws/firmware/mcu_ws/build/rosidl_adapter
make[4]: Entering directory '/home/microros/microros_ws/firmware/mcu_ws/build/rosidl_adapter'
/usr/bin/cmake -S/home/microros/microros_ws/firmware/mcu_ws/ros2/rosidl/rosidl_adapter -B/home/microros/microros_ws/firmware/mcu_ws/build/rosidl_adapter --check-build-system CMakeFiles/Makefile.cmake 0
/usr/bin/cmake -E cmake_progress_start /home/microros/microros_ws/firmware/mcu_ws/build/rosidl_adapter/CMakeFiles /home/microros/microros_ws/firmware/mcu_ws/build/rosidl_adapter/CMakeFiles/progress.marks
/usr/bin/make -f CMakeFiles/Makefile2 all
make[5]: Entering directory '/home/microros/microros_ws/firmware/mcu_ws/build/rosidl_adapter'
make[5]: Nothing to be done for 'all'.
make[5]: Leaving directory '/home/microros/microros_ws/firmware/mcu_ws/build/rosidl_adapter'
/usr/bin/cmake -E cmake_progress_start /home/microros/microros_ws/firmware/mcu_ws/build/rosidl_adapter/CMakeFiles 0
make[4]: Leaving directory '/home/microros/microros_ws/firmware/mcu_ws/build/rosidl_adapter'
-- Install configuration: "RelWithDebInfo"
-- Installing: /home/microros/microros_ws/firmware/mcu_ws/install/rosidl_adapter/share/rosidl_adapter/environment/pythonpath.sh
-- Installing: /home/microros/microros_ws/firmware/mcu_ws/install/rosidl_adapter/share/rosidl_adapter/environment/pythonpath.dsv
-- Installing: /home/microros/microros_ws/firmware/mcu_ws/install/rosidl_adapter/lib/python3.8/site-packages/rosidl_adapter
-- Installing: /home/microros/microros_ws/firmware/mcu_ws/install/rosidl_adapter/lib/python3.8/site-packages/rosidl_adapter/cli.py
-- Installing: /home/microros/microros_ws/firmware/mcu_ws/install/rosidl_adapter/lib/python3.8/site-packages/rosidl_adapter/main.py
-- Installing: /home/microros/microros_ws/firmware/mcu_ws/install/rosidl_adapter/lib/python3.8/site-packages/rosidl_adapter/msg
-- Installing: /home/microros/microros_ws/firmware/mcu_ws/install/rosidl_adapter/lib/python3.8/site-packages/rosidl_adapter/msg/__init__.py
-- Installing: /home/microros/microros_ws/firmware/mcu_ws/install/rosidl_adapter/lib/python3.8/site-packages/rosidl_adapter/parser.py
-- Installing: /home/microros/microros_ws/firmware/mcu_ws/install/rosidl_adapter/lib/python3.8/site-packages/rosidl_adapter/__init__.py
-- Installing: /home/microros/microros_ws/firmware/mcu_ws/install/rosidl_adapter/lib/python3.8/site-packages/rosidl_adapter/__main__.py
-- Installing: /home/microros/microros_ws/firmware/mcu_ws/install/rosidl_adapter/lib/python3.8/site-packages/rosidl_adapter/srv
-- Installing: /home/microros/microros_ws/firmware/mcu_ws/install/rosidl_adapter/lib/python3.8/site-packages/rosidl_adapter/srv/__init__.py
-- Installing: /home/microros/microros_ws/firmware/mcu_ws/install/rosidl_adapter/lib/python3.8/site-packages/rosidl_adapter/resource
-- Installing: /home/microros/microros_ws/firmware/mcu_ws/install/rosidl_adapter/lib/python3.8/site-packages/rosidl_adapter/resource/__init__.py
-- Installing: /home/microros/microros_ws/firmware/mcu_ws/install/rosidl_adapter/lib/python3.8/site-packages/rosidl_adapter/resource/action.idl.em
-- Installing: /home/microros/microros_ws/firmware/mcu_ws/install/rosidl_adapter/lib/python3.8/site-packages/rosidl_adapter/resource/struct.idl.em
-- Installing: /home/microros/microros_ws/firmware/mcu_ws/install/rosidl_adapter/lib/python3.8/site-packages/rosidl_adapter/resource/msg.idl.em
-- Installing: /home/microros/microros_ws/firmware/mcu_ws/install/rosidl_adapter/lib/python3.8/site-packages/rosidl_adapter/resource/srv.idl.em
-- Installing: /home/microros/microros_ws/firmware/mcu_ws/install/rosidl_adapter/lib/python3.8/site-packages/rosidl_adapter/action
-- Installing: /home/microros/microros_ws/firmware/mcu_ws/install/rosidl_adapter/lib/python3.8/site-packages/rosidl_adapter/action/__init__.py
Listing '/home/microros/microros_ws/firmware/mcu_ws/install/rosidl_adapter/lib/python3.8/site-packages/rosidl_adapter'...
Compiling '/home/microros/microros_ws/firmware/mcu_ws/install/rosidl_adapter/lib/python3.8/site-packages/rosidl_adapter/__init__.py'...
Compiling '/home/microros/microros_ws/firmware/mcu_ws/install/rosidl_adapter/lib/python3.8/site-packages/rosidl_adapter/__main__.py'...
Listing '/home/microros/microros_ws/firmware/mcu_ws/install/rosidl_adapter/lib/python3.8/site-packages/rosidl_adapter/action'...
Compiling '/home/microros/microros_ws/firmware/mcu_ws/install/rosidl_adapter/lib/python3.8/site-packages/rosidl_adapter/action/__init__.py'...
Compiling '/home/microros/microros_ws/firmware/mcu_ws/install/rosidl_adapter/lib/python3.8/site-packages/rosidl_adapter/cli.py'...
Compiling '/home/microros/microros_ws/firmware/mcu_ws/install/rosidl_adapter/lib/python3.8/site-packages/rosidl_adapter/main.py'...
Listing '/home/microros/microros_ws/firmware/mcu_ws/install/rosidl_adapter/lib/python3.8/site-packages/rosidl_adapter/msg'...
Compiling '/home/microros/microros_ws/firmware/mcu_ws/install/rosidl_adapter/lib/python3.8/site-packages/rosidl_adapter/msg/__init__.py'...
Compiling '/home/microros/microros_ws/firmware/mcu_ws/install/rosidl_adapter/lib/python3.8/site-packages/rosidl_adapter/parser.py'...
Listing '/home/microros/microros_ws/firmware/mcu_ws/install/rosidl_adapter/lib/python3.8/site-packages/rosidl_adapter/resource'...
Compiling '/home/microros/microros_ws/firmware/mcu_ws/install/rosidl_adapter/lib/python3.8/site-packages/rosidl_adapter/resource/__init__.py'...
Listing '/home/microros/microros_ws/firmware/mcu_ws/install/rosidl_adapter/lib/python3.8/site-packages/rosidl_adapter/srv'...
Compiling '/home/microros/microros_ws/firmware/mcu_ws/install/rosidl_adapter/lib/python3.8/site-packages/rosidl_adapter/srv/__init__.py'...
-- Installing: /home/microros/microros_ws/firmware/mcu_ws/install/rosidl_adapter/share/ament_index/resource_index/package_run_dependencies/rosidl_adapter
-- Installing: /home/microros/microros_ws/firmware/mcu_ws/install/rosidl_adapter/share/ament_index/resource_index/parent_prefix_path/rosidl_adapter
-- Installing: /home/microros/microros_ws/firmware/mcu_ws/install/rosidl_adapter/share/rosidl_adapter/environment/ament_prefix_path.sh
-- Installing: /home/microros/microros_ws/firmware/mcu_ws/install/rosidl_adapter/share/rosidl_adapter/environment/ament_prefix_path.dsv
-- Installing: /home/microros/microros_ws/firmware/mcu_ws/install/rosidl_adapter/share/rosidl_adapter/environment/path.sh
-- Installing: /home/microros/microros_ws/firmware/mcu_ws/install/rosidl_adapter/share/rosidl_adapter/environment/path.dsv
-- Installing: /home/microros/microros_ws/firmware/mcu_ws/install/rosidl_adapter/share/rosidl_adapter/local_setup.bash
-- Installing: /home/microros/microros_ws/firmware/mcu_ws/install/rosidl_adapter/share/rosidl_adapter/local_setup.sh
-- Installing: /home/microros/microros_ws/firmware/mcu_ws/install/rosidl_adapter/share/rosidl_adapter/local_setup.zsh
-- Installing: /home/microros/microros_ws/firmware/mcu_ws/install/rosidl_adapter/share/rosidl_adapter/local_setup.dsv
-- Installing: /home/microros/microros_ws/firmware/mcu_ws/install/rosidl_adapter/share/rosidl_adapter/package.dsv
-- Installing: /home/microros/microros_ws/firmware/mcu_ws/install/rosidl_adapter/share/ament_index/resource_index/packages/rosidl_adapter
-- Installing: /home/microros/microros_ws/firmware/mcu_ws/install/rosidl_adapter/share/rosidl_adapter/cmake/rosidl_adapter-extras.cmake
-- Installing: /home/microros/microros_ws/firmware/mcu_ws/install/rosidl_adapter/share/rosidl_adapter/cmake/rosidl_adapterConfig.cmake
-- Installing: /home/microros/microros_ws/firmware/mcu_ws/install/rosidl_adapter/share/rosidl_adapter/cmake/rosidl_adapterConfig-version.cmake
-- Installing: /home/microros/microros_ws/firmware/mcu_ws/install/rosidl_adapter/share/rosidl_adapter/package.xml
-- Up-to-date: /home/microros/microros_ws/firmware/mcu_ws/install/rosidl_adapter/share/rosidl_adapter/cmake
-- Installing: /home/microros/microros_ws/firmware/mcu_ws/install/rosidl_adapter/share/rosidl_adapter/cmake/rosidl_adapt_interfaces.cmake
-- Installing: /home/microros/microros_ws/firmware/mcu_ws/install/rosidl_adapter/lib/rosidl_adapter/msg2idl.py
-- Installing: /home/microros/microros_ws/firmware/mcu_ws/install/rosidl_adapter/lib/rosidl_adapter/srv2idl.py
