make[4]: Entering directory '/home/microros/microros_ws/firmware/mcu_ws/build/rcutils'
/usr/bin/cmake -S/home/microros/microros_ws/firmware/mcu_ws/uros/rcutils -B/home/microros/microros_ws/firmware/mcu_ws/build/rcutils --check-build-system CMakeFiles/Makefile.cmake 0
Re-run cmake file: Makefile older than: /home/microros/microros_ws/firmware/apps/uros/arm_toolchain.cmake
-- Found ament_cmake_python: 0.9.6 (/home/microros/microros_ws/firmware/dev_ws/install/ament_cmake_python/share/ament_cmake_python/cmake)
-- Found ament_cmake_ros: 0.9.0 (/home/microros/microros_ws/firmware/dev_ws/install/ament_cmake_ros/share/ament_cmake_ros/cmake)
-- Using PYTHON_EXECUTABLE: /usr/bin/python3
-- Found tinydir_vendor:  (/home/microros/microros_ws/firmware/mcu_ws/install/tinydir_vendor/share/tinydir_vendor/cmake)
-- Configuring done
-- Generating done
-- Build files have been written to: /home/microros/microros_ws/firmware/mcu_ws/build/rcutils
/usr/bin/cmake -E cmake_progress_start /home/microros/microros_ws/firmware/mcu_ws/build/rcutils/CMakeFiles /home/microros/microros_ws/firmware/mcu_ws/build/rcutils/CMakeFiles/progress.marks
/usr/bin/make -f CMakeFiles/Makefile2 all
make[5]: Entering directory '/home/microros/microros_ws/firmware/mcu_ws/build/rcutils'
/usr/bin/make -f CMakeFiles/rcutils.dir/build.make CMakeFiles/rcutils.dir/depend
make[6]: Entering directory '/home/microros/microros_ws/firmware/mcu_ws/build/rcutils'
cd /home/microros/microros_ws/firmware/mcu_ws/build/rcutils && /usr/bin/cmake -E cmake_depends "Unix Makefiles" /home/microros/microros_ws/firmware/mcu_ws/uros/rcutils /home/microros/microros_ws/firmware/mcu_ws/uros/rcutils /home/microros/microros_ws/firmware/mcu_ws/build/rcutils /home/microros/microros_ws/firmware/mcu_ws/build/rcutils /home/microros/microros_ws/firmware/mcu_ws/build/rcutils/CMakeFiles/rcutils.dir/DependInfo.cmake --color=
Dependee "/home/microros/microros_ws/firmware/NuttX/include/nuttx/config.h" is newer than depender "CMakeFiles/rcutils.dir/src/allocator.c.obj".
Dependee "/home/microros/microros_ws/firmware/NuttX/include/nuttx/config.h" is newer than depender "CMakeFiles/rcutils.dir/src/array_list.c.obj".
Dependee "/home/microros/microros_ws/firmware/NuttX/include/nuttx/config.h" is newer than depender "CMakeFiles/rcutils.dir/src/char_array.c.obj".
Dependee "/home/microros/microros_ws/firmware/NuttX/include/nuttx/config.h" is newer than depender "CMakeFiles/rcutils.dir/src/cmdline_parser.c.obj".
Dependee "/home/microros/microros_ws/firmware/NuttX/include/nuttx/config.h" is newer than depender "CMakeFiles/rcutils.dir/src/env.c.obj".
Dependee "/home/microros/microros_ws/firmware/NuttX/include/nuttx/config.h" is newer than depender "CMakeFiles/rcutils.dir/src/error_handling.c.obj".
Dependee "/home/microros/microros_ws/firmware/NuttX/include/nuttx/config.h" is newer than depender "CMakeFiles/rcutils.dir/src/filesystem.c.obj".
Dependee "/home/microros/microros_ws/firmware/NuttX/include/nuttx/config.h" is newer than depender "CMakeFiles/rcutils.dir/src/find.c.obj".
Dependee "/home/microros/microros_ws/firmware/NuttX/include/nuttx/config.h" is newer than depender "CMakeFiles/rcutils.dir/src/format_string.c.obj".
Dependee "/home/microros/microros_ws/firmware/NuttX/include/nuttx/config.h" is newer than depender "CMakeFiles/rcutils.dir/src/get_env.c.obj".
Dependee "/home/microros/microros_ws/firmware/NuttX/include/nuttx/config.h" is newer than depender "CMakeFiles/rcutils.dir/src/hash_map.c.obj".
Dependee "/home/microros/microros_ws/firmware/NuttX/include/nuttx/config.h" is newer than depender "CMakeFiles/rcutils.dir/src/logging.c.obj".
Dependee "/home/microros/microros_ws/firmware/NuttX/include/nuttx/config.h" is newer than depender "CMakeFiles/rcutils.dir/src/process.c.obj".
Dependee "/home/microros/microros_ws/firmware/NuttX/include/nuttx/config.h" is newer than depender "CMakeFiles/rcutils.dir/src/qsort.c.obj".
Dependee "/home/microros/microros_ws/firmware/NuttX/include/nuttx/config.h" is newer than depender "CMakeFiles/rcutils.dir/src/repl_str.c.obj".
Dependee "/home/microros/microros_ws/firmware/NuttX/include/nuttx/config.h" is newer than depender "CMakeFiles/rcutils.dir/src/shared_library.c.obj".
Dependee "/home/microros/microros_ws/firmware/NuttX/include/nuttx/config.h" is newer than depender "CMakeFiles/rcutils.dir/src/snprintf.c.obj".
Dependee "/home/microros/microros_ws/firmware/NuttX/include/nuttx/config.h" is newer than depender "CMakeFiles/rcutils.dir/src/split.c.obj".
Dependee "/home/microros/microros_ws/firmware/NuttX/include/nuttx/config.h" is newer than depender "CMakeFiles/rcutils.dir/src/strdup.c.obj".
Dependee "/home/microros/microros_ws/firmware/NuttX/include/nuttx/config.h" is newer than depender "CMakeFiles/rcutils.dir/src/strerror.c.obj".
Dependee "/home/microros/microros_ws/firmware/NuttX/include/nuttx/config.h" is newer than depender "CMakeFiles/rcutils.dir/src/string_array.c.obj".
Dependee "/home/microros/microros_ws/firmware/NuttX/include/nuttx/config.h" is newer than depender "CMakeFiles/rcutils.dir/src/string_map.c.obj".
Dependee "/home/microros/microros_ws/firmware/NuttX/include/nuttx/config.h" is newer than depender "CMakeFiles/rcutils.dir/src/time.c.obj".
Dependee "/home/microros/microros_ws/firmware/NuttX/include/nuttx/config.h" is newer than depender "CMakeFiles/rcutils.dir/src/time_unix.c.obj".
Dependee "/home/microros/microros_ws/firmware/NuttX/include/nuttx/config.h" is newer than depender "CMakeFiles/rcutils.dir/src/uint8_array.c.obj".
Clearing dependencies in "/home/microros/microros_ws/firmware/mcu_ws/build/rcutils/CMakeFiles/rcutils.dir/depend.make".
[35m[1mScanning dependencies of target rcutils[0m
make[6]: Leaving directory '/home/microros/microros_ws/firmware/mcu_ws/build/rcutils'
/usr/bin/make -f CMakeFiles/rcutils.dir/build.make CMakeFiles/rcutils.dir/build
make[6]: Entering directory '/home/microros/microros_ws/firmware/mcu_ws/build/rcutils'
[  3%] [32mBuilding C object CMakeFiles/rcutils.dir/src/allocator.c.obj[0m
/usr/bin/arm-none-eabi-gcc --sysroot=/home/microros/microros_ws/firmware/NuttX/.. -DRCUTILS_BUILDING_DLL -DROS_PACKAGE_NAME=\"rcutils\" -I/home/microros/microros_ws/firmware/mcu_ws/build/rcutils/include -I/home/microros/microros_ws/firmware/mcu_ws/uros/rcutils/include -I/home/microros/microros_ws/firmware/mcu_ws/install/tinydir_vendor/share/tinydir_vendor/cmake/../../../include -isystem /home/microros/microros_ws/firmware/NuttX/include -isystem /home/microros/microros_ws/firmware/NuttX/include/cxx -isystem /home/microros/microros_ws/firmware/NuttX/include/uClibc++  -std=c99 -Dunix=1 -mcpu=cortex-m4 -mthumb -mfloat-abi=soft -Os -fno-strict-aliasing -fno-strength-reduce -fomit-frame-pointer -O2 -g -DNDEBUG -fPIC   -Wall -Wextra -Wconversion -Wno-sign-conversion -Wpedantic -std=gnu11 -o CMakeFiles/rcutils.dir/src/allocator.c.obj   -c /home/microros/microros_ws/firmware/mcu_ws/uros/rcutils/src/allocator.c
[  7%] [32mBuilding C object CMakeFiles/rcutils.dir/src/char_array.c.obj[0m
/usr/bin/arm-none-eabi-gcc --sysroot=/home/microros/microros_ws/firmware/NuttX/.. -DRCUTILS_BUILDING_DLL -DROS_PACKAGE_NAME=\"rcutils\" -I/home/microros/microros_ws/firmware/mcu_ws/build/rcutils/include -I/home/microros/microros_ws/firmware/mcu_ws/uros/rcutils/include -I/home/microros/microros_ws/firmware/mcu_ws/install/tinydir_vendor/share/tinydir_vendor/cmake/../../../include -isystem /home/microros/microros_ws/firmware/NuttX/include -isystem /home/microros/microros_ws/firmware/NuttX/include/cxx -isystem /home/microros/microros_ws/firmware/NuttX/include/uClibc++  -std=c99 -Dunix=1 -mcpu=cortex-m4 -mthumb -mfloat-abi=soft -Os -fno-strict-aliasing -fno-strength-reduce -fomit-frame-pointer -O2 -g -DNDEBUG -fPIC   -Wall -Wextra -Wconversion -Wno-sign-conversion -Wpedantic -std=gnu11 -o CMakeFiles/rcutils.dir/src/char_array.c.obj   -c /home/microros/microros_ws/firmware/mcu_ws/uros/rcutils/src/char_array.c
[ 11%] [32mBuilding C object CMakeFiles/rcutils.dir/src/array_list.c.obj[0m
/usr/bin/arm-none-eabi-gcc --sysroot=/home/microros/microros_ws/firmware/NuttX/.. -DRCUTILS_BUILDING_DLL -DROS_PACKAGE_NAME=\"rcutils\" -I/home/microros/microros_ws/firmware/mcu_ws/build/rcutils/include -I/home/microros/microros_ws/firmware/mcu_ws/uros/rcutils/include -I/home/microros/microros_ws/firmware/mcu_ws/install/tinydir_vendor/share/tinydir_vendor/cmake/../../../include -isystem /home/microros/microros_ws/firmware/NuttX/include -isystem /home/microros/microros_ws/firmware/NuttX/include/cxx -isystem /home/microros/microros_ws/firmware/NuttX/include/uClibc++  -std=c99 -Dunix=1 -mcpu=cortex-m4 -mthumb -mfloat-abi=soft -Os -fno-strict-aliasing -fno-strength-reduce -fomit-frame-pointer -O2 -g -DNDEBUG -fPIC   -Wall -Wextra -Wconversion -Wno-sign-conversion -Wpedantic -std=gnu11 -o CMakeFiles/rcutils.dir/src/array_list.c.obj   -c /home/microros/microros_ws/firmware/mcu_ws/uros/rcutils/src/array_list.c
[ 14%] [32mBuilding C object CMakeFiles/rcutils.dir/src/cmdline_parser.c.obj[0m
/usr/bin/arm-none-eabi-gcc --sysroot=/home/microros/microros_ws/firmware/NuttX/.. -DRCUTILS_BUILDING_DLL -DROS_PACKAGE_NAME=\"rcutils\" -I/home/microros/microros_ws/firmware/mcu_ws/build/rcutils/include -I/home/microros/microros_ws/firmware/mcu_ws/uros/rcutils/include -I/home/microros/microros_ws/firmware/mcu_ws/install/tinydir_vendor/share/tinydir_vendor/cmake/../../../include -isystem /home/microros/microros_ws/firmware/NuttX/include -isystem /home/microros/microros_ws/firmware/NuttX/include/cxx -isystem /home/microros/microros_ws/firmware/NuttX/include/uClibc++  -std=c99 -Dunix=1 -mcpu=cortex-m4 -mthumb -mfloat-abi=soft -Os -fno-strict-aliasing -fno-strength-reduce -fomit-frame-pointer -O2 -g -DNDEBUG -fPIC   -Wall -Wextra -Wconversion -Wno-sign-conversion -Wpedantic -std=gnu11 -o CMakeFiles/rcutils.dir/src/cmdline_parser.c.obj   -c /home/microros/microros_ws/firmware/mcu_ws/uros/rcutils/src/cmdline_parser.c
[ 18%] [32mBuilding C object CMakeFiles/rcutils.dir/src/env.c.obj[0m
/usr/bin/arm-none-eabi-gcc --sysroot=/home/microros/microros_ws/firmware/NuttX/.. -DRCUTILS_BUILDING_DLL -DROS_PACKAGE_NAME=\"rcutils\" -I/home/microros/microros_ws/firmware/mcu_ws/build/rcutils/include -I/home/microros/microros_ws/firmware/mcu_ws/uros/rcutils/include -I/home/microros/microros_ws/firmware/mcu_ws/install/tinydir_vendor/share/tinydir_vendor/cmake/../../../include -isystem /home/microros/microros_ws/firmware/NuttX/include -isystem /home/microros/microros_ws/firmware/NuttX/include/cxx -isystem /home/microros/microros_ws/firmware/NuttX/include/uClibc++  -std=c99 -Dunix=1 -mcpu=cortex-m4 -mthumb -mfloat-abi=soft -Os -fno-strict-aliasing -fno-strength-reduce -fomit-frame-pointer -O2 -g -DNDEBUG -fPIC   -Wall -Wextra -Wconversion -Wno-sign-conversion -Wpedantic -std=gnu11 -o CMakeFiles/rcutils.dir/src/env.c.obj   -c /home/microros/microros_ws/firmware/mcu_ws/uros/rcutils/src/env.c
[ 22%] [32mBuilding C object CMakeFiles/rcutils.dir/src/error_handling.c.obj[0m
/usr/bin/arm-none-eabi-gcc --sysroot=/home/microros/microros_ws/firmware/NuttX/.. -DRCUTILS_BUILDING_DLL -DROS_PACKAGE_NAME=\"rcutils\" -I/home/microros/microros_ws/firmware/mcu_ws/build/rcutils/include -I/home/microros/microros_ws/firmware/mcu_ws/uros/rcutils/include -I/home/microros/microros_ws/firmware/mcu_ws/install/tinydir_vendor/share/tinydir_vendor/cmake/../../../include -isystem /home/microros/microros_ws/firmware/NuttX/include -isystem /home/microros/microros_ws/firmware/NuttX/include/cxx -isystem /home/microros/microros_ws/firmware/NuttX/include/uClibc++  -std=c99 -Dunix=1 -mcpu=cortex-m4 -mthumb -mfloat-abi=soft -Os -fno-strict-aliasing -fno-strength-reduce -fomit-frame-pointer -O2 -g -DNDEBUG -fPIC   -Wall -Wextra -Wconversion -Wno-sign-conversion -Wpedantic -std=gnu11 -o CMakeFiles/rcutils.dir/src/error_handling.c.obj   -c /home/microros/microros_ws/firmware/mcu_ws/uros/rcutils/src/error_handling.c
[ 25%] [32mBuilding C object CMakeFiles/rcutils.dir/src/find.c.obj[0m
/usr/bin/arm-none-eabi-gcc --sysroot=/home/microros/microros_ws/firmware/NuttX/.. -DRCUTILS_BUILDING_DLL -DROS_PACKAGE_NAME=\"rcutils\" -I/home/microros/microros_ws/firmware/mcu_ws/build/rcutils/include -I/home/microros/microros_ws/firmware/mcu_ws/uros/rcutils/include -I/home/microros/microros_ws/firmware/mcu_ws/install/tinydir_vendor/share/tinydir_vendor/cmake/../../../include -isystem /home/microros/microros_ws/firmware/NuttX/include -isystem /home/microros/microros_ws/firmware/NuttX/include/cxx -isystem /home/microros/microros_ws/firmware/NuttX/include/uClibc++  -std=c99 -Dunix=1 -mcpu=cortex-m4 -mthumb -mfloat-abi=soft -Os -fno-strict-aliasing -fno-strength-reduce -fomit-frame-pointer -O2 -g -DNDEBUG -fPIC   -Wall -Wextra -Wconversion -Wno-sign-conversion -Wpedantic -std=gnu11 -o CMakeFiles/rcutils.dir/src/find.c.obj   -c /home/microros/microros_ws/firmware/mcu_ws/uros/rcutils/src/find.c
[ 29%] [32mBuilding C object CMakeFiles/rcutils.dir/src/filesystem.c.obj[0m
/usr/bin/arm-none-eabi-gcc --sysroot=/home/microros/microros_ws/firmware/NuttX/.. -DRCUTILS_BUILDING_DLL -DROS_PACKAGE_NAME=\"rcutils\" -I/home/microros/microros_ws/firmware/mcu_ws/build/rcutils/include -I/home/microros/microros_ws/firmware/mcu_ws/uros/rcutils/include -I/home/microros/microros_ws/firmware/mcu_ws/install/tinydir_vendor/share/tinydir_vendor/cmake/../../../include -isystem /home/microros/microros_ws/firmware/NuttX/include -isystem /home/microros/microros_ws/firmware/NuttX/include/cxx -isystem /home/microros/microros_ws/firmware/NuttX/include/uClibc++  -std=c99 -Dunix=1 -mcpu=cortex-m4 -mthumb -mfloat-abi=soft -Os -fno-strict-aliasing -fno-strength-reduce -fomit-frame-pointer -O2 -g -DNDEBUG -fPIC   -Wall -Wextra -Wconversion -Wno-sign-conversion -Wpedantic -std=gnu11 -o CMakeFiles/rcutils.dir/src/filesystem.c.obj   -c /home/microros/microros_ws/firmware/mcu_ws/uros/rcutils/src/filesystem.c
[ 33%] [32mBuilding C object CMakeFiles/rcutils.dir/src/format_string.c.obj[0m
/usr/bin/arm-none-eabi-gcc --sysroot=/home/microros/microros_ws/firmware/NuttX/.. -DRCUTILS_BUILDING_DLL -DROS_PACKAGE_NAME=\"rcutils\" -I/home/microros/microros_ws/firmware/mcu_ws/build/rcutils/include -I/home/microros/microros_ws/firmware/mcu_ws/uros/rcutils/include -I/home/microros/microros_ws/firmware/mcu_ws/install/tinydir_vendor/share/tinydir_vendor/cmake/../../../include -isystem /home/microros/microros_ws/firmware/NuttX/include -isystem /home/microros/microros_ws/firmware/NuttX/include/cxx -isystem /home/microros/microros_ws/firmware/NuttX/include/uClibc++  -std=c99 -Dunix=1 -mcpu=cortex-m4 -mthumb -mfloat-abi=soft -Os -fno-strict-aliasing -fno-strength-reduce -fomit-frame-pointer -O2 -g -DNDEBUG -fPIC   -Wall -Wextra -Wconversion -Wno-sign-conversion -Wpedantic -std=gnu11 -o CMakeFiles/rcutils.dir/src/format_string.c.obj   -c /home/microros/microros_ws/firmware/mcu_ws/uros/rcutils/src/format_string.c
[ 37%] [32mBuilding C object CMakeFiles/rcutils.dir/src/get_env.c.obj[0m
/usr/bin/arm-none-eabi-gcc --sysroot=/home/microros/microros_ws/firmware/NuttX/.. -DRCUTILS_BUILDING_DLL -DROS_PACKAGE_NAME=\"rcutils\" -I/home/microros/microros_ws/firmware/mcu_ws/build/rcutils/include -I/home/microros/microros_ws/firmware/mcu_ws/uros/rcutils/include -I/home/microros/microros_ws/firmware/mcu_ws/install/tinydir_vendor/share/tinydir_vendor/cmake/../../../include -isystem /home/microros/microros_ws/firmware/NuttX/include -isystem /home/microros/microros_ws/firmware/NuttX/include/cxx -isystem /home/microros/microros_ws/firmware/NuttX/include/uClibc++  -std=c99 -Dunix=1 -mcpu=cortex-m4 -mthumb -mfloat-abi=soft -Os -fno-strict-aliasing -fno-strength-reduce -fomit-frame-pointer -O2 -g -DNDEBUG -fPIC   -Wall -Wextra -Wconversion -Wno-sign-conversion -Wpedantic -std=gnu11 -o CMakeFiles/rcutils.dir/src/get_env.c.obj   -c /home/microros/microros_ws/firmware/mcu_ws/uros/rcutils/src/get_env.c
[ 40%] [32mBuilding C object CMakeFiles/rcutils.dir/src/hash_map.c.obj[0m
/usr/bin/arm-none-eabi-gcc --sysroot=/home/microros/microros_ws/firmware/NuttX/.. -DRCUTILS_BUILDING_DLL -DROS_PACKAGE_NAME=\"rcutils\" -I/home/microros/microros_ws/firmware/mcu_ws/build/rcutils/include -I/home/microros/microros_ws/firmware/mcu_ws/uros/rcutils/include -I/home/microros/microros_ws/firmware/mcu_ws/install/tinydir_vendor/share/tinydir_vendor/cmake/../../../include -isystem /home/microros/microros_ws/firmware/NuttX/include -isystem /home/microros/microros_ws/firmware/NuttX/include/cxx -isystem /home/microros/microros_ws/firmware/NuttX/include/uClibc++  -std=c99 -Dunix=1 -mcpu=cortex-m4 -mthumb -mfloat-abi=soft -Os -fno-strict-aliasing -fno-strength-reduce -fomit-frame-pointer -O2 -g -DNDEBUG -fPIC   -Wall -Wextra -Wconversion -Wno-sign-conversion -Wpedantic -std=gnu11 -o CMakeFiles/rcutils.dir/src/hash_map.c.obj   -c /home/microros/microros_ws/firmware/mcu_ws/uros/rcutils/src/hash_map.c
[ 44%] [32mBuilding C object CMakeFiles/rcutils.dir/src/logging.c.obj[0m
/usr/bin/arm-none-eabi-gcc --sysroot=/home/microros/microros_ws/firmware/NuttX/.. -DRCUTILS_BUILDING_DLL -DROS_PACKAGE_NAME=\"rcutils\" -I/home/microros/microros_ws/firmware/mcu_ws/build/rcutils/include -I/home/microros/microros_ws/firmware/mcu_ws/uros/rcutils/include -I/home/microros/microros_ws/firmware/mcu_ws/install/tinydir_vendor/share/tinydir_vendor/cmake/../../../include -isystem /home/microros/microros_ws/firmware/NuttX/include -isystem /home/microros/microros_ws/firmware/NuttX/include/cxx -isystem /home/microros/microros_ws/firmware/NuttX/include/uClibc++  -std=c99 -Dunix=1 -mcpu=cortex-m4 -mthumb -mfloat-abi=soft -Os -fno-strict-aliasing -fno-strength-reduce -fomit-frame-pointer -O2 -g -DNDEBUG -fPIC   -Wall -Wextra -Wconversion -Wno-sign-conversion -Wpedantic -std=gnu11 -o CMakeFiles/rcutils.dir/src/logging.c.obj   -c /home/microros/microros_ws/firmware/mcu_ws/uros/rcutils/src/logging.c
[ 48%] [32mBuilding C object CMakeFiles/rcutils.dir/src/process.c.obj[0m
/usr/bin/arm-none-eabi-gcc --sysroot=/home/microros/microros_ws/firmware/NuttX/.. -DRCUTILS_BUILDING_DLL -DROS_PACKAGE_NAME=\"rcutils\" -I/home/microros/microros_ws/firmware/mcu_ws/build/rcutils/include -I/home/microros/microros_ws/firmware/mcu_ws/uros/rcutils/include -I/home/microros/microros_ws/firmware/mcu_ws/install/tinydir_vendor/share/tinydir_vendor/cmake/../../../include -isystem /home/microros/microros_ws/firmware/NuttX/include -isystem /home/microros/microros_ws/firmware/NuttX/include/cxx -isystem /home/microros/microros_ws/firmware/NuttX/include/uClibc++  -std=c99 -Dunix=1 -mcpu=cortex-m4 -mthumb -mfloat-abi=soft -Os -fno-strict-aliasing -fno-strength-reduce -fomit-frame-pointer -O2 -g -DNDEBUG -fPIC   -Wall -Wextra -Wconversion -Wno-sign-conversion -Wpedantic -std=gnu11 -o CMakeFiles/rcutils.dir/src/process.c.obj   -c /home/microros/microros_ws/firmware/mcu_ws/uros/rcutils/src/process.c
[ 51%] [32mBuilding C object CMakeFiles/rcutils.dir/src/qsort.c.obj[0m
/usr/bin/arm-none-eabi-gcc --sysroot=/home/microros/microros_ws/firmware/NuttX/.. -DRCUTILS_BUILDING_DLL -DROS_PACKAGE_NAME=\"rcutils\" -I/home/microros/microros_ws/firmware/mcu_ws/build/rcutils/include -I/home/microros/microros_ws/firmware/mcu_ws/uros/rcutils/include -I/home/microros/microros_ws/firmware/mcu_ws/install/tinydir_vendor/share/tinydir_vendor/cmake/../../../include -isystem /home/microros/microros_ws/firmware/NuttX/include -isystem /home/microros/microros_ws/firmware/NuttX/include/cxx -isystem /home/microros/microros_ws/firmware/NuttX/include/uClibc++  -std=c99 -Dunix=1 -mcpu=cortex-m4 -mthumb -mfloat-abi=soft -Os -fno-strict-aliasing -fno-strength-reduce -fomit-frame-pointer -O2 -g -DNDEBUG -fPIC   -Wall -Wextra -Wconversion -Wno-sign-conversion -Wpedantic -std=gnu11 -o CMakeFiles/rcutils.dir/src/qsort.c.obj   -c /home/microros/microros_ws/firmware/mcu_ws/uros/rcutils/src/qsort.c
[ 55%] [32mBuilding C object CMakeFiles/rcutils.dir/src/repl_str.c.obj[0m
/usr/bin/arm-none-eabi-gcc --sysroot=/home/microros/microros_ws/firmware/NuttX/.. -DRCUTILS_BUILDING_DLL -DROS_PACKAGE_NAME=\"rcutils\" -I/home/microros/microros_ws/firmware/mcu_ws/build/rcutils/include -I/home/microros/microros_ws/firmware/mcu_ws/uros/rcutils/include -I/home/microros/microros_ws/firmware/mcu_ws/install/tinydir_vendor/share/tinydir_vendor/cmake/../../../include -isystem /home/microros/microros_ws/firmware/NuttX/include -isystem /home/microros/microros_ws/firmware/NuttX/include/cxx -isystem /home/microros/microros_ws/firmware/NuttX/include/uClibc++  -std=c99 -Dunix=1 -mcpu=cortex-m4 -mthumb -mfloat-abi=soft -Os -fno-strict-aliasing -fno-strength-reduce -fomit-frame-pointer -O2 -g -DNDEBUG -fPIC   -Wall -Wextra -Wconversion -Wno-sign-conversion -Wpedantic -std=gnu11 -o CMakeFiles/rcutils.dir/src/repl_str.c.obj   -c /home/microros/microros_ws/firmware/mcu_ws/uros/rcutils/src/repl_str.c
[ 59%] [32mBuilding C object CMakeFiles/rcutils.dir/src/snprintf.c.obj[0m
[ 62%] [32mBuilding C object CMakeFiles/rcutils.dir/src/shared_library.c.obj[0m
/usr/bin/arm-none-eabi-gcc --sysroot=/home/microros/microros_ws/firmware/NuttX/.. -DRCUTILS_BUILDING_DLL -DROS_PACKAGE_NAME=\"rcutils\" -I/home/microros/microros_ws/firmware/mcu_ws/build/rcutils/include -I/home/microros/microros_ws/firmware/mcu_ws/uros/rcutils/include -I/home/microros/microros_ws/firmware/mcu_ws/install/tinydir_vendor/share/tinydir_vendor/cmake/../../../include -isystem /home/microros/microros_ws/firmware/NuttX/include -isystem /home/microros/microros_ws/firmware/NuttX/include/cxx -isystem /home/microros/microros_ws/firmware/NuttX/include/uClibc++  -std=c99 -Dunix=1 -mcpu=cortex-m4 -mthumb -mfloat-abi=soft -Os -fno-strict-aliasing -fno-strength-reduce -fomit-frame-pointer -O2 -g -DNDEBUG -fPIC   -Wall -Wextra -Wconversion -Wno-sign-conversion -Wpedantic -std=gnu11 -o CMakeFiles/rcutils.dir/src/snprintf.c.obj   -c /home/microros/microros_ws/firmware/mcu_ws/uros/rcutils/src/snprintf.c
/usr/bin/arm-none-eabi-gcc --sysroot=/home/microros/microros_ws/firmware/NuttX/.. -DRCUTILS_BUILDING_DLL -DROS_PACKAGE_NAME=\"rcutils\" -I/home/microros/microros_ws/firmware/mcu_ws/build/rcutils/include -I/home/microros/microros_ws/firmware/mcu_ws/uros/rcutils/include -I/home/microros/microros_ws/firmware/mcu_ws/install/tinydir_vendor/share/tinydir_vendor/cmake/../../../include -isystem /home/microros/microros_ws/firmware/NuttX/include -isystem /home/microros/microros_ws/firmware/NuttX/include/cxx -isystem /home/microros/microros_ws/firmware/NuttX/include/uClibc++  -std=c99 -Dunix=1 -mcpu=cortex-m4 -mthumb -mfloat-abi=soft -Os -fno-strict-aliasing -fno-strength-reduce -fomit-frame-pointer -O2 -g -DNDEBUG -fPIC   -Wall -Wextra -Wconversion -Wno-sign-conversion -Wpedantic -std=gnu11 -o CMakeFiles/rcutils.dir/src/shared_library.c.obj   -c /home/microros/microros_ws/firmware/mcu_ws/uros/rcutils/src/shared_library.c
[ 66%] [32mBuilding C object CMakeFiles/rcutils.dir/src/split.c.obj[0m
/usr/bin/arm-none-eabi-gcc --sysroot=/home/microros/microros_ws/firmware/NuttX/.. -DRCUTILS_BUILDING_DLL -DROS_PACKAGE_NAME=\"rcutils\" -I/home/microros/microros_ws/firmware/mcu_ws/build/rcutils/include -I/home/microros/microros_ws/firmware/mcu_ws/uros/rcutils/include -I/home/microros/microros_ws/firmware/mcu_ws/install/tinydir_vendor/share/tinydir_vendor/cmake/../../../include -isystem /home/microros/microros_ws/firmware/NuttX/include -isystem /home/microros/microros_ws/firmware/NuttX/include/cxx -isystem /home/microros/microros_ws/firmware/NuttX/include/uClibc++  -std=c99 -Dunix=1 -mcpu=cortex-m4 -mthumb -mfloat-abi=soft -Os -fno-strict-aliasing -fno-strength-reduce -fomit-frame-pointer -O2 -g -DNDEBUG -fPIC   -Wall -Wextra -Wconversion -Wno-sign-conversion -Wpedantic -std=gnu11 -o CMakeFiles/rcutils.dir/src/split.c.obj   -c /home/microros/microros_ws/firmware/mcu_ws/uros/rcutils/src/split.c
[ 70%] [32mBuilding C object CMakeFiles/rcutils.dir/src/strdup.c.obj[0m
/usr/bin/arm-none-eabi-gcc --sysroot=/home/microros/microros_ws/firmware/NuttX/.. -DRCUTILS_BUILDING_DLL -DROS_PACKAGE_NAME=\"rcutils\" -I/home/microros/microros_ws/firmware/mcu_ws/build/rcutils/include -I/home/microros/microros_ws/firmware/mcu_ws/uros/rcutils/include -I/home/microros/microros_ws/firmware/mcu_ws/install/tinydir_vendor/share/tinydir_vendor/cmake/../../../include -isystem /home/microros/microros_ws/firmware/NuttX/include -isystem /home/microros/microros_ws/firmware/NuttX/include/cxx -isystem /home/microros/microros_ws/firmware/NuttX/include/uClibc++  -std=c99 -Dunix=1 -mcpu=cortex-m4 -mthumb -mfloat-abi=soft -Os -fno-strict-aliasing -fno-strength-reduce -fomit-frame-pointer -O2 -g -DNDEBUG -fPIC   -Wall -Wextra -Wconversion -Wno-sign-conversion -Wpedantic -std=gnu11 -o CMakeFiles/rcutils.dir/src/strdup.c.obj   -c /home/microros/microros_ws/firmware/mcu_ws/uros/rcutils/src/strdup.c
[ 74%] [32mBuilding C object CMakeFiles/rcutils.dir/src/strerror.c.obj[0m
/usr/bin/arm-none-eabi-gcc --sysroot=/home/microros/microros_ws/firmware/NuttX/.. -DRCUTILS_BUILDING_DLL -DROS_PACKAGE_NAME=\"rcutils\" -I/home/microros/microros_ws/firmware/mcu_ws/build/rcutils/include -I/home/microros/microros_ws/firmware/mcu_ws/uros/rcutils/include -I/home/microros/microros_ws/firmware/mcu_ws/install/tinydir_vendor/share/tinydir_vendor/cmake/../../../include -isystem /home/microros/microros_ws/firmware/NuttX/include -isystem /home/microros/microros_ws/firmware/NuttX/include/cxx -isystem /home/microros/microros_ws/firmware/NuttX/include/uClibc++  -std=c99 -Dunix=1 -mcpu=cortex-m4 -mthumb -mfloat-abi=soft -Os -fno-strict-aliasing -fno-strength-reduce -fomit-frame-pointer -O2 -g -DNDEBUG -fPIC   -Wall -Wextra -Wconversion -Wno-sign-conversion -Wpedantic -std=gnu11 -o CMakeFiles/rcutils.dir/src/strerror.c.obj   -c /home/microros/microros_ws/firmware/mcu_ws/uros/rcutils/src/strerror.c
[ 77%] [32mBuilding C object CMakeFiles/rcutils.dir/src/string_array.c.obj[0m
/usr/bin/arm-none-eabi-gcc --sysroot=/home/microros/microros_ws/firmware/NuttX/.. -DRCUTILS_BUILDING_DLL -DROS_PACKAGE_NAME=\"rcutils\" -I/home/microros/microros_ws/firmware/mcu_ws/build/rcutils/include -I/home/microros/microros_ws/firmware/mcu_ws/uros/rcutils/include -I/home/microros/microros_ws/firmware/mcu_ws/install/tinydir_vendor/share/tinydir_vendor/cmake/../../../include -isystem /home/microros/microros_ws/firmware/NuttX/include -isystem /home/microros/microros_ws/firmware/NuttX/include/cxx -isystem /home/microros/microros_ws/firmware/NuttX/include/uClibc++  -std=c99 -Dunix=1 -mcpu=cortex-m4 -mthumb -mfloat-abi=soft -Os -fno-strict-aliasing -fno-strength-reduce -fomit-frame-pointer -O2 -g -DNDEBUG -fPIC   -Wall -Wextra -Wconversion -Wno-sign-conversion -Wpedantic -std=gnu11 -o CMakeFiles/rcutils.dir/src/string_array.c.obj   -c /home/microros/microros_ws/firmware/mcu_ws/uros/rcutils/src/string_array.c
[ 81%] [32mBuilding C object CMakeFiles/rcutils.dir/src/string_map.c.obj[0m
/usr/bin/arm-none-eabi-gcc --sysroot=/home/microros/microros_ws/firmware/NuttX/.. -DRCUTILS_BUILDING_DLL -DROS_PACKAGE_NAME=\"rcutils\" -I/home/microros/microros_ws/firmware/mcu_ws/build/rcutils/include -I/home/microros/microros_ws/firmware/mcu_ws/uros/rcutils/include -I/home/microros/microros_ws/firmware/mcu_ws/install/tinydir_vendor/share/tinydir_vendor/cmake/../../../include -isystem /home/microros/microros_ws/firmware/NuttX/include -isystem /home/microros/microros_ws/firmware/NuttX/include/cxx -isystem /home/microros/microros_ws/firmware/NuttX/include/uClibc++  -std=c99 -Dunix=1 -mcpu=cortex-m4 -mthumb -mfloat-abi=soft -Os -fno-strict-aliasing -fno-strength-reduce -fomit-frame-pointer -O2 -g -DNDEBUG -fPIC   -Wall -Wextra -Wconversion -Wno-sign-conversion -Wpedantic -std=gnu11 -o CMakeFiles/rcutils.dir/src/string_map.c.obj   -c /home/microros/microros_ws/firmware/mcu_ws/uros/rcutils/src/string_map.c
[ 85%] [32mBuilding C object CMakeFiles/rcutils.dir/src/time.c.obj[0m
/usr/bin/arm-none-eabi-gcc --sysroot=/home/microros/microros_ws/firmware/NuttX/.. -DRCUTILS_BUILDING_DLL -DROS_PACKAGE_NAME=\"rcutils\" -I/home/microros/microros_ws/firmware/mcu_ws/build/rcutils/include -I/home/microros/microros_ws/firmware/mcu_ws/uros/rcutils/include -I/home/microros/microros_ws/firmware/mcu_ws/install/tinydir_vendor/share/tinydir_vendor/cmake/../../../include -isystem /home/microros/microros_ws/firmware/NuttX/include -isystem /home/microros/microros_ws/firmware/NuttX/include/cxx -isystem /home/microros/microros_ws/firmware/NuttX/include/uClibc++  -std=c99 -Dunix=1 -mcpu=cortex-m4 -mthumb -mfloat-abi=soft -Os -fno-strict-aliasing -fno-strength-reduce -fomit-frame-pointer -O2 -g -DNDEBUG -fPIC   -Wall -Wextra -Wconversion -Wno-sign-conversion -Wpedantic -std=gnu11 -o CMakeFiles/rcutils.dir/src/time.c.obj   -c /home/microros/microros_ws/firmware/mcu_ws/uros/rcutils/src/time.c
[ 88%] [32mBuilding C object CMakeFiles/rcutils.dir/src/time_unix.c.obj[0m
/usr/bin/arm-none-eabi-gcc --sysroot=/home/microros/microros_ws/firmware/NuttX/.. -DRCUTILS_BUILDING_DLL -DROS_PACKAGE_NAME=\"rcutils\" -I/home/microros/microros_ws/firmware/mcu_ws/build/rcutils/include -I/home/microros/microros_ws/firmware/mcu_ws/uros/rcutils/include -I/home/microros/microros_ws/firmware/mcu_ws/install/tinydir_vendor/share/tinydir_vendor/cmake/../../../include -isystem /home/microros/microros_ws/firmware/NuttX/include -isystem /home/microros/microros_ws/firmware/NuttX/include/cxx -isystem /home/microros/microros_ws/firmware/NuttX/include/uClibc++  -std=c99 -Dunix=1 -mcpu=cortex-m4 -mthumb -mfloat-abi=soft -Os -fno-strict-aliasing -fno-strength-reduce -fomit-frame-pointer -O2 -g -DNDEBUG -fPIC   -Wall -Wextra -Wconversion -Wno-sign-conversion -Wpedantic -std=gnu11 -o CMakeFiles/rcutils.dir/src/time_unix.c.obj   -c /home/microros/microros_ws/firmware/mcu_ws/uros/rcutils/src/time_unix.c
[ 92%] [32mBuilding C object CMakeFiles/rcutils.dir/src/uint8_array.c.obj[0m
/usr/bin/arm-none-eabi-gcc --sysroot=/home/microros/microros_ws/firmware/NuttX/.. -DRCUTILS_BUILDING_DLL -DROS_PACKAGE_NAME=\"rcutils\" -I/home/microros/microros_ws/firmware/mcu_ws/build/rcutils/include -I/home/microros/microros_ws/firmware/mcu_ws/uros/rcutils/include -I/home/microros/microros_ws/firmware/mcu_ws/install/tinydir_vendor/share/tinydir_vendor/cmake/../../../include -isystem /home/microros/microros_ws/firmware/NuttX/include -isystem /home/microros/microros_ws/firmware/NuttX/include/cxx -isystem /home/microros/microros_ws/firmware/NuttX/include/uClibc++  -std=c99 -Dunix=1 -mcpu=cortex-m4 -mthumb -mfloat-abi=soft -Os -fno-strict-aliasing -fno-strength-reduce -fomit-frame-pointer -O2 -g -DNDEBUG -fPIC   -Wall -Wextra -Wconversion -Wno-sign-conversion -Wpedantic -std=gnu11 -o CMakeFiles/rcutils.dir/src/uint8_array.c.obj   -c /home/microros/microros_ws/firmware/mcu_ws/uros/rcutils/src/uint8_array.c
[ 96%] [32m[1mLinking C static library librcutils.a[0m
/usr/bin/cmake -P CMakeFiles/rcutils.dir/cmake_clean_target.cmake
/usr/bin/cmake -E cmake_link_script CMakeFiles/rcutils.dir/link.txt --verbose=1
/usr/bin/arm-none-eabi-ar qc librcutils.a  CMakeFiles/rcutils.dir/src/allocator.c.obj CMakeFiles/rcutils.dir/src/array_list.c.obj CMakeFiles/rcutils.dir/src/char_array.c.obj CMakeFiles/rcutils.dir/src/cmdline_parser.c.obj CMakeFiles/rcutils.dir/src/env.c.obj CMakeFiles/rcutils.dir/src/error_handling.c.obj CMakeFiles/rcutils.dir/src/filesystem.c.obj CMakeFiles/rcutils.dir/src/find.c.obj CMakeFiles/rcutils.dir/src/format_string.c.obj CMakeFiles/rcutils.dir/src/get_env.c.obj CMakeFiles/rcutils.dir/src/hash_map.c.obj CMakeFiles/rcutils.dir/src/logging.c.obj CMakeFiles/rcutils.dir/src/process.c.obj CMakeFiles/rcutils.dir/src/qsort.c.obj CMakeFiles/rcutils.dir/src/repl_str.c.obj CMakeFiles/rcutils.dir/src/shared_library.c.obj CMakeFiles/rcutils.dir/src/snprintf.c.obj CMakeFiles/rcutils.dir/src/split.c.obj CMakeFiles/rcutils.dir/src/strdup.c.obj CMakeFiles/rcutils.dir/src/strerror.c.obj CMakeFiles/rcutils.dir/src/string_array.c.obj CMakeFiles/rcutils.dir/src/string_map.c.obj CMakeFiles/rcutils.dir/src/time.c.obj CMakeFiles/rcutils.dir/src/time_unix.c.obj CMakeFiles/rcutils.dir/src/uint8_array.c.obj
/usr/bin/arm-none-eabi-ranlib librcutils.a
make[6]: Leaving directory '/home/microros/microros_ws/firmware/mcu_ws/build/rcutils'
[100%] Built target rcutils
make[5]: Leaving directory '/home/microros/microros_ws/firmware/mcu_ws/build/rcutils'
/usr/bin/cmake -E cmake_progress_start /home/microros/microros_ws/firmware/mcu_ws/build/rcutils/CMakeFiles 0
make[4]: Leaving directory '/home/microros/microros_ws/firmware/mcu_ws/build/rcutils'
-- Install configuration: "RelWithDebInfo"
-- Up-to-date: /home/microros/microros_ws/firmware/mcu_ws/install/rcutils/share/rcutils/environment/pythonpath.sh
-- Installing: /home/microros/microros_ws/firmware/mcu_ws/install/rcutils/share/rcutils/environment/pythonpath.dsv
-- Up-to-date: /home/microros/microros_ws/firmware/mcu_ws/install/rcutils/lib/python3.8/site-packages/rcutils
-- Up-to-date: /home/microros/microros_ws/firmware/mcu_ws/install/rcutils/lib/python3.8/site-packages/rcutils/logging.py
-- Up-to-date: /home/microros/microros_ws/firmware/mcu_ws/install/rcutils/lib/python3.8/site-packages/rcutils/__init__.py
Listing '/home/microros/microros_ws/firmware/mcu_ws/install/rcutils/lib/python3.8/site-packages/rcutils'...
-- Installing: /home/microros/microros_ws/firmware/mcu_ws/install/rcutils/lib/librcutils.a
-- Up-to-date: /home/microros/microros_ws/firmware/mcu_ws/install/rcutils/share/rcutils/environment/library_path.sh
-- Installing: /home/microros/microros_ws/firmware/mcu_ws/install/rcutils/share/rcutils/environment/library_path.dsv
-- Up-to-date: /home/microros/microros_ws/firmware/mcu_ws/install/rcutils/share/ament_index/resource_index/package_run_dependencies/rcutils
-- Up-to-date: /home/microros/microros_ws/firmware/mcu_ws/install/rcutils/share/ament_index/resource_index/parent_prefix_path/rcutils
-- Up-to-date: /home/microros/microros_ws/firmware/mcu_ws/install/rcutils/share/rcutils/environment/ament_prefix_path.sh
-- Installing: /home/microros/microros_ws/firmware/mcu_ws/install/rcutils/share/rcutils/environment/ament_prefix_path.dsv
-- Up-to-date: /home/microros/microros_ws/firmware/mcu_ws/install/rcutils/share/rcutils/environment/path.sh
-- Installing: /home/microros/microros_ws/firmware/mcu_ws/install/rcutils/share/rcutils/environment/path.dsv
-- Up-to-date: /home/microros/microros_ws/firmware/mcu_ws/install/rcutils/share/rcutils/local_setup.bash
-- Up-to-date: /home/microros/microros_ws/firmware/mcu_ws/install/rcutils/share/rcutils/local_setup.sh
-- Up-to-date: /home/microros/microros_ws/firmware/mcu_ws/install/rcutils/share/rcutils/local_setup.zsh
-- Installing: /home/microros/microros_ws/firmware/mcu_ws/install/rcutils/share/rcutils/local_setup.dsv
-- Installing: /home/microros/microros_ws/firmware/mcu_ws/install/rcutils/share/rcutils/package.dsv
-- Up-to-date: /home/microros/microros_ws/firmware/mcu_ws/install/rcutils/share/ament_index/resource_index/packages/rcutils
-- Up-to-date: /home/microros/microros_ws/firmware/mcu_ws/install/rcutils/share/rcutils/cmake/rcutilsExport.cmake
-- Installing: /home/microros/microros_ws/firmware/mcu_ws/install/rcutils/share/rcutils/cmake/rcutilsExport-relwithdebinfo.cmake
-- Up-to-date: /home/microros/microros_ws/firmware/mcu_ws/install/rcutils/share/rcutils/cmake/ament_cmake_export_dependencies-extras.cmake
-- Up-to-date: /home/microros/microros_ws/firmware/mcu_ws/install/rcutils/share/rcutils/cmake/ament_cmake_export_include_directories-extras.cmake
-- Up-to-date: /home/microros/microros_ws/firmware/mcu_ws/install/rcutils/share/rcutils/cmake/ament_cmake_export_libraries-extras.cmake
-- Up-to-date: /home/microros/microros_ws/firmware/mcu_ws/install/rcutils/share/rcutils/cmake/ament_cmake_export_targets-extras.cmake
-- Up-to-date: /home/microros/microros_ws/firmware/mcu_ws/install/rcutils/share/rcutils/cmake/rcutilsConfig.cmake
-- Up-to-date: /home/microros/microros_ws/firmware/mcu_ws/install/rcutils/share/rcutils/cmake/rcutilsConfig-version.cmake
-- Up-to-date: /home/microros/microros_ws/firmware/mcu_ws/install/rcutils/share/rcutils/package.xml
-- Up-to-date: /home/microros/microros_ws/firmware/mcu_ws/install/rcutils/include
-- Up-to-date: /home/microros/microros_ws/firmware/mcu_ws/install/rcutils/include/rcutils
-- Up-to-date: /home/microros/microros_ws/firmware/mcu_ws/install/rcutils/include/rcutils/strerror.h
-- Up-to-date: /home/microros/microros_ws/firmware/mcu_ws/install/rcutils/include/rcutils/security_directory.h
-- Up-to-date: /home/microros/microros_ws/firmware/mcu_ws/install/rcutils/include/rcutils/snprintf.h
-- Up-to-date: /home/microros/microros_ws/firmware/mcu_ws/install/rcutils/include/rcutils/time.h
-- Up-to-date: /home/microros/microros_ws/firmware/mcu_ws/install/rcutils/include/rcutils/types
-- Up-to-date: /home/microros/microros_ws/firmware/mcu_ws/install/rcutils/include/rcutils/types/uint8_array.h
-- Up-to-date: /home/microros/microros_ws/firmware/mcu_ws/install/rcutils/include/rcutils/types/char_array.h
-- Up-to-date: /home/microros/microros_ws/firmware/mcu_ws/install/rcutils/include/rcutils/types/string_array.h
-- Up-to-date: /home/microros/microros_ws/firmware/mcu_ws/install/rcutils/include/rcutils/types/string_map.h
-- Up-to-date: /home/microros/microros_ws/firmware/mcu_ws/install/rcutils/include/rcutils/types/array_list.h
-- Up-to-date: /home/microros/microros_ws/firmware/mcu_ws/install/rcutils/include/rcutils/types/rcutils_ret.h
-- Up-to-date: /home/microros/microros_ws/firmware/mcu_ws/install/rcutils/include/rcutils/types/hash_map.h
-- Up-to-date: /home/microros/microros_ws/firmware/mcu_ws/install/rcutils/include/rcutils/configuration_flags.h.in
-- Up-to-date: /home/microros/microros_ws/firmware/mcu_ws/install/rcutils/include/rcutils/repl_str.h
-- Up-to-date: /home/microros/microros_ws/firmware/mcu_ws/install/rcutils/include/rcutils/visibility_control_macros.h
-- Up-to-date: /home/microros/microros_ws/firmware/mcu_ws/install/rcutils/include/rcutils/strdup.h
-- Up-to-date: /home/microros/microros_ws/firmware/mcu_ws/install/rcutils/include/rcutils/process.h
-- Up-to-date: /home/microros/microros_ws/firmware/mcu_ws/install/rcutils/include/rcutils/error_handling.h
-- Up-to-date: /home/microros/microros_ws/firmware/mcu_ws/install/rcutils/include/rcutils/shared_library.h
-- Up-to-date: /home/microros/microros_ws/firmware/mcu_ws/install/rcutils/include/rcutils/env.h
-- Up-to-date: /home/microros/microros_ws/firmware/mcu_ws/install/rcutils/include/rcutils/qsort.h
-- Up-to-date: /home/microros/microros_ws/firmware/mcu_ws/install/rcutils/include/rcutils/stdatomic_helper.h
-- Up-to-date: /home/microros/microros_ws/firmware/mcu_ws/install/rcutils/include/rcutils/format_string.h
-- Up-to-date: /home/microros/microros_ws/firmware/mcu_ws/install/rcutils/include/rcutils/stdatomic_helper
-- Up-to-date: /home/microros/microros_ws/firmware/mcu_ws/install/rcutils/include/rcutils/stdatomic_helper/gcc
-- Up-to-date: /home/microros/microros_ws/firmware/mcu_ws/install/rcutils/include/rcutils/stdatomic_helper/gcc/stdatomic.h
-- Up-to-date: /home/microros/microros_ws/firmware/mcu_ws/install/rcutils/include/rcutils/stdatomic_helper/win32
-- Up-to-date: /home/microros/microros_ws/firmware/mcu_ws/install/rcutils/include/rcutils/stdatomic_helper/win32/stdatomic.h
-- Up-to-date: /home/microros/microros_ws/firmware/mcu_ws/install/rcutils/include/rcutils/split.h
-- Up-to-date: /home/microros/microros_ws/firmware/mcu_ws/install/rcutils/include/rcutils/isalnum_no_locale.h
-- Up-to-date: /home/microros/microros_ws/firmware/mcu_ws/install/rcutils/include/rcutils/types.h
-- Up-to-date: /home/microros/microros_ws/firmware/mcu_ws/install/rcutils/include/rcutils/visibility_control.h
-- Up-to-date: /home/microros/microros_ws/firmware/mcu_ws/install/rcutils/include/rcutils/macros.h
-- Up-to-date: /home/microros/microros_ws/firmware/mcu_ws/install/rcutils/include/rcutils/logging.h
-- Up-to-date: /home/microros/microros_ws/firmware/mcu_ws/install/rcutils/include/rcutils/get_env.h
-- Up-to-date: /home/microros/microros_ws/firmware/mcu_ws/install/rcutils/include/rcutils/cmdline_parser.h
-- Up-to-date: /home/microros/microros_ws/firmware/mcu_ws/install/rcutils/include/rcutils/allocator.h
-- Up-to-date: /home/microros/microros_ws/firmware/mcu_ws/install/rcutils/include/rcutils/filesystem.h
-- Up-to-date: /home/microros/microros_ws/firmware/mcu_ws/install/rcutils/include/rcutils/find.h
-- Up-to-date: /home/microros/microros_ws/firmware/mcu_ws/install/rcutils/include
-- Up-to-date: /home/microros/microros_ws/firmware/mcu_ws/install/rcutils/include/rcutils
-- Up-to-date: /home/microros/microros_ws/firmware/mcu_ws/install/rcutils/include/rcutils/configuration_flags.h
-- Up-to-date: /home/microros/microros_ws/firmware/mcu_ws/install/rcutils/include/rcutils/logging_macros.h
