[0.015s] Invoking command in '/home/microros/microros_ws/firmware/mcu_ws/build/tracetools': CMAKE_PREFIX_PATH=${CMAKE_PREFIX_PATH}:/home/microros/microros_ws/firmware/dev_ws/install/ament_uncrustify:/home/microros/microros_ws/firmware/dev_ws/install/domain_coordinator:/home/microros/microros_ws/firmware/dev_ws/install/ament_xmllint:/home/microros/microros_ws/firmware/dev_ws/install/ament_pyflakes:/home/microros/microros_ws/firmware/dev_ws/install/ament_pycodestyle:/home/microros/microros_ws/firmware/dev_ws/install/ament_pep257:/home/microros/microros_ws/firmware/dev_ws/install/ament_pclint:/home/microros/microros_ws/firmware/dev_ws/install/ament_package:/home/microros/microros_ws/firmware/dev_ws/install/ament_mypy:/home/microros/microros_ws/firmware/dev_ws/install/ament_lint_cmake:/home/microros/microros_ws/firmware/dev_ws/install/ament_flake8:/home/microros/microros_ws/firmware/dev_ws/install/ament_copyright:/home/microros/microros_ws/firmware/dev_ws/install/ament_lint:/home/microros/microros_ws/firmware/dev_ws/install/ament_index_python:/home/microros/microros_ws/firmware/dev_ws/install/ament_cpplint:/home/microros/microros_ws/firmware/dev_ws/install/ament_cppcheck:/home/microros/microros_ws/firmware/dev_ws/install/ament_clang_tidy:/home/microros/microros_ws/firmware/dev_ws/install/ament_clang_format /usr/bin/cmake /home/microros/microros_ws/firmware/mcu_ws/uros/tracetools/tracetools -DBUILD_SHARED_LIBS=OFF -DCMAKE_POSITION_INDEPENDENT_CODE=ON -DBUILD_TESTING=OFF -DCMAKE_BUILD_TYPE=RelWithDebInfo -DCMAKE_TOOLCHAIN_FILE=/home/microros/microros_ws/firmware/apps/uros/arm_toolchain.cmake -DCMAKE_VERBOSE_MAKEFILE=ON -DTRACETOOLS_DISABLED=ON -DTRACETOOLS_STATUS_CHECKING_TOOL=OFF -DCMAKE_INSTALL_PREFIX=/home/microros/microros_ws/firmware/mcu_ws/install/tracetools
[0.135s] -- The C compiler identification is GNU 9.2.1
[0.218s] -- The CXX compiler identification is GNU 9.2.1
[0.227s] -- Check for working C compiler: /usr/bin/arm-none-eabi-gcc
[0.289s] -- Check for working C compiler: /usr/bin/arm-none-eabi-gcc -- works
[0.290s] -- Detecting C compiler ABI info
[0.371s] -- Detecting C compiler ABI info - done
[0.379s] -- Detecting C compile features
[0.380s] -- Detecting C compile features - done
[0.384s] -- Check for working CXX compiler: /usr/bin/arm-none-eabi-g++
[0.457s] -- Check for working CXX compiler: /usr/bin/arm-none-eabi-g++ -- works
[0.458s] -- Detecting CXX compiler ABI info
[0.556s] -- Detecting CXX compiler ABI info - done
[0.572s] -- Detecting CXX compile features
[0.573s] -- Detecting CXX compile features - done
[0.576s] -- Found ament_cmake_ros: 0.9.0 (/home/microros/microros_ws/firmware/dev_ws/install/ament_cmake_ros/share/ament_cmake_ros/cmake)
[0.588s] CMake Warning (dev) at /home/microros/microros_ws/firmware/dev_ws/install/ament_cmake_test/share/ament_cmake_test/cmake/ament_cmake_test-extras.cmake:19 (option):
[0.588s]   Policy CMP0077 is not set: option() honors normal variables.  Run "cmake
[0.588s]   --help-policy CMP0077" for policy details.  Use the cmake_policy command to
[0.588s]   set the policy and suppress this warning.
[0.588s] 
[0.588s]   For compatibility with older versions of CMake, option is clearing the
[0.588s]   normal variable 'BUILD_TESTING'.
[0.588s] Call Stack (most recent call first):
[0.588s]   /home/microros/microros_ws/firmware/dev_ws/install/ament_cmake_test/share/ament_cmake_test/cmake/ament_cmake_testConfig.cmake:41 (include)
[0.588s]   /home/microros/microros_ws/firmware/dev_ws/install/ament_cmake_pytest/share/ament_cmake_pytest/cmake/ament_cmake_pytest-extras.cmake:17 (find_package)
[0.588s]   /home/microros/microros_ws/firmware/dev_ws/install/ament_cmake_pytest/share/ament_cmake_pytest/cmake/ament_cmake_pytestConfig.cmake:41 (include)
[0.589s]   /home/microros/microros_ws/firmware/dev_ws/install/ament_cmake_ros/share/ament_cmake_ros/cmake/ament_cmake_ros-extras.cmake:19 (find_package)
[0.589s]   /home/microros/microros_ws/firmware/dev_ws/install/ament_cmake_ros/share/ament_cmake_ros/cmake/ament_cmake_rosConfig.cmake:41 (include)
[0.589s]   CMakeLists.txt:15 (find_package)
[0.589s] This warning is for project developers.  Use -Wno-dev to suppress it.
[0.589s] 
[0.635s] -- Found PythonInterp: /usr/bin/python3 (found suitable version "3.8.2", minimum required is "3") 
[0.635s] -- Using PYTHON_EXECUTABLE: /usr/bin/python3
[0.907s] CMake Warning (dev) at /home/microros/microros_ws/firmware/dev_ws/install/ament_cmake_ros/share/ament_cmake_ros/cmake/build_shared_libs.cmake:15 (option):
[0.907s]   Policy CMP0077 is not set: option() honors normal variables.  Run "cmake
[0.908s]   --help-policy CMP0077" for policy details.  Use the cmake_policy command to
[0.908s]   set the policy and suppress this warning.
[0.908s] 
[0.908s]   For compatibility with older versions of CMake, option is clearing the
[0.908s]   normal variable 'BUILD_SHARED_LIBS'.
[0.908s] Call Stack (most recent call first):
[0.908s]   /home/microros/microros_ws/firmware/dev_ws/install/ament_cmake_ros/share/ament_cmake_ros/cmake/ament_cmake_ros-extras.cmake:24 (include)
[0.908s]   /home/microros/microros_ws/firmware/dev_ws/install/ament_cmake_ros/share/ament_cmake_ros/cmake/ament_cmake_rosConfig.cmake:41 (include)
[0.908s]   CMakeLists.txt:15 (find_package)
[0.908s] This warning is for project developers.  Use -Wno-dev to suppress it.
[0.909s] 
[1.087s] -- Configuring done
[1.094s] -- Generating done
[1.095s] -- Build files have been written to: /home/microros/microros_ws/firmware/mcu_ws/build/tracetools
[1.104s] Invoked command in '/home/microros/microros_ws/firmware/mcu_ws/build/tracetools' returned '0': CMAKE_PREFIX_PATH=${CMAKE_PREFIX_PATH}:/home/microros/microros_ws/firmware/dev_ws/install/ament_uncrustify:/home/microros/microros_ws/firmware/dev_ws/install/domain_coordinator:/home/microros/microros_ws/firmware/dev_ws/install/ament_xmllint:/home/microros/microros_ws/firmware/dev_ws/install/ament_pyflakes:/home/microros/microros_ws/firmware/dev_ws/install/ament_pycodestyle:/home/microros/microros_ws/firmware/dev_ws/install/ament_pep257:/home/microros/microros_ws/firmware/dev_ws/install/ament_pclint:/home/microros/microros_ws/firmware/dev_ws/install/ament_package:/home/microros/microros_ws/firmware/dev_ws/install/ament_mypy:/home/microros/microros_ws/firmware/dev_ws/install/ament_lint_cmake:/home/microros/microros_ws/firmware/dev_ws/install/ament_flake8:/home/microros/microros_ws/firmware/dev_ws/install/ament_copyright:/home/microros/microros_ws/firmware/dev_ws/install/ament_lint:/home/microros/microros_ws/firmware/dev_ws/install/ament_index_python:/home/microros/microros_ws/firmware/dev_ws/install/ament_cpplint:/home/microros/microros_ws/firmware/dev_ws/install/ament_cppcheck:/home/microros/microros_ws/firmware/dev_ws/install/ament_clang_tidy:/home/microros/microros_ws/firmware/dev_ws/install/ament_clang_format /usr/bin/cmake /home/microros/microros_ws/firmware/mcu_ws/uros/tracetools/tracetools -DBUILD_SHARED_LIBS=OFF -DCMAKE_POSITION_INDEPENDENT_CODE=ON -DBUILD_TESTING=OFF -DCMAKE_BUILD_TYPE=RelWithDebInfo -DCMAKE_TOOLCHAIN_FILE=/home/microros/microros_ws/firmware/apps/uros/arm_toolchain.cmake -DCMAKE_VERBOSE_MAKEFILE=ON -DTRACETOOLS_DISABLED=ON -DTRACETOOLS_STATUS_CHECKING_TOOL=OFF -DCMAKE_INSTALL_PREFIX=/home/microros/microros_ws/firmware/mcu_ws/install/tracetools
[1.105s] Invoking command in '/home/microros/microros_ws/firmware/mcu_ws/build/tracetools': CMAKE_PREFIX_PATH=${CMAKE_PREFIX_PATH}:/home/microros/microros_ws/firmware/dev_ws/install/ament_uncrustify:/home/microros/microros_ws/firmware/dev_ws/install/domain_coordinator:/home/microros/microros_ws/firmware/dev_ws/install/ament_xmllint:/home/microros/microros_ws/firmware/dev_ws/install/ament_pyflakes:/home/microros/microros_ws/firmware/dev_ws/install/ament_pycodestyle:/home/microros/microros_ws/firmware/dev_ws/install/ament_pep257:/home/microros/microros_ws/firmware/dev_ws/install/ament_pclint:/home/microros/microros_ws/firmware/dev_ws/install/ament_package:/home/microros/microros_ws/firmware/dev_ws/install/ament_mypy:/home/microros/microros_ws/firmware/dev_ws/install/ament_lint_cmake:/home/microros/microros_ws/firmware/dev_ws/install/ament_flake8:/home/microros/microros_ws/firmware/dev_ws/install/ament_copyright:/home/microros/microros_ws/firmware/dev_ws/install/ament_lint:/home/microros/microros_ws/firmware/dev_ws/install/ament_index_python:/home/microros/microros_ws/firmware/dev_ws/install/ament_cpplint:/home/microros/microros_ws/firmware/dev_ws/install/ament_cppcheck:/home/microros/microros_ws/firmware/dev_ws/install/ament_clang_tidy:/home/microros/microros_ws/firmware/dev_ws/install/ament_clang_format /usr/bin/cmake --build /home/microros/microros_ws/firmware/mcu_ws/build/tracetools -- -j4 -l4
[1.131s] make[4]: Entering directory '/home/microros/microros_ws/firmware/mcu_ws/build/tracetools'
[1.131s] /usr/bin/cmake -S/home/microros/microros_ws/firmware/mcu_ws/uros/tracetools/tracetools -B/home/microros/microros_ws/firmware/mcu_ws/build/tracetools --check-build-system CMakeFiles/Makefile.cmake 0
[1.145s] /usr/bin/cmake -E cmake_progress_start /home/microros/microros_ws/firmware/mcu_ws/build/tracetools/CMakeFiles /home/microros/microros_ws/firmware/mcu_ws/build/tracetools/CMakeFiles/progress.marks
[1.157s] /usr/bin/make -f CMakeFiles/Makefile2 all
[1.158s] make[5]: Entering directory '/home/microros/microros_ws/firmware/mcu_ws/build/tracetools'
[1.158s] /usr/bin/make -f CMakeFiles/tracetools.dir/build.make CMakeFiles/tracetools.dir/depend
[1.160s] make[6]: Entering directory '/home/microros/microros_ws/firmware/mcu_ws/build/tracetools'
[1.160s] cd /home/microros/microros_ws/firmware/mcu_ws/build/tracetools && /usr/bin/cmake -E cmake_depends "Unix Makefiles" /home/microros/microros_ws/firmware/mcu_ws/uros/tracetools/tracetools /home/microros/microros_ws/firmware/mcu_ws/uros/tracetools/tracetools /home/microros/microros_ws/firmware/mcu_ws/build/tracetools /home/microros/microros_ws/firmware/mcu_ws/build/tracetools /home/microros/microros_ws/firmware/mcu_ws/build/tracetools/CMakeFiles/tracetools.dir/DependInfo.cmake --color=
[1.172s] Dependee "/home/microros/microros_ws/firmware/mcu_ws/build/tracetools/CMakeFiles/tracetools.dir/DependInfo.cmake" is newer than depender "/home/microros/microros_ws/firmware/mcu_ws/build/tracetools/CMakeFiles/tracetools.dir/depend.internal".
[1.172s] Dependee "/home/microros/microros_ws/firmware/mcu_ws/build/tracetools/CMakeFiles/CMakeDirectoryInformation.cmake" is newer than depender "/home/microros/microros_ws/firmware/mcu_ws/build/tracetools/CMakeFiles/tracetools.dir/depend.internal".
[1.172s] [35m[1mScanning dependencies of target tracetools[0m
[1.211s] make[6]: Leaving directory '/home/microros/microros_ws/firmware/mcu_ws/build/tracetools'
[1.212s] /usr/bin/make -f CMakeFiles/tracetools.dir/build.make CMakeFiles/tracetools.dir/build
[1.215s] make[6]: Entering directory '/home/microros/microros_ws/firmware/mcu_ws/build/tracetools'
[1.225s] [ 66%] [32mBuilding C object CMakeFiles/tracetools.dir/src/tracetools.c.obj[0m
[1.225s] [ 66%] [32mBuilding CXX object CMakeFiles/tracetools.dir/src/utils.cpp.obj[0m
[1.226s] /usr/bin/arm-none-eabi-gcc --sysroot=/home/microros/microros_ws/firmware/NuttX/.. -DROS_PACKAGE_NAME=\"tracetools\" -Dtracetools_VERSION=\"1.0.2\" -I/home/microros/microros_ws/firmware/mcu_ws/build/tracetools/include -isystem /home/microros/microros_ws/firmware/NuttX/include -isystem /home/microros/microros_ws/firmware/NuttX/include/cxx -isystem /home/microros/microros_ws/firmware/NuttX/include/uClibc++  -std=c99 -Dunix=1 -mcpu=cortex-m4 -mthumb -mfloat-abi=soft -Os -fno-strict-aliasing -fno-strength-reduce -fomit-frame-pointer -O2 -g -DNDEBUG -fPIC   -Wall -Wextra -Wpedantic -o CMakeFiles/tracetools.dir/src/tracetools.c.obj   -c /home/microros/microros_ws/firmware/mcu_ws/uros/tracetools/tracetools/src/tracetools.c
[1.227s] /usr/bin/arm-none-eabi-g++ --sysroot=/home/microros/microros_ws/firmware/NuttX/..  -DROS_PACKAGE_NAME=\"tracetools\" -Dtracetools_VERSION=\"1.0.2\" -I/home/microros/microros_ws/firmware/mcu_ws/build/tracetools/include -isystem /home/microros/microros_ws/firmware/NuttX/include -isystem /home/microros/microros_ws/firmware/NuttX/include/cxx -isystem /home/microros/microros_ws/firmware/NuttX/include/uClibc++  -std=c++14 -Dunix=1 -mcpu=cortex-m4 -mthumb -mfloat-abi=soft -Os -fno-strict-aliasing -fno-strength-reduce -fomit-frame-pointer -O2 -g -DNDEBUG -fPIC   -Wall -Wextra -Wpedantic -std=gnu++14 -o CMakeFiles/tracetools.dir/src/utils.cpp.obj -c /home/microros/microros_ws/firmware/mcu_ws/uros/tracetools/tracetools/src/utils.cpp
[1.275s] [100%] [32m[1mLinking CXX static library libtracetools.a[0m
[1.276s] /usr/bin/cmake -P CMakeFiles/tracetools.dir/cmake_clean_target.cmake
[1.284s] /usr/bin/cmake -E cmake_link_script CMakeFiles/tracetools.dir/link.txt --verbose=1
[1.292s] /usr/bin/arm-none-eabi-ar qc libtracetools.a  CMakeFiles/tracetools.dir/src/tracetools.c.obj CMakeFiles/tracetools.dir/src/utils.cpp.obj
[1.294s] /usr/bin/arm-none-eabi-ranlib libtracetools.a
[1.299s] make[6]: Leaving directory '/home/microros/microros_ws/firmware/mcu_ws/build/tracetools'
[1.307s] [100%] Built target tracetools
[1.308s] make[5]: Leaving directory '/home/microros/microros_ws/firmware/mcu_ws/build/tracetools'
[1.309s] /usr/bin/cmake -E cmake_progress_start /home/microros/microros_ws/firmware/mcu_ws/build/tracetools/CMakeFiles 0
[1.317s] make[4]: Leaving directory '/home/microros/microros_ws/firmware/mcu_ws/build/tracetools'
[1.319s] Invoked command in '/home/microros/microros_ws/firmware/mcu_ws/build/tracetools' returned '0': CMAKE_PREFIX_PATH=${CMAKE_PREFIX_PATH}:/home/microros/microros_ws/firmware/dev_ws/install/ament_uncrustify:/home/microros/microros_ws/firmware/dev_ws/install/domain_coordinator:/home/microros/microros_ws/firmware/dev_ws/install/ament_xmllint:/home/microros/microros_ws/firmware/dev_ws/install/ament_pyflakes:/home/microros/microros_ws/firmware/dev_ws/install/ament_pycodestyle:/home/microros/microros_ws/firmware/dev_ws/install/ament_pep257:/home/microros/microros_ws/firmware/dev_ws/install/ament_pclint:/home/microros/microros_ws/firmware/dev_ws/install/ament_package:/home/microros/microros_ws/firmware/dev_ws/install/ament_mypy:/home/microros/microros_ws/firmware/dev_ws/install/ament_lint_cmake:/home/microros/microros_ws/firmware/dev_ws/install/ament_flake8:/home/microros/microros_ws/firmware/dev_ws/install/ament_copyright:/home/microros/microros_ws/firmware/dev_ws/install/ament_lint:/home/microros/microros_ws/firmware/dev_ws/install/ament_index_python:/home/microros/microros_ws/firmware/dev_ws/install/ament_cpplint:/home/microros/microros_ws/firmware/dev_ws/install/ament_cppcheck:/home/microros/microros_ws/firmware/dev_ws/install/ament_clang_tidy:/home/microros/microros_ws/firmware/dev_ws/install/ament_clang_format /usr/bin/cmake --build /home/microros/microros_ws/firmware/mcu_ws/build/tracetools -- -j4 -l4
[1.369s] Invoking command in '/home/microros/microros_ws/firmware/mcu_ws/build/tracetools': CMAKE_PREFIX_PATH=${CMAKE_PREFIX_PATH}:/home/microros/microros_ws/firmware/dev_ws/install/ament_uncrustify:/home/microros/microros_ws/firmware/dev_ws/install/domain_coordinator:/home/microros/microros_ws/firmware/dev_ws/install/ament_xmllint:/home/microros/microros_ws/firmware/dev_ws/install/ament_pyflakes:/home/microros/microros_ws/firmware/dev_ws/install/ament_pycodestyle:/home/microros/microros_ws/firmware/dev_ws/install/ament_pep257:/home/microros/microros_ws/firmware/dev_ws/install/ament_pclint:/home/microros/microros_ws/firmware/dev_ws/install/ament_package:/home/microros/microros_ws/firmware/dev_ws/install/ament_mypy:/home/microros/microros_ws/firmware/dev_ws/install/ament_lint_cmake:/home/microros/microros_ws/firmware/dev_ws/install/ament_flake8:/home/microros/microros_ws/firmware/dev_ws/install/ament_copyright:/home/microros/microros_ws/firmware/dev_ws/install/ament_lint:/home/microros/microros_ws/firmware/dev_ws/install/ament_index_python:/home/microros/microros_ws/firmware/dev_ws/install/ament_cpplint:/home/microros/microros_ws/firmware/dev_ws/install/ament_cppcheck:/home/microros/microros_ws/firmware/dev_ws/install/ament_clang_tidy:/home/microros/microros_ws/firmware/dev_ws/install/ament_clang_format /usr/bin/cmake --install /home/microros/microros_ws/firmware/mcu_ws/build/tracetools
[1.378s] -- Install configuration: "RelWithDebInfo"
[1.379s] -- Installing: /home/microros/microros_ws/firmware/mcu_ws/install/tracetools/include
[1.379s] -- Installing: /home/microros/microros_ws/firmware/mcu_ws/install/tracetools/include/tracetools
[1.379s] -- Installing: /home/microros/microros_ws/firmware/mcu_ws/install/tracetools/include/tracetools/tracetools.h
[1.379s] -- Installing: /home/microros/microros_ws/firmware/mcu_ws/install/tracetools/include/tracetools/utils.hpp
[1.379s] -- Installing: /home/microros/microros_ws/firmware/mcu_ws/install/tracetools/include/tracetools/config.h
[1.379s] -- Installing: /home/microros/microros_ws/firmware/mcu_ws/install/tracetools/include/tracetools/visibility_control.hpp
[1.380s] -- Installing: /home/microros/microros_ws/firmware/mcu_ws/install/tracetools/lib/libtracetools.a
[1.380s] -- Installing: /home/microros/microros_ws/firmware/mcu_ws/install/tracetools/share/ament_index/resource_index/package_run_dependencies/tracetools
[1.380s] -- Installing: /home/microros/microros_ws/firmware/mcu_ws/install/tracetools/share/ament_index/resource_index/parent_prefix_path/tracetools
[1.380s] -- Installing: /home/microros/microros_ws/firmware/mcu_ws/install/tracetools/share/tracetools/environment/ament_prefix_path.sh
[1.380s] -- Installing: /home/microros/microros_ws/firmware/mcu_ws/install/tracetools/share/tracetools/environment/ament_prefix_path.dsv
[1.380s] -- Installing: /home/microros/microros_ws/firmware/mcu_ws/install/tracetools/share/tracetools/environment/path.sh
[1.380s] -- Installing: /home/microros/microros_ws/firmware/mcu_ws/install/tracetools/share/tracetools/environment/path.dsv
[1.381s] -- Installing: /home/microros/microros_ws/firmware/mcu_ws/install/tracetools/share/tracetools/local_setup.bash
[1.381s] -- Installing: /home/microros/microros_ws/firmware/mcu_ws/install/tracetools/share/tracetools/local_setup.sh
[1.381s] -- Installing: /home/microros/microros_ws/firmware/mcu_ws/install/tracetools/share/tracetools/local_setup.zsh
[1.381s] -- Installing: /home/microros/microros_ws/firmware/mcu_ws/install/tracetools/share/tracetools/local_setup.dsv
[1.381s] -- Installing: /home/microros/microros_ws/firmware/mcu_ws/install/tracetools/share/tracetools/package.dsv
[1.381s] -- Installing: /home/microros/microros_ws/firmware/mcu_ws/install/tracetools/share/ament_index/resource_index/packages/tracetools
[1.381s] -- Installing: /home/microros/microros_ws/firmware/mcu_ws/install/tracetools/share/tracetools/cmake/ament_cmake_export_include_directories-extras.cmake
[1.381s] -- Installing: /home/microros/microros_ws/firmware/mcu_ws/install/tracetools/share/tracetools/cmake/tracetoolsConfig.cmake
[1.381s] -- Installing: /home/microros/microros_ws/firmware/mcu_ws/install/tracetools/share/tracetools/cmake/tracetoolsConfig-version.cmake
[1.382s] -- Installing: /home/microros/microros_ws/firmware/mcu_ws/install/tracetools/share/tracetools/package.xml
[1.384s] Invoked command in '/home/microros/microros_ws/firmware/mcu_ws/build/tracetools' returned '0': CMAKE_PREFIX_PATH=${CMAKE_PREFIX_PATH}:/home/microros/microros_ws/firmware/dev_ws/install/ament_uncrustify:/home/microros/microros_ws/firmware/dev_ws/install/domain_coordinator:/home/microros/microros_ws/firmware/dev_ws/install/ament_xmllint:/home/microros/microros_ws/firmware/dev_ws/install/ament_pyflakes:/home/microros/microros_ws/firmware/dev_ws/install/ament_pycodestyle:/home/microros/microros_ws/firmware/dev_ws/install/ament_pep257:/home/microros/microros_ws/firmware/dev_ws/install/ament_pclint:/home/microros/microros_ws/firmware/dev_ws/install/ament_package:/home/microros/microros_ws/firmware/dev_ws/install/ament_mypy:/home/microros/microros_ws/firmware/dev_ws/install/ament_lint_cmake:/home/microros/microros_ws/firmware/dev_ws/install/ament_flake8:/home/microros/microros_ws/firmware/dev_ws/install/ament_copyright:/home/microros/microros_ws/firmware/dev_ws/install/ament_lint:/home/microros/microros_ws/firmware/dev_ws/install/ament_index_python:/home/microros/microros_ws/firmware/dev_ws/install/ament_cpplint:/home/microros/microros_ws/firmware/dev_ws/install/ament_cppcheck:/home/microros/microros_ws/firmware/dev_ws/install/ament_clang_tidy:/home/microros/microros_ws/firmware/dev_ws/install/ament_clang_format /usr/bin/cmake --install /home/microros/microros_ws/firmware/mcu_ws/build/tracetools
