running egg_info
creating /home/microros/microros_ws/firmware/mcu_ws/build/tracetools_read/tracetools_read.egg-info
writing /home/microros/microros_ws/firmware/mcu_ws/build/tracetools_read/tracetools_read.egg-info/PKG-INFO
writing dependency_links to /home/microros/microros_ws/firmware/mcu_ws/build/tracetools_read/tracetools_read.egg-info/dependency_links.txt
writing requirements to /home/microros/microros_ws/firmware/mcu_ws/build/tracetools_read/tracetools_read.egg-info/requires.txt
writing top-level names to /home/microros/microros_ws/firmware/mcu_ws/build/tracetools_read/tracetools_read.egg-info/top_level.txt
writing manifest file '/home/microros/microros_ws/firmware/mcu_ws/build/tracetools_read/tracetools_read.egg-info/SOURCES.txt'
reading manifest file '/home/microros/microros_ws/firmware/mcu_ws/build/tracetools_read/tracetools_read.egg-info/SOURCES.txt'
writing manifest file '/home/microros/microros_ws/firmware/mcu_ws/build/tracetools_read/tracetools_read.egg-info/SOURCES.txt'
running build
running build_py
creating /home/microros/microros_ws/firmware/mcu_ws/build/tracetools_read/build
creating /home/microros/microros_ws/firmware/mcu_ws/build/tracetools_read/build/lib
creating /home/microros/microros_ws/firmware/mcu_ws/build/tracetools_read/build/lib/tracetools_read
copying tracetools_read/trace.py -> /home/microros/microros_ws/firmware/mcu_ws/build/tracetools_read/build/lib/tracetools_read
copying tracetools_read/__init__.py -> /home/microros/microros_ws/firmware/mcu_ws/build/tracetools_read/build/lib/tracetools_read
running install
running install_lib
creating /home/microros/microros_ws/firmware/mcu_ws/install/tracetools_read/lib/python3.8/site-packages/tracetools_read
copying /home/microros/microros_ws/firmware/mcu_ws/build/tracetools_read/build/lib/tracetools_read/trace.py -> /home/microros/microros_ws/firmware/mcu_ws/install/tracetools_read/lib/python3.8/site-packages/tracetools_read
copying /home/microros/microros_ws/firmware/mcu_ws/build/tracetools_read/build/lib/tracetools_read/__init__.py -> /home/microros/microros_ws/firmware/mcu_ws/install/tracetools_read/lib/python3.8/site-packages/tracetools_read
byte-compiling /home/microros/microros_ws/firmware/mcu_ws/install/tracetools_read/lib/python3.8/site-packages/tracetools_read/trace.py to trace.cpython-38.pyc
byte-compiling /home/microros/microros_ws/firmware/mcu_ws/install/tracetools_read/lib/python3.8/site-packages/tracetools_read/__init__.py to __init__.cpython-38.pyc
running install_data
copying package.xml -> /home/microros/microros_ws/firmware/mcu_ws/install/tracetools_read/share/tracetools_read
creating /home/microros/microros_ws/firmware/mcu_ws/install/tracetools_read/share/ament_index
creating /home/microros/microros_ws/firmware/mcu_ws/install/tracetools_read/share/ament_index/resource_index
creating /home/microros/microros_ws/firmware/mcu_ws/install/tracetools_read/share/ament_index/resource_index/packages
copying resource/tracetools_read -> /home/microros/microros_ws/firmware/mcu_ws/install/tracetools_read/share/ament_index/resource_index/packages
running install_egg_info
Copying /home/microros/microros_ws/firmware/mcu_ws/build/tracetools_read/tracetools_read.egg-info to /home/microros/microros_ws/firmware/mcu_ws/install/tracetools_read/lib/python3.8/site-packages/tracetools_read-1.0.2-py3.8.egg-info
running install_scripts
writing list of installed files to '/home/microros/microros_ws/firmware/mcu_ws/build/tracetools_read/install.log'
