make[4]: Entering directory '/home/microros/microros_ws/firmware/mcu_ws/build/statistics_msgs'
/usr/bin/cmake -S/home/microros/microros_ws/firmware/mcu_ws/ros2/rcl_interfaces/statistics_msgs -B/home/microros/microros_ws/firmware/mcu_ws/build/statistics_msgs --check-build-system CMakeFiles/Makefile.cmake 0
/usr/bin/cmake -E cmake_progress_start /home/microros/microros_ws/firmware/mcu_ws/build/statistics_msgs/CMakeFiles /home/microros/microros_ws/firmware/mcu_ws/build/statistics_msgs/CMakeFiles/progress.marks
/usr/bin/make -f CMakeFiles/Makefile2 all
make[5]: Entering directory '/home/microros/microros_ws/firmware/mcu_ws/build/statistics_msgs'
/usr/bin/make -f CMakeFiles/statistics_msgs__rosidl_generator_c.dir/build.make CMakeFiles/statistics_msgs__rosidl_generator_c.dir/depend
make[6]: Entering directory '/home/microros/microros_ws/firmware/mcu_ws/build/statistics_msgs'
cd /home/microros/microros_ws/firmware/mcu_ws/build/statistics_msgs && /usr/bin/cmake -E cmake_depends "Unix Makefiles" /home/microros/microros_ws/firmware/mcu_ws/ros2/rcl_interfaces/statistics_msgs /home/microros/microros_ws/firmware/mcu_ws/ros2/rcl_interfaces/statistics_msgs /home/microros/microros_ws/firmware/mcu_ws/build/statistics_msgs /home/microros/microros_ws/firmware/mcu_ws/build/statistics_msgs /home/microros/microros_ws/firmware/mcu_ws/build/statistics_msgs/CMakeFiles/statistics_msgs__rosidl_generator_c.dir/DependInfo.cmake --color=
make[6]: Leaving directory '/home/microros/microros_ws/firmware/mcu_ws/build/statistics_msgs'
/usr/bin/make -f CMakeFiles/statistics_msgs__rosidl_generator_c.dir/build.make CMakeFiles/statistics_msgs__rosidl_generator_c.dir/build
make[6]: Entering directory '/home/microros/microros_ws/firmware/mcu_ws/build/statistics_msgs'
make[6]: Nothing to be done for 'CMakeFiles/statistics_msgs__rosidl_generator_c.dir/build'.
make[6]: Leaving directory '/home/microros/microros_ws/firmware/mcu_ws/build/statistics_msgs'
[ 33%] Built target statistics_msgs__rosidl_generator_c
/usr/bin/make -f CMakeFiles/statistics_msgs__rosidl_typesupport_microxrcedds_c.dir/build.make CMakeFiles/statistics_msgs__rosidl_typesupport_microxrcedds_c.dir/depend
make[6]: Entering directory '/home/microros/microros_ws/firmware/mcu_ws/build/statistics_msgs'
cd /home/microros/microros_ws/firmware/mcu_ws/build/statistics_msgs && /usr/bin/cmake -E cmake_depends "Unix Makefiles" /home/microros/microros_ws/firmware/mcu_ws/ros2/rcl_interfaces/statistics_msgs /home/microros/microros_ws/firmware/mcu_ws/ros2/rcl_interfaces/statistics_msgs /home/microros/microros_ws/firmware/mcu_ws/build/statistics_msgs /home/microros/microros_ws/firmware/mcu_ws/build/statistics_msgs /home/microros/microros_ws/firmware/mcu_ws/build/statistics_msgs/CMakeFiles/statistics_msgs__rosidl_typesupport_microxrcedds_c.dir/DependInfo.cmake --color=
make[6]: Leaving directory '/home/microros/microros_ws/firmware/mcu_ws/build/statistics_msgs'
/usr/bin/make -f CMakeFiles/statistics_msgs__rosidl_typesupport_microxrcedds_c.dir/build.make CMakeFiles/statistics_msgs__rosidl_typesupport_microxrcedds_c.dir/build
make[6]: Entering directory '/home/microros/microros_ws/firmware/mcu_ws/build/statistics_msgs'
make[6]: Nothing to be done for 'CMakeFiles/statistics_msgs__rosidl_typesupport_microxrcedds_c.dir/build'.
make[6]: Leaving directory '/home/microros/microros_ws/firmware/mcu_ws/build/statistics_msgs'
[ 66%] Built target statistics_msgs__rosidl_typesupport_microxrcedds_c
/usr/bin/make -f CMakeFiles/statistics_msgs__rosidl_typesupport_c.dir/build.make CMakeFiles/statistics_msgs__rosidl_typesupport_c.dir/depend
make[6]: Entering directory '/home/microros/microros_ws/firmware/mcu_ws/build/statistics_msgs'
cd /home/microros/microros_ws/firmware/mcu_ws/build/statistics_msgs && /usr/bin/cmake -E cmake_depends "Unix Makefiles" /home/microros/microros_ws/firmware/mcu_ws/ros2/rcl_interfaces/statistics_msgs /home/microros/microros_ws/firmware/mcu_ws/ros2/rcl_interfaces/statistics_msgs /home/microros/microros_ws/firmware/mcu_ws/build/statistics_msgs /home/microros/microros_ws/firmware/mcu_ws/build/statistics_msgs /home/microros/microros_ws/firmware/mcu_ws/build/statistics_msgs/CMakeFiles/statistics_msgs__rosidl_typesupport_c.dir/DependInfo.cmake --color=
make[6]: Leaving directory '/home/microros/microros_ws/firmware/mcu_ws/build/statistics_msgs'
/usr/bin/make -f CMakeFiles/statistics_msgs__rosidl_typesupport_c.dir/build.make CMakeFiles/statistics_msgs__rosidl_typesupport_c.dir/build
make[6]: Entering directory '/home/microros/microros_ws/firmware/mcu_ws/build/statistics_msgs'
make[6]: Nothing to be done for 'CMakeFiles/statistics_msgs__rosidl_typesupport_c.dir/build'.
make[6]: Leaving directory '/home/microros/microros_ws/firmware/mcu_ws/build/statistics_msgs'
[100%] Built target statistics_msgs__rosidl_typesupport_c
/usr/bin/make -f CMakeFiles/statistics_msgs.dir/build.make CMakeFiles/statistics_msgs.dir/depend
make[6]: Entering directory '/home/microros/microros_ws/firmware/mcu_ws/build/statistics_msgs'
cd /home/microros/microros_ws/firmware/mcu_ws/build/statistics_msgs && /usr/bin/cmake -E cmake_depends "Unix Makefiles" /home/microros/microros_ws/firmware/mcu_ws/ros2/rcl_interfaces/statistics_msgs /home/microros/microros_ws/firmware/mcu_ws/ros2/rcl_interfaces/statistics_msgs /home/microros/microros_ws/firmware/mcu_ws/build/statistics_msgs /home/microros/microros_ws/firmware/mcu_ws/build/statistics_msgs /home/microros/microros_ws/firmware/mcu_ws/build/statistics_msgs/CMakeFiles/statistics_msgs.dir/DependInfo.cmake --color=
make[6]: Leaving directory '/home/microros/microros_ws/firmware/mcu_ws/build/statistics_msgs'
/usr/bin/make -f CMakeFiles/statistics_msgs.dir/build.make CMakeFiles/statistics_msgs.dir/build
make[6]: Entering directory '/home/microros/microros_ws/firmware/mcu_ws/build/statistics_msgs'
make[6]: Nothing to be done for 'CMakeFiles/statistics_msgs.dir/build'.
make[6]: Leaving directory '/home/microros/microros_ws/firmware/mcu_ws/build/statistics_msgs'
[100%] Built target statistics_msgs
make[5]: Leaving directory '/home/microros/microros_ws/firmware/mcu_ws/build/statistics_msgs'
/usr/bin/cmake -E cmake_progress_start /home/microros/microros_ws/firmware/mcu_ws/build/statistics_msgs/CMakeFiles 0
make[4]: Leaving directory '/home/microros/microros_ws/firmware/mcu_ws/build/statistics_msgs'
-- Install configuration: "RelWithDebInfo"
-- Up-to-date: /home/microros/microros_ws/firmware/mcu_ws/install/statistics_msgs/share/ament_index/resource_index/rosidl_interfaces/statistics_msgs
-- Up-to-date: /home/microros/microros_ws/firmware/mcu_ws/install/statistics_msgs/include/statistics_msgs
-- Up-to-date: /home/microros/microros_ws/firmware/mcu_ws/install/statistics_msgs/include/statistics_msgs/msg
-- Up-to-date: /home/microros/microros_ws/firmware/mcu_ws/install/statistics_msgs/include/statistics_msgs/msg/detail
-- Up-to-date: /home/microros/microros_ws/firmware/mcu_ws/install/statistics_msgs/include/statistics_msgs/msg/detail/statistic_data_point__functions.h
-- Up-to-date: /home/microros/microros_ws/firmware/mcu_ws/install/statistics_msgs/include/statistics_msgs/msg/detail/metrics_message__functions.c
-- Up-to-date: /home/microros/microros_ws/firmware/mcu_ws/install/statistics_msgs/include/statistics_msgs/msg/detail/statistic_data_point__struct.h
-- Up-to-date: /home/microros/microros_ws/firmware/mcu_ws/install/statistics_msgs/include/statistics_msgs/msg/detail/metrics_message__functions.h
-- Up-to-date: /home/microros/microros_ws/firmware/mcu_ws/install/statistics_msgs/include/statistics_msgs/msg/detail/metrics_message__type_support.h
-- Up-to-date: /home/microros/microros_ws/firmware/mcu_ws/install/statistics_msgs/include/statistics_msgs/msg/detail/statistic_data_point__type_support.h
-- Up-to-date: /home/microros/microros_ws/firmware/mcu_ws/install/statistics_msgs/include/statistics_msgs/msg/detail/metrics_message__struct.h
-- Up-to-date: /home/microros/microros_ws/firmware/mcu_ws/install/statistics_msgs/include/statistics_msgs/msg/detail/statistic_data_type__struct.h
-- Up-to-date: /home/microros/microros_ws/firmware/mcu_ws/install/statistics_msgs/include/statistics_msgs/msg/detail/statistic_data_type__type_support.h
-- Up-to-date: /home/microros/microros_ws/firmware/mcu_ws/install/statistics_msgs/include/statistics_msgs/msg/detail/statistic_data_point__functions.c
-- Up-to-date: /home/microros/microros_ws/firmware/mcu_ws/install/statistics_msgs/include/statistics_msgs/msg/detail/statistic_data_type__functions.c
-- Up-to-date: /home/microros/microros_ws/firmware/mcu_ws/install/statistics_msgs/include/statistics_msgs/msg/detail/statistic_data_type__functions.h
-- Up-to-date: /home/microros/microros_ws/firmware/mcu_ws/install/statistics_msgs/include/statistics_msgs/msg/metrics_message.h
-- Up-to-date: /home/microros/microros_ws/firmware/mcu_ws/install/statistics_msgs/include/statistics_msgs/msg/statistic_data_point.h
-- Up-to-date: /home/microros/microros_ws/firmware/mcu_ws/install/statistics_msgs/include/statistics_msgs/msg/rosidl_generator_c__visibility_control.h
-- Up-to-date: /home/microros/microros_ws/firmware/mcu_ws/install/statistics_msgs/include/statistics_msgs/msg/statistic_data_type.h
-- Up-to-date: /home/microros/microros_ws/firmware/mcu_ws/install/statistics_msgs/share/statistics_msgs/environment/library_path.sh
-- Up-to-date: /home/microros/microros_ws/firmware/mcu_ws/install/statistics_msgs/share/statistics_msgs/environment/library_path.dsv
-- Up-to-date: /home/microros/microros_ws/firmware/mcu_ws/install/statistics_msgs/lib/libstatistics_msgs__rosidl_generator_c.a
-- Up-to-date: /home/microros/microros_ws/firmware/mcu_ws/install/statistics_msgs/include/statistics_msgs
-- Up-to-date: /home/microros/microros_ws/firmware/mcu_ws/install/statistics_msgs/include/statistics_msgs/msg
-- Up-to-date: /home/microros/microros_ws/firmware/mcu_ws/install/statistics_msgs/include/statistics_msgs/msg/detail
-- Up-to-date: /home/microros/microros_ws/firmware/mcu_ws/install/statistics_msgs/include/statistics_msgs/msg/detail/microxrcedds
-- Up-to-date: /home/microros/microros_ws/firmware/mcu_ws/install/statistics_msgs/include/statistics_msgs/msg/detail/statistic_data_point__rosidl_typesupport_microxrcedds_c.h
-- Up-to-date: /home/microros/microros_ws/firmware/mcu_ws/install/statistics_msgs/include/statistics_msgs/msg/detail/metrics_message__rosidl_typesupport_microxrcedds_c.h
-- Up-to-date: /home/microros/microros_ws/firmware/mcu_ws/install/statistics_msgs/include/statistics_msgs/msg/detail/statistic_data_type__rosidl_typesupport_microxrcedds_c.h
-- Up-to-date: /home/microros/microros_ws/firmware/mcu_ws/install/statistics_msgs/include/statistics_msgs/msg/rosidl_typesupport_microxrcedds_c__visibility_control.h
-- Up-to-date: /home/microros/microros_ws/firmware/mcu_ws/install/statistics_msgs/lib/libstatistics_msgs__rosidl_typesupport_microxrcedds_c.a
-- Up-to-date: /home/microros/microros_ws/firmware/mcu_ws/install/statistics_msgs/lib/libstatistics_msgs__rosidl_typesupport_c.a
-- Up-to-date: /home/microros/microros_ws/firmware/mcu_ws/install/statistics_msgs/lib/libstatistics_msgs__rosidl_typesupport_microxrcedds_c.a
-- Up-to-date: /home/microros/microros_ws/firmware/mcu_ws/install/statistics_msgs/share/statistics_msgs/msg/MetricsMessage.idl
-- Up-to-date: /home/microros/microros_ws/firmware/mcu_ws/install/statistics_msgs/share/statistics_msgs/msg/StatisticDataPoint.idl
-- Up-to-date: /home/microros/microros_ws/firmware/mcu_ws/install/statistics_msgs/share/statistics_msgs/msg/StatisticDataType.idl
-- Up-to-date: /home/microros/microros_ws/firmware/mcu_ws/install/statistics_msgs/share/statistics_msgs/msg/MetricsMessage.msg
-- Up-to-date: /home/microros/microros_ws/firmware/mcu_ws/install/statistics_msgs/share/statistics_msgs/msg/StatisticDataPoint.msg
-- Up-to-date: /home/microros/microros_ws/firmware/mcu_ws/install/statistics_msgs/share/statistics_msgs/msg/StatisticDataType.msg
-- Up-to-date: /home/microros/microros_ws/firmware/mcu_ws/install/statistics_msgs/share/ament_index/resource_index/package_run_dependencies/statistics_msgs
-- Up-to-date: /home/microros/microros_ws/firmware/mcu_ws/install/statistics_msgs/share/ament_index/resource_index/parent_prefix_path/statistics_msgs
-- Up-to-date: /home/microros/microros_ws/firmware/mcu_ws/install/statistics_msgs/share/statistics_msgs/environment/ament_prefix_path.sh
-- Up-to-date: /home/microros/microros_ws/firmware/mcu_ws/install/statistics_msgs/share/statistics_msgs/environment/ament_prefix_path.dsv
-- Up-to-date: /home/microros/microros_ws/firmware/mcu_ws/install/statistics_msgs/share/statistics_msgs/environment/path.sh
-- Up-to-date: /home/microros/microros_ws/firmware/mcu_ws/install/statistics_msgs/share/statistics_msgs/environment/path.dsv
-- Up-to-date: /home/microros/microros_ws/firmware/mcu_ws/install/statistics_msgs/share/statistics_msgs/local_setup.bash
-- Up-to-date: /home/microros/microros_ws/firmware/mcu_ws/install/statistics_msgs/share/statistics_msgs/local_setup.sh
-- Up-to-date: /home/microros/microros_ws/firmware/mcu_ws/install/statistics_msgs/share/statistics_msgs/local_setup.zsh
-- Up-to-date: /home/microros/microros_ws/firmware/mcu_ws/install/statistics_msgs/share/statistics_msgs/local_setup.dsv
-- Installing: /home/microros/microros_ws/firmware/mcu_ws/install/statistics_msgs/share/statistics_msgs/package.dsv
-- Up-to-date: /home/microros/microros_ws/firmware/mcu_ws/install/statistics_msgs/share/ament_index/resource_index/packages/statistics_msgs
-- Up-to-date: /home/microros/microros_ws/firmware/mcu_ws/install/statistics_msgs/share/statistics_msgs/cmake/statistics_msgs__rosidl_generator_cExport.cmake
-- Up-to-date: /home/microros/microros_ws/firmware/mcu_ws/install/statistics_msgs/share/statistics_msgs/cmake/statistics_msgs__rosidl_generator_cExport-relwithdebinfo.cmake
-- Up-to-date: /home/microros/microros_ws/firmware/mcu_ws/install/statistics_msgs/share/statistics_msgs/cmake/statistics_msgs__rosidl_typesupport_cExport.cmake
-- Up-to-date: /home/microros/microros_ws/firmware/mcu_ws/install/statistics_msgs/share/statistics_msgs/cmake/statistics_msgs__rosidl_typesupport_cExport-relwithdebinfo.cmake
-- Up-to-date: /home/microros/microros_ws/firmware/mcu_ws/install/statistics_msgs/share/statistics_msgs/cmake/rosidl_cmake-extras.cmake
-- Up-to-date: /home/microros/microros_ws/firmware/mcu_ws/install/statistics_msgs/share/statistics_msgs/cmake/ament_cmake_export_dependencies-extras.cmake
-- Up-to-date: /home/microros/microros_ws/firmware/mcu_ws/install/statistics_msgs/share/statistics_msgs/cmake/ament_cmake_export_libraries-extras.cmake
-- Up-to-date: /home/microros/microros_ws/firmware/mcu_ws/install/statistics_msgs/share/statistics_msgs/cmake/ament_cmake_export_targets-extras.cmake
-- Up-to-date: /home/microros/microros_ws/firmware/mcu_ws/install/statistics_msgs/share/statistics_msgs/cmake/ament_cmake_export_include_directories-extras.cmake
-- Up-to-date: /home/microros/microros_ws/firmware/mcu_ws/install/statistics_msgs/share/statistics_msgs/cmake/rosidl_cmake_export_typesupport_libraries-extras.cmake
-- Up-to-date: /home/microros/microros_ws/firmware/mcu_ws/install/statistics_msgs/share/statistics_msgs/cmake/statistics_msgsConfig.cmake
-- Up-to-date: /home/microros/microros_ws/firmware/mcu_ws/install/statistics_msgs/share/statistics_msgs/cmake/statistics_msgsConfig-version.cmake
-- Up-to-date: /home/microros/microros_ws/firmware/mcu_ws/install/statistics_msgs/share/statistics_msgs/package.xml
