[0.080s] Invoking command in '/home/microros/microros_ws/firmware/mcu_ws/build/tinydir_vendor': CMAKE_PREFIX_PATH=${CMAKE_PREFIX_PATH}:/home/microros/microros_ws/firmware/dev_ws/install/ament_uncrustify:/home/microros/microros_ws/firmware/dev_ws/install/domain_coordinator:/home/microros/microros_ws/firmware/dev_ws/install/ament_xmllint:/home/microros/microros_ws/firmware/dev_ws/install/ament_pyflakes:/home/microros/microros_ws/firmware/dev_ws/install/ament_pycodestyle:/home/microros/microros_ws/firmware/dev_ws/install/ament_pep257:/home/microros/microros_ws/firmware/dev_ws/install/ament_pclint:/home/microros/microros_ws/firmware/dev_ws/install/ament_package:/home/microros/microros_ws/firmware/dev_ws/install/ament_mypy:/home/microros/microros_ws/firmware/dev_ws/install/ament_lint_cmake:/home/microros/microros_ws/firmware/dev_ws/install/ament_flake8:/home/microros/microros_ws/firmware/dev_ws/install/ament_copyright:/home/microros/microros_ws/firmware/dev_ws/install/ament_lint:/home/microros/microros_ws/firmware/dev_ws/install/ament_index_python:/home/microros/microros_ws/firmware/dev_ws/install/ament_cpplint:/home/microros/microros_ws/firmware/dev_ws/install/ament_cppcheck:/home/microros/microros_ws/firmware/dev_ws/install/ament_clang_tidy:/home/microros/microros_ws/firmware/dev_ws/install/ament_clang_format /usr/bin/cmake /home/microros/microros_ws/firmware/mcu_ws/ros2/tinydir_vendor -DBUILD_SHARED_LIBS=OFF -DCMAKE_POSITION_INDEPENDENT_CODE=ON -DBUILD_TESTING=OFF -DCMAKE_BUILD_TYPE=RelWithDebInfo -DCMAKE_TOOLCHAIN_FILE=/home/microros/microros_ws/firmware/apps/uros/arm_toolchain.cmake -DCMAKE_VERBOSE_MAKEFILE=ON -DCMAKE_INSTALL_PREFIX=/home/microros/microros_ws/firmware/mcu_ws/install/tinydir_vendor
[1.809s] -- The C compiler identification is GNU 9.2.1
[2.824s] -- The CXX compiler identification is GNU 9.2.1
[2.832s] -- Check for working C compiler: /usr/bin/arm-none-eabi-gcc
[2.914s] -- Check for working C compiler: /usr/bin/arm-none-eabi-gcc -- works
[2.916s] -- Detecting C compiler ABI info
[3.006s] -- Detecting C compiler ABI info - done
[3.022s] -- Detecting C compile features
[3.022s] -- Detecting C compile features - done
[3.026s] -- Check for working CXX compiler: /usr/bin/arm-none-eabi-g++
[3.108s] -- Check for working CXX compiler: /usr/bin/arm-none-eabi-g++ -- works
[3.109s] -- Detecting CXX compiler ABI info
[3.190s] -- Detecting CXX compiler ABI info - done
[3.206s] -- Detecting CXX compile features
[3.207s] -- Detecting CXX compile features - done
[3.252s] CMake Warning (dev) at /home/microros/microros_ws/firmware/dev_ws/install/ament_cmake_test/share/ament_cmake_test/cmake/ament_cmake_test-extras.cmake:19 (option):
[3.252s]   Policy CMP0077 is not set: option() honors normal variables.  Run "cmake
[3.252s]   --help-policy CMP0077" for policy details.  Use the cmake_policy command to
[3.252s]   set the policy and suppress this warning.
[3.252s] 
[3.253s]   For compatibility with older versions of CMake, option is clearing the
[3.253s]   normal variable 'BUILD_TESTING'.
[3.253s] Call Stack (most recent call first):
[3.253s]   /home/microros/microros_ws/firmware/dev_ws/install/ament_cmake_test/share/ament_cmake_test/cmake/ament_cmake_testConfig.cmake:41 (include)
[3.253s]   CMakeLists.txt:62 (find_package)
[3.253s] This warning is for project developers.  Use -Wno-dev to suppress it.
[3.253s] 
[3.302s] -- Found PythonInterp: /usr/bin/python3 (found suitable version "3.8.2", minimum required is "3") 
[3.303s] -- Using PYTHON_EXECUTABLE: /usr/bin/python3
[3.656s] -- Configuring done
[3.661s] -- Generating done
[3.662s] -- Build files have been written to: /home/microros/microros_ws/firmware/mcu_ws/build/tinydir_vendor
[3.670s] Invoked command in '/home/microros/microros_ws/firmware/mcu_ws/build/tinydir_vendor' returned '0': CMAKE_PREFIX_PATH=${CMAKE_PREFIX_PATH}:/home/microros/microros_ws/firmware/dev_ws/install/ament_uncrustify:/home/microros/microros_ws/firmware/dev_ws/install/domain_coordinator:/home/microros/microros_ws/firmware/dev_ws/install/ament_xmllint:/home/microros/microros_ws/firmware/dev_ws/install/ament_pyflakes:/home/microros/microros_ws/firmware/dev_ws/install/ament_pycodestyle:/home/microros/microros_ws/firmware/dev_ws/install/ament_pep257:/home/microros/microros_ws/firmware/dev_ws/install/ament_pclint:/home/microros/microros_ws/firmware/dev_ws/install/ament_package:/home/microros/microros_ws/firmware/dev_ws/install/ament_mypy:/home/microros/microros_ws/firmware/dev_ws/install/ament_lint_cmake:/home/microros/microros_ws/firmware/dev_ws/install/ament_flake8:/home/microros/microros_ws/firmware/dev_ws/install/ament_copyright:/home/microros/microros_ws/firmware/dev_ws/install/ament_lint:/home/microros/microros_ws/firmware/dev_ws/install/ament_index_python:/home/microros/microros_ws/firmware/dev_ws/install/ament_cpplint:/home/microros/microros_ws/firmware/dev_ws/install/ament_cppcheck:/home/microros/microros_ws/firmware/dev_ws/install/ament_clang_tidy:/home/microros/microros_ws/firmware/dev_ws/install/ament_clang_format /usr/bin/cmake /home/microros/microros_ws/firmware/mcu_ws/ros2/tinydir_vendor -DBUILD_SHARED_LIBS=OFF -DCMAKE_POSITION_INDEPENDENT_CODE=ON -DBUILD_TESTING=OFF -DCMAKE_BUILD_TYPE=RelWithDebInfo -DCMAKE_TOOLCHAIN_FILE=/home/microros/microros_ws/firmware/apps/uros/arm_toolchain.cmake -DCMAKE_VERBOSE_MAKEFILE=ON -DCMAKE_INSTALL_PREFIX=/home/microros/microros_ws/firmware/mcu_ws/install/tinydir_vendor
[3.672s] Invoking command in '/home/microros/microros_ws/firmware/mcu_ws/build/tinydir_vendor': CMAKE_PREFIX_PATH=${CMAKE_PREFIX_PATH}:/home/microros/microros_ws/firmware/dev_ws/install/ament_uncrustify:/home/microros/microros_ws/firmware/dev_ws/install/domain_coordinator:/home/microros/microros_ws/firmware/dev_ws/install/ament_xmllint:/home/microros/microros_ws/firmware/dev_ws/install/ament_pyflakes:/home/microros/microros_ws/firmware/dev_ws/install/ament_pycodestyle:/home/microros/microros_ws/firmware/dev_ws/install/ament_pep257:/home/microros/microros_ws/firmware/dev_ws/install/ament_pclint:/home/microros/microros_ws/firmware/dev_ws/install/ament_package:/home/microros/microros_ws/firmware/dev_ws/install/ament_mypy:/home/microros/microros_ws/firmware/dev_ws/install/ament_lint_cmake:/home/microros/microros_ws/firmware/dev_ws/install/ament_flake8:/home/microros/microros_ws/firmware/dev_ws/install/ament_copyright:/home/microros/microros_ws/firmware/dev_ws/install/ament_lint:/home/microros/microros_ws/firmware/dev_ws/install/ament_index_python:/home/microros/microros_ws/firmware/dev_ws/install/ament_cpplint:/home/microros/microros_ws/firmware/dev_ws/install/ament_cppcheck:/home/microros/microros_ws/firmware/dev_ws/install/ament_clang_tidy:/home/microros/microros_ws/firmware/dev_ws/install/ament_clang_format /usr/bin/cmake --build /home/microros/microros_ws/firmware/mcu_ws/build/tinydir_vendor -- -j4 -l4
[3.761s] make[4]: Entering directory '/home/microros/microros_ws/firmware/mcu_ws/build/tinydir_vendor'
[3.761s] /usr/bin/cmake -S/home/microros/microros_ws/firmware/mcu_ws/ros2/tinydir_vendor -B/home/microros/microros_ws/firmware/mcu_ws/build/tinydir_vendor --check-build-system CMakeFiles/Makefile.cmake 0
[3.816s] /usr/bin/cmake -E cmake_progress_start /home/microros/microros_ws/firmware/mcu_ws/build/tinydir_vendor/CMakeFiles /home/microros/microros_ws/firmware/mcu_ws/build/tinydir_vendor/CMakeFiles/progress.marks
[3.850s] /usr/bin/make -f CMakeFiles/Makefile2 all
[3.853s] make[5]: Entering directory '/home/microros/microros_ws/firmware/mcu_ws/build/tinydir_vendor'
[3.854s] /usr/bin/make -f CMakeFiles/tinydir-1.2.4.dir/build.make CMakeFiles/tinydir-1.2.4.dir/depend
[3.855s] make[6]: Entering directory '/home/microros/microros_ws/firmware/mcu_ws/build/tinydir_vendor'
[3.855s] cd /home/microros/microros_ws/firmware/mcu_ws/build/tinydir_vendor && /usr/bin/cmake -E cmake_depends "Unix Makefiles" /home/microros/microros_ws/firmware/mcu_ws/ros2/tinydir_vendor /home/microros/microros_ws/firmware/mcu_ws/ros2/tinydir_vendor /home/microros/microros_ws/firmware/mcu_ws/build/tinydir_vendor /home/microros/microros_ws/firmware/mcu_ws/build/tinydir_vendor /home/microros/microros_ws/firmware/mcu_ws/build/tinydir_vendor/CMakeFiles/tinydir-1.2.4.dir/DependInfo.cmake --color=
[3.867s] Dependee "/home/microros/microros_ws/firmware/mcu_ws/build/tinydir_vendor/CMakeFiles/tinydir-1.2.4.dir/DependInfo.cmake" is newer than depender "/home/microros/microros_ws/firmware/mcu_ws/build/tinydir_vendor/CMakeFiles/tinydir-1.2.4.dir/depend.internal".
[3.868s] Dependee "/home/microros/microros_ws/firmware/mcu_ws/build/tinydir_vendor/CMakeFiles/CMakeDirectoryInformation.cmake" is newer than depender "/home/microros/microros_ws/firmware/mcu_ws/build/tinydir_vendor/CMakeFiles/tinydir-1.2.4.dir/depend.internal".
[3.868s] [35m[1mScanning dependencies of target tinydir-1.2.4[0m
[3.869s] make[6]: Leaving directory '/home/microros/microros_ws/firmware/mcu_ws/build/tinydir_vendor'
[3.869s] /usr/bin/make -f CMakeFiles/tinydir-1.2.4.dir/build.make CMakeFiles/tinydir-1.2.4.dir/build
[3.871s] make[6]: Entering directory '/home/microros/microros_ws/firmware/mcu_ws/build/tinydir_vendor'
[3.906s] [ 12%] [34m[1mCreating directories for 'tinydir-1.2.4'[0m
[3.907s] /usr/bin/cmake -E make_directory /home/microros/microros_ws/firmware/mcu_ws/build/tinydir_vendor/tinydir-1.2.4/src/tinydir-1.2.4
[3.943s] /usr/bin/cmake -E make_directory /home/microros/microros_ws/firmware/mcu_ws/build/tinydir_vendor/tinydir-1.2.4/src/tinydir-1.2.4
[3.977s] /usr/bin/cmake -E make_directory /home/microros/microros_ws/firmware/mcu_ws/build/tinydir_vendor/tinydir-1.2.4
[4.007s] /usr/bin/cmake -E make_directory /home/microros/microros_ws/firmware/mcu_ws/build/tinydir_vendor/tinydir-1.2.4/tmp
[4.025s] /usr/bin/cmake -E make_directory /home/microros/microros_ws/firmware/mcu_ws/build/tinydir_vendor/tinydir-1.2.4/src/tinydir-1.2.4-stamp
[4.057s] /usr/bin/cmake -E make_directory /home/microros/microros_ws/firmware/mcu_ws/build/tinydir_vendor/tinydir-1.2.4/src
[4.085s] /usr/bin/cmake -E make_directory /home/microros/microros_ws/firmware/mcu_ws/build/tinydir_vendor/tinydir-1.2.4/src/tinydir-1.2.4-stamp
[4.093s] /usr/bin/cmake -E touch /home/microros/microros_ws/firmware/mcu_ws/build/tinydir_vendor/tinydir-1.2.4/src/tinydir-1.2.4-stamp/tinydir-1.2.4-mkdir
[4.122s] [ 25%] [34m[1mPerforming download step (download, verify and extract) for 'tinydir-1.2.4'[0m
[4.122s] cd /home/microros/microros_ws/firmware/mcu_ws/build/tinydir_vendor/tinydir-1.2.4/src && /usr/bin/cmake -P /home/microros/microros_ws/firmware/mcu_ws/build/tinydir_vendor/tinydir-1.2.4/src/tinydir-1.2.4-stamp/download-tinydir-1.2.4.cmake
[4.134s] -- Downloading...
[4.135s]    dst='/home/microros/microros_ws/firmware/mcu_ws/build/tinydir_vendor/tinydir-1.2.4/src/1.2.4.tar.gz'
[4.135s]    timeout='none'
[4.136s] -- Using src='https://github.com/cxong/tinydir/archive/1.2.4.tar.gz'
[4.637s] -- [download 100% complete]
[4.946s] -- [download 2% complete]
[4.946s] -- [download 8% complete]
[4.946s] -- [download 14% complete]
[4.946s] -- [download 19% complete]
[4.946s] -- [download 25% complete]
[4.946s] -- [download 30% complete]
[4.946s] -- [download 36% complete]
[4.946s] -- [download 41% complete]
[4.947s] -- [download 47% complete]
[4.947s] -- [download 53% complete]
[4.947s] -- [download 58% complete]
[4.958s] -- [download 64% complete]
[4.958s] -- [download 69% complete]
[4.961s] -- [download 75% complete]
[4.964s] -- [download 80% complete]
[4.964s] -- [download 86% complete]
[4.964s] -- [download 92% complete]
[4.964s] -- [download 97% complete]
[4.964s] -- [download 100% complete]
[4.965s] -- verifying file...
[4.965s]        file='/home/microros/microros_ws/firmware/mcu_ws/build/tinydir_vendor/tinydir-1.2.4/src/1.2.4.tar.gz'
[4.965s] -- Downloading... done
[4.966s] cd /home/microros/microros_ws/firmware/mcu_ws/build/tinydir_vendor/tinydir-1.2.4/src && /usr/bin/cmake -P /home/microros/microros_ws/firmware/mcu_ws/build/tinydir_vendor/tinydir-1.2.4/src/tinydir-1.2.4-stamp/verify-tinydir-1.2.4.cmake
[4.972s] cd /home/microros/microros_ws/firmware/mcu_ws/build/tinydir_vendor/tinydir-1.2.4/src && /usr/bin/cmake -P /home/microros/microros_ws/firmware/mcu_ws/build/tinydir_vendor/tinydir-1.2.4/src/tinydir-1.2.4-stamp/extract-tinydir-1.2.4.cmake
[4.992s] -- extracting...
[4.992s]      src='/home/microros/microros_ws/firmware/mcu_ws/build/tinydir_vendor/tinydir-1.2.4/src/1.2.4.tar.gz'
[4.992s]      dst='/home/microros/microros_ws/firmware/mcu_ws/build/tinydir_vendor/tinydir-1.2.4/src/tinydir-1.2.4'
[4.992s] -- extracting... [tar xfz]
[5.042s] -- extracting... [analysis]
[5.042s] -- extracting... [rename]
[5.043s] -- extracting... [clean up]
[5.044s] -- extracting... done
[5.045s] cd /home/microros/microros_ws/firmware/mcu_ws/build/tinydir_vendor/tinydir-1.2.4/src && /usr/bin/cmake -E touch /home/microros/microros_ws/firmware/mcu_ws/build/tinydir_vendor/tinydir-1.2.4/src/tinydir-1.2.4-stamp/tinydir-1.2.4-download
[5.072s] [ 37%] [34m[1mPerforming patch step for 'tinydir-1.2.4'[0m
[5.073s] cd /home/microros/microros_ws/firmware/mcu_ws/build/tinydir_vendor/tinydir-1.2.4/src/tinydir-1.2.4 && /usr/bin/cmake -E copy /home/microros/microros_ws/firmware/mcu_ws/ros2/tinydir_vendor/tinydir_cmakelists.txt /home/microros/microros_ws/firmware/mcu_ws/build/tinydir_vendor/tinydir-1.2.4/src/tinydir-1.2.4/CMakeLists.txt
[5.083s] [ 50%] [34m[1mNo update step for 'tinydir-1.2.4'[0m
[5.084s] /usr/bin/cmake -E echo_append
[5.095s] /usr/bin/cmake -E touch /home/microros/microros_ws/firmware/mcu_ws/build/tinydir_vendor/tinydir-1.2.4/src/tinydir-1.2.4-stamp/tinydir-1.2.4-update
[5.122s] cd /home/microros/microros_ws/firmware/mcu_ws/build/tinydir_vendor/tinydir-1.2.4/src/tinydir-1.2.4 && /usr/bin/cmake -E touch /home/microros/microros_ws/firmware/mcu_ws/build/tinydir_vendor/tinydir-1.2.4/src/tinydir-1.2.4-stamp/tinydir-1.2.4-patch
[5.157s] [ 62%] [34m[1mPerforming configure step for 'tinydir-1.2.4'[0m
[5.157s] cd /home/microros/microros_ws/firmware/mcu_ws/build/tinydir_vendor/tinydir-1.2.4/src/tinydir-1.2.4 && /usr/bin/cmake -DCMAKE_INSTALL_PREFIX=/home/microros/microros_ws/firmware/mcu_ws/build/tinydir_vendor/tinydir_vendor_install "-DCMAKE_CXX_FLAGS=-std=c++14 -Dunix=1 -mcpu=cortex-m4 -mthumb -mfloat-abi=soft -Os -fno-strict-aliasing -fno-strength-reduce -fomit-frame-pointer" -DCMAKE_C_COMPILER=/usr/bin/arm-none-eabi-gcc -DCMAKE_CXX_COMPILER=/usr/bin/arm-none-eabi-g++ -DCMAKE_TOOLCHAIN_FILE=/home/microros/microros_ws/firmware/apps/uros/arm_toolchain.cmake "-GUnix Makefiles" /home/microros/microros_ws/firmware/mcu_ws/build/tinydir_vendor/tinydir-1.2.4/src/tinydir-1.2.4
[5.175s] Re-run cmake no build system arguments
[5.280s] -- The C compiler identification is GNU 9.2.1
[5.862s] -- The CXX compiler identification is GNU 9.2.1
[5.872s] -- Check for working C compiler: /usr/bin/arm-none-eabi-gcc
[6.087s] -- Check for working C compiler: /usr/bin/arm-none-eabi-gcc -- works
[6.088s] -- Detecting C compiler ABI info
[6.305s] -- Detecting C compiler ABI info - done
[6.323s] -- Detecting C compile features
[6.324s] -- Detecting C compile features - done
[6.337s] -- Check for working CXX compiler: /usr/bin/arm-none-eabi-g++
[6.634s] -- Check for working CXX compiler: /usr/bin/arm-none-eabi-g++ -- works
[6.635s] -- Detecting CXX compiler ABI info
[6.880s] -- Detecting CXX compiler ABI info - done
[6.904s] -- Detecting CXX compile features
[6.905s] -- Detecting CXX compile features - done
[6.907s] -- Configuring done
[6.908s] -- Generating done
[6.909s] -- Build files have been written to: /home/microros/microros_ws/firmware/mcu_ws/build/tinydir_vendor/tinydir-1.2.4/src/tinydir-1.2.4
[6.955s] cd /home/microros/microros_ws/firmware/mcu_ws/build/tinydir_vendor/tinydir-1.2.4/src/tinydir-1.2.4 && /usr/bin/cmake -E touch /home/microros/microros_ws/firmware/mcu_ws/build/tinydir_vendor/tinydir-1.2.4/src/tinydir-1.2.4-stamp/tinydir-1.2.4-configure
[7.053s] [ 75%] [34m[1mPerforming build step for 'tinydir-1.2.4'[0m
[7.054s] cd /home/microros/microros_ws/firmware/mcu_ws/build/tinydir_vendor/tinydir-1.2.4/src/tinydir-1.2.4 && /usr/bin/make
[7.056s] make[7]: Entering directory '/home/microros/microros_ws/firmware/mcu_ws/build/tinydir_vendor/tinydir-1.2.4/src/tinydir-1.2.4'
[7.057s] /usr/bin/cmake -S/home/microros/microros_ws/firmware/mcu_ws/build/tinydir_vendor/tinydir-1.2.4/src/tinydir-1.2.4 -B/home/microros/microros_ws/firmware/mcu_ws/build/tinydir_vendor/tinydir-1.2.4/src/tinydir-1.2.4 --check-build-system CMakeFiles/Makefile.cmake 0
[7.098s] /usr/bin/cmake -E cmake_progress_start /home/microros/microros_ws/firmware/mcu_ws/build/tinydir_vendor/tinydir-1.2.4/src/tinydir-1.2.4/CMakeFiles /home/microros/microros_ws/firmware/mcu_ws/build/tinydir_vendor/tinydir-1.2.4/src/tinydir-1.2.4/CMakeFiles/progress.marks
[7.123s] /usr/bin/make -f CMakeFiles/Makefile2 all
[7.132s] make[8]: Entering directory '/home/microros/microros_ws/firmware/mcu_ws/build/tinydir_vendor/tinydir-1.2.4/src/tinydir-1.2.4'
[7.132s] make[8]: Nothing to be done for 'all'.
[7.132s] make[8]: Leaving directory '/home/microros/microros_ws/firmware/mcu_ws/build/tinydir_vendor/tinydir-1.2.4/src/tinydir-1.2.4'
[7.132s] /usr/bin/cmake -E cmake_progress_start /home/microros/microros_ws/firmware/mcu_ws/build/tinydir_vendor/tinydir-1.2.4/src/tinydir-1.2.4/CMakeFiles 0
[7.184s] make[7]: Leaving directory '/home/microros/microros_ws/firmware/mcu_ws/build/tinydir_vendor/tinydir-1.2.4/src/tinydir-1.2.4'
[7.185s] cd /home/microros/microros_ws/firmware/mcu_ws/build/tinydir_vendor/tinydir-1.2.4/src/tinydir-1.2.4 && /usr/bin/cmake -E touch /home/microros/microros_ws/firmware/mcu_ws/build/tinydir_vendor/tinydir-1.2.4/src/tinydir-1.2.4-stamp/tinydir-1.2.4-build
[7.213s] [ 87%] [34m[1mPerforming install step for 'tinydir-1.2.4'[0m
[7.217s] cd /home/microros/microros_ws/firmware/mcu_ws/build/tinydir_vendor/tinydir-1.2.4/src/tinydir-1.2.4 && /usr/bin/make install
[7.232s] make[7]: Entering directory '/home/microros/microros_ws/firmware/mcu_ws/build/tinydir_vendor/tinydir-1.2.4/src/tinydir-1.2.4'
[7.233s] /usr/bin/cmake -S/home/microros/microros_ws/firmware/mcu_ws/build/tinydir_vendor/tinydir-1.2.4/src/tinydir-1.2.4 -B/home/microros/microros_ws/firmware/mcu_ws/build/tinydir_vendor/tinydir-1.2.4/src/tinydir-1.2.4 --check-build-system CMakeFiles/Makefile.cmake 0
[7.245s] /usr/bin/cmake -E cmake_progress_start /home/microros/microros_ws/firmware/mcu_ws/build/tinydir_vendor/tinydir-1.2.4/src/tinydir-1.2.4/CMakeFiles /home/microros/microros_ws/firmware/mcu_ws/build/tinydir_vendor/tinydir-1.2.4/src/tinydir-1.2.4/CMakeFiles/progress.marks
[7.265s] /usr/bin/make -f CMakeFiles/Makefile2 all
[7.266s] make[8]: Entering directory '/home/microros/microros_ws/firmware/mcu_ws/build/tinydir_vendor/tinydir-1.2.4/src/tinydir-1.2.4'
[7.266s] make[8]: Nothing to be done for 'all'.
[7.266s] make[8]: Leaving directory '/home/microros/microros_ws/firmware/mcu_ws/build/tinydir_vendor/tinydir-1.2.4/src/tinydir-1.2.4'
[7.266s] /usr/bin/cmake -E cmake_progress_start /home/microros/microros_ws/firmware/mcu_ws/build/tinydir_vendor/tinydir-1.2.4/src/tinydir-1.2.4/CMakeFiles 0
[7.277s] /usr/bin/make -f CMakeFiles/Makefile2 preinstall
[7.278s] make[8]: Entering directory '/home/microros/microros_ws/firmware/mcu_ws/build/tinydir_vendor/tinydir-1.2.4/src/tinydir-1.2.4'
[7.278s] make[8]: Nothing to be done for 'preinstall'.
[7.278s] make[8]: Leaving directory '/home/microros/microros_ws/firmware/mcu_ws/build/tinydir_vendor/tinydir-1.2.4/src/tinydir-1.2.4'
[7.289s] [36mInstall the project...[0m
[7.290s] /usr/bin/cmake -P cmake_install.cmake
[7.300s] -- Install configuration: ""
[7.300s] -- Installing: /home/microros/microros_ws/firmware/mcu_ws/build/tinydir_vendor/tinydir_vendor_install/include/tinydir/tinydir.h
[7.302s] make[7]: Leaving directory '/home/microros/microros_ws/firmware/mcu_ws/build/tinydir_vendor/tinydir-1.2.4/src/tinydir-1.2.4'
[7.302s] cd /home/microros/microros_ws/firmware/mcu_ws/build/tinydir_vendor/tinydir-1.2.4/src/tinydir-1.2.4 && /usr/bin/cmake -E touch /home/microros/microros_ws/firmware/mcu_ws/build/tinydir_vendor/tinydir-1.2.4/src/tinydir-1.2.4-stamp/tinydir-1.2.4-install
[7.325s] [100%] [34m[1mCompleted 'tinydir-1.2.4'[0m
[7.326s] /usr/bin/cmake -E make_directory /home/microros/microros_ws/firmware/mcu_ws/build/tinydir_vendor/CMakeFiles
[7.337s] /usr/bin/cmake -E touch /home/microros/microros_ws/firmware/mcu_ws/build/tinydir_vendor/CMakeFiles/tinydir-1.2.4-complete
[7.348s] /usr/bin/cmake -E touch /home/microros/microros_ws/firmware/mcu_ws/build/tinydir_vendor/tinydir-1.2.4/src/tinydir-1.2.4-stamp/tinydir-1.2.4-done
[7.360s] make[6]: Leaving directory '/home/microros/microros_ws/firmware/mcu_ws/build/tinydir_vendor'
[7.372s] [100%] Built target tinydir-1.2.4
[7.373s] make[5]: Leaving directory '/home/microros/microros_ws/firmware/mcu_ws/build/tinydir_vendor'
[7.374s] /usr/bin/cmake -E cmake_progress_start /home/microros/microros_ws/firmware/mcu_ws/build/tinydir_vendor/CMakeFiles 0
[7.384s] make[4]: Leaving directory '/home/microros/microros_ws/firmware/mcu_ws/build/tinydir_vendor'
[7.425s] Invoked command in '/home/microros/microros_ws/firmware/mcu_ws/build/tinydir_vendor' returned '0': CMAKE_PREFIX_PATH=${CMAKE_PREFIX_PATH}:/home/microros/microros_ws/firmware/dev_ws/install/ament_uncrustify:/home/microros/microros_ws/firmware/dev_ws/install/domain_coordinator:/home/microros/microros_ws/firmware/dev_ws/install/ament_xmllint:/home/microros/microros_ws/firmware/dev_ws/install/ament_pyflakes:/home/microros/microros_ws/firmware/dev_ws/install/ament_pycodestyle:/home/microros/microros_ws/firmware/dev_ws/install/ament_pep257:/home/microros/microros_ws/firmware/dev_ws/install/ament_pclint:/home/microros/microros_ws/firmware/dev_ws/install/ament_package:/home/microros/microros_ws/firmware/dev_ws/install/ament_mypy:/home/microros/microros_ws/firmware/dev_ws/install/ament_lint_cmake:/home/microros/microros_ws/firmware/dev_ws/install/ament_flake8:/home/microros/microros_ws/firmware/dev_ws/install/ament_copyright:/home/microros/microros_ws/firmware/dev_ws/install/ament_lint:/home/microros/microros_ws/firmware/dev_ws/install/ament_index_python:/home/microros/microros_ws/firmware/dev_ws/install/ament_cpplint:/home/microros/microros_ws/firmware/dev_ws/install/ament_cppcheck:/home/microros/microros_ws/firmware/dev_ws/install/ament_clang_tidy:/home/microros/microros_ws/firmware/dev_ws/install/ament_clang_format /usr/bin/cmake --build /home/microros/microros_ws/firmware/mcu_ws/build/tinydir_vendor -- -j4 -l4
[7.474s] Invoking command in '/home/microros/microros_ws/firmware/mcu_ws/build/tinydir_vendor': CMAKE_PREFIX_PATH=${CMAKE_PREFIX_PATH}:/home/microros/microros_ws/firmware/dev_ws/install/ament_uncrustify:/home/microros/microros_ws/firmware/dev_ws/install/domain_coordinator:/home/microros/microros_ws/firmware/dev_ws/install/ament_xmllint:/home/microros/microros_ws/firmware/dev_ws/install/ament_pyflakes:/home/microros/microros_ws/firmware/dev_ws/install/ament_pycodestyle:/home/microros/microros_ws/firmware/dev_ws/install/ament_pep257:/home/microros/microros_ws/firmware/dev_ws/install/ament_pclint:/home/microros/microros_ws/firmware/dev_ws/install/ament_package:/home/microros/microros_ws/firmware/dev_ws/install/ament_mypy:/home/microros/microros_ws/firmware/dev_ws/install/ament_lint_cmake:/home/microros/microros_ws/firmware/dev_ws/install/ament_flake8:/home/microros/microros_ws/firmware/dev_ws/install/ament_copyright:/home/microros/microros_ws/firmware/dev_ws/install/ament_lint:/home/microros/microros_ws/firmware/dev_ws/install/ament_index_python:/home/microros/microros_ws/firmware/dev_ws/install/ament_cpplint:/home/microros/microros_ws/firmware/dev_ws/install/ament_cppcheck:/home/microros/microros_ws/firmware/dev_ws/install/ament_clang_tidy:/home/microros/microros_ws/firmware/dev_ws/install/ament_clang_format /usr/bin/cmake --install /home/microros/microros_ws/firmware/mcu_ws/build/tinydir_vendor
[7.484s] -- Install configuration: "RelWithDebInfo"
[7.484s] -- Installing: /home/microros/microros_ws/firmware/mcu_ws/install/tinydir_vendor
[7.485s] -- Installing: /home/microros/microros_ws/firmware/mcu_ws/install/tinydir_vendor/include
[7.485s] -- Installing: /home/microros/microros_ws/firmware/mcu_ws/install/tinydir_vendor/include/tinydir
[7.485s] -- Installing: /home/microros/microros_ws/firmware/mcu_ws/install/tinydir_vendor/include/tinydir/tinydir.h
[7.485s] -- Installing: /home/microros/microros_ws/firmware/mcu_ws/install/tinydir_vendor/share/tinydir_vendor/package.xml
[7.485s] -- Installing: /home/microros/microros_ws/firmware/mcu_ws/install/tinydir_vendor/share/tinydir_vendor/cmake/tinydir_vendorConfig.cmake
[7.485s] -- Installing: /home/microros/microros_ws/firmware/mcu_ws/install/tinydir_vendor/share/tinydir_vendor/cmake/tinydir_vendorConfig-version.cmake
[7.491s] Invoked command in '/home/microros/microros_ws/firmware/mcu_ws/build/tinydir_vendor' returned '0': CMAKE_PREFIX_PATH=${CMAKE_PREFIX_PATH}:/home/microros/microros_ws/firmware/dev_ws/install/ament_uncrustify:/home/microros/microros_ws/firmware/dev_ws/install/domain_coordinator:/home/microros/microros_ws/firmware/dev_ws/install/ament_xmllint:/home/microros/microros_ws/firmware/dev_ws/install/ament_pyflakes:/home/microros/microros_ws/firmware/dev_ws/install/ament_pycodestyle:/home/microros/microros_ws/firmware/dev_ws/install/ament_pep257:/home/microros/microros_ws/firmware/dev_ws/install/ament_pclint:/home/microros/microros_ws/firmware/dev_ws/install/ament_package:/home/microros/microros_ws/firmware/dev_ws/install/ament_mypy:/home/microros/microros_ws/firmware/dev_ws/install/ament_lint_cmake:/home/microros/microros_ws/firmware/dev_ws/install/ament_flake8:/home/microros/microros_ws/firmware/dev_ws/install/ament_copyright:/home/microros/microros_ws/firmware/dev_ws/install/ament_lint:/home/microros/microros_ws/firmware/dev_ws/install/ament_index_python:/home/microros/microros_ws/firmware/dev_ws/install/ament_cpplint:/home/microros/microros_ws/firmware/dev_ws/install/ament_cppcheck:/home/microros/microros_ws/firmware/dev_ws/install/ament_clang_tidy:/home/microros/microros_ws/firmware/dev_ws/install/ament_clang_format /usr/bin/cmake --install /home/microros/microros_ws/firmware/mcu_ws/build/tinydir_vendor
