[0.313s] Invoking command in '/home/microros/microros_ws/firmware/mcu_ws/uros/tracetools/tracetools_trace': PYTHONPATH=/home/microros/microros_ws/firmware/mcu_ws/install/tracetools_trace/lib/python3.8/site-packages:${PYTHONPATH} /usr/bin/python3 setup.py egg_info --egg-base /home/microros/microros_ws/firmware/mcu_ws/build/tracetools_trace build --build-base /home/microros/microros_ws/firmware/mcu_ws/build/tracetools_trace/build install --prefix /home/microros/microros_ws/firmware/mcu_ws/install/tracetools_trace --record /home/microros/microros_ws/firmware/mcu_ws/build/tracetools_trace/install.log --single-version-externally-managed
[0.625s] running egg_info
[0.626s] writing /home/microros/microros_ws/firmware/mcu_ws/build/tracetools_trace/tracetools_trace.egg-info/PKG-INFO
[0.626s] writing dependency_links to /home/microros/microros_ws/firmware/mcu_ws/build/tracetools_trace/tracetools_trace.egg-info/dependency_links.txt
[0.628s] writing entry points to /home/microros/microros_ws/firmware/mcu_ws/build/tracetools_trace/tracetools_trace.egg-info/entry_points.txt
[0.628s] writing requirements to /home/microros/microros_ws/firmware/mcu_ws/build/tracetools_trace/tracetools_trace.egg-info/requires.txt
[0.628s] writing top-level names to /home/microros/microros_ws/firmware/mcu_ws/build/tracetools_trace/tracetools_trace.egg-info/top_level.txt
[0.677s] reading manifest file '/home/microros/microros_ws/firmware/mcu_ws/build/tracetools_trace/tracetools_trace.egg-info/SOURCES.txt'
[0.679s] writing manifest file '/home/microros/microros_ws/firmware/mcu_ws/build/tracetools_trace/tracetools_trace.egg-info/SOURCES.txt'
[0.682s] running build
[0.682s] running build_py
[0.683s] running install
[0.688s] running install_lib
[0.688s] running install_data
[0.688s] running install_egg_info
[0.689s] removing '/home/microros/microros_ws/firmware/mcu_ws/install/tracetools_trace/lib/python3.8/site-packages/tracetools_trace-1.0.2-py3.8.egg-info' (and everything under it)
[0.689s] Copying /home/microros/microros_ws/firmware/mcu_ws/build/tracetools_trace/tracetools_trace.egg-info to /home/microros/microros_ws/firmware/mcu_ws/install/tracetools_trace/lib/python3.8/site-packages/tracetools_trace-1.0.2-py3.8.egg-info
[0.689s] running install_scripts
[0.714s] Installing trace script to /home/microros/microros_ws/firmware/mcu_ws/install/tracetools_trace/lib/tracetools_trace
[0.714s] writing list of installed files to '/home/microros/microros_ws/firmware/mcu_ws/build/tracetools_trace/install.log'
[0.966s] Invoked command in '/home/microros/microros_ws/firmware/mcu_ws/uros/tracetools/tracetools_trace' returned '0': PYTHONPATH=/home/microros/microros_ws/firmware/mcu_ws/install/tracetools_trace/lib/python3.8/site-packages:${PYTHONPATH} /usr/bin/python3 setup.py egg_info --egg-base /home/microros/microros_ws/firmware/mcu_ws/build/tracetools_trace build --build-base /home/microros/microros_ws/firmware/mcu_ws/build/tracetools_trace/build install --prefix /home/microros/microros_ws/firmware/mcu_ws/install/tracetools_trace --record /home/microros/microros_ws/firmware/mcu_ws/build/tracetools_trace/install.log --single-version-externally-managed
