make[4]: Entering directory '/home/microros/microros_ws/firmware/mcu_ws/build/example_interfaces'
/usr/bin/cmake -S/home/microros/microros_ws/firmware/mcu_ws/ros2/example_interfaces -B/home/microros/microros_ws/firmware/mcu_ws/build/example_interfaces --check-build-system CMakeFiles/Makefile.cmake 0
/usr/bin/cmake -E cmake_progress_start /home/microros/microros_ws/firmware/mcu_ws/build/example_interfaces/CMakeFiles /home/microros/microros_ws/firmware/mcu_ws/build/example_interfaces/CMakeFiles/progress.marks
/usr/bin/make -f CMakeFiles/Makefile2 all
make[5]: Entering directory '/home/microros/microros_ws/firmware/mcu_ws/build/example_interfaces'
/usr/bin/make -f CMakeFiles/example_interfaces__rosidl_generator_c.dir/build.make CMakeFiles/example_interfaces__rosidl_generator_c.dir/depend
make[6]: Entering directory '/home/microros/microros_ws/firmware/mcu_ws/build/example_interfaces'
cd /home/microros/microros_ws/firmware/mcu_ws/build/example_interfaces && /usr/bin/cmake -E cmake_depends "Unix Makefiles" /home/microros/microros_ws/firmware/mcu_ws/ros2/example_interfaces /home/microros/microros_ws/firmware/mcu_ws/ros2/example_interfaces /home/microros/microros_ws/firmware/mcu_ws/build/example_interfaces /home/microros/microros_ws/firmware/mcu_ws/build/example_interfaces /home/microros/microros_ws/firmware/mcu_ws/build/example_interfaces/CMakeFiles/example_interfaces__rosidl_generator_c.dir/DependInfo.cmake --color=
make[6]: Leaving directory '/home/microros/microros_ws/firmware/mcu_ws/build/example_interfaces'
/usr/bin/make -f CMakeFiles/example_interfaces__rosidl_generator_c.dir/build.make CMakeFiles/example_interfaces__rosidl_generator_c.dir/build
make[6]: Entering directory '/home/microros/microros_ws/firmware/mcu_ws/build/example_interfaces'
make[6]: Nothing to be done for 'CMakeFiles/example_interfaces__rosidl_generator_c.dir/build'.
make[6]: Leaving directory '/home/microros/microros_ws/firmware/mcu_ws/build/example_interfaces'
[ 33%] Built target example_interfaces__rosidl_generator_c
/usr/bin/make -f CMakeFiles/example_interfaces__rosidl_typesupport_microxrcedds_c.dir/build.make CMakeFiles/example_interfaces__rosidl_typesupport_microxrcedds_c.dir/depend
make[6]: Entering directory '/home/microros/microros_ws/firmware/mcu_ws/build/example_interfaces'
cd /home/microros/microros_ws/firmware/mcu_ws/build/example_interfaces && /usr/bin/cmake -E cmake_depends "Unix Makefiles" /home/microros/microros_ws/firmware/mcu_ws/ros2/example_interfaces /home/microros/microros_ws/firmware/mcu_ws/ros2/example_interfaces /home/microros/microros_ws/firmware/mcu_ws/build/example_interfaces /home/microros/microros_ws/firmware/mcu_ws/build/example_interfaces /home/microros/microros_ws/firmware/mcu_ws/build/example_interfaces/CMakeFiles/example_interfaces__rosidl_typesupport_microxrcedds_c.dir/DependInfo.cmake --color=
make[6]: Leaving directory '/home/microros/microros_ws/firmware/mcu_ws/build/example_interfaces'
/usr/bin/make -f CMakeFiles/example_interfaces__rosidl_typesupport_microxrcedds_c.dir/build.make CMakeFiles/example_interfaces__rosidl_typesupport_microxrcedds_c.dir/build
make[6]: Entering directory '/home/microros/microros_ws/firmware/mcu_ws/build/example_interfaces'
make[6]: Nothing to be done for 'CMakeFiles/example_interfaces__rosidl_typesupport_microxrcedds_c.dir/build'.
make[6]: Leaving directory '/home/microros/microros_ws/firmware/mcu_ws/build/example_interfaces'
[ 67%] Built target example_interfaces__rosidl_typesupport_microxrcedds_c
/usr/bin/make -f CMakeFiles/example_interfaces__rosidl_typesupport_c.dir/build.make CMakeFiles/example_interfaces__rosidl_typesupport_c.dir/depend
make[6]: Entering directory '/home/microros/microros_ws/firmware/mcu_ws/build/example_interfaces'
cd /home/microros/microros_ws/firmware/mcu_ws/build/example_interfaces && /usr/bin/cmake -E cmake_depends "Unix Makefiles" /home/microros/microros_ws/firmware/mcu_ws/ros2/example_interfaces /home/microros/microros_ws/firmware/mcu_ws/ros2/example_interfaces /home/microros/microros_ws/firmware/mcu_ws/build/example_interfaces /home/microros/microros_ws/firmware/mcu_ws/build/example_interfaces /home/microros/microros_ws/firmware/mcu_ws/build/example_interfaces/CMakeFiles/example_interfaces__rosidl_typesupport_c.dir/DependInfo.cmake --color=
make[6]: Leaving directory '/home/microros/microros_ws/firmware/mcu_ws/build/example_interfaces'
/usr/bin/make -f CMakeFiles/example_interfaces__rosidl_typesupport_c.dir/build.make CMakeFiles/example_interfaces__rosidl_typesupport_c.dir/build
make[6]: Entering directory '/home/microros/microros_ws/firmware/mcu_ws/build/example_interfaces'
make[6]: Nothing to be done for 'CMakeFiles/example_interfaces__rosidl_typesupport_c.dir/build'.
make[6]: Leaving directory '/home/microros/microros_ws/firmware/mcu_ws/build/example_interfaces'
[100%] Built target example_interfaces__rosidl_typesupport_c
/usr/bin/make -f CMakeFiles/example_interfaces.dir/build.make CMakeFiles/example_interfaces.dir/depend
make[6]: Entering directory '/home/microros/microros_ws/firmware/mcu_ws/build/example_interfaces'
cd /home/microros/microros_ws/firmware/mcu_ws/build/example_interfaces && /usr/bin/cmake -E cmake_depends "Unix Makefiles" /home/microros/microros_ws/firmware/mcu_ws/ros2/example_interfaces /home/microros/microros_ws/firmware/mcu_ws/ros2/example_interfaces /home/microros/microros_ws/firmware/mcu_ws/build/example_interfaces /home/microros/microros_ws/firmware/mcu_ws/build/example_interfaces /home/microros/microros_ws/firmware/mcu_ws/build/example_interfaces/CMakeFiles/example_interfaces.dir/DependInfo.cmake --color=
make[6]: Leaving directory '/home/microros/microros_ws/firmware/mcu_ws/build/example_interfaces'
/usr/bin/make -f CMakeFiles/example_interfaces.dir/build.make CMakeFiles/example_interfaces.dir/build
make[6]: Entering directory '/home/microros/microros_ws/firmware/mcu_ws/build/example_interfaces'
make[6]: Nothing to be done for 'CMakeFiles/example_interfaces.dir/build'.
make[6]: Leaving directory '/home/microros/microros_ws/firmware/mcu_ws/build/example_interfaces'
[100%] Built target example_interfaces
make[5]: Leaving directory '/home/microros/microros_ws/firmware/mcu_ws/build/example_interfaces'
/usr/bin/cmake -E cmake_progress_start /home/microros/microros_ws/firmware/mcu_ws/build/example_interfaces/CMakeFiles 0
make[4]: Leaving directory '/home/microros/microros_ws/firmware/mcu_ws/build/example_interfaces'
-- Install configuration: "RelWithDebInfo"
-- Up-to-date: /home/microros/microros_ws/firmware/mcu_ws/install/example_interfaces/share/ament_index/resource_index/rosidl_interfaces/example_interfaces
-- Up-to-date: /home/microros/microros_ws/firmware/mcu_ws/install/example_interfaces/include/example_interfaces
-- Up-to-date: /home/microros/microros_ws/firmware/mcu_ws/install/example_interfaces/include/example_interfaces/msg
-- Up-to-date: /home/microros/microros_ws/firmware/mcu_ws/install/example_interfaces/include/example_interfaces/msg/detail
-- Up-to-date: /home/microros/microros_ws/firmware/mcu_ws/install/example_interfaces/include/example_interfaces/msg/detail/float32__type_support.h
-- Up-to-date: /home/microros/microros_ws/firmware/mcu_ws/install/example_interfaces/include/example_interfaces/msg/detail/multi_array_dimension__struct.h
-- Up-to-date: /home/microros/microros_ws/firmware/mcu_ws/install/example_interfaces/include/example_interfaces/msg/detail/int64_multi_array__type_support.h
-- Up-to-date: /home/microros/microros_ws/firmware/mcu_ws/install/example_interfaces/include/example_interfaces/msg/detail/multi_array_layout__struct.h
-- Up-to-date: /home/microros/microros_ws/firmware/mcu_ws/install/example_interfaces/include/example_interfaces/msg/detail/int8__functions.h
-- Up-to-date: /home/microros/microros_ws/firmware/mcu_ws/install/example_interfaces/include/example_interfaces/msg/detail/char__type_support.h
-- Up-to-date: /home/microros/microros_ws/firmware/mcu_ws/install/example_interfaces/include/example_interfaces/msg/detail/byte_multi_array__functions.c
-- Up-to-date: /home/microros/microros_ws/firmware/mcu_ws/install/example_interfaces/include/example_interfaces/msg/detail/byte_multi_array__type_support.h
-- Up-to-date: /home/microros/microros_ws/firmware/mcu_ws/install/example_interfaces/include/example_interfaces/msg/detail/bool__struct.h
-- Up-to-date: /home/microros/microros_ws/firmware/mcu_ws/install/example_interfaces/include/example_interfaces/msg/detail/char__struct.h
-- Up-to-date: /home/microros/microros_ws/firmware/mcu_ws/install/example_interfaces/include/example_interfaces/msg/detail/string__struct.h
-- Up-to-date: /home/microros/microros_ws/firmware/mcu_ws/install/example_interfaces/include/example_interfaces/msg/detail/bool__functions.c
-- Up-to-date: /home/microros/microros_ws/firmware/mcu_ws/install/example_interfaces/include/example_interfaces/msg/detail/int32__functions.h
-- Up-to-date: /home/microros/microros_ws/firmware/mcu_ws/install/example_interfaces/include/example_interfaces/msg/detail/u_int8__functions.h
-- Up-to-date: /home/microros/microros_ws/firmware/mcu_ws/install/example_interfaces/include/example_interfaces/msg/detail/float64_multi_array__functions.h
-- Up-to-date: /home/microros/microros_ws/firmware/mcu_ws/install/example_interfaces/include/example_interfaces/msg/detail/int64__type_support.h
-- Up-to-date: /home/microros/microros_ws/firmware/mcu_ws/install/example_interfaces/include/example_interfaces/msg/detail/u_int64_multi_array__functions.h
-- Up-to-date: /home/microros/microros_ws/firmware/mcu_ws/install/example_interfaces/include/example_interfaces/msg/detail/multi_array_dimension__functions.c
-- Up-to-date: /home/microros/microros_ws/firmware/mcu_ws/install/example_interfaces/include/example_interfaces/msg/detail/int64__functions.h
-- Up-to-date: /home/microros/microros_ws/firmware/mcu_ws/install/example_interfaces/include/example_interfaces/msg/detail/float64__functions.c
-- Up-to-date: /home/microros/microros_ws/firmware/mcu_ws/install/example_interfaces/include/example_interfaces/msg/detail/float64__type_support.h
-- Up-to-date: /home/microros/microros_ws/firmware/mcu_ws/install/example_interfaces/include/example_interfaces/msg/detail/u_int64_multi_array__type_support.h
-- Up-to-date: /home/microros/microros_ws/firmware/mcu_ws/install/example_interfaces/include/example_interfaces/msg/detail/string__type_support.h
-- Up-to-date: /home/microros/microros_ws/firmware/mcu_ws/install/example_interfaces/include/example_interfaces/msg/detail/int64__struct.h
-- Up-to-date: /home/microros/microros_ws/firmware/mcu_ws/install/example_interfaces/include/example_interfaces/msg/detail/u_int8_multi_array__functions.c
-- Up-to-date: /home/microros/microros_ws/firmware/mcu_ws/install/example_interfaces/include/example_interfaces/msg/detail/byte__type_support.h
-- Up-to-date: /home/microros/microros_ws/firmware/mcu_ws/install/example_interfaces/include/example_interfaces/msg/detail/empty__struct.h
-- Up-to-date: /home/microros/microros_ws/firmware/mcu_ws/install/example_interfaces/include/example_interfaces/msg/detail/w_string__struct.h
-- Up-to-date: /home/microros/microros_ws/firmware/mcu_ws/install/example_interfaces/include/example_interfaces/msg/detail/w_string__functions.c
-- Up-to-date: /home/microros/microros_ws/firmware/mcu_ws/install/example_interfaces/include/example_interfaces/msg/detail/byte_multi_array__struct.h
-- Up-to-date: /home/microros/microros_ws/firmware/mcu_ws/install/example_interfaces/include/example_interfaces/msg/detail/u_int32__type_support.h
-- Up-to-date: /home/microros/microros_ws/firmware/mcu_ws/install/example_interfaces/include/example_interfaces/msg/detail/float64__functions.h
-- Up-to-date: /home/microros/microros_ws/firmware/mcu_ws/install/example_interfaces/include/example_interfaces/msg/detail/float32_multi_array__type_support.h
-- Up-to-date: /home/microros/microros_ws/firmware/mcu_ws/install/example_interfaces/include/example_interfaces/msg/detail/int32_multi_array__type_support.h
-- Up-to-date: /home/microros/microros_ws/firmware/mcu_ws/install/example_interfaces/include/example_interfaces/msg/detail/int64_multi_array__functions.h
-- Up-to-date: /home/microros/microros_ws/firmware/mcu_ws/install/example_interfaces/include/example_interfaces/msg/detail/float64__struct.h
-- Up-to-date: /home/microros/microros_ws/firmware/mcu_ws/install/example_interfaces/include/example_interfaces/msg/detail/float32_multi_array__struct.h
-- Up-to-date: /home/microros/microros_ws/firmware/mcu_ws/install/example_interfaces/include/example_interfaces/msg/detail/multi_array_layout__functions.c
-- Up-to-date: /home/microros/microros_ws/firmware/mcu_ws/install/example_interfaces/include/example_interfaces/msg/detail/float32_multi_array__functions.c
-- Up-to-date: /home/microros/microros_ws/firmware/mcu_ws/install/example_interfaces/include/example_interfaces/msg/detail/u_int16_multi_array__type_support.h
-- Up-to-date: /home/microros/microros_ws/firmware/mcu_ws/install/example_interfaces/include/example_interfaces/msg/detail/int16__type_support.h
-- Up-to-date: /home/microros/microros_ws/firmware/mcu_ws/install/example_interfaces/include/example_interfaces/msg/detail/char__functions.c
-- Up-to-date: /home/microros/microros_ws/firmware/mcu_ws/install/example_interfaces/include/example_interfaces/msg/detail/int16__struct.h
-- Up-to-date: /home/microros/microros_ws/firmware/mcu_ws/install/example_interfaces/include/example_interfaces/msg/detail/int32_multi_array__struct.h
-- Up-to-date: /home/microros/microros_ws/firmware/mcu_ws/install/example_interfaces/include/example_interfaces/msg/detail/float32_multi_array__functions.h
-- Up-to-date: /home/microros/microros_ws/firmware/mcu_ws/install/example_interfaces/include/example_interfaces/msg/detail/u_int64__struct.h
-- Up-to-date: /home/microros/microros_ws/firmware/mcu_ws/install/example_interfaces/include/example_interfaces/msg/detail/int8_multi_array__functions.c
-- Up-to-date: /home/microros/microros_ws/firmware/mcu_ws/install/example_interfaces/include/example_interfaces/msg/detail/u_int8_multi_array__type_support.h
-- Up-to-date: /home/microros/microros_ws/firmware/mcu_ws/install/example_interfaces/include/example_interfaces/msg/detail/int32__struct.h
-- Up-to-date: /home/microros/microros_ws/firmware/mcu_ws/install/example_interfaces/include/example_interfaces/msg/detail/u_int8__struct.h
-- Up-to-date: /home/microros/microros_ws/firmware/mcu_ws/install/example_interfaces/include/example_interfaces/msg/detail/float64_multi_array__struct.h
-- Up-to-date: /home/microros/microros_ws/firmware/mcu_ws/install/example_interfaces/include/example_interfaces/msg/detail/u_int8_multi_array__struct.h
-- Up-to-date: /home/microros/microros_ws/firmware/mcu_ws/install/example_interfaces/include/example_interfaces/msg/detail/multi_array_dimension__type_support.h
-- Up-to-date: /home/microros/microros_ws/firmware/mcu_ws/install/example_interfaces/include/example_interfaces/msg/detail/u_int16_multi_array__struct.h
-- Up-to-date: /home/microros/microros_ws/firmware/mcu_ws/install/example_interfaces/include/example_interfaces/msg/detail/int32__type_support.h
-- Up-to-date: /home/microros/microros_ws/firmware/mcu_ws/install/example_interfaces/include/example_interfaces/msg/detail/u_int64__type_support.h
-- Up-to-date: /home/microros/microros_ws/firmware/mcu_ws/install/example_interfaces/include/example_interfaces/msg/detail/u_int16_multi_array__functions.c
-- Up-to-date: /home/microros/microros_ws/firmware/mcu_ws/install/example_interfaces/include/example_interfaces/msg/detail/byte_multi_array__functions.h
-- Up-to-date: /home/microros/microros_ws/firmware/mcu_ws/install/example_interfaces/include/example_interfaces/msg/detail/u_int32_multi_array__functions.h
-- Up-to-date: /home/microros/microros_ws/firmware/mcu_ws/install/example_interfaces/include/example_interfaces/msg/detail/char__functions.h
-- Up-to-date: /home/microros/microros_ws/firmware/mcu_ws/install/example_interfaces/include/example_interfaces/msg/detail/bool__type_support.h
-- Up-to-date: /home/microros/microros_ws/firmware/mcu_ws/install/example_interfaces/include/example_interfaces/msg/detail/int32_multi_array__functions.c
-- Up-to-date: /home/microros/microros_ws/firmware/mcu_ws/install/example_interfaces/include/example_interfaces/msg/detail/u_int16__functions.c
-- Up-to-date: /home/microros/microros_ws/firmware/mcu_ws/install/example_interfaces/include/example_interfaces/msg/detail/int8__type_support.h
-- Up-to-date: /home/microros/microros_ws/firmware/mcu_ws/install/example_interfaces/include/example_interfaces/msg/detail/byte__functions.h
-- Up-to-date: /home/microros/microros_ws/firmware/mcu_ws/install/example_interfaces/include/example_interfaces/msg/detail/u_int32__functions.h
-- Up-to-date: /home/microros/microros_ws/firmware/mcu_ws/install/example_interfaces/include/example_interfaces/msg/detail/int16_multi_array__type_support.h
-- Up-to-date: /home/microros/microros_ws/firmware/mcu_ws/install/example_interfaces/include/example_interfaces/msg/detail/float32__struct.h
-- Up-to-date: /home/microros/microros_ws/firmware/mcu_ws/install/example_interfaces/include/example_interfaces/msg/detail/u_int32_multi_array__functions.c
-- Up-to-date: /home/microros/microros_ws/firmware/mcu_ws/install/example_interfaces/include/example_interfaces/msg/detail/float64_multi_array__type_support.h
-- Up-to-date: /home/microros/microros_ws/firmware/mcu_ws/install/example_interfaces/include/example_interfaces/msg/detail/empty__type_support.h
-- Up-to-date: /home/microros/microros_ws/firmware/mcu_ws/install/example_interfaces/include/example_interfaces/msg/detail/w_string__functions.h
-- Up-to-date: /home/microros/microros_ws/firmware/mcu_ws/install/example_interfaces/include/example_interfaces/msg/detail/byte__functions.c
-- Up-to-date: /home/microros/microros_ws/firmware/mcu_ws/install/example_interfaces/include/example_interfaces/msg/detail/empty__functions.c
-- Up-to-date: /home/microros/microros_ws/firmware/mcu_ws/install/example_interfaces/include/example_interfaces/msg/detail/int64__functions.c
-- Up-to-date: /home/microros/microros_ws/firmware/mcu_ws/install/example_interfaces/include/example_interfaces/msg/detail/string__functions.h
-- Up-to-date: /home/microros/microros_ws/firmware/mcu_ws/install/example_interfaces/include/example_interfaces/msg/detail/multi_array_layout__functions.h
-- Up-to-date: /home/microros/microros_ws/firmware/mcu_ws/install/example_interfaces/include/example_interfaces/msg/detail/u_int64_multi_array__functions.c
-- Up-to-date: /home/microros/microros_ws/firmware/mcu_ws/install/example_interfaces/include/example_interfaces/msg/detail/int16__functions.c
-- Up-to-date: /home/microros/microros_ws/firmware/mcu_ws/install/example_interfaces/include/example_interfaces/msg/detail/string__functions.c
-- Up-to-date: /home/microros/microros_ws/firmware/mcu_ws/install/example_interfaces/include/example_interfaces/msg/detail/u_int32__functions.c
-- Up-to-date: /home/microros/microros_ws/firmware/mcu_ws/install/example_interfaces/include/example_interfaces/msg/detail/int8_multi_array__type_support.h
-- Up-to-date: /home/microros/microros_ws/firmware/mcu_ws/install/example_interfaces/include/example_interfaces/msg/detail/int16_multi_array__functions.h
-- Up-to-date: /home/microros/microros_ws/firmware/mcu_ws/install/example_interfaces/include/example_interfaces/msg/detail/u_int64_multi_array__struct.h
-- Up-to-date: /home/microros/microros_ws/firmware/mcu_ws/install/example_interfaces/include/example_interfaces/msg/detail/u_int8__functions.c
-- Up-to-date: /home/microros/microros_ws/firmware/mcu_ws/install/example_interfaces/include/example_interfaces/msg/detail/int64_multi_array__struct.h
-- Up-to-date: /home/microros/microros_ws/firmware/mcu_ws/install/example_interfaces/include/example_interfaces/msg/detail/int32__functions.c
-- Up-to-date: /home/microros/microros_ws/firmware/mcu_ws/install/example_interfaces/include/example_interfaces/msg/detail/u_int64__functions.h
-- Up-to-date: /home/microros/microros_ws/firmware/mcu_ws/install/example_interfaces/include/example_interfaces/msg/detail/float32__functions.h
-- Up-to-date: /home/microros/microros_ws/firmware/mcu_ws/install/example_interfaces/include/example_interfaces/msg/detail/float32__functions.c
-- Up-to-date: /home/microros/microros_ws/firmware/mcu_ws/install/example_interfaces/include/example_interfaces/msg/detail/int8__functions.c
-- Up-to-date: /home/microros/microros_ws/firmware/mcu_ws/install/example_interfaces/include/example_interfaces/msg/detail/int8_multi_array__struct.h
-- Up-to-date: /home/microros/microros_ws/firmware/mcu_ws/install/example_interfaces/include/example_interfaces/msg/detail/u_int16__type_support.h
-- Up-to-date: /home/microros/microros_ws/firmware/mcu_ws/install/example_interfaces/include/example_interfaces/msg/detail/empty__functions.h
-- Up-to-date: /home/microros/microros_ws/firmware/mcu_ws/install/example_interfaces/include/example_interfaces/msg/detail/int16__functions.h
-- Up-to-date: /home/microros/microros_ws/firmware/mcu_ws/install/example_interfaces/include/example_interfaces/msg/detail/u_int64__functions.c
-- Up-to-date: /home/microros/microros_ws/firmware/mcu_ws/install/example_interfaces/include/example_interfaces/msg/detail/int64_multi_array__functions.c
-- Up-to-date: /home/microros/microros_ws/firmware/mcu_ws/install/example_interfaces/include/example_interfaces/msg/detail/u_int8__type_support.h
-- Up-to-date: /home/microros/microros_ws/firmware/mcu_ws/install/example_interfaces/include/example_interfaces/msg/detail/int8_multi_array__functions.h
-- Up-to-date: /home/microros/microros_ws/firmware/mcu_ws/install/example_interfaces/include/example_interfaces/msg/detail/u_int16__functions.h
-- Up-to-date: /home/microros/microros_ws/firmware/mcu_ws/install/example_interfaces/include/example_interfaces/msg/detail/u_int16__struct.h
-- Up-to-date: /home/microros/microros_ws/firmware/mcu_ws/install/example_interfaces/include/example_interfaces/msg/detail/int16_multi_array__functions.c
-- Up-to-date: /home/microros/microros_ws/firmware/mcu_ws/install/example_interfaces/include/example_interfaces/msg/detail/int16_multi_array__struct.h
-- Up-to-date: /home/microros/microros_ws/firmware/mcu_ws/install/example_interfaces/include/example_interfaces/msg/detail/bool__functions.h
-- Up-to-date: /home/microros/microros_ws/firmware/mcu_ws/install/example_interfaces/include/example_interfaces/msg/detail/int32_multi_array__functions.h
-- Up-to-date: /home/microros/microros_ws/firmware/mcu_ws/install/example_interfaces/include/example_interfaces/msg/detail/multi_array_layout__type_support.h
-- Up-to-date: /home/microros/microros_ws/firmware/mcu_ws/install/example_interfaces/include/example_interfaces/msg/detail/int8__struct.h
-- Up-to-date: /home/microros/microros_ws/firmware/mcu_ws/install/example_interfaces/include/example_interfaces/msg/detail/u_int32_multi_array__struct.h
-- Up-to-date: /home/microros/microros_ws/firmware/mcu_ws/install/example_interfaces/include/example_interfaces/msg/detail/u_int8_multi_array__functions.h
-- Up-to-date: /home/microros/microros_ws/firmware/mcu_ws/install/example_interfaces/include/example_interfaces/msg/detail/u_int16_multi_array__functions.h
-- Up-to-date: /home/microros/microros_ws/firmware/mcu_ws/install/example_interfaces/include/example_interfaces/msg/detail/float64_multi_array__functions.c
-- Up-to-date: /home/microros/microros_ws/firmware/mcu_ws/install/example_interfaces/include/example_interfaces/msg/detail/u_int32_multi_array__type_support.h
-- Up-to-date: /home/microros/microros_ws/firmware/mcu_ws/install/example_interfaces/include/example_interfaces/msg/detail/byte__struct.h
-- Up-to-date: /home/microros/microros_ws/firmware/mcu_ws/install/example_interfaces/include/example_interfaces/msg/detail/u_int32__struct.h
-- Up-to-date: /home/microros/microros_ws/firmware/mcu_ws/install/example_interfaces/include/example_interfaces/msg/detail/multi_array_dimension__functions.h
-- Up-to-date: /home/microros/microros_ws/firmware/mcu_ws/install/example_interfaces/include/example_interfaces/msg/detail/w_string__type_support.h
-- Up-to-date: /home/microros/microros_ws/firmware/mcu_ws/install/example_interfaces/include/example_interfaces/msg/u_int16_multi_array.h
-- Up-to-date: /home/microros/microros_ws/firmware/mcu_ws/install/example_interfaces/include/example_interfaces/msg/float64_multi_array.h
-- Up-to-date: /home/microros/microros_ws/firmware/mcu_ws/install/example_interfaces/include/example_interfaces/msg/float32.h
-- Up-to-date: /home/microros/microros_ws/firmware/mcu_ws/install/example_interfaces/include/example_interfaces/msg/u_int16.h
-- Up-to-date: /home/microros/microros_ws/firmware/mcu_ws/install/example_interfaces/include/example_interfaces/msg/float64.h
-- Up-to-date: /home/microros/microros_ws/firmware/mcu_ws/install/example_interfaces/include/example_interfaces/msg/u_int64.h
-- Up-to-date: /home/microros/microros_ws/firmware/mcu_ws/install/example_interfaces/include/example_interfaces/msg/string.h
-- Up-to-date: /home/microros/microros_ws/firmware/mcu_ws/install/example_interfaces/include/example_interfaces/msg/byte_multi_array.h
-- Up-to-date: /home/microros/microros_ws/firmware/mcu_ws/install/example_interfaces/include/example_interfaces/msg/float32_multi_array.h
-- Up-to-date: /home/microros/microros_ws/firmware/mcu_ws/install/example_interfaces/include/example_interfaces/msg/int64.h
-- Up-to-date: /home/microros/microros_ws/firmware/mcu_ws/install/example_interfaces/include/example_interfaces/msg/u_int8.h
-- Up-to-date: /home/microros/microros_ws/firmware/mcu_ws/install/example_interfaces/include/example_interfaces/msg/int16_multi_array.h
-- Up-to-date: /home/microros/microros_ws/firmware/mcu_ws/install/example_interfaces/include/example_interfaces/msg/u_int32.h
-- Up-to-date: /home/microros/microros_ws/firmware/mcu_ws/install/example_interfaces/include/example_interfaces/msg/int8.h
-- Up-to-date: /home/microros/microros_ws/firmware/mcu_ws/install/example_interfaces/include/example_interfaces/msg/bool.h
-- Up-to-date: /home/microros/microros_ws/firmware/mcu_ws/install/example_interfaces/include/example_interfaces/msg/byte.h
-- Up-to-date: /home/microros/microros_ws/firmware/mcu_ws/install/example_interfaces/include/example_interfaces/msg/int8_multi_array.h
-- Up-to-date: /home/microros/microros_ws/firmware/mcu_ws/install/example_interfaces/include/example_interfaces/msg/int32_multi_array.h
-- Up-to-date: /home/microros/microros_ws/firmware/mcu_ws/install/example_interfaces/include/example_interfaces/msg/int32.h
-- Up-to-date: /home/microros/microros_ws/firmware/mcu_ws/install/example_interfaces/include/example_interfaces/msg/char.h
-- Up-to-date: /home/microros/microros_ws/firmware/mcu_ws/install/example_interfaces/include/example_interfaces/msg/multi_array_dimension.h
-- Up-to-date: /home/microros/microros_ws/firmware/mcu_ws/install/example_interfaces/include/example_interfaces/msg/int16.h
-- Up-to-date: /home/microros/microros_ws/firmware/mcu_ws/install/example_interfaces/include/example_interfaces/msg/u_int32_multi_array.h
-- Up-to-date: /home/microros/microros_ws/firmware/mcu_ws/install/example_interfaces/include/example_interfaces/msg/u_int64_multi_array.h
-- Up-to-date: /home/microros/microros_ws/firmware/mcu_ws/install/example_interfaces/include/example_interfaces/msg/rosidl_generator_c__visibility_control.h
-- Up-to-date: /home/microros/microros_ws/firmware/mcu_ws/install/example_interfaces/include/example_interfaces/msg/empty.h
-- Up-to-date: /home/microros/microros_ws/firmware/mcu_ws/install/example_interfaces/include/example_interfaces/msg/int64_multi_array.h
-- Up-to-date: /home/microros/microros_ws/firmware/mcu_ws/install/example_interfaces/include/example_interfaces/msg/w_string.h
-- Up-to-date: /home/microros/microros_ws/firmware/mcu_ws/install/example_interfaces/include/example_interfaces/msg/u_int8_multi_array.h
-- Up-to-date: /home/microros/microros_ws/firmware/mcu_ws/install/example_interfaces/include/example_interfaces/msg/multi_array_layout.h
-- Up-to-date: /home/microros/microros_ws/firmware/mcu_ws/install/example_interfaces/include/example_interfaces/srv
-- Up-to-date: /home/microros/microros_ws/firmware/mcu_ws/install/example_interfaces/include/example_interfaces/srv/detail
-- Up-to-date: /home/microros/microros_ws/firmware/mcu_ws/install/example_interfaces/include/example_interfaces/srv/detail/add_two_ints__functions.h
-- Up-to-date: /home/microros/microros_ws/firmware/mcu_ws/install/example_interfaces/include/example_interfaces/srv/detail/add_two_ints__functions.c
-- Up-to-date: /home/microros/microros_ws/firmware/mcu_ws/install/example_interfaces/include/example_interfaces/srv/detail/add_two_ints__struct.h
-- Up-to-date: /home/microros/microros_ws/firmware/mcu_ws/install/example_interfaces/include/example_interfaces/srv/detail/set_bool__functions.h
-- Up-to-date: /home/microros/microros_ws/firmware/mcu_ws/install/example_interfaces/include/example_interfaces/srv/detail/trigger__struct.h
-- Up-to-date: /home/microros/microros_ws/firmware/mcu_ws/install/example_interfaces/include/example_interfaces/srv/detail/trigger__type_support.h
-- Up-to-date: /home/microros/microros_ws/firmware/mcu_ws/install/example_interfaces/include/example_interfaces/srv/detail/trigger__functions.h
-- Up-to-date: /home/microros/microros_ws/firmware/mcu_ws/install/example_interfaces/include/example_interfaces/srv/detail/set_bool__functions.c
-- Up-to-date: /home/microros/microros_ws/firmware/mcu_ws/install/example_interfaces/include/example_interfaces/srv/detail/set_bool__struct.h
-- Up-to-date: /home/microros/microros_ws/firmware/mcu_ws/install/example_interfaces/include/example_interfaces/srv/detail/set_bool__type_support.h
-- Up-to-date: /home/microros/microros_ws/firmware/mcu_ws/install/example_interfaces/include/example_interfaces/srv/detail/trigger__functions.c
-- Up-to-date: /home/microros/microros_ws/firmware/mcu_ws/install/example_interfaces/include/example_interfaces/srv/detail/add_two_ints__type_support.h
-- Up-to-date: /home/microros/microros_ws/firmware/mcu_ws/install/example_interfaces/include/example_interfaces/srv/add_two_ints.h
-- Up-to-date: /home/microros/microros_ws/firmware/mcu_ws/install/example_interfaces/include/example_interfaces/srv/set_bool.h
-- Up-to-date: /home/microros/microros_ws/firmware/mcu_ws/install/example_interfaces/include/example_interfaces/srv/trigger.h
-- Up-to-date: /home/microros/microros_ws/firmware/mcu_ws/install/example_interfaces/include/example_interfaces/action
-- Up-to-date: /home/microros/microros_ws/firmware/mcu_ws/install/example_interfaces/include/example_interfaces/action/detail
-- Up-to-date: /home/microros/microros_ws/firmware/mcu_ws/install/example_interfaces/include/example_interfaces/action/detail/fibonacci__functions.c
-- Up-to-date: /home/microros/microros_ws/firmware/mcu_ws/install/example_interfaces/include/example_interfaces/action/detail/fibonacci__functions.h
-- Up-to-date: /home/microros/microros_ws/firmware/mcu_ws/install/example_interfaces/include/example_interfaces/action/detail/fibonacci__struct.h
-- Up-to-date: /home/microros/microros_ws/firmware/mcu_ws/install/example_interfaces/include/example_interfaces/action/detail/fibonacci__type_support.h
-- Up-to-date: /home/microros/microros_ws/firmware/mcu_ws/install/example_interfaces/include/example_interfaces/action/fibonacci.h
-- Up-to-date: /home/microros/microros_ws/firmware/mcu_ws/install/example_interfaces/share/example_interfaces/environment/library_path.sh
-- Up-to-date: /home/microros/microros_ws/firmware/mcu_ws/install/example_interfaces/share/example_interfaces/environment/library_path.dsv
-- Up-to-date: /home/microros/microros_ws/firmware/mcu_ws/install/example_interfaces/lib/libexample_interfaces__rosidl_generator_c.a
-- Up-to-date: /home/microros/microros_ws/firmware/mcu_ws/install/example_interfaces/include/example_interfaces
-- Up-to-date: /home/microros/microros_ws/firmware/mcu_ws/install/example_interfaces/include/example_interfaces/msg
-- Up-to-date: /home/microros/microros_ws/firmware/mcu_ws/install/example_interfaces/include/example_interfaces/msg/detail
-- Up-to-date: /home/microros/microros_ws/firmware/mcu_ws/install/example_interfaces/include/example_interfaces/msg/detail/int32_multi_array__rosidl_typesupport_microxrcedds_c.h
-- Up-to-date: /home/microros/microros_ws/firmware/mcu_ws/install/example_interfaces/include/example_interfaces/msg/detail/int64__rosidl_typesupport_microxrcedds_c.h
-- Up-to-date: /home/microros/microros_ws/firmware/mcu_ws/install/example_interfaces/include/example_interfaces/msg/detail/u_int16_multi_array__rosidl_typesupport_microxrcedds_c.h
-- Up-to-date: /home/microros/microros_ws/firmware/mcu_ws/install/example_interfaces/include/example_interfaces/msg/detail/empty__rosidl_typesupport_microxrcedds_c.h
-- Up-to-date: /home/microros/microros_ws/firmware/mcu_ws/install/example_interfaces/include/example_interfaces/msg/detail/int8__rosidl_typesupport_microxrcedds_c.h
-- Up-to-date: /home/microros/microros_ws/firmware/mcu_ws/install/example_interfaces/include/example_interfaces/msg/detail/microxrcedds
-- Up-to-date: /home/microros/microros_ws/firmware/mcu_ws/install/example_interfaces/include/example_interfaces/msg/detail/u_int64__rosidl_typesupport_microxrcedds_c.h
-- Up-to-date: /home/microros/microros_ws/firmware/mcu_ws/install/example_interfaces/include/example_interfaces/msg/detail/float64__rosidl_typesupport_microxrcedds_c.h
-- Up-to-date: /home/microros/microros_ws/firmware/mcu_ws/install/example_interfaces/include/example_interfaces/msg/detail/multi_array_layout__rosidl_typesupport_microxrcedds_c.h
-- Up-to-date: /home/microros/microros_ws/firmware/mcu_ws/install/example_interfaces/include/example_interfaces/msg/detail/float32__rosidl_typesupport_microxrcedds_c.h
-- Up-to-date: /home/microros/microros_ws/firmware/mcu_ws/install/example_interfaces/include/example_interfaces/msg/detail/u_int64_multi_array__rosidl_typesupport_microxrcedds_c.h
-- Up-to-date: /home/microros/microros_ws/firmware/mcu_ws/install/example_interfaces/include/example_interfaces/msg/detail/int32__rosidl_typesupport_microxrcedds_c.h
-- Up-to-date: /home/microros/microros_ws/firmware/mcu_ws/install/example_interfaces/include/example_interfaces/msg/detail/w_string__rosidl_typesupport_microxrcedds_c.h
-- Up-to-date: /home/microros/microros_ws/firmware/mcu_ws/install/example_interfaces/include/example_interfaces/msg/detail/int64_multi_array__rosidl_typesupport_microxrcedds_c.h
-- Up-to-date: /home/microros/microros_ws/firmware/mcu_ws/install/example_interfaces/include/example_interfaces/msg/detail/u_int16__rosidl_typesupport_microxrcedds_c.h
-- Up-to-date: /home/microros/microros_ws/firmware/mcu_ws/install/example_interfaces/include/example_interfaces/msg/detail/char__rosidl_typesupport_microxrcedds_c.h
-- Up-to-date: /home/microros/microros_ws/firmware/mcu_ws/install/example_interfaces/include/example_interfaces/msg/detail/u_int8_multi_array__rosidl_typesupport_microxrcedds_c.h
-- Up-to-date: /home/microros/microros_ws/firmware/mcu_ws/install/example_interfaces/include/example_interfaces/msg/detail/byte__rosidl_typesupport_microxrcedds_c.h
-- Up-to-date: /home/microros/microros_ws/firmware/mcu_ws/install/example_interfaces/include/example_interfaces/msg/detail/string__rosidl_typesupport_microxrcedds_c.h
-- Up-to-date: /home/microros/microros_ws/firmware/mcu_ws/install/example_interfaces/include/example_interfaces/msg/detail/u_int8__rosidl_typesupport_microxrcedds_c.h
-- Up-to-date: /home/microros/microros_ws/firmware/mcu_ws/install/example_interfaces/include/example_interfaces/msg/detail/u_int32__rosidl_typesupport_microxrcedds_c.h
-- Up-to-date: /home/microros/microros_ws/firmware/mcu_ws/install/example_interfaces/include/example_interfaces/msg/detail/bool__rosidl_typesupport_microxrcedds_c.h
-- Up-to-date: /home/microros/microros_ws/firmware/mcu_ws/install/example_interfaces/include/example_interfaces/msg/detail/int16__rosidl_typesupport_microxrcedds_c.h
-- Up-to-date: /home/microros/microros_ws/firmware/mcu_ws/install/example_interfaces/include/example_interfaces/msg/detail/u_int32_multi_array__rosidl_typesupport_microxrcedds_c.h
-- Up-to-date: /home/microros/microros_ws/firmware/mcu_ws/install/example_interfaces/include/example_interfaces/msg/detail/float64_multi_array__rosidl_typesupport_microxrcedds_c.h
-- Up-to-date: /home/microros/microros_ws/firmware/mcu_ws/install/example_interfaces/include/example_interfaces/msg/detail/byte_multi_array__rosidl_typesupport_microxrcedds_c.h
-- Up-to-date: /home/microros/microros_ws/firmware/mcu_ws/install/example_interfaces/include/example_interfaces/msg/detail/float32_multi_array__rosidl_typesupport_microxrcedds_c.h
-- Up-to-date: /home/microros/microros_ws/firmware/mcu_ws/install/example_interfaces/include/example_interfaces/msg/detail/multi_array_dimension__rosidl_typesupport_microxrcedds_c.h
-- Up-to-date: /home/microros/microros_ws/firmware/mcu_ws/install/example_interfaces/include/example_interfaces/msg/detail/int16_multi_array__rosidl_typesupport_microxrcedds_c.h
-- Up-to-date: /home/microros/microros_ws/firmware/mcu_ws/install/example_interfaces/include/example_interfaces/msg/detail/int8_multi_array__rosidl_typesupport_microxrcedds_c.h
-- Up-to-date: /home/microros/microros_ws/firmware/mcu_ws/install/example_interfaces/include/example_interfaces/msg/rosidl_typesupport_microxrcedds_c__visibility_control.h
-- Up-to-date: /home/microros/microros_ws/firmware/mcu_ws/install/example_interfaces/include/example_interfaces/srv
-- Up-to-date: /home/microros/microros_ws/firmware/mcu_ws/install/example_interfaces/include/example_interfaces/srv/detail
-- Up-to-date: /home/microros/microros_ws/firmware/mcu_ws/install/example_interfaces/include/example_interfaces/srv/detail/set_bool__rosidl_typesupport_microxrcedds_c.h
-- Up-to-date: /home/microros/microros_ws/firmware/mcu_ws/install/example_interfaces/include/example_interfaces/srv/detail/trigger__rosidl_typesupport_microxrcedds_c.h
-- Up-to-date: /home/microros/microros_ws/firmware/mcu_ws/install/example_interfaces/include/example_interfaces/srv/detail/add_two_ints__rosidl_typesupport_microxrcedds_c.h
-- Up-to-date: /home/microros/microros_ws/firmware/mcu_ws/install/example_interfaces/include/example_interfaces/srv/detail/microxrcedds
-- Up-to-date: /home/microros/microros_ws/firmware/mcu_ws/install/example_interfaces/include/example_interfaces/action
-- Up-to-date: /home/microros/microros_ws/firmware/mcu_ws/install/example_interfaces/include/example_interfaces/action/detail
-- Up-to-date: /home/microros/microros_ws/firmware/mcu_ws/install/example_interfaces/include/example_interfaces/action/detail/microxrcedds
-- Up-to-date: /home/microros/microros_ws/firmware/mcu_ws/install/example_interfaces/include/example_interfaces/action/detail/fibonacci__rosidl_typesupport_microxrcedds_c.h
-- Up-to-date: /home/microros/microros_ws/firmware/mcu_ws/install/example_interfaces/lib/libexample_interfaces__rosidl_typesupport_microxrcedds_c.a
-- Up-to-date: /home/microros/microros_ws/firmware/mcu_ws/install/example_interfaces/lib/libexample_interfaces__rosidl_typesupport_c.a
-- Up-to-date: /home/microros/microros_ws/firmware/mcu_ws/install/example_interfaces/lib/libexample_interfaces__rosidl_typesupport_microxrcedds_c.a
-- Up-to-date: /home/microros/microros_ws/firmware/mcu_ws/install/example_interfaces/share/example_interfaces/action/Fibonacci.idl
-- Up-to-date: /home/microros/microros_ws/firmware/mcu_ws/install/example_interfaces/share/example_interfaces/msg/Bool.idl
-- Up-to-date: /home/microros/microros_ws/firmware/mcu_ws/install/example_interfaces/share/example_interfaces/msg/Byte.idl
-- Up-to-date: /home/microros/microros_ws/firmware/mcu_ws/install/example_interfaces/share/example_interfaces/msg/ByteMultiArray.idl
-- Up-to-date: /home/microros/microros_ws/firmware/mcu_ws/install/example_interfaces/share/example_interfaces/msg/Char.idl
-- Up-to-date: /home/microros/microros_ws/firmware/mcu_ws/install/example_interfaces/share/example_interfaces/msg/Empty.idl
-- Up-to-date: /home/microros/microros_ws/firmware/mcu_ws/install/example_interfaces/share/example_interfaces/msg/Float32.idl
-- Up-to-date: /home/microros/microros_ws/firmware/mcu_ws/install/example_interfaces/share/example_interfaces/msg/Float32MultiArray.idl
-- Up-to-date: /home/microros/microros_ws/firmware/mcu_ws/install/example_interfaces/share/example_interfaces/msg/Float64.idl
-- Up-to-date: /home/microros/microros_ws/firmware/mcu_ws/install/example_interfaces/share/example_interfaces/msg/Float64MultiArray.idl
-- Up-to-date: /home/microros/microros_ws/firmware/mcu_ws/install/example_interfaces/share/example_interfaces/msg/Int16.idl
-- Up-to-date: /home/microros/microros_ws/firmware/mcu_ws/install/example_interfaces/share/example_interfaces/msg/Int16MultiArray.idl
-- Up-to-date: /home/microros/microros_ws/firmware/mcu_ws/install/example_interfaces/share/example_interfaces/msg/Int32.idl
-- Up-to-date: /home/microros/microros_ws/firmware/mcu_ws/install/example_interfaces/share/example_interfaces/msg/Int32MultiArray.idl
-- Up-to-date: /home/microros/microros_ws/firmware/mcu_ws/install/example_interfaces/share/example_interfaces/msg/Int64.idl
-- Up-to-date: /home/microros/microros_ws/firmware/mcu_ws/install/example_interfaces/share/example_interfaces/msg/Int64MultiArray.idl
-- Up-to-date: /home/microros/microros_ws/firmware/mcu_ws/install/example_interfaces/share/example_interfaces/msg/Int8.idl
-- Up-to-date: /home/microros/microros_ws/firmware/mcu_ws/install/example_interfaces/share/example_interfaces/msg/Int8MultiArray.idl
-- Up-to-date: /home/microros/microros_ws/firmware/mcu_ws/install/example_interfaces/share/example_interfaces/msg/MultiArrayDimension.idl
-- Up-to-date: /home/microros/microros_ws/firmware/mcu_ws/install/example_interfaces/share/example_interfaces/msg/MultiArrayLayout.idl
-- Up-to-date: /home/microros/microros_ws/firmware/mcu_ws/install/example_interfaces/share/example_interfaces/msg/String.idl
-- Up-to-date: /home/microros/microros_ws/firmware/mcu_ws/install/example_interfaces/share/example_interfaces/msg/UInt16.idl
-- Up-to-date: /home/microros/microros_ws/firmware/mcu_ws/install/example_interfaces/share/example_interfaces/msg/UInt16MultiArray.idl
-- Up-to-date: /home/microros/microros_ws/firmware/mcu_ws/install/example_interfaces/share/example_interfaces/msg/UInt32.idl
-- Up-to-date: /home/microros/microros_ws/firmware/mcu_ws/install/example_interfaces/share/example_interfaces/msg/UInt32MultiArray.idl
-- Up-to-date: /home/microros/microros_ws/firmware/mcu_ws/install/example_interfaces/share/example_interfaces/msg/UInt64.idl
-- Up-to-date: /home/microros/microros_ws/firmware/mcu_ws/install/example_interfaces/share/example_interfaces/msg/UInt64MultiArray.idl
-- Up-to-date: /home/microros/microros_ws/firmware/mcu_ws/install/example_interfaces/share/example_interfaces/msg/UInt8.idl
-- Up-to-date: /home/microros/microros_ws/firmware/mcu_ws/install/example_interfaces/share/example_interfaces/msg/UInt8MultiArray.idl
-- Up-to-date: /home/microros/microros_ws/firmware/mcu_ws/install/example_interfaces/share/example_interfaces/msg/WString.idl
-- Up-to-date: /home/microros/microros_ws/firmware/mcu_ws/install/example_interfaces/share/example_interfaces/srv/AddTwoInts.idl
-- Up-to-date: /home/microros/microros_ws/firmware/mcu_ws/install/example_interfaces/share/example_interfaces/srv/SetBool.idl
-- Up-to-date: /home/microros/microros_ws/firmware/mcu_ws/install/example_interfaces/share/example_interfaces/srv/Trigger.idl
-- Up-to-date: /home/microros/microros_ws/firmware/mcu_ws/install/example_interfaces/share/example_interfaces/action/Fibonacci.action
-- Up-to-date: /home/microros/microros_ws/firmware/mcu_ws/install/example_interfaces/share/example_interfaces/msg/Bool.msg
-- Up-to-date: /home/microros/microros_ws/firmware/mcu_ws/install/example_interfaces/share/example_interfaces/msg/Byte.msg
-- Up-to-date: /home/microros/microros_ws/firmware/mcu_ws/install/example_interfaces/share/example_interfaces/msg/ByteMultiArray.msg
-- Up-to-date: /home/microros/microros_ws/firmware/mcu_ws/install/example_interfaces/share/example_interfaces/msg/Char.msg
-- Up-to-date: /home/microros/microros_ws/firmware/mcu_ws/install/example_interfaces/share/example_interfaces/msg/Empty.msg
-- Up-to-date: /home/microros/microros_ws/firmware/mcu_ws/install/example_interfaces/share/example_interfaces/msg/Float32.msg
-- Up-to-date: /home/microros/microros_ws/firmware/mcu_ws/install/example_interfaces/share/example_interfaces/msg/Float32MultiArray.msg
-- Up-to-date: /home/microros/microros_ws/firmware/mcu_ws/install/example_interfaces/share/example_interfaces/msg/Float64.msg
-- Up-to-date: /home/microros/microros_ws/firmware/mcu_ws/install/example_interfaces/share/example_interfaces/msg/Float64MultiArray.msg
-- Up-to-date: /home/microros/microros_ws/firmware/mcu_ws/install/example_interfaces/share/example_interfaces/msg/Int16.msg
-- Up-to-date: /home/microros/microros_ws/firmware/mcu_ws/install/example_interfaces/share/example_interfaces/msg/Int16MultiArray.msg
-- Up-to-date: /home/microros/microros_ws/firmware/mcu_ws/install/example_interfaces/share/example_interfaces/msg/Int32.msg
-- Up-to-date: /home/microros/microros_ws/firmware/mcu_ws/install/example_interfaces/share/example_interfaces/msg/Int32MultiArray.msg
-- Up-to-date: /home/microros/microros_ws/firmware/mcu_ws/install/example_interfaces/share/example_interfaces/msg/Int64.msg
-- Up-to-date: /home/microros/microros_ws/firmware/mcu_ws/install/example_interfaces/share/example_interfaces/msg/Int64MultiArray.msg
-- Up-to-date: /home/microros/microros_ws/firmware/mcu_ws/install/example_interfaces/share/example_interfaces/msg/Int8.msg
-- Up-to-date: /home/microros/microros_ws/firmware/mcu_ws/install/example_interfaces/share/example_interfaces/msg/Int8MultiArray.msg
-- Up-to-date: /home/microros/microros_ws/firmware/mcu_ws/install/example_interfaces/share/example_interfaces/msg/MultiArrayDimension.msg
-- Up-to-date: /home/microros/microros_ws/firmware/mcu_ws/install/example_interfaces/share/example_interfaces/msg/MultiArrayLayout.msg
-- Up-to-date: /home/microros/microros_ws/firmware/mcu_ws/install/example_interfaces/share/example_interfaces/msg/String.msg
-- Up-to-date: /home/microros/microros_ws/firmware/mcu_ws/install/example_interfaces/share/example_interfaces/msg/UInt16.msg
-- Up-to-date: /home/microros/microros_ws/firmware/mcu_ws/install/example_interfaces/share/example_interfaces/msg/UInt16MultiArray.msg
-- Up-to-date: /home/microros/microros_ws/firmware/mcu_ws/install/example_interfaces/share/example_interfaces/msg/UInt32.msg
-- Up-to-date: /home/microros/microros_ws/firmware/mcu_ws/install/example_interfaces/share/example_interfaces/msg/UInt32MultiArray.msg
-- Up-to-date: /home/microros/microros_ws/firmware/mcu_ws/install/example_interfaces/share/example_interfaces/msg/UInt64.msg
-- Up-to-date: /home/microros/microros_ws/firmware/mcu_ws/install/example_interfaces/share/example_interfaces/msg/UInt64MultiArray.msg
-- Up-to-date: /home/microros/microros_ws/firmware/mcu_ws/install/example_interfaces/share/example_interfaces/msg/UInt8.msg
-- Up-to-date: /home/microros/microros_ws/firmware/mcu_ws/install/example_interfaces/share/example_interfaces/msg/UInt8MultiArray.msg
-- Up-to-date: /home/microros/microros_ws/firmware/mcu_ws/install/example_interfaces/share/example_interfaces/msg/WString.msg
-- Up-to-date: /home/microros/microros_ws/firmware/mcu_ws/install/example_interfaces/share/example_interfaces/srv/AddTwoInts.srv
-- Up-to-date: /home/microros/microros_ws/firmware/mcu_ws/install/example_interfaces/share/example_interfaces/srv/AddTwoInts_Request.msg
-- Up-to-date: /home/microros/microros_ws/firmware/mcu_ws/install/example_interfaces/share/example_interfaces/srv/AddTwoInts_Response.msg
-- Up-to-date: /home/microros/microros_ws/firmware/mcu_ws/install/example_interfaces/share/example_interfaces/srv/SetBool.srv
-- Up-to-date: /home/microros/microros_ws/firmware/mcu_ws/install/example_interfaces/share/example_interfaces/srv/SetBool_Request.msg
-- Up-to-date: /home/microros/microros_ws/firmware/mcu_ws/install/example_interfaces/share/example_interfaces/srv/SetBool_Response.msg
-- Up-to-date: /home/microros/microros_ws/firmware/mcu_ws/install/example_interfaces/share/example_interfaces/srv/Trigger.srv
-- Up-to-date: /home/microros/microros_ws/firmware/mcu_ws/install/example_interfaces/share/example_interfaces/srv/Trigger_Request.msg
-- Up-to-date: /home/microros/microros_ws/firmware/mcu_ws/install/example_interfaces/share/example_interfaces/srv/Trigger_Response.msg
-- Up-to-date: /home/microros/microros_ws/firmware/mcu_ws/install/example_interfaces/share/example_interfaces/mapping_rules.yaml
-- Up-to-date: /home/microros/microros_ws/firmware/mcu_ws/install/example_interfaces/share/ament_index/resource_index/package_run_dependencies/example_interfaces
-- Up-to-date: /home/microros/microros_ws/firmware/mcu_ws/install/example_interfaces/share/ament_index/resource_index/parent_prefix_path/example_interfaces
-- Up-to-date: /home/microros/microros_ws/firmware/mcu_ws/install/example_interfaces/share/example_interfaces/environment/ament_prefix_path.sh
-- Up-to-date: /home/microros/microros_ws/firmware/mcu_ws/install/example_interfaces/share/example_interfaces/environment/ament_prefix_path.dsv
-- Up-to-date: /home/microros/microros_ws/firmware/mcu_ws/install/example_interfaces/share/example_interfaces/environment/path.sh
-- Up-to-date: /home/microros/microros_ws/firmware/mcu_ws/install/example_interfaces/share/example_interfaces/environment/path.dsv
-- Up-to-date: /home/microros/microros_ws/firmware/mcu_ws/install/example_interfaces/share/example_interfaces/local_setup.bash
-- Up-to-date: /home/microros/microros_ws/firmware/mcu_ws/install/example_interfaces/share/example_interfaces/local_setup.sh
-- Up-to-date: /home/microros/microros_ws/firmware/mcu_ws/install/example_interfaces/share/example_interfaces/local_setup.zsh
-- Up-to-date: /home/microros/microros_ws/firmware/mcu_ws/install/example_interfaces/share/example_interfaces/local_setup.dsv
-- Installing: /home/microros/microros_ws/firmware/mcu_ws/install/example_interfaces/share/example_interfaces/package.dsv
-- Up-to-date: /home/microros/microros_ws/firmware/mcu_ws/install/example_interfaces/share/ament_index/resource_index/packages/example_interfaces
-- Up-to-date: /home/microros/microros_ws/firmware/mcu_ws/install/example_interfaces/share/example_interfaces/cmake/example_interfaces__rosidl_generator_cExport.cmake
-- Up-to-date: /home/microros/microros_ws/firmware/mcu_ws/install/example_interfaces/share/example_interfaces/cmake/example_interfaces__rosidl_generator_cExport-relwithdebinfo.cmake
-- Up-to-date: /home/microros/microros_ws/firmware/mcu_ws/install/example_interfaces/share/example_interfaces/cmake/example_interfaces__rosidl_typesupport_cExport.cmake
-- Up-to-date: /home/microros/microros_ws/firmware/mcu_ws/install/example_interfaces/share/example_interfaces/cmake/example_interfaces__rosidl_typesupport_cExport-relwithdebinfo.cmake
-- Up-to-date: /home/microros/microros_ws/firmware/mcu_ws/install/example_interfaces/share/example_interfaces/cmake/rosidl_cmake-extras.cmake
-- Up-to-date: /home/microros/microros_ws/firmware/mcu_ws/install/example_interfaces/share/example_interfaces/cmake/ament_cmake_export_dependencies-extras.cmake
-- Up-to-date: /home/microros/microros_ws/firmware/mcu_ws/install/example_interfaces/share/example_interfaces/cmake/ament_cmake_export_libraries-extras.cmake
-- Up-to-date: /home/microros/microros_ws/firmware/mcu_ws/install/example_interfaces/share/example_interfaces/cmake/ament_cmake_export_targets-extras.cmake
-- Up-to-date: /home/microros/microros_ws/firmware/mcu_ws/install/example_interfaces/share/example_interfaces/cmake/ament_cmake_export_include_directories-extras.cmake
-- Up-to-date: /home/microros/microros_ws/firmware/mcu_ws/install/example_interfaces/share/example_interfaces/cmake/rosidl_cmake_export_typesupport_libraries-extras.cmake
-- Up-to-date: /home/microros/microros_ws/firmware/mcu_ws/install/example_interfaces/share/example_interfaces/cmake/example_interfacesConfig.cmake
-- Up-to-date: /home/microros/microros_ws/firmware/mcu_ws/install/example_interfaces/share/example_interfaces/cmake/example_interfacesConfig-version.cmake
-- Up-to-date: /home/microros/microros_ws/firmware/mcu_ws/install/example_interfaces/share/example_interfaces/package.xml
