[0.053s] Invoking command in '/home/microros/microros_ws/firmware/mcu_ws/build/tracetools': CMAKE_PREFIX_PATH=${CMAKE_PREFIX_PATH}:/home/microros/microros_ws/firmware/dev_ws/install/ament_uncrustify:/home/microros/microros_ws/firmware/dev_ws/install/domain_coordinator:/home/microros/microros_ws/firmware/dev_ws/install/ament_xmllint:/home/microros/microros_ws/firmware/dev_ws/install/ament_pyflakes:/home/microros/microros_ws/firmware/dev_ws/install/ament_pycodestyle:/home/microros/microros_ws/firmware/dev_ws/install/ament_pep257:/home/microros/microros_ws/firmware/dev_ws/install/ament_pclint:/home/microros/microros_ws/firmware/dev_ws/install/ament_package:/home/microros/microros_ws/firmware/dev_ws/install/ament_mypy:/home/microros/microros_ws/firmware/dev_ws/install/ament_lint_cmake:/home/microros/microros_ws/firmware/dev_ws/install/ament_flake8:/home/microros/microros_ws/firmware/dev_ws/install/ament_copyright:/home/microros/microros_ws/firmware/dev_ws/install/ament_lint:/home/microros/microros_ws/firmware/dev_ws/install/ament_index_python:/home/microros/microros_ws/firmware/dev_ws/install/ament_cpplint:/home/microros/microros_ws/firmware/dev_ws/install/ament_cppcheck:/home/microros/microros_ws/firmware/dev_ws/install/ament_clang_tidy:/home/microros/microros_ws/firmware/dev_ws/install/ament_clang_format /usr/bin/cmake --build /home/microros/microros_ws/firmware/mcu_ws/build/tracetools -- -j4 -l4
[0.079s] make[4]: Entering directory '/home/microros/microros_ws/firmware/mcu_ws/build/tracetools'
[0.081s] /usr/bin/cmake -S/home/microros/microros_ws/firmware/mcu_ws/uros/tracetools/tracetools -B/home/microros/microros_ws/firmware/mcu_ws/build/tracetools --check-build-system CMakeFiles/Makefile.cmake 0
[0.095s] Re-run cmake file: Makefile older than: /home/microros/microros_ws/firmware/apps/uros/arm_toolchain.cmake
[0.099s] -- Found ament_cmake_ros: 0.9.0 (/home/microros/microros_ws/firmware/dev_ws/install/ament_cmake_ros/share/ament_cmake_ros/cmake)
[0.138s] -- Using PYTHON_EXECUTABLE: /usr/bin/python3
[0.518s] -- Configuring done
[0.549s] -- Generating done
[0.552s] -- Build files have been written to: /home/microros/microros_ws/firmware/mcu_ws/build/tracetools
[0.554s] /usr/bin/cmake -E cmake_progress_start /home/microros/microros_ws/firmware/mcu_ws/build/tracetools/CMakeFiles /home/microros/microros_ws/firmware/mcu_ws/build/tracetools/CMakeFiles/progress.marks
[0.566s] /usr/bin/make -f CMakeFiles/Makefile2 all
[0.567s] make[5]: Entering directory '/home/microros/microros_ws/firmware/mcu_ws/build/tracetools'
[0.568s] /usr/bin/make -f CMakeFiles/tracetools.dir/build.make CMakeFiles/tracetools.dir/depend
[0.569s] make[6]: Entering directory '/home/microros/microros_ws/firmware/mcu_ws/build/tracetools'
[0.569s] cd /home/microros/microros_ws/firmware/mcu_ws/build/tracetools && /usr/bin/cmake -E cmake_depends "Unix Makefiles" /home/microros/microros_ws/firmware/mcu_ws/uros/tracetools/tracetools /home/microros/microros_ws/firmware/mcu_ws/uros/tracetools/tracetools /home/microros/microros_ws/firmware/mcu_ws/build/tracetools /home/microros/microros_ws/firmware/mcu_ws/build/tracetools /home/microros/microros_ws/firmware/mcu_ws/build/tracetools/CMakeFiles/tracetools.dir/DependInfo.cmake --color=
[0.581s] Dependee "/home/microros/microros_ws/firmware/NuttX/include/nuttx/config.h" is newer than depender "CMakeFiles/tracetools.dir/src/tracetools.c.obj".
[0.581s] Dependee "/home/microros/microros_ws/firmware/NuttX/include/nuttx/config.h" is newer than depender "CMakeFiles/tracetools.dir/src/utils.cpp.obj".
[0.582s] Clearing dependencies in "/home/microros/microros_ws/firmware/mcu_ws/build/tracetools/CMakeFiles/tracetools.dir/depend.make".
[0.582s] [35m[1mScanning dependencies of target tracetools[0m
[0.585s] make[6]: Leaving directory '/home/microros/microros_ws/firmware/mcu_ws/build/tracetools'
[0.586s] /usr/bin/make -f CMakeFiles/tracetools.dir/build.make CMakeFiles/tracetools.dir/build
[0.588s] make[6]: Entering directory '/home/microros/microros_ws/firmware/mcu_ws/build/tracetools'
[0.601s] [ 33%] [32mBuilding C object CMakeFiles/tracetools.dir/src/tracetools.c.obj[0m
[0.617s] /usr/bin/arm-none-eabi-gcc --sysroot=/home/microros/microros_ws/firmware/NuttX/.. -DROS_PACKAGE_NAME=\"tracetools\" -Dtracetools_VERSION=\"1.0.2\" -I/home/microros/microros_ws/firmware/mcu_ws/build/tracetools/include -isystem /home/microros/microros_ws/firmware/NuttX/include -isystem /home/microros/microros_ws/firmware/NuttX/include/cxx -isystem /home/microros/microros_ws/firmware/NuttX/include/uClibc++  -std=c99 -Dunix=1 -mcpu=cortex-m4 -mthumb -mfloat-abi=soft -Os -fno-strict-aliasing -fno-strength-reduce -fomit-frame-pointer -O2 -g -DNDEBUG -fPIC   -Wall -Wextra -Wpedantic -o CMakeFiles/tracetools.dir/src/tracetools.c.obj   -c /home/microros/microros_ws/firmware/mcu_ws/uros/tracetools/tracetools/src/tracetools.c
[0.618s] [ 66%] [32mBuilding CXX object CMakeFiles/tracetools.dir/src/utils.cpp.obj[0m
[0.618s] /usr/bin/arm-none-eabi-g++ --sysroot=/home/microros/microros_ws/firmware/NuttX/..  -DROS_PACKAGE_NAME=\"tracetools\" -Dtracetools_VERSION=\"1.0.2\" -I/home/microros/microros_ws/firmware/mcu_ws/build/tracetools/include -isystem /home/microros/microros_ws/firmware/NuttX/include -isystem /home/microros/microros_ws/firmware/NuttX/include/cxx -isystem /home/microros/microros_ws/firmware/NuttX/include/uClibc++  -std=c++14 -Dunix=1 -mcpu=cortex-m4 -mthumb -mfloat-abi=soft -Os -fno-strict-aliasing -fno-strength-reduce -fomit-frame-pointer -O2 -g -DNDEBUG -fPIC   -Wall -Wextra -Wpedantic -std=gnu++14 -o CMakeFiles/tracetools.dir/src/utils.cpp.obj -c /home/microros/microros_ws/firmware/mcu_ws/uros/tracetools/tracetools/src/utils.cpp
[0.669s] [100%] [32m[1mLinking CXX static library libtracetools.a[0m
[0.675s] /usr/bin/cmake -P CMakeFiles/tracetools.dir/cmake_clean_target.cmake
[0.683s] /usr/bin/cmake -E cmake_link_script CMakeFiles/tracetools.dir/link.txt --verbose=1
[0.692s] /usr/bin/arm-none-eabi-ar qc libtracetools.a  CMakeFiles/tracetools.dir/src/tracetools.c.obj CMakeFiles/tracetools.dir/src/utils.cpp.obj
[0.694s] /usr/bin/arm-none-eabi-ranlib libtracetools.a
[0.698s] make[6]: Leaving directory '/home/microros/microros_ws/firmware/mcu_ws/build/tracetools'
[0.709s] [100%] Built target tracetools
[0.710s] make[5]: Leaving directory '/home/microros/microros_ws/firmware/mcu_ws/build/tracetools'
[0.710s] /usr/bin/cmake -E cmake_progress_start /home/microros/microros_ws/firmware/mcu_ws/build/tracetools/CMakeFiles 0
[0.722s] make[4]: Leaving directory '/home/microros/microros_ws/firmware/mcu_ws/build/tracetools'
[0.729s] Invoked command in '/home/microros/microros_ws/firmware/mcu_ws/build/tracetools' returned '0': CMAKE_PREFIX_PATH=${CMAKE_PREFIX_PATH}:/home/microros/microros_ws/firmware/dev_ws/install/ament_uncrustify:/home/microros/microros_ws/firmware/dev_ws/install/domain_coordinator:/home/microros/microros_ws/firmware/dev_ws/install/ament_xmllint:/home/microros/microros_ws/firmware/dev_ws/install/ament_pyflakes:/home/microros/microros_ws/firmware/dev_ws/install/ament_pycodestyle:/home/microros/microros_ws/firmware/dev_ws/install/ament_pep257:/home/microros/microros_ws/firmware/dev_ws/install/ament_pclint:/home/microros/microros_ws/firmware/dev_ws/install/ament_package:/home/microros/microros_ws/firmware/dev_ws/install/ament_mypy:/home/microros/microros_ws/firmware/dev_ws/install/ament_lint_cmake:/home/microros/microros_ws/firmware/dev_ws/install/ament_flake8:/home/microros/microros_ws/firmware/dev_ws/install/ament_copyright:/home/microros/microros_ws/firmware/dev_ws/install/ament_lint:/home/microros/microros_ws/firmware/dev_ws/install/ament_index_python:/home/microros/microros_ws/firmware/dev_ws/install/ament_cpplint:/home/microros/microros_ws/firmware/dev_ws/install/ament_cppcheck:/home/microros/microros_ws/firmware/dev_ws/install/ament_clang_tidy:/home/microros/microros_ws/firmware/dev_ws/install/ament_clang_format /usr/bin/cmake --build /home/microros/microros_ws/firmware/mcu_ws/build/tracetools -- -j4 -l4
[0.780s] Invoking command in '/home/microros/microros_ws/firmware/mcu_ws/build/tracetools': CMAKE_PREFIX_PATH=${CMAKE_PREFIX_PATH}:/home/microros/microros_ws/firmware/dev_ws/install/ament_uncrustify:/home/microros/microros_ws/firmware/dev_ws/install/domain_coordinator:/home/microros/microros_ws/firmware/dev_ws/install/ament_xmllint:/home/microros/microros_ws/firmware/dev_ws/install/ament_pyflakes:/home/microros/microros_ws/firmware/dev_ws/install/ament_pycodestyle:/home/microros/microros_ws/firmware/dev_ws/install/ament_pep257:/home/microros/microros_ws/firmware/dev_ws/install/ament_pclint:/home/microros/microros_ws/firmware/dev_ws/install/ament_package:/home/microros/microros_ws/firmware/dev_ws/install/ament_mypy:/home/microros/microros_ws/firmware/dev_ws/install/ament_lint_cmake:/home/microros/microros_ws/firmware/dev_ws/install/ament_flake8:/home/microros/microros_ws/firmware/dev_ws/install/ament_copyright:/home/microros/microros_ws/firmware/dev_ws/install/ament_lint:/home/microros/microros_ws/firmware/dev_ws/install/ament_index_python:/home/microros/microros_ws/firmware/dev_ws/install/ament_cpplint:/home/microros/microros_ws/firmware/dev_ws/install/ament_cppcheck:/home/microros/microros_ws/firmware/dev_ws/install/ament_clang_tidy:/home/microros/microros_ws/firmware/dev_ws/install/ament_clang_format /usr/bin/cmake --install /home/microros/microros_ws/firmware/mcu_ws/build/tracetools
[0.795s] -- Install configuration: "RelWithDebInfo"
[0.795s] -- Up-to-date: /home/microros/microros_ws/firmware/mcu_ws/install/tracetools/include
[0.795s] -- Up-to-date: /home/microros/microros_ws/firmware/mcu_ws/install/tracetools/include/tracetools
[0.795s] -- Up-to-date: /home/microros/microros_ws/firmware/mcu_ws/install/tracetools/include/tracetools/tracetools.h
[0.796s] -- Up-to-date: /home/microros/microros_ws/firmware/mcu_ws/install/tracetools/include/tracetools/utils.hpp
[0.796s] -- Up-to-date: /home/microros/microros_ws/firmware/mcu_ws/install/tracetools/include/tracetools/config.h
[0.796s] -- Up-to-date: /home/microros/microros_ws/firmware/mcu_ws/install/tracetools/include/tracetools/visibility_control.hpp
[0.796s] -- Installing: /home/microros/microros_ws/firmware/mcu_ws/install/tracetools/lib/libtracetools.a
[0.797s] -- Up-to-date: /home/microros/microros_ws/firmware/mcu_ws/install/tracetools/share/ament_index/resource_index/package_run_dependencies/tracetools
[0.797s] -- Up-to-date: /home/microros/microros_ws/firmware/mcu_ws/install/tracetools/share/ament_index/resource_index/parent_prefix_path/tracetools
[0.798s] -- Up-to-date: /home/microros/microros_ws/firmware/mcu_ws/install/tracetools/share/tracetools/environment/ament_prefix_path.sh
[0.798s] -- Installing: /home/microros/microros_ws/firmware/mcu_ws/install/tracetools/share/tracetools/environment/ament_prefix_path.dsv
[0.798s] -- Up-to-date: /home/microros/microros_ws/firmware/mcu_ws/install/tracetools/share/tracetools/environment/path.sh
[0.799s] -- Installing: /home/microros/microros_ws/firmware/mcu_ws/install/tracetools/share/tracetools/environment/path.dsv
[0.799s] -- Up-to-date: /home/microros/microros_ws/firmware/mcu_ws/install/tracetools/share/tracetools/local_setup.bash
[0.799s] -- Up-to-date: /home/microros/microros_ws/firmware/mcu_ws/install/tracetools/share/tracetools/local_setup.sh
[0.800s] -- Up-to-date: /home/microros/microros_ws/firmware/mcu_ws/install/tracetools/share/tracetools/local_setup.zsh
[0.800s] -- Installing: /home/microros/microros_ws/firmware/mcu_ws/install/tracetools/share/tracetools/local_setup.dsv
[0.800s] -- Installing: /home/microros/microros_ws/firmware/mcu_ws/install/tracetools/share/tracetools/package.dsv
[0.801s] -- Up-to-date: /home/microros/microros_ws/firmware/mcu_ws/install/tracetools/share/ament_index/resource_index/packages/tracetools
[0.801s] -- Up-to-date: /home/microros/microros_ws/firmware/mcu_ws/install/tracetools/share/tracetools/cmake/ament_cmake_export_include_directories-extras.cmake
[0.801s] -- Up-to-date: /home/microros/microros_ws/firmware/mcu_ws/install/tracetools/share/tracetools/cmake/tracetoolsConfig.cmake
[0.802s] -- Up-to-date: /home/microros/microros_ws/firmware/mcu_ws/install/tracetools/share/tracetools/cmake/tracetoolsConfig-version.cmake
[0.802s] -- Up-to-date: /home/microros/microros_ws/firmware/mcu_ws/install/tracetools/share/tracetools/package.xml
[0.808s] Invoked command in '/home/microros/microros_ws/firmware/mcu_ws/build/tracetools' returned '0': CMAKE_PREFIX_PATH=${CMAKE_PREFIX_PATH}:/home/microros/microros_ws/firmware/dev_ws/install/ament_uncrustify:/home/microros/microros_ws/firmware/dev_ws/install/domain_coordinator:/home/microros/microros_ws/firmware/dev_ws/install/ament_xmllint:/home/microros/microros_ws/firmware/dev_ws/install/ament_pyflakes:/home/microros/microros_ws/firmware/dev_ws/install/ament_pycodestyle:/home/microros/microros_ws/firmware/dev_ws/install/ament_pep257:/home/microros/microros_ws/firmware/dev_ws/install/ament_pclint:/home/microros/microros_ws/firmware/dev_ws/install/ament_package:/home/microros/microros_ws/firmware/dev_ws/install/ament_mypy:/home/microros/microros_ws/firmware/dev_ws/install/ament_lint_cmake:/home/microros/microros_ws/firmware/dev_ws/install/ament_flake8:/home/microros/microros_ws/firmware/dev_ws/install/ament_copyright:/home/microros/microros_ws/firmware/dev_ws/install/ament_lint:/home/microros/microros_ws/firmware/dev_ws/install/ament_index_python:/home/microros/microros_ws/firmware/dev_ws/install/ament_cpplint:/home/microros/microros_ws/firmware/dev_ws/install/ament_cppcheck:/home/microros/microros_ws/firmware/dev_ws/install/ament_clang_tidy:/home/microros/microros_ws/firmware/dev_ws/install/ament_clang_format /usr/bin/cmake --install /home/microros/microros_ws/firmware/mcu_ws/build/tracetools
