[0.224s] Invoking command in '/home/microros/microros_ws/build/micro_ros_setup': CMAKE_PREFIX_PATH=${CMAKE_PREFIX_PATH}:/opt/ros/foxy /usr/bin/cmake --build /home/microros/microros_ws/build/micro_ros_setup -- -j4 -l4
[0.718s] Invoked command in '/home/microros/microros_ws/build/micro_ros_setup' returned '0': CMAKE_PREFIX_PATH=${CMAKE_PREFIX_PATH}:/opt/ros/foxy /usr/bin/cmake --build /home/microros/microros_ws/build/micro_ros_setup -- -j4 -l4
[0.756s] Invoking command in '/home/microros/microros_ws/build/micro_ros_setup': CMAKE_PREFIX_PATH=${CMAKE_PREFIX_PATH}:/opt/ros/foxy /usr/bin/cmake --install /home/microros/microros_ws/build/micro_ros_setup
[0.765s] -- Install configuration: ""
[0.766s] -- Up-to-date: /home/microros/microros_ws/install/micro_ros_setup/share/ament_index/resource_index/package_run_dependencies/micro_ros_setup
[0.766s] -- Up-to-date: /home/microros/microros_ws/install/micro_ros_setup/share/ament_index/resource_index/parent_prefix_path/micro_ros_setup
[0.766s] -- Up-to-date: /home/microros/microros_ws/install/micro_ros_setup/share/micro_ros_setup/environment/ament_prefix_path.sh
[0.766s] -- Up-to-date: /home/microros/microros_ws/install/micro_ros_setup/share/micro_ros_setup/environment/ament_prefix_path.dsv
[0.766s] -- Up-to-date: /home/microros/microros_ws/install/micro_ros_setup/share/micro_ros_setup/environment/path.sh
[0.766s] -- Up-to-date: /home/microros/microros_ws/install/micro_ros_setup/share/micro_ros_setup/environment/path.dsv
[0.766s] -- Up-to-date: /home/microros/microros_ws/install/micro_ros_setup/share/micro_ros_setup/local_setup.bash
[0.766s] -- Up-to-date: /home/microros/microros_ws/install/micro_ros_setup/share/micro_ros_setup/local_setup.sh
[0.766s] -- Up-to-date: /home/microros/microros_ws/install/micro_ros_setup/share/micro_ros_setup/local_setup.zsh
[0.766s] -- Up-to-date: /home/microros/microros_ws/install/micro_ros_setup/share/micro_ros_setup/local_setup.dsv
[0.766s] -- Installing: /home/microros/microros_ws/install/micro_ros_setup/share/micro_ros_setup/package.dsv
[0.816s] -- Up-to-date: /home/microros/microros_ws/install/micro_ros_setup/share/ament_index/resource_index/packages/micro_ros_setup
[0.817s] -- Up-to-date: /home/microros/microros_ws/install/micro_ros_setup/share/micro_ros_setup/cmake/micro_ros_setupConfig.cmake
[0.819s] -- Up-to-date: /home/microros/microros_ws/install/micro_ros_setup/share/micro_ros_setup/cmake/micro_ros_setupConfig-version.cmake
[0.820s] -- Up-to-date: /home/microros/microros_ws/install/micro_ros_setup/share/micro_ros_setup/package.xml
[0.821s] -- Up-to-date: /home/microros/microros_ws/install/micro_ros_setup/./config
[0.822s] -- Up-to-date: /home/microros/microros_ws/install/micro_ros_setup/./config/zephyr
[0.823s] -- Up-to-date: /home/microros/microros_ws/install/micro_ros_setup/./config/zephyr/dev_uros_packages.repos
[0.824s] -- Up-to-date: /home/microros/microros_ws/install/micro_ros_setup/./config/zephyr/dev_ros2_packages.txt
[0.825s] -- Up-to-date: /home/microros/microros_ws/install/micro_ros_setup/./config/zephyr/generic
[0.825s] -- Up-to-date: /home/microros/microros_ws/install/micro_ros_setup/./config/zephyr/generic/client_uros_packages.repos
[0.826s] -- Up-to-date: /home/microros/microros_ws/install/micro_ros_setup/./config/zephyr/generic/client-colcon.meta
[0.827s] -- Up-to-date: /home/microros/microros_ws/install/micro_ros_setup/./config/zephyr/generic/build.sh
[0.827s] -- Up-to-date: /home/microros/microros_ws/install/micro_ros_setup/./config/zephyr/generic/flash.sh
[0.828s] -- Up-to-date: /home/microros/microros_ws/install/micro_ros_setup/./config/zephyr/generic/configure.sh
[0.828s] -- Up-to-date: /home/microros/microros_ws/install/micro_ros_setup/./config/zephyr/generic/package.xml
[0.828s] -- Up-to-date: /home/microros/microros_ws/install/micro_ros_setup/./config/zephyr/generic/supported_platforms
[0.829s] -- Up-to-date: /home/microros/microros_ws/install/micro_ros_setup/./config/zephyr/generic/create.sh
[0.829s] -- Up-to-date: /home/microros/microros_ws/install/micro_ros_setup/./config/zephyr/generic/board.repos
[0.829s] -- Up-to-date: /home/microros/microros_ws/install/micro_ros_setup/./config/zephyr/list_apps.sh
[0.829s] -- Up-to-date: /home/microros/microros_ws/install/micro_ros_setup/./config/client_ros2_packages.txt
[0.830s] -- Up-to-date: /home/microros/microros_ws/install/micro_ros_setup/./config/agent_ros2_packages.txt
[0.830s] -- Up-to-date: /home/microros/microros_ws/install/micro_ros_setup/./config/agent_uros_packages.repos
[0.830s] -- Up-to-date: /home/microros/microros_ws/install/micro_ros_setup/./config/host
[0.831s] -- Up-to-date: /home/microros/microros_ws/install/micro_ros_setup/./config/host/dev_uros_packages.repos
[0.834s] -- Up-to-date: /home/microros/microros_ws/install/micro_ros_setup/./config/host/dev_ros2_packages.txt
[0.834s] -- Up-to-date: /home/microros/microros_ws/install/micro_ros_setup/./config/host/generic
[0.834s] -- Up-to-date: /home/microros/microros_ws/install/micro_ros_setup/./config/host/generic/build.sh
[0.835s] -- Up-to-date: /home/microros/microros_ws/install/micro_ros_setup/./config/host/generic/client_host_packages.repos
[0.835s] -- Up-to-date: /home/microros/microros_ws/install/micro_ros_setup/./config/host/generic/flash.sh
[0.835s] -- Up-to-date: /home/microros/microros_ws/install/micro_ros_setup/./config/host/generic/package.xml
[0.835s] -- Up-to-date: /home/microros/microros_ws/install/micro_ros_setup/./config/host/generic/create.sh
[0.835s] -- Up-to-date: /home/microros/microros_ws/install/micro_ros_setup/./config/host/generic/client-host-colcon.meta
[0.835s] -- Up-to-date: /home/microros/microros_ws/install/micro_ros_setup/./config/host/client_ros2_packages.txt
[0.835s] -- Up-to-date: /home/microros/microros_ws/install/micro_ros_setup/./config/freertos
[0.836s] -- Up-to-date: /home/microros/microros_ws/install/micro_ros_setup/./config/freertos/nucleo_f446ze
[0.836s] -- Up-to-date: /home/microros/microros_ws/install/micro_ros_setup/./config/freertos/nucleo_f446ze/client_uros_packages.repos
[0.836s] -- Up-to-date: /home/microros/microros_ws/install/micro_ros_setup/./config/freertos/nucleo_f446ze/client-colcon.meta
[0.836s] -- Up-to-date: /home/microros/microros_ws/install/micro_ros_setup/./config/freertos/nucleo_f446ze/build.sh
[0.837s] -- Up-to-date: /home/microros/microros_ws/install/micro_ros_setup/./config/freertos/nucleo_f446ze/flash.sh
[0.837s] -- Up-to-date: /home/microros/microros_ws/install/micro_ros_setup/./config/freertos/nucleo_f446ze/configure.sh
[0.837s] -- Up-to-date: /home/microros/microros_ws/install/micro_ros_setup/./config/freertos/nucleo_f446ze/package.xml
[0.837s] -- Up-to-date: /home/microros/microros_ws/install/micro_ros_setup/./config/freertos/nucleo_f446ze/create.sh
[0.837s] -- Up-to-date: /home/microros/microros_ws/install/micro_ros_setup/./config/freertos/nucleo_f446ze/board.repos
[0.838s] -- Up-to-date: /home/microros/microros_ws/install/micro_ros_setup/./config/freertos/dev_uros_packages.repos
[0.838s] -- Up-to-date: /home/microros/microros_ws/install/micro_ros_setup/./config/freertos/dev_ros2_packages.txt
[0.838s] -- Up-to-date: /home/microros/microros_ws/install/micro_ros_setup/./config/freertos/olimex-stm32-e407
[0.838s] -- Up-to-date: /home/microros/microros_ws/install/micro_ros_setup/./config/freertos/olimex-stm32-e407/client_uros_packages.repos
[0.839s] -- Up-to-date: /home/microros/microros_ws/install/micro_ros_setup/./config/freertos/olimex-stm32-e407/client-colcon.meta
[0.839s] -- Up-to-date: /home/microros/microros_ws/install/micro_ros_setup/./config/freertos/olimex-stm32-e407/build.sh
[0.839s] -- Up-to-date: /home/microros/microros_ws/install/micro_ros_setup/./config/freertos/olimex-stm32-e407/flash.sh
[0.839s] -- Up-to-date: /home/microros/microros_ws/install/micro_ros_setup/./config/freertos/olimex-stm32-e407/configure.sh
[0.839s] -- Up-to-date: /home/microros/microros_ws/install/micro_ros_setup/./config/freertos/olimex-stm32-e407/package.xml
[0.839s] -- Up-to-date: /home/microros/microros_ws/install/micro_ros_setup/./config/freertos/olimex-stm32-e407/create.sh
[0.839s] -- Up-to-date: /home/microros/microros_ws/install/micro_ros_setup/./config/freertos/olimex-stm32-e407/board.repos
[0.840s] -- Up-to-date: /home/microros/microros_ws/install/micro_ros_setup/./config/freertos/esp32
[0.840s] -- Up-to-date: /home/microros/microros_ws/install/micro_ros_setup/./config/freertos/esp32/client_uros_packages.repos
[0.840s] -- Up-to-date: /home/microros/microros_ws/install/micro_ros_setup/./config/freertos/esp32/client-colcon.meta
[0.840s] -- Up-to-date: /home/microros/microros_ws/install/micro_ros_setup/./config/freertos/esp32/build.sh
[0.840s] -- Up-to-date: /home/microros/microros_ws/install/micro_ros_setup/./config/freertos/esp32/flash.sh
[0.840s] -- Up-to-date: /home/microros/microros_ws/install/micro_ros_setup/./config/freertos/esp32/configure.sh
[0.841s] -- Up-to-date: /home/microros/microros_ws/install/micro_ros_setup/./config/freertos/esp32/package.xml
[0.841s] -- Up-to-date: /home/microros/microros_ws/install/micro_ros_setup/./config/freertos/esp32/README.md
[0.841s] -- Up-to-date: /home/microros/microros_ws/install/micro_ros_setup/./config/freertos/esp32/create.sh
[0.841s] -- Up-to-date: /home/microros/microros_ws/install/micro_ros_setup/./config/freertos/esp32/board.repos
[0.841s] -- Up-to-date: /home/microros/microros_ws/install/micro_ros_setup/./config/freertos/crazyflie21
[0.842s] -- Up-to-date: /home/microros/microros_ws/install/micro_ros_setup/./config/freertos/crazyflie21/client_uros_packages.repos
[0.842s] -- Up-to-date: /home/microros/microros_ws/install/micro_ros_setup/./config/freertos/crazyflie21/client-colcon.meta
[0.842s] -- Up-to-date: /home/microros/microros_ws/install/micro_ros_setup/./config/freertos/crazyflie21/build.sh
[0.842s] -- Up-to-date: /home/microros/microros_ws/install/micro_ros_setup/./config/freertos/crazyflie21/flash.sh
[0.842s] -- Up-to-date: /home/microros/microros_ws/install/micro_ros_setup/./config/freertos/crazyflie21/configure.sh
[0.842s] -- Up-to-date: /home/microros/microros_ws/install/micro_ros_setup/./config/freertos/crazyflie21/package.xml
[0.843s] -- Up-to-date: /home/microros/microros_ws/install/micro_ros_setup/./config/freertos/crazyflie21/create.sh
[0.843s] -- Up-to-date: /home/microros/microros_ws/install/micro_ros_setup/./config/freertos/crazyflie21/board.repos
[0.843s] -- Up-to-date: /home/microros/microros_ws/install/micro_ros_setup/./config/freertos/list_apps.sh
[0.844s] -- Up-to-date: /home/microros/microros_ws/install/micro_ros_setup/./config/nuttx
[0.844s] -- Up-to-date: /home/microros/microros_ws/install/micro_ros_setup/./config/nuttx/dev_uros_packages.repos
[0.844s] -- Up-to-date: /home/microros/microros_ws/install/micro_ros_setup/./config/nuttx/dev_ros2_packages.txt
[0.844s] -- Up-to-date: /home/microros/microros_ws/install/micro_ros_setup/./config/nuttx/generic
[0.844s] -- Up-to-date: /home/microros/microros_ws/install/micro_ros_setup/./config/nuttx/generic/client_uros_packages.repos
[0.844s] -- Up-to-date: /home/microros/microros_ws/install/micro_ros_setup/./config/nuttx/generic/client-colcon.meta
[0.844s] -- Up-to-date: /home/microros/microros_ws/install/micro_ros_setup/./config/nuttx/generic/build.sh
[0.844s] -- Up-to-date: /home/microros/microros_ws/install/micro_ros_setup/./config/nuttx/generic/flash.sh
[0.845s] -- Up-to-date: /home/microros/microros_ws/install/micro_ros_setup/./config/nuttx/generic/configure.sh
[0.845s] -- Up-to-date: /home/microros/microros_ws/install/micro_ros_setup/./config/nuttx/generic/package.xml
[0.845s] -- Up-to-date: /home/microros/microros_ws/install/micro_ros_setup/./config/nuttx/generic/uros_packages.repos
[0.845s] -- Up-to-date: /home/microros/microros_ws/install/micro_ros_setup/./config/nuttx/generic/supported_platforms
[0.845s] -- Up-to-date: /home/microros/microros_ws/install/micro_ros_setup/./config/nuttx/generic/create.sh
[0.845s] -- Up-to-date: /home/microros/microros_ws/install/micro_ros_setup/./config/utils.sh
[0.846s] -- Up-to-date: /home/microros/microros_ws/install/micro_ros_setup/./config/raspbian
[0.846s] -- Up-to-date: /home/microros/microros_ws/install/micro_ros_setup/./config/raspbian/dev_uros_packages.repos
[0.846s] -- Up-to-date: /home/microros/microros_ws/install/micro_ros_setup/./config/raspbian/dev_ros2_packages.txt
[0.847s] -- Up-to-date: /home/microros/microros_ws/install/micro_ros_setup/./config/raspbian/generic
[0.847s] -- Up-to-date: /home/microros/microros_ws/install/micro_ros_setup/./config/raspbian/generic/client_uros_packages.repos
[0.847s] -- Up-to-date: /home/microros/microros_ws/install/micro_ros_setup/./config/raspbian/generic/client-colcon.meta
[0.847s] -- Up-to-date: /home/microros/microros_ws/install/micro_ros_setup/./config/raspbian/generic/build.sh
[0.847s] -- Up-to-date: /home/microros/microros_ws/install/micro_ros_setup/./config/raspbian/generic/flash.sh
[0.847s] -- Up-to-date: /home/microros/microros_ws/install/micro_ros_setup/./config/raspbian/generic/configure.sh
[0.847s] -- Up-to-date: /home/microros/microros_ws/install/micro_ros_setup/./config/raspbian/generic/supported_platforms
[0.848s] -- Up-to-date: /home/microros/microros_ws/install/micro_ros_setup/./config/raspbian/generic/create.sh
[0.848s] -- Up-to-date: /home/microros/microros_ws/install/micro_ros_setup/lib/micro_ros_setup/create_ws.sh
[0.848s] -- Up-to-date: /home/microros/microros_ws/install/micro_ros_setup/lib/micro_ros_setup/create_agent_ws.sh
[0.848s] -- Up-to-date: /home/microros/microros_ws/install/micro_ros_setup/lib/micro_ros_setup/create_firmware_ws.sh
[0.848s] -- Up-to-date: /home/microros/microros_ws/install/micro_ros_setup/lib/micro_ros_setup/configure_firmware.sh
[0.848s] -- Up-to-date: /home/microros/microros_ws/install/micro_ros_setup/lib/micro_ros_setup/flash_firmware.sh
[0.849s] -- Up-to-date: /home/microros/microros_ws/install/micro_ros_setup/lib/micro_ros_setup/build_firmware.sh
[0.849s] -- Up-to-date: /home/microros/microros_ws/install/micro_ros_setup/lib/micro_ros_setup/build_agent.sh
[0.849s] -- Up-to-date: /home/microros/microros_ws/install/micro_ros_setup/lib/micro_ros_setup/yaml_filter.py
[0.849s] -- Up-to-date: /home/microros/microros_ws/install/micro_ros_setup/lib/micro_ros_setup/clean_env.sh
[0.849s] Invoked command in '/home/microros/microros_ws/build/micro_ros_setup' returned '0': CMAKE_PREFIX_PATH=${CMAKE_PREFIX_PATH}:/opt/ros/foxy /usr/bin/cmake --install /home/microros/microros_ws/build/micro_ros_setup
