[0.382s] Invoking command in '/home/microros/microros_ws/firmware/mcu_ws/uros/tracetools/ros2trace': AMENT_PREFIX_PATH=/home/microros/microros_ws/firmware/mcu_ws/install/tracetools_trace:${AMENT_PREFIX_PATH} PYTHONPATH=/home/microros/microros_ws/firmware/mcu_ws/install/ros2trace/lib/python3.8/site-packages:/home/microros/microros_ws/firmware/mcu_ws/install/tracetools_trace/lib/python3.8/site-packages:${PYTHONPATH} /usr/bin/python3 setup.py egg_info --egg-base /home/microros/microros_ws/firmware/mcu_ws/build/ros2trace build --build-base /home/microros/microros_ws/firmware/mcu_ws/build/ros2trace/build install --prefix /home/microros/microros_ws/firmware/mcu_ws/install/ros2trace --record /home/microros/microros_ws/firmware/mcu_ws/build/ros2trace/install.log --single-version-externally-managed
[0.664s] running egg_info
[0.664s] writing /home/microros/microros_ws/firmware/mcu_ws/build/ros2trace/ros2trace.egg-info/PKG-INFO
[0.664s] writing dependency_links to /home/microros/microros_ws/firmware/mcu_ws/build/ros2trace/ros2trace.egg-info/dependency_links.txt
[0.665s] writing entry points to /home/microros/microros_ws/firmware/mcu_ws/build/ros2trace/ros2trace.egg-info/entry_points.txt
[0.665s] writing requirements to /home/microros/microros_ws/firmware/mcu_ws/build/ros2trace/ros2trace.egg-info/requires.txt
[0.665s] writing top-level names to /home/microros/microros_ws/firmware/mcu_ws/build/ros2trace/ros2trace.egg-info/top_level.txt
[0.701s] reading manifest file '/home/microros/microros_ws/firmware/mcu_ws/build/ros2trace/ros2trace.egg-info/SOURCES.txt'
[0.701s] writing manifest file '/home/microros/microros_ws/firmware/mcu_ws/build/ros2trace/ros2trace.egg-info/SOURCES.txt'
[0.701s] running build
[0.702s] running build_py
[0.702s] running install
[0.702s] running install_lib
[0.704s] running install_data
[0.704s] running install_egg_info
[0.706s] removing '/home/microros/microros_ws/firmware/mcu_ws/install/ros2trace/lib/python3.8/site-packages/ros2trace-1.0.2-py3.8.egg-info' (and everything under it)
[0.706s] Copying /home/microros/microros_ws/firmware/mcu_ws/build/ros2trace/ros2trace.egg-info to /home/microros/microros_ws/firmware/mcu_ws/install/ros2trace/lib/python3.8/site-packages/ros2trace-1.0.2-py3.8.egg-info
[0.707s] running install_scripts
[0.724s] writing list of installed files to '/home/microros/microros_ws/firmware/mcu_ws/build/ros2trace/install.log'
[0.748s] Invoked command in '/home/microros/microros_ws/firmware/mcu_ws/uros/tracetools/ros2trace' returned '0': AMENT_PREFIX_PATH=/home/microros/microros_ws/firmware/mcu_ws/install/tracetools_trace:${AMENT_PREFIX_PATH} PYTHONPATH=/home/microros/microros_ws/firmware/mcu_ws/install/ros2trace/lib/python3.8/site-packages:/home/microros/microros_ws/firmware/mcu_ws/install/tracetools_trace/lib/python3.8/site-packages:${PYTHONPATH} /usr/bin/python3 setup.py egg_info --egg-base /home/microros/microros_ws/firmware/mcu_ws/build/ros2trace build --build-base /home/microros/microros_ws/firmware/mcu_ws/build/ros2trace/build install --prefix /home/microros/microros_ws/firmware/mcu_ws/install/ros2trace --record /home/microros/microros_ws/firmware/mcu_ws/build/ros2trace/install.log --single-version-externally-managed
