make[4]: Entering directory '/home/microros/microros_ws/firmware/mcu_ws/build/lifecycle_msgs'
/usr/bin/cmake -S/home/microros/microros_ws/firmware/mcu_ws/ros2/rcl_interfaces/lifecycle_msgs -B/home/microros/microros_ws/firmware/mcu_ws/build/lifecycle_msgs --check-build-system CMakeFiles/Makefile.cmake 0
/usr/bin/cmake -E cmake_progress_start /home/microros/microros_ws/firmware/mcu_ws/build/lifecycle_msgs/CMakeFiles /home/microros/microros_ws/firmware/mcu_ws/build/lifecycle_msgs/CMakeFiles/progress.marks
/usr/bin/make -f CMakeFiles/Makefile2 all
make[5]: Entering directory '/home/microros/microros_ws/firmware/mcu_ws/build/lifecycle_msgs'
/usr/bin/make -f CMakeFiles/lifecycle_msgs__rosidl_generator_c.dir/build.make CMakeFiles/lifecycle_msgs__rosidl_generator_c.dir/depend
make[6]: Entering directory '/home/microros/microros_ws/firmware/mcu_ws/build/lifecycle_msgs'
cd /home/microros/microros_ws/firmware/mcu_ws/build/lifecycle_msgs && /usr/bin/cmake -E cmake_depends "Unix Makefiles" /home/microros/microros_ws/firmware/mcu_ws/ros2/rcl_interfaces/lifecycle_msgs /home/microros/microros_ws/firmware/mcu_ws/ros2/rcl_interfaces/lifecycle_msgs /home/microros/microros_ws/firmware/mcu_ws/build/lifecycle_msgs /home/microros/microros_ws/firmware/mcu_ws/build/lifecycle_msgs /home/microros/microros_ws/firmware/mcu_ws/build/lifecycle_msgs/CMakeFiles/lifecycle_msgs__rosidl_generator_c.dir/DependInfo.cmake --color=
make[6]: Leaving directory '/home/microros/microros_ws/firmware/mcu_ws/build/lifecycle_msgs'
/usr/bin/make -f CMakeFiles/lifecycle_msgs__rosidl_generator_c.dir/build.make CMakeFiles/lifecycle_msgs__rosidl_generator_c.dir/build
make[6]: Entering directory '/home/microros/microros_ws/firmware/mcu_ws/build/lifecycle_msgs'
make[6]: Nothing to be done for 'CMakeFiles/lifecycle_msgs__rosidl_generator_c.dir/build'.
make[6]: Leaving directory '/home/microros/microros_ws/firmware/mcu_ws/build/lifecycle_msgs'
[ 33%] Built target lifecycle_msgs__rosidl_generator_c
/usr/bin/make -f CMakeFiles/lifecycle_msgs__rosidl_typesupport_microxrcedds_c.dir/build.make CMakeFiles/lifecycle_msgs__rosidl_typesupport_microxrcedds_c.dir/depend
make[6]: Entering directory '/home/microros/microros_ws/firmware/mcu_ws/build/lifecycle_msgs'
cd /home/microros/microros_ws/firmware/mcu_ws/build/lifecycle_msgs && /usr/bin/cmake -E cmake_depends "Unix Makefiles" /home/microros/microros_ws/firmware/mcu_ws/ros2/rcl_interfaces/lifecycle_msgs /home/microros/microros_ws/firmware/mcu_ws/ros2/rcl_interfaces/lifecycle_msgs /home/microros/microros_ws/firmware/mcu_ws/build/lifecycle_msgs /home/microros/microros_ws/firmware/mcu_ws/build/lifecycle_msgs /home/microros/microros_ws/firmware/mcu_ws/build/lifecycle_msgs/CMakeFiles/lifecycle_msgs__rosidl_typesupport_microxrcedds_c.dir/DependInfo.cmake --color=
make[6]: Leaving directory '/home/microros/microros_ws/firmware/mcu_ws/build/lifecycle_msgs'
/usr/bin/make -f CMakeFiles/lifecycle_msgs__rosidl_typesupport_microxrcedds_c.dir/build.make CMakeFiles/lifecycle_msgs__rosidl_typesupport_microxrcedds_c.dir/build
make[6]: Entering directory '/home/microros/microros_ws/firmware/mcu_ws/build/lifecycle_msgs'
make[6]: Nothing to be done for 'CMakeFiles/lifecycle_msgs__rosidl_typesupport_microxrcedds_c.dir/build'.
make[6]: Leaving directory '/home/microros/microros_ws/firmware/mcu_ws/build/lifecycle_msgs'
[ 66%] Built target lifecycle_msgs__rosidl_typesupport_microxrcedds_c
/usr/bin/make -f CMakeFiles/lifecycle_msgs__rosidl_typesupport_c.dir/build.make CMakeFiles/lifecycle_msgs__rosidl_typesupport_c.dir/depend
make[6]: Entering directory '/home/microros/microros_ws/firmware/mcu_ws/build/lifecycle_msgs'
cd /home/microros/microros_ws/firmware/mcu_ws/build/lifecycle_msgs && /usr/bin/cmake -E cmake_depends "Unix Makefiles" /home/microros/microros_ws/firmware/mcu_ws/ros2/rcl_interfaces/lifecycle_msgs /home/microros/microros_ws/firmware/mcu_ws/ros2/rcl_interfaces/lifecycle_msgs /home/microros/microros_ws/firmware/mcu_ws/build/lifecycle_msgs /home/microros/microros_ws/firmware/mcu_ws/build/lifecycle_msgs /home/microros/microros_ws/firmware/mcu_ws/build/lifecycle_msgs/CMakeFiles/lifecycle_msgs__rosidl_typesupport_c.dir/DependInfo.cmake --color=
make[6]: Leaving directory '/home/microros/microros_ws/firmware/mcu_ws/build/lifecycle_msgs'
/usr/bin/make -f CMakeFiles/lifecycle_msgs__rosidl_typesupport_c.dir/build.make CMakeFiles/lifecycle_msgs__rosidl_typesupport_c.dir/build
make[6]: Entering directory '/home/microros/microros_ws/firmware/mcu_ws/build/lifecycle_msgs'
make[6]: Nothing to be done for 'CMakeFiles/lifecycle_msgs__rosidl_typesupport_c.dir/build'.
make[6]: Leaving directory '/home/microros/microros_ws/firmware/mcu_ws/build/lifecycle_msgs'
[100%] Built target lifecycle_msgs__rosidl_typesupport_c
/usr/bin/make -f CMakeFiles/lifecycle_msgs.dir/build.make CMakeFiles/lifecycle_msgs.dir/depend
make[6]: Entering directory '/home/microros/microros_ws/firmware/mcu_ws/build/lifecycle_msgs'
cd /home/microros/microros_ws/firmware/mcu_ws/build/lifecycle_msgs && /usr/bin/cmake -E cmake_depends "Unix Makefiles" /home/microros/microros_ws/firmware/mcu_ws/ros2/rcl_interfaces/lifecycle_msgs /home/microros/microros_ws/firmware/mcu_ws/ros2/rcl_interfaces/lifecycle_msgs /home/microros/microros_ws/firmware/mcu_ws/build/lifecycle_msgs /home/microros/microros_ws/firmware/mcu_ws/build/lifecycle_msgs /home/microros/microros_ws/firmware/mcu_ws/build/lifecycle_msgs/CMakeFiles/lifecycle_msgs.dir/DependInfo.cmake --color=
make[6]: Leaving directory '/home/microros/microros_ws/firmware/mcu_ws/build/lifecycle_msgs'
/usr/bin/make -f CMakeFiles/lifecycle_msgs.dir/build.make CMakeFiles/lifecycle_msgs.dir/build
make[6]: Entering directory '/home/microros/microros_ws/firmware/mcu_ws/build/lifecycle_msgs'
make[6]: Nothing to be done for 'CMakeFiles/lifecycle_msgs.dir/build'.
make[6]: Leaving directory '/home/microros/microros_ws/firmware/mcu_ws/build/lifecycle_msgs'
[100%] Built target lifecycle_msgs
make[5]: Leaving directory '/home/microros/microros_ws/firmware/mcu_ws/build/lifecycle_msgs'
/usr/bin/cmake -E cmake_progress_start /home/microros/microros_ws/firmware/mcu_ws/build/lifecycle_msgs/CMakeFiles 0
make[4]: Leaving directory '/home/microros/microros_ws/firmware/mcu_ws/build/lifecycle_msgs'
-- Install configuration: "RelWithDebInfo"
-- Up-to-date: /home/microros/microros_ws/firmware/mcu_ws/install/lifecycle_msgs/share/ament_index/resource_index/rosidl_interfaces/lifecycle_msgs
-- Up-to-date: /home/microros/microros_ws/firmware/mcu_ws/install/lifecycle_msgs/include/lifecycle_msgs
-- Up-to-date: /home/microros/microros_ws/firmware/mcu_ws/install/lifecycle_msgs/include/lifecycle_msgs/msg
-- Up-to-date: /home/microros/microros_ws/firmware/mcu_ws/install/lifecycle_msgs/include/lifecycle_msgs/msg/detail
-- Up-to-date: /home/microros/microros_ws/firmware/mcu_ws/install/lifecycle_msgs/include/lifecycle_msgs/msg/detail/transition_description__functions.h
-- Up-to-date: /home/microros/microros_ws/firmware/mcu_ws/install/lifecycle_msgs/include/lifecycle_msgs/msg/detail/transition_event__type_support.h
-- Up-to-date: /home/microros/microros_ws/firmware/mcu_ws/install/lifecycle_msgs/include/lifecycle_msgs/msg/detail/state__struct.h
-- Up-to-date: /home/microros/microros_ws/firmware/mcu_ws/install/lifecycle_msgs/include/lifecycle_msgs/msg/detail/transition__functions.h
-- Up-to-date: /home/microros/microros_ws/firmware/mcu_ws/install/lifecycle_msgs/include/lifecycle_msgs/msg/detail/transition_description__type_support.h
-- Up-to-date: /home/microros/microros_ws/firmware/mcu_ws/install/lifecycle_msgs/include/lifecycle_msgs/msg/detail/transition_event__functions.h
-- Up-to-date: /home/microros/microros_ws/firmware/mcu_ws/install/lifecycle_msgs/include/lifecycle_msgs/msg/detail/transition_event__struct.h
-- Up-to-date: /home/microros/microros_ws/firmware/mcu_ws/install/lifecycle_msgs/include/lifecycle_msgs/msg/detail/transition__functions.c
-- Up-to-date: /home/microros/microros_ws/firmware/mcu_ws/install/lifecycle_msgs/include/lifecycle_msgs/msg/detail/transition_description__functions.c
-- Up-to-date: /home/microros/microros_ws/firmware/mcu_ws/install/lifecycle_msgs/include/lifecycle_msgs/msg/detail/transition_description__struct.h
-- Up-to-date: /home/microros/microros_ws/firmware/mcu_ws/install/lifecycle_msgs/include/lifecycle_msgs/msg/detail/state__functions.h
-- Up-to-date: /home/microros/microros_ws/firmware/mcu_ws/install/lifecycle_msgs/include/lifecycle_msgs/msg/detail/state__functions.c
-- Up-to-date: /home/microros/microros_ws/firmware/mcu_ws/install/lifecycle_msgs/include/lifecycle_msgs/msg/detail/transition__type_support.h
-- Up-to-date: /home/microros/microros_ws/firmware/mcu_ws/install/lifecycle_msgs/include/lifecycle_msgs/msg/detail/transition__struct.h
-- Up-to-date: /home/microros/microros_ws/firmware/mcu_ws/install/lifecycle_msgs/include/lifecycle_msgs/msg/detail/state__type_support.h
-- Up-to-date: /home/microros/microros_ws/firmware/mcu_ws/install/lifecycle_msgs/include/lifecycle_msgs/msg/detail/transition_event__functions.c
-- Up-to-date: /home/microros/microros_ws/firmware/mcu_ws/install/lifecycle_msgs/include/lifecycle_msgs/msg/state.h
-- Up-to-date: /home/microros/microros_ws/firmware/mcu_ws/install/lifecycle_msgs/include/lifecycle_msgs/msg/transition_description.h
-- Up-to-date: /home/microros/microros_ws/firmware/mcu_ws/install/lifecycle_msgs/include/lifecycle_msgs/msg/transition.h
-- Up-to-date: /home/microros/microros_ws/firmware/mcu_ws/install/lifecycle_msgs/include/lifecycle_msgs/msg/transition_event.h
-- Up-to-date: /home/microros/microros_ws/firmware/mcu_ws/install/lifecycle_msgs/include/lifecycle_msgs/msg/rosidl_generator_c__visibility_control.h
-- Up-to-date: /home/microros/microros_ws/firmware/mcu_ws/install/lifecycle_msgs/include/lifecycle_msgs/srv
-- Up-to-date: /home/microros/microros_ws/firmware/mcu_ws/install/lifecycle_msgs/include/lifecycle_msgs/srv/detail
-- Up-to-date: /home/microros/microros_ws/firmware/mcu_ws/install/lifecycle_msgs/include/lifecycle_msgs/srv/detail/get_state__type_support.h
-- Up-to-date: /home/microros/microros_ws/firmware/mcu_ws/install/lifecycle_msgs/include/lifecycle_msgs/srv/detail/get_available_states__functions.h
-- Up-to-date: /home/microros/microros_ws/firmware/mcu_ws/install/lifecycle_msgs/include/lifecycle_msgs/srv/detail/change_state__type_support.h
-- Up-to-date: /home/microros/microros_ws/firmware/mcu_ws/install/lifecycle_msgs/include/lifecycle_msgs/srv/detail/get_available_transitions__struct.h
-- Up-to-date: /home/microros/microros_ws/firmware/mcu_ws/install/lifecycle_msgs/include/lifecycle_msgs/srv/detail/change_state__functions.c
-- Up-to-date: /home/microros/microros_ws/firmware/mcu_ws/install/lifecycle_msgs/include/lifecycle_msgs/srv/detail/get_available_transitions__functions.c
-- Up-to-date: /home/microros/microros_ws/firmware/mcu_ws/install/lifecycle_msgs/include/lifecycle_msgs/srv/detail/get_available_states__type_support.h
-- Up-to-date: /home/microros/microros_ws/firmware/mcu_ws/install/lifecycle_msgs/include/lifecycle_msgs/srv/detail/get_state__functions.c
-- Up-to-date: /home/microros/microros_ws/firmware/mcu_ws/install/lifecycle_msgs/include/lifecycle_msgs/srv/detail/get_available_transitions__functions.h
-- Up-to-date: /home/microros/microros_ws/firmware/mcu_ws/install/lifecycle_msgs/include/lifecycle_msgs/srv/detail/get_available_states__struct.h
-- Up-to-date: /home/microros/microros_ws/firmware/mcu_ws/install/lifecycle_msgs/include/lifecycle_msgs/srv/detail/get_state__functions.h
-- Up-to-date: /home/microros/microros_ws/firmware/mcu_ws/install/lifecycle_msgs/include/lifecycle_msgs/srv/detail/get_available_states__functions.c
-- Up-to-date: /home/microros/microros_ws/firmware/mcu_ws/install/lifecycle_msgs/include/lifecycle_msgs/srv/detail/change_state__struct.h
-- Up-to-date: /home/microros/microros_ws/firmware/mcu_ws/install/lifecycle_msgs/include/lifecycle_msgs/srv/detail/get_available_transitions__type_support.h
-- Up-to-date: /home/microros/microros_ws/firmware/mcu_ws/install/lifecycle_msgs/include/lifecycle_msgs/srv/detail/get_state__struct.h
-- Up-to-date: /home/microros/microros_ws/firmware/mcu_ws/install/lifecycle_msgs/include/lifecycle_msgs/srv/detail/change_state__functions.h
-- Up-to-date: /home/microros/microros_ws/firmware/mcu_ws/install/lifecycle_msgs/include/lifecycle_msgs/srv/change_state.h
-- Up-to-date: /home/microros/microros_ws/firmware/mcu_ws/install/lifecycle_msgs/include/lifecycle_msgs/srv/get_state.h
-- Up-to-date: /home/microros/microros_ws/firmware/mcu_ws/install/lifecycle_msgs/include/lifecycle_msgs/srv/get_available_transitions.h
-- Up-to-date: /home/microros/microros_ws/firmware/mcu_ws/install/lifecycle_msgs/include/lifecycle_msgs/srv/get_available_states.h
-- Up-to-date: /home/microros/microros_ws/firmware/mcu_ws/install/lifecycle_msgs/share/lifecycle_msgs/environment/library_path.sh
-- Up-to-date: /home/microros/microros_ws/firmware/mcu_ws/install/lifecycle_msgs/share/lifecycle_msgs/environment/library_path.dsv
-- Up-to-date: /home/microros/microros_ws/firmware/mcu_ws/install/lifecycle_msgs/lib/liblifecycle_msgs__rosidl_generator_c.a
-- Up-to-date: /home/microros/microros_ws/firmware/mcu_ws/install/lifecycle_msgs/include/lifecycle_msgs
-- Up-to-date: /home/microros/microros_ws/firmware/mcu_ws/install/lifecycle_msgs/include/lifecycle_msgs/msg
-- Up-to-date: /home/microros/microros_ws/firmware/mcu_ws/install/lifecycle_msgs/include/lifecycle_msgs/msg/detail
-- Up-to-date: /home/microros/microros_ws/firmware/mcu_ws/install/lifecycle_msgs/include/lifecycle_msgs/msg/detail/transition_description__rosidl_typesupport_microxrcedds_c.h
-- Up-to-date: /home/microros/microros_ws/firmware/mcu_ws/install/lifecycle_msgs/include/lifecycle_msgs/msg/detail/microxrcedds
-- Up-to-date: /home/microros/microros_ws/firmware/mcu_ws/install/lifecycle_msgs/include/lifecycle_msgs/msg/detail/transition__rosidl_typesupport_microxrcedds_c.h
-- Up-to-date: /home/microros/microros_ws/firmware/mcu_ws/install/lifecycle_msgs/include/lifecycle_msgs/msg/detail/transition_event__rosidl_typesupport_microxrcedds_c.h
-- Up-to-date: /home/microros/microros_ws/firmware/mcu_ws/install/lifecycle_msgs/include/lifecycle_msgs/msg/detail/state__rosidl_typesupport_microxrcedds_c.h
-- Up-to-date: /home/microros/microros_ws/firmware/mcu_ws/install/lifecycle_msgs/include/lifecycle_msgs/msg/rosidl_typesupport_microxrcedds_c__visibility_control.h
-- Up-to-date: /home/microros/microros_ws/firmware/mcu_ws/install/lifecycle_msgs/include/lifecycle_msgs/srv
-- Up-to-date: /home/microros/microros_ws/firmware/mcu_ws/install/lifecycle_msgs/include/lifecycle_msgs/srv/detail
-- Up-to-date: /home/microros/microros_ws/firmware/mcu_ws/install/lifecycle_msgs/include/lifecycle_msgs/srv/detail/get_available_transitions__rosidl_typesupport_microxrcedds_c.h
-- Up-to-date: /home/microros/microros_ws/firmware/mcu_ws/install/lifecycle_msgs/include/lifecycle_msgs/srv/detail/get_state__rosidl_typesupport_microxrcedds_c.h
-- Up-to-date: /home/microros/microros_ws/firmware/mcu_ws/install/lifecycle_msgs/include/lifecycle_msgs/srv/detail/microxrcedds
-- Up-to-date: /home/microros/microros_ws/firmware/mcu_ws/install/lifecycle_msgs/include/lifecycle_msgs/srv/detail/change_state__rosidl_typesupport_microxrcedds_c.h
-- Up-to-date: /home/microros/microros_ws/firmware/mcu_ws/install/lifecycle_msgs/include/lifecycle_msgs/srv/detail/get_available_states__rosidl_typesupport_microxrcedds_c.h
-- Up-to-date: /home/microros/microros_ws/firmware/mcu_ws/install/lifecycle_msgs/lib/liblifecycle_msgs__rosidl_typesupport_microxrcedds_c.a
-- Up-to-date: /home/microros/microros_ws/firmware/mcu_ws/install/lifecycle_msgs/lib/liblifecycle_msgs__rosidl_typesupport_c.a
-- Up-to-date: /home/microros/microros_ws/firmware/mcu_ws/install/lifecycle_msgs/lib/liblifecycle_msgs__rosidl_typesupport_microxrcedds_c.a
-- Up-to-date: /home/microros/microros_ws/firmware/mcu_ws/install/lifecycle_msgs/share/lifecycle_msgs/msg/State.idl
-- Up-to-date: /home/microros/microros_ws/firmware/mcu_ws/install/lifecycle_msgs/share/lifecycle_msgs/msg/Transition.idl
-- Up-to-date: /home/microros/microros_ws/firmware/mcu_ws/install/lifecycle_msgs/share/lifecycle_msgs/msg/TransitionDescription.idl
-- Up-to-date: /home/microros/microros_ws/firmware/mcu_ws/install/lifecycle_msgs/share/lifecycle_msgs/msg/TransitionEvent.idl
-- Up-to-date: /home/microros/microros_ws/firmware/mcu_ws/install/lifecycle_msgs/share/lifecycle_msgs/srv/ChangeState.idl
-- Up-to-date: /home/microros/microros_ws/firmware/mcu_ws/install/lifecycle_msgs/share/lifecycle_msgs/srv/GetAvailableStates.idl
-- Up-to-date: /home/microros/microros_ws/firmware/mcu_ws/install/lifecycle_msgs/share/lifecycle_msgs/srv/GetAvailableTransitions.idl
-- Up-to-date: /home/microros/microros_ws/firmware/mcu_ws/install/lifecycle_msgs/share/lifecycle_msgs/srv/GetState.idl
-- Up-to-date: /home/microros/microros_ws/firmware/mcu_ws/install/lifecycle_msgs/share/lifecycle_msgs/msg/State.msg
-- Up-to-date: /home/microros/microros_ws/firmware/mcu_ws/install/lifecycle_msgs/share/lifecycle_msgs/msg/Transition.msg
-- Up-to-date: /home/microros/microros_ws/firmware/mcu_ws/install/lifecycle_msgs/share/lifecycle_msgs/msg/TransitionDescription.msg
-- Up-to-date: /home/microros/microros_ws/firmware/mcu_ws/install/lifecycle_msgs/share/lifecycle_msgs/msg/TransitionEvent.msg
-- Up-to-date: /home/microros/microros_ws/firmware/mcu_ws/install/lifecycle_msgs/share/lifecycle_msgs/srv/ChangeState.srv
-- Up-to-date: /home/microros/microros_ws/firmware/mcu_ws/install/lifecycle_msgs/share/lifecycle_msgs/srv/ChangeState_Request.msg
-- Up-to-date: /home/microros/microros_ws/firmware/mcu_ws/install/lifecycle_msgs/share/lifecycle_msgs/srv/ChangeState_Response.msg
-- Up-to-date: /home/microros/microros_ws/firmware/mcu_ws/install/lifecycle_msgs/share/lifecycle_msgs/srv/GetAvailableStates.srv
-- Up-to-date: /home/microros/microros_ws/firmware/mcu_ws/install/lifecycle_msgs/share/lifecycle_msgs/srv/GetAvailableStates_Request.msg
-- Up-to-date: /home/microros/microros_ws/firmware/mcu_ws/install/lifecycle_msgs/share/lifecycle_msgs/srv/GetAvailableStates_Response.msg
-- Up-to-date: /home/microros/microros_ws/firmware/mcu_ws/install/lifecycle_msgs/share/lifecycle_msgs/srv/GetAvailableTransitions.srv
-- Up-to-date: /home/microros/microros_ws/firmware/mcu_ws/install/lifecycle_msgs/share/lifecycle_msgs/srv/GetAvailableTransitions_Request.msg
-- Up-to-date: /home/microros/microros_ws/firmware/mcu_ws/install/lifecycle_msgs/share/lifecycle_msgs/srv/GetAvailableTransitions_Response.msg
-- Up-to-date: /home/microros/microros_ws/firmware/mcu_ws/install/lifecycle_msgs/share/lifecycle_msgs/srv/GetState.srv
-- Up-to-date: /home/microros/microros_ws/firmware/mcu_ws/install/lifecycle_msgs/share/lifecycle_msgs/srv/GetState_Request.msg
-- Up-to-date: /home/microros/microros_ws/firmware/mcu_ws/install/lifecycle_msgs/share/lifecycle_msgs/srv/GetState_Response.msg
-- Up-to-date: /home/microros/microros_ws/firmware/mcu_ws/install/lifecycle_msgs/share/ament_index/resource_index/package_run_dependencies/lifecycle_msgs
-- Up-to-date: /home/microros/microros_ws/firmware/mcu_ws/install/lifecycle_msgs/share/ament_index/resource_index/parent_prefix_path/lifecycle_msgs
-- Up-to-date: /home/microros/microros_ws/firmware/mcu_ws/install/lifecycle_msgs/share/lifecycle_msgs/environment/ament_prefix_path.sh
-- Up-to-date: /home/microros/microros_ws/firmware/mcu_ws/install/lifecycle_msgs/share/lifecycle_msgs/environment/ament_prefix_path.dsv
-- Up-to-date: /home/microros/microros_ws/firmware/mcu_ws/install/lifecycle_msgs/share/lifecycle_msgs/environment/path.sh
-- Up-to-date: /home/microros/microros_ws/firmware/mcu_ws/install/lifecycle_msgs/share/lifecycle_msgs/environment/path.dsv
-- Up-to-date: /home/microros/microros_ws/firmware/mcu_ws/install/lifecycle_msgs/share/lifecycle_msgs/local_setup.bash
-- Up-to-date: /home/microros/microros_ws/firmware/mcu_ws/install/lifecycle_msgs/share/lifecycle_msgs/local_setup.sh
-- Up-to-date: /home/microros/microros_ws/firmware/mcu_ws/install/lifecycle_msgs/share/lifecycle_msgs/local_setup.zsh
-- Up-to-date: /home/microros/microros_ws/firmware/mcu_ws/install/lifecycle_msgs/share/lifecycle_msgs/local_setup.dsv
-- Installing: /home/microros/microros_ws/firmware/mcu_ws/install/lifecycle_msgs/share/lifecycle_msgs/package.dsv
-- Up-to-date: /home/microros/microros_ws/firmware/mcu_ws/install/lifecycle_msgs/share/ament_index/resource_index/packages/lifecycle_msgs
-- Up-to-date: /home/microros/microros_ws/firmware/mcu_ws/install/lifecycle_msgs/share/lifecycle_msgs/cmake/lifecycle_msgs__rosidl_generator_cExport.cmake
-- Up-to-date: /home/microros/microros_ws/firmware/mcu_ws/install/lifecycle_msgs/share/lifecycle_msgs/cmake/lifecycle_msgs__rosidl_generator_cExport-relwithdebinfo.cmake
-- Up-to-date: /home/microros/microros_ws/firmware/mcu_ws/install/lifecycle_msgs/share/lifecycle_msgs/cmake/lifecycle_msgs__rosidl_typesupport_cExport.cmake
-- Up-to-date: /home/microros/microros_ws/firmware/mcu_ws/install/lifecycle_msgs/share/lifecycle_msgs/cmake/lifecycle_msgs__rosidl_typesupport_cExport-relwithdebinfo.cmake
-- Up-to-date: /home/microros/microros_ws/firmware/mcu_ws/install/lifecycle_msgs/share/lifecycle_msgs/cmake/rosidl_cmake-extras.cmake
-- Up-to-date: /home/microros/microros_ws/firmware/mcu_ws/install/lifecycle_msgs/share/lifecycle_msgs/cmake/ament_cmake_export_dependencies-extras.cmake
-- Up-to-date: /home/microros/microros_ws/firmware/mcu_ws/install/lifecycle_msgs/share/lifecycle_msgs/cmake/ament_cmake_export_libraries-extras.cmake
-- Up-to-date: /home/microros/microros_ws/firmware/mcu_ws/install/lifecycle_msgs/share/lifecycle_msgs/cmake/ament_cmake_export_targets-extras.cmake
-- Up-to-date: /home/microros/microros_ws/firmware/mcu_ws/install/lifecycle_msgs/share/lifecycle_msgs/cmake/ament_cmake_export_include_directories-extras.cmake
-- Up-to-date: /home/microros/microros_ws/firmware/mcu_ws/install/lifecycle_msgs/share/lifecycle_msgs/cmake/rosidl_cmake_export_typesupport_libraries-extras.cmake
-- Up-to-date: /home/microros/microros_ws/firmware/mcu_ws/install/lifecycle_msgs/share/lifecycle_msgs/cmake/lifecycle_msgsConfig.cmake
-- Up-to-date: /home/microros/microros_ws/firmware/mcu_ws/install/lifecycle_msgs/share/lifecycle_msgs/cmake/lifecycle_msgsConfig-version.cmake
-- Up-to-date: /home/microros/microros_ws/firmware/mcu_ws/install/lifecycle_msgs/share/lifecycle_msgs/package.xml
