make[4]: Entering directory '/home/microros/microros_ws/firmware/mcu_ws/build/rmw'
/usr/bin/cmake -S/home/microros/microros_ws/firmware/mcu_ws/ros2/rmw/rmw -B/home/microros/microros_ws/firmware/mcu_ws/build/rmw --check-build-system CMakeFiles/Makefile.cmake 0
Re-run cmake file: Makefile older than: /home/microros/microros_ws/firmware/mcu_ws/install/rcutils/share/rcutils/cmake/rcutilsExport-relwithdebinfo.cmake
-- Found ament_cmake_ros: 0.9.0 (/home/microros/microros_ws/firmware/dev_ws/install/ament_cmake_ros/share/ament_cmake_ros/cmake)
-- Using PYTHON_EXECUTABLE: /usr/bin/python3
-- Found rcutils: 1.1.0 (/home/microros/microros_ws/firmware/mcu_ws/install/rcutils/share/rcutils/cmake)
-- Found rosidl_runtime_c: 1.1.0 (/home/microros/microros_ws/firmware/mcu_ws/install/rosidl_runtime_c/share/rosidl_runtime_c/cmake)
-- Configuring done
-- Generating done
-- Build files have been written to: /home/microros/microros_ws/firmware/mcu_ws/build/rmw
/usr/bin/cmake -E cmake_progress_start /home/microros/microros_ws/firmware/mcu_ws/build/rmw/CMakeFiles /home/microros/microros_ws/firmware/mcu_ws/build/rmw/CMakeFiles/progress.marks
/usr/bin/make -f CMakeFiles/Makefile2 all
make[5]: Entering directory '/home/microros/microros_ws/firmware/mcu_ws/build/rmw'
/usr/bin/make -f CMakeFiles/rmw.dir/build.make CMakeFiles/rmw.dir/depend
make[6]: Entering directory '/home/microros/microros_ws/firmware/mcu_ws/build/rmw'
cd /home/microros/microros_ws/firmware/mcu_ws/build/rmw && /usr/bin/cmake -E cmake_depends "Unix Makefiles" /home/microros/microros_ws/firmware/mcu_ws/ros2/rmw/rmw /home/microros/microros_ws/firmware/mcu_ws/ros2/rmw/rmw /home/microros/microros_ws/firmware/mcu_ws/build/rmw /home/microros/microros_ws/firmware/mcu_ws/build/rmw /home/microros/microros_ws/firmware/mcu_ws/build/rmw/CMakeFiles/rmw.dir/DependInfo.cmake --color=
Dependee "/home/microros/microros_ws/firmware/NuttX/include/nuttx/config.h" is newer than depender "CMakeFiles/rmw.dir/src/allocators.c.obj".
Dependee "/home/microros/microros_ws/firmware/NuttX/include/nuttx/config.h" is newer than depender "CMakeFiles/rmw.dir/src/convert_rcutils_ret_to_rmw_ret.c.obj".
Dependee "/home/microros/microros_ws/firmware/NuttX/include/nuttx/config.h" is newer than depender "CMakeFiles/rmw.dir/src/event.c.obj".
Dependee "/home/microros/microros_ws/firmware/NuttX/include/nuttx/config.h" is newer than depender "CMakeFiles/rmw.dir/src/init.c.obj".
Dependee "/home/microros/microros_ws/firmware/NuttX/include/nuttx/config.h" is newer than depender "CMakeFiles/rmw.dir/src/init_options.c.obj".
Dependee "/home/microros/microros_ws/firmware/NuttX/include/nuttx/config.h" is newer than depender "CMakeFiles/rmw.dir/src/message_sequence.c.obj".
Dependee "/home/microros/microros_ws/firmware/NuttX/include/nuttx/config.h" is newer than depender "CMakeFiles/rmw.dir/src/names_and_types.c.obj".
Dependee "/home/microros/microros_ws/firmware/NuttX/include/nuttx/config.h" is newer than depender "CMakeFiles/rmw.dir/src/publisher_options.c.obj".
Dependee "/home/microros/microros_ws/firmware/NuttX/include/nuttx/config.h" is newer than depender "CMakeFiles/rmw.dir/src/sanity_checks.c.obj".
Dependee "/home/microros/microros_ws/firmware/NuttX/include/nuttx/config.h" is newer than depender "CMakeFiles/rmw.dir/src/security_options.c.obj".
Dependee "/home/microros/microros_ws/firmware/NuttX/include/nuttx/config.h" is newer than depender "CMakeFiles/rmw.dir/src/subscription_options.c.obj".
Dependee "/home/microros/microros_ws/firmware/NuttX/include/nuttx/config.h" is newer than depender "CMakeFiles/rmw.dir/src/topic_endpoint_info.c.obj".
Dependee "/home/microros/microros_ws/firmware/NuttX/include/nuttx/config.h" is newer than depender "CMakeFiles/rmw.dir/src/topic_endpoint_info_array.c.obj".
Dependee "/home/microros/microros_ws/firmware/NuttX/include/nuttx/config.h" is newer than depender "CMakeFiles/rmw.dir/src/types.c.obj".
Dependee "/home/microros/microros_ws/firmware/NuttX/include/nuttx/config.h" is newer than depender "CMakeFiles/rmw.dir/src/validate_full_topic_name.c.obj".
Dependee "/home/microros/microros_ws/firmware/NuttX/include/nuttx/config.h" is newer than depender "CMakeFiles/rmw.dir/src/validate_namespace.c.obj".
Dependee "/home/microros/microros_ws/firmware/NuttX/include/nuttx/config.h" is newer than depender "CMakeFiles/rmw.dir/src/validate_node_name.c.obj".
Clearing dependencies in "/home/microros/microros_ws/firmware/mcu_ws/build/rmw/CMakeFiles/rmw.dir/depend.make".
[35m[1mScanning dependencies of target rmw[0m
make[6]: Leaving directory '/home/microros/microros_ws/firmware/mcu_ws/build/rmw'
/usr/bin/make -f CMakeFiles/rmw.dir/build.make CMakeFiles/rmw.dir/build
make[6]: Entering directory '/home/microros/microros_ws/firmware/mcu_ws/build/rmw'
[  5%] [32mBuilding C object CMakeFiles/rmw.dir/src/convert_rcutils_ret_to_rmw_ret.c.obj[0m
/usr/bin/arm-none-eabi-gcc --sysroot=/home/microros/microros_ws/firmware/NuttX/.. -DROS_PACKAGE_NAME=\"rmw\" -I/home/microros/microros_ws/firmware/mcu_ws/ros2/rmw/rmw/include -isystem /home/microros/microros_ws/firmware/NuttX/include -isystem /home/microros/microros_ws/firmware/NuttX/include/cxx -isystem /home/microros/microros_ws/firmware/NuttX/include/uClibc++ -isystem /home/microros/microros_ws/firmware/mcu_ws/install/rosidl_runtime_c/include -isystem /home/microros/microros_ws/firmware/mcu_ws/install/rcutils/include -isystem /home/microros/microros_ws/firmware/mcu_ws/install/tinydir_vendor/share/tinydir_vendor/cmake/../../../include -isystem /home/microros/microros_ws/firmware/mcu_ws/install/rosidl_typesupport_interface/include  -std=c99 -Dunix=1 -mcpu=cortex-m4 -mthumb -mfloat-abi=soft -Os -fno-strict-aliasing -fno-strength-reduce -fomit-frame-pointer -O2 -g -DNDEBUG -fPIC   -fvisibility=hidden -Wall -Wextra -Wpedantic -std=gnu99 -o CMakeFiles/rmw.dir/src/convert_rcutils_ret_to_rmw_ret.c.obj   -c /home/microros/microros_ws/firmware/mcu_ws/ros2/rmw/rmw/src/convert_rcutils_ret_to_rmw_ret.c
[ 11%] [32mBuilding C object CMakeFiles/rmw.dir/src/allocators.c.obj[0m
[ 16%] [32mBuilding C object CMakeFiles/rmw.dir/src/event.c.obj[0m
/usr/bin/arm-none-eabi-gcc --sysroot=/home/microros/microros_ws/firmware/NuttX/.. -DROS_PACKAGE_NAME=\"rmw\" -I/home/microros/microros_ws/firmware/mcu_ws/ros2/rmw/rmw/include -isystem /home/microros/microros_ws/firmware/NuttX/include -isystem /home/microros/microros_ws/firmware/NuttX/include/cxx -isystem /home/microros/microros_ws/firmware/NuttX/include/uClibc++ -isystem /home/microros/microros_ws/firmware/mcu_ws/install/rosidl_runtime_c/include -isystem /home/microros/microros_ws/firmware/mcu_ws/install/rcutils/include -isystem /home/microros/microros_ws/firmware/mcu_ws/install/tinydir_vendor/share/tinydir_vendor/cmake/../../../include -isystem /home/microros/microros_ws/firmware/mcu_ws/install/rosidl_typesupport_interface/include  -std=c99 -Dunix=1 -mcpu=cortex-m4 -mthumb -mfloat-abi=soft -Os -fno-strict-aliasing -fno-strength-reduce -fomit-frame-pointer -O2 -g -DNDEBUG -fPIC   -fvisibility=hidden -Wall -Wextra -Wpedantic -std=gnu99 -o CMakeFiles/rmw.dir/src/allocators.c.obj   -c /home/microros/microros_ws/firmware/mcu_ws/ros2/rmw/rmw/src/allocators.c
[ 22%] [32mBuilding C object CMakeFiles/rmw.dir/src/init.c.obj[0m
/usr/bin/arm-none-eabi-gcc --sysroot=/home/microros/microros_ws/firmware/NuttX/.. -DROS_PACKAGE_NAME=\"rmw\" -I/home/microros/microros_ws/firmware/mcu_ws/ros2/rmw/rmw/include -isystem /home/microros/microros_ws/firmware/NuttX/include -isystem /home/microros/microros_ws/firmware/NuttX/include/cxx -isystem /home/microros/microros_ws/firmware/NuttX/include/uClibc++ -isystem /home/microros/microros_ws/firmware/mcu_ws/install/rosidl_runtime_c/include -isystem /home/microros/microros_ws/firmware/mcu_ws/install/rcutils/include -isystem /home/microros/microros_ws/firmware/mcu_ws/install/tinydir_vendor/share/tinydir_vendor/cmake/../../../include -isystem /home/microros/microros_ws/firmware/mcu_ws/install/rosidl_typesupport_interface/include  -std=c99 -Dunix=1 -mcpu=cortex-m4 -mthumb -mfloat-abi=soft -Os -fno-strict-aliasing -fno-strength-reduce -fomit-frame-pointer -O2 -g -DNDEBUG -fPIC   -fvisibility=hidden -Wall -Wextra -Wpedantic -std=gnu99 -o CMakeFiles/rmw.dir/src/event.c.obj   -c /home/microros/microros_ws/firmware/mcu_ws/ros2/rmw/rmw/src/event.c
/usr/bin/arm-none-eabi-gcc --sysroot=/home/microros/microros_ws/firmware/NuttX/.. -DROS_PACKAGE_NAME=\"rmw\" -I/home/microros/microros_ws/firmware/mcu_ws/ros2/rmw/rmw/include -isystem /home/microros/microros_ws/firmware/NuttX/include -isystem /home/microros/microros_ws/firmware/NuttX/include/cxx -isystem /home/microros/microros_ws/firmware/NuttX/include/uClibc++ -isystem /home/microros/microros_ws/firmware/mcu_ws/install/rosidl_runtime_c/include -isystem /home/microros/microros_ws/firmware/mcu_ws/install/rcutils/include -isystem /home/microros/microros_ws/firmware/mcu_ws/install/tinydir_vendor/share/tinydir_vendor/cmake/../../../include -isystem /home/microros/microros_ws/firmware/mcu_ws/install/rosidl_typesupport_interface/include  -std=c99 -Dunix=1 -mcpu=cortex-m4 -mthumb -mfloat-abi=soft -Os -fno-strict-aliasing -fno-strength-reduce -fomit-frame-pointer -O2 -g -DNDEBUG -fPIC   -fvisibility=hidden -Wall -Wextra -Wpedantic -std=gnu99 -o CMakeFiles/rmw.dir/src/init.c.obj   -c /home/microros/microros_ws/firmware/mcu_ws/ros2/rmw/rmw/src/init.c
[ 27%] [32mBuilding C object CMakeFiles/rmw.dir/src/message_sequence.c.obj[0m
/usr/bin/arm-none-eabi-gcc --sysroot=/home/microros/microros_ws/firmware/NuttX/.. -DROS_PACKAGE_NAME=\"rmw\" -I/home/microros/microros_ws/firmware/mcu_ws/ros2/rmw/rmw/include -isystem /home/microros/microros_ws/firmware/NuttX/include -isystem /home/microros/microros_ws/firmware/NuttX/include/cxx -isystem /home/microros/microros_ws/firmware/NuttX/include/uClibc++ -isystem /home/microros/microros_ws/firmware/mcu_ws/install/rosidl_runtime_c/include -isystem /home/microros/microros_ws/firmware/mcu_ws/install/rcutils/include -isystem /home/microros/microros_ws/firmware/mcu_ws/install/tinydir_vendor/share/tinydir_vendor/cmake/../../../include -isystem /home/microros/microros_ws/firmware/mcu_ws/install/rosidl_typesupport_interface/include  -std=c99 -Dunix=1 -mcpu=cortex-m4 -mthumb -mfloat-abi=soft -Os -fno-strict-aliasing -fno-strength-reduce -fomit-frame-pointer -O2 -g -DNDEBUG -fPIC   -fvisibility=hidden -Wall -Wextra -Wpedantic -std=gnu99 -o CMakeFiles/rmw.dir/src/message_sequence.c.obj   -c /home/microros/microros_ws/firmware/mcu_ws/ros2/rmw/rmw/src/message_sequence.c
[ 33%] [32mBuilding C object CMakeFiles/rmw.dir/src/names_and_types.c.obj[0m
/usr/bin/arm-none-eabi-gcc --sysroot=/home/microros/microros_ws/firmware/NuttX/.. -DROS_PACKAGE_NAME=\"rmw\" -I/home/microros/microros_ws/firmware/mcu_ws/ros2/rmw/rmw/include -isystem /home/microros/microros_ws/firmware/NuttX/include -isystem /home/microros/microros_ws/firmware/NuttX/include/cxx -isystem /home/microros/microros_ws/firmware/NuttX/include/uClibc++ -isystem /home/microros/microros_ws/firmware/mcu_ws/install/rosidl_runtime_c/include -isystem /home/microros/microros_ws/firmware/mcu_ws/install/rcutils/include -isystem /home/microros/microros_ws/firmware/mcu_ws/install/tinydir_vendor/share/tinydir_vendor/cmake/../../../include -isystem /home/microros/microros_ws/firmware/mcu_ws/install/rosidl_typesupport_interface/include  -std=c99 -Dunix=1 -mcpu=cortex-m4 -mthumb -mfloat-abi=soft -Os -fno-strict-aliasing -fno-strength-reduce -fomit-frame-pointer -O2 -g -DNDEBUG -fPIC   -fvisibility=hidden -Wall -Wextra -Wpedantic -std=gnu99 -o CMakeFiles/rmw.dir/src/names_and_types.c.obj   -c /home/microros/microros_ws/firmware/mcu_ws/ros2/rmw/rmw/src/names_and_types.c
[ 38%] [32mBuilding C object CMakeFiles/rmw.dir/src/init_options.c.obj[0m
/usr/bin/arm-none-eabi-gcc --sysroot=/home/microros/microros_ws/firmware/NuttX/.. -DROS_PACKAGE_NAME=\"rmw\" -I/home/microros/microros_ws/firmware/mcu_ws/ros2/rmw/rmw/include -isystem /home/microros/microros_ws/firmware/NuttX/include -isystem /home/microros/microros_ws/firmware/NuttX/include/cxx -isystem /home/microros/microros_ws/firmware/NuttX/include/uClibc++ -isystem /home/microros/microros_ws/firmware/mcu_ws/install/rosidl_runtime_c/include -isystem /home/microros/microros_ws/firmware/mcu_ws/install/rcutils/include -isystem /home/microros/microros_ws/firmware/mcu_ws/install/tinydir_vendor/share/tinydir_vendor/cmake/../../../include -isystem /home/microros/microros_ws/firmware/mcu_ws/install/rosidl_typesupport_interface/include  -std=c99 -Dunix=1 -mcpu=cortex-m4 -mthumb -mfloat-abi=soft -Os -fno-strict-aliasing -fno-strength-reduce -fomit-frame-pointer -O2 -g -DNDEBUG -fPIC   -fvisibility=hidden -Wall -Wextra -Wpedantic -std=gnu99 -o CMakeFiles/rmw.dir/src/init_options.c.obj   -c /home/microros/microros_ws/firmware/mcu_ws/ros2/rmw/rmw/src/init_options.c
[ 44%] [32mBuilding C object CMakeFiles/rmw.dir/src/sanity_checks.c.obj[0m
/usr/bin/arm-none-eabi-gcc --sysroot=/home/microros/microros_ws/firmware/NuttX/.. -DROS_PACKAGE_NAME=\"rmw\" -I/home/microros/microros_ws/firmware/mcu_ws/ros2/rmw/rmw/include -isystem /home/microros/microros_ws/firmware/NuttX/include -isystem /home/microros/microros_ws/firmware/NuttX/include/cxx -isystem /home/microros/microros_ws/firmware/NuttX/include/uClibc++ -isystem /home/microros/microros_ws/firmware/mcu_ws/install/rosidl_runtime_c/include -isystem /home/microros/microros_ws/firmware/mcu_ws/install/rcutils/include -isystem /home/microros/microros_ws/firmware/mcu_ws/install/tinydir_vendor/share/tinydir_vendor/cmake/../../../include -isystem /home/microros/microros_ws/firmware/mcu_ws/install/rosidl_typesupport_interface/include  -std=c99 -Dunix=1 -mcpu=cortex-m4 -mthumb -mfloat-abi=soft -Os -fno-strict-aliasing -fno-strength-reduce -fomit-frame-pointer -O2 -g -DNDEBUG -fPIC   -fvisibility=hidden -Wall -Wextra -Wpedantic -std=gnu99 -o CMakeFiles/rmw.dir/src/sanity_checks.c.obj   -c /home/microros/microros_ws/firmware/mcu_ws/ros2/rmw/rmw/src/sanity_checks.c
[ 50%] [32mBuilding C object CMakeFiles/rmw.dir/src/publisher_options.c.obj[0m
/usr/bin/arm-none-eabi-gcc --sysroot=/home/microros/microros_ws/firmware/NuttX/.. -DROS_PACKAGE_NAME=\"rmw\" -I/home/microros/microros_ws/firmware/mcu_ws/ros2/rmw/rmw/include -isystem /home/microros/microros_ws/firmware/NuttX/include -isystem /home/microros/microros_ws/firmware/NuttX/include/cxx -isystem /home/microros/microros_ws/firmware/NuttX/include/uClibc++ -isystem /home/microros/microros_ws/firmware/mcu_ws/install/rosidl_runtime_c/include -isystem /home/microros/microros_ws/firmware/mcu_ws/install/rcutils/include -isystem /home/microros/microros_ws/firmware/mcu_ws/install/tinydir_vendor/share/tinydir_vendor/cmake/../../../include -isystem /home/microros/microros_ws/firmware/mcu_ws/install/rosidl_typesupport_interface/include  -std=c99 -Dunix=1 -mcpu=cortex-m4 -mthumb -mfloat-abi=soft -Os -fno-strict-aliasing -fno-strength-reduce -fomit-frame-pointer -O2 -g -DNDEBUG -fPIC   -fvisibility=hidden -Wall -Wextra -Wpedantic -std=gnu99 -o CMakeFiles/rmw.dir/src/publisher_options.c.obj   -c /home/microros/microros_ws/firmware/mcu_ws/ros2/rmw/rmw/src/publisher_options.c
[ 55%] [32mBuilding C object CMakeFiles/rmw.dir/src/security_options.c.obj[0m
/usr/bin/arm-none-eabi-gcc --sysroot=/home/microros/microros_ws/firmware/NuttX/.. -DROS_PACKAGE_NAME=\"rmw\" -I/home/microros/microros_ws/firmware/mcu_ws/ros2/rmw/rmw/include -isystem /home/microros/microros_ws/firmware/NuttX/include -isystem /home/microros/microros_ws/firmware/NuttX/include/cxx -isystem /home/microros/microros_ws/firmware/NuttX/include/uClibc++ -isystem /home/microros/microros_ws/firmware/mcu_ws/install/rosidl_runtime_c/include -isystem /home/microros/microros_ws/firmware/mcu_ws/install/rcutils/include -isystem /home/microros/microros_ws/firmware/mcu_ws/install/tinydir_vendor/share/tinydir_vendor/cmake/../../../include -isystem /home/microros/microros_ws/firmware/mcu_ws/install/rosidl_typesupport_interface/include  -std=c99 -Dunix=1 -mcpu=cortex-m4 -mthumb -mfloat-abi=soft -Os -fno-strict-aliasing -fno-strength-reduce -fomit-frame-pointer -O2 -g -DNDEBUG -fPIC   -fvisibility=hidden -Wall -Wextra -Wpedantic -std=gnu99 -o CMakeFiles/rmw.dir/src/security_options.c.obj   -c /home/microros/microros_ws/firmware/mcu_ws/ros2/rmw/rmw/src/security_options.c
[ 61%] [32mBuilding C object CMakeFiles/rmw.dir/src/subscription_options.c.obj[0m
/usr/bin/arm-none-eabi-gcc --sysroot=/home/microros/microros_ws/firmware/NuttX/.. -DROS_PACKAGE_NAME=\"rmw\" -I/home/microros/microros_ws/firmware/mcu_ws/ros2/rmw/rmw/include -isystem /home/microros/microros_ws/firmware/NuttX/include -isystem /home/microros/microros_ws/firmware/NuttX/include/cxx -isystem /home/microros/microros_ws/firmware/NuttX/include/uClibc++ -isystem /home/microros/microros_ws/firmware/mcu_ws/install/rosidl_runtime_c/include -isystem /home/microros/microros_ws/firmware/mcu_ws/install/rcutils/include -isystem /home/microros/microros_ws/firmware/mcu_ws/install/tinydir_vendor/share/tinydir_vendor/cmake/../../../include -isystem /home/microros/microros_ws/firmware/mcu_ws/install/rosidl_typesupport_interface/include  -std=c99 -Dunix=1 -mcpu=cortex-m4 -mthumb -mfloat-abi=soft -Os -fno-strict-aliasing -fno-strength-reduce -fomit-frame-pointer -O2 -g -DNDEBUG -fPIC   -fvisibility=hidden -Wall -Wextra -Wpedantic -std=gnu99 -o CMakeFiles/rmw.dir/src/subscription_options.c.obj   -c /home/microros/microros_ws/firmware/mcu_ws/ros2/rmw/rmw/src/subscription_options.c
[ 66%] [32mBuilding C object CMakeFiles/rmw.dir/src/topic_endpoint_info_array.c.obj[0m
/usr/bin/arm-none-eabi-gcc --sysroot=/home/microros/microros_ws/firmware/NuttX/.. -DROS_PACKAGE_NAME=\"rmw\" -I/home/microros/microros_ws/firmware/mcu_ws/ros2/rmw/rmw/include -isystem /home/microros/microros_ws/firmware/NuttX/include -isystem /home/microros/microros_ws/firmware/NuttX/include/cxx -isystem /home/microros/microros_ws/firmware/NuttX/include/uClibc++ -isystem /home/microros/microros_ws/firmware/mcu_ws/install/rosidl_runtime_c/include -isystem /home/microros/microros_ws/firmware/mcu_ws/install/rcutils/include -isystem /home/microros/microros_ws/firmware/mcu_ws/install/tinydir_vendor/share/tinydir_vendor/cmake/../../../include -isystem /home/microros/microros_ws/firmware/mcu_ws/install/rosidl_typesupport_interface/include  -std=c99 -Dunix=1 -mcpu=cortex-m4 -mthumb -mfloat-abi=soft -Os -fno-strict-aliasing -fno-strength-reduce -fomit-frame-pointer -O2 -g -DNDEBUG -fPIC   -fvisibility=hidden -Wall -Wextra -Wpedantic -std=gnu99 -o CMakeFiles/rmw.dir/src/topic_endpoint_info_array.c.obj   -c /home/microros/microros_ws/firmware/mcu_ws/ros2/rmw/rmw/src/topic_endpoint_info_array.c
[ 72%] [32mBuilding C object CMakeFiles/rmw.dir/src/topic_endpoint_info.c.obj[0m
/usr/bin/arm-none-eabi-gcc --sysroot=/home/microros/microros_ws/firmware/NuttX/.. -DROS_PACKAGE_NAME=\"rmw\" -I/home/microros/microros_ws/firmware/mcu_ws/ros2/rmw/rmw/include -isystem /home/microros/microros_ws/firmware/NuttX/include -isystem /home/microros/microros_ws/firmware/NuttX/include/cxx -isystem /home/microros/microros_ws/firmware/NuttX/include/uClibc++ -isystem /home/microros/microros_ws/firmware/mcu_ws/install/rosidl_runtime_c/include -isystem /home/microros/microros_ws/firmware/mcu_ws/install/rcutils/include -isystem /home/microros/microros_ws/firmware/mcu_ws/install/tinydir_vendor/share/tinydir_vendor/cmake/../../../include -isystem /home/microros/microros_ws/firmware/mcu_ws/install/rosidl_typesupport_interface/include  -std=c99 -Dunix=1 -mcpu=cortex-m4 -mthumb -mfloat-abi=soft -Os -fno-strict-aliasing -fno-strength-reduce -fomit-frame-pointer -O2 -g -DNDEBUG -fPIC   -fvisibility=hidden -Wall -Wextra -Wpedantic -std=gnu99 -o CMakeFiles/rmw.dir/src/topic_endpoint_info.c.obj   -c /home/microros/microros_ws/firmware/mcu_ws/ros2/rmw/rmw/src/topic_endpoint_info.c
[ 77%] [32mBuilding C object CMakeFiles/rmw.dir/src/validate_full_topic_name.c.obj[0m
/usr/bin/arm-none-eabi-gcc --sysroot=/home/microros/microros_ws/firmware/NuttX/.. -DROS_PACKAGE_NAME=\"rmw\" -I/home/microros/microros_ws/firmware/mcu_ws/ros2/rmw/rmw/include -isystem /home/microros/microros_ws/firmware/NuttX/include -isystem /home/microros/microros_ws/firmware/NuttX/include/cxx -isystem /home/microros/microros_ws/firmware/NuttX/include/uClibc++ -isystem /home/microros/microros_ws/firmware/mcu_ws/install/rosidl_runtime_c/include -isystem /home/microros/microros_ws/firmware/mcu_ws/install/rcutils/include -isystem /home/microros/microros_ws/firmware/mcu_ws/install/tinydir_vendor/share/tinydir_vendor/cmake/../../../include -isystem /home/microros/microros_ws/firmware/mcu_ws/install/rosidl_typesupport_interface/include  -std=c99 -Dunix=1 -mcpu=cortex-m4 -mthumb -mfloat-abi=soft -Os -fno-strict-aliasing -fno-strength-reduce -fomit-frame-pointer -O2 -g -DNDEBUG -fPIC   -fvisibility=hidden -Wall -Wextra -Wpedantic -std=gnu99 -o CMakeFiles/rmw.dir/src/validate_full_topic_name.c.obj   -c /home/microros/microros_ws/firmware/mcu_ws/ros2/rmw/rmw/src/validate_full_topic_name.c
[ 83%] [32mBuilding C object CMakeFiles/rmw.dir/src/types.c.obj[0m
/usr/bin/arm-none-eabi-gcc --sysroot=/home/microros/microros_ws/firmware/NuttX/.. -DROS_PACKAGE_NAME=\"rmw\" -I/home/microros/microros_ws/firmware/mcu_ws/ros2/rmw/rmw/include -isystem /home/microros/microros_ws/firmware/NuttX/include -isystem /home/microros/microros_ws/firmware/NuttX/include/cxx -isystem /home/microros/microros_ws/firmware/NuttX/include/uClibc++ -isystem /home/microros/microros_ws/firmware/mcu_ws/install/rosidl_runtime_c/include -isystem /home/microros/microros_ws/firmware/mcu_ws/install/rcutils/include -isystem /home/microros/microros_ws/firmware/mcu_ws/install/tinydir_vendor/share/tinydir_vendor/cmake/../../../include -isystem /home/microros/microros_ws/firmware/mcu_ws/install/rosidl_typesupport_interface/include  -std=c99 -Dunix=1 -mcpu=cortex-m4 -mthumb -mfloat-abi=soft -Os -fno-strict-aliasing -fno-strength-reduce -fomit-frame-pointer -O2 -g -DNDEBUG -fPIC   -fvisibility=hidden -Wall -Wextra -Wpedantic -std=gnu99 -o CMakeFiles/rmw.dir/src/types.c.obj   -c /home/microros/microros_ws/firmware/mcu_ws/ros2/rmw/rmw/src/types.c
[ 88%] [32mBuilding C object CMakeFiles/rmw.dir/src/validate_namespace.c.obj[0m
/usr/bin/arm-none-eabi-gcc --sysroot=/home/microros/microros_ws/firmware/NuttX/.. -DROS_PACKAGE_NAME=\"rmw\" -I/home/microros/microros_ws/firmware/mcu_ws/ros2/rmw/rmw/include -isystem /home/microros/microros_ws/firmware/NuttX/include -isystem /home/microros/microros_ws/firmware/NuttX/include/cxx -isystem /home/microros/microros_ws/firmware/NuttX/include/uClibc++ -isystem /home/microros/microros_ws/firmware/mcu_ws/install/rosidl_runtime_c/include -isystem /home/microros/microros_ws/firmware/mcu_ws/install/rcutils/include -isystem /home/microros/microros_ws/firmware/mcu_ws/install/tinydir_vendor/share/tinydir_vendor/cmake/../../../include -isystem /home/microros/microros_ws/firmware/mcu_ws/install/rosidl_typesupport_interface/include  -std=c99 -Dunix=1 -mcpu=cortex-m4 -mthumb -mfloat-abi=soft -Os -fno-strict-aliasing -fno-strength-reduce -fomit-frame-pointer -O2 -g -DNDEBUG -fPIC   -fvisibility=hidden -Wall -Wextra -Wpedantic -std=gnu99 -o CMakeFiles/rmw.dir/src/validate_namespace.c.obj   -c /home/microros/microros_ws/firmware/mcu_ws/ros2/rmw/rmw/src/validate_namespace.c
[ 94%] [32mBuilding C object CMakeFiles/rmw.dir/src/validate_node_name.c.obj[0m
/usr/bin/arm-none-eabi-gcc --sysroot=/home/microros/microros_ws/firmware/NuttX/.. -DROS_PACKAGE_NAME=\"rmw\" -I/home/microros/microros_ws/firmware/mcu_ws/ros2/rmw/rmw/include -isystem /home/microros/microros_ws/firmware/NuttX/include -isystem /home/microros/microros_ws/firmware/NuttX/include/cxx -isystem /home/microros/microros_ws/firmware/NuttX/include/uClibc++ -isystem /home/microros/microros_ws/firmware/mcu_ws/install/rosidl_runtime_c/include -isystem /home/microros/microros_ws/firmware/mcu_ws/install/rcutils/include -isystem /home/microros/microros_ws/firmware/mcu_ws/install/tinydir_vendor/share/tinydir_vendor/cmake/../../../include -isystem /home/microros/microros_ws/firmware/mcu_ws/install/rosidl_typesupport_interface/include  -std=c99 -Dunix=1 -mcpu=cortex-m4 -mthumb -mfloat-abi=soft -Os -fno-strict-aliasing -fno-strength-reduce -fomit-frame-pointer -O2 -g -DNDEBUG -fPIC   -fvisibility=hidden -Wall -Wextra -Wpedantic -std=gnu99 -o CMakeFiles/rmw.dir/src/validate_node_name.c.obj   -c /home/microros/microros_ws/firmware/mcu_ws/ros2/rmw/rmw/src/validate_node_name.c
[100%] [32m[1mLinking C static library librmw.a[0m
/usr/bin/cmake -P CMakeFiles/rmw.dir/cmake_clean_target.cmake
/usr/bin/cmake -E cmake_link_script CMakeFiles/rmw.dir/link.txt --verbose=1
/usr/bin/arm-none-eabi-ar qc librmw.a  CMakeFiles/rmw.dir/src/allocators.c.obj CMakeFiles/rmw.dir/src/convert_rcutils_ret_to_rmw_ret.c.obj CMakeFiles/rmw.dir/src/event.c.obj CMakeFiles/rmw.dir/src/init.c.obj CMakeFiles/rmw.dir/src/init_options.c.obj CMakeFiles/rmw.dir/src/message_sequence.c.obj CMakeFiles/rmw.dir/src/names_and_types.c.obj CMakeFiles/rmw.dir/src/publisher_options.c.obj CMakeFiles/rmw.dir/src/sanity_checks.c.obj CMakeFiles/rmw.dir/src/security_options.c.obj CMakeFiles/rmw.dir/src/subscription_options.c.obj CMakeFiles/rmw.dir/src/topic_endpoint_info_array.c.obj CMakeFiles/rmw.dir/src/topic_endpoint_info.c.obj CMakeFiles/rmw.dir/src/types.c.obj CMakeFiles/rmw.dir/src/validate_full_topic_name.c.obj CMakeFiles/rmw.dir/src/validate_namespace.c.obj CMakeFiles/rmw.dir/src/validate_node_name.c.obj
/usr/bin/arm-none-eabi-ranlib librmw.a
make[6]: Leaving directory '/home/microros/microros_ws/firmware/mcu_ws/build/rmw'
[100%] Built target rmw
make[5]: Leaving directory '/home/microros/microros_ws/firmware/mcu_ws/build/rmw'
/usr/bin/cmake -E cmake_progress_start /home/microros/microros_ws/firmware/mcu_ws/build/rmw/CMakeFiles 0
make[4]: Leaving directory '/home/microros/microros_ws/firmware/mcu_ws/build/rmw'
-- Install configuration: "RelWithDebInfo"
-- Up-to-date: /home/microros/microros_ws/firmware/mcu_ws/install/rmw/share/rmw/environment/library_path.sh
-- Installing: /home/microros/microros_ws/firmware/mcu_ws/install/rmw/share/rmw/environment/library_path.dsv
-- Up-to-date: /home/microros/microros_ws/firmware/mcu_ws/install/rmw/share/ament_index/resource_index/package_run_dependencies/rmw
-- Up-to-date: /home/microros/microros_ws/firmware/mcu_ws/install/rmw/share/ament_index/resource_index/parent_prefix_path/rmw
-- Up-to-date: /home/microros/microros_ws/firmware/mcu_ws/install/rmw/share/rmw/environment/ament_prefix_path.sh
-- Installing: /home/microros/microros_ws/firmware/mcu_ws/install/rmw/share/rmw/environment/ament_prefix_path.dsv
-- Up-to-date: /home/microros/microros_ws/firmware/mcu_ws/install/rmw/share/rmw/environment/path.sh
-- Installing: /home/microros/microros_ws/firmware/mcu_ws/install/rmw/share/rmw/environment/path.dsv
-- Up-to-date: /home/microros/microros_ws/firmware/mcu_ws/install/rmw/share/rmw/local_setup.bash
-- Up-to-date: /home/microros/microros_ws/firmware/mcu_ws/install/rmw/share/rmw/local_setup.sh
-- Up-to-date: /home/microros/microros_ws/firmware/mcu_ws/install/rmw/share/rmw/local_setup.zsh
-- Installing: /home/microros/microros_ws/firmware/mcu_ws/install/rmw/share/rmw/local_setup.dsv
-- Installing: /home/microros/microros_ws/firmware/mcu_ws/install/rmw/share/rmw/package.dsv
-- Up-to-date: /home/microros/microros_ws/firmware/mcu_ws/install/rmw/share/ament_index/resource_index/packages/rmw
-- Up-to-date: /home/microros/microros_ws/firmware/mcu_ws/install/rmw/share/rmw/cmake/rmwExport.cmake
-- Installing: /home/microros/microros_ws/firmware/mcu_ws/install/rmw/share/rmw/cmake/rmwExport-relwithdebinfo.cmake
-- Up-to-date: /home/microros/microros_ws/firmware/mcu_ws/install/rmw/share/rmw/cmake/rmw-extras.cmake
-- Up-to-date: /home/microros/microros_ws/firmware/mcu_ws/install/rmw/share/rmw/cmake/ament_cmake_export_dependencies-extras.cmake
-- Up-to-date: /home/microros/microros_ws/firmware/mcu_ws/install/rmw/share/rmw/cmake/ament_cmake_export_include_directories-extras.cmake
-- Up-to-date: /home/microros/microros_ws/firmware/mcu_ws/install/rmw/share/rmw/cmake/ament_cmake_export_libraries-extras.cmake
-- Up-to-date: /home/microros/microros_ws/firmware/mcu_ws/install/rmw/share/rmw/cmake/ament_cmake_export_targets-extras.cmake
-- Up-to-date: /home/microros/microros_ws/firmware/mcu_ws/install/rmw/share/rmw/cmake/rmwConfig.cmake
-- Up-to-date: /home/microros/microros_ws/firmware/mcu_ws/install/rmw/share/rmw/cmake/rmwConfig-version.cmake
-- Up-to-date: /home/microros/microros_ws/firmware/mcu_ws/install/rmw/share/rmw/package.xml
-- Up-to-date: /home/microros/microros_ws/firmware/mcu_ws/install/rmw/share/rmw/cmake
-- Up-to-date: /home/microros/microros_ws/firmware/mcu_ws/install/rmw/share/rmw/cmake/get_rmw_typesupport.cmake
-- Up-to-date: /home/microros/microros_ws/firmware/mcu_ws/install/rmw/share/rmw/cmake/register_rmw_implementation.cmake
-- Up-to-date: /home/microros/microros_ws/firmware/mcu_ws/install/rmw/share/rmw/cmake/configure_rmw_library.cmake
-- Up-to-date: /home/microros/microros_ws/firmware/mcu_ws/install/rmw/include
-- Up-to-date: /home/microros/microros_ws/firmware/mcu_ws/install/rmw/include/rmw
-- Up-to-date: /home/microros/microros_ws/firmware/mcu_ws/install/rmw/include/rmw/topic_endpoint_info_array.h
-- Up-to-date: /home/microros/microros_ws/firmware/mcu_ws/install/rmw/include/rmw/qos_profiles.h
-- Up-to-date: /home/microros/microros_ws/firmware/mcu_ws/install/rmw/include/rmw/publisher_options.h
-- Up-to-date: /home/microros/microros_ws/firmware/mcu_ws/install/rmw/include/rmw/init.h
-- Up-to-date: /home/microros/microros_ws/firmware/mcu_ws/install/rmw/include/rmw/validate_namespace.h
-- Up-to-date: /home/microros/microros_ws/firmware/mcu_ws/install/rmw/include/rmw/rmw.h
-- Up-to-date: /home/microros/microros_ws/firmware/mcu_ws/install/rmw/include/rmw/error_handling.h
-- Up-to-date: /home/microros/microros_ws/firmware/mcu_ws/install/rmw/include/rmw/incompatible_qos_events_statuses.h
-- Up-to-date: /home/microros/microros_ws/firmware/mcu_ws/install/rmw/include/rmw/sanity_checks.h
-- Up-to-date: /home/microros/microros_ws/firmware/mcu_ws/install/rmw/include/rmw/validate_full_topic_name.h
-- Up-to-date: /home/microros/microros_ws/firmware/mcu_ws/install/rmw/include/rmw/init_options.h
-- Up-to-date: /home/microros/microros_ws/firmware/mcu_ws/install/rmw/include/rmw/impl
-- Up-to-date: /home/microros/microros_ws/firmware/mcu_ws/install/rmw/include/rmw/impl/config.h
-- Up-to-date: /home/microros/microros_ws/firmware/mcu_ws/install/rmw/include/rmw/impl/cpp
-- Up-to-date: /home/microros/microros_ws/firmware/mcu_ws/install/rmw/include/rmw/impl/cpp/demangle.hpp
-- Up-to-date: /home/microros/microros_ws/firmware/mcu_ws/install/rmw/include/rmw/impl/cpp/key_value.hpp
-- Up-to-date: /home/microros/microros_ws/firmware/mcu_ws/install/rmw/include/rmw/impl/cpp/macros.hpp
-- Up-to-date: /home/microros/microros_ws/firmware/mcu_ws/install/rmw/include/rmw/domain_id.h
-- Up-to-date: /home/microros/microros_ws/firmware/mcu_ws/install/rmw/include/rmw/topic_endpoint_info.h
-- Up-to-date: /home/microros/microros_ws/firmware/mcu_ws/install/rmw/include/rmw/convert_rcutils_ret_to_rmw_ret.h
-- Up-to-date: /home/microros/microros_ws/firmware/mcu_ws/install/rmw/include/rmw/validate_node_name.h
-- Up-to-date: /home/microros/microros_ws/firmware/mcu_ws/install/rmw/include/rmw/allocators.h
-- Up-to-date: /home/microros/microros_ws/firmware/mcu_ws/install/rmw/include/rmw/event.h
-- Up-to-date: /home/microros/microros_ws/firmware/mcu_ws/install/rmw/include/rmw/get_node_info_and_types.h
-- Up-to-date: /home/microros/microros_ws/firmware/mcu_ws/install/rmw/include/rmw/serialized_message.h
-- Up-to-date: /home/microros/microros_ws/firmware/mcu_ws/install/rmw/include/rmw/types.h
-- Up-to-date: /home/microros/microros_ws/firmware/mcu_ws/install/rmw/include/rmw/visibility_control.h
-- Up-to-date: /home/microros/microros_ws/firmware/mcu_ws/install/rmw/include/rmw/names_and_types.h
-- Up-to-date: /home/microros/microros_ws/firmware/mcu_ws/install/rmw/include/rmw/subscription_options.h
-- Up-to-date: /home/microros/microros_ws/firmware/mcu_ws/install/rmw/include/rmw/macros.h
-- Up-to-date: /home/microros/microros_ws/firmware/mcu_ws/install/rmw/include/rmw/get_topic_names_and_types.h
-- Up-to-date: /home/microros/microros_ws/firmware/mcu_ws/install/rmw/include/rmw/get_service_names_and_types.h
-- Up-to-date: /home/microros/microros_ws/firmware/mcu_ws/install/rmw/include/rmw/message_sequence.h
-- Up-to-date: /home/microros/microros_ws/firmware/mcu_ws/install/rmw/include/rmw/localhost.h
-- Up-to-date: /home/microros/microros_ws/firmware/mcu_ws/install/rmw/include/rmw/get_topic_endpoint_info.h
-- Up-to-date: /home/microros/microros_ws/firmware/mcu_ws/install/rmw/include/rmw/security_options.h
-- Up-to-date: /home/microros/microros_ws/firmware/mcu_ws/install/rmw/include/rmw/ret_types.h
-- Installing: /home/microros/microros_ws/firmware/mcu_ws/install/rmw/lib/librmw.a
