[0.250s] Invoking command in '/home/microros/microros_ws/build/micro_ros_setup': CMAKE_PREFIX_PATH=${CMAKE_PREFIX_PATH}:/opt/ros/foxy /usr/bin/cmake --build /home/microros/microros_ws/build/micro_ros_setup -- -j4 -l4
[2.078s] Invoked command in '/home/microros/microros_ws/build/micro_ros_setup' returned '0': CMAKE_PREFIX_PATH=${CMAKE_PREFIX_PATH}:/opt/ros/foxy /usr/bin/cmake --build /home/microros/microros_ws/build/micro_ros_setup -- -j4 -l4
[2.119s] Invoking command in '/home/microros/microros_ws/build/micro_ros_setup': CMAKE_PREFIX_PATH=${CMAKE_PREFIX_PATH}:/opt/ros/foxy /usr/bin/cmake --install /home/microros/microros_ws/build/micro_ros_setup
[2.145s] -- Install configuration: ""
[2.161s] -- Up-to-date: /home/microros/microros_ws/install/micro_ros_setup/share/ament_index/resource_index/package_run_dependencies/micro_ros_setup
[2.284s] -- Up-to-date: /home/microros/microros_ws/install/micro_ros_setup/share/ament_index/resource_index/parent_prefix_path/micro_ros_setup
[2.286s] -- Up-to-date: /home/microros/microros_ws/install/micro_ros_setup/share/micro_ros_setup/environment/ament_prefix_path.sh
[2.287s] -- Up-to-date: /home/microros/microros_ws/install/micro_ros_setup/share/micro_ros_setup/environment/ament_prefix_path.dsv
[2.287s] -- Up-to-date: /home/microros/microros_ws/install/micro_ros_setup/share/micro_ros_setup/environment/path.sh
[2.288s] -- Up-to-date: /home/microros/microros_ws/install/micro_ros_setup/share/micro_ros_setup/environment/path.dsv
[2.288s] -- Up-to-date: /home/microros/microros_ws/install/micro_ros_setup/share/micro_ros_setup/local_setup.bash
[2.289s] -- Up-to-date: /home/microros/microros_ws/install/micro_ros_setup/share/micro_ros_setup/local_setup.sh
[2.289s] -- Up-to-date: /home/microros/microros_ws/install/micro_ros_setup/share/micro_ros_setup/local_setup.zsh
[2.290s] -- Up-to-date: /home/microros/microros_ws/install/micro_ros_setup/share/micro_ros_setup/local_setup.dsv
[2.290s] -- Installing: /home/microros/microros_ws/install/micro_ros_setup/share/micro_ros_setup/package.dsv
[2.369s] -- Up-to-date: /home/microros/microros_ws/install/micro_ros_setup/share/ament_index/resource_index/packages/micro_ros_setup
[2.406s] -- Up-to-date: /home/microros/microros_ws/install/micro_ros_setup/share/micro_ros_setup/cmake/micro_ros_setupConfig.cmake
[2.406s] -- Up-to-date: /home/microros/microros_ws/install/micro_ros_setup/share/micro_ros_setup/cmake/micro_ros_setupConfig-version.cmake
[2.407s] -- Up-to-date: /home/microros/microros_ws/install/micro_ros_setup/share/micro_ros_setup/package.xml
[2.423s] -- Up-to-date: /home/microros/microros_ws/install/micro_ros_setup/./config
[2.545s] -- Up-to-date: /home/microros/microros_ws/install/micro_ros_setup/./config/zephyr
[2.606s] -- Up-to-date: /home/microros/microros_ws/install/micro_ros_setup/./config/zephyr/dev_uros_packages.repos
[2.606s] -- Up-to-date: /home/microros/microros_ws/install/micro_ros_setup/./config/zephyr/dev_ros2_packages.txt
[2.623s] -- Up-to-date: /home/microros/microros_ws/install/micro_ros_setup/./config/zephyr/generic
[2.681s] -- Up-to-date: /home/microros/microros_ws/install/micro_ros_setup/./config/zephyr/generic/client_uros_packages.repos
[2.681s] -- Up-to-date: /home/microros/microros_ws/install/micro_ros_setup/./config/zephyr/generic/client-colcon.meta
[2.682s] -- Up-to-date: /home/microros/microros_ws/install/micro_ros_setup/./config/zephyr/generic/build.sh
[2.682s] -- Up-to-date: /home/microros/microros_ws/install/micro_ros_setup/./config/zephyr/generic/flash.sh
[2.682s] -- Up-to-date: /home/microros/microros_ws/install/micro_ros_setup/./config/zephyr/generic/configure.sh
[2.682s] -- Up-to-date: /home/microros/microros_ws/install/micro_ros_setup/./config/zephyr/generic/package.xml
[2.682s] -- Up-to-date: /home/microros/microros_ws/install/micro_ros_setup/./config/zephyr/generic/supported_platforms
[2.682s] -- Up-to-date: /home/microros/microros_ws/install/micro_ros_setup/./config/zephyr/generic/create.sh
[2.682s] -- Up-to-date: /home/microros/microros_ws/install/micro_ros_setup/./config/zephyr/generic/board.repos
[2.682s] -- Up-to-date: /home/microros/microros_ws/install/micro_ros_setup/./config/zephyr/list_apps.sh
[2.682s] -- Up-to-date: /home/microros/microros_ws/install/micro_ros_setup/./config/client_ros2_packages.txt
[2.682s] -- Up-to-date: /home/microros/microros_ws/install/micro_ros_setup/./config/agent_ros2_packages.txt
[2.682s] -- Up-to-date: /home/microros/microros_ws/install/micro_ros_setup/./config/agent_uros_packages.repos
[2.772s] -- Up-to-date: /home/microros/microros_ws/install/micro_ros_setup/./config/host
[2.861s] -- Up-to-date: /home/microros/microros_ws/install/micro_ros_setup/./config/host/dev_uros_packages.repos
[2.862s] -- Up-to-date: /home/microros/microros_ws/install/micro_ros_setup/./config/host/dev_ros2_packages.txt
[2.897s] -- Up-to-date: /home/microros/microros_ws/install/micro_ros_setup/./config/host/generic
[2.949s] -- Up-to-date: /home/microros/microros_ws/install/micro_ros_setup/./config/host/generic/build.sh
[2.950s] -- Up-to-date: /home/microros/microros_ws/install/micro_ros_setup/./config/host/generic/client_host_packages.repos
[2.950s] -- Up-to-date: /home/microros/microros_ws/install/micro_ros_setup/./config/host/generic/flash.sh
[2.950s] -- Up-to-date: /home/microros/microros_ws/install/micro_ros_setup/./config/host/generic/package.xml
[2.951s] -- Up-to-date: /home/microros/microros_ws/install/micro_ros_setup/./config/host/generic/create.sh
[2.951s] -- Up-to-date: /home/microros/microros_ws/install/micro_ros_setup/./config/host/generic/client-host-colcon.meta
[2.951s] -- Up-to-date: /home/microros/microros_ws/install/micro_ros_setup/./config/host/client_ros2_packages.txt
[3.026s] -- Up-to-date: /home/microros/microros_ws/install/micro_ros_setup/./config/freertos
[3.079s] -- Up-to-date: /home/microros/microros_ws/install/micro_ros_setup/./config/freertos/nucleo_f446ze
[3.190s] -- Up-to-date: /home/microros/microros_ws/install/micro_ros_setup/./config/freertos/nucleo_f446ze/client_uros_packages.repos
[3.191s] -- Up-to-date: /home/microros/microros_ws/install/micro_ros_setup/./config/freertos/nucleo_f446ze/client-colcon.meta
[3.191s] -- Up-to-date: /home/microros/microros_ws/install/micro_ros_setup/./config/freertos/nucleo_f446ze/build.sh
[3.192s] -- Up-to-date: /home/microros/microros_ws/install/micro_ros_setup/./config/freertos/nucleo_f446ze/flash.sh
[3.192s] -- Up-to-date: /home/microros/microros_ws/install/micro_ros_setup/./config/freertos/nucleo_f446ze/configure.sh
[3.192s] -- Up-to-date: /home/microros/microros_ws/install/micro_ros_setup/./config/freertos/nucleo_f446ze/package.xml
[3.193s] -- Up-to-date: /home/microros/microros_ws/install/micro_ros_setup/./config/freertos/nucleo_f446ze/create.sh
[3.193s] -- Up-to-date: /home/microros/microros_ws/install/micro_ros_setup/./config/freertos/nucleo_f446ze/board.repos
[3.194s] -- Up-to-date: /home/microros/microros_ws/install/micro_ros_setup/./config/freertos/dev_uros_packages.repos
[3.194s] -- Up-to-date: /home/microros/microros_ws/install/micro_ros_setup/./config/freertos/dev_ros2_packages.txt
[3.339s] -- Up-to-date: /home/microros/microros_ws/install/micro_ros_setup/./config/freertos/olimex-stm32-e407
[3.385s] -- Up-to-date: /home/microros/microros_ws/install/micro_ros_setup/./config/freertos/olimex-stm32-e407/client_uros_packages.repos
[3.386s] -- Up-to-date: /home/microros/microros_ws/install/micro_ros_setup/./config/freertos/olimex-stm32-e407/client-colcon.meta
[3.387s] -- Up-to-date: /home/microros/microros_ws/install/micro_ros_setup/./config/freertos/olimex-stm32-e407/build.sh
[3.388s] -- Up-to-date: /home/microros/microros_ws/install/micro_ros_setup/./config/freertos/olimex-stm32-e407/flash.sh
[3.388s] -- Up-to-date: /home/microros/microros_ws/install/micro_ros_setup/./config/freertos/olimex-stm32-e407/configure.sh
[3.388s] -- Up-to-date: /home/microros/microros_ws/install/micro_ros_setup/./config/freertos/olimex-stm32-e407/package.xml
[3.389s] -- Up-to-date: /home/microros/microros_ws/install/micro_ros_setup/./config/freertos/olimex-stm32-e407/create.sh
[3.389s] -- Up-to-date: /home/microros/microros_ws/install/micro_ros_setup/./config/freertos/olimex-stm32-e407/board.repos
[3.428s] -- Up-to-date: /home/microros/microros_ws/install/micro_ros_setup/./config/freertos/esp32
[3.476s] -- Up-to-date: /home/microros/microros_ws/install/micro_ros_setup/./config/freertos/esp32/client_uros_packages.repos
[3.478s] -- Up-to-date: /home/microros/microros_ws/install/micro_ros_setup/./config/freertos/esp32/client-colcon.meta
[3.478s] -- Up-to-date: /home/microros/microros_ws/install/micro_ros_setup/./config/freertos/esp32/build.sh
[3.479s] -- Up-to-date: /home/microros/microros_ws/install/micro_ros_setup/./config/freertos/esp32/flash.sh
[3.480s] -- Up-to-date: /home/microros/microros_ws/install/micro_ros_setup/./config/freertos/esp32/configure.sh
[3.480s] -- Up-to-date: /home/microros/microros_ws/install/micro_ros_setup/./config/freertos/esp32/package.xml
[3.481s] -- Up-to-date: /home/microros/microros_ws/install/micro_ros_setup/./config/freertos/esp32/README.md
[3.482s] -- Up-to-date: /home/microros/microros_ws/install/micro_ros_setup/./config/freertos/esp32/create.sh
[3.483s] -- Up-to-date: /home/microros/microros_ws/install/micro_ros_setup/./config/freertos/esp32/board.repos
[3.546s] -- Up-to-date: /home/microros/microros_ws/install/micro_ros_setup/./config/freertos/crazyflie21
[3.594s] -- Up-to-date: /home/microros/microros_ws/install/micro_ros_setup/./config/freertos/crazyflie21/client_uros_packages.repos
[3.594s] -- Up-to-date: /home/microros/microros_ws/install/micro_ros_setup/./config/freertos/crazyflie21/client-colcon.meta
[3.594s] -- Up-to-date: /home/microros/microros_ws/install/micro_ros_setup/./config/freertos/crazyflie21/build.sh
[3.595s] -- Up-to-date: /home/microros/microros_ws/install/micro_ros_setup/./config/freertos/crazyflie21/flash.sh
[3.595s] -- Up-to-date: /home/microros/microros_ws/install/micro_ros_setup/./config/freertos/crazyflie21/configure.sh
[3.595s] -- Up-to-date: /home/microros/microros_ws/install/micro_ros_setup/./config/freertos/crazyflie21/package.xml
[3.595s] -- Up-to-date: /home/microros/microros_ws/install/micro_ros_setup/./config/freertos/crazyflie21/create.sh
[3.595s] -- Up-to-date: /home/microros/microros_ws/install/micro_ros_setup/./config/freertos/crazyflie21/board.repos
[3.595s] -- Up-to-date: /home/microros/microros_ws/install/micro_ros_setup/./config/freertos/list_apps.sh
[3.666s] -- Up-to-date: /home/microros/microros_ws/install/micro_ros_setup/./config/nuttx
[3.716s] -- Up-to-date: /home/microros/microros_ws/install/micro_ros_setup/./config/nuttx/dev_uros_packages.repos
[3.717s] -- Up-to-date: /home/microros/microros_ws/install/micro_ros_setup/./config/nuttx/dev_ros2_packages.txt
[3.743s] -- Up-to-date: /home/microros/microros_ws/install/micro_ros_setup/./config/nuttx/generic
[3.809s] -- Up-to-date: /home/microros/microros_ws/install/micro_ros_setup/./config/nuttx/generic/client_uros_packages.repos
[3.811s] -- Up-to-date: /home/microros/microros_ws/install/micro_ros_setup/./config/nuttx/generic/client-colcon.meta
[3.811s] -- Up-to-date: /home/microros/microros_ws/install/micro_ros_setup/./config/nuttx/generic/build.sh
[3.812s] -- Up-to-date: /home/microros/microros_ws/install/micro_ros_setup/./config/nuttx/generic/flash.sh
[3.812s] -- Up-to-date: /home/microros/microros_ws/install/micro_ros_setup/./config/nuttx/generic/configure.sh
[3.813s] -- Up-to-date: /home/microros/microros_ws/install/micro_ros_setup/./config/nuttx/generic/package.xml
[3.813s] -- Up-to-date: /home/microros/microros_ws/install/micro_ros_setup/./config/nuttx/generic/uros_packages.repos
[3.813s] -- Up-to-date: /home/microros/microros_ws/install/micro_ros_setup/./config/nuttx/generic/supported_platforms
[3.814s] -- Up-to-date: /home/microros/microros_ws/install/micro_ros_setup/./config/nuttx/generic/create.sh
[3.814s] -- Up-to-date: /home/microros/microros_ws/install/micro_ros_setup/./config/utils.sh
[3.824s] -- Up-to-date: /home/microros/microros_ws/install/micro_ros_setup/./config/raspbian
[3.855s] -- Up-to-date: /home/microros/microros_ws/install/micro_ros_setup/./config/raspbian/dev_uros_packages.repos
[3.855s] -- Up-to-date: /home/microros/microros_ws/install/micro_ros_setup/./config/raspbian/dev_ros2_packages.txt
[3.882s] -- Up-to-date: /home/microros/microros_ws/install/micro_ros_setup/./config/raspbian/generic
[3.999s] -- Up-to-date: /home/microros/microros_ws/install/micro_ros_setup/./config/raspbian/generic/client_uros_packages.repos
[4.000s] -- Up-to-date: /home/microros/microros_ws/install/micro_ros_setup/./config/raspbian/generic/client-colcon.meta
[4.000s] -- Up-to-date: /home/microros/microros_ws/install/micro_ros_setup/./config/raspbian/generic/build.sh
[4.000s] -- Up-to-date: /home/microros/microros_ws/install/micro_ros_setup/./config/raspbian/generic/flash.sh
[4.001s] -- Up-to-date: /home/microros/microros_ws/install/micro_ros_setup/./config/raspbian/generic/configure.sh
[4.001s] -- Up-to-date: /home/microros/microros_ws/install/micro_ros_setup/./config/raspbian/generic/supported_platforms
[4.001s] -- Up-to-date: /home/microros/microros_ws/install/micro_ros_setup/./config/raspbian/generic/create.sh
[4.029s] -- Up-to-date: /home/microros/microros_ws/install/micro_ros_setup/lib/micro_ros_setup/create_ws.sh
[4.030s] -- Up-to-date: /home/microros/microros_ws/install/micro_ros_setup/lib/micro_ros_setup/create_agent_ws.sh
[4.031s] -- Up-to-date: /home/microros/microros_ws/install/micro_ros_setup/lib/micro_ros_setup/create_firmware_ws.sh
[4.031s] -- Up-to-date: /home/microros/microros_ws/install/micro_ros_setup/lib/micro_ros_setup/configure_firmware.sh
[4.032s] -- Up-to-date: /home/microros/microros_ws/install/micro_ros_setup/lib/micro_ros_setup/flash_firmware.sh
[4.032s] -- Up-to-date: /home/microros/microros_ws/install/micro_ros_setup/lib/micro_ros_setup/build_firmware.sh
[4.032s] -- Up-to-date: /home/microros/microros_ws/install/micro_ros_setup/lib/micro_ros_setup/build_agent.sh
[4.033s] -- Up-to-date: /home/microros/microros_ws/install/micro_ros_setup/lib/micro_ros_setup/yaml_filter.py
[4.033s] -- Up-to-date: /home/microros/microros_ws/install/micro_ros_setup/lib/micro_ros_setup/clean_env.sh
[4.038s] Invoked command in '/home/microros/microros_ws/build/micro_ros_setup' returned '0': CMAKE_PREFIX_PATH=${CMAKE_PREFIX_PATH}:/opt/ros/foxy /usr/bin/cmake --install /home/microros/microros_ws/build/micro_ros_setup
