[1.732s] DEBUG:colcon:Command line arguments: ['/usr/bin/colcon', 'build', '--cmake-args', '-DUAGENT_BUILD_EXECUTABLE=OFF', '--no-warn-unused-cli']
[1.732s] DEBUG:colcon:Parsed command line arguments: Namespace(ament_cmake_args=None, base_paths=['.'], build_base='build', catkin_cmake_args=None, catkin_skip_building_tests=False, cmake_args=['-DUAGENT_BUILD_EXECUTABLE=OFF', '--no-warn-unused-cli'], cmake_clean_cache=False, cmake_clean_first=False, cmake_force_configure=False, cmake_target=None, cmake_target_skip_unavailable=False, continue_on_error=False, event_handlers=None, executor='parallel', ignore_user_meta=False, install_base='install', log_base=None, log_level=None, main=<bound method BuildVerb.main of <colcon_core.verb.build.BuildVerb object at 0x7f4b8652c7f0>>, merge_install=False, metas=['./colcon.meta'], packages_above=None, packages_above_and_dependencies=None, packages_above_depth=None, packages_end=None, packages_ignore=None, packages_ignore_regex=None, packages_select=None, packages_select_build_failed=False, packages_select_by_dep=None, packages_select_regex=None, packages_select_test_failures=False, packages_skip=None, packages_skip_build_finished=False, packages_skip_by_dep=None, packages_skip_regex=None, packages_skip_test_passed=False, packages_skip_up_to=None, packages_start=None, packages_up_to=None, packages_up_to_regex=None, parallel_workers=4, paths=None, symlink_install=False, test_result_base=None, verb_extension=<colcon_core.verb.build.BuildVerb object at 0x7f4b8652c7f0>, verb_name='build', verb_parser=<colcon_defaults.argument_parser.defaults.DefaultArgumentsDecorator object at 0x7f4b865374f0>)
[1.873s] Level 1:colcon.colcon_core.package_discovery:discover_packages(colcon_meta) check parameters
[1.873s] Level 1:colcon.colcon_core.package_discovery:discover_packages(recursive) check parameters
[1.873s] Level 1:colcon.colcon_core.package_discovery:discover_packages(ignore) check parameters
[1.873s] Level 1:colcon.colcon_core.package_discovery:discover_packages(path) check parameters
[1.873s] Level 1:colcon.colcon_core.package_discovery:discover_packages(colcon_meta) discover
[1.873s] Level 1:colcon.colcon_core.package_discovery:discover_packages(recursive) discover
[1.873s] INFO:colcon.colcon_core.package_discovery:Crawling recursively for packages in '/home/microros/microros_ws'
[1.873s] Level 1:colcon.colcon_core.package_identification:_identify(.) by extensions ['ignore', 'ignore_ament_install']
[1.874s] Level 1:colcon.colcon_core.package_identification:_identify(.) by extension 'ignore'
[1.874s] Level 1:colcon.colcon_core.package_identification:_identify(.) by extension 'ignore_ament_install'
[1.874s] Level 1:colcon.colcon_core.package_identification:_identify(.) by extensions ['colcon_pkg']
[1.874s] Level 1:colcon.colcon_core.package_identification:_identify(.) by extension 'colcon_pkg'
[1.874s] Level 1:colcon.colcon_core.package_identification:_identify(.) by extensions ['colcon_meta']
[1.874s] Level 1:colcon.colcon_core.package_identification:_identify(.) by extension 'colcon_meta'
[1.874s] Level 1:colcon.colcon_core.package_identification:_identify(.) by extensions ['ros']
[1.874s] Level 1:colcon.colcon_core.package_identification:_identify(.) by extension 'ros'
[1.891s] Level 1:colcon.colcon_core.package_identification:_identify(.) by extensions ['cmake', 'python']
[1.892s] Level 1:colcon.colcon_core.package_identification:_identify(.) by extension 'cmake'
[1.892s] Level 1:colcon.colcon_core.package_identification:_identify(.) by extension 'python'
[1.892s] Level 1:colcon.colcon_core.package_identification:_identify(.) by extensions ['python_setup_py']
[1.892s] Level 1:colcon.colcon_core.package_identification:_identify(.) by extension 'python_setup_py'
[1.892s] Level 1:colcon.colcon_core.package_identification:_identify(build) by extensions ['ignore', 'ignore_ament_install']
[1.892s] Level 1:colcon.colcon_core.package_identification:_identify(build) by extension 'ignore'
[1.892s] Level 1:colcon.colcon_core.package_identification:_identify(build) ignored
[1.892s] Level 1:colcon.colcon_core.package_identification:_identify(firmware) by extensions ['ignore', 'ignore_ament_install']
[1.892s] Level 1:colcon.colcon_core.package_identification:_identify(firmware) by extension 'ignore'
[1.892s] Level 1:colcon.colcon_core.package_identification:_identify(firmware) ignored
[1.892s] Level 1:colcon.colcon_core.package_identification:_identify(install) by extensions ['ignore', 'ignore_ament_install']
[1.893s] Level 1:colcon.colcon_core.package_identification:_identify(install) by extension 'ignore'
[1.893s] Level 1:colcon.colcon_core.package_identification:_identify(install) ignored
[1.893s] Level 1:colcon.colcon_core.package_identification:_identify(log) by extensions ['ignore', 'ignore_ament_install']
[1.893s] Level 1:colcon.colcon_core.package_identification:_identify(log) by extension 'ignore'
[1.893s] Level 1:colcon.colcon_core.package_identification:_identify(log) ignored
[1.893s] Level 1:colcon.colcon_core.package_identification:_identify(src) by extensions ['ignore', 'ignore_ament_install']
[1.893s] Level 1:colcon.colcon_core.package_identification:_identify(src) by extension 'ignore'
[1.893s] Level 1:colcon.colcon_core.package_identification:_identify(src) by extension 'ignore_ament_install'
[1.893s] Level 1:colcon.colcon_core.package_identification:_identify(src) by extensions ['colcon_pkg']
[1.893s] Level 1:colcon.colcon_core.package_identification:_identify(src) by extension 'colcon_pkg'
[1.893s] Level 1:colcon.colcon_core.package_identification:_identify(src) by extensions ['colcon_meta']
[1.893s] Level 1:colcon.colcon_core.package_identification:_identify(src) by extension 'colcon_meta'
[1.894s] Level 1:colcon.colcon_core.package_identification:_identify(src) by extensions ['ros']
[1.894s] Level 1:colcon.colcon_core.package_identification:_identify(src) by extension 'ros'
[1.894s] Level 1:colcon.colcon_core.package_identification:_identify(src) by extensions ['cmake', 'python']
[1.894s] Level 1:colcon.colcon_core.package_identification:_identify(src) by extension 'cmake'
[1.894s] Level 1:colcon.colcon_core.package_identification:_identify(src) by extension 'python'
[1.894s] Level 1:colcon.colcon_core.package_identification:_identify(src) by extensions ['python_setup_py']
[1.894s] Level 1:colcon.colcon_core.package_identification:_identify(src) by extension 'python_setup_py'
[1.894s] Level 1:colcon.colcon_core.package_identification:_identify(src/drive_base) by extensions ['ignore', 'ignore_ament_install']
[1.894s] Level 1:colcon.colcon_core.package_identification:_identify(src/drive_base) by extension 'ignore'
[1.894s] Level 1:colcon.colcon_core.package_identification:_identify(src/drive_base) by extension 'ignore_ament_install'
[1.894s] Level 1:colcon.colcon_core.package_identification:_identify(src/drive_base) by extensions ['colcon_pkg']
[1.894s] Level 1:colcon.colcon_core.package_identification:_identify(src/drive_base) by extension 'colcon_pkg'
[1.894s] Level 1:colcon.colcon_core.package_identification:_identify(src/drive_base) by extensions ['colcon_meta']
[1.894s] Level 1:colcon.colcon_core.package_identification:_identify(src/drive_base) by extension 'colcon_meta'
[1.894s] Level 1:colcon.colcon_core.package_identification:_identify(src/drive_base) by extensions ['ros']
[1.894s] Level 1:colcon.colcon_core.package_identification:_identify(src/drive_base) by extension 'ros'
[1.894s] Level 1:colcon.colcon_core.package_identification:_identify(src/drive_base) by extensions ['cmake', 'python']
[1.895s] Level 1:colcon.colcon_core.package_identification:_identify(src/drive_base) by extension 'cmake'
[1.895s] Level 1:colcon.colcon_core.package_identification:_identify(src/drive_base) by extension 'python'
[1.895s] Level 1:colcon.colcon_core.package_identification:_identify(src/drive_base) by extensions ['python_setup_py']
[1.895s] Level 1:colcon.colcon_core.package_identification:_identify(src/drive_base) by extension 'python_setup_py'
[1.895s] Level 1:colcon.colcon_core.package_identification:_identify(src/drive_base/drive_base_msgs) by extensions ['ignore', 'ignore_ament_install']
[1.895s] Level 1:colcon.colcon_core.package_identification:_identify(src/drive_base/drive_base_msgs) by extension 'ignore'
[1.895s] Level 1:colcon.colcon_core.package_identification:_identify(src/drive_base/drive_base_msgs) by extension 'ignore_ament_install'
[1.895s] Level 1:colcon.colcon_core.package_identification:_identify(src/drive_base/drive_base_msgs) by extensions ['colcon_pkg']
[1.895s] Level 1:colcon.colcon_core.package_identification:_identify(src/drive_base/drive_base_msgs) by extension 'colcon_pkg'
[1.895s] Level 1:colcon.colcon_core.package_identification:_identify(src/drive_base/drive_base_msgs) by extensions ['colcon_meta']
[1.895s] Level 1:colcon.colcon_core.package_identification:_identify(src/drive_base/drive_base_msgs) by extension 'colcon_meta'
[1.895s] Level 1:colcon.colcon_core.package_identification:_identify(src/drive_base/drive_base_msgs) by extensions ['ros']
[1.895s] Level 1:colcon.colcon_core.package_identification:_identify(src/drive_base/drive_base_msgs) by extension 'ros'
[1.898s] DEBUG:colcon.colcon_core.package_identification:Package 'src/drive_base/drive_base_msgs' with type 'ros.ament_cmake' and name 'drive_base_msgs'
[1.898s] Level 1:colcon.colcon_core.package_identification:_identify(src/eProsima) by extensions ['ignore', 'ignore_ament_install']
[1.898s] Level 1:colcon.colcon_core.package_identification:_identify(src/eProsima) by extension 'ignore'
[1.898s] Level 1:colcon.colcon_core.package_identification:_identify(src/eProsima) by extension 'ignore_ament_install'
[1.898s] Level 1:colcon.colcon_core.package_identification:_identify(src/eProsima) by extensions ['colcon_pkg']
[1.898s] Level 1:colcon.colcon_core.package_identification:_identify(src/eProsima) by extension 'colcon_pkg'
[1.898s] Level 1:colcon.colcon_core.package_identification:_identify(src/eProsima) by extensions ['colcon_meta']
[1.898s] Level 1:colcon.colcon_core.package_identification:_identify(src/eProsima) by extension 'colcon_meta'
[1.898s] Level 1:colcon.colcon_core.package_identification:_identify(src/eProsima) by extensions ['ros']
[1.898s] Level 1:colcon.colcon_core.package_identification:_identify(src/eProsima) by extension 'ros'
[1.898s] Level 1:colcon.colcon_core.package_identification:_identify(src/eProsima) by extensions ['cmake', 'python']
[1.898s] Level 1:colcon.colcon_core.package_identification:_identify(src/eProsima) by extension 'cmake'
[1.898s] Level 1:colcon.colcon_core.package_identification:_identify(src/eProsima) by extension 'python'
[1.898s] Level 1:colcon.colcon_core.package_identification:_identify(src/eProsima) by extensions ['python_setup_py']
[1.898s] Level 1:colcon.colcon_core.package_identification:_identify(src/eProsima) by extension 'python_setup_py'
[1.899s] Level 1:colcon.colcon_core.package_identification:_identify(src/eProsima/Micro-XRCE-DDS-Agent) by extensions ['ignore', 'ignore_ament_install']
[1.899s] Level 1:colcon.colcon_core.package_identification:_identify(src/eProsima/Micro-XRCE-DDS-Agent) by extension 'ignore'
[1.899s] Level 1:colcon.colcon_core.package_identification:_identify(src/eProsima/Micro-XRCE-DDS-Agent) by extension 'ignore_ament_install'
[1.899s] Level 1:colcon.colcon_core.package_identification:_identify(src/eProsima/Micro-XRCE-DDS-Agent) by extensions ['colcon_pkg']
[1.899s] Level 1:colcon.colcon_core.package_identification:_identify(src/eProsima/Micro-XRCE-DDS-Agent) by extension 'colcon_pkg'
[1.938s] INFO:colcon.colcon_metadata.metadata.colcon_pkg:Setting type 'cmake' of package 'src/eProsima/Micro-XRCE-DDS-Agent' from colcon.pkg
[1.938s] INFO:colcon.colcon_metadata.metadata.colcon_pkg:Setting name 'microxrcedds_agent' of package 'src/eProsima/Micro-XRCE-DDS-Agent' from colcon.pkg
[1.939s] DEBUG:colcon.colcon_core.package_identification:Package 'src/eProsima/Micro-XRCE-DDS-Agent' with type 'cmake' and name 'microxrcedds_agent'
[1.939s] Level 1:colcon.colcon_core.package_identification:_identify(src/micro-ros-build) by extensions ['ignore', 'ignore_ament_install']
[1.940s] Level 1:colcon.colcon_core.package_identification:_identify(src/micro-ros-build) by extension 'ignore'
[1.940s] Level 1:colcon.colcon_core.package_identification:_identify(src/micro-ros-build) by extension 'ignore_ament_install'
[1.941s] Level 1:colcon.colcon_core.package_identification:_identify(src/micro-ros-build) by extensions ['colcon_pkg']
[1.941s] Level 1:colcon.colcon_core.package_identification:_identify(src/micro-ros-build) by extension 'colcon_pkg'
[1.941s] Level 1:colcon.colcon_core.package_identification:_identify(src/micro-ros-build) by extensions ['colcon_meta']
[1.941s] Level 1:colcon.colcon_core.package_identification:_identify(src/micro-ros-build) by extension 'colcon_meta'
[1.941s] Level 1:colcon.colcon_core.package_identification:_identify(src/micro-ros-build) by extensions ['ros']
[1.942s] Level 1:colcon.colcon_core.package_identification:_identify(src/micro-ros-build) by extension 'ros'
[1.947s] DEBUG:colcon.colcon_core.package_identification:Package 'src/micro-ros-build' with type 'ros.ament_cmake' and name 'micro_ros_setup'
[1.947s] Level 1:colcon.colcon_core.package_identification:_identify(src/uros) by extensions ['ignore', 'ignore_ament_install']
[1.948s] Level 1:colcon.colcon_core.package_identification:_identify(src/uros) by extension 'ignore'
[1.948s] Level 1:colcon.colcon_core.package_identification:_identify(src/uros) by extension 'ignore_ament_install'
[1.949s] Level 1:colcon.colcon_core.package_identification:_identify(src/uros) by extensions ['colcon_pkg']
[1.949s] Level 1:colcon.colcon_core.package_identification:_identify(src/uros) by extension 'colcon_pkg'
[1.949s] Level 1:colcon.colcon_core.package_identification:_identify(src/uros) by extensions ['colcon_meta']
[1.949s] Level 1:colcon.colcon_core.package_identification:_identify(src/uros) by extension 'colcon_meta'
[1.950s] Level 1:colcon.colcon_core.package_identification:_identify(src/uros) by extensions ['ros']
[1.950s] Level 1:colcon.colcon_core.package_identification:_identify(src/uros) by extension 'ros'
[1.950s] Level 1:colcon.colcon_core.package_identification:_identify(src/uros) by extensions ['cmake', 'python']
[1.951s] Level 1:colcon.colcon_core.package_identification:_identify(src/uros) by extension 'cmake'
[1.951s] Level 1:colcon.colcon_core.package_identification:_identify(src/uros) by extension 'python'
[1.951s] Level 1:colcon.colcon_core.package_identification:_identify(src/uros) by extensions ['python_setup_py']
[1.951s] Level 1:colcon.colcon_core.package_identification:_identify(src/uros) by extension 'python_setup_py'
[1.952s] Level 1:colcon.colcon_core.package_identification:_identify(src/uros/micro-ROS-Agent) by extensions ['ignore', 'ignore_ament_install']
[1.953s] Level 1:colcon.colcon_core.package_identification:_identify(src/uros/micro-ROS-Agent) by extension 'ignore'
[1.954s] Level 1:colcon.colcon_core.package_identification:_identify(src/uros/micro-ROS-Agent) by extension 'ignore_ament_install'
[1.954s] Level 1:colcon.colcon_core.package_identification:_identify(src/uros/micro-ROS-Agent) by extensions ['colcon_pkg']
[1.954s] Level 1:colcon.colcon_core.package_identification:_identify(src/uros/micro-ROS-Agent) by extension 'colcon_pkg'
[1.955s] Level 1:colcon.colcon_core.package_identification:_identify(src/uros/micro-ROS-Agent) by extensions ['colcon_meta']
[1.955s] Level 1:colcon.colcon_core.package_identification:_identify(src/uros/micro-ROS-Agent) by extension 'colcon_meta'
[1.955s] Level 1:colcon.colcon_core.package_identification:_identify(src/uros/micro-ROS-Agent) by extensions ['ros']
[1.955s] Level 1:colcon.colcon_core.package_identification:_identify(src/uros/micro-ROS-Agent) by extension 'ros'
[1.956s] Level 1:colcon.colcon_core.package_identification:_identify(src/uros/micro-ROS-Agent) by extensions ['cmake', 'python']
[1.956s] Level 1:colcon.colcon_core.package_identification:_identify(src/uros/micro-ROS-Agent) by extension 'cmake'
[1.956s] Level 1:colcon.colcon_core.package_identification:_identify(src/uros/micro-ROS-Agent) by extension 'python'
[1.956s] Level 1:colcon.colcon_core.package_identification:_identify(src/uros/micro-ROS-Agent) by extensions ['python_setup_py']
[1.956s] Level 1:colcon.colcon_core.package_identification:_identify(src/uros/micro-ROS-Agent) by extension 'python_setup_py'
[1.957s] Level 1:colcon.colcon_core.package_identification:_identify(src/uros/micro-ROS-Agent/micro_ros_agent) by extensions ['ignore', 'ignore_ament_install']
[1.957s] Level 1:colcon.colcon_core.package_identification:_identify(src/uros/micro-ROS-Agent/micro_ros_agent) by extension 'ignore'
[1.957s] Level 1:colcon.colcon_core.package_identification:_identify(src/uros/micro-ROS-Agent/micro_ros_agent) by extension 'ignore_ament_install'
[1.958s] Level 1:colcon.colcon_core.package_identification:_identify(src/uros/micro-ROS-Agent/micro_ros_agent) by extensions ['colcon_pkg']
[1.958s] Level 1:colcon.colcon_core.package_identification:_identify(src/uros/micro-ROS-Agent/micro_ros_agent) by extension 'colcon_pkg'
[1.958s] Level 1:colcon.colcon_core.package_identification:_identify(src/uros/micro-ROS-Agent/micro_ros_agent) by extensions ['colcon_meta']
[1.958s] Level 1:colcon.colcon_core.package_identification:_identify(src/uros/micro-ROS-Agent/micro_ros_agent) by extension 'colcon_meta'
[1.958s] Level 1:colcon.colcon_core.package_identification:_identify(src/uros/micro-ROS-Agent/micro_ros_agent) by extensions ['ros']
[1.958s] Level 1:colcon.colcon_core.package_identification:_identify(src/uros/micro-ROS-Agent/micro_ros_agent) by extension 'ros'
[1.960s] DEBUG:colcon.colcon_core.package_identification:Package 'src/uros/micro-ROS-Agent/micro_ros_agent' with type 'ros.ament_cmake' and name 'micro_ros_agent'
[1.960s] Level 1:colcon.colcon_core.package_discovery:discover_packages(recursive) using defaults
[1.960s] Level 1:colcon.colcon_core.package_discovery:discover_packages(ignore) discover
[1.960s] Level 1:colcon.colcon_core.package_discovery:discover_packages(ignore) using defaults
[1.960s] Level 1:colcon.colcon_core.package_discovery:discover_packages(path) discover
[1.960s] Level 1:colcon.colcon_core.package_discovery:discover_packages(path) using defaults
[1.968s] INFO:colcon.colcon_metadata.metadata.colcon_pkg:Updating descriptor of package 'src/eProsima/Micro-XRCE-DDS-Agent' from colcon.pkg: {'name': 'microxrcedds_agent', 'type': 'cmake', 'dependencies': ['fastcdr', 'fastrtps'], 'cmake-args': ['-DUAGENT_ISOLATED_INSTALL=OFF', '-DUAGENT_CLI_PROFILE=OFF']}
[1.974s] Level 5:colcon.colcon_core.verb:set package 'drive_base_msgs' build argument 'cmake_args' from command line to '['-DUAGENT_BUILD_EXECUTABLE=OFF', '--no-warn-unused-cli']'
[1.974s] Level 5:colcon.colcon_core.verb:set package 'drive_base_msgs' build argument 'cmake_target' from command line to 'None'
[1.974s] Level 5:colcon.colcon_core.verb:set package 'drive_base_msgs' build argument 'cmake_target_skip_unavailable' from command line to 'False'
[1.974s] Level 5:colcon.colcon_core.verb:set package 'drive_base_msgs' build argument 'cmake_clean_cache' from command line to 'False'
[1.974s] Level 5:colcon.colcon_core.verb:set package 'drive_base_msgs' build argument 'cmake_clean_first' from command line to 'False'
[1.974s] Level 5:colcon.colcon_core.verb:set package 'drive_base_msgs' build argument 'cmake_force_configure' from command line to 'False'
[1.974s] Level 5:colcon.colcon_core.verb:set package 'drive_base_msgs' build argument 'ament_cmake_args' from command line to 'None'
[1.974s] Level 5:colcon.colcon_core.verb:set package 'drive_base_msgs' build argument 'catkin_cmake_args' from command line to 'None'
[1.974s] Level 5:colcon.colcon_core.verb:set package 'drive_base_msgs' build argument 'catkin_skip_building_tests' from command line to 'False'
[1.974s] DEBUG:colcon.colcon_core.verb:Building package 'drive_base_msgs' with the following arguments: {'ament_cmake_args': None, 'build_base': '/home/microros/microros_ws/build/drive_base_msgs', 'catkin_cmake_args': None, 'catkin_skip_building_tests': False, 'cmake_args': ['-DUAGENT_BUILD_EXECUTABLE=OFF', '--no-warn-unused-cli'], 'cmake_clean_cache': False, 'cmake_clean_first': False, 'cmake_force_configure': False, 'cmake_target': None, 'cmake_target_skip_unavailable': False, 'install_base': '/home/microros/microros_ws/install/drive_base_msgs', 'merge_install': False, 'path': '/home/microros/microros_ws/src/drive_base/drive_base_msgs', 'symlink_install': False, 'test_result_base': None}
[1.977s] Level 5:colcon.colcon_core.verb:set package 'micro_ros_setup' build argument 'cmake_args' from command line to '['-DUAGENT_BUILD_EXECUTABLE=OFF', '--no-warn-unused-cli']'
[1.977s] Level 5:colcon.colcon_core.verb:set package 'micro_ros_setup' build argument 'cmake_target' from command line to 'None'
[1.977s] Level 5:colcon.colcon_core.verb:set package 'micro_ros_setup' build argument 'cmake_target_skip_unavailable' from command line to 'False'
[1.977s] Level 5:colcon.colcon_core.verb:set package 'micro_ros_setup' build argument 'cmake_clean_cache' from command line to 'False'
[1.977s] Level 5:colcon.colcon_core.verb:set package 'micro_ros_setup' build argument 'cmake_clean_first' from command line to 'False'
[1.977s] Level 5:colcon.colcon_core.verb:set package 'micro_ros_setup' build argument 'cmake_force_configure' from command line to 'False'
[1.978s] Level 5:colcon.colcon_core.verb:set package 'micro_ros_setup' build argument 'ament_cmake_args' from command line to 'None'
[1.978s] Level 5:colcon.colcon_core.verb:set package 'micro_ros_setup' build argument 'catkin_cmake_args' from command line to 'None'
[1.978s] Level 5:colcon.colcon_core.verb:set package 'micro_ros_setup' build argument 'catkin_skip_building_tests' from command line to 'False'
[1.978s] DEBUG:colcon.colcon_core.verb:Building package 'micro_ros_setup' with the following arguments: {'ament_cmake_args': None, 'build_base': '/home/microros/microros_ws/build/micro_ros_setup', 'catkin_cmake_args': None, 'catkin_skip_building_tests': False, 'cmake_args': ['-DUAGENT_BUILD_EXECUTABLE=OFF', '--no-warn-unused-cli'], 'cmake_clean_cache': False, 'cmake_clean_first': False, 'cmake_force_configure': False, 'cmake_target': None, 'cmake_target_skip_unavailable': False, 'install_base': '/home/microros/microros_ws/install/micro_ros_setup', 'merge_install': False, 'path': '/home/microros/microros_ws/src/micro-ros-build', 'symlink_install': False, 'test_result_base': None}
[1.980s] Level 5:colcon.colcon_core.verb:set package 'microxrcedds_agent' build argument 'cmake_args' from command line to '['-DUAGENT_BUILD_EXECUTABLE=OFF', '--no-warn-unused-cli']'
[1.980s] Level 5:colcon.colcon_core.verb:extend package 'microxrcedds_agent' build argument 'cmake_args' from package metadata with '['-DUAGENT_ISOLATED_INSTALL=OFF', '-DUAGENT_CLI_PROFILE=OFF']'
[1.980s] Level 5:colcon.colcon_core.verb:set package 'microxrcedds_agent' build argument 'cmake_target' from command line to 'None'
[1.980s] Level 5:colcon.colcon_core.verb:set package 'microxrcedds_agent' build argument 'cmake_target_skip_unavailable' from command line to 'False'
[1.980s] Level 5:colcon.colcon_core.verb:set package 'microxrcedds_agent' build argument 'cmake_clean_cache' from command line to 'False'
[1.980s] Level 5:colcon.colcon_core.verb:set package 'microxrcedds_agent' build argument 'cmake_clean_first' from command line to 'False'
[1.981s] Level 5:colcon.colcon_core.verb:set package 'microxrcedds_agent' build argument 'cmake_force_configure' from command line to 'False'
[1.981s] Level 5:colcon.colcon_core.verb:set package 'microxrcedds_agent' build argument 'ament_cmake_args' from command line to 'None'
[1.981s] Level 5:colcon.colcon_core.verb:set package 'microxrcedds_agent' build argument 'catkin_cmake_args' from command line to 'None'
[1.981s] Level 5:colcon.colcon_core.verb:set package 'microxrcedds_agent' build argument 'catkin_skip_building_tests' from command line to 'False'
[1.981s] DEBUG:colcon.colcon_core.verb:Building package 'microxrcedds_agent' with the following arguments: {'ament_cmake_args': None, 'build_base': '/home/microros/microros_ws/build/microxrcedds_agent', 'catkin_cmake_args': None, 'catkin_skip_building_tests': False, 'cmake_args': ['-DUAGENT_BUILD_EXECUTABLE=OFF', '--no-warn-unused-cli', '-DUAGENT_ISOLATED_INSTALL=OFF', '-DUAGENT_CLI_PROFILE=OFF'], 'cmake_clean_cache': False, 'cmake_clean_first': False, 'cmake_force_configure': False, 'cmake_target': None, 'cmake_target_skip_unavailable': False, 'install_base': '/home/microros/microros_ws/install/microxrcedds_agent', 'merge_install': False, 'path': '/home/microros/microros_ws/src/eProsima/Micro-XRCE-DDS-Agent', 'symlink_install': False, 'test_result_base': None}
[1.983s] Level 5:colcon.colcon_core.verb:set package 'micro_ros_agent' build argument 'cmake_args' from command line to '['-DUAGENT_BUILD_EXECUTABLE=OFF', '--no-warn-unused-cli']'
[1.983s] Level 5:colcon.colcon_core.verb:set package 'micro_ros_agent' build argument 'cmake_target' from command line to 'None'
[1.984s] Level 5:colcon.colcon_core.verb:set package 'micro_ros_agent' build argument 'cmake_target_skip_unavailable' from command line to 'False'
[1.984s] Level 5:colcon.colcon_core.verb:set package 'micro_ros_agent' build argument 'cmake_clean_cache' from command line to 'False'
[1.984s] Level 5:colcon.colcon_core.verb:set package 'micro_ros_agent' build argument 'cmake_clean_first' from command line to 'False'
[1.984s] Level 5:colcon.colcon_core.verb:set package 'micro_ros_agent' build argument 'cmake_force_configure' from command line to 'False'
[1.984s] Level 5:colcon.colcon_core.verb:set package 'micro_ros_agent' build argument 'ament_cmake_args' from command line to 'None'
[1.984s] Level 5:colcon.colcon_core.verb:set package 'micro_ros_agent' build argument 'catkin_cmake_args' from command line to 'None'
[1.984s] Level 5:colcon.colcon_core.verb:set package 'micro_ros_agent' build argument 'catkin_skip_building_tests' from command line to 'False'
[1.984s] DEBUG:colcon.colcon_core.verb:Building package 'micro_ros_agent' with the following arguments: {'ament_cmake_args': None, 'build_base': '/home/microros/microros_ws/build/micro_ros_agent', 'catkin_cmake_args': None, 'catkin_skip_building_tests': False, 'cmake_args': ['-DUAGENT_BUILD_EXECUTABLE=OFF', '--no-warn-unused-cli'], 'cmake_clean_cache': False, 'cmake_clean_first': False, 'cmake_force_configure': False, 'cmake_target': None, 'cmake_target_skip_unavailable': False, 'install_base': '/home/microros/microros_ws/install/micro_ros_agent', 'merge_install': False, 'path': '/home/microros/microros_ws/src/uros/micro-ROS-Agent/micro_ros_agent', 'symlink_install': False, 'test_result_base': None}
[1.984s] INFO:colcon.colcon_core.executor:Executing jobs using 'parallel' executor
[1.986s] DEBUG:colcon.colcon_parallel_executor.executor.parallel:run_until_complete
[1.987s] INFO:colcon.colcon_cmake.task.cmake.build:Building CMake package in '/home/microros/microros_ws/src/eProsima/Micro-XRCE-DDS-Agent'
[1.997s] INFO:colcon.colcon_core.plugin_system:Skipping extension 'colcon_core.shell.bat': Not used on non-Windows systems
[1.997s] INFO:colcon.colcon_core.shell:Skip shell extension 'powershell' for command environment: Not usable outside of PowerShell
[1.997s] DEBUG:colcon.colcon_core.shell:Skip shell extension 'dsv' for command environment
[2.001s] DEBUG:colcon.colcon_core.shell:Ignoring prefix path '/opt/ros/foxy'
[2.039s] INFO:colcon.colcon_ros.task.ament_cmake.build:Building ROS package in '/home/microros/microros_ws/src/drive_base/drive_base_msgs' with build type 'ament_cmake'
[2.047s] INFO:colcon.colcon_cmake.task.cmake.build:Building CMake package in '/home/microros/microros_ws/src/drive_base/drive_base_msgs'
[2.050s] INFO:colcon.colcon_core.shell:Skip shell extension 'powershell' for command environment: Not usable outside of PowerShell
[2.051s] DEBUG:colcon.colcon_core.shell:Skip shell extension 'dsv' for command environment
[2.061s] DEBUG:colcon.colcon_core.shell:Ignoring prefix path '/opt/ros/foxy'
[2.069s] INFO:colcon.colcon_ros.task.ament_cmake.build:Building ROS package in '/home/microros/microros_ws/src/micro-ros-build' with build type 'ament_cmake'
[2.072s] INFO:colcon.colcon_cmake.task.cmake.build:Building CMake package in '/home/microros/microros_ws/src/micro-ros-build'
[2.073s] INFO:colcon.colcon_core.shell:Skip shell extension 'powershell' for command environment: Not usable outside of PowerShell
[2.073s] DEBUG:colcon.colcon_core.shell:Skip shell extension 'dsv' for command environment
[2.077s] DEBUG:colcon.colcon_core.shell:Ignoring prefix path '/opt/ros/foxy'
[2.167s] DEBUG:colcon.colcon_core.event_handler.log_command:Invoking command in '/home/microros/microros_ws/build/microxrcedds_agent': /usr/bin/cmake --build /home/microros/microros_ws/build/microxrcedds_agent -- -j4 -l4
[2.259s] DEBUG:colcon.colcon_core.event_handler.log_command:Invoking command in '/home/microros/microros_ws/build/drive_base_msgs': CMAKE_PREFIX_PATH=${CMAKE_PREFIX_PATH}:/opt/ros/foxy /usr/bin/cmake --build /home/microros/microros_ws/build/drive_base_msgs -- -j4 -l4
[2.326s] DEBUG:colcon.colcon_core.event_handler.log_command:Invoking command in '/home/microros/microros_ws/build/micro_ros_setup': CMAKE_PREFIX_PATH=${CMAKE_PREFIX_PATH}:/opt/ros/foxy /usr/bin/cmake --build /home/microros/microros_ws/build/micro_ros_setup -- -j4 -l4
[4.154s] DEBUG:colcon.colcon_core.event_handler.log_command:Invoked command in '/home/microros/microros_ws/build/micro_ros_setup' returned '0': CMAKE_PREFIX_PATH=${CMAKE_PREFIX_PATH}:/opt/ros/foxy /usr/bin/cmake --build /home/microros/microros_ws/build/micro_ros_setup -- -j4 -l4
[4.195s] DEBUG:colcon.colcon_core.event_handler.log_command:Invoking command in '/home/microros/microros_ws/build/micro_ros_setup': CMAKE_PREFIX_PATH=${CMAKE_PREFIX_PATH}:/opt/ros/foxy /usr/bin/cmake --install /home/microros/microros_ws/build/micro_ros_setup
[5.651s] DEBUG:colcon.colcon_core.event_handler.log_command:Invoked command in '/home/microros/microros_ws/build/microxrcedds_agent' returned '0': /usr/bin/cmake --build /home/microros/microros_ws/build/microxrcedds_agent -- -j4 -l4
[5.740s] DEBUG:colcon.colcon_core.event_handler.log_command:Invoking command in '/home/microros/microros_ws/build/microxrcedds_agent': /usr/bin/cmake --install /home/microros/microros_ws/build/microxrcedds_agent
[6.111s] Level 1:colcon.colcon_core.environment:create_environment_scripts_only(micro_ros_setup)
[6.113s] DEBUG:colcon.colcon_core.event_handler.log_command:Invoked command in '/home/microros/microros_ws/build/micro_ros_setup' returned '0': CMAKE_PREFIX_PATH=${CMAKE_PREFIX_PATH}:/opt/ros/foxy /usr/bin/cmake --install /home/microros/microros_ws/build/micro_ros_setup
[6.412s] Level 1:colcon.colcon_core.environment:checking '/home/microros/microros_ws/install/micro_ros_setup' for CMake module files
[6.416s] Level 1:colcon.colcon_core.environment:checking '/home/microros/microros_ws/install/micro_ros_setup' for CMake config files
[6.419s] Level 1:colcon.colcon_core.shell:create_environment_hook('micro_ros_setup', 'cmake_prefix_path')
[6.423s] INFO:colcon.colcon_core.shell:Creating environment hook '/home/microros/microros_ws/install/micro_ros_setup/share/micro_ros_setup/hook/cmake_prefix_path.ps1'
[6.447s] INFO:colcon.colcon_core.shell:Creating environment descriptor '/home/microros/microros_ws/install/micro_ros_setup/share/micro_ros_setup/hook/cmake_prefix_path.dsv'
[6.458s] INFO:colcon.colcon_core.shell:Creating environment hook '/home/microros/microros_ws/install/micro_ros_setup/share/micro_ros_setup/hook/cmake_prefix_path.sh'
[6.466s] Level 1:colcon.colcon_core.environment:checking '/home/microros/microros_ws/install/micro_ros_setup/lib'
[6.467s] Level 1:colcon.colcon_core.environment:checking '/home/microros/microros_ws/install/micro_ros_setup/bin'
[6.468s] Level 1:colcon.colcon_core.environment:checking '/home/microros/microros_ws/install/micro_ros_setup/lib/pkgconfig/micro_ros_setup.pc'
[6.468s] Level 1:colcon.colcon_core.environment:checking '/home/microros/microros_ws/install/micro_ros_setup/lib/python3.8/site-packages'
[6.472s] INFO:colcon.colcon_core.shell:Creating package script '/home/microros/microros_ws/install/micro_ros_setup/share/micro_ros_setup/package.ps1'
[6.485s] INFO:colcon.colcon_core.shell:Creating package descriptor '/home/microros/microros_ws/install/micro_ros_setup/share/micro_ros_setup/package.dsv'
[6.490s] INFO:colcon.colcon_core.shell:Creating package script '/home/microros/microros_ws/install/micro_ros_setup/share/micro_ros_setup/package.sh'
[6.496s] INFO:colcon.colcon_core.shell:Creating package script '/home/microros/microros_ws/install/micro_ros_setup/share/micro_ros_setup/package.bash'
[6.502s] INFO:colcon.colcon_core.shell:Creating package script '/home/microros/microros_ws/install/micro_ros_setup/share/micro_ros_setup/package.zsh'
[6.530s] Level 1:colcon.colcon_core.environment:create_file_with_runtime_dependencies(/home/microros/microros_ws/install/micro_ros_setup/share/colcon-core/packages/micro_ros_setup)
[6.539s] DEBUG:colcon.colcon_core.event_handler.log_command:Invoked command in '/home/microros/microros_ws/build/drive_base_msgs' returned '0': CMAKE_PREFIX_PATH=${CMAKE_PREFIX_PATH}:/opt/ros/foxy /usr/bin/cmake --build /home/microros/microros_ws/build/drive_base_msgs -- -j4 -l4
[6.700s] DEBUG:colcon.colcon_core.event_handler.log_command:Invoking command in '/home/microros/microros_ws/build/drive_base_msgs': CMAKE_PREFIX_PATH=${CMAKE_PREFIX_PATH}:/opt/ros/foxy /usr/bin/cmake --install /home/microros/microros_ws/build/drive_base_msgs
[6.918s] Level 1:colcon.colcon_core.environment:create_environment_scripts_only(microxrcedds_agent)
[6.920s] Level 1:colcon.colcon_core.environment:checking '/home/microros/microros_ws/install/microxrcedds_agent' for CMake module files
[6.921s] DEBUG:colcon.colcon_core.event_handler.log_command:Invoked command in '/home/microros/microros_ws/build/microxrcedds_agent' returned '0': /usr/bin/cmake --install /home/microros/microros_ws/build/microxrcedds_agent
[6.922s] Level 1:colcon.colcon_core.environment:checking '/home/microros/microros_ws/install/microxrcedds_agent' for CMake config files
[6.938s] Level 1:colcon.colcon_core.shell:create_environment_hook('microxrcedds_agent', 'cmake_prefix_path')
[6.939s] INFO:colcon.colcon_core.shell:Creating environment hook '/home/microros/microros_ws/install/microxrcedds_agent/share/microxrcedds_agent/hook/cmake_prefix_path.ps1'
[6.940s] INFO:colcon.colcon_core.shell:Creating environment descriptor '/home/microros/microros_ws/install/microxrcedds_agent/share/microxrcedds_agent/hook/cmake_prefix_path.dsv'
[6.941s] INFO:colcon.colcon_core.shell:Creating environment hook '/home/microros/microros_ws/install/microxrcedds_agent/share/microxrcedds_agent/hook/cmake_prefix_path.sh'
[6.942s] Level 1:colcon.colcon_core.environment:checking '/home/microros/microros_ws/install/microxrcedds_agent/lib'
[6.942s] Level 1:colcon.colcon_core.shell:create_environment_hook('microxrcedds_agent', 'ld_library_path_lib')
[6.944s] INFO:colcon.colcon_core.shell:Creating environment hook '/home/microros/microros_ws/install/microxrcedds_agent/share/microxrcedds_agent/hook/ld_library_path_lib.ps1'
[6.944s] INFO:colcon.colcon_core.shell:Creating environment descriptor '/home/microros/microros_ws/install/microxrcedds_agent/share/microxrcedds_agent/hook/ld_library_path_lib.dsv'
[6.946s] INFO:colcon.colcon_core.shell:Creating environment hook '/home/microros/microros_ws/install/microxrcedds_agent/share/microxrcedds_agent/hook/ld_library_path_lib.sh'
[6.947s] Level 1:colcon.colcon_core.environment:checking '/home/microros/microros_ws/install/microxrcedds_agent/bin'
[6.947s] Level 1:colcon.colcon_core.shell:create_environment_hook('microxrcedds_agent', 'path')
[6.948s] INFO:colcon.colcon_core.shell:Creating environment hook '/home/microros/microros_ws/install/microxrcedds_agent/share/microxrcedds_agent/hook/path.ps1'
[6.949s] INFO:colcon.colcon_core.shell:Creating environment descriptor '/home/microros/microros_ws/install/microxrcedds_agent/share/microxrcedds_agent/hook/path.dsv'
[6.949s] INFO:colcon.colcon_core.shell:Creating environment hook '/home/microros/microros_ws/install/microxrcedds_agent/share/microxrcedds_agent/hook/path.sh'
[6.950s] Level 1:colcon.colcon_core.environment:checking '/home/microros/microros_ws/install/microxrcedds_agent/lib/pkgconfig/microxrcedds_agent.pc'
[6.950s] Level 1:colcon.colcon_core.environment:checking '/home/microros/microros_ws/install/microxrcedds_agent/lib/python3.8/site-packages'
[6.951s] INFO:colcon.colcon_core.shell:Creating package script '/home/microros/microros_ws/install/microxrcedds_agent/share/microxrcedds_agent/package.ps1'
[6.952s] INFO:colcon.colcon_core.shell:Creating package descriptor '/home/microros/microros_ws/install/microxrcedds_agent/share/microxrcedds_agent/package.dsv'
[6.953s] INFO:colcon.colcon_core.shell:Creating package script '/home/microros/microros_ws/install/microxrcedds_agent/share/microxrcedds_agent/package.sh'
[6.954s] INFO:colcon.colcon_core.shell:Creating package script '/home/microros/microros_ws/install/microxrcedds_agent/share/microxrcedds_agent/package.bash'
[6.954s] INFO:colcon.colcon_core.shell:Creating package script '/home/microros/microros_ws/install/microxrcedds_agent/share/microxrcedds_agent/package.zsh'
[6.955s] Level 1:colcon.colcon_core.environment:create_file_with_runtime_dependencies(/home/microros/microros_ws/install/microxrcedds_agent/share/colcon-core/packages/microxrcedds_agent)
[6.956s] INFO:colcon.colcon_ros.task.ament_cmake.build:Building ROS package in '/home/microros/microros_ws/src/uros/micro-ROS-Agent/micro_ros_agent' with build type 'ament_cmake'
[6.957s] INFO:colcon.colcon_cmake.task.cmake.build:Building CMake package in '/home/microros/microros_ws/src/uros/micro-ROS-Agent/micro_ros_agent'
[6.958s] INFO:colcon.colcon_core.shell:Skip shell extension 'powershell' for command environment: Not usable outside of PowerShell
[6.958s] DEBUG:colcon.colcon_core.shell:Skip shell extension 'dsv' for command environment
[6.963s] DEBUG:colcon.colcon_core.shell:Ignoring prefix path '/opt/ros/foxy'
[7.034s] DEBUG:colcon.colcon_core.event_handler.log_command:Invoking command in '/home/microros/microros_ws/build/micro_ros_agent': CMAKE_PREFIX_PATH=/home/microros/microros_ws/install/microxrcedds_agent:/home/microros/microros_ws/install/micro_ros_agent:/home/microros/microros_ws/install/micro_ros_setup:/home/microros/microros_ws/install/drive_base_msgs:/opt/ros/foxy /usr/bin/cmake --build /home/microros/microros_ws/build/micro_ros_agent -- -j4 -l4
[7.166s] Level 1:colcon.colcon_core.environment:create_environment_scripts_only(drive_base_msgs)
[7.168s] Level 1:colcon.colcon_core.environment:checking '/home/microros/microros_ws/install/drive_base_msgs' for CMake module files
[7.168s] DEBUG:colcon.colcon_core.event_handler.log_command:Invoked command in '/home/microros/microros_ws/build/drive_base_msgs' returned '0': CMAKE_PREFIX_PATH=${CMAKE_PREFIX_PATH}:/opt/ros/foxy /usr/bin/cmake --install /home/microros/microros_ws/build/drive_base_msgs
[7.169s] Level 1:colcon.colcon_core.environment:checking '/home/microros/microros_ws/install/drive_base_msgs' for CMake config files
[7.177s] Level 1:colcon.colcon_core.shell:create_environment_hook('drive_base_msgs', 'cmake_prefix_path')
[7.178s] INFO:colcon.colcon_core.shell:Creating environment hook '/home/microros/microros_ws/install/drive_base_msgs/share/drive_base_msgs/hook/cmake_prefix_path.ps1'
[7.179s] INFO:colcon.colcon_core.shell:Creating environment descriptor '/home/microros/microros_ws/install/drive_base_msgs/share/drive_base_msgs/hook/cmake_prefix_path.dsv'
[7.179s] INFO:colcon.colcon_core.shell:Creating environment hook '/home/microros/microros_ws/install/drive_base_msgs/share/drive_base_msgs/hook/cmake_prefix_path.sh'
[7.180s] Level 1:colcon.colcon_core.environment:checking '/home/microros/microros_ws/install/drive_base_msgs/lib'
[7.180s] Level 1:colcon.colcon_core.shell:create_environment_hook('drive_base_msgs', 'ld_library_path_lib')
[7.181s] INFO:colcon.colcon_core.shell:Creating environment hook '/home/microros/microros_ws/install/drive_base_msgs/share/drive_base_msgs/hook/ld_library_path_lib.ps1'
[7.181s] INFO:colcon.colcon_core.shell:Creating environment descriptor '/home/microros/microros_ws/install/drive_base_msgs/share/drive_base_msgs/hook/ld_library_path_lib.dsv'
[7.182s] INFO:colcon.colcon_core.shell:Creating environment hook '/home/microros/microros_ws/install/drive_base_msgs/share/drive_base_msgs/hook/ld_library_path_lib.sh'
[7.182s] Level 1:colcon.colcon_core.environment:checking '/home/microros/microros_ws/install/drive_base_msgs/bin'
[7.183s] Level 1:colcon.colcon_core.environment:checking '/home/microros/microros_ws/install/drive_base_msgs/lib/pkgconfig/drive_base_msgs.pc'
[7.183s] Level 1:colcon.colcon_core.environment:checking '/home/microros/microros_ws/install/drive_base_msgs/lib/python3.8/site-packages'
[7.183s] Level 1:colcon.colcon_core.shell:create_environment_hook('drive_base_msgs', 'pythonpath')
[7.184s] INFO:colcon.colcon_core.shell:Creating environment hook '/home/microros/microros_ws/install/drive_base_msgs/share/drive_base_msgs/hook/pythonpath.ps1'
[7.184s] INFO:colcon.colcon_core.shell:Creating environment descriptor '/home/microros/microros_ws/install/drive_base_msgs/share/drive_base_msgs/hook/pythonpath.dsv'
[7.185s] INFO:colcon.colcon_core.shell:Creating environment hook '/home/microros/microros_ws/install/drive_base_msgs/share/drive_base_msgs/hook/pythonpath.sh'
[7.186s] INFO:colcon.colcon_core.shell:Creating package script '/home/microros/microros_ws/install/drive_base_msgs/share/drive_base_msgs/package.ps1'
[7.187s] INFO:colcon.colcon_core.shell:Creating package descriptor '/home/microros/microros_ws/install/drive_base_msgs/share/drive_base_msgs/package.dsv'
[7.188s] INFO:colcon.colcon_core.shell:Creating package script '/home/microros/microros_ws/install/drive_base_msgs/share/drive_base_msgs/package.sh'
[7.189s] INFO:colcon.colcon_core.shell:Creating package script '/home/microros/microros_ws/install/drive_base_msgs/share/drive_base_msgs/package.bash'
[7.190s] INFO:colcon.colcon_core.shell:Creating package script '/home/microros/microros_ws/install/drive_base_msgs/share/drive_base_msgs/package.zsh'
[7.191s] Level 1:colcon.colcon_core.environment:create_file_with_runtime_dependencies(/home/microros/microros_ws/install/drive_base_msgs/share/colcon-core/packages/drive_base_msgs)
[7.484s] DEBUG:colcon.colcon_core.event_handler.log_command:Invoked command in '/home/microros/microros_ws/build/micro_ros_agent' returned '0': CMAKE_PREFIX_PATH=/home/microros/microros_ws/install/microxrcedds_agent:/home/microros/microros_ws/install/micro_ros_agent:/home/microros/microros_ws/install/micro_ros_setup:/home/microros/microros_ws/install/drive_base_msgs:/opt/ros/foxy /usr/bin/cmake --build /home/microros/microros_ws/build/micro_ros_agent -- -j4 -l4
[7.512s] DEBUG:colcon.colcon_core.event_handler.log_command:Invoking command in '/home/microros/microros_ws/build/micro_ros_agent': CMAKE_PREFIX_PATH=/home/microros/microros_ws/install/microxrcedds_agent:/home/microros/microros_ws/install/micro_ros_agent:/home/microros/microros_ws/install/micro_ros_setup:/home/microros/microros_ws/install/drive_base_msgs:/opt/ros/foxy /usr/bin/cmake --install /home/microros/microros_ws/build/micro_ros_agent
[7.641s] Level 1:colcon.colcon_core.environment:create_environment_scripts_only(micro_ros_agent)
[7.648s] Level 1:colcon.colcon_core.environment:checking '/home/microros/microros_ws/install/micro_ros_agent' for CMake module files
[7.650s] DEBUG:colcon.colcon_core.event_handler.log_command:Invoked command in '/home/microros/microros_ws/build/micro_ros_agent' returned '0': CMAKE_PREFIX_PATH=/home/microros/microros_ws/install/microxrcedds_agent:/home/microros/microros_ws/install/micro_ros_agent:/home/microros/microros_ws/install/micro_ros_setup:/home/microros/microros_ws/install/drive_base_msgs:/opt/ros/foxy /usr/bin/cmake --install /home/microros/microros_ws/build/micro_ros_agent
[7.652s] Level 1:colcon.colcon_core.environment:checking '/home/microros/microros_ws/install/micro_ros_agent' for CMake config files
[7.653s] Level 1:colcon.colcon_core.shell:create_environment_hook('micro_ros_agent', 'cmake_prefix_path')
[7.656s] INFO:colcon.colcon_core.shell:Creating environment hook '/home/microros/microros_ws/install/micro_ros_agent/share/micro_ros_agent/hook/cmake_prefix_path.ps1'
[7.658s] INFO:colcon.colcon_core.shell:Creating environment descriptor '/home/microros/microros_ws/install/micro_ros_agent/share/micro_ros_agent/hook/cmake_prefix_path.dsv'
[7.660s] INFO:colcon.colcon_core.shell:Creating environment hook '/home/microros/microros_ws/install/micro_ros_agent/share/micro_ros_agent/hook/cmake_prefix_path.sh'
[7.663s] Level 1:colcon.colcon_core.environment:checking '/home/microros/microros_ws/install/micro_ros_agent/lib'
[7.663s] Level 1:colcon.colcon_core.environment:checking '/home/microros/microros_ws/install/micro_ros_agent/bin'
[7.664s] Level 1:colcon.colcon_core.environment:checking '/home/microros/microros_ws/install/micro_ros_agent/lib/pkgconfig/micro_ros_agent.pc'
[7.664s] Level 1:colcon.colcon_core.environment:checking '/home/microros/microros_ws/install/micro_ros_agent/lib/python3.8/site-packages'
[7.666s] INFO:colcon.colcon_core.shell:Creating package script '/home/microros/microros_ws/install/micro_ros_agent/share/micro_ros_agent/package.ps1'
[7.667s] INFO:colcon.colcon_core.shell:Creating package descriptor '/home/microros/microros_ws/install/micro_ros_agent/share/micro_ros_agent/package.dsv'
[7.669s] INFO:colcon.colcon_core.shell:Creating package script '/home/microros/microros_ws/install/micro_ros_agent/share/micro_ros_agent/package.sh'
[7.670s] INFO:colcon.colcon_core.shell:Creating package script '/home/microros/microros_ws/install/micro_ros_agent/share/micro_ros_agent/package.bash'
[7.670s] INFO:colcon.colcon_core.shell:Creating package script '/home/microros/microros_ws/install/micro_ros_agent/share/micro_ros_agent/package.zsh'
[7.671s] Level 1:colcon.colcon_core.environment:create_file_with_runtime_dependencies(/home/microros/microros_ws/install/micro_ros_agent/share/colcon-core/packages/micro_ros_agent)
[7.672s] DEBUG:colcon.colcon_parallel_executor.executor.parallel:closing loop
[7.673s] DEBUG:colcon.colcon_parallel_executor.executor.parallel:loop closed
[7.673s] DEBUG:colcon.colcon_parallel_executor.executor.parallel:run_until_complete finished with '0'
[7.674s] DEBUG:colcon.colcon_core.event_reactor:joining thread
[7.786s] INFO:colcon.colcon_core.plugin_system:Skipping extension 'colcon_notification.desktop_notification.terminal_notifier': Not used on non-Darwin systems
[7.786s] INFO:colcon.colcon_core.plugin_system:Skipping extension 'colcon_notification.desktop_notification.win32': Not used on non-Windows systems
[7.787s] INFO:colcon.colcon_notification.desktop_notification:Sending desktop notification using 'notify2'
[7.846s] DEBUG:colcon.colcon_core.event_reactor:joined thread
[7.847s] INFO:colcon.colcon_core.shell:Creating prefix script '/home/microros/microros_ws/install/local_setup.ps1'
[7.849s] INFO:colcon.colcon_core.shell:Creating prefix util module '/home/microros/microros_ws/install/_local_setup_util_ps1.py'
[7.850s] INFO:colcon.colcon_core.shell:Creating prefix chain script '/home/microros/microros_ws/install/setup.ps1'
[7.859s] INFO:colcon.colcon_core.shell:Creating prefix script '/home/microros/microros_ws/install/local_setup.sh'
[7.860s] INFO:colcon.colcon_core.shell:Creating prefix util module '/home/microros/microros_ws/install/_local_setup_util_sh.py'
[7.860s] INFO:colcon.colcon_core.shell:Creating prefix chain script '/home/microros/microros_ws/install/setup.sh'
[7.863s] INFO:colcon.colcon_core.shell:Creating prefix script '/home/microros/microros_ws/install/local_setup.bash'
[7.864s] INFO:colcon.colcon_core.shell:Creating prefix chain script '/home/microros/microros_ws/install/setup.bash'
[7.879s] INFO:colcon.colcon_core.shell:Creating prefix script '/home/microros/microros_ws/install/local_setup.zsh'
[7.879s] INFO:colcon.colcon_core.shell:Creating prefix chain script '/home/microros/microros_ws/install/setup.zsh'
