make[4]: Entering directory '/home/microros/microros_ws/firmware/mcu_ws/build/std_msgs'
/usr/bin/cmake -S/home/microros/microros_ws/firmware/mcu_ws/ros2/common_interfaces/std_msgs -B/home/microros/microros_ws/firmware/mcu_ws/build/std_msgs --check-build-system CMakeFiles/Makefile.cmake 0
/usr/bin/cmake -E cmake_progress_start /home/microros/microros_ws/firmware/mcu_ws/build/std_msgs/CMakeFiles /home/microros/microros_ws/firmware/mcu_ws/build/std_msgs/CMakeFiles/progress.marks
/usr/bin/make -f CMakeFiles/Makefile2 all
make[5]: Entering directory '/home/microros/microros_ws/firmware/mcu_ws/build/std_msgs'
/usr/bin/make -f CMakeFiles/std_msgs__rosidl_generator_c.dir/build.make CMakeFiles/std_msgs__rosidl_generator_c.dir/depend
make[6]: Entering directory '/home/microros/microros_ws/firmware/mcu_ws/build/std_msgs'
cd /home/microros/microros_ws/firmware/mcu_ws/build/std_msgs && /usr/bin/cmake -E cmake_depends "Unix Makefiles" /home/microros/microros_ws/firmware/mcu_ws/ros2/common_interfaces/std_msgs /home/microros/microros_ws/firmware/mcu_ws/ros2/common_interfaces/std_msgs /home/microros/microros_ws/firmware/mcu_ws/build/std_msgs /home/microros/microros_ws/firmware/mcu_ws/build/std_msgs /home/microros/microros_ws/firmware/mcu_ws/build/std_msgs/CMakeFiles/std_msgs__rosidl_generator_c.dir/DependInfo.cmake --color=
make[6]: Leaving directory '/home/microros/microros_ws/firmware/mcu_ws/build/std_msgs'
/usr/bin/make -f CMakeFiles/std_msgs__rosidl_generator_c.dir/build.make CMakeFiles/std_msgs__rosidl_generator_c.dir/build
make[6]: Entering directory '/home/microros/microros_ws/firmware/mcu_ws/build/std_msgs'
make[6]: Nothing to be done for 'CMakeFiles/std_msgs__rosidl_generator_c.dir/build'.
make[6]: Leaving directory '/home/microros/microros_ws/firmware/mcu_ws/build/std_msgs'
[ 33%] Built target std_msgs__rosidl_generator_c
/usr/bin/make -f CMakeFiles/std_msgs__rosidl_typesupport_microxrcedds_c.dir/build.make CMakeFiles/std_msgs__rosidl_typesupport_microxrcedds_c.dir/depend
make[6]: Entering directory '/home/microros/microros_ws/firmware/mcu_ws/build/std_msgs'
cd /home/microros/microros_ws/firmware/mcu_ws/build/std_msgs && /usr/bin/cmake -E cmake_depends "Unix Makefiles" /home/microros/microros_ws/firmware/mcu_ws/ros2/common_interfaces/std_msgs /home/microros/microros_ws/firmware/mcu_ws/ros2/common_interfaces/std_msgs /home/microros/microros_ws/firmware/mcu_ws/build/std_msgs /home/microros/microros_ws/firmware/mcu_ws/build/std_msgs /home/microros/microros_ws/firmware/mcu_ws/build/std_msgs/CMakeFiles/std_msgs__rosidl_typesupport_microxrcedds_c.dir/DependInfo.cmake --color=
make[6]: Leaving directory '/home/microros/microros_ws/firmware/mcu_ws/build/std_msgs'
/usr/bin/make -f CMakeFiles/std_msgs__rosidl_typesupport_microxrcedds_c.dir/build.make CMakeFiles/std_msgs__rosidl_typesupport_microxrcedds_c.dir/build
make[6]: Entering directory '/home/microros/microros_ws/firmware/mcu_ws/build/std_msgs'
make[6]: Nothing to be done for 'CMakeFiles/std_msgs__rosidl_typesupport_microxrcedds_c.dir/build'.
make[6]: Leaving directory '/home/microros/microros_ws/firmware/mcu_ws/build/std_msgs'
[ 66%] Built target std_msgs__rosidl_typesupport_microxrcedds_c
/usr/bin/make -f CMakeFiles/std_msgs__rosidl_typesupport_c.dir/build.make CMakeFiles/std_msgs__rosidl_typesupport_c.dir/depend
make[6]: Entering directory '/home/microros/microros_ws/firmware/mcu_ws/build/std_msgs'
cd /home/microros/microros_ws/firmware/mcu_ws/build/std_msgs && /usr/bin/cmake -E cmake_depends "Unix Makefiles" /home/microros/microros_ws/firmware/mcu_ws/ros2/common_interfaces/std_msgs /home/microros/microros_ws/firmware/mcu_ws/ros2/common_interfaces/std_msgs /home/microros/microros_ws/firmware/mcu_ws/build/std_msgs /home/microros/microros_ws/firmware/mcu_ws/build/std_msgs /home/microros/microros_ws/firmware/mcu_ws/build/std_msgs/CMakeFiles/std_msgs__rosidl_typesupport_c.dir/DependInfo.cmake --color=
make[6]: Leaving directory '/home/microros/microros_ws/firmware/mcu_ws/build/std_msgs'
/usr/bin/make -f CMakeFiles/std_msgs__rosidl_typesupport_c.dir/build.make CMakeFiles/std_msgs__rosidl_typesupport_c.dir/build
make[6]: Entering directory '/home/microros/microros_ws/firmware/mcu_ws/build/std_msgs'
make[6]: Nothing to be done for 'CMakeFiles/std_msgs__rosidl_typesupport_c.dir/build'.
make[6]: Leaving directory '/home/microros/microros_ws/firmware/mcu_ws/build/std_msgs'
[100%] Built target std_msgs__rosidl_typesupport_c
/usr/bin/make -f CMakeFiles/std_msgs.dir/build.make CMakeFiles/std_msgs.dir/depend
make[6]: Entering directory '/home/microros/microros_ws/firmware/mcu_ws/build/std_msgs'
cd /home/microros/microros_ws/firmware/mcu_ws/build/std_msgs && /usr/bin/cmake -E cmake_depends "Unix Makefiles" /home/microros/microros_ws/firmware/mcu_ws/ros2/common_interfaces/std_msgs /home/microros/microros_ws/firmware/mcu_ws/ros2/common_interfaces/std_msgs /home/microros/microros_ws/firmware/mcu_ws/build/std_msgs /home/microros/microros_ws/firmware/mcu_ws/build/std_msgs /home/microros/microros_ws/firmware/mcu_ws/build/std_msgs/CMakeFiles/std_msgs.dir/DependInfo.cmake --color=
make[6]: Leaving directory '/home/microros/microros_ws/firmware/mcu_ws/build/std_msgs'
/usr/bin/make -f CMakeFiles/std_msgs.dir/build.make CMakeFiles/std_msgs.dir/build
make[6]: Entering directory '/home/microros/microros_ws/firmware/mcu_ws/build/std_msgs'
make[6]: Nothing to be done for 'CMakeFiles/std_msgs.dir/build'.
make[6]: Leaving directory '/home/microros/microros_ws/firmware/mcu_ws/build/std_msgs'
[100%] Built target std_msgs
make[5]: Leaving directory '/home/microros/microros_ws/firmware/mcu_ws/build/std_msgs'
/usr/bin/cmake -E cmake_progress_start /home/microros/microros_ws/firmware/mcu_ws/build/std_msgs/CMakeFiles 0
make[4]: Leaving directory '/home/microros/microros_ws/firmware/mcu_ws/build/std_msgs'
-- Install configuration: "RelWithDebInfo"
-- Up-to-date: /home/microros/microros_ws/firmware/mcu_ws/install/std_msgs/share/ament_index/resource_index/rosidl_interfaces/std_msgs
-- Up-to-date: /home/microros/microros_ws/firmware/mcu_ws/install/std_msgs/include/std_msgs
-- Up-to-date: /home/microros/microros_ws/firmware/mcu_ws/install/std_msgs/include/std_msgs/msg
-- Up-to-date: /home/microros/microros_ws/firmware/mcu_ws/install/std_msgs/include/std_msgs/msg/detail
-- Up-to-date: /home/microros/microros_ws/firmware/mcu_ws/install/std_msgs/include/std_msgs/msg/detail/float32__type_support.h
-- Up-to-date: /home/microros/microros_ws/firmware/mcu_ws/install/std_msgs/include/std_msgs/msg/detail/multi_array_dimension__struct.h
-- Up-to-date: /home/microros/microros_ws/firmware/mcu_ws/install/std_msgs/include/std_msgs/msg/detail/int64_multi_array__type_support.h
-- Up-to-date: /home/microros/microros_ws/firmware/mcu_ws/install/std_msgs/include/std_msgs/msg/detail/multi_array_layout__struct.h
-- Up-to-date: /home/microros/microros_ws/firmware/mcu_ws/install/std_msgs/include/std_msgs/msg/detail/int8__functions.h
-- Up-to-date: /home/microros/microros_ws/firmware/mcu_ws/install/std_msgs/include/std_msgs/msg/detail/color_rgba__functions.h
-- Up-to-date: /home/microros/microros_ws/firmware/mcu_ws/install/std_msgs/include/std_msgs/msg/detail/char__type_support.h
-- Up-to-date: /home/microros/microros_ws/firmware/mcu_ws/install/std_msgs/include/std_msgs/msg/detail/byte_multi_array__functions.c
-- Up-to-date: /home/microros/microros_ws/firmware/mcu_ws/install/std_msgs/include/std_msgs/msg/detail/byte_multi_array__type_support.h
-- Up-to-date: /home/microros/microros_ws/firmware/mcu_ws/install/std_msgs/include/std_msgs/msg/detail/bool__struct.h
-- Up-to-date: /home/microros/microros_ws/firmware/mcu_ws/install/std_msgs/include/std_msgs/msg/detail/char__struct.h
-- Up-to-date: /home/microros/microros_ws/firmware/mcu_ws/install/std_msgs/include/std_msgs/msg/detail/string__struct.h
-- Up-to-date: /home/microros/microros_ws/firmware/mcu_ws/install/std_msgs/include/std_msgs/msg/detail/bool__functions.c
-- Up-to-date: /home/microros/microros_ws/firmware/mcu_ws/install/std_msgs/include/std_msgs/msg/detail/int32__functions.h
-- Up-to-date: /home/microros/microros_ws/firmware/mcu_ws/install/std_msgs/include/std_msgs/msg/detail/u_int8__functions.h
-- Up-to-date: /home/microros/microros_ws/firmware/mcu_ws/install/std_msgs/include/std_msgs/msg/detail/float64_multi_array__functions.h
-- Up-to-date: /home/microros/microros_ws/firmware/mcu_ws/install/std_msgs/include/std_msgs/msg/detail/int64__type_support.h
-- Up-to-date: /home/microros/microros_ws/firmware/mcu_ws/install/std_msgs/include/std_msgs/msg/detail/u_int64_multi_array__functions.h
-- Up-to-date: /home/microros/microros_ws/firmware/mcu_ws/install/std_msgs/include/std_msgs/msg/detail/multi_array_dimension__functions.c
-- Up-to-date: /home/microros/microros_ws/firmware/mcu_ws/install/std_msgs/include/std_msgs/msg/detail/int64__functions.h
-- Up-to-date: /home/microros/microros_ws/firmware/mcu_ws/install/std_msgs/include/std_msgs/msg/detail/float64__functions.c
-- Up-to-date: /home/microros/microros_ws/firmware/mcu_ws/install/std_msgs/include/std_msgs/msg/detail/float64__type_support.h
-- Up-to-date: /home/microros/microros_ws/firmware/mcu_ws/install/std_msgs/include/std_msgs/msg/detail/u_int64_multi_array__type_support.h
-- Up-to-date: /home/microros/microros_ws/firmware/mcu_ws/install/std_msgs/include/std_msgs/msg/detail/string__type_support.h
-- Up-to-date: /home/microros/microros_ws/firmware/mcu_ws/install/std_msgs/include/std_msgs/msg/detail/int64__struct.h
-- Up-to-date: /home/microros/microros_ws/firmware/mcu_ws/install/std_msgs/include/std_msgs/msg/detail/header__functions.c
-- Up-to-date: /home/microros/microros_ws/firmware/mcu_ws/install/std_msgs/include/std_msgs/msg/detail/u_int8_multi_array__functions.c
-- Up-to-date: /home/microros/microros_ws/firmware/mcu_ws/install/std_msgs/include/std_msgs/msg/detail/byte__type_support.h
-- Up-to-date: /home/microros/microros_ws/firmware/mcu_ws/install/std_msgs/include/std_msgs/msg/detail/empty__struct.h
-- Up-to-date: /home/microros/microros_ws/firmware/mcu_ws/install/std_msgs/include/std_msgs/msg/detail/byte_multi_array__struct.h
-- Up-to-date: /home/microros/microros_ws/firmware/mcu_ws/install/std_msgs/include/std_msgs/msg/detail/u_int32__type_support.h
-- Up-to-date: /home/microros/microros_ws/firmware/mcu_ws/install/std_msgs/include/std_msgs/msg/detail/float64__functions.h
-- Up-to-date: /home/microros/microros_ws/firmware/mcu_ws/install/std_msgs/include/std_msgs/msg/detail/float32_multi_array__type_support.h
-- Up-to-date: /home/microros/microros_ws/firmware/mcu_ws/install/std_msgs/include/std_msgs/msg/detail/int32_multi_array__type_support.h
-- Up-to-date: /home/microros/microros_ws/firmware/mcu_ws/install/std_msgs/include/std_msgs/msg/detail/int64_multi_array__functions.h
-- Up-to-date: /home/microros/microros_ws/firmware/mcu_ws/install/std_msgs/include/std_msgs/msg/detail/float64__struct.h
-- Up-to-date: /home/microros/microros_ws/firmware/mcu_ws/install/std_msgs/include/std_msgs/msg/detail/float32_multi_array__struct.h
-- Up-to-date: /home/microros/microros_ws/firmware/mcu_ws/install/std_msgs/include/std_msgs/msg/detail/multi_array_layout__functions.c
-- Up-to-date: /home/microros/microros_ws/firmware/mcu_ws/install/std_msgs/include/std_msgs/msg/detail/float32_multi_array__functions.c
-- Up-to-date: /home/microros/microros_ws/firmware/mcu_ws/install/std_msgs/include/std_msgs/msg/detail/u_int16_multi_array__type_support.h
-- Up-to-date: /home/microros/microros_ws/firmware/mcu_ws/install/std_msgs/include/std_msgs/msg/detail/int16__type_support.h
-- Up-to-date: /home/microros/microros_ws/firmware/mcu_ws/install/std_msgs/include/std_msgs/msg/detail/char__functions.c
-- Up-to-date: /home/microros/microros_ws/firmware/mcu_ws/install/std_msgs/include/std_msgs/msg/detail/int16__struct.h
-- Up-to-date: /home/microros/microros_ws/firmware/mcu_ws/install/std_msgs/include/std_msgs/msg/detail/int32_multi_array__struct.h
-- Up-to-date: /home/microros/microros_ws/firmware/mcu_ws/install/std_msgs/include/std_msgs/msg/detail/color_rgba__type_support.h
-- Up-to-date: /home/microros/microros_ws/firmware/mcu_ws/install/std_msgs/include/std_msgs/msg/detail/float32_multi_array__functions.h
-- Up-to-date: /home/microros/microros_ws/firmware/mcu_ws/install/std_msgs/include/std_msgs/msg/detail/u_int64__struct.h
-- Up-to-date: /home/microros/microros_ws/firmware/mcu_ws/install/std_msgs/include/std_msgs/msg/detail/int8_multi_array__functions.c
-- Up-to-date: /home/microros/microros_ws/firmware/mcu_ws/install/std_msgs/include/std_msgs/msg/detail/u_int8_multi_array__type_support.h
-- Up-to-date: /home/microros/microros_ws/firmware/mcu_ws/install/std_msgs/include/std_msgs/msg/detail/int32__struct.h
-- Up-to-date: /home/microros/microros_ws/firmware/mcu_ws/install/std_msgs/include/std_msgs/msg/detail/u_int8__struct.h
-- Up-to-date: /home/microros/microros_ws/firmware/mcu_ws/install/std_msgs/include/std_msgs/msg/detail/float64_multi_array__struct.h
-- Up-to-date: /home/microros/microros_ws/firmware/mcu_ws/install/std_msgs/include/std_msgs/msg/detail/u_int8_multi_array__struct.h
-- Up-to-date: /home/microros/microros_ws/firmware/mcu_ws/install/std_msgs/include/std_msgs/msg/detail/multi_array_dimension__type_support.h
-- Up-to-date: /home/microros/microros_ws/firmware/mcu_ws/install/std_msgs/include/std_msgs/msg/detail/u_int16_multi_array__struct.h
-- Up-to-date: /home/microros/microros_ws/firmware/mcu_ws/install/std_msgs/include/std_msgs/msg/detail/int32__type_support.h
-- Up-to-date: /home/microros/microros_ws/firmware/mcu_ws/install/std_msgs/include/std_msgs/msg/detail/u_int64__type_support.h
-- Up-to-date: /home/microros/microros_ws/firmware/mcu_ws/install/std_msgs/include/std_msgs/msg/detail/color_rgba__functions.c
-- Up-to-date: /home/microros/microros_ws/firmware/mcu_ws/install/std_msgs/include/std_msgs/msg/detail/u_int16_multi_array__functions.c
-- Up-to-date: /home/microros/microros_ws/firmware/mcu_ws/install/std_msgs/include/std_msgs/msg/detail/byte_multi_array__functions.h
-- Up-to-date: /home/microros/microros_ws/firmware/mcu_ws/install/std_msgs/include/std_msgs/msg/detail/u_int32_multi_array__functions.h
-- Up-to-date: /home/microros/microros_ws/firmware/mcu_ws/install/std_msgs/include/std_msgs/msg/detail/char__functions.h
-- Up-to-date: /home/microros/microros_ws/firmware/mcu_ws/install/std_msgs/include/std_msgs/msg/detail/bool__type_support.h
-- Up-to-date: /home/microros/microros_ws/firmware/mcu_ws/install/std_msgs/include/std_msgs/msg/detail/int32_multi_array__functions.c
-- Up-to-date: /home/microros/microros_ws/firmware/mcu_ws/install/std_msgs/include/std_msgs/msg/detail/u_int16__functions.c
-- Up-to-date: /home/microros/microros_ws/firmware/mcu_ws/install/std_msgs/include/std_msgs/msg/detail/header__struct.h
-- Up-to-date: /home/microros/microros_ws/firmware/mcu_ws/install/std_msgs/include/std_msgs/msg/detail/int8__type_support.h
-- Up-to-date: /home/microros/microros_ws/firmware/mcu_ws/install/std_msgs/include/std_msgs/msg/detail/byte__functions.h
-- Up-to-date: /home/microros/microros_ws/firmware/mcu_ws/install/std_msgs/include/std_msgs/msg/detail/u_int32__functions.h
-- Up-to-date: /home/microros/microros_ws/firmware/mcu_ws/install/std_msgs/include/std_msgs/msg/detail/int16_multi_array__type_support.h
-- Up-to-date: /home/microros/microros_ws/firmware/mcu_ws/install/std_msgs/include/std_msgs/msg/detail/float32__struct.h
-- Up-to-date: /home/microros/microros_ws/firmware/mcu_ws/install/std_msgs/include/std_msgs/msg/detail/u_int32_multi_array__functions.c
-- Up-to-date: /home/microros/microros_ws/firmware/mcu_ws/install/std_msgs/include/std_msgs/msg/detail/float64_multi_array__type_support.h
-- Up-to-date: /home/microros/microros_ws/firmware/mcu_ws/install/std_msgs/include/std_msgs/msg/detail/empty__type_support.h
-- Up-to-date: /home/microros/microros_ws/firmware/mcu_ws/install/std_msgs/include/std_msgs/msg/detail/byte__functions.c
-- Up-to-date: /home/microros/microros_ws/firmware/mcu_ws/install/std_msgs/include/std_msgs/msg/detail/empty__functions.c
-- Up-to-date: /home/microros/microros_ws/firmware/mcu_ws/install/std_msgs/include/std_msgs/msg/detail/int64__functions.c
-- Up-to-date: /home/microros/microros_ws/firmware/mcu_ws/install/std_msgs/include/std_msgs/msg/detail/string__functions.h
-- Up-to-date: /home/microros/microros_ws/firmware/mcu_ws/install/std_msgs/include/std_msgs/msg/detail/multi_array_layout__functions.h
-- Up-to-date: /home/microros/microros_ws/firmware/mcu_ws/install/std_msgs/include/std_msgs/msg/detail/u_int64_multi_array__functions.c
-- Up-to-date: /home/microros/microros_ws/firmware/mcu_ws/install/std_msgs/include/std_msgs/msg/detail/int16__functions.c
-- Up-to-date: /home/microros/microros_ws/firmware/mcu_ws/install/std_msgs/include/std_msgs/msg/detail/string__functions.c
-- Up-to-date: /home/microros/microros_ws/firmware/mcu_ws/install/std_msgs/include/std_msgs/msg/detail/u_int32__functions.c
-- Up-to-date: /home/microros/microros_ws/firmware/mcu_ws/install/std_msgs/include/std_msgs/msg/detail/int8_multi_array__type_support.h
-- Up-to-date: /home/microros/microros_ws/firmware/mcu_ws/install/std_msgs/include/std_msgs/msg/detail/int16_multi_array__functions.h
-- Up-to-date: /home/microros/microros_ws/firmware/mcu_ws/install/std_msgs/include/std_msgs/msg/detail/u_int64_multi_array__struct.h
-- Up-to-date: /home/microros/microros_ws/firmware/mcu_ws/install/std_msgs/include/std_msgs/msg/detail/u_int8__functions.c
-- Up-to-date: /home/microros/microros_ws/firmware/mcu_ws/install/std_msgs/include/std_msgs/msg/detail/int64_multi_array__struct.h
-- Up-to-date: /home/microros/microros_ws/firmware/mcu_ws/install/std_msgs/include/std_msgs/msg/detail/int32__functions.c
-- Up-to-date: /home/microros/microros_ws/firmware/mcu_ws/install/std_msgs/include/std_msgs/msg/detail/u_int64__functions.h
-- Up-to-date: /home/microros/microros_ws/firmware/mcu_ws/install/std_msgs/include/std_msgs/msg/detail/float32__functions.h
-- Up-to-date: /home/microros/microros_ws/firmware/mcu_ws/install/std_msgs/include/std_msgs/msg/detail/float32__functions.c
-- Up-to-date: /home/microros/microros_ws/firmware/mcu_ws/install/std_msgs/include/std_msgs/msg/detail/int8__functions.c
-- Up-to-date: /home/microros/microros_ws/firmware/mcu_ws/install/std_msgs/include/std_msgs/msg/detail/color_rgba__struct.h
-- Up-to-date: /home/microros/microros_ws/firmware/mcu_ws/install/std_msgs/include/std_msgs/msg/detail/int8_multi_array__struct.h
-- Up-to-date: /home/microros/microros_ws/firmware/mcu_ws/install/std_msgs/include/std_msgs/msg/detail/u_int16__type_support.h
-- Up-to-date: /home/microros/microros_ws/firmware/mcu_ws/install/std_msgs/include/std_msgs/msg/detail/empty__functions.h
-- Up-to-date: /home/microros/microros_ws/firmware/mcu_ws/install/std_msgs/include/std_msgs/msg/detail/int16__functions.h
-- Up-to-date: /home/microros/microros_ws/firmware/mcu_ws/install/std_msgs/include/std_msgs/msg/detail/u_int64__functions.c
-- Up-to-date: /home/microros/microros_ws/firmware/mcu_ws/install/std_msgs/include/std_msgs/msg/detail/int64_multi_array__functions.c
-- Up-to-date: /home/microros/microros_ws/firmware/mcu_ws/install/std_msgs/include/std_msgs/msg/detail/u_int8__type_support.h
-- Up-to-date: /home/microros/microros_ws/firmware/mcu_ws/install/std_msgs/include/std_msgs/msg/detail/int8_multi_array__functions.h
-- Up-to-date: /home/microros/microros_ws/firmware/mcu_ws/install/std_msgs/include/std_msgs/msg/detail/u_int16__functions.h
-- Up-to-date: /home/microros/microros_ws/firmware/mcu_ws/install/std_msgs/include/std_msgs/msg/detail/u_int16__struct.h
-- Up-to-date: /home/microros/microros_ws/firmware/mcu_ws/install/std_msgs/include/std_msgs/msg/detail/int16_multi_array__functions.c
-- Up-to-date: /home/microros/microros_ws/firmware/mcu_ws/install/std_msgs/include/std_msgs/msg/detail/int16_multi_array__struct.h
-- Up-to-date: /home/microros/microros_ws/firmware/mcu_ws/install/std_msgs/include/std_msgs/msg/detail/bool__functions.h
-- Up-to-date: /home/microros/microros_ws/firmware/mcu_ws/install/std_msgs/include/std_msgs/msg/detail/int32_multi_array__functions.h
-- Up-to-date: /home/microros/microros_ws/firmware/mcu_ws/install/std_msgs/include/std_msgs/msg/detail/multi_array_layout__type_support.h
-- Up-to-date: /home/microros/microros_ws/firmware/mcu_ws/install/std_msgs/include/std_msgs/msg/detail/int8__struct.h
-- Up-to-date: /home/microros/microros_ws/firmware/mcu_ws/install/std_msgs/include/std_msgs/msg/detail/header__functions.h
-- Up-to-date: /home/microros/microros_ws/firmware/mcu_ws/install/std_msgs/include/std_msgs/msg/detail/u_int32_multi_array__struct.h
-- Up-to-date: /home/microros/microros_ws/firmware/mcu_ws/install/std_msgs/include/std_msgs/msg/detail/u_int8_multi_array__functions.h
-- Up-to-date: /home/microros/microros_ws/firmware/mcu_ws/install/std_msgs/include/std_msgs/msg/detail/u_int16_multi_array__functions.h
-- Up-to-date: /home/microros/microros_ws/firmware/mcu_ws/install/std_msgs/include/std_msgs/msg/detail/float64_multi_array__functions.c
-- Up-to-date: /home/microros/microros_ws/firmware/mcu_ws/install/std_msgs/include/std_msgs/msg/detail/u_int32_multi_array__type_support.h
-- Up-to-date: /home/microros/microros_ws/firmware/mcu_ws/install/std_msgs/include/std_msgs/msg/detail/byte__struct.h
-- Up-to-date: /home/microros/microros_ws/firmware/mcu_ws/install/std_msgs/include/std_msgs/msg/detail/u_int32__struct.h
-- Up-to-date: /home/microros/microros_ws/firmware/mcu_ws/install/std_msgs/include/std_msgs/msg/detail/multi_array_dimension__functions.h
-- Up-to-date: /home/microros/microros_ws/firmware/mcu_ws/install/std_msgs/include/std_msgs/msg/detail/header__type_support.h
-- Up-to-date: /home/microros/microros_ws/firmware/mcu_ws/install/std_msgs/include/std_msgs/msg/u_int16_multi_array.h
-- Up-to-date: /home/microros/microros_ws/firmware/mcu_ws/install/std_msgs/include/std_msgs/msg/float64_multi_array.h
-- Up-to-date: /home/microros/microros_ws/firmware/mcu_ws/install/std_msgs/include/std_msgs/msg/float32.h
-- Up-to-date: /home/microros/microros_ws/firmware/mcu_ws/install/std_msgs/include/std_msgs/msg/u_int16.h
-- Up-to-date: /home/microros/microros_ws/firmware/mcu_ws/install/std_msgs/include/std_msgs/msg/float64.h
-- Up-to-date: /home/microros/microros_ws/firmware/mcu_ws/install/std_msgs/include/std_msgs/msg/u_int64.h
-- Up-to-date: /home/microros/microros_ws/firmware/mcu_ws/install/std_msgs/include/std_msgs/msg/header.h
-- Up-to-date: /home/microros/microros_ws/firmware/mcu_ws/install/std_msgs/include/std_msgs/msg/string.h
-- Up-to-date: /home/microros/microros_ws/firmware/mcu_ws/install/std_msgs/include/std_msgs/msg/byte_multi_array.h
-- Up-to-date: /home/microros/microros_ws/firmware/mcu_ws/install/std_msgs/include/std_msgs/msg/float32_multi_array.h
-- Up-to-date: /home/microros/microros_ws/firmware/mcu_ws/install/std_msgs/include/std_msgs/msg/int64.h
-- Up-to-date: /home/microros/microros_ws/firmware/mcu_ws/install/std_msgs/include/std_msgs/msg/u_int8.h
-- Up-to-date: /home/microros/microros_ws/firmware/mcu_ws/install/std_msgs/include/std_msgs/msg/int16_multi_array.h
-- Up-to-date: /home/microros/microros_ws/firmware/mcu_ws/install/std_msgs/include/std_msgs/msg/u_int32.h
-- Up-to-date: /home/microros/microros_ws/firmware/mcu_ws/install/std_msgs/include/std_msgs/msg/int8.h
-- Up-to-date: /home/microros/microros_ws/firmware/mcu_ws/install/std_msgs/include/std_msgs/msg/bool.h
-- Up-to-date: /home/microros/microros_ws/firmware/mcu_ws/install/std_msgs/include/std_msgs/msg/byte.h
-- Up-to-date: /home/microros/microros_ws/firmware/mcu_ws/install/std_msgs/include/std_msgs/msg/int8_multi_array.h
-- Up-to-date: /home/microros/microros_ws/firmware/mcu_ws/install/std_msgs/include/std_msgs/msg/int32_multi_array.h
-- Up-to-date: /home/microros/microros_ws/firmware/mcu_ws/install/std_msgs/include/std_msgs/msg/int32.h
-- Up-to-date: /home/microros/microros_ws/firmware/mcu_ws/install/std_msgs/include/std_msgs/msg/char.h
-- Up-to-date: /home/microros/microros_ws/firmware/mcu_ws/install/std_msgs/include/std_msgs/msg/color_rgba.h
-- Up-to-date: /home/microros/microros_ws/firmware/mcu_ws/install/std_msgs/include/std_msgs/msg/multi_array_dimension.h
-- Up-to-date: /home/microros/microros_ws/firmware/mcu_ws/install/std_msgs/include/std_msgs/msg/int16.h
-- Up-to-date: /home/microros/microros_ws/firmware/mcu_ws/install/std_msgs/include/std_msgs/msg/u_int32_multi_array.h
-- Up-to-date: /home/microros/microros_ws/firmware/mcu_ws/install/std_msgs/include/std_msgs/msg/u_int64_multi_array.h
-- Up-to-date: /home/microros/microros_ws/firmware/mcu_ws/install/std_msgs/include/std_msgs/msg/rosidl_generator_c__visibility_control.h
-- Up-to-date: /home/microros/microros_ws/firmware/mcu_ws/install/std_msgs/include/std_msgs/msg/empty.h
-- Up-to-date: /home/microros/microros_ws/firmware/mcu_ws/install/std_msgs/include/std_msgs/msg/int64_multi_array.h
-- Up-to-date: /home/microros/microros_ws/firmware/mcu_ws/install/std_msgs/include/std_msgs/msg/u_int8_multi_array.h
-- Up-to-date: /home/microros/microros_ws/firmware/mcu_ws/install/std_msgs/include/std_msgs/msg/multi_array_layout.h
-- Up-to-date: /home/microros/microros_ws/firmware/mcu_ws/install/std_msgs/share/std_msgs/environment/library_path.sh
-- Up-to-date: /home/microros/microros_ws/firmware/mcu_ws/install/std_msgs/share/std_msgs/environment/library_path.dsv
-- Up-to-date: /home/microros/microros_ws/firmware/mcu_ws/install/std_msgs/lib/libstd_msgs__rosidl_generator_c.a
-- Up-to-date: /home/microros/microros_ws/firmware/mcu_ws/install/std_msgs/include/std_msgs
-- Up-to-date: /home/microros/microros_ws/firmware/mcu_ws/install/std_msgs/include/std_msgs/msg
-- Up-to-date: /home/microros/microros_ws/firmware/mcu_ws/install/std_msgs/include/std_msgs/msg/detail
-- Up-to-date: /home/microros/microros_ws/firmware/mcu_ws/install/std_msgs/include/std_msgs/msg/detail/int32_multi_array__rosidl_typesupport_microxrcedds_c.h
-- Up-to-date: /home/microros/microros_ws/firmware/mcu_ws/install/std_msgs/include/std_msgs/msg/detail/header__rosidl_typesupport_microxrcedds_c.h
-- Up-to-date: /home/microros/microros_ws/firmware/mcu_ws/install/std_msgs/include/std_msgs/msg/detail/int64__rosidl_typesupport_microxrcedds_c.h
-- Up-to-date: /home/microros/microros_ws/firmware/mcu_ws/install/std_msgs/include/std_msgs/msg/detail/u_int16_multi_array__rosidl_typesupport_microxrcedds_c.h
-- Up-to-date: /home/microros/microros_ws/firmware/mcu_ws/install/std_msgs/include/std_msgs/msg/detail/empty__rosidl_typesupport_microxrcedds_c.h
-- Up-to-date: /home/microros/microros_ws/firmware/mcu_ws/install/std_msgs/include/std_msgs/msg/detail/int8__rosidl_typesupport_microxrcedds_c.h
-- Up-to-date: /home/microros/microros_ws/firmware/mcu_ws/install/std_msgs/include/std_msgs/msg/detail/microxrcedds
-- Up-to-date: /home/microros/microros_ws/firmware/mcu_ws/install/std_msgs/include/std_msgs/msg/detail/u_int64__rosidl_typesupport_microxrcedds_c.h
-- Up-to-date: /home/microros/microros_ws/firmware/mcu_ws/install/std_msgs/include/std_msgs/msg/detail/float64__rosidl_typesupport_microxrcedds_c.h
-- Up-to-date: /home/microros/microros_ws/firmware/mcu_ws/install/std_msgs/include/std_msgs/msg/detail/multi_array_layout__rosidl_typesupport_microxrcedds_c.h
-- Up-to-date: /home/microros/microros_ws/firmware/mcu_ws/install/std_msgs/include/std_msgs/msg/detail/float32__rosidl_typesupport_microxrcedds_c.h
-- Up-to-date: /home/microros/microros_ws/firmware/mcu_ws/install/std_msgs/include/std_msgs/msg/detail/u_int64_multi_array__rosidl_typesupport_microxrcedds_c.h
-- Up-to-date: /home/microros/microros_ws/firmware/mcu_ws/install/std_msgs/include/std_msgs/msg/detail/int32__rosidl_typesupport_microxrcedds_c.h
-- Up-to-date: /home/microros/microros_ws/firmware/mcu_ws/install/std_msgs/include/std_msgs/msg/detail/int64_multi_array__rosidl_typesupport_microxrcedds_c.h
-- Up-to-date: /home/microros/microros_ws/firmware/mcu_ws/install/std_msgs/include/std_msgs/msg/detail/u_int16__rosidl_typesupport_microxrcedds_c.h
-- Up-to-date: /home/microros/microros_ws/firmware/mcu_ws/install/std_msgs/include/std_msgs/msg/detail/char__rosidl_typesupport_microxrcedds_c.h
-- Up-to-date: /home/microros/microros_ws/firmware/mcu_ws/install/std_msgs/include/std_msgs/msg/detail/u_int8_multi_array__rosidl_typesupport_microxrcedds_c.h
-- Up-to-date: /home/microros/microros_ws/firmware/mcu_ws/install/std_msgs/include/std_msgs/msg/detail/byte__rosidl_typesupport_microxrcedds_c.h
-- Up-to-date: /home/microros/microros_ws/firmware/mcu_ws/install/std_msgs/include/std_msgs/msg/detail/string__rosidl_typesupport_microxrcedds_c.h
-- Up-to-date: /home/microros/microros_ws/firmware/mcu_ws/install/std_msgs/include/std_msgs/msg/detail/u_int8__rosidl_typesupport_microxrcedds_c.h
-- Up-to-date: /home/microros/microros_ws/firmware/mcu_ws/install/std_msgs/include/std_msgs/msg/detail/u_int32__rosidl_typesupport_microxrcedds_c.h
-- Up-to-date: /home/microros/microros_ws/firmware/mcu_ws/install/std_msgs/include/std_msgs/msg/detail/bool__rosidl_typesupport_microxrcedds_c.h
-- Up-to-date: /home/microros/microros_ws/firmware/mcu_ws/install/std_msgs/include/std_msgs/msg/detail/int16__rosidl_typesupport_microxrcedds_c.h
-- Up-to-date: /home/microros/microros_ws/firmware/mcu_ws/install/std_msgs/include/std_msgs/msg/detail/u_int32_multi_array__rosidl_typesupport_microxrcedds_c.h
-- Up-to-date: /home/microros/microros_ws/firmware/mcu_ws/install/std_msgs/include/std_msgs/msg/detail/color_rgba__rosidl_typesupport_microxrcedds_c.h
-- Up-to-date: /home/microros/microros_ws/firmware/mcu_ws/install/std_msgs/include/std_msgs/msg/detail/float64_multi_array__rosidl_typesupport_microxrcedds_c.h
-- Up-to-date: /home/microros/microros_ws/firmware/mcu_ws/install/std_msgs/include/std_msgs/msg/detail/byte_multi_array__rosidl_typesupport_microxrcedds_c.h
-- Up-to-date: /home/microros/microros_ws/firmware/mcu_ws/install/std_msgs/include/std_msgs/msg/detail/float32_multi_array__rosidl_typesupport_microxrcedds_c.h
-- Up-to-date: /home/microros/microros_ws/firmware/mcu_ws/install/std_msgs/include/std_msgs/msg/detail/multi_array_dimension__rosidl_typesupport_microxrcedds_c.h
-- Up-to-date: /home/microros/microros_ws/firmware/mcu_ws/install/std_msgs/include/std_msgs/msg/detail/int16_multi_array__rosidl_typesupport_microxrcedds_c.h
-- Up-to-date: /home/microros/microros_ws/firmware/mcu_ws/install/std_msgs/include/std_msgs/msg/detail/int8_multi_array__rosidl_typesupport_microxrcedds_c.h
-- Up-to-date: /home/microros/microros_ws/firmware/mcu_ws/install/std_msgs/include/std_msgs/msg/rosidl_typesupport_microxrcedds_c__visibility_control.h
-- Up-to-date: /home/microros/microros_ws/firmware/mcu_ws/install/std_msgs/lib/libstd_msgs__rosidl_typesupport_microxrcedds_c.a
-- Up-to-date: /home/microros/microros_ws/firmware/mcu_ws/install/std_msgs/lib/libstd_msgs__rosidl_typesupport_c.a
-- Up-to-date: /home/microros/microros_ws/firmware/mcu_ws/install/std_msgs/lib/libstd_msgs__rosidl_typesupport_microxrcedds_c.a
-- Up-to-date: /home/microros/microros_ws/firmware/mcu_ws/install/std_msgs/share/std_msgs/msg/Bool.idl
-- Up-to-date: /home/microros/microros_ws/firmware/mcu_ws/install/std_msgs/share/std_msgs/msg/Byte.idl
-- Up-to-date: /home/microros/microros_ws/firmware/mcu_ws/install/std_msgs/share/std_msgs/msg/ByteMultiArray.idl
-- Up-to-date: /home/microros/microros_ws/firmware/mcu_ws/install/std_msgs/share/std_msgs/msg/Char.idl
-- Up-to-date: /home/microros/microros_ws/firmware/mcu_ws/install/std_msgs/share/std_msgs/msg/ColorRGBA.idl
-- Up-to-date: /home/microros/microros_ws/firmware/mcu_ws/install/std_msgs/share/std_msgs/msg/Empty.idl
-- Up-to-date: /home/microros/microros_ws/firmware/mcu_ws/install/std_msgs/share/std_msgs/msg/Float32.idl
-- Up-to-date: /home/microros/microros_ws/firmware/mcu_ws/install/std_msgs/share/std_msgs/msg/Float32MultiArray.idl
-- Up-to-date: /home/microros/microros_ws/firmware/mcu_ws/install/std_msgs/share/std_msgs/msg/Float64.idl
-- Up-to-date: /home/microros/microros_ws/firmware/mcu_ws/install/std_msgs/share/std_msgs/msg/Float64MultiArray.idl
-- Up-to-date: /home/microros/microros_ws/firmware/mcu_ws/install/std_msgs/share/std_msgs/msg/Header.idl
-- Up-to-date: /home/microros/microros_ws/firmware/mcu_ws/install/std_msgs/share/std_msgs/msg/Int16.idl
-- Up-to-date: /home/microros/microros_ws/firmware/mcu_ws/install/std_msgs/share/std_msgs/msg/Int16MultiArray.idl
-- Up-to-date: /home/microros/microros_ws/firmware/mcu_ws/install/std_msgs/share/std_msgs/msg/Int32.idl
-- Up-to-date: /home/microros/microros_ws/firmware/mcu_ws/install/std_msgs/share/std_msgs/msg/Int32MultiArray.idl
-- Up-to-date: /home/microros/microros_ws/firmware/mcu_ws/install/std_msgs/share/std_msgs/msg/Int64.idl
-- Up-to-date: /home/microros/microros_ws/firmware/mcu_ws/install/std_msgs/share/std_msgs/msg/Int64MultiArray.idl
-- Up-to-date: /home/microros/microros_ws/firmware/mcu_ws/install/std_msgs/share/std_msgs/msg/Int8.idl
-- Up-to-date: /home/microros/microros_ws/firmware/mcu_ws/install/std_msgs/share/std_msgs/msg/Int8MultiArray.idl
-- Up-to-date: /home/microros/microros_ws/firmware/mcu_ws/install/std_msgs/share/std_msgs/msg/MultiArrayDimension.idl
-- Up-to-date: /home/microros/microros_ws/firmware/mcu_ws/install/std_msgs/share/std_msgs/msg/MultiArrayLayout.idl
-- Up-to-date: /home/microros/microros_ws/firmware/mcu_ws/install/std_msgs/share/std_msgs/msg/String.idl
-- Up-to-date: /home/microros/microros_ws/firmware/mcu_ws/install/std_msgs/share/std_msgs/msg/UInt16.idl
-- Up-to-date: /home/microros/microros_ws/firmware/mcu_ws/install/std_msgs/share/std_msgs/msg/UInt16MultiArray.idl
-- Up-to-date: /home/microros/microros_ws/firmware/mcu_ws/install/std_msgs/share/std_msgs/msg/UInt32.idl
-- Up-to-date: /home/microros/microros_ws/firmware/mcu_ws/install/std_msgs/share/std_msgs/msg/UInt32MultiArray.idl
-- Up-to-date: /home/microros/microros_ws/firmware/mcu_ws/install/std_msgs/share/std_msgs/msg/UInt64.idl
-- Up-to-date: /home/microros/microros_ws/firmware/mcu_ws/install/std_msgs/share/std_msgs/msg/UInt64MultiArray.idl
-- Up-to-date: /home/microros/microros_ws/firmware/mcu_ws/install/std_msgs/share/std_msgs/msg/UInt8.idl
-- Up-to-date: /home/microros/microros_ws/firmware/mcu_ws/install/std_msgs/share/std_msgs/msg/UInt8MultiArray.idl
-- Up-to-date: /home/microros/microros_ws/firmware/mcu_ws/install/std_msgs/share/std_msgs/msg/Bool.msg
-- Up-to-date: /home/microros/microros_ws/firmware/mcu_ws/install/std_msgs/share/std_msgs/msg/Byte.msg
-- Up-to-date: /home/microros/microros_ws/firmware/mcu_ws/install/std_msgs/share/std_msgs/msg/ByteMultiArray.msg
-- Up-to-date: /home/microros/microros_ws/firmware/mcu_ws/install/std_msgs/share/std_msgs/msg/Char.msg
-- Up-to-date: /home/microros/microros_ws/firmware/mcu_ws/install/std_msgs/share/std_msgs/msg/ColorRGBA.msg
-- Up-to-date: /home/microros/microros_ws/firmware/mcu_ws/install/std_msgs/share/std_msgs/msg/Empty.msg
-- Up-to-date: /home/microros/microros_ws/firmware/mcu_ws/install/std_msgs/share/std_msgs/msg/Float32.msg
-- Up-to-date: /home/microros/microros_ws/firmware/mcu_ws/install/std_msgs/share/std_msgs/msg/Float32MultiArray.msg
-- Up-to-date: /home/microros/microros_ws/firmware/mcu_ws/install/std_msgs/share/std_msgs/msg/Float64.msg
-- Up-to-date: /home/microros/microros_ws/firmware/mcu_ws/install/std_msgs/share/std_msgs/msg/Float64MultiArray.msg
-- Up-to-date: /home/microros/microros_ws/firmware/mcu_ws/install/std_msgs/share/std_msgs/msg/Header.msg
-- Up-to-date: /home/microros/microros_ws/firmware/mcu_ws/install/std_msgs/share/std_msgs/msg/Int16.msg
-- Up-to-date: /home/microros/microros_ws/firmware/mcu_ws/install/std_msgs/share/std_msgs/msg/Int16MultiArray.msg
-- Up-to-date: /home/microros/microros_ws/firmware/mcu_ws/install/std_msgs/share/std_msgs/msg/Int32.msg
-- Up-to-date: /home/microros/microros_ws/firmware/mcu_ws/install/std_msgs/share/std_msgs/msg/Int32MultiArray.msg
-- Up-to-date: /home/microros/microros_ws/firmware/mcu_ws/install/std_msgs/share/std_msgs/msg/Int64.msg
-- Up-to-date: /home/microros/microros_ws/firmware/mcu_ws/install/std_msgs/share/std_msgs/msg/Int64MultiArray.msg
-- Up-to-date: /home/microros/microros_ws/firmware/mcu_ws/install/std_msgs/share/std_msgs/msg/Int8.msg
-- Up-to-date: /home/microros/microros_ws/firmware/mcu_ws/install/std_msgs/share/std_msgs/msg/Int8MultiArray.msg
-- Up-to-date: /home/microros/microros_ws/firmware/mcu_ws/install/std_msgs/share/std_msgs/msg/MultiArrayDimension.msg
-- Up-to-date: /home/microros/microros_ws/firmware/mcu_ws/install/std_msgs/share/std_msgs/msg/MultiArrayLayout.msg
-- Up-to-date: /home/microros/microros_ws/firmware/mcu_ws/install/std_msgs/share/std_msgs/msg/String.msg
-- Up-to-date: /home/microros/microros_ws/firmware/mcu_ws/install/std_msgs/share/std_msgs/msg/UInt16.msg
-- Up-to-date: /home/microros/microros_ws/firmware/mcu_ws/install/std_msgs/share/std_msgs/msg/UInt16MultiArray.msg
-- Up-to-date: /home/microros/microros_ws/firmware/mcu_ws/install/std_msgs/share/std_msgs/msg/UInt32.msg
-- Up-to-date: /home/microros/microros_ws/firmware/mcu_ws/install/std_msgs/share/std_msgs/msg/UInt32MultiArray.msg
-- Up-to-date: /home/microros/microros_ws/firmware/mcu_ws/install/std_msgs/share/std_msgs/msg/UInt64.msg
-- Up-to-date: /home/microros/microros_ws/firmware/mcu_ws/install/std_msgs/share/std_msgs/msg/UInt64MultiArray.msg
-- Up-to-date: /home/microros/microros_ws/firmware/mcu_ws/install/std_msgs/share/std_msgs/msg/UInt8.msg
-- Up-to-date: /home/microros/microros_ws/firmware/mcu_ws/install/std_msgs/share/std_msgs/msg/UInt8MultiArray.msg
-- Up-to-date: /home/microros/microros_ws/firmware/mcu_ws/install/std_msgs/share/ament_index/resource_index/package_run_dependencies/std_msgs
-- Up-to-date: /home/microros/microros_ws/firmware/mcu_ws/install/std_msgs/share/ament_index/resource_index/parent_prefix_path/std_msgs
-- Up-to-date: /home/microros/microros_ws/firmware/mcu_ws/install/std_msgs/share/std_msgs/environment/ament_prefix_path.sh
-- Up-to-date: /home/microros/microros_ws/firmware/mcu_ws/install/std_msgs/share/std_msgs/environment/ament_prefix_path.dsv
-- Up-to-date: /home/microros/microros_ws/firmware/mcu_ws/install/std_msgs/share/std_msgs/environment/path.sh
-- Up-to-date: /home/microros/microros_ws/firmware/mcu_ws/install/std_msgs/share/std_msgs/environment/path.dsv
-- Up-to-date: /home/microros/microros_ws/firmware/mcu_ws/install/std_msgs/share/std_msgs/local_setup.bash
-- Up-to-date: /home/microros/microros_ws/firmware/mcu_ws/install/std_msgs/share/std_msgs/local_setup.sh
-- Up-to-date: /home/microros/microros_ws/firmware/mcu_ws/install/std_msgs/share/std_msgs/local_setup.zsh
-- Up-to-date: /home/microros/microros_ws/firmware/mcu_ws/install/std_msgs/share/std_msgs/local_setup.dsv
-- Installing: /home/microros/microros_ws/firmware/mcu_ws/install/std_msgs/share/std_msgs/package.dsv
-- Up-to-date: /home/microros/microros_ws/firmware/mcu_ws/install/std_msgs/share/ament_index/resource_index/packages/std_msgs
-- Up-to-date: /home/microros/microros_ws/firmware/mcu_ws/install/std_msgs/share/std_msgs/cmake/std_msgs__rosidl_generator_cExport.cmake
-- Up-to-date: /home/microros/microros_ws/firmware/mcu_ws/install/std_msgs/share/std_msgs/cmake/std_msgs__rosidl_generator_cExport-relwithdebinfo.cmake
-- Up-to-date: /home/microros/microros_ws/firmware/mcu_ws/install/std_msgs/share/std_msgs/cmake/std_msgs__rosidl_typesupport_cExport.cmake
-- Up-to-date: /home/microros/microros_ws/firmware/mcu_ws/install/std_msgs/share/std_msgs/cmake/std_msgs__rosidl_typesupport_cExport-relwithdebinfo.cmake
-- Up-to-date: /home/microros/microros_ws/firmware/mcu_ws/install/std_msgs/share/std_msgs/cmake/rosidl_cmake-extras.cmake
-- Up-to-date: /home/microros/microros_ws/firmware/mcu_ws/install/std_msgs/share/std_msgs/cmake/ament_cmake_export_dependencies-extras.cmake
-- Up-to-date: /home/microros/microros_ws/firmware/mcu_ws/install/std_msgs/share/std_msgs/cmake/ament_cmake_export_libraries-extras.cmake
-- Up-to-date: /home/microros/microros_ws/firmware/mcu_ws/install/std_msgs/share/std_msgs/cmake/ament_cmake_export_targets-extras.cmake
-- Up-to-date: /home/microros/microros_ws/firmware/mcu_ws/install/std_msgs/share/std_msgs/cmake/ament_cmake_export_include_directories-extras.cmake
-- Up-to-date: /home/microros/microros_ws/firmware/mcu_ws/install/std_msgs/share/std_msgs/cmake/rosidl_cmake_export_typesupport_libraries-extras.cmake
-- Up-to-date: /home/microros/microros_ws/firmware/mcu_ws/install/std_msgs/share/std_msgs/cmake/std_msgsConfig.cmake
-- Up-to-date: /home/microros/microros_ws/firmware/mcu_ws/install/std_msgs/share/std_msgs/cmake/std_msgsConfig-version.cmake
-- Up-to-date: /home/microros/microros_ws/firmware/mcu_ws/install/std_msgs/share/std_msgs/package.xml
