make[4]: Entering directory '/home/microros/microros_ws/firmware/mcu_ws/build/unique_identifier_msgs'
/usr/bin/cmake -S/home/microros/microros_ws/firmware/mcu_ws/ros2/unique_identifier_msgs -B/home/microros/microros_ws/firmware/mcu_ws/build/unique_identifier_msgs --check-build-system CMakeFiles/Makefile.cmake 0
/usr/bin/cmake -E cmake_progress_start /home/microros/microros_ws/firmware/mcu_ws/build/unique_identifier_msgs/CMakeFiles /home/microros/microros_ws/firmware/mcu_ws/build/unique_identifier_msgs/CMakeFiles/progress.marks
/usr/bin/make -f CMakeFiles/Makefile2 all
make[5]: Entering directory '/home/microros/microros_ws/firmware/mcu_ws/build/unique_identifier_msgs'
/usr/bin/make -f CMakeFiles/unique_identifier_msgs__rosidl_generator_c.dir/build.make CMakeFiles/unique_identifier_msgs__rosidl_generator_c.dir/depend
make[6]: Entering directory '/home/microros/microros_ws/firmware/mcu_ws/build/unique_identifier_msgs'
cd /home/microros/microros_ws/firmware/mcu_ws/build/unique_identifier_msgs && /usr/bin/cmake -E cmake_depends "Unix Makefiles" /home/microros/microros_ws/firmware/mcu_ws/ros2/unique_identifier_msgs /home/microros/microros_ws/firmware/mcu_ws/ros2/unique_identifier_msgs /home/microros/microros_ws/firmware/mcu_ws/build/unique_identifier_msgs /home/microros/microros_ws/firmware/mcu_ws/build/unique_identifier_msgs /home/microros/microros_ws/firmware/mcu_ws/build/unique_identifier_msgs/CMakeFiles/unique_identifier_msgs__rosidl_generator_c.dir/DependInfo.cmake --color=
make[6]: Leaving directory '/home/microros/microros_ws/firmware/mcu_ws/build/unique_identifier_msgs'
/usr/bin/make -f CMakeFiles/unique_identifier_msgs__rosidl_generator_c.dir/build.make CMakeFiles/unique_identifier_msgs__rosidl_generator_c.dir/build
make[6]: Entering directory '/home/microros/microros_ws/firmware/mcu_ws/build/unique_identifier_msgs'
make[6]: Nothing to be done for 'CMakeFiles/unique_identifier_msgs__rosidl_generator_c.dir/build'.
make[6]: Leaving directory '/home/microros/microros_ws/firmware/mcu_ws/build/unique_identifier_msgs'
[ 33%] Built target unique_identifier_msgs__rosidl_generator_c
/usr/bin/make -f CMakeFiles/unique_identifier_msgs__rosidl_typesupport_microxrcedds_c.dir/build.make CMakeFiles/unique_identifier_msgs__rosidl_typesupport_microxrcedds_c.dir/depend
make[6]: Entering directory '/home/microros/microros_ws/firmware/mcu_ws/build/unique_identifier_msgs'
cd /home/microros/microros_ws/firmware/mcu_ws/build/unique_identifier_msgs && /usr/bin/cmake -E cmake_depends "Unix Makefiles" /home/microros/microros_ws/firmware/mcu_ws/ros2/unique_identifier_msgs /home/microros/microros_ws/firmware/mcu_ws/ros2/unique_identifier_msgs /home/microros/microros_ws/firmware/mcu_ws/build/unique_identifier_msgs /home/microros/microros_ws/firmware/mcu_ws/build/unique_identifier_msgs /home/microros/microros_ws/firmware/mcu_ws/build/unique_identifier_msgs/CMakeFiles/unique_identifier_msgs__rosidl_typesupport_microxrcedds_c.dir/DependInfo.cmake --color=
make[6]: Leaving directory '/home/microros/microros_ws/firmware/mcu_ws/build/unique_identifier_msgs'
/usr/bin/make -f CMakeFiles/unique_identifier_msgs__rosidl_typesupport_microxrcedds_c.dir/build.make CMakeFiles/unique_identifier_msgs__rosidl_typesupport_microxrcedds_c.dir/build
make[6]: Entering directory '/home/microros/microros_ws/firmware/mcu_ws/build/unique_identifier_msgs'
make[6]: Nothing to be done for 'CMakeFiles/unique_identifier_msgs__rosidl_typesupport_microxrcedds_c.dir/build'.
make[6]: Leaving directory '/home/microros/microros_ws/firmware/mcu_ws/build/unique_identifier_msgs'
[ 66%] Built target unique_identifier_msgs__rosidl_typesupport_microxrcedds_c
/usr/bin/make -f CMakeFiles/unique_identifier_msgs__rosidl_typesupport_c.dir/build.make CMakeFiles/unique_identifier_msgs__rosidl_typesupport_c.dir/depend
make[6]: Entering directory '/home/microros/microros_ws/firmware/mcu_ws/build/unique_identifier_msgs'
cd /home/microros/microros_ws/firmware/mcu_ws/build/unique_identifier_msgs && /usr/bin/cmake -E cmake_depends "Unix Makefiles" /home/microros/microros_ws/firmware/mcu_ws/ros2/unique_identifier_msgs /home/microros/microros_ws/firmware/mcu_ws/ros2/unique_identifier_msgs /home/microros/microros_ws/firmware/mcu_ws/build/unique_identifier_msgs /home/microros/microros_ws/firmware/mcu_ws/build/unique_identifier_msgs /home/microros/microros_ws/firmware/mcu_ws/build/unique_identifier_msgs/CMakeFiles/unique_identifier_msgs__rosidl_typesupport_c.dir/DependInfo.cmake --color=
make[6]: Leaving directory '/home/microros/microros_ws/firmware/mcu_ws/build/unique_identifier_msgs'
/usr/bin/make -f CMakeFiles/unique_identifier_msgs__rosidl_typesupport_c.dir/build.make CMakeFiles/unique_identifier_msgs__rosidl_typesupport_c.dir/build
make[6]: Entering directory '/home/microros/microros_ws/firmware/mcu_ws/build/unique_identifier_msgs'
make[6]: Nothing to be done for 'CMakeFiles/unique_identifier_msgs__rosidl_typesupport_c.dir/build'.
make[6]: Leaving directory '/home/microros/microros_ws/firmware/mcu_ws/build/unique_identifier_msgs'
[100%] Built target unique_identifier_msgs__rosidl_typesupport_c
/usr/bin/make -f CMakeFiles/unique_identifier_msgs.dir/build.make CMakeFiles/unique_identifier_msgs.dir/depend
make[6]: Entering directory '/home/microros/microros_ws/firmware/mcu_ws/build/unique_identifier_msgs'
cd /home/microros/microros_ws/firmware/mcu_ws/build/unique_identifier_msgs && /usr/bin/cmake -E cmake_depends "Unix Makefiles" /home/microros/microros_ws/firmware/mcu_ws/ros2/unique_identifier_msgs /home/microros/microros_ws/firmware/mcu_ws/ros2/unique_identifier_msgs /home/microros/microros_ws/firmware/mcu_ws/build/unique_identifier_msgs /home/microros/microros_ws/firmware/mcu_ws/build/unique_identifier_msgs /home/microros/microros_ws/firmware/mcu_ws/build/unique_identifier_msgs/CMakeFiles/unique_identifier_msgs.dir/DependInfo.cmake --color=
make[6]: Leaving directory '/home/microros/microros_ws/firmware/mcu_ws/build/unique_identifier_msgs'
/usr/bin/make -f CMakeFiles/unique_identifier_msgs.dir/build.make CMakeFiles/unique_identifier_msgs.dir/build
make[6]: Entering directory '/home/microros/microros_ws/firmware/mcu_ws/build/unique_identifier_msgs'
make[6]: Nothing to be done for 'CMakeFiles/unique_identifier_msgs.dir/build'.
make[6]: Leaving directory '/home/microros/microros_ws/firmware/mcu_ws/build/unique_identifier_msgs'
[100%] Built target unique_identifier_msgs
make[5]: Leaving directory '/home/microros/microros_ws/firmware/mcu_ws/build/unique_identifier_msgs'
/usr/bin/cmake -E cmake_progress_start /home/microros/microros_ws/firmware/mcu_ws/build/unique_identifier_msgs/CMakeFiles 0
make[4]: Leaving directory '/home/microros/microros_ws/firmware/mcu_ws/build/unique_identifier_msgs'
-- Install configuration: "RelWithDebInfo"
-- Up-to-date: /home/microros/microros_ws/firmware/mcu_ws/install/unique_identifier_msgs/share/ament_index/resource_index/rosidl_interfaces/unique_identifier_msgs
-- Up-to-date: /home/microros/microros_ws/firmware/mcu_ws/install/unique_identifier_msgs/include/unique_identifier_msgs
-- Up-to-date: /home/microros/microros_ws/firmware/mcu_ws/install/unique_identifier_msgs/include/unique_identifier_msgs/msg
-- Up-to-date: /home/microros/microros_ws/firmware/mcu_ws/install/unique_identifier_msgs/include/unique_identifier_msgs/msg/detail
-- Up-to-date: /home/microros/microros_ws/firmware/mcu_ws/install/unique_identifier_msgs/include/unique_identifier_msgs/msg/detail/uuid__type_support.h
-- Up-to-date: /home/microros/microros_ws/firmware/mcu_ws/install/unique_identifier_msgs/include/unique_identifier_msgs/msg/detail/uuid__functions.c
-- Up-to-date: /home/microros/microros_ws/firmware/mcu_ws/install/unique_identifier_msgs/include/unique_identifier_msgs/msg/detail/uuid__struct.h
-- Up-to-date: /home/microros/microros_ws/firmware/mcu_ws/install/unique_identifier_msgs/include/unique_identifier_msgs/msg/detail/uuid__functions.h
-- Up-to-date: /home/microros/microros_ws/firmware/mcu_ws/install/unique_identifier_msgs/include/unique_identifier_msgs/msg/uuid.h
-- Up-to-date: /home/microros/microros_ws/firmware/mcu_ws/install/unique_identifier_msgs/include/unique_identifier_msgs/msg/rosidl_generator_c__visibility_control.h
-- Up-to-date: /home/microros/microros_ws/firmware/mcu_ws/install/unique_identifier_msgs/share/unique_identifier_msgs/environment/library_path.sh
-- Up-to-date: /home/microros/microros_ws/firmware/mcu_ws/install/unique_identifier_msgs/share/unique_identifier_msgs/environment/library_path.dsv
-- Up-to-date: /home/microros/microros_ws/firmware/mcu_ws/install/unique_identifier_msgs/lib/libunique_identifier_msgs__rosidl_generator_c.a
-- Up-to-date: /home/microros/microros_ws/firmware/mcu_ws/install/unique_identifier_msgs/include/unique_identifier_msgs
-- Up-to-date: /home/microros/microros_ws/firmware/mcu_ws/install/unique_identifier_msgs/include/unique_identifier_msgs/msg
-- Up-to-date: /home/microros/microros_ws/firmware/mcu_ws/install/unique_identifier_msgs/include/unique_identifier_msgs/msg/detail
-- Up-to-date: /home/microros/microros_ws/firmware/mcu_ws/install/unique_identifier_msgs/include/unique_identifier_msgs/msg/detail/microxrcedds
-- Up-to-date: /home/microros/microros_ws/firmware/mcu_ws/install/unique_identifier_msgs/include/unique_identifier_msgs/msg/detail/uuid__rosidl_typesupport_microxrcedds_c.h
-- Up-to-date: /home/microros/microros_ws/firmware/mcu_ws/install/unique_identifier_msgs/include/unique_identifier_msgs/msg/rosidl_typesupport_microxrcedds_c__visibility_control.h
-- Up-to-date: /home/microros/microros_ws/firmware/mcu_ws/install/unique_identifier_msgs/lib/libunique_identifier_msgs__rosidl_typesupport_microxrcedds_c.a
-- Up-to-date: /home/microros/microros_ws/firmware/mcu_ws/install/unique_identifier_msgs/lib/libunique_identifier_msgs__rosidl_typesupport_c.a
-- Up-to-date: /home/microros/microros_ws/firmware/mcu_ws/install/unique_identifier_msgs/lib/libunique_identifier_msgs__rosidl_typesupport_microxrcedds_c.a
-- Up-to-date: /home/microros/microros_ws/firmware/mcu_ws/install/unique_identifier_msgs/share/unique_identifier_msgs/msg/UUID.idl
-- Up-to-date: /home/microros/microros_ws/firmware/mcu_ws/install/unique_identifier_msgs/share/unique_identifier_msgs/msg/UUID.msg
-- Up-to-date: /home/microros/microros_ws/firmware/mcu_ws/install/unique_identifier_msgs/share/ament_index/resource_index/package_run_dependencies/unique_identifier_msgs
-- Up-to-date: /home/microros/microros_ws/firmware/mcu_ws/install/unique_identifier_msgs/share/ament_index/resource_index/parent_prefix_path/unique_identifier_msgs
-- Up-to-date: /home/microros/microros_ws/firmware/mcu_ws/install/unique_identifier_msgs/share/unique_identifier_msgs/environment/ament_prefix_path.sh
-- Up-to-date: /home/microros/microros_ws/firmware/mcu_ws/install/unique_identifier_msgs/share/unique_identifier_msgs/environment/ament_prefix_path.dsv
-- Up-to-date: /home/microros/microros_ws/firmware/mcu_ws/install/unique_identifier_msgs/share/unique_identifier_msgs/environment/path.sh
-- Up-to-date: /home/microros/microros_ws/firmware/mcu_ws/install/unique_identifier_msgs/share/unique_identifier_msgs/environment/path.dsv
-- Up-to-date: /home/microros/microros_ws/firmware/mcu_ws/install/unique_identifier_msgs/share/unique_identifier_msgs/local_setup.bash
-- Up-to-date: /home/microros/microros_ws/firmware/mcu_ws/install/unique_identifier_msgs/share/unique_identifier_msgs/local_setup.sh
-- Up-to-date: /home/microros/microros_ws/firmware/mcu_ws/install/unique_identifier_msgs/share/unique_identifier_msgs/local_setup.zsh
-- Up-to-date: /home/microros/microros_ws/firmware/mcu_ws/install/unique_identifier_msgs/share/unique_identifier_msgs/local_setup.dsv
-- Installing: /home/microros/microros_ws/firmware/mcu_ws/install/unique_identifier_msgs/share/unique_identifier_msgs/package.dsv
-- Up-to-date: /home/microros/microros_ws/firmware/mcu_ws/install/unique_identifier_msgs/share/ament_index/resource_index/packages/unique_identifier_msgs
-- Up-to-date: /home/microros/microros_ws/firmware/mcu_ws/install/unique_identifier_msgs/share/unique_identifier_msgs/cmake/unique_identifier_msgs__rosidl_generator_cExport.cmake
-- Up-to-date: /home/microros/microros_ws/firmware/mcu_ws/install/unique_identifier_msgs/share/unique_identifier_msgs/cmake/unique_identifier_msgs__rosidl_generator_cExport-relwithdebinfo.cmake
-- Up-to-date: /home/microros/microros_ws/firmware/mcu_ws/install/unique_identifier_msgs/share/unique_identifier_msgs/cmake/unique_identifier_msgs__rosidl_typesupport_cExport.cmake
-- Up-to-date: /home/microros/microros_ws/firmware/mcu_ws/install/unique_identifier_msgs/share/unique_identifier_msgs/cmake/unique_identifier_msgs__rosidl_typesupport_cExport-relwithdebinfo.cmake
-- Up-to-date: /home/microros/microros_ws/firmware/mcu_ws/install/unique_identifier_msgs/share/unique_identifier_msgs/cmake/rosidl_cmake-extras.cmake
-- Up-to-date: /home/microros/microros_ws/firmware/mcu_ws/install/unique_identifier_msgs/share/unique_identifier_msgs/cmake/ament_cmake_export_dependencies-extras.cmake
-- Up-to-date: /home/microros/microros_ws/firmware/mcu_ws/install/unique_identifier_msgs/share/unique_identifier_msgs/cmake/ament_cmake_export_libraries-extras.cmake
-- Up-to-date: /home/microros/microros_ws/firmware/mcu_ws/install/unique_identifier_msgs/share/unique_identifier_msgs/cmake/ament_cmake_export_targets-extras.cmake
-- Up-to-date: /home/microros/microros_ws/firmware/mcu_ws/install/unique_identifier_msgs/share/unique_identifier_msgs/cmake/ament_cmake_export_include_directories-extras.cmake
-- Up-to-date: /home/microros/microros_ws/firmware/mcu_ws/install/unique_identifier_msgs/share/unique_identifier_msgs/cmake/rosidl_cmake_export_typesupport_libraries-extras.cmake
-- Up-to-date: /home/microros/microros_ws/firmware/mcu_ws/install/unique_identifier_msgs/share/unique_identifier_msgs/cmake/unique_identifier_msgsConfig.cmake
-- Up-to-date: /home/microros/microros_ws/firmware/mcu_ws/install/unique_identifier_msgs/share/unique_identifier_msgs/cmake/unique_identifier_msgsConfig-version.cmake
-- Up-to-date: /home/microros/microros_ws/firmware/mcu_ws/install/unique_identifier_msgs/share/unique_identifier_msgs/package.xml
-- Up-to-date: /home/microros/microros_ws/firmware/mcu_ws/install/unique_identifier_msgs/share/unique_identifier_msgs/mapping_rules.yaml
