make[4]: Entering directory '/home/microros/microros_ws/firmware/mcu_ws/build/rosidl_adapter'
/usr/bin/cmake -S/home/microros/microros_ws/firmware/mcu_ws/ros2/rosidl/rosidl_adapter -B/home/microros/microros_ws/firmware/mcu_ws/build/rosidl_adapter --check-build-system CMakeFiles/Makefile.cmake 0
/usr/bin/cmake -E cmake_progress_start /home/microros/microros_ws/firmware/mcu_ws/build/rosidl_adapter/CMakeFiles /home/microros/microros_ws/firmware/mcu_ws/build/rosidl_adapter/CMakeFiles/progress.marks
/usr/bin/make -f CMakeFiles/Makefile2 all
make[5]: Entering directory '/home/microros/microros_ws/firmware/mcu_ws/build/rosidl_adapter'
make[5]: Nothing to be done for 'all'.
make[5]: Leaving directory '/home/microros/microros_ws/firmware/mcu_ws/build/rosidl_adapter'
/usr/bin/cmake -E cmake_progress_start /home/microros/microros_ws/firmware/mcu_ws/build/rosidl_adapter/CMakeFiles 0
make[4]: Leaving directory '/home/microros/microros_ws/firmware/mcu_ws/build/rosidl_adapter'
-- Install configuration: "RelWithDebInfo"
-- Up-to-date: /home/microros/microros_ws/firmware/mcu_ws/install/rosidl_adapter/share/rosidl_adapter/environment/pythonpath.sh
-- Up-to-date: /home/microros/microros_ws/firmware/mcu_ws/install/rosidl_adapter/share/rosidl_adapter/environment/pythonpath.dsv
-- Up-to-date: /home/microros/microros_ws/firmware/mcu_ws/install/rosidl_adapter/lib/python3.8/site-packages/rosidl_adapter
-- Up-to-date: /home/microros/microros_ws/firmware/mcu_ws/install/rosidl_adapter/lib/python3.8/site-packages/rosidl_adapter/cli.py
-- Up-to-date: /home/microros/microros_ws/firmware/mcu_ws/install/rosidl_adapter/lib/python3.8/site-packages/rosidl_adapter/main.py
-- Up-to-date: /home/microros/microros_ws/firmware/mcu_ws/install/rosidl_adapter/lib/python3.8/site-packages/rosidl_adapter/msg
-- Up-to-date: /home/microros/microros_ws/firmware/mcu_ws/install/rosidl_adapter/lib/python3.8/site-packages/rosidl_adapter/msg/__init__.py
-- Up-to-date: /home/microros/microros_ws/firmware/mcu_ws/install/rosidl_adapter/lib/python3.8/site-packages/rosidl_adapter/parser.py
-- Up-to-date: /home/microros/microros_ws/firmware/mcu_ws/install/rosidl_adapter/lib/python3.8/site-packages/rosidl_adapter/__init__.py
-- Up-to-date: /home/microros/microros_ws/firmware/mcu_ws/install/rosidl_adapter/lib/python3.8/site-packages/rosidl_adapter/__main__.py
-- Up-to-date: /home/microros/microros_ws/firmware/mcu_ws/install/rosidl_adapter/lib/python3.8/site-packages/rosidl_adapter/srv
-- Up-to-date: /home/microros/microros_ws/firmware/mcu_ws/install/rosidl_adapter/lib/python3.8/site-packages/rosidl_adapter/srv/__init__.py
-- Up-to-date: /home/microros/microros_ws/firmware/mcu_ws/install/rosidl_adapter/lib/python3.8/site-packages/rosidl_adapter/resource
-- Up-to-date: /home/microros/microros_ws/firmware/mcu_ws/install/rosidl_adapter/lib/python3.8/site-packages/rosidl_adapter/resource/__init__.py
-- Up-to-date: /home/microros/microros_ws/firmware/mcu_ws/install/rosidl_adapter/lib/python3.8/site-packages/rosidl_adapter/resource/action.idl.em
-- Up-to-date: /home/microros/microros_ws/firmware/mcu_ws/install/rosidl_adapter/lib/python3.8/site-packages/rosidl_adapter/resource/struct.idl.em
-- Up-to-date: /home/microros/microros_ws/firmware/mcu_ws/install/rosidl_adapter/lib/python3.8/site-packages/rosidl_adapter/resource/msg.idl.em
-- Up-to-date: /home/microros/microros_ws/firmware/mcu_ws/install/rosidl_adapter/lib/python3.8/site-packages/rosidl_adapter/resource/srv.idl.em
-- Up-to-date: /home/microros/microros_ws/firmware/mcu_ws/install/rosidl_adapter/lib/python3.8/site-packages/rosidl_adapter/action
-- Up-to-date: /home/microros/microros_ws/firmware/mcu_ws/install/rosidl_adapter/lib/python3.8/site-packages/rosidl_adapter/action/__init__.py
Listing '/home/microros/microros_ws/firmware/mcu_ws/install/rosidl_adapter/lib/python3.8/site-packages/rosidl_adapter'...
Listing '/home/microros/microros_ws/firmware/mcu_ws/install/rosidl_adapter/lib/python3.8/site-packages/rosidl_adapter/action'...
Listing '/home/microros/microros_ws/firmware/mcu_ws/install/rosidl_adapter/lib/python3.8/site-packages/rosidl_adapter/msg'...
Listing '/home/microros/microros_ws/firmware/mcu_ws/install/rosidl_adapter/lib/python3.8/site-packages/rosidl_adapter/resource'...
Listing '/home/microros/microros_ws/firmware/mcu_ws/install/rosidl_adapter/lib/python3.8/site-packages/rosidl_adapter/srv'...
-- Up-to-date: /home/microros/microros_ws/firmware/mcu_ws/install/rosidl_adapter/share/ament_index/resource_index/package_run_dependencies/rosidl_adapter
-- Up-to-date: /home/microros/microros_ws/firmware/mcu_ws/install/rosidl_adapter/share/ament_index/resource_index/parent_prefix_path/rosidl_adapter
-- Up-to-date: /home/microros/microros_ws/firmware/mcu_ws/install/rosidl_adapter/share/rosidl_adapter/environment/ament_prefix_path.sh
-- Up-to-date: /home/microros/microros_ws/firmware/mcu_ws/install/rosidl_adapter/share/rosidl_adapter/environment/ament_prefix_path.dsv
-- Up-to-date: /home/microros/microros_ws/firmware/mcu_ws/install/rosidl_adapter/share/rosidl_adapter/environment/path.sh
-- Up-to-date: /home/microros/microros_ws/firmware/mcu_ws/install/rosidl_adapter/share/rosidl_adapter/environment/path.dsv
-- Up-to-date: /home/microros/microros_ws/firmware/mcu_ws/install/rosidl_adapter/share/rosidl_adapter/local_setup.bash
-- Up-to-date: /home/microros/microros_ws/firmware/mcu_ws/install/rosidl_adapter/share/rosidl_adapter/local_setup.sh
-- Up-to-date: /home/microros/microros_ws/firmware/mcu_ws/install/rosidl_adapter/share/rosidl_adapter/local_setup.zsh
-- Up-to-date: /home/microros/microros_ws/firmware/mcu_ws/install/rosidl_adapter/share/rosidl_adapter/local_setup.dsv
-- Up-to-date: /home/microros/microros_ws/firmware/mcu_ws/install/rosidl_adapter/share/rosidl_adapter/package.dsv
-- Up-to-date: /home/microros/microros_ws/firmware/mcu_ws/install/rosidl_adapter/share/ament_index/resource_index/packages/rosidl_adapter
-- Up-to-date: /home/microros/microros_ws/firmware/mcu_ws/install/rosidl_adapter/share/rosidl_adapter/cmake/rosidl_adapter-extras.cmake
-- Up-to-date: /home/microros/microros_ws/firmware/mcu_ws/install/rosidl_adapter/share/rosidl_adapter/cmake/rosidl_adapterConfig.cmake
-- Up-to-date: /home/microros/microros_ws/firmware/mcu_ws/install/rosidl_adapter/share/rosidl_adapter/cmake/rosidl_adapterConfig-version.cmake
-- Up-to-date: /home/microros/microros_ws/firmware/mcu_ws/install/rosidl_adapter/share/rosidl_adapter/package.xml
-- Up-to-date: /home/microros/microros_ws/firmware/mcu_ws/install/rosidl_adapter/share/rosidl_adapter/cmake
-- Up-to-date: /home/microros/microros_ws/firmware/mcu_ws/install/rosidl_adapter/share/rosidl_adapter/cmake/rosidl_adapt_interfaces.cmake
-- Up-to-date: /home/microros/microros_ws/firmware/mcu_ws/install/rosidl_adapter/lib/rosidl_adapter/msg2idl.py
-- Up-to-date: /home/microros/microros_ws/firmware/mcu_ws/install/rosidl_adapter/lib/rosidl_adapter/srv2idl.py
