make[3]: Entering directory '/home/microros/microros_ws/firmware/mcu_ws/build/rosidl_parser'
/usr/bin/cmake -S/home/microros/microros_ws/firmware/mcu_ws/ros2/rosidl/rosidl_parser -B/home/microros/microros_ws/firmware/mcu_ws/build/rosidl_parser --check-build-system CMakeFiles/Makefile.cmake 0
/usr/bin/cmake -E cmake_progress_start /home/microros/microros_ws/firmware/mcu_ws/build/rosidl_parser/CMakeFiles /home/microros/microros_ws/firmware/mcu_ws/build/rosidl_parser/CMakeFiles/progress.marks
/usr/bin/make -f CMakeFiles/Makefile2 all
make[4]: Entering directory '/home/microros/microros_ws/firmware/mcu_ws/build/rosidl_parser'
make[4]: Nothing to be done for 'all'.
make[4]: Leaving directory '/home/microros/microros_ws/firmware/mcu_ws/build/rosidl_parser'
/usr/bin/cmake -E cmake_progress_start /home/microros/microros_ws/firmware/mcu_ws/build/rosidl_parser/CMakeFiles 0
make[3]: Leaving directory '/home/microros/microros_ws/firmware/mcu_ws/build/rosidl_parser'
-- Install configuration: "RelWithDebInfo"
-- Up-to-date: /home/microros/microros_ws/firmware/mcu_ws/install/rosidl_parser/share/rosidl_parser/environment/pythonpath.sh
-- Up-to-date: /home/microros/microros_ws/firmware/mcu_ws/install/rosidl_parser/share/rosidl_parser/environment/pythonpath.dsv
-- Up-to-date: /home/microros/microros_ws/firmware/mcu_ws/install/rosidl_parser/lib/python3.8/site-packages/rosidl_parser
-- Up-to-date: /home/microros/microros_ws/firmware/mcu_ws/install/rosidl_parser/lib/python3.8/site-packages/rosidl_parser/grammar.lark
-- Up-to-date: /home/microros/microros_ws/firmware/mcu_ws/install/rosidl_parser/lib/python3.8/site-packages/rosidl_parser/parser.py
-- Up-to-date: /home/microros/microros_ws/firmware/mcu_ws/install/rosidl_parser/lib/python3.8/site-packages/rosidl_parser/__init__.py
-- Up-to-date: /home/microros/microros_ws/firmware/mcu_ws/install/rosidl_parser/lib/python3.8/site-packages/rosidl_parser/definition.py
Listing '/home/microros/microros_ws/firmware/mcu_ws/install/rosidl_parser/lib/python3.8/site-packages/rosidl_parser'...
-- Up-to-date: /home/microros/microros_ws/firmware/mcu_ws/install/rosidl_parser/share/ament_index/resource_index/package_run_dependencies/rosidl_parser
-- Up-to-date: /home/microros/microros_ws/firmware/mcu_ws/install/rosidl_parser/share/ament_index/resource_index/parent_prefix_path/rosidl_parser
-- Up-to-date: /home/microros/microros_ws/firmware/mcu_ws/install/rosidl_parser/share/rosidl_parser/environment/ament_prefix_path.sh
-- Up-to-date: /home/microros/microros_ws/firmware/mcu_ws/install/rosidl_parser/share/rosidl_parser/environment/ament_prefix_path.dsv
-- Up-to-date: /home/microros/microros_ws/firmware/mcu_ws/install/rosidl_parser/share/rosidl_parser/environment/path.sh
-- Up-to-date: /home/microros/microros_ws/firmware/mcu_ws/install/rosidl_parser/share/rosidl_parser/environment/path.dsv
-- Up-to-date: /home/microros/microros_ws/firmware/mcu_ws/install/rosidl_parser/share/rosidl_parser/local_setup.bash
-- Up-to-date: /home/microros/microros_ws/firmware/mcu_ws/install/rosidl_parser/share/rosidl_parser/local_setup.sh
-- Up-to-date: /home/microros/microros_ws/firmware/mcu_ws/install/rosidl_parser/share/rosidl_parser/local_setup.zsh
-- Up-to-date: /home/microros/microros_ws/firmware/mcu_ws/install/rosidl_parser/share/rosidl_parser/local_setup.dsv
-- Installing: /home/microros/microros_ws/firmware/mcu_ws/install/rosidl_parser/share/rosidl_parser/package.dsv
-- Up-to-date: /home/microros/microros_ws/firmware/mcu_ws/install/rosidl_parser/share/ament_index/resource_index/packages/rosidl_parser
-- Up-to-date: /home/microros/microros_ws/firmware/mcu_ws/install/rosidl_parser/share/rosidl_parser/cmake/rosidl_parserConfig.cmake
-- Up-to-date: /home/microros/microros_ws/firmware/mcu_ws/install/rosidl_parser/share/rosidl_parser/cmake/rosidl_parserConfig-version.cmake
-- Up-to-date: /home/microros/microros_ws/firmware/mcu_ws/install/rosidl_parser/share/rosidl_parser/package.xml
-- Up-to-date: /home/microros/microros_ws/firmware/mcu_ws/install/rosidl_parser/lib/rosidl_parser/idl2png
