make[4]: Entering directory '/home/microros/microros_ws/firmware/mcu_ws/build/rcl'
/usr/bin/cmake -S/home/microros/microros_ws/firmware/mcu_ws/uros/rcl/rcl -B/home/microros/microros_ws/firmware/mcu_ws/build/rcl --check-build-system CMakeFiles/Makefile.cmake 0
/usr/bin/cmake -E cmake_progress_start /home/microros/microros_ws/firmware/mcu_ws/build/rcl/CMakeFiles /home/microros/microros_ws/firmware/mcu_ws/build/rcl/CMakeFiles/progress.marks
/usr/bin/make -f CMakeFiles/Makefile2 all
make[5]: Entering directory '/home/microros/microros_ws/firmware/mcu_ws/build/rcl'
/usr/bin/make -f CMakeFiles/rcl.dir/build.make CMakeFiles/rcl.dir/depend
make[6]: Entering directory '/home/microros/microros_ws/firmware/mcu_ws/build/rcl'
cd /home/microros/microros_ws/firmware/mcu_ws/build/rcl && /usr/bin/cmake -E cmake_depends "Unix Makefiles" /home/microros/microros_ws/firmware/mcu_ws/uros/rcl/rcl /home/microros/microros_ws/firmware/mcu_ws/uros/rcl/rcl /home/microros/microros_ws/firmware/mcu_ws/build/rcl /home/microros/microros_ws/firmware/mcu_ws/build/rcl /home/microros/microros_ws/firmware/mcu_ws/build/rcl/CMakeFiles/rcl.dir/DependInfo.cmake --color=
make[6]: Leaving directory '/home/microros/microros_ws/firmware/mcu_ws/build/rcl'
/usr/bin/make -f CMakeFiles/rcl.dir/build.make CMakeFiles/rcl.dir/build
make[6]: Entering directory '/home/microros/microros_ws/firmware/mcu_ws/build/rcl'
make[6]: Nothing to be done for 'CMakeFiles/rcl.dir/build'.
make[6]: Leaving directory '/home/microros/microros_ws/firmware/mcu_ws/build/rcl'
[100%] Built target rcl
make[5]: Leaving directory '/home/microros/microros_ws/firmware/mcu_ws/build/rcl'
/usr/bin/cmake -E cmake_progress_start /home/microros/microros_ws/firmware/mcu_ws/build/rcl/CMakeFiles 0
make[4]: Leaving directory '/home/microros/microros_ws/firmware/mcu_ws/build/rcl'
-- Install configuration: "RelWithDebInfo"
-- Up-to-date: /home/microros/microros_ws/firmware/mcu_ws/install/rcl/lib/librcl.a
-- Up-to-date: /home/microros/microros_ws/firmware/mcu_ws/install/rcl/share/rcl/environment/library_path.sh
-- Up-to-date: /home/microros/microros_ws/firmware/mcu_ws/install/rcl/share/rcl/environment/library_path.dsv
-- Up-to-date: /home/microros/microros_ws/firmware/mcu_ws/install/rcl/share/ament_index/resource_index/package_run_dependencies/rcl
-- Up-to-date: /home/microros/microros_ws/firmware/mcu_ws/install/rcl/share/ament_index/resource_index/parent_prefix_path/rcl
-- Up-to-date: /home/microros/microros_ws/firmware/mcu_ws/install/rcl/share/rcl/environment/ament_prefix_path.sh
-- Up-to-date: /home/microros/microros_ws/firmware/mcu_ws/install/rcl/share/rcl/environment/ament_prefix_path.dsv
-- Up-to-date: /home/microros/microros_ws/firmware/mcu_ws/install/rcl/share/rcl/environment/path.sh
-- Up-to-date: /home/microros/microros_ws/firmware/mcu_ws/install/rcl/share/rcl/environment/path.dsv
-- Up-to-date: /home/microros/microros_ws/firmware/mcu_ws/install/rcl/share/rcl/local_setup.bash
-- Up-to-date: /home/microros/microros_ws/firmware/mcu_ws/install/rcl/share/rcl/local_setup.sh
-- Up-to-date: /home/microros/microros_ws/firmware/mcu_ws/install/rcl/share/rcl/local_setup.zsh
-- Up-to-date: /home/microros/microros_ws/firmware/mcu_ws/install/rcl/share/rcl/local_setup.dsv
-- Installing: /home/microros/microros_ws/firmware/mcu_ws/install/rcl/share/rcl/package.dsv
-- Up-to-date: /home/microros/microros_ws/firmware/mcu_ws/install/rcl/share/ament_index/resource_index/packages/rcl
-- Up-to-date: /home/microros/microros_ws/firmware/mcu_ws/install/rcl/share/rcl/cmake/rclExport.cmake
-- Up-to-date: /home/microros/microros_ws/firmware/mcu_ws/install/rcl/share/rcl/cmake/rclExport-relwithdebinfo.cmake
-- Up-to-date: /home/microros/microros_ws/firmware/mcu_ws/install/rcl/share/rcl/cmake/rcl-extras.cmake
-- Up-to-date: /home/microros/microros_ws/firmware/mcu_ws/install/rcl/share/rcl/cmake/ament_cmake_export_include_directories-extras.cmake
-- Up-to-date: /home/microros/microros_ws/firmware/mcu_ws/install/rcl/share/rcl/cmake/ament_cmake_export_libraries-extras.cmake
-- Up-to-date: /home/microros/microros_ws/firmware/mcu_ws/install/rcl/share/rcl/cmake/ament_cmake_export_targets-extras.cmake
-- Up-to-date: /home/microros/microros_ws/firmware/mcu_ws/install/rcl/share/rcl/cmake/ament_cmake_export_dependencies-extras.cmake
-- Up-to-date: /home/microros/microros_ws/firmware/mcu_ws/install/rcl/share/rcl/cmake/rclConfig.cmake
-- Up-to-date: /home/microros/microros_ws/firmware/mcu_ws/install/rcl/share/rcl/cmake/rclConfig-version.cmake
-- Up-to-date: /home/microros/microros_ws/firmware/mcu_ws/install/rcl/share/rcl/package.xml
-- Up-to-date: /home/microros/microros_ws/firmware/mcu_ws/install/rcl/share/rcl/cmake
-- Up-to-date: /home/microros/microros_ws/firmware/mcu_ws/install/rcl/share/rcl/cmake/get_default_rcl_logging_implementation.cmake
-- Up-to-date: /home/microros/microros_ws/firmware/mcu_ws/install/rcl/share/rcl/cmake/rcl_set_symbol_visibility_hidden.cmake
-- Up-to-date: /home/microros/microros_ws/firmware/mcu_ws/install/rcl/include
-- Up-to-date: /home/microros/microros_ws/firmware/mcu_ws/install/rcl/include/rcl
-- Up-to-date: /home/microros/microros_ws/firmware/mcu_ws/install/rcl/include/rcl/time.h
-- Up-to-date: /home/microros/microros_ws/firmware/mcu_ws/install/rcl/include/rcl/validate_enclave_name.h
-- Up-to-date: /home/microros/microros_ws/firmware/mcu_ws/install/rcl/include/rcl/guard_condition.h
-- Up-to-date: /home/microros/microros_ws/firmware/mcu_ws/install/rcl/include/rcl/init.h
-- Up-to-date: /home/microros/microros_ws/firmware/mcu_ws/install/rcl/include/rcl/error_handling.h
-- Up-to-date: /home/microros/microros_ws/firmware/mcu_ws/install/rcl/include/rcl/context.h
-- Up-to-date: /home/microros/microros_ws/firmware/mcu_ws/install/rcl/include/rcl/graph.h
-- Up-to-date: /home/microros/microros_ws/firmware/mcu_ws/install/rcl/include/rcl/client.h
-- Up-to-date: /home/microros/microros_ws/firmware/mcu_ws/install/rcl/include/rcl/init_options.h
-- Up-to-date: /home/microros/microros_ws/firmware/mcu_ws/install/rcl/include/rcl/domain_id.h
-- Up-to-date: /home/microros/microros_ws/firmware/mcu_ws/install/rcl/include/rcl/timer.h
-- Up-to-date: /home/microros/microros_ws/firmware/mcu_ws/install/rcl/include/rcl/rcl.h
-- Up-to-date: /home/microros/microros_ws/firmware/mcu_ws/install/rcl/include/rcl/arguments.h
-- Up-to-date: /home/microros/microros_ws/firmware/mcu_ws/install/rcl/include/rcl/wait.h
-- Up-to-date: /home/microros/microros_ws/firmware/mcu_ws/install/rcl/include/rcl/remap.h
-- Up-to-date: /home/microros/microros_ws/firmware/mcu_ws/install/rcl/include/rcl/event.h
-- Up-to-date: /home/microros/microros_ws/firmware/mcu_ws/install/rcl/include/rcl/logging_external_interface.h
-- Up-to-date: /home/microros/microros_ws/firmware/mcu_ws/install/rcl/include/rcl/security.h
-- Up-to-date: /home/microros/microros_ws/firmware/mcu_ws/install/rcl/include/rcl/service.h
-- Up-to-date: /home/microros/microros_ws/firmware/mcu_ws/install/rcl/include/rcl/lexer.h
-- Up-to-date: /home/microros/microros_ws/firmware/mcu_ws/install/rcl/include/rcl/types.h
-- Up-to-date: /home/microros/microros_ws/firmware/mcu_ws/install/rcl/include/rcl/visibility_control.h
-- Up-to-date: /home/microros/microros_ws/firmware/mcu_ws/install/rcl/include/rcl/macros.h
-- Up-to-date: /home/microros/microros_ws/firmware/mcu_ws/install/rcl/include/rcl/logging.h
-- Up-to-date: /home/microros/microros_ws/firmware/mcu_ws/install/rcl/include/rcl/node.h
-- Up-to-date: /home/microros/microros_ws/firmware/mcu_ws/install/rcl/include/rcl/publisher.h
-- Up-to-date: /home/microros/microros_ws/firmware/mcu_ws/install/rcl/include/rcl/node_options.h
-- Up-to-date: /home/microros/microros_ws/firmware/mcu_ws/install/rcl/include/rcl/subscription.h
-- Up-to-date: /home/microros/microros_ws/firmware/mcu_ws/install/rcl/include/rcl/localhost.h
-- Up-to-date: /home/microros/microros_ws/firmware/mcu_ws/install/rcl/include/rcl/validate_topic_name.h
-- Up-to-date: /home/microros/microros_ws/firmware/mcu_ws/install/rcl/include/rcl/expand_topic_name.h
-- Up-to-date: /home/microros/microros_ws/firmware/mcu_ws/install/rcl/include/rcl/allocator.h
-- Up-to-date: /home/microros/microros_ws/firmware/mcu_ws/install/rcl/include/rcl/lexer_lookahead.h
-- Up-to-date: /home/microros/microros_ws/firmware/mcu_ws/install/rcl/include/rcl/logging_rosout.h
