-- The C compiler identification is GNU 9.2.1
-- The CXX compiler identification is GNU 9.2.1
-- Check for working C compiler: /usr/bin/arm-none-eabi-gcc
-- Check for working C compiler: /usr/bin/arm-none-eabi-gcc -- works
-- Detecting C compiler ABI info
-- Detecting C compiler ABI info - done
-- Detecting C compile features
-- Detecting C compile features - done
-- Check for working CXX compiler: /usr/bin/arm-none-eabi-g++
-- Check for working CXX compiler: /usr/bin/arm-none-eabi-g++ -- works
-- Detecting CXX compiler ABI info
-- Detecting CXX compiler ABI info - done
-- Detecting CXX compile features
-- Detecting CXX compile features - done
-- Found ament_cmake_ros: 0.9.0 (/home/microros/microros_ws/firmware/dev_ws/install/ament_cmake_ros/share/ament_cmake_ros/cmake)
-- Found PythonInterp: /usr/bin/python3 (found suitable version "3.8.2", minimum required is "3") 
-- Using PYTHON_EXECUTABLE: /usr/bin/python3
-- Found rcutils: 1.1.0 (/home/microros/microros_ws/firmware/mcu_ws/install/rcutils/share/rcutils/cmake)
-- Configuring done
-- Generating done
-- Build files have been written to: /home/microros/microros_ws/firmware/mcu_ws/build/rcl_logging_noop
make[4]: Entering directory '/home/microros/microros_ws/firmware/mcu_ws/build/rcl_logging_noop'
/usr/bin/cmake -S/home/microros/microros_ws/firmware/mcu_ws/ros2/rcl_logging/rcl_logging_noop -B/home/microros/microros_ws/firmware/mcu_ws/build/rcl_logging_noop --check-build-system CMakeFiles/Makefile.cmake 0
/usr/bin/cmake -E cmake_progress_start /home/microros/microros_ws/firmware/mcu_ws/build/rcl_logging_noop/CMakeFiles /home/microros/microros_ws/firmware/mcu_ws/build/rcl_logging_noop/CMakeFiles/progress.marks
/usr/bin/make -f CMakeFiles/Makefile2 all
make[5]: Entering directory '/home/microros/microros_ws/firmware/mcu_ws/build/rcl_logging_noop'
/usr/bin/make -f CMakeFiles/rcl_logging_noop.dir/build.make CMakeFiles/rcl_logging_noop.dir/depend
make[6]: Entering directory '/home/microros/microros_ws/firmware/mcu_ws/build/rcl_logging_noop'
cd /home/microros/microros_ws/firmware/mcu_ws/build/rcl_logging_noop && /usr/bin/cmake -E cmake_depends "Unix Makefiles" /home/microros/microros_ws/firmware/mcu_ws/ros2/rcl_logging/rcl_logging_noop /home/microros/microros_ws/firmware/mcu_ws/ros2/rcl_logging/rcl_logging_noop /home/microros/microros_ws/firmware/mcu_ws/build/rcl_logging_noop /home/microros/microros_ws/firmware/mcu_ws/build/rcl_logging_noop /home/microros/microros_ws/firmware/mcu_ws/build/rcl_logging_noop/CMakeFiles/rcl_logging_noop.dir/DependInfo.cmake --color=
Dependee "/home/microros/microros_ws/firmware/mcu_ws/build/rcl_logging_noop/CMakeFiles/rcl_logging_noop.dir/DependInfo.cmake" is newer than depender "/home/microros/microros_ws/firmware/mcu_ws/build/rcl_logging_noop/CMakeFiles/rcl_logging_noop.dir/depend.internal".
Dependee "/home/microros/microros_ws/firmware/mcu_ws/build/rcl_logging_noop/CMakeFiles/CMakeDirectoryInformation.cmake" is newer than depender "/home/microros/microros_ws/firmware/mcu_ws/build/rcl_logging_noop/CMakeFiles/rcl_logging_noop.dir/depend.internal".
[35m[1mScanning dependencies of target rcl_logging_noop[0m
make[6]: Leaving directory '/home/microros/microros_ws/firmware/mcu_ws/build/rcl_logging_noop'
/usr/bin/make -f CMakeFiles/rcl_logging_noop.dir/build.make CMakeFiles/rcl_logging_noop.dir/build
make[6]: Entering directory '/home/microros/microros_ws/firmware/mcu_ws/build/rcl_logging_noop'
[ 50%] [32mBuilding CXX object CMakeFiles/rcl_logging_noop.dir/src/rcl_logging_noop/rcl_logging_noop.cpp.obj[0m
/usr/bin/arm-none-eabi-g++ --sysroot=/home/microros/microros_ws/firmware/NuttX/..  -DROS_PACKAGE_NAME=\"rcl_logging_noop\" -isystem /home/microros/microros_ws/firmware/NuttX/include -isystem /home/microros/microros_ws/firmware/NuttX/include/cxx -isystem /home/microros/microros_ws/firmware/NuttX/include/uClibc++ -isystem /home/microros/microros_ws/firmware/mcu_ws/install/rcutils/include -isystem /home/microros/microros_ws/firmware/mcu_ws/install/tinydir_vendor/share/tinydir_vendor/cmake/../../../include  -std=c++14 -Dunix=1 -mcpu=cortex-m4 -mthumb -mfloat-abi=soft -Os -fno-strict-aliasing -fno-strength-reduce -fomit-frame-pointer -O2 -g -DNDEBUG -fPIC   -Wall -Wextra -Wpedantic -std=gnu++14 -o CMakeFiles/rcl_logging_noop.dir/src/rcl_logging_noop/rcl_logging_noop.cpp.obj -c /home/microros/microros_ws/firmware/mcu_ws/ros2/rcl_logging/rcl_logging_noop/src/rcl_logging_noop/rcl_logging_noop.cpp
[100%] [32m[1mLinking CXX static library librcl_logging_noop.a[0m
/usr/bin/cmake -P CMakeFiles/rcl_logging_noop.dir/cmake_clean_target.cmake
/usr/bin/cmake -E cmake_link_script CMakeFiles/rcl_logging_noop.dir/link.txt --verbose=1
/usr/bin/arm-none-eabi-ar qc librcl_logging_noop.a  CMakeFiles/rcl_logging_noop.dir/src/rcl_logging_noop/rcl_logging_noop.cpp.obj
/usr/bin/arm-none-eabi-ranlib librcl_logging_noop.a
make[6]: Leaving directory '/home/microros/microros_ws/firmware/mcu_ws/build/rcl_logging_noop'
[100%] Built target rcl_logging_noop
make[5]: Leaving directory '/home/microros/microros_ws/firmware/mcu_ws/build/rcl_logging_noop'
/usr/bin/cmake -E cmake_progress_start /home/microros/microros_ws/firmware/mcu_ws/build/rcl_logging_noop/CMakeFiles 0
make[4]: Leaving directory '/home/microros/microros_ws/firmware/mcu_ws/build/rcl_logging_noop'
-- Install configuration: "RelWithDebInfo"
-- Installing: /home/microros/microros_ws/firmware/mcu_ws/install/rcl_logging_noop/lib/librcl_logging_noop.a
-- Installing: /home/microros/microros_ws/firmware/mcu_ws/install/rcl_logging_noop/share/rcl_logging_noop/environment/library_path.sh
-- Installing: /home/microros/microros_ws/firmware/mcu_ws/install/rcl_logging_noop/share/rcl_logging_noop/environment/library_path.dsv
-- Installing: /home/microros/microros_ws/firmware/mcu_ws/install/rcl_logging_noop/share/ament_index/resource_index/package_run_dependencies/rcl_logging_noop
-- Installing: /home/microros/microros_ws/firmware/mcu_ws/install/rcl_logging_noop/share/ament_index/resource_index/parent_prefix_path/rcl_logging_noop
-- Installing: /home/microros/microros_ws/firmware/mcu_ws/install/rcl_logging_noop/share/rcl_logging_noop/environment/ament_prefix_path.sh
-- Installing: /home/microros/microros_ws/firmware/mcu_ws/install/rcl_logging_noop/share/rcl_logging_noop/environment/ament_prefix_path.dsv
-- Installing: /home/microros/microros_ws/firmware/mcu_ws/install/rcl_logging_noop/share/rcl_logging_noop/environment/path.sh
-- Installing: /home/microros/microros_ws/firmware/mcu_ws/install/rcl_logging_noop/share/rcl_logging_noop/environment/path.dsv
-- Installing: /home/microros/microros_ws/firmware/mcu_ws/install/rcl_logging_noop/share/rcl_logging_noop/local_setup.bash
-- Installing: /home/microros/microros_ws/firmware/mcu_ws/install/rcl_logging_noop/share/rcl_logging_noop/local_setup.sh
-- Installing: /home/microros/microros_ws/firmware/mcu_ws/install/rcl_logging_noop/share/rcl_logging_noop/local_setup.zsh
-- Installing: /home/microros/microros_ws/firmware/mcu_ws/install/rcl_logging_noop/share/rcl_logging_noop/local_setup.dsv
-- Installing: /home/microros/microros_ws/firmware/mcu_ws/install/rcl_logging_noop/share/rcl_logging_noop/package.dsv
-- Installing: /home/microros/microros_ws/firmware/mcu_ws/install/rcl_logging_noop/share/ament_index/resource_index/packages/rcl_logging_noop
-- Installing: /home/microros/microros_ws/firmware/mcu_ws/install/rcl_logging_noop/share/rcl_logging_noop/cmake/ament_cmake_export_dependencies-extras.cmake
-- Installing: /home/microros/microros_ws/firmware/mcu_ws/install/rcl_logging_noop/share/rcl_logging_noop/cmake/ament_cmake_export_libraries-extras.cmake
-- Installing: /home/microros/microros_ws/firmware/mcu_ws/install/rcl_logging_noop/share/rcl_logging_noop/cmake/rcl_logging_noopConfig.cmake
-- Installing: /home/microros/microros_ws/firmware/mcu_ws/install/rcl_logging_noop/share/rcl_logging_noop/cmake/rcl_logging_noopConfig-version.cmake
-- Installing: /home/microros/microros_ws/firmware/mcu_ws/install/rcl_logging_noop/share/rcl_logging_noop/package.xml
