make[3]: Entering directory '/home/microros/microros_ws/firmware/mcu_ws/build/std_srvs'
/usr/bin/cmake -S/home/microros/microros_ws/firmware/mcu_ws/ros2/common_interfaces/std_srvs -B/home/microros/microros_ws/firmware/mcu_ws/build/std_srvs --check-build-system CMakeFiles/Makefile.cmake 0
/usr/bin/cmake -E cmake_progress_start /home/microros/microros_ws/firmware/mcu_ws/build/std_srvs/CMakeFiles /home/microros/microros_ws/firmware/mcu_ws/build/std_srvs/CMakeFiles/progress.marks
/usr/bin/make -f CMakeFiles/Makefile2 all
make[4]: Entering directory '/home/microros/microros_ws/firmware/mcu_ws/build/std_srvs'
/usr/bin/make -f CMakeFiles/std_srvs__rosidl_generator_c.dir/build.make CMakeFiles/std_srvs__rosidl_generator_c.dir/depend
make[5]: Entering directory '/home/microros/microros_ws/firmware/mcu_ws/build/std_srvs'
cd /home/microros/microros_ws/firmware/mcu_ws/build/std_srvs && /usr/bin/cmake -E cmake_depends "Unix Makefiles" /home/microros/microros_ws/firmware/mcu_ws/ros2/common_interfaces/std_srvs /home/microros/microros_ws/firmware/mcu_ws/ros2/common_interfaces/std_srvs /home/microros/microros_ws/firmware/mcu_ws/build/std_srvs /home/microros/microros_ws/firmware/mcu_ws/build/std_srvs /home/microros/microros_ws/firmware/mcu_ws/build/std_srvs/CMakeFiles/std_srvs__rosidl_generator_c.dir/DependInfo.cmake --color=
make[5]: Leaving directory '/home/microros/microros_ws/firmware/mcu_ws/build/std_srvs'
/usr/bin/make -f CMakeFiles/std_srvs__rosidl_generator_c.dir/build.make CMakeFiles/std_srvs__rosidl_generator_c.dir/build
make[5]: Entering directory '/home/microros/microros_ws/firmware/mcu_ws/build/std_srvs'
make[5]: Nothing to be done for 'CMakeFiles/std_srvs__rosidl_generator_c.dir/build'.
make[5]: Leaving directory '/home/microros/microros_ws/firmware/mcu_ws/build/std_srvs'
[ 33%] Built target std_srvs__rosidl_generator_c
/usr/bin/make -f CMakeFiles/std_srvs__rosidl_typesupport_microxrcedds_c.dir/build.make CMakeFiles/std_srvs__rosidl_typesupport_microxrcedds_c.dir/depend
make[5]: Entering directory '/home/microros/microros_ws/firmware/mcu_ws/build/std_srvs'
cd /home/microros/microros_ws/firmware/mcu_ws/build/std_srvs && /usr/bin/cmake -E cmake_depends "Unix Makefiles" /home/microros/microros_ws/firmware/mcu_ws/ros2/common_interfaces/std_srvs /home/microros/microros_ws/firmware/mcu_ws/ros2/common_interfaces/std_srvs /home/microros/microros_ws/firmware/mcu_ws/build/std_srvs /home/microros/microros_ws/firmware/mcu_ws/build/std_srvs /home/microros/microros_ws/firmware/mcu_ws/build/std_srvs/CMakeFiles/std_srvs__rosidl_typesupport_microxrcedds_c.dir/DependInfo.cmake --color=
make[5]: Leaving directory '/home/microros/microros_ws/firmware/mcu_ws/build/std_srvs'
/usr/bin/make -f CMakeFiles/std_srvs__rosidl_typesupport_microxrcedds_c.dir/build.make CMakeFiles/std_srvs__rosidl_typesupport_microxrcedds_c.dir/build
make[5]: Entering directory '/home/microros/microros_ws/firmware/mcu_ws/build/std_srvs'
make[5]: Nothing to be done for 'CMakeFiles/std_srvs__rosidl_typesupport_microxrcedds_c.dir/build'.
make[5]: Leaving directory '/home/microros/microros_ws/firmware/mcu_ws/build/std_srvs'
[ 66%] Built target std_srvs__rosidl_typesupport_microxrcedds_c
/usr/bin/make -f CMakeFiles/std_srvs__rosidl_typesupport_c.dir/build.make CMakeFiles/std_srvs__rosidl_typesupport_c.dir/depend
make[5]: Entering directory '/home/microros/microros_ws/firmware/mcu_ws/build/std_srvs'
cd /home/microros/microros_ws/firmware/mcu_ws/build/std_srvs && /usr/bin/cmake -E cmake_depends "Unix Makefiles" /home/microros/microros_ws/firmware/mcu_ws/ros2/common_interfaces/std_srvs /home/microros/microros_ws/firmware/mcu_ws/ros2/common_interfaces/std_srvs /home/microros/microros_ws/firmware/mcu_ws/build/std_srvs /home/microros/microros_ws/firmware/mcu_ws/build/std_srvs /home/microros/microros_ws/firmware/mcu_ws/build/std_srvs/CMakeFiles/std_srvs__rosidl_typesupport_c.dir/DependInfo.cmake --color=
make[5]: Leaving directory '/home/microros/microros_ws/firmware/mcu_ws/build/std_srvs'
/usr/bin/make -f CMakeFiles/std_srvs__rosidl_typesupport_c.dir/build.make CMakeFiles/std_srvs__rosidl_typesupport_c.dir/build
make[5]: Entering directory '/home/microros/microros_ws/firmware/mcu_ws/build/std_srvs'
make[5]: Nothing to be done for 'CMakeFiles/std_srvs__rosidl_typesupport_c.dir/build'.
make[5]: Leaving directory '/home/microros/microros_ws/firmware/mcu_ws/build/std_srvs'
[100%] Built target std_srvs__rosidl_typesupport_c
/usr/bin/make -f CMakeFiles/std_srvs.dir/build.make CMakeFiles/std_srvs.dir/depend
make[5]: Entering directory '/home/microros/microros_ws/firmware/mcu_ws/build/std_srvs'
cd /home/microros/microros_ws/firmware/mcu_ws/build/std_srvs && /usr/bin/cmake -E cmake_depends "Unix Makefiles" /home/microros/microros_ws/firmware/mcu_ws/ros2/common_interfaces/std_srvs /home/microros/microros_ws/firmware/mcu_ws/ros2/common_interfaces/std_srvs /home/microros/microros_ws/firmware/mcu_ws/build/std_srvs /home/microros/microros_ws/firmware/mcu_ws/build/std_srvs /home/microros/microros_ws/firmware/mcu_ws/build/std_srvs/CMakeFiles/std_srvs.dir/DependInfo.cmake --color=
make[5]: Leaving directory '/home/microros/microros_ws/firmware/mcu_ws/build/std_srvs'
/usr/bin/make -f CMakeFiles/std_srvs.dir/build.make CMakeFiles/std_srvs.dir/build
make[5]: Entering directory '/home/microros/microros_ws/firmware/mcu_ws/build/std_srvs'
make[5]: Nothing to be done for 'CMakeFiles/std_srvs.dir/build'.
make[5]: Leaving directory '/home/microros/microros_ws/firmware/mcu_ws/build/std_srvs'
[100%] Built target std_srvs
make[4]: Leaving directory '/home/microros/microros_ws/firmware/mcu_ws/build/std_srvs'
/usr/bin/cmake -E cmake_progress_start /home/microros/microros_ws/firmware/mcu_ws/build/std_srvs/CMakeFiles 0
make[3]: Leaving directory '/home/microros/microros_ws/firmware/mcu_ws/build/std_srvs'
-- Install configuration: "RelWithDebInfo"
-- Up-to-date: /home/microros/microros_ws/firmware/mcu_ws/install/std_srvs/share/ament_index/resource_index/rosidl_interfaces/std_srvs
-- Up-to-date: /home/microros/microros_ws/firmware/mcu_ws/install/std_srvs/include/std_srvs
-- Up-to-date: /home/microros/microros_ws/firmware/mcu_ws/install/std_srvs/include/std_srvs/msg
-- Up-to-date: /home/microros/microros_ws/firmware/mcu_ws/install/std_srvs/include/std_srvs/msg/rosidl_generator_c__visibility_control.h
-- Up-to-date: /home/microros/microros_ws/firmware/mcu_ws/install/std_srvs/include/std_srvs/srv
-- Up-to-date: /home/microros/microros_ws/firmware/mcu_ws/install/std_srvs/include/std_srvs/srv/detail
-- Up-to-date: /home/microros/microros_ws/firmware/mcu_ws/install/std_srvs/include/std_srvs/srv/detail/set_bool__functions.h
-- Up-to-date: /home/microros/microros_ws/firmware/mcu_ws/install/std_srvs/include/std_srvs/srv/detail/empty__struct.h
-- Up-to-date: /home/microros/microros_ws/firmware/mcu_ws/install/std_srvs/include/std_srvs/srv/detail/trigger__struct.h
-- Up-to-date: /home/microros/microros_ws/firmware/mcu_ws/install/std_srvs/include/std_srvs/srv/detail/trigger__type_support.h
-- Up-to-date: /home/microros/microros_ws/firmware/mcu_ws/install/std_srvs/include/std_srvs/srv/detail/trigger__functions.h
-- Up-to-date: /home/microros/microros_ws/firmware/mcu_ws/install/std_srvs/include/std_srvs/srv/detail/set_bool__functions.c
-- Up-to-date: /home/microros/microros_ws/firmware/mcu_ws/install/std_srvs/include/std_srvs/srv/detail/empty__type_support.h
-- Up-to-date: /home/microros/microros_ws/firmware/mcu_ws/install/std_srvs/include/std_srvs/srv/detail/set_bool__struct.h
-- Up-to-date: /home/microros/microros_ws/firmware/mcu_ws/install/std_srvs/include/std_srvs/srv/detail/empty__functions.c
-- Up-to-date: /home/microros/microros_ws/firmware/mcu_ws/install/std_srvs/include/std_srvs/srv/detail/set_bool__type_support.h
-- Up-to-date: /home/microros/microros_ws/firmware/mcu_ws/install/std_srvs/include/std_srvs/srv/detail/trigger__functions.c
-- Up-to-date: /home/microros/microros_ws/firmware/mcu_ws/install/std_srvs/include/std_srvs/srv/detail/empty__functions.h
-- Up-to-date: /home/microros/microros_ws/firmware/mcu_ws/install/std_srvs/include/std_srvs/srv/set_bool.h
-- Up-to-date: /home/microros/microros_ws/firmware/mcu_ws/install/std_srvs/include/std_srvs/srv/trigger.h
-- Up-to-date: /home/microros/microros_ws/firmware/mcu_ws/install/std_srvs/include/std_srvs/srv/empty.h
-- Up-to-date: /home/microros/microros_ws/firmware/mcu_ws/install/std_srvs/share/std_srvs/environment/library_path.sh
-- Up-to-date: /home/microros/microros_ws/firmware/mcu_ws/install/std_srvs/share/std_srvs/environment/library_path.dsv
-- Up-to-date: /home/microros/microros_ws/firmware/mcu_ws/install/std_srvs/lib/libstd_srvs__rosidl_generator_c.a
-- Up-to-date: /home/microros/microros_ws/firmware/mcu_ws/install/std_srvs/include/std_srvs
-- Up-to-date: /home/microros/microros_ws/firmware/mcu_ws/install/std_srvs/include/std_srvs/msg
-- Up-to-date: /home/microros/microros_ws/firmware/mcu_ws/install/std_srvs/include/std_srvs/msg/rosidl_typesupport_microxrcedds_c__visibility_control.h
-- Up-to-date: /home/microros/microros_ws/firmware/mcu_ws/install/std_srvs/include/std_srvs/srv
-- Up-to-date: /home/microros/microros_ws/firmware/mcu_ws/install/std_srvs/include/std_srvs/srv/detail
-- Up-to-date: /home/microros/microros_ws/firmware/mcu_ws/install/std_srvs/include/std_srvs/srv/detail/set_bool__rosidl_typesupport_microxrcedds_c.h
-- Up-to-date: /home/microros/microros_ws/firmware/mcu_ws/install/std_srvs/include/std_srvs/srv/detail/trigger__rosidl_typesupport_microxrcedds_c.h
-- Up-to-date: /home/microros/microros_ws/firmware/mcu_ws/install/std_srvs/include/std_srvs/srv/detail/empty__rosidl_typesupport_microxrcedds_c.h
-- Up-to-date: /home/microros/microros_ws/firmware/mcu_ws/install/std_srvs/include/std_srvs/srv/detail/microxrcedds
-- Up-to-date: /home/microros/microros_ws/firmware/mcu_ws/install/std_srvs/lib/libstd_srvs__rosidl_typesupport_microxrcedds_c.a
-- Up-to-date: /home/microros/microros_ws/firmware/mcu_ws/install/std_srvs/lib/libstd_srvs__rosidl_typesupport_c.a
-- Up-to-date: /home/microros/microros_ws/firmware/mcu_ws/install/std_srvs/lib/libstd_srvs__rosidl_typesupport_microxrcedds_c.a
-- Up-to-date: /home/microros/microros_ws/firmware/mcu_ws/install/std_srvs/share/std_srvs/srv/Empty.idl
-- Up-to-date: /home/microros/microros_ws/firmware/mcu_ws/install/std_srvs/share/std_srvs/srv/SetBool.idl
-- Up-to-date: /home/microros/microros_ws/firmware/mcu_ws/install/std_srvs/share/std_srvs/srv/Trigger.idl
-- Up-to-date: /home/microros/microros_ws/firmware/mcu_ws/install/std_srvs/share/std_srvs/srv/Empty.srv
-- Up-to-date: /home/microros/microros_ws/firmware/mcu_ws/install/std_srvs/share/std_srvs/srv/Empty_Request.msg
-- Up-to-date: /home/microros/microros_ws/firmware/mcu_ws/install/std_srvs/share/std_srvs/srv/Empty_Response.msg
-- Up-to-date: /home/microros/microros_ws/firmware/mcu_ws/install/std_srvs/share/std_srvs/srv/SetBool.srv
-- Up-to-date: /home/microros/microros_ws/firmware/mcu_ws/install/std_srvs/share/std_srvs/srv/SetBool_Request.msg
-- Up-to-date: /home/microros/microros_ws/firmware/mcu_ws/install/std_srvs/share/std_srvs/srv/SetBool_Response.msg
-- Up-to-date: /home/microros/microros_ws/firmware/mcu_ws/install/std_srvs/share/std_srvs/srv/Trigger.srv
-- Up-to-date: /home/microros/microros_ws/firmware/mcu_ws/install/std_srvs/share/std_srvs/srv/Trigger_Request.msg
-- Up-to-date: /home/microros/microros_ws/firmware/mcu_ws/install/std_srvs/share/std_srvs/srv/Trigger_Response.msg
-- Up-to-date: /home/microros/microros_ws/firmware/mcu_ws/install/std_srvs/share/ament_index/resource_index/package_run_dependencies/std_srvs
-- Up-to-date: /home/microros/microros_ws/firmware/mcu_ws/install/std_srvs/share/ament_index/resource_index/parent_prefix_path/std_srvs
-- Up-to-date: /home/microros/microros_ws/firmware/mcu_ws/install/std_srvs/share/std_srvs/environment/ament_prefix_path.sh
-- Up-to-date: /home/microros/microros_ws/firmware/mcu_ws/install/std_srvs/share/std_srvs/environment/ament_prefix_path.dsv
-- Up-to-date: /home/microros/microros_ws/firmware/mcu_ws/install/std_srvs/share/std_srvs/environment/path.sh
-- Up-to-date: /home/microros/microros_ws/firmware/mcu_ws/install/std_srvs/share/std_srvs/environment/path.dsv
-- Up-to-date: /home/microros/microros_ws/firmware/mcu_ws/install/std_srvs/share/std_srvs/local_setup.bash
-- Up-to-date: /home/microros/microros_ws/firmware/mcu_ws/install/std_srvs/share/std_srvs/local_setup.sh
-- Up-to-date: /home/microros/microros_ws/firmware/mcu_ws/install/std_srvs/share/std_srvs/local_setup.zsh
-- Up-to-date: /home/microros/microros_ws/firmware/mcu_ws/install/std_srvs/share/std_srvs/local_setup.dsv
-- Installing: /home/microros/microros_ws/firmware/mcu_ws/install/std_srvs/share/std_srvs/package.dsv
-- Up-to-date: /home/microros/microros_ws/firmware/mcu_ws/install/std_srvs/share/ament_index/resource_index/packages/std_srvs
-- Up-to-date: /home/microros/microros_ws/firmware/mcu_ws/install/std_srvs/share/std_srvs/cmake/std_srvs__rosidl_generator_cExport.cmake
-- Up-to-date: /home/microros/microros_ws/firmware/mcu_ws/install/std_srvs/share/std_srvs/cmake/std_srvs__rosidl_generator_cExport-relwithdebinfo.cmake
-- Up-to-date: /home/microros/microros_ws/firmware/mcu_ws/install/std_srvs/share/std_srvs/cmake/std_srvs__rosidl_typesupport_cExport.cmake
-- Up-to-date: /home/microros/microros_ws/firmware/mcu_ws/install/std_srvs/share/std_srvs/cmake/std_srvs__rosidl_typesupport_cExport-relwithdebinfo.cmake
-- Up-to-date: /home/microros/microros_ws/firmware/mcu_ws/install/std_srvs/share/std_srvs/cmake/rosidl_cmake-extras.cmake
-- Up-to-date: /home/microros/microros_ws/firmware/mcu_ws/install/std_srvs/share/std_srvs/cmake/ament_cmake_export_dependencies-extras.cmake
-- Up-to-date: /home/microros/microros_ws/firmware/mcu_ws/install/std_srvs/share/std_srvs/cmake/ament_cmake_export_libraries-extras.cmake
-- Up-to-date: /home/microros/microros_ws/firmware/mcu_ws/install/std_srvs/share/std_srvs/cmake/ament_cmake_export_targets-extras.cmake
-- Up-to-date: /home/microros/microros_ws/firmware/mcu_ws/install/std_srvs/share/std_srvs/cmake/ament_cmake_export_include_directories-extras.cmake
-- Up-to-date: /home/microros/microros_ws/firmware/mcu_ws/install/std_srvs/share/std_srvs/cmake/rosidl_cmake_export_typesupport_libraries-extras.cmake
-- Up-to-date: /home/microros/microros_ws/firmware/mcu_ws/install/std_srvs/share/std_srvs/cmake/std_srvsConfig.cmake
-- Up-to-date: /home/microros/microros_ws/firmware/mcu_ws/install/std_srvs/share/std_srvs/cmake/std_srvsConfig-version.cmake
-- Up-to-date: /home/microros/microros_ws/firmware/mcu_ws/install/std_srvs/share/std_srvs/package.xml
