make[4]: Entering directory '/home/microros/microros_ws/firmware/mcu_ws/build/builtin_interfaces'
/usr/bin/cmake -S/home/microros/microros_ws/firmware/mcu_ws/ros2/rcl_interfaces/builtin_interfaces -B/home/microros/microros_ws/firmware/mcu_ws/build/builtin_interfaces --check-build-system CMakeFiles/Makefile.cmake 0
Re-run cmake file: Makefile older than: /home/microros/microros_ws/firmware/mcu_ws/install/rosidl_typesupport_c/share/rosidl_typesupport_c/cmake/rosidl_typesupport_cExport-relwithdebinfo.cmake
-- Found ament_cmake: 0.9.6 (/home/microros/microros_ws/firmware/dev_ws/install/ament_cmake/share/ament_cmake/cmake)
-- Found PythonInterp: /usr/bin/python3 (found suitable version "3.8.2", minimum required is "3") 
-- Using PYTHON_EXECUTABLE: /usr/bin/python3
-- Found rosidl_default_generators: 1.0.0 (/home/microros/microros_ws/firmware/mcu_ws/install/rosidl_default_generators/share/rosidl_default_generators/cmake)
-- Using single rosidl_typesupport_c: rosidl_typesupport_microxrcedds_c
-- Found rosidl_adapter: 1.1.0 (/home/microros/microros_ws/firmware/mcu_ws/install/rosidl_adapter/share/rosidl_adapter/cmake)
-- Found PythonInterp: /usr/bin/python3 (found version "3.8.2") 
-- Found ament_cmake_ros: 0.9.0 (/home/microros/microros_ws/firmware/dev_ws/install/ament_cmake_ros/share/ament_cmake_ros/cmake)
-- Using single rosidl_typesupport_c: rosidl_typesupport_microxrcedds_c
-- Configuring done
-- Generating done
-- Build files have been written to: /home/microros/microros_ws/firmware/mcu_ws/build/builtin_interfaces
/usr/bin/cmake -E cmake_progress_start /home/microros/microros_ws/firmware/mcu_ws/build/builtin_interfaces/CMakeFiles /home/microros/microros_ws/firmware/mcu_ws/build/builtin_interfaces/CMakeFiles/progress.marks
/usr/bin/make -f CMakeFiles/Makefile2 all
make[5]: Entering directory '/home/microros/microros_ws/firmware/mcu_ws/build/builtin_interfaces'
/usr/bin/make -f CMakeFiles/builtin_interfaces__rosidl_generator_c.dir/build.make CMakeFiles/builtin_interfaces__rosidl_generator_c.dir/depend
make[6]: Entering directory '/home/microros/microros_ws/firmware/mcu_ws/build/builtin_interfaces'
cd /home/microros/microros_ws/firmware/mcu_ws/build/builtin_interfaces && /usr/bin/cmake -E cmake_depends "Unix Makefiles" /home/microros/microros_ws/firmware/mcu_ws/ros2/rcl_interfaces/builtin_interfaces /home/microros/microros_ws/firmware/mcu_ws/ros2/rcl_interfaces/builtin_interfaces /home/microros/microros_ws/firmware/mcu_ws/build/builtin_interfaces /home/microros/microros_ws/firmware/mcu_ws/build/builtin_interfaces /home/microros/microros_ws/firmware/mcu_ws/build/builtin_interfaces/CMakeFiles/builtin_interfaces__rosidl_generator_c.dir/DependInfo.cmake --color=
Dependee "/home/microros/microros_ws/firmware/NuttX/include/nuttx/config.h" is newer than depender "CMakeFiles/builtin_interfaces__rosidl_generator_c.dir/rosidl_generator_c/builtin_interfaces/msg/detail/duration__functions.c.obj".
Dependee "/home/microros/microros_ws/firmware/NuttX/include/nuttx/config.h" is newer than depender "CMakeFiles/builtin_interfaces__rosidl_generator_c.dir/rosidl_generator_c/builtin_interfaces/msg/detail/time__functions.c.obj".
Clearing dependencies in "/home/microros/microros_ws/firmware/mcu_ws/build/builtin_interfaces/CMakeFiles/builtin_interfaces__rosidl_generator_c.dir/depend.make".
[35m[1mScanning dependencies of target builtin_interfaces__rosidl_generator_c[0m
make[6]: Leaving directory '/home/microros/microros_ws/firmware/mcu_ws/build/builtin_interfaces'
/usr/bin/make -f CMakeFiles/builtin_interfaces__rosidl_generator_c.dir/build.make CMakeFiles/builtin_interfaces__rosidl_generator_c.dir/build
make[6]: Entering directory '/home/microros/microros_ws/firmware/mcu_ws/build/builtin_interfaces'
[  8%] [32mBuilding C object CMakeFiles/builtin_interfaces__rosidl_generator_c.dir/rosidl_generator_c/builtin_interfaces/msg/detail/duration__functions.c.obj[0m
/usr/bin/arm-none-eabi-gcc --sysroot=/home/microros/microros_ws/firmware/NuttX/.. -DROS_PACKAGE_NAME=\"builtin_interfaces\" -I/home/microros/microros_ws/firmware/mcu_ws/build/builtin_interfaces/rosidl_generator_c -isystem /home/microros/microros_ws/firmware/NuttX/include -isystem /home/microros/microros_ws/firmware/NuttX/include/cxx -isystem /home/microros/microros_ws/firmware/NuttX/include/uClibc++ -isystem /home/microros/microros_ws/firmware/mcu_ws/install/rosidl_runtime_c/include -isystem /home/microros/microros_ws/firmware/mcu_ws/install/rosidl_typesupport_interface/include  -std=c99 -Dunix=1 -mcpu=cortex-m4 -mthumb -mfloat-abi=soft -Os -fno-strict-aliasing -fno-strength-reduce -fomit-frame-pointer -O2 -g -DNDEBUG -fPIC   -Wall -std=gnu11 -o CMakeFiles/builtin_interfaces__rosidl_generator_c.dir/rosidl_generator_c/builtin_interfaces/msg/detail/duration__functions.c.obj   -c /home/microros/microros_ws/firmware/mcu_ws/build/builtin_interfaces/rosidl_generator_c/builtin_interfaces/msg/detail/duration__functions.c
[ 16%] [32mBuilding C object CMakeFiles/builtin_interfaces__rosidl_generator_c.dir/rosidl_generator_c/builtin_interfaces/msg/detail/time__functions.c.obj[0m
/usr/bin/arm-none-eabi-gcc --sysroot=/home/microros/microros_ws/firmware/NuttX/.. -DROS_PACKAGE_NAME=\"builtin_interfaces\" -I/home/microros/microros_ws/firmware/mcu_ws/build/builtin_interfaces/rosidl_generator_c -isystem /home/microros/microros_ws/firmware/NuttX/include -isystem /home/microros/microros_ws/firmware/NuttX/include/cxx -isystem /home/microros/microros_ws/firmware/NuttX/include/uClibc++ -isystem /home/microros/microros_ws/firmware/mcu_ws/install/rosidl_runtime_c/include -isystem /home/microros/microros_ws/firmware/mcu_ws/install/rosidl_typesupport_interface/include  -std=c99 -Dunix=1 -mcpu=cortex-m4 -mthumb -mfloat-abi=soft -Os -fno-strict-aliasing -fno-strength-reduce -fomit-frame-pointer -O2 -g -DNDEBUG -fPIC   -Wall -std=gnu11 -o CMakeFiles/builtin_interfaces__rosidl_generator_c.dir/rosidl_generator_c/builtin_interfaces/msg/detail/time__functions.c.obj   -c /home/microros/microros_ws/firmware/mcu_ws/build/builtin_interfaces/rosidl_generator_c/builtin_interfaces/msg/detail/time__functions.c
[ 25%] [32m[1mLinking C static library libbuiltin_interfaces__rosidl_generator_c.a[0m
/usr/bin/cmake -P CMakeFiles/builtin_interfaces__rosidl_generator_c.dir/cmake_clean_target.cmake
/usr/bin/cmake -E cmake_link_script CMakeFiles/builtin_interfaces__rosidl_generator_c.dir/link.txt --verbose=1
/usr/bin/arm-none-eabi-ar qc libbuiltin_interfaces__rosidl_generator_c.a  CMakeFiles/builtin_interfaces__rosidl_generator_c.dir/rosidl_generator_c/builtin_interfaces/msg/detail/duration__functions.c.obj CMakeFiles/builtin_interfaces__rosidl_generator_c.dir/rosidl_generator_c/builtin_interfaces/msg/detail/time__functions.c.obj
/usr/bin/arm-none-eabi-ranlib libbuiltin_interfaces__rosidl_generator_c.a
make[6]: Leaving directory '/home/microros/microros_ws/firmware/mcu_ws/build/builtin_interfaces'
[ 33%] Built target builtin_interfaces__rosidl_generator_c
/usr/bin/make -f CMakeFiles/builtin_interfaces__rosidl_typesupport_microxrcedds_c.dir/build.make CMakeFiles/builtin_interfaces__rosidl_typesupport_microxrcedds_c.dir/depend
make[6]: Entering directory '/home/microros/microros_ws/firmware/mcu_ws/build/builtin_interfaces'
cd /home/microros/microros_ws/firmware/mcu_ws/build/builtin_interfaces && /usr/bin/cmake -E cmake_depends "Unix Makefiles" /home/microros/microros_ws/firmware/mcu_ws/ros2/rcl_interfaces/builtin_interfaces /home/microros/microros_ws/firmware/mcu_ws/ros2/rcl_interfaces/builtin_interfaces /home/microros/microros_ws/firmware/mcu_ws/build/builtin_interfaces /home/microros/microros_ws/firmware/mcu_ws/build/builtin_interfaces /home/microros/microros_ws/firmware/mcu_ws/build/builtin_interfaces/CMakeFiles/builtin_interfaces__rosidl_typesupport_microxrcedds_c.dir/DependInfo.cmake --color=
Dependee "/home/microros/microros_ws/firmware/NuttX/include/nuttx/config.h" is newer than depender "CMakeFiles/builtin_interfaces__rosidl_typesupport_microxrcedds_c.dir/rosidl_typesupport_microxrcedds_c/builtin_interfaces/msg/detail/microxrcedds/duration__type_support_c.c.obj".
Dependee "/home/microros/microros_ws/firmware/NuttX/include/nuttx/config.h" is newer than depender "CMakeFiles/builtin_interfaces__rosidl_typesupport_microxrcedds_c.dir/rosidl_typesupport_microxrcedds_c/builtin_interfaces/msg/detail/microxrcedds/time__type_support_c.c.obj".
Clearing dependencies in "/home/microros/microros_ws/firmware/mcu_ws/build/builtin_interfaces/CMakeFiles/builtin_interfaces__rosidl_typesupport_microxrcedds_c.dir/depend.make".
[35m[1mScanning dependencies of target builtin_interfaces__rosidl_typesupport_microxrcedds_c[0m
make[6]: Leaving directory '/home/microros/microros_ws/firmware/mcu_ws/build/builtin_interfaces'
/usr/bin/make -f CMakeFiles/builtin_interfaces__rosidl_typesupport_microxrcedds_c.dir/build.make CMakeFiles/builtin_interfaces__rosidl_typesupport_microxrcedds_c.dir/build
make[6]: Entering directory '/home/microros/microros_ws/firmware/mcu_ws/build/builtin_interfaces'
[ 41%] [32mBuilding C object CMakeFiles/builtin_interfaces__rosidl_typesupport_microxrcedds_c.dir/rosidl_typesupport_microxrcedds_c/builtin_interfaces/msg/detail/microxrcedds/duration__type_support_c.c.obj[0m
[ 50%] [32mBuilding C object CMakeFiles/builtin_interfaces__rosidl_typesupport_microxrcedds_c.dir/rosidl_typesupport_microxrcedds_c/builtin_interfaces/msg/detail/microxrcedds/time__type_support_c.c.obj[0m
/usr/bin/arm-none-eabi-gcc --sysroot=/home/microros/microros_ws/firmware/NuttX/.. -DROS_PACKAGE_NAME=\"builtin_interfaces\" -I/home/microros/microros_ws/firmware/mcu_ws/build/builtin_interfaces/rosidl_generator_c -I/home/microros/microros_ws/firmware/mcu_ws/build/builtin_interfaces/rosidl_typesupport_microxrcedds_c -isystem /home/microros/microros_ws/firmware/NuttX/include -isystem /home/microros/microros_ws/firmware/NuttX/include/cxx -isystem /home/microros/microros_ws/firmware/NuttX/include/uClibc++ -isystem /home/microros/microros_ws/firmware/mcu_ws/install/rosidl_typesupport_microxrcedds_c/include -isystem /home/microros/microros_ws/firmware/mcu_ws/install/rmw/include -isystem /home/microros/microros_ws/firmware/mcu_ws/install/rosidl_runtime_c/include -isystem /home/microros/microros_ws/firmware/mcu_ws/install/rosidl_typesupport_interface/include -isystem /home/microros/microros_ws/firmware/mcu_ws/install/rcutils/include -isystem /home/microros/microros_ws/firmware/mcu_ws/install/tinydir_vendor/share/tinydir_vendor/cmake/../../../include -isystem /home/microros/microros_ws/firmware/mcu_ws/install/microcdr/include  -std=c99 -Dunix=1 -mcpu=cortex-m4 -mthumb -mfloat-abi=soft -Os -fno-strict-aliasing -fno-strength-reduce -fomit-frame-pointer -O2 -g -DNDEBUG -fPIC   -Wall -Wextra -Wpedantic -std=gnu99 -o CMakeFiles/builtin_interfaces__rosidl_typesupport_microxrcedds_c.dir/rosidl_typesupport_microxrcedds_c/builtin_interfaces/msg/detail/microxrcedds/duration__type_support_c.c.obj   -c /home/microros/microros_ws/firmware/mcu_ws/build/builtin_interfaces/rosidl_typesupport_microxrcedds_c/builtin_interfaces/msg/detail/microxrcedds/duration__type_support_c.c
/usr/bin/arm-none-eabi-gcc --sysroot=/home/microros/microros_ws/firmware/NuttX/.. -DROS_PACKAGE_NAME=\"builtin_interfaces\" -I/home/microros/microros_ws/firmware/mcu_ws/build/builtin_interfaces/rosidl_generator_c -I/home/microros/microros_ws/firmware/mcu_ws/build/builtin_interfaces/rosidl_typesupport_microxrcedds_c -isystem /home/microros/microros_ws/firmware/NuttX/include -isystem /home/microros/microros_ws/firmware/NuttX/include/cxx -isystem /home/microros/microros_ws/firmware/NuttX/include/uClibc++ -isystem /home/microros/microros_ws/firmware/mcu_ws/install/rosidl_typesupport_microxrcedds_c/include -isystem /home/microros/microros_ws/firmware/mcu_ws/install/rmw/include -isystem /home/microros/microros_ws/firmware/mcu_ws/install/rosidl_runtime_c/include -isystem /home/microros/microros_ws/firmware/mcu_ws/install/rosidl_typesupport_interface/include -isystem /home/microros/microros_ws/firmware/mcu_ws/install/rcutils/include -isystem /home/microros/microros_ws/firmware/mcu_ws/install/tinydir_vendor/share/tinydir_vendor/cmake/../../../include -isystem /home/microros/microros_ws/firmware/mcu_ws/install/microcdr/include  -std=c99 -Dunix=1 -mcpu=cortex-m4 -mthumb -mfloat-abi=soft -Os -fno-strict-aliasing -fno-strength-reduce -fomit-frame-pointer -O2 -g -DNDEBUG -fPIC   -Wall -Wextra -Wpedantic -std=gnu99 -o CMakeFiles/builtin_interfaces__rosidl_typesupport_microxrcedds_c.dir/rosidl_typesupport_microxrcedds_c/builtin_interfaces/msg/detail/microxrcedds/time__type_support_c.c.obj   -c /home/microros/microros_ws/firmware/mcu_ws/build/builtin_interfaces/rosidl_typesupport_microxrcedds_c/builtin_interfaces/msg/detail/microxrcedds/time__type_support_c.c
[ 58%] [32m[1mLinking C static library libbuiltin_interfaces__rosidl_typesupport_microxrcedds_c.a[0m
/usr/bin/cmake -P CMakeFiles/builtin_interfaces__rosidl_typesupport_microxrcedds_c.dir/cmake_clean_target.cmake
/usr/bin/cmake -E cmake_link_script CMakeFiles/builtin_interfaces__rosidl_typesupport_microxrcedds_c.dir/link.txt --verbose=1
/usr/bin/arm-none-eabi-ar qc libbuiltin_interfaces__rosidl_typesupport_microxrcedds_c.a  CMakeFiles/builtin_interfaces__rosidl_typesupport_microxrcedds_c.dir/rosidl_typesupport_microxrcedds_c/builtin_interfaces/msg/detail/microxrcedds/duration__type_support_c.c.obj CMakeFiles/builtin_interfaces__rosidl_typesupport_microxrcedds_c.dir/rosidl_typesupport_microxrcedds_c/builtin_interfaces/msg/detail/microxrcedds/time__type_support_c.c.obj
/usr/bin/arm-none-eabi-ranlib libbuiltin_interfaces__rosidl_typesupport_microxrcedds_c.a
make[6]: Leaving directory '/home/microros/microros_ws/firmware/mcu_ws/build/builtin_interfaces'
[ 66%] Built target builtin_interfaces__rosidl_typesupport_microxrcedds_c
/usr/bin/make -f CMakeFiles/builtin_interfaces__rosidl_typesupport_c.dir/build.make CMakeFiles/builtin_interfaces__rosidl_typesupport_c.dir/depend
make[6]: Entering directory '/home/microros/microros_ws/firmware/mcu_ws/build/builtin_interfaces'
cd /home/microros/microros_ws/firmware/mcu_ws/build/builtin_interfaces && /usr/bin/cmake -E cmake_depends "Unix Makefiles" /home/microros/microros_ws/firmware/mcu_ws/ros2/rcl_interfaces/builtin_interfaces /home/microros/microros_ws/firmware/mcu_ws/ros2/rcl_interfaces/builtin_interfaces /home/microros/microros_ws/firmware/mcu_ws/build/builtin_interfaces /home/microros/microros_ws/firmware/mcu_ws/build/builtin_interfaces /home/microros/microros_ws/firmware/mcu_ws/build/builtin_interfaces/CMakeFiles/builtin_interfaces__rosidl_typesupport_c.dir/DependInfo.cmake --color=
Dependee "/home/microros/microros_ws/firmware/NuttX/include/nuttx/config.h" is newer than depender "CMakeFiles/builtin_interfaces__rosidl_typesupport_c.dir/rosidl_typesupport_c/builtin_interfaces/msg/duration__type_support.cpp.obj".
Dependee "/home/microros/microros_ws/firmware/NuttX/include/nuttx/config.h" is newer than depender "CMakeFiles/builtin_interfaces__rosidl_typesupport_c.dir/rosidl_typesupport_c/builtin_interfaces/msg/time__type_support.cpp.obj".
Clearing dependencies in "/home/microros/microros_ws/firmware/mcu_ws/build/builtin_interfaces/CMakeFiles/builtin_interfaces__rosidl_typesupport_c.dir/depend.make".
[35m[1mScanning dependencies of target builtin_interfaces__rosidl_typesupport_c[0m
make[6]: Leaving directory '/home/microros/microros_ws/firmware/mcu_ws/build/builtin_interfaces'
/usr/bin/make -f CMakeFiles/builtin_interfaces__rosidl_typesupport_c.dir/build.make CMakeFiles/builtin_interfaces__rosidl_typesupport_c.dir/build
make[6]: Entering directory '/home/microros/microros_ws/firmware/mcu_ws/build/builtin_interfaces'
[ 75%] [32mBuilding CXX object CMakeFiles/builtin_interfaces__rosidl_typesupport_c.dir/rosidl_typesupport_c/builtin_interfaces/msg/duration__type_support.cpp.obj[0m
[ 83%] [32mBuilding CXX object CMakeFiles/builtin_interfaces__rosidl_typesupport_c.dir/rosidl_typesupport_c/builtin_interfaces/msg/time__type_support.cpp.obj[0m
/usr/bin/arm-none-eabi-g++ --sysroot=/home/microros/microros_ws/firmware/NuttX/..  -DROS_PACKAGE_NAME=\"builtin_interfaces\" -I/home/microros/microros_ws/firmware/mcu_ws/build/builtin_interfaces/rosidl_generator_c -I/home/microros/microros_ws/firmware/mcu_ws/build/builtin_interfaces/rosidl_typesupport_c -I/home/microros/microros_ws/firmware/mcu_ws/build/builtin_interfaces/rosidl_typesupport_microxrcedds_c -isystem /home/microros/microros_ws/firmware/NuttX/include -isystem /home/microros/microros_ws/firmware/NuttX/include/cxx -isystem /home/microros/microros_ws/firmware/NuttX/include/uClibc++ -isystem /home/microros/microros_ws/firmware/mcu_ws/install/rosidl_typesupport_c/include -isystem /home/microros/microros_ws/firmware/mcu_ws/install/rosidl_runtime_c/include -isystem /home/microros/microros_ws/firmware/mcu_ws/install/rosidl_typesupport_interface/include -isystem /home/microros/microros_ws/firmware/mcu_ws/install/rmw/include -isystem /home/microros/microros_ws/firmware/mcu_ws/install/rcutils/include -isystem /home/microros/microros_ws/firmware/mcu_ws/install/tinydir_vendor/share/tinydir_vendor/cmake/../../../include -isystem /home/microros/microros_ws/firmware/mcu_ws/install/rosidl_typesupport_microxrcedds_c/include -isystem /home/microros/microros_ws/firmware/mcu_ws/install/microcdr/include  -std=c++14 -Dunix=1 -mcpu=cortex-m4 -mthumb -mfloat-abi=soft -Os -fno-strict-aliasing -fno-strength-reduce -fomit-frame-pointer -O2 -g -DNDEBUG -fPIC   -Wall -std=gnu++14 -o CMakeFiles/builtin_interfaces__rosidl_typesupport_c.dir/rosidl_typesupport_c/builtin_interfaces/msg/time__type_support.cpp.obj -c /home/microros/microros_ws/firmware/mcu_ws/build/builtin_interfaces/rosidl_typesupport_c/builtin_interfaces/msg/time__type_support.cpp
/usr/bin/arm-none-eabi-g++ --sysroot=/home/microros/microros_ws/firmware/NuttX/..  -DROS_PACKAGE_NAME=\"builtin_interfaces\" -I/home/microros/microros_ws/firmware/mcu_ws/build/builtin_interfaces/rosidl_generator_c -I/home/microros/microros_ws/firmware/mcu_ws/build/builtin_interfaces/rosidl_typesupport_c -I/home/microros/microros_ws/firmware/mcu_ws/build/builtin_interfaces/rosidl_typesupport_microxrcedds_c -isystem /home/microros/microros_ws/firmware/NuttX/include -isystem /home/microros/microros_ws/firmware/NuttX/include/cxx -isystem /home/microros/microros_ws/firmware/NuttX/include/uClibc++ -isystem /home/microros/microros_ws/firmware/mcu_ws/install/rosidl_typesupport_c/include -isystem /home/microros/microros_ws/firmware/mcu_ws/install/rosidl_runtime_c/include -isystem /home/microros/microros_ws/firmware/mcu_ws/install/rosidl_typesupport_interface/include -isystem /home/microros/microros_ws/firmware/mcu_ws/install/rmw/include -isystem /home/microros/microros_ws/firmware/mcu_ws/install/rcutils/include -isystem /home/microros/microros_ws/firmware/mcu_ws/install/tinydir_vendor/share/tinydir_vendor/cmake/../../../include -isystem /home/microros/microros_ws/firmware/mcu_ws/install/rosidl_typesupport_microxrcedds_c/include -isystem /home/microros/microros_ws/firmware/mcu_ws/install/microcdr/include  -std=c++14 -Dunix=1 -mcpu=cortex-m4 -mthumb -mfloat-abi=soft -Os -fno-strict-aliasing -fno-strength-reduce -fomit-frame-pointer -O2 -g -DNDEBUG -fPIC   -Wall -std=gnu++14 -o CMakeFiles/builtin_interfaces__rosidl_typesupport_c.dir/rosidl_typesupport_c/builtin_interfaces/msg/duration__type_support.cpp.obj -c /home/microros/microros_ws/firmware/mcu_ws/build/builtin_interfaces/rosidl_typesupport_c/builtin_interfaces/msg/duration__type_support.cpp
[ 91%] [32m[1mLinking CXX static library libbuiltin_interfaces__rosidl_typesupport_c.a[0m
/usr/bin/cmake -P CMakeFiles/builtin_interfaces__rosidl_typesupport_c.dir/cmake_clean_target.cmake
/usr/bin/cmake -E cmake_link_script CMakeFiles/builtin_interfaces__rosidl_typesupport_c.dir/link.txt --verbose=1
/usr/bin/arm-none-eabi-ar qc libbuiltin_interfaces__rosidl_typesupport_c.a  CMakeFiles/builtin_interfaces__rosidl_typesupport_c.dir/rosidl_typesupport_c/builtin_interfaces/msg/duration__type_support.cpp.obj CMakeFiles/builtin_interfaces__rosidl_typesupport_c.dir/rosidl_typesupport_c/builtin_interfaces/msg/time__type_support.cpp.obj
/usr/bin/arm-none-eabi-ranlib libbuiltin_interfaces__rosidl_typesupport_c.a
make[6]: Leaving directory '/home/microros/microros_ws/firmware/mcu_ws/build/builtin_interfaces'
[100%] Built target builtin_interfaces__rosidl_typesupport_c
/usr/bin/make -f CMakeFiles/builtin_interfaces.dir/build.make CMakeFiles/builtin_interfaces.dir/depend
make[6]: Entering directory '/home/microros/microros_ws/firmware/mcu_ws/build/builtin_interfaces'
cd /home/microros/microros_ws/firmware/mcu_ws/build/builtin_interfaces && /usr/bin/cmake -E cmake_depends "Unix Makefiles" /home/microros/microros_ws/firmware/mcu_ws/ros2/rcl_interfaces/builtin_interfaces /home/microros/microros_ws/firmware/mcu_ws/ros2/rcl_interfaces/builtin_interfaces /home/microros/microros_ws/firmware/mcu_ws/build/builtin_interfaces /home/microros/microros_ws/firmware/mcu_ws/build/builtin_interfaces /home/microros/microros_ws/firmware/mcu_ws/build/builtin_interfaces/CMakeFiles/builtin_interfaces.dir/DependInfo.cmake --color=
make[6]: Leaving directory '/home/microros/microros_ws/firmware/mcu_ws/build/builtin_interfaces'
/usr/bin/make -f CMakeFiles/builtin_interfaces.dir/build.make CMakeFiles/builtin_interfaces.dir/build
make[6]: Entering directory '/home/microros/microros_ws/firmware/mcu_ws/build/builtin_interfaces'
make[6]: Nothing to be done for 'CMakeFiles/builtin_interfaces.dir/build'.
make[6]: Leaving directory '/home/microros/microros_ws/firmware/mcu_ws/build/builtin_interfaces'
[100%] Built target builtin_interfaces
make[5]: Leaving directory '/home/microros/microros_ws/firmware/mcu_ws/build/builtin_interfaces'
/usr/bin/cmake -E cmake_progress_start /home/microros/microros_ws/firmware/mcu_ws/build/builtin_interfaces/CMakeFiles 0
make[4]: Leaving directory '/home/microros/microros_ws/firmware/mcu_ws/build/builtin_interfaces'
-- Install configuration: "RelWithDebInfo"
-- Up-to-date: /home/microros/microros_ws/firmware/mcu_ws/install/builtin_interfaces/share/ament_index/resource_index/rosidl_interfaces/builtin_interfaces
-- Up-to-date: /home/microros/microros_ws/firmware/mcu_ws/install/builtin_interfaces/include/builtin_interfaces
-- Up-to-date: /home/microros/microros_ws/firmware/mcu_ws/install/builtin_interfaces/include/builtin_interfaces/msg
-- Up-to-date: /home/microros/microros_ws/firmware/mcu_ws/install/builtin_interfaces/include/builtin_interfaces/msg/detail
-- Up-to-date: /home/microros/microros_ws/firmware/mcu_ws/install/builtin_interfaces/include/builtin_interfaces/msg/detail/time__type_support.h
-- Up-to-date: /home/microros/microros_ws/firmware/mcu_ws/install/builtin_interfaces/include/builtin_interfaces/msg/detail/duration__struct.h
-- Up-to-date: /home/microros/microros_ws/firmware/mcu_ws/install/builtin_interfaces/include/builtin_interfaces/msg/detail/duration__functions.c
-- Up-to-date: /home/microros/microros_ws/firmware/mcu_ws/install/builtin_interfaces/include/builtin_interfaces/msg/detail/time__struct.h
-- Up-to-date: /home/microros/microros_ws/firmware/mcu_ws/install/builtin_interfaces/include/builtin_interfaces/msg/detail/time__functions.c
-- Up-to-date: /home/microros/microros_ws/firmware/mcu_ws/install/builtin_interfaces/include/builtin_interfaces/msg/detail/time__functions.h
-- Up-to-date: /home/microros/microros_ws/firmware/mcu_ws/install/builtin_interfaces/include/builtin_interfaces/msg/detail/duration__type_support.h
-- Up-to-date: /home/microros/microros_ws/firmware/mcu_ws/install/builtin_interfaces/include/builtin_interfaces/msg/detail/duration__functions.h
-- Up-to-date: /home/microros/microros_ws/firmware/mcu_ws/install/builtin_interfaces/include/builtin_interfaces/msg/time.h
-- Up-to-date: /home/microros/microros_ws/firmware/mcu_ws/install/builtin_interfaces/include/builtin_interfaces/msg/rosidl_generator_c__visibility_control.h
-- Up-to-date: /home/microros/microros_ws/firmware/mcu_ws/install/builtin_interfaces/include/builtin_interfaces/msg/duration.h
-- Up-to-date: /home/microros/microros_ws/firmware/mcu_ws/install/builtin_interfaces/share/builtin_interfaces/environment/library_path.sh
-- Installing: /home/microros/microros_ws/firmware/mcu_ws/install/builtin_interfaces/share/builtin_interfaces/environment/library_path.dsv
-- Installing: /home/microros/microros_ws/firmware/mcu_ws/install/builtin_interfaces/lib/libbuiltin_interfaces__rosidl_generator_c.a
-- Up-to-date: /home/microros/microros_ws/firmware/mcu_ws/install/builtin_interfaces/include/builtin_interfaces
-- Up-to-date: /home/microros/microros_ws/firmware/mcu_ws/install/builtin_interfaces/include/builtin_interfaces/msg
-- Up-to-date: /home/microros/microros_ws/firmware/mcu_ws/install/builtin_interfaces/include/builtin_interfaces/msg/detail
-- Up-to-date: /home/microros/microros_ws/firmware/mcu_ws/install/builtin_interfaces/include/builtin_interfaces/msg/detail/time__rosidl_typesupport_microxrcedds_c.h
-- Up-to-date: /home/microros/microros_ws/firmware/mcu_ws/install/builtin_interfaces/include/builtin_interfaces/msg/detail/microxrcedds
-- Up-to-date: /home/microros/microros_ws/firmware/mcu_ws/install/builtin_interfaces/include/builtin_interfaces/msg/detail/duration__rosidl_typesupport_microxrcedds_c.h
-- Up-to-date: /home/microros/microros_ws/firmware/mcu_ws/install/builtin_interfaces/include/builtin_interfaces/msg/rosidl_typesupport_microxrcedds_c__visibility_control.h
-- Installing: /home/microros/microros_ws/firmware/mcu_ws/install/builtin_interfaces/lib/libbuiltin_interfaces__rosidl_typesupport_microxrcedds_c.a
-- Installing: /home/microros/microros_ws/firmware/mcu_ws/install/builtin_interfaces/lib/libbuiltin_interfaces__rosidl_typesupport_c.a
-- Up-to-date: /home/microros/microros_ws/firmware/mcu_ws/install/builtin_interfaces/lib/libbuiltin_interfaces__rosidl_typesupport_microxrcedds_c.a
-- Up-to-date: /home/microros/microros_ws/firmware/mcu_ws/install/builtin_interfaces/share/builtin_interfaces/msg/Duration.idl
-- Up-to-date: /home/microros/microros_ws/firmware/mcu_ws/install/builtin_interfaces/share/builtin_interfaces/msg/Time.idl
-- Up-to-date: /home/microros/microros_ws/firmware/mcu_ws/install/builtin_interfaces/share/builtin_interfaces/msg/Duration.msg
-- Up-to-date: /home/microros/microros_ws/firmware/mcu_ws/install/builtin_interfaces/share/builtin_interfaces/msg/Time.msg
-- Up-to-date: /home/microros/microros_ws/firmware/mcu_ws/install/builtin_interfaces/share/ament_index/resource_index/package_run_dependencies/builtin_interfaces
-- Up-to-date: /home/microros/microros_ws/firmware/mcu_ws/install/builtin_interfaces/share/ament_index/resource_index/parent_prefix_path/builtin_interfaces
-- Up-to-date: /home/microros/microros_ws/firmware/mcu_ws/install/builtin_interfaces/share/builtin_interfaces/environment/ament_prefix_path.sh
-- Installing: /home/microros/microros_ws/firmware/mcu_ws/install/builtin_interfaces/share/builtin_interfaces/environment/ament_prefix_path.dsv
-- Up-to-date: /home/microros/microros_ws/firmware/mcu_ws/install/builtin_interfaces/share/builtin_interfaces/environment/path.sh
-- Installing: /home/microros/microros_ws/firmware/mcu_ws/install/builtin_interfaces/share/builtin_interfaces/environment/path.dsv
-- Up-to-date: /home/microros/microros_ws/firmware/mcu_ws/install/builtin_interfaces/share/builtin_interfaces/local_setup.bash
-- Up-to-date: /home/microros/microros_ws/firmware/mcu_ws/install/builtin_interfaces/share/builtin_interfaces/local_setup.sh
-- Up-to-date: /home/microros/microros_ws/firmware/mcu_ws/install/builtin_interfaces/share/builtin_interfaces/local_setup.zsh
-- Installing: /home/microros/microros_ws/firmware/mcu_ws/install/builtin_interfaces/share/builtin_interfaces/local_setup.dsv
-- Installing: /home/microros/microros_ws/firmware/mcu_ws/install/builtin_interfaces/share/builtin_interfaces/package.dsv
-- Up-to-date: /home/microros/microros_ws/firmware/mcu_ws/install/builtin_interfaces/share/ament_index/resource_index/packages/builtin_interfaces
-- Up-to-date: /home/microros/microros_ws/firmware/mcu_ws/install/builtin_interfaces/share/builtin_interfaces/cmake/builtin_interfaces__rosidl_generator_cExport.cmake
-- Installing: /home/microros/microros_ws/firmware/mcu_ws/install/builtin_interfaces/share/builtin_interfaces/cmake/builtin_interfaces__rosidl_generator_cExport-relwithdebinfo.cmake
-- Up-to-date: /home/microros/microros_ws/firmware/mcu_ws/install/builtin_interfaces/share/builtin_interfaces/cmake/builtin_interfaces__rosidl_typesupport_cExport.cmake
-- Installing: /home/microros/microros_ws/firmware/mcu_ws/install/builtin_interfaces/share/builtin_interfaces/cmake/builtin_interfaces__rosidl_typesupport_cExport-relwithdebinfo.cmake
-- Up-to-date: /home/microros/microros_ws/firmware/mcu_ws/install/builtin_interfaces/share/builtin_interfaces/cmake/rosidl_cmake-extras.cmake
-- Up-to-date: /home/microros/microros_ws/firmware/mcu_ws/install/builtin_interfaces/share/builtin_interfaces/cmake/ament_cmake_export_dependencies-extras.cmake
-- Up-to-date: /home/microros/microros_ws/firmware/mcu_ws/install/builtin_interfaces/share/builtin_interfaces/cmake/ament_cmake_export_libraries-extras.cmake
-- Up-to-date: /home/microros/microros_ws/firmware/mcu_ws/install/builtin_interfaces/share/builtin_interfaces/cmake/ament_cmake_export_targets-extras.cmake
-- Up-to-date: /home/microros/microros_ws/firmware/mcu_ws/install/builtin_interfaces/share/builtin_interfaces/cmake/ament_cmake_export_include_directories-extras.cmake
-- Up-to-date: /home/microros/microros_ws/firmware/mcu_ws/install/builtin_interfaces/share/builtin_interfaces/cmake/rosidl_cmake_export_typesupport_libraries-extras.cmake
-- Up-to-date: /home/microros/microros_ws/firmware/mcu_ws/install/builtin_interfaces/share/builtin_interfaces/cmake/builtin_interfacesConfig.cmake
-- Up-to-date: /home/microros/microros_ws/firmware/mcu_ws/install/builtin_interfaces/share/builtin_interfaces/cmake/builtin_interfacesConfig-version.cmake
-- Up-to-date: /home/microros/microros_ws/firmware/mcu_ws/install/builtin_interfaces/share/builtin_interfaces/package.xml
