[0.050s] Invoking command in '/home/microros/microros_ws/firmware/mcu_ws/build/microcdr': /usr/bin/cmake /home/microros/microros_ws/firmware/mcu_ws/eProsima/Micro-CDR -DBUILD_SHARED_LIBS=OFF -DCMAKE_POSITION_INDEPENDENT_CODE=ON -DBUILD_TESTING=OFF -DCMAKE_BUILD_TYPE=RelWithDebInfo -DCMAKE_TOOLCHAIN_FILE=/home/microros/microros_ws/firmware/apps/uros/arm_toolchain.cmake -DCMAKE_VERBOSE_MAKEFILE=ON -DUCDR_ISOLATED_INSTALL=OFF -DCMAKE_INSTALL_PREFIX=/home/microros/microros_ws/firmware/mcu_ws/install/microcdr
[0.225s] -- The C compiler identification is GNU 9.2.1
[0.248s] -- Check for working C compiler: /usr/bin/arm-none-eabi-gcc
[0.420s] -- Check for working C compiler: /usr/bin/arm-none-eabi-gcc -- works
[0.422s] -- Detecting C compiler ABI info
[0.571s] -- Detecting C compiler ABI info - done
[0.585s] -- Detecting C compile features
[0.586s] -- Detecting C compile features - done
[0.679s] -- The CXX compiler identification is GNU 9.2.1
[0.691s] -- Check for working CXX compiler: /usr/bin/arm-none-eabi-g++
[0.780s] -- Check for working CXX compiler: /usr/bin/arm-none-eabi-g++ -- works
[0.781s] -- Detecting CXX compiler ABI info
[0.877s] -- Detecting CXX compiler ABI info - done
[0.891s] -- Detecting CXX compile features
[0.892s] -- Detecting CXX compile features - done
[0.908s] -- Configuring done
[0.911s] -- Generating done
[0.912s] -- Build files have been written to: /home/microros/microros_ws/firmware/mcu_ws/build/microcdr
[0.917s] Invoked command in '/home/microros/microros_ws/firmware/mcu_ws/build/microcdr' returned '0': /usr/bin/cmake /home/microros/microros_ws/firmware/mcu_ws/eProsima/Micro-CDR -DBUILD_SHARED_LIBS=OFF -DCMAKE_POSITION_INDEPENDENT_CODE=ON -DBUILD_TESTING=OFF -DCMAKE_BUILD_TYPE=RelWithDebInfo -DCMAKE_TOOLCHAIN_FILE=/home/microros/microros_ws/firmware/apps/uros/arm_toolchain.cmake -DCMAKE_VERBOSE_MAKEFILE=ON -DUCDR_ISOLATED_INSTALL=OFF -DCMAKE_INSTALL_PREFIX=/home/microros/microros_ws/firmware/mcu_ws/install/microcdr
[0.920s] Invoking command in '/home/microros/microros_ws/firmware/mcu_ws/build/microcdr': /usr/bin/cmake --build /home/microros/microros_ws/firmware/mcu_ws/build/microcdr -- -j4 -l4
[0.947s] make[4]: Entering directory '/home/microros/microros_ws/firmware/mcu_ws/build/microcdr'
[0.947s] /usr/bin/cmake -S/home/microros/microros_ws/firmware/mcu_ws/eProsima/Micro-CDR -B/home/microros/microros_ws/firmware/mcu_ws/build/microcdr --check-build-system CMakeFiles/Makefile.cmake 0
[0.982s] /usr/bin/cmake -E cmake_progress_start /home/microros/microros_ws/firmware/mcu_ws/build/microcdr/CMakeFiles /home/microros/microros_ws/firmware/mcu_ws/build/microcdr/CMakeFiles/progress.marks
[0.988s] /usr/bin/make -f CMakeFiles/Makefile2 all
[0.989s] make[5]: Entering directory '/home/microros/microros_ws/firmware/mcu_ws/build/microcdr'
[0.989s] /usr/bin/make -f CMakeFiles/ucdr.dir/build.make CMakeFiles/ucdr.dir/depend
[0.991s] make[6]: Entering directory '/home/microros/microros_ws/firmware/mcu_ws/build/microcdr'
[0.991s] cd /home/microros/microros_ws/firmware/mcu_ws/build/microcdr && /usr/bin/cmake -E cmake_depends "Unix Makefiles" /home/microros/microros_ws/firmware/mcu_ws/eProsima/Micro-CDR /home/microros/microros_ws/firmware/mcu_ws/eProsima/Micro-CDR /home/microros/microros_ws/firmware/mcu_ws/build/microcdr /home/microros/microros_ws/firmware/mcu_ws/build/microcdr /home/microros/microros_ws/firmware/mcu_ws/build/microcdr/CMakeFiles/ucdr.dir/DependInfo.cmake --color=
[1.005s] Dependee "/home/microros/microros_ws/firmware/mcu_ws/build/microcdr/CMakeFiles/ucdr.dir/DependInfo.cmake" is newer than depender "/home/microros/microros_ws/firmware/mcu_ws/build/microcdr/CMakeFiles/ucdr.dir/depend.internal".
[1.005s] Dependee "/home/microros/microros_ws/firmware/mcu_ws/build/microcdr/CMakeFiles/CMakeDirectoryInformation.cmake" is newer than depender "/home/microros/microros_ws/firmware/mcu_ws/build/microcdr/CMakeFiles/ucdr.dir/depend.internal".
[1.005s] [35m[1mScanning dependencies of target ucdr[0m
[1.006s] make[6]: Leaving directory '/home/microros/microros_ws/firmware/mcu_ws/build/microcdr'
[1.007s] /usr/bin/make -f CMakeFiles/ucdr.dir/build.make CMakeFiles/ucdr.dir/build
[1.010s] make[6]: Entering directory '/home/microros/microros_ws/firmware/mcu_ws/build/microcdr'
[1.021s] [ 12%] [34m[1mCreating directories for 'ucdr'[0m
[1.022s] /usr/bin/cmake -E make_directory /home/microros/microros_ws/firmware/mcu_ws/eProsima/Micro-CDR
[1.038s] /usr/bin/cmake -E make_directory /home/microros/microros_ws/firmware/mcu_ws/build/microcdr
[1.045s] /usr/bin/cmake -E make_directory /home/microros/microros_ws/firmware/mcu_ws/build/microcdr/ucdr-prefix
[1.057s] /usr/bin/cmake -E make_directory /home/microros/microros_ws/firmware/mcu_ws/build/microcdr/ucdr-prefix/tmp
[1.068s] /usr/bin/cmake -E make_directory /home/microros/microros_ws/firmware/mcu_ws/build/microcdr/ucdr-prefix/src/ucdr-stamp
[1.080s] /usr/bin/cmake -E make_directory /home/microros/microros_ws/firmware/mcu_ws/build/microcdr/ucdr-prefix/src
[1.091s] /usr/bin/cmake -E make_directory /home/microros/microros_ws/firmware/mcu_ws/build/microcdr/ucdr-prefix/src/ucdr-stamp
[1.107s] /usr/bin/cmake -E touch /home/microros/microros_ws/firmware/mcu_ws/build/microcdr/ucdr-prefix/src/ucdr-stamp/ucdr-mkdir
[1.134s] [ 25%] [34m[1mNo download step for 'ucdr'[0m
[1.135s] /usr/bin/cmake -E echo_append
[1.145s] /usr/bin/cmake -E touch /home/microros/microros_ws/firmware/mcu_ws/build/microcdr/ucdr-prefix/src/ucdr-stamp/ucdr-download
[1.168s] [ 37%] [34m[1mNo patch step for 'ucdr'[0m
[1.169s] /usr/bin/cmake -E echo_append
[1.183s] /usr/bin/cmake -E touch /home/microros/microros_ws/firmware/mcu_ws/build/microcdr/ucdr-prefix/src/ucdr-stamp/ucdr-patch
[1.192s] [ 50%] [34m[1mNo update step for 'ucdr'[0m
[1.193s] /usr/bin/cmake -E echo_append
[1.216s] /usr/bin/cmake -E touch /home/microros/microros_ws/firmware/mcu_ws/build/microcdr/ucdr-prefix/src/ucdr-stamp/ucdr-update
[1.237s] [ 62%] [34m[1mPerforming configure step for 'ucdr'[0m
[1.238s] /usr/bin/cmake "-GUnix Makefiles" -C/home/microros/microros_ws/firmware/mcu_ws/build/microcdr/ucdr-prefix/tmp/ucdr-cache-RelWithDebInfo.cmake /home/microros/microros_ws/firmware/mcu_ws/eProsima/Micro-CDR
[1.249s] loading initial cache file /home/microros/microros_ws/firmware/mcu_ws/build/microcdr/ucdr-prefix/tmp/ucdr-cache-RelWithDebInfo.cmake
[1.249s] Re-run cmake no build system arguments
[1.264s] -- Configuring done
[1.269s] -- Generating done
[1.270s] -- Build files have been written to: /home/microros/microros_ws/firmware/mcu_ws/build/microcdr
[1.271s] /usr/bin/cmake -E touch /home/microros/microros_ws/firmware/mcu_ws/build/microcdr/ucdr-prefix/src/ucdr-stamp/ucdr-configure
[1.293s] [ 75%] [34m[1mPerforming build step for 'ucdr'[0m
[1.293s] /usr/bin/make
[1.297s] make[7]: Entering directory '/home/microros/microros_ws/firmware/mcu_ws/build/microcdr'
[1.297s] /usr/bin/cmake -S/home/microros/microros_ws/firmware/mcu_ws/eProsima/Micro-CDR -B/home/microros/microros_ws/firmware/mcu_ws/build/microcdr --check-build-system CMakeFiles/Makefile.cmake 0
[1.310s] /usr/bin/cmake -E cmake_progress_start /home/microros/microros_ws/firmware/mcu_ws/build/microcdr/CMakeFiles /home/microros/microros_ws/firmware/mcu_ws/build/microcdr/CMakeFiles/progress.marks
[1.322s] /usr/bin/make -f CMakeFiles/Makefile2 all
[1.324s] make[8]: Entering directory '/home/microros/microros_ws/firmware/mcu_ws/build/microcdr'
[1.325s] /usr/bin/make -f CMakeFiles/microcdr.dir/build.make CMakeFiles/microcdr.dir/depend
[1.330s] make[9]: Entering directory '/home/microros/microros_ws/firmware/mcu_ws/build/microcdr'
[1.330s] cd /home/microros/microros_ws/firmware/mcu_ws/build/microcdr && /usr/bin/cmake -E cmake_depends "Unix Makefiles" /home/microros/microros_ws/firmware/mcu_ws/eProsima/Micro-CDR /home/microros/microros_ws/firmware/mcu_ws/eProsima/Micro-CDR /home/microros/microros_ws/firmware/mcu_ws/build/microcdr /home/microros/microros_ws/firmware/mcu_ws/build/microcdr /home/microros/microros_ws/firmware/mcu_ws/build/microcdr/CMakeFiles/microcdr.dir/DependInfo.cmake --color=
[1.339s] Dependee "/home/microros/microros_ws/firmware/mcu_ws/build/microcdr/CMakeFiles/microcdr.dir/DependInfo.cmake" is newer than depender "/home/microros/microros_ws/firmware/mcu_ws/build/microcdr/CMakeFiles/microcdr.dir/depend.internal".
[1.339s] Dependee "/home/microros/microros_ws/firmware/mcu_ws/build/microcdr/CMakeFiles/CMakeDirectoryInformation.cmake" is newer than depender "/home/microros/microros_ws/firmware/mcu_ws/build/microcdr/CMakeFiles/microcdr.dir/depend.internal".
[1.339s] [35m[1mScanning dependencies of target microcdr[0m
[1.343s] make[9]: Leaving directory '/home/microros/microros_ws/firmware/mcu_ws/build/microcdr'
[1.344s] /usr/bin/make -f CMakeFiles/microcdr.dir/build.make CMakeFiles/microcdr.dir/build
[1.346s] make[9]: Entering directory '/home/microros/microros_ws/firmware/mcu_ws/build/microcdr'
[1.358s] [ 16%] [32mBuilding C object CMakeFiles/microcdr.dir/src/c/common.c.obj[0m
[1.363s] /usr/bin/arm-none-eabi-gcc --sysroot=/home/microros/microros_ws/firmware/NuttX/..  -I/home/microros/microros_ws/firmware/mcu_ws/eProsima/Micro-CDR/include -I/home/microros/microros_ws/firmware/mcu_ws/build/microcdr/include -isystem /home/microros/microros_ws/firmware/NuttX/include -isystem /home/microros/microros_ws/firmware/NuttX/include/cxx -isystem /home/microros/microros_ws/firmware/NuttX/include/uClibc++  -std=c99 -Dunix=1 -mcpu=cortex-m4 -mthumb -mfloat-abi=soft -Os -fno-strict-aliasing -fno-strength-reduce -fomit-frame-pointer -O2 -g -DNDEBUG -fPIC   -Wall -Wextra -Wshadow -pedantic -Wcast-align -Wunused -Wconversion -Wsign-conversion -Wdouble-promotion -Wnull-dereference -Wduplicated-branches -Wduplicated-cond -Wrestrict -fdata-sections -ffunction-sections -std=gnu99 -o CMakeFiles/microcdr.dir/src/c/common.c.obj   -c /home/microros/microros_ws/firmware/mcu_ws/eProsima/Micro-CDR/src/c/common.c
[1.364s] [ 33%] [32mBuilding C object CMakeFiles/microcdr.dir/src/c/types/basic.c.obj[0m
[1.370s] [ 50%] [32mBuilding C object CMakeFiles/microcdr.dir/src/c/types/string.c.obj[0m
[1.371s] /usr/bin/arm-none-eabi-gcc --sysroot=/home/microros/microros_ws/firmware/NuttX/..  -I/home/microros/microros_ws/firmware/mcu_ws/eProsima/Micro-CDR/include -I/home/microros/microros_ws/firmware/mcu_ws/build/microcdr/include -isystem /home/microros/microros_ws/firmware/NuttX/include -isystem /home/microros/microros_ws/firmware/NuttX/include/cxx -isystem /home/microros/microros_ws/firmware/NuttX/include/uClibc++  -std=c99 -Dunix=1 -mcpu=cortex-m4 -mthumb -mfloat-abi=soft -Os -fno-strict-aliasing -fno-strength-reduce -fomit-frame-pointer -O2 -g -DNDEBUG -fPIC   -Wall -Wextra -Wshadow -pedantic -Wcast-align -Wunused -Wconversion -Wsign-conversion -Wdouble-promotion -Wnull-dereference -Wduplicated-branches -Wduplicated-cond -Wrestrict -fdata-sections -ffunction-sections -std=gnu99 -o CMakeFiles/microcdr.dir/src/c/types/basic.c.obj   -c /home/microros/microros_ws/firmware/mcu_ws/eProsima/Micro-CDR/src/c/types/basic.c
[1.376s] [ 66%] [32mBuilding C object CMakeFiles/microcdr.dir/src/c/types/array.c.obj[0m
[1.377s] /usr/bin/arm-none-eabi-gcc --sysroot=/home/microros/microros_ws/firmware/NuttX/..  -I/home/microros/microros_ws/firmware/mcu_ws/eProsima/Micro-CDR/include -I/home/microros/microros_ws/firmware/mcu_ws/build/microcdr/include -isystem /home/microros/microros_ws/firmware/NuttX/include -isystem /home/microros/microros_ws/firmware/NuttX/include/cxx -isystem /home/microros/microros_ws/firmware/NuttX/include/uClibc++  -std=c99 -Dunix=1 -mcpu=cortex-m4 -mthumb -mfloat-abi=soft -Os -fno-strict-aliasing -fno-strength-reduce -fomit-frame-pointer -O2 -g -DNDEBUG -fPIC   -Wall -Wextra -Wshadow -pedantic -Wcast-align -Wunused -Wconversion -Wsign-conversion -Wdouble-promotion -Wnull-dereference -Wduplicated-branches -Wduplicated-cond -Wrestrict -fdata-sections -ffunction-sections -std=gnu99 -o CMakeFiles/microcdr.dir/src/c/types/string.c.obj   -c /home/microros/microros_ws/firmware/mcu_ws/eProsima/Micro-CDR/src/c/types/string.c
[1.396s] /usr/bin/arm-none-eabi-gcc --sysroot=/home/microros/microros_ws/firmware/NuttX/..  -I/home/microros/microros_ws/firmware/mcu_ws/eProsima/Micro-CDR/include -I/home/microros/microros_ws/firmware/mcu_ws/build/microcdr/include -isystem /home/microros/microros_ws/firmware/NuttX/include -isystem /home/microros/microros_ws/firmware/NuttX/include/cxx -isystem /home/microros/microros_ws/firmware/NuttX/include/uClibc++  -std=c99 -Dunix=1 -mcpu=cortex-m4 -mthumb -mfloat-abi=soft -Os -fno-strict-aliasing -fno-strength-reduce -fomit-frame-pointer -O2 -g -DNDEBUG -fPIC   -Wall -Wextra -Wshadow -pedantic -Wcast-align -Wunused -Wconversion -Wsign-conversion -Wdouble-promotion -Wnull-dereference -Wduplicated-branches -Wduplicated-cond -Wrestrict -fdata-sections -ffunction-sections -std=gnu99 -o CMakeFiles/microcdr.dir/src/c/types/array.c.obj   -c /home/microros/microros_ws/firmware/mcu_ws/eProsima/Micro-CDR/src/c/types/array.c
[1.533s] [ 83%] [32mBuilding C object CMakeFiles/microcdr.dir/src/c/types/sequence.c.obj[0m
[1.534s] /usr/bin/arm-none-eabi-gcc --sysroot=/home/microros/microros_ws/firmware/NuttX/..  -I/home/microros/microros_ws/firmware/mcu_ws/eProsima/Micro-CDR/include -I/home/microros/microros_ws/firmware/mcu_ws/build/microcdr/include -isystem /home/microros/microros_ws/firmware/NuttX/include -isystem /home/microros/microros_ws/firmware/NuttX/include/cxx -isystem /home/microros/microros_ws/firmware/NuttX/include/uClibc++  -std=c99 -Dunix=1 -mcpu=cortex-m4 -mthumb -mfloat-abi=soft -Os -fno-strict-aliasing -fno-strength-reduce -fomit-frame-pointer -O2 -g -DNDEBUG -fPIC   -Wall -Wextra -Wshadow -pedantic -Wcast-align -Wunused -Wconversion -Wsign-conversion -Wdouble-promotion -Wnull-dereference -Wduplicated-branches -Wduplicated-cond -Wrestrict -fdata-sections -ffunction-sections -std=gnu99 -o CMakeFiles/microcdr.dir/src/c/types/sequence.c.obj   -c /home/microros/microros_ws/firmware/mcu_ws/eProsima/Micro-CDR/src/c/types/sequence.c
[1.880s] [100%] [32m[1mLinking C static library libmicrocdr.a[0m
[1.881s] /usr/bin/cmake -P CMakeFiles/microcdr.dir/cmake_clean_target.cmake
[1.892s] /usr/bin/cmake -E cmake_link_script CMakeFiles/microcdr.dir/link.txt --verbose=1
[1.899s] /usr/bin/arm-none-eabi-ar qc libmicrocdr.a  CMakeFiles/microcdr.dir/src/c/common.c.obj CMakeFiles/microcdr.dir/src/c/types/basic.c.obj CMakeFiles/microcdr.dir/src/c/types/string.c.obj CMakeFiles/microcdr.dir/src/c/types/array.c.obj CMakeFiles/microcdr.dir/src/c/types/sequence.c.obj
[1.903s] /usr/bin/arm-none-eabi-ranlib libmicrocdr.a
[1.907s] make[9]: Leaving directory '/home/microros/microros_ws/firmware/mcu_ws/build/microcdr'
[1.918s] [100%] Built target microcdr
[1.920s] make[8]: Leaving directory '/home/microros/microros_ws/firmware/mcu_ws/build/microcdr'
[1.920s] /usr/bin/cmake -E cmake_progress_start /home/microros/microros_ws/firmware/mcu_ws/build/microcdr/CMakeFiles 0
[1.929s] make[7]: Leaving directory '/home/microros/microros_ws/firmware/mcu_ws/build/microcdr'
[1.929s] /usr/bin/cmake -E touch /home/microros/microros_ws/firmware/mcu_ws/build/microcdr/ucdr-prefix/src/ucdr-stamp/ucdr-build
[1.949s] [34m[1mNo install step for 'ucdr'[0m
[1.950s] /usr/bin/cmake -E echo_append
[1.958s] /usr/bin/cmake -E touch /home/microros/microros_ws/firmware/mcu_ws/build/microcdr/ucdr-prefix/src/ucdr-stamp/ucdr-install
[1.973s] [34m[1mCompleted 'ucdr'[0m
[1.974s] /usr/bin/cmake -E make_directory /home/microros/microros_ws/firmware/mcu_ws/build/microcdr/CMakeFiles
[1.983s] /usr/bin/cmake -E touch /home/microros/microros_ws/firmware/mcu_ws/build/microcdr/CMakeFiles/ucdr-complete
[1.990s] /usr/bin/cmake -E touch /home/microros/microros_ws/firmware/mcu_ws/build/microcdr/ucdr-prefix/src/ucdr-stamp/ucdr-done
[1.998s] make[6]: Leaving directory '/home/microros/microros_ws/firmware/mcu_ws/build/microcdr'
[2.020s] Built target ucdr
[2.021s] make[5]: Leaving directory '/home/microros/microros_ws/firmware/mcu_ws/build/microcdr'
[2.021s] /usr/bin/cmake -E cmake_progress_start /home/microros/microros_ws/firmware/mcu_ws/build/microcdr/CMakeFiles 0
[2.042s] make[4]: Leaving directory '/home/microros/microros_ws/firmware/mcu_ws/build/microcdr'
[2.048s] Invoked command in '/home/microros/microros_ws/firmware/mcu_ws/build/microcdr' returned '0': /usr/bin/cmake --build /home/microros/microros_ws/firmware/mcu_ws/build/microcdr -- -j4 -l4
[2.226s] Invoking command in '/home/microros/microros_ws/firmware/mcu_ws/build/microcdr': /usr/bin/cmake --install /home/microros/microros_ws/firmware/mcu_ws/build/microcdr
[2.235s] -- Install configuration: "RelWithDebInfo"
[2.235s] -- Installing: /home/microros/microros_ws/firmware/mcu_ws/install/microcdr/lib/libmicrocdr.a
[2.236s] -- Installing: /home/microros/microros_ws/firmware/mcu_ws/install/microcdr/include/ucdr
[2.236s] -- Installing: /home/microros/microros_ws/firmware/mcu_ws/install/microcdr/include/ucdr/visibility.h
[2.236s] -- Installing: /home/microros/microros_ws/firmware/mcu_ws/install/microcdr/include/ucdr/microcdr.h
[2.236s] -- Installing: /home/microros/microros_ws/firmware/mcu_ws/install/microcdr/include/ucdr/config.h
[2.236s] -- Installing: /home/microros/microros_ws/firmware/mcu_ws/install/microcdr/share/microcdr/cmake/microcdrTargets.cmake
[2.236s] -- Installing: /home/microros/microros_ws/firmware/mcu_ws/install/microcdr/share/microcdr/cmake/microcdrTargets-relwithdebinfo.cmake
[2.237s] -- Installing: /home/microros/microros_ws/firmware/mcu_ws/install/microcdr/share/microcdr/cmake/microcdrConfig.cmake
[2.237s] -- Installing: /home/microros/microros_ws/firmware/mcu_ws/install/microcdr/share/microcdr/cmake/microcdrConfigVersion.cmake
[2.240s] Invoked command in '/home/microros/microros_ws/firmware/mcu_ws/build/microcdr' returned '0': /usr/bin/cmake --install /home/microros/microros_ws/firmware/mcu_ws/build/microcdr
