make[3]: Entering directory '/home/microros/microros_ws/firmware/mcu_ws/build/rosidl_typesupport_c'
/usr/bin/cmake -S/home/microros/microros_ws/firmware/mcu_ws/uros/rosidl_typesupport/rosidl_typesupport_c -B/home/microros/microros_ws/firmware/mcu_ws/build/rosidl_typesupport_c --check-build-system CMakeFiles/Makefile.cmake 0
/usr/bin/cmake -E cmake_progress_start /home/microros/microros_ws/firmware/mcu_ws/build/rosidl_typesupport_c/CMakeFiles /home/microros/microros_ws/firmware/mcu_ws/build/rosidl_typesupport_c/CMakeFiles/progress.marks
/usr/bin/make -f CMakeFiles/Makefile2 all
make[4]: Entering directory '/home/microros/microros_ws/firmware/mcu_ws/build/rosidl_typesupport_c'
/usr/bin/make -f CMakeFiles/rosidl_typesupport_c.dir/build.make CMakeFiles/rosidl_typesupport_c.dir/depend
make[5]: Entering directory '/home/microros/microros_ws/firmware/mcu_ws/build/rosidl_typesupport_c'
cd /home/microros/microros_ws/firmware/mcu_ws/build/rosidl_typesupport_c && /usr/bin/cmake -E cmake_depends "Unix Makefiles" /home/microros/microros_ws/firmware/mcu_ws/uros/rosidl_typesupport/rosidl_typesupport_c /home/microros/microros_ws/firmware/mcu_ws/uros/rosidl_typesupport/rosidl_typesupport_c /home/microros/microros_ws/firmware/mcu_ws/build/rosidl_typesupport_c /home/microros/microros_ws/firmware/mcu_ws/build/rosidl_typesupport_c /home/microros/microros_ws/firmware/mcu_ws/build/rosidl_typesupport_c/CMakeFiles/rosidl_typesupport_c.dir/DependInfo.cmake --color=
make[5]: Leaving directory '/home/microros/microros_ws/firmware/mcu_ws/build/rosidl_typesupport_c'
/usr/bin/make -f CMakeFiles/rosidl_typesupport_c.dir/build.make CMakeFiles/rosidl_typesupport_c.dir/build
make[5]: Entering directory '/home/microros/microros_ws/firmware/mcu_ws/build/rosidl_typesupport_c'
make[5]: Nothing to be done for 'CMakeFiles/rosidl_typesupport_c.dir/build'.
make[5]: Leaving directory '/home/microros/microros_ws/firmware/mcu_ws/build/rosidl_typesupport_c'
[100%] Built target rosidl_typesupport_c
make[4]: Leaving directory '/home/microros/microros_ws/firmware/mcu_ws/build/rosidl_typesupport_c'
/usr/bin/cmake -E cmake_progress_start /home/microros/microros_ws/firmware/mcu_ws/build/rosidl_typesupport_c/CMakeFiles 0
make[3]: Leaving directory '/home/microros/microros_ws/firmware/mcu_ws/build/rosidl_typesupport_c'
-- Install configuration: "RelWithDebInfo"
-- Up-to-date: /home/microros/microros_ws/firmware/mcu_ws/install/rosidl_typesupport_c/share/rosidl_typesupport_c/environment/pythonpath.sh
-- Up-to-date: /home/microros/microros_ws/firmware/mcu_ws/install/rosidl_typesupport_c/share/rosidl_typesupport_c/environment/pythonpath.dsv
-- Up-to-date: /home/microros/microros_ws/firmware/mcu_ws/install/rosidl_typesupport_c/lib/python3.8/site-packages/rosidl_typesupport_c
-- Up-to-date: /home/microros/microros_ws/firmware/mcu_ws/install/rosidl_typesupport_c/lib/python3.8/site-packages/rosidl_typesupport_c/__init__.py
Listing '/home/microros/microros_ws/firmware/mcu_ws/install/rosidl_typesupport_c/lib/python3.8/site-packages/rosidl_typesupport_c'...
-- Up-to-date: /home/microros/microros_ws/firmware/mcu_ws/install/rosidl_typesupport_c/share/rosidl_typesupport_c/environment/library_path.sh
-- Up-to-date: /home/microros/microros_ws/firmware/mcu_ws/install/rosidl_typesupport_c/share/rosidl_typesupport_c/environment/library_path.dsv
-- Up-to-date: /home/microros/microros_ws/firmware/mcu_ws/install/rosidl_typesupport_c/share/ament_index/resource_index/rosidl_runtime_packages/rosidl_typesupport_c
-- Up-to-date: /home/microros/microros_ws/firmware/mcu_ws/install/rosidl_typesupport_c/share/ament_index/resource_index/package_run_dependencies/rosidl_typesupport_c
-- Up-to-date: /home/microros/microros_ws/firmware/mcu_ws/install/rosidl_typesupport_c/share/ament_index/resource_index/parent_prefix_path/rosidl_typesupport_c
-- Up-to-date: /home/microros/microros_ws/firmware/mcu_ws/install/rosidl_typesupport_c/share/rosidl_typesupport_c/environment/ament_prefix_path.sh
-- Up-to-date: /home/microros/microros_ws/firmware/mcu_ws/install/rosidl_typesupport_c/share/rosidl_typesupport_c/environment/ament_prefix_path.dsv
-- Up-to-date: /home/microros/microros_ws/firmware/mcu_ws/install/rosidl_typesupport_c/share/rosidl_typesupport_c/environment/path.sh
-- Up-to-date: /home/microros/microros_ws/firmware/mcu_ws/install/rosidl_typesupport_c/share/rosidl_typesupport_c/environment/path.dsv
-- Up-to-date: /home/microros/microros_ws/firmware/mcu_ws/install/rosidl_typesupport_c/share/rosidl_typesupport_c/local_setup.bash
-- Up-to-date: /home/microros/microros_ws/firmware/mcu_ws/install/rosidl_typesupport_c/share/rosidl_typesupport_c/local_setup.sh
-- Up-to-date: /home/microros/microros_ws/firmware/mcu_ws/install/rosidl_typesupport_c/share/rosidl_typesupport_c/local_setup.zsh
-- Up-to-date: /home/microros/microros_ws/firmware/mcu_ws/install/rosidl_typesupport_c/share/rosidl_typesupport_c/local_setup.dsv
-- Installing: /home/microros/microros_ws/firmware/mcu_ws/install/rosidl_typesupport_c/share/rosidl_typesupport_c/package.dsv
-- Up-to-date: /home/microros/microros_ws/firmware/mcu_ws/install/rosidl_typesupport_c/share/ament_index/resource_index/packages/rosidl_typesupport_c
-- Up-to-date: /home/microros/microros_ws/firmware/mcu_ws/install/rosidl_typesupport_c/share/rosidl_typesupport_c/cmake/rosidl_typesupport_cExport.cmake
-- Up-to-date: /home/microros/microros_ws/firmware/mcu_ws/install/rosidl_typesupport_c/share/rosidl_typesupport_c/cmake/rosidl_typesupport_cExport-relwithdebinfo.cmake
-- Up-to-date: /home/microros/microros_ws/firmware/mcu_ws/install/rosidl_typesupport_c/share/rosidl_typesupport_c/cmake/rosidl_typesupport_c-extras.cmake
-- Up-to-date: /home/microros/microros_ws/firmware/mcu_ws/install/rosidl_typesupport_c/share/rosidl_typesupport_c/cmake/ament_cmake_export_dependencies-extras.cmake
-- Up-to-date: /home/microros/microros_ws/firmware/mcu_ws/install/rosidl_typesupport_c/share/rosidl_typesupport_c/cmake/ament_cmake_export_include_directories-extras.cmake
-- Up-to-date: /home/microros/microros_ws/firmware/mcu_ws/install/rosidl_typesupport_c/share/rosidl_typesupport_c/cmake/ament_cmake_export_libraries-extras.cmake
-- Up-to-date: /home/microros/microros_ws/firmware/mcu_ws/install/rosidl_typesupport_c/share/rosidl_typesupport_c/cmake/ament_cmake_export_targets-extras.cmake
-- Up-to-date: /home/microros/microros_ws/firmware/mcu_ws/install/rosidl_typesupport_c/share/rosidl_typesupport_c/cmake/rosidl_typesupport_cConfig.cmake
-- Up-to-date: /home/microros/microros_ws/firmware/mcu_ws/install/rosidl_typesupport_c/share/rosidl_typesupport_c/cmake/rosidl_typesupport_cConfig-version.cmake
-- Up-to-date: /home/microros/microros_ws/firmware/mcu_ws/install/rosidl_typesupport_c/share/rosidl_typesupport_c/package.xml
-- Up-to-date: /home/microros/microros_ws/firmware/mcu_ws/install/rosidl_typesupport_c/lib/rosidl_typesupport_c/rosidl_typesupport_c
-- Up-to-date: /home/microros/microros_ws/firmware/mcu_ws/install/rosidl_typesupport_c/share/rosidl_typesupport_c/cmake
-- Up-to-date: /home/microros/microros_ws/firmware/mcu_ws/install/rosidl_typesupport_c/share/rosidl_typesupport_c/cmake/rosidl_typesupport_c_generate_interfaces.cmake
-- Up-to-date: /home/microros/microros_ws/firmware/mcu_ws/install/rosidl_typesupport_c/share/rosidl_typesupport_c/cmake/get_used_typesupports.cmake
-- Up-to-date: /home/microros/microros_ws/firmware/mcu_ws/install/rosidl_typesupport_c/share/rosidl_typesupport_c/resource
-- Up-to-date: /home/microros/microros_ws/firmware/mcu_ws/install/rosidl_typesupport_c/share/rosidl_typesupport_c/resource/action__type_support.c.em
-- Up-to-date: /home/microros/microros_ws/firmware/mcu_ws/install/rosidl_typesupport_c/share/rosidl_typesupport_c/resource/rosidl_typesupport_c__visibility_control.h.in
-- Up-to-date: /home/microros/microros_ws/firmware/mcu_ws/install/rosidl_typesupport_c/share/rosidl_typesupport_c/resource/idl__type_support.cpp.em
-- Up-to-date: /home/microros/microros_ws/firmware/mcu_ws/install/rosidl_typesupport_c/share/rosidl_typesupport_c/resource/srv__type_support.cpp.em
-- Up-to-date: /home/microros/microros_ws/firmware/mcu_ws/install/rosidl_typesupport_c/share/rosidl_typesupport_c/resource/msg__type_support.cpp.em
-- Up-to-date: /home/microros/microros_ws/firmware/mcu_ws/install/rosidl_typesupport_c/include
-- Up-to-date: /home/microros/microros_ws/firmware/mcu_ws/install/rosidl_typesupport_c/include/rosidl_typesupport_c
-- Up-to-date: /home/microros/microros_ws/firmware/mcu_ws/install/rosidl_typesupport_c/include/rosidl_typesupport_c/identifier.h
-- Up-to-date: /home/microros/microros_ws/firmware/mcu_ws/install/rosidl_typesupport_c/include/rosidl_typesupport_c/visibility_control.h
-- Up-to-date: /home/microros/microros_ws/firmware/mcu_ws/install/rosidl_typesupport_c/include/rosidl_typesupport_c/service_type_support_dispatch.h
-- Up-to-date: /home/microros/microros_ws/firmware/mcu_ws/install/rosidl_typesupport_c/include/rosidl_typesupport_c/message_type_support_dispatch.h
-- Up-to-date: /home/microros/microros_ws/firmware/mcu_ws/install/rosidl_typesupport_c/include/rosidl_typesupport_c/type_support_map.h
-- Up-to-date: /home/microros/microros_ws/firmware/mcu_ws/install/rosidl_typesupport_c/lib/librosidl_typesupport_c.a
