CMake Warning (dev) at /home/microros/microros_ws/firmware/dev_ws/install/ament_cmake_test/share/ament_cmake_test/cmake/ament_cmake_test-extras.cmake:19 (option):
  Policy CMP0077 is not set: option() honors normal variables.  Run "cmake
  --help-policy CMP0077" for policy details.  Use the cmake_policy command to
  set the policy and suppress this warning.

  For compatibility with older versions of CMake, option is clearing the
  normal variable 'BUILD_TESTING'.
Call Stack (most recent call first):
  /home/microros/microros_ws/firmware/dev_ws/install/ament_cmake_test/share/ament_cmake_test/cmake/ament_cmake_testConfig.cmake:41 (include)
  /home/microros/microros_ws/firmware/dev_ws/install/ament_cmake_pytest/share/ament_cmake_pytest/cmake/ament_cmake_pytest-extras.cmake:17 (find_package)
  /home/microros/microros_ws/firmware/dev_ws/install/ament_cmake_pytest/share/ament_cmake_pytest/cmake/ament_cmake_pytestConfig.cmake:41 (include)
  /home/microros/microros_ws/firmware/dev_ws/install/ament_cmake_ros/share/ament_cmake_ros/cmake/ament_cmake_ros-extras.cmake:19 (find_package)
  /home/microros/microros_ws/firmware/dev_ws/install/ament_cmake_ros/share/ament_cmake_ros/cmake/ament_cmake_rosConfig.cmake:41 (include)
  CMakeLists.txt:30 (find_package)
This warning is for project developers.  Use -Wno-dev to suppress it.

CMake Warning (dev) at /home/microros/microros_ws/firmware/dev_ws/install/ament_cmake_ros/share/ament_cmake_ros/cmake/build_shared_libs.cmake:15 (option):
  Policy CMP0077 is not set: option() honors normal variables.  Run "cmake
  --help-policy CMP0077" for policy details.  Use the cmake_policy command to
  set the policy and suppress this warning.

  For compatibility with older versions of CMake, option is clearing the
  normal variable 'BUILD_SHARED_LIBS'.
Call Stack (most recent call first):
  /home/microros/microros_ws/firmware/dev_ws/install/ament_cmake_ros/share/ament_cmake_ros/cmake/ament_cmake_ros-extras.cmake:24 (include)
  /home/microros/microros_ws/firmware/dev_ws/install/ament_cmake_ros/share/ament_cmake_ros/cmake/ament_cmake_rosConfig.cmake:41 (include)
  CMakeLists.txt:30 (find_package)
This warning is for project developers.  Use -Wno-dev to suppress it.

CMake Warning at /home/microros/microros_ws/firmware/mcu_ws/install/rcutils/share/rcutils/cmake/ament_cmake_export_libraries-extras.cmake:116 (message):
  Package 'rcutils' exports library 'dl' which couldn't be found
Call Stack (most recent call first):
  /home/microros/microros_ws/firmware/mcu_ws/install/rcutils/share/rcutils/cmake/rcutilsConfig.cmake:41 (include)
  /home/microros/microros_ws/firmware/mcu_ws/install/rmw/share/rmw/cmake/ament_cmake_export_dependencies-extras.cmake:21 (find_package)
  /home/microros/microros_ws/firmware/mcu_ws/install/rmw/share/rmw/cmake/rmwConfig.cmake:41 (include)
  /home/microros/microros_ws/firmware/mcu_ws/install/rosidl_typesupport_microxrcedds_c/share/rosidl_typesupport_microxrcedds_c/cmake/ament_cmake_export_dependencies-extras.cmake:21 (find_package)
  /home/microros/microros_ws/firmware/mcu_ws/install/rosidl_typesupport_microxrcedds_c/share/rosidl_typesupport_microxrcedds_c/cmake/rosidl_typesupport_microxrcedds_cConfig.cmake:41 (include)
  /home/microros/microros_ws/firmware/mcu_ws/install/rosidl_typesupport_c/share/rosidl_typesupport_c/cmake/rosidl_typesupport_c-extras.cmake:13 (find_package)
  /home/microros/microros_ws/firmware/mcu_ws/install/rosidl_typesupport_c/share/rosidl_typesupport_c/cmake/rosidl_typesupport_cConfig.cmake:41 (include)
  /home/microros/microros_ws/firmware/mcu_ws/install/rosidl_default_runtime/share/rosidl_default_runtime/cmake/rosidl_default_runtime-extras.cmake:12 (find_package)
  /home/microros/microros_ws/firmware/mcu_ws/install/rosidl_default_runtime/share/rosidl_default_runtime/cmake/rosidl_default_runtimeConfig.cmake:41 (include)
  /home/microros/microros_ws/firmware/mcu_ws/install/builtin_interfaces/share/builtin_interfaces/cmake/ament_cmake_export_dependencies-extras.cmake:21 (find_package)
  /home/microros/microros_ws/firmware/mcu_ws/install/builtin_interfaces/share/builtin_interfaces/cmake/builtin_interfacesConfig.cmake:41 (include)
  /home/microros/microros_ws/firmware/mcu_ws/install/rcl_interfaces/share/rcl_interfaces/cmake/ament_cmake_export_dependencies-extras.cmake:21 (find_package)
  /home/microros/microros_ws/firmware/mcu_ws/install/rcl_interfaces/share/rcl_interfaces/cmake/rcl_interfacesConfig.cmake:41 (include)
  /home/microros/microros_ws/firmware/mcu_ws/install/rcl/share/rcl/cmake/ament_cmake_export_dependencies-extras.cmake:21 (find_package)
  /home/microros/microros_ws/firmware/mcu_ws/install/rcl/share/rcl/cmake/rclConfig.cmake:41 (include)
  CMakeLists.txt:31 (find_package)


In file included from [01m[K/home/microros/microros_ws/firmware/mcu_ws/uros/rclc/rclc/include/rclc/init.h:26[m[K,
                 from [01m[K/home/microros/microros_ws/firmware/mcu_ws/uros/rclc/rclc/src/rclc/init.c:17[m[K:
[01m[K/home/microros/microros_ws/firmware/mcu_ws/uros/rclc/rclc/include/rclc/types.h:52:[m[K [01;35m[Kwarning: [m[K"UNUSED" redefined
   52 | #define UNUSED(x) (void)x
      | 
In file included from [01m[K/home/microros/microros_ws/firmware/NuttX/include/stdbool.h:69[m[K,
                 from [01m[K/home/microros/microros_ws/firmware/mcu_ws/install/rcutils/include/rcutils/allocator.h:23[m[K,
                 from [01m[K/home/microros/microros_ws/firmware/mcu_ws/install/rcl/include/rcl/allocator.h:23[m[K,
                 from [01m[K/home/microros/microros_ws/firmware/mcu_ws/uros/rclc/rclc/include/rclc/init.h:25[m[K,
                 from [01m[K/home/microros/microros_ws/firmware/mcu_ws/uros/rclc/rclc/src/rclc/init.c:17[m[K:
[01m[K/home/microros/microros_ws/firmware/NuttX/include/nuttx/compiler.h:307:[m[K [01;36m[Knote: [m[Kthis is the location of the previous definition
  307 | #  define UNUSED(a) ((void)(a))
      | 
In file included from [01m[K/home/microros/microros_ws/firmware/mcu_ws/uros/rclc/rclc/include/rclc/timer.h:25[m[K,
                 from [01m[K/home/microros/microros_ws/firmware/mcu_ws/uros/rclc/rclc/src/rclc/timer.c:17[m[K:
[01m[K/home/microros/microros_ws/firmware/mcu_ws/uros/rclc/rclc/include/rclc/types.h:52:[m[K [01;35m[Kwarning: [m[K"UNUSED" redefined
   52 | #define UNUSED(x) (void)x
      | 
In file included from [01m[K/home/microros/microros_ws/firmware/NuttX/include/stdbool.h:69[m[K,
                 from [01m[K/home/microros/microros_ws/firmware/mcu_ws/install/rcl/include/rcl/timer.h:23[m[K,
                 from [01m[K/home/microros/microros_ws/firmware/mcu_ws/uros/rclc/rclc/include/rclc/timer.h:24[m[K,
                 from [01m[K/home/microros/microros_ws/firmware/mcu_ws/uros/rclc/rclc/src/rclc/timer.c:17[m[K:
[01m[K/home/microros/microros_ws/firmware/NuttX/include/nuttx/compiler.h:307:[m[K [01;36m[Knote: [m[Kthis is the location of the previous definition
  307 | #  define UNUSED(a) ((void)(a))
      | 
In file included from [01m[K/home/microros/microros_ws/firmware/mcu_ws/uros/rclc/rclc/src/rclc/timer.c:20[m[K:
[01m[K/home/microros/microros_ws/firmware/mcu_ws/uros/rclc/rclc/src/rclc/timer.c:[m[K In function '[01m[Krclc_timer_init_default[m[K':
[01m[K/home/microros/microros_ws/firmware/mcu_ws/uros/rclc/rclc/src/rclc/timer.c:45:22:[m[K [01;35m[Kwarning: [m[Kformat '[01m[K%ld[m[K' expects argument of type '[01m[Klong int[m[K', but argument 5 has type '[01m[Klong long unsigned int[m[K' [[01;35m[K-Wformat=[m[K]
   45 |     RCUTILS_LOG_INFO([01;35m[K"Created a timer with period %ld ms.\n"[m[K, [32m[Ktimeout_ns / 1000000[m[K);
      |                      [01;35m[K^~~~~~~~~~~~~~~~~~~~~~~~~~~~~~~~~~~~~~~[m[K  [32m[K~~~~~~~~~~~~~~~~~~~~[m[K
      |                                                                          [32m[K|[m[K
      |                                                                          [32m[Klong long unsigned int[m[K
[01m[K/home/microros/microros_ws/firmware/mcu_ws/uros/rclc/rclc/src/rclc/timer.c:45:53:[m[K [01;36m[Knote: [m[Kformat string is defined here
   45 |     RCUTILS_LOG_INFO("Created a timer with period [01;36m[K%ld[m[K ms.\n", timeout_ns / 1000000);
      |                                                   [01;36m[K~~^[m[K
      |                                                     [01;36m[K|[m[K
      |                                                     [01;36m[Klong int[m[K
      |                                                   [32m[K%lld[m[K
In file included from [01m[K/home/microros/microros_ws/firmware/mcu_ws/uros/rclc/rclc/include/rclc/node.h:25[m[K,
                 from [01m[K/home/microros/microros_ws/firmware/mcu_ws/uros/rclc/rclc/src/rclc/node.c:17[m[K:
[01m[K/home/microros/microros_ws/firmware/mcu_ws/uros/rclc/rclc/include/rclc/types.h:52:[m[K [01;35m[Kwarning: [m[K"UNUSED" redefined
   52 | #define UNUSED(x) (void)x
      | 
In file included from [01m[K/home/microros/microros_ws/firmware/NuttX/include/stdint.h:48[m[K,
                 from [01m[K/home/microros/microros_ws/firmware/mcu_ws/install/rcl/include/rcl/node.h:23[m[K,
                 from [01m[K/home/microros/microros_ws/firmware/mcu_ws/uros/rclc/rclc/include/rclc/node.h:24[m[K,
                 from [01m[K/home/microros/microros_ws/firmware/mcu_ws/uros/rclc/rclc/src/rclc/node.c:17[m[K:
[01m[K/home/microros/microros_ws/firmware/NuttX/include/nuttx/compiler.h:307:[m[K [01;36m[Knote: [m[Kthis is the location of the previous definition
  307 | #  define UNUSED(a) ((void)(a))
      | 
In file included from [01m[K/home/microros/microros_ws/firmware/mcu_ws/uros/rclc/rclc/include/rclc/executor.h:31[m[K,
                 from [01m[K/home/microros/microros_ws/firmware/mcu_ws/uros/rclc/rclc/src/rclc/executor.c:17[m[K:
[01m[K/home/microros/microros_ws/firmware/mcu_ws/uros/rclc/rclc/include/rclc/types.h:52:[m[K [01;35m[Kwarning: [m[K"UNUSED" redefined
   52 | #define UNUSED(x) (void)x
      | 
In file included from [01m[K/home/microros/microros_ws/firmware/NuttX/include/sys/types.h:44[m[K,
                 from [01m[K/home/microros/microros_ws/firmware/NuttX/include/stdio.h:46[m[K,
                 from [01m[K/home/microros/microros_ws/firmware/mcu_ws/uros/rclc/rclc/include/rclc/executor.h:24[m[K,
                 from [01m[K/home/microros/microros_ws/firmware/mcu_ws/uros/rclc/rclc/src/rclc/executor.c:17[m[K:
[01m[K/home/microros/microros_ws/firmware/NuttX/include/nuttx/compiler.h:307:[m[K [01;36m[Knote: [m[Kthis is the location of the previous definition
  307 | #  define UNUSED(a) ((void)(a))
      | 
In file included from [01m[K/home/microros/microros_ws/firmware/mcu_ws/uros/rclc/rclc/include/rclc/executor.h:28[m[K,
                 from [01m[K/home/microros/microros_ws/firmware/mcu_ws/uros/rclc/rclc/src/rclc/executor.c:17[m[K:
[01m[K/home/microros/microros_ws/firmware/mcu_ws/uros/rclc/rclc/src/rclc/executor.c:[m[K In function '[01m[Krclc_executor_spin_some[m[K':
[01m[K/home/microros/microros_ws/firmware/mcu_ws/uros/rclc/rclc/src/rclc/executor.c:584:13:[m[K [01;35m[Kwarning: [m[Kformat '[01m[K%ld[m[K' expects argument of type '[01m[Klong int[m[K', but argument 5 has type '[01m[Ksize_t[m[K' {aka '[01m[Kunsigned int[m[K'} [[01;35m[K-Wformat=[m[K]
  584 |             [01;35m[K"Subscription added to wait_set_subscription[%ld]"[m[K,
      |             [01;35m[K^~~~~~~~~~~~~~~~~~~~~~~~~~~~~~~~~~~~~~~~~~~~~~~~~~[m[K
  585 |             [32m[Kexecutor->handles[i].index[m[K);
      |             [32m[K~~~~~~~~~~~~~~~~~~~~~~~~~~[m[K
      |                                 [32m[K|[m[K
      |                                 [32m[Ksize_t {aka unsigned int}[m[K
[01m[K/home/microros/microros_ws/firmware/mcu_ws/uros/rclc/rclc/src/rclc/executor.c:584:60:[m[K [01;36m[Knote: [m[Kformat string is defined here
  584 |             "Subscription added to wait_set_subscription[[01;36m[K%ld[m[K]",
      |                                                          [01;36m[K~~^[m[K
      |                                                            [01;36m[K|[m[K
      |                                                            [01;36m[Klong int[m[K
      |                                                          [32m[K%d[m[K
In file included from [01m[K/home/microros/microros_ws/firmware/mcu_ws/uros/rclc/rclc/include/rclc/executor.h:28[m[K,
                 from [01m[K/home/microros/microros_ws/firmware/mcu_ws/uros/rclc/rclc/src/rclc/executor.c:17[m[K:
[01m[K/home/microros/microros_ws/firmware/mcu_ws/uros/rclc/rclc/src/rclc/executor.c:599:31:[m[K [01;35m[Kwarning: [m[Kformat '[01m[K%ld[m[K' expects argument of type '[01m[Klong int[m[K', but argument 5 has type '[01m[Ksize_t[m[K' {aka '[01m[Kunsigned int[m[K'} [[01;35m[K-Wformat=[m[K]
  599 |             ROS_PACKAGE_NAME, [01;35m[K"Timer added to wait_set_timers[%ld]"[m[K,
      |                               [01;35m[K^~~~~~~~~~~~~~~~~~~~~~~~~~~~~~~~~~~~~[m[K
  600 |             [32m[Kexecutor->handles[i].index[m[K);
      |             [32m[K~~~~~~~~~~~~~~~~~~~~~~~~~~[m[K
      |                                 [32m[K|[m[K
      |                                 [32m[Ksize_t {aka unsigned int}[m[K
[01m[K/home/microros/microros_ws/firmware/mcu_ws/uros/rclc/rclc/src/rclc/executor.c:599:65:[m[K [01;36m[Knote: [m[Kformat string is defined here
  599 |             ROS_PACKAGE_NAME, "Timer added to wait_set_timers[[01;36m[K%ld[m[K]",
      |                                                               [01;36m[K~~^[m[K
      |                                                                 [01;36m[K|[m[K
      |                                                                 [01;36m[Klong int[m[K
      |                                                               [32m[K%d[m[K
[01m[K/home/microros/microros_ws/firmware/mcu_ws/uros/rclc/rclc/src/rclc/executor.c:[m[K In function '[01m[Krclc_executor_spin[m[K':
[01m[K/home/microros/microros_ws/firmware/mcu_ws/uros/rclc/rclc/src/rclc/executor.c:642:36:[m[K [01;35m[Kwarning: [m[Kformat '[01m[K%ld[m[K' expects argument of type '[01m[Klong int[m[K', but argument 2 has type '[01m[Kuint64_t[m[K' {aka '[01m[Klong long unsigned int[m[K'} [[01;35m[K-Wformat=[m[K]
  642 |   printf("INFO: rcl_wait timeout [01;35m[K%ld[m[K ms\n", [32m[K((executor->timeout_ns / 1000) / 1000)[m[K);
      |                                  [01;35m[K~~^[m[K        [32m[K~~~~~~~~~~~~~~~~~~~~~~~~~~~~~~~~~~~~~~[m[K
      |                                    [01;35m[K|[m[K                                       [32m[K|[m[K
      |                                    [01;35m[Klong int[m[K                                [32m[Kuint64_t {aka long long unsigned int}[m[K
      |                                  [32m[K%lld[m[K
In file included from [01m[K/home/microros/microros_ws/firmware/mcu_ws/uros/rclc/rclc/include/rclc/subscription.h:25[m[K,
                 from [01m[K/home/microros/microros_ws/firmware/mcu_ws/uros/rclc/rclc/src/rclc/subscription.c:17[m[K:
[01m[K/home/microros/microros_ws/firmware/mcu_ws/uros/rclc/rclc/include/rclc/types.h:52:[m[K [01;35m[Kwarning: [m[K"UNUSED" redefined
   52 | #define UNUSED(x) (void)x
      | 
In file included from [01m[K/home/microros/microros_ws/firmware/NuttX/include/stdint.h:48[m[K,
                 from [01m[K/home/microros/microros_ws/firmware/mcu_ws/install/rcl/include/rcl/node.h:23[m[K,
                 from [01m[K/home/microros/microros_ws/firmware/mcu_ws/install/rcl/include/rcl/subscription.h:26[m[K,
                 from [01m[K/home/microros/microros_ws/firmware/mcu_ws/uros/rclc/rclc/include/rclc/subscription.h:24[m[K,
                 from [01m[K/home/microros/microros_ws/firmware/mcu_ws/uros/rclc/rclc/src/rclc/subscription.c:17[m[K:
[01m[K/home/microros/microros_ws/firmware/NuttX/include/nuttx/compiler.h:307:[m[K [01;36m[Knote: [m[Kthis is the location of the previous definition
  307 | #  define UNUSED(a) ((void)(a))
      | 
In file included from [01m[K/home/microros/microros_ws/firmware/mcu_ws/uros/rclc/rclc/include/rclc/publisher.h:28[m[K,
                 from [01m[K/home/microros/microros_ws/firmware/mcu_ws/uros/rclc/rclc/src/rclc/publisher.c:17[m[K:
[01m[K/home/microros/microros_ws/firmware/mcu_ws/uros/rclc/rclc/include/rclc/types.h:52:[m[K [01;35m[Kwarning: [m[K"UNUSED" redefined
   52 | #define UNUSED(x) (void)x
      | 
In file included from [01m[K/home/microros/microros_ws/firmware/NuttX/include/stdint.h:48[m[K,
                 from [01m[K/home/microros/microros_ws/firmware/mcu_ws/install/rcl/include/rcl/node.h:23[m[K,
                 from [01m[K/home/microros/microros_ws/firmware/mcu_ws/install/rcl/include/rcl/publisher.h:26[m[K,
                 from [01m[K/home/microros/microros_ws/firmware/mcu_ws/uros/rclc/rclc/include/rclc/publisher.h:24[m[K,
                 from [01m[K/home/microros/microros_ws/firmware/mcu_ws/uros/rclc/rclc/src/rclc/publisher.c:17[m[K:
[01m[K/home/microros/microros_ws/firmware/NuttX/include/nuttx/compiler.h:307:[m[K [01;36m[Knote: [m[Kthis is the location of the previous definition
  307 | #  define UNUSED(a) ((void)(a))
      | 
