-- The C compiler identification is GNU 9.2.1
-- The CXX compiler identification is GNU 9.2.1
-- Check for working C compiler: /usr/bin/arm-none-eabi-gcc
-- Check for working C compiler: /usr/bin/arm-none-eabi-gcc -- works
-- Detecting C compiler ABI info
-- Detecting C compiler ABI info - done
-- Detecting C compile features
-- Detecting C compile features - done
-- Check for working CXX compiler: /usr/bin/arm-none-eabi-g++
-- Check for working CXX compiler: /usr/bin/arm-none-eabi-g++ -- works
-- Detecting CXX compiler ABI info
-- Detecting CXX compiler ABI info - done
-- Detecting CXX compile features
-- Detecting CXX compile features - done
-- Found ament_cmake_ros: 0.9.0 (/home/microros/microros_ws/firmware/dev_ws/install/ament_cmake_ros/share/ament_cmake_ros/cmake)
-- Found PythonInterp: /usr/bin/python3 (found suitable version "3.8.2", minimum required is "3") 
-- Using PYTHON_EXECUTABLE: /usr/bin/python3
-- Found rcl: 1.1.7 (/home/microros/microros_ws/firmware/mcu_ws/install/rcl/share/rcl/cmake)
-- Using single rosidl_typesupport_c: rosidl_typesupport_microxrcedds_c
-- Found rosidl_adapter: 1.1.0 (/home/microros/microros_ws/firmware/mcu_ws/install/rosidl_adapter/share/rosidl_adapter/cmake)
-- Found rmw_implementation_cmake: 1.0.1 (/home/microros/microros_ws/firmware/mcu_ws/install/rmw_implementation_cmake/share/rmw_implementation_cmake/cmake)
-- Using RMW implementation 'rmw_microxrcedds'
-- Found rmw_microxrcedds: 0.0.1 (/home/microros/microros_ws/firmware/mcu_ws/install/rmw_microxrcedds/share/rmw_microxrcedds/cmake)
-- Looking for pthread.h
-- Looking for pthread.h - found
-- Performing Test CMAKE_HAVE_LIBC_PTHREAD
-- Performing Test CMAKE_HAVE_LIBC_PTHREAD - Success
-- Found Threads: TRUE  
-- Found std_msgs: 2.0.3 (/home/microros/microros_ws/firmware/mcu_ws/install/std_msgs/share/std_msgs/cmake)
-- Found rcl version 1.1.7, which belongs to Foxy or later
-- Configuring done
-- Generating done
-- Build files have been written to: /home/microros/microros_ws/firmware/mcu_ws/build/rclc
make[4]: Entering directory '/home/microros/microros_ws/firmware/mcu_ws/build/rclc'
/usr/bin/cmake -S/home/microros/microros_ws/firmware/mcu_ws/uros/rclc/rclc -B/home/microros/microros_ws/firmware/mcu_ws/build/rclc --check-build-system CMakeFiles/Makefile.cmake 0
/usr/bin/cmake -E cmake_progress_start /home/microros/microros_ws/firmware/mcu_ws/build/rclc/CMakeFiles /home/microros/microros_ws/firmware/mcu_ws/build/rclc/CMakeFiles/progress.marks
/usr/bin/make -f CMakeFiles/Makefile2 all
make[5]: Entering directory '/home/microros/microros_ws/firmware/mcu_ws/build/rclc'
/usr/bin/make -f CMakeFiles/rclc.dir/build.make CMakeFiles/rclc.dir/depend
make[6]: Entering directory '/home/microros/microros_ws/firmware/mcu_ws/build/rclc'
cd /home/microros/microros_ws/firmware/mcu_ws/build/rclc && /usr/bin/cmake -E cmake_depends "Unix Makefiles" /home/microros/microros_ws/firmware/mcu_ws/uros/rclc/rclc /home/microros/microros_ws/firmware/mcu_ws/uros/rclc/rclc /home/microros/microros_ws/firmware/mcu_ws/build/rclc /home/microros/microros_ws/firmware/mcu_ws/build/rclc /home/microros/microros_ws/firmware/mcu_ws/build/rclc/CMakeFiles/rclc.dir/DependInfo.cmake --color=
Dependee "/home/microros/microros_ws/firmware/mcu_ws/build/rclc/CMakeFiles/rclc.dir/DependInfo.cmake" is newer than depender "/home/microros/microros_ws/firmware/mcu_ws/build/rclc/CMakeFiles/rclc.dir/depend.internal".
Dependee "/home/microros/microros_ws/firmware/mcu_ws/build/rclc/CMakeFiles/CMakeDirectoryInformation.cmake" is newer than depender "/home/microros/microros_ws/firmware/mcu_ws/build/rclc/CMakeFiles/rclc.dir/depend.internal".
[35m[1mScanning dependencies of target rclc[0m
make[6]: Leaving directory '/home/microros/microros_ws/firmware/mcu_ws/build/rclc'
/usr/bin/make -f CMakeFiles/rclc.dir/build.make CMakeFiles/rclc.dir/build
make[6]: Entering directory '/home/microros/microros_ws/firmware/mcu_ws/build/rclc'
[ 12%] [32mBuilding C object CMakeFiles/rclc.dir/src/rclc/init.c.obj[0m
/usr/bin/arm-none-eabi-gcc --sysroot=/home/microros/microros_ws/firmware/NuttX/.. -DROS_PACKAGE_NAME=\"rclc\" -I/home/microros/microros_ws/firmware/mcu_ws/uros/rclc/rclc/include -I/home/microros/microros_ws/firmware/mcu_ws/uros/rclc/rclc/src -isystem /home/microros/microros_ws/firmware/NuttX/include -isystem /home/microros/microros_ws/firmware/NuttX/include/cxx -isystem /home/microros/microros_ws/firmware/NuttX/include/uClibc++ -isystem /home/microros/microros_ws/firmware/mcu_ws/install/rcl/include -isystem /home/microros/microros_ws/firmware/mcu_ws/install/rosidl_typesupport_microxrcedds_c/include -isystem /home/microros/microros_ws/firmware/mcu_ws/install/rmw/include -isystem /home/microros/microros_ws/firmware/mcu_ws/install/rcutils/include -isystem /home/microros/microros_ws/firmware/mcu_ws/install/tracetools/include -isystem /home/microros/microros_ws/firmware/mcu_ws/uros/rmw_microxrcedds/rmw_microxrcedds_c/include -isystem /home/microros/microros_ws/firmware/mcu_ws/install/tinydir_vendor/share/tinydir_vendor/cmake/../../../include -isystem /home/microros/microros_ws/firmware/mcu_ws/install/rosidl_typesupport_interface/include -isystem /home/microros/microros_ws/firmware/mcu_ws/install/rcl_interfaces/include -isystem /home/microros/microros_ws/firmware/mcu_ws/install/builtin_interfaces/include -isystem /home/microros/microros_ws/firmware/mcu_ws/install/rosidl_runtime_c/include -isystem /home/microros/microros_ws/firmware/mcu_ws/install/microcdr/include -isystem /home/microros/microros_ws/firmware/mcu_ws/install/rosidl_typesupport_c/include  -std=c99 -Dunix=1 -mcpu=cortex-m4 -mthumb -mfloat-abi=soft -Os -fno-strict-aliasing -fno-strength-reduce -fomit-frame-pointer -O2 -g -DNDEBUG -fPIC   -Wall -Wextra -Wpedantic -std=gnu11 -o CMakeFiles/rclc.dir/src/rclc/init.c.obj   -c /home/microros/microros_ws/firmware/mcu_ws/uros/rclc/rclc/src/rclc/init.c
[ 25%] [32mBuilding C object CMakeFiles/rclc.dir/src/rclc/timer.c.obj[0m
/usr/bin/arm-none-eabi-gcc --sysroot=/home/microros/microros_ws/firmware/NuttX/.. -DROS_PACKAGE_NAME=\"rclc\" -I/home/microros/microros_ws/firmware/mcu_ws/uros/rclc/rclc/include -I/home/microros/microros_ws/firmware/mcu_ws/uros/rclc/rclc/src -isystem /home/microros/microros_ws/firmware/NuttX/include -isystem /home/microros/microros_ws/firmware/NuttX/include/cxx -isystem /home/microros/microros_ws/firmware/NuttX/include/uClibc++ -isystem /home/microros/microros_ws/firmware/mcu_ws/install/rcl/include -isystem /home/microros/microros_ws/firmware/mcu_ws/install/rosidl_typesupport_microxrcedds_c/include -isystem /home/microros/microros_ws/firmware/mcu_ws/install/rmw/include -isystem /home/microros/microros_ws/firmware/mcu_ws/install/rcutils/include -isystem /home/microros/microros_ws/firmware/mcu_ws/install/tracetools/include -isystem /home/microros/microros_ws/firmware/mcu_ws/uros/rmw_microxrcedds/rmw_microxrcedds_c/include -isystem /home/microros/microros_ws/firmware/mcu_ws/install/tinydir_vendor/share/tinydir_vendor/cmake/../../../include -isystem /home/microros/microros_ws/firmware/mcu_ws/install/rosidl_typesupport_interface/include -isystem /home/microros/microros_ws/firmware/mcu_ws/install/rcl_interfaces/include -isystem /home/microros/microros_ws/firmware/mcu_ws/install/builtin_interfaces/include -isystem /home/microros/microros_ws/firmware/mcu_ws/install/rosidl_runtime_c/include -isystem /home/microros/microros_ws/firmware/mcu_ws/install/microcdr/include -isystem /home/microros/microros_ws/firmware/mcu_ws/install/rosidl_typesupport_c/include  -std=c99 -Dunix=1 -mcpu=cortex-m4 -mthumb -mfloat-abi=soft -Os -fno-strict-aliasing -fno-strength-reduce -fomit-frame-pointer -O2 -g -DNDEBUG -fPIC   -Wall -Wextra -Wpedantic -std=gnu11 -o CMakeFiles/rclc.dir/src/rclc/timer.c.obj   -c /home/microros/microros_ws/firmware/mcu_ws/uros/rclc/rclc/src/rclc/timer.c
[ 37%] [32mBuilding C object CMakeFiles/rclc.dir/src/rclc/node.c.obj[0m
/usr/bin/arm-none-eabi-gcc --sysroot=/home/microros/microros_ws/firmware/NuttX/.. -DROS_PACKAGE_NAME=\"rclc\" -I/home/microros/microros_ws/firmware/mcu_ws/uros/rclc/rclc/include -I/home/microros/microros_ws/firmware/mcu_ws/uros/rclc/rclc/src -isystem /home/microros/microros_ws/firmware/NuttX/include -isystem /home/microros/microros_ws/firmware/NuttX/include/cxx -isystem /home/microros/microros_ws/firmware/NuttX/include/uClibc++ -isystem /home/microros/microros_ws/firmware/mcu_ws/install/rcl/include -isystem /home/microros/microros_ws/firmware/mcu_ws/install/rosidl_typesupport_microxrcedds_c/include -isystem /home/microros/microros_ws/firmware/mcu_ws/install/rmw/include -isystem /home/microros/microros_ws/firmware/mcu_ws/install/rcutils/include -isystem /home/microros/microros_ws/firmware/mcu_ws/install/tracetools/include -isystem /home/microros/microros_ws/firmware/mcu_ws/uros/rmw_microxrcedds/rmw_microxrcedds_c/include -isystem /home/microros/microros_ws/firmware/mcu_ws/install/tinydir_vendor/share/tinydir_vendor/cmake/../../../include -isystem /home/microros/microros_ws/firmware/mcu_ws/install/rosidl_typesupport_interface/include -isystem /home/microros/microros_ws/firmware/mcu_ws/install/rcl_interfaces/include -isystem /home/microros/microros_ws/firmware/mcu_ws/install/builtin_interfaces/include -isystem /home/microros/microros_ws/firmware/mcu_ws/install/rosidl_runtime_c/include -isystem /home/microros/microros_ws/firmware/mcu_ws/install/microcdr/include -isystem /home/microros/microros_ws/firmware/mcu_ws/install/rosidl_typesupport_c/include  -std=c99 -Dunix=1 -mcpu=cortex-m4 -mthumb -mfloat-abi=soft -Os -fno-strict-aliasing -fno-strength-reduce -fomit-frame-pointer -O2 -g -DNDEBUG -fPIC   -Wall -Wextra -Wpedantic -std=gnu11 -o CMakeFiles/rclc.dir/src/rclc/node.c.obj   -c /home/microros/microros_ws/firmware/mcu_ws/uros/rclc/rclc/src/rclc/node.c
[ 50%] [32mBuilding C object CMakeFiles/rclc.dir/src/rclc/executor_handle.c.obj[0m
/usr/bin/arm-none-eabi-gcc --sysroot=/home/microros/microros_ws/firmware/NuttX/.. -DROS_PACKAGE_NAME=\"rclc\" -I/home/microros/microros_ws/firmware/mcu_ws/uros/rclc/rclc/include -I/home/microros/microros_ws/firmware/mcu_ws/uros/rclc/rclc/src -isystem /home/microros/microros_ws/firmware/NuttX/include -isystem /home/microros/microros_ws/firmware/NuttX/include/cxx -isystem /home/microros/microros_ws/firmware/NuttX/include/uClibc++ -isystem /home/microros/microros_ws/firmware/mcu_ws/install/rcl/include -isystem /home/microros/microros_ws/firmware/mcu_ws/install/rosidl_typesupport_microxrcedds_c/include -isystem /home/microros/microros_ws/firmware/mcu_ws/install/rmw/include -isystem /home/microros/microros_ws/firmware/mcu_ws/install/rcutils/include -isystem /home/microros/microros_ws/firmware/mcu_ws/install/tracetools/include -isystem /home/microros/microros_ws/firmware/mcu_ws/uros/rmw_microxrcedds/rmw_microxrcedds_c/include -isystem /home/microros/microros_ws/firmware/mcu_ws/install/tinydir_vendor/share/tinydir_vendor/cmake/../../../include -isystem /home/microros/microros_ws/firmware/mcu_ws/install/rosidl_typesupport_interface/include -isystem /home/microros/microros_ws/firmware/mcu_ws/install/rcl_interfaces/include -isystem /home/microros/microros_ws/firmware/mcu_ws/install/builtin_interfaces/include -isystem /home/microros/microros_ws/firmware/mcu_ws/install/rosidl_runtime_c/include -isystem /home/microros/microros_ws/firmware/mcu_ws/install/microcdr/include -isystem /home/microros/microros_ws/firmware/mcu_ws/install/rosidl_typesupport_c/include  -std=c99 -Dunix=1 -mcpu=cortex-m4 -mthumb -mfloat-abi=soft -Os -fno-strict-aliasing -fno-strength-reduce -fomit-frame-pointer -O2 -g -DNDEBUG -fPIC   -Wall -Wextra -Wpedantic -std=gnu11 -o CMakeFiles/rclc.dir/src/rclc/executor_handle.c.obj   -c /home/microros/microros_ws/firmware/mcu_ws/uros/rclc/rclc/src/rclc/executor_handle.c
[ 62%] [32mBuilding C object CMakeFiles/rclc.dir/src/rclc/executor.c.obj[0m
/usr/bin/arm-none-eabi-gcc --sysroot=/home/microros/microros_ws/firmware/NuttX/.. -DROS_PACKAGE_NAME=\"rclc\" -I/home/microros/microros_ws/firmware/mcu_ws/uros/rclc/rclc/include -I/home/microros/microros_ws/firmware/mcu_ws/uros/rclc/rclc/src -isystem /home/microros/microros_ws/firmware/NuttX/include -isystem /home/microros/microros_ws/firmware/NuttX/include/cxx -isystem /home/microros/microros_ws/firmware/NuttX/include/uClibc++ -isystem /home/microros/microros_ws/firmware/mcu_ws/install/rcl/include -isystem /home/microros/microros_ws/firmware/mcu_ws/install/rosidl_typesupport_microxrcedds_c/include -isystem /home/microros/microros_ws/firmware/mcu_ws/install/rmw/include -isystem /home/microros/microros_ws/firmware/mcu_ws/install/rcutils/include -isystem /home/microros/microros_ws/firmware/mcu_ws/install/tracetools/include -isystem /home/microros/microros_ws/firmware/mcu_ws/uros/rmw_microxrcedds/rmw_microxrcedds_c/include -isystem /home/microros/microros_ws/firmware/mcu_ws/install/tinydir_vendor/share/tinydir_vendor/cmake/../../../include -isystem /home/microros/microros_ws/firmware/mcu_ws/install/rosidl_typesupport_interface/include -isystem /home/microros/microros_ws/firmware/mcu_ws/install/rcl_interfaces/include -isystem /home/microros/microros_ws/firmware/mcu_ws/install/builtin_interfaces/include -isystem /home/microros/microros_ws/firmware/mcu_ws/install/rosidl_runtime_c/include -isystem /home/microros/microros_ws/firmware/mcu_ws/install/microcdr/include -isystem /home/microros/microros_ws/firmware/mcu_ws/install/rosidl_typesupport_c/include  -std=c99 -Dunix=1 -mcpu=cortex-m4 -mthumb -mfloat-abi=soft -Os -fno-strict-aliasing -fno-strength-reduce -fomit-frame-pointer -O2 -g -DNDEBUG -fPIC   -Wall -Wextra -Wpedantic -std=gnu11 -o CMakeFiles/rclc.dir/src/rclc/executor.c.obj   -c /home/microros/microros_ws/firmware/mcu_ws/uros/rclc/rclc/src/rclc/executor.c
[ 75%] [32mBuilding C object CMakeFiles/rclc.dir/src/rclc/subscription.c.obj[0m
/usr/bin/arm-none-eabi-gcc --sysroot=/home/microros/microros_ws/firmware/NuttX/.. -DROS_PACKAGE_NAME=\"rclc\" -I/home/microros/microros_ws/firmware/mcu_ws/uros/rclc/rclc/include -I/home/microros/microros_ws/firmware/mcu_ws/uros/rclc/rclc/src -isystem /home/microros/microros_ws/firmware/NuttX/include -isystem /home/microros/microros_ws/firmware/NuttX/include/cxx -isystem /home/microros/microros_ws/firmware/NuttX/include/uClibc++ -isystem /home/microros/microros_ws/firmware/mcu_ws/install/rcl/include -isystem /home/microros/microros_ws/firmware/mcu_ws/install/rosidl_typesupport_microxrcedds_c/include -isystem /home/microros/microros_ws/firmware/mcu_ws/install/rmw/include -isystem /home/microros/microros_ws/firmware/mcu_ws/install/rcutils/include -isystem /home/microros/microros_ws/firmware/mcu_ws/install/tracetools/include -isystem /home/microros/microros_ws/firmware/mcu_ws/uros/rmw_microxrcedds/rmw_microxrcedds_c/include -isystem /home/microros/microros_ws/firmware/mcu_ws/install/tinydir_vendor/share/tinydir_vendor/cmake/../../../include -isystem /home/microros/microros_ws/firmware/mcu_ws/install/rosidl_typesupport_interface/include -isystem /home/microros/microros_ws/firmware/mcu_ws/install/rcl_interfaces/include -isystem /home/microros/microros_ws/firmware/mcu_ws/install/builtin_interfaces/include -isystem /home/microros/microros_ws/firmware/mcu_ws/install/rosidl_runtime_c/include -isystem /home/microros/microros_ws/firmware/mcu_ws/install/microcdr/include -isystem /home/microros/microros_ws/firmware/mcu_ws/install/rosidl_typesupport_c/include  -std=c99 -Dunix=1 -mcpu=cortex-m4 -mthumb -mfloat-abi=soft -Os -fno-strict-aliasing -fno-strength-reduce -fomit-frame-pointer -O2 -g -DNDEBUG -fPIC   -Wall -Wextra -Wpedantic -std=gnu11 -o CMakeFiles/rclc.dir/src/rclc/subscription.c.obj   -c /home/microros/microros_ws/firmware/mcu_ws/uros/rclc/rclc/src/rclc/subscription.c
[ 87%] [32mBuilding C object CMakeFiles/rclc.dir/src/rclc/publisher.c.obj[0m
/usr/bin/arm-none-eabi-gcc --sysroot=/home/microros/microros_ws/firmware/NuttX/.. -DROS_PACKAGE_NAME=\"rclc\" -I/home/microros/microros_ws/firmware/mcu_ws/uros/rclc/rclc/include -I/home/microros/microros_ws/firmware/mcu_ws/uros/rclc/rclc/src -isystem /home/microros/microros_ws/firmware/NuttX/include -isystem /home/microros/microros_ws/firmware/NuttX/include/cxx -isystem /home/microros/microros_ws/firmware/NuttX/include/uClibc++ -isystem /home/microros/microros_ws/firmware/mcu_ws/install/rcl/include -isystem /home/microros/microros_ws/firmware/mcu_ws/install/rosidl_typesupport_microxrcedds_c/include -isystem /home/microros/microros_ws/firmware/mcu_ws/install/rmw/include -isystem /home/microros/microros_ws/firmware/mcu_ws/install/rcutils/include -isystem /home/microros/microros_ws/firmware/mcu_ws/install/tracetools/include -isystem /home/microros/microros_ws/firmware/mcu_ws/uros/rmw_microxrcedds/rmw_microxrcedds_c/include -isystem /home/microros/microros_ws/firmware/mcu_ws/install/tinydir_vendor/share/tinydir_vendor/cmake/../../../include -isystem /home/microros/microros_ws/firmware/mcu_ws/install/rosidl_typesupport_interface/include -isystem /home/microros/microros_ws/firmware/mcu_ws/install/rcl_interfaces/include -isystem /home/microros/microros_ws/firmware/mcu_ws/install/builtin_interfaces/include -isystem /home/microros/microros_ws/firmware/mcu_ws/install/rosidl_runtime_c/include -isystem /home/microros/microros_ws/firmware/mcu_ws/install/microcdr/include -isystem /home/microros/microros_ws/firmware/mcu_ws/install/rosidl_typesupport_c/include  -std=c99 -Dunix=1 -mcpu=cortex-m4 -mthumb -mfloat-abi=soft -Os -fno-strict-aliasing -fno-strength-reduce -fomit-frame-pointer -O2 -g -DNDEBUG -fPIC   -Wall -Wextra -Wpedantic -std=gnu11 -o CMakeFiles/rclc.dir/src/rclc/publisher.c.obj   -c /home/microros/microros_ws/firmware/mcu_ws/uros/rclc/rclc/src/rclc/publisher.c
[100%] [32m[1mLinking CXX static library librclc.a[0m
/usr/bin/cmake -P CMakeFiles/rclc.dir/cmake_clean_target.cmake
/usr/bin/cmake -E cmake_link_script CMakeFiles/rclc.dir/link.txt --verbose=1
/usr/bin/arm-none-eabi-ar qc librclc.a  CMakeFiles/rclc.dir/src/rclc/init.c.obj CMakeFiles/rclc.dir/src/rclc/publisher.c.obj CMakeFiles/rclc.dir/src/rclc/subscription.c.obj CMakeFiles/rclc.dir/src/rclc/timer.c.obj CMakeFiles/rclc.dir/src/rclc/node.c.obj CMakeFiles/rclc.dir/src/rclc/executor_handle.c.obj CMakeFiles/rclc.dir/src/rclc/executor.c.obj
/usr/bin/arm-none-eabi-ranlib librclc.a
make[6]: Leaving directory '/home/microros/microros_ws/firmware/mcu_ws/build/rclc'
[100%] Built target rclc
make[5]: Leaving directory '/home/microros/microros_ws/firmware/mcu_ws/build/rclc'
/usr/bin/cmake -E cmake_progress_start /home/microros/microros_ws/firmware/mcu_ws/build/rclc/CMakeFiles 0
make[4]: Leaving directory '/home/microros/microros_ws/firmware/mcu_ws/build/rclc'
-- Install configuration: "RelWithDebInfo"
-- Installing: /home/microros/microros_ws/firmware/mcu_ws/install/rclc/include
-- Installing: /home/microros/microros_ws/firmware/mcu_ws/install/rclc/include/rclc
-- Installing: /home/microros/microros_ws/firmware/mcu_ws/install/rclc/include/rclc/init.h
-- Installing: /home/microros/microros_ws/firmware/mcu_ws/install/rclc/include/rclc/timer.h
-- Installing: /home/microros/microros_ws/firmware/mcu_ws/install/rclc/include/rclc/rclc.h
-- Installing: /home/microros/microros_ws/firmware/mcu_ws/install/rclc/include/rclc/executor.h
-- Installing: /home/microros/microros_ws/firmware/mcu_ws/install/rclc/include/rclc/types.h
-- Installing: /home/microros/microros_ws/firmware/mcu_ws/install/rclc/include/rclc/node.h
-- Installing: /home/microros/microros_ws/firmware/mcu_ws/install/rclc/include/rclc/executor_handle.h
-- Installing: /home/microros/microros_ws/firmware/mcu_ws/install/rclc/include/rclc/publisher.h
-- Installing: /home/microros/microros_ws/firmware/mcu_ws/install/rclc/include/rclc/subscription.h
-- Installing: /home/microros/microros_ws/firmware/mcu_ws/install/rclc/lib/librclc.a
-- Installing: /home/microros/microros_ws/firmware/mcu_ws/install/rclc/share/rclc/environment/library_path.sh
-- Installing: /home/microros/microros_ws/firmware/mcu_ws/install/rclc/share/rclc/environment/library_path.dsv
-- Installing: /home/microros/microros_ws/firmware/mcu_ws/install/rclc/share/ament_index/resource_index/package_run_dependencies/rclc
-- Installing: /home/microros/microros_ws/firmware/mcu_ws/install/rclc/share/ament_index/resource_index/parent_prefix_path/rclc
-- Installing: /home/microros/microros_ws/firmware/mcu_ws/install/rclc/share/rclc/environment/ament_prefix_path.sh
-- Installing: /home/microros/microros_ws/firmware/mcu_ws/install/rclc/share/rclc/environment/ament_prefix_path.dsv
-- Installing: /home/microros/microros_ws/firmware/mcu_ws/install/rclc/share/rclc/environment/path.sh
-- Installing: /home/microros/microros_ws/firmware/mcu_ws/install/rclc/share/rclc/environment/path.dsv
-- Installing: /home/microros/microros_ws/firmware/mcu_ws/install/rclc/share/rclc/local_setup.bash
-- Installing: /home/microros/microros_ws/firmware/mcu_ws/install/rclc/share/rclc/local_setup.sh
-- Installing: /home/microros/microros_ws/firmware/mcu_ws/install/rclc/share/rclc/local_setup.zsh
-- Installing: /home/microros/microros_ws/firmware/mcu_ws/install/rclc/share/rclc/local_setup.dsv
-- Installing: /home/microros/microros_ws/firmware/mcu_ws/install/rclc/share/rclc/package.dsv
-- Installing: /home/microros/microros_ws/firmware/mcu_ws/install/rclc/share/ament_index/resource_index/packages/rclc
-- Installing: /home/microros/microros_ws/firmware/mcu_ws/install/rclc/share/rclc/cmake/ament_cmake_export_include_directories-extras.cmake
-- Installing: /home/microros/microros_ws/firmware/mcu_ws/install/rclc/share/rclc/cmake/ament_cmake_export_libraries-extras.cmake
-- Installing: /home/microros/microros_ws/firmware/mcu_ws/install/rclc/share/rclc/cmake/ament_cmake_export_dependencies-extras.cmake
-- Installing: /home/microros/microros_ws/firmware/mcu_ws/install/rclc/share/rclc/cmake/rclcConfig.cmake
-- Installing: /home/microros/microros_ws/firmware/mcu_ws/install/rclc/share/rclc/cmake/rclcConfig-version.cmake
-- Installing: /home/microros/microros_ws/firmware/mcu_ws/install/rclc/share/rclc/package.xml
