make[3]: Entering directory '/home/microros/microros_ws/firmware/mcu_ws/build/rcutils'
/usr/bin/cmake -S/home/microros/microros_ws/firmware/mcu_ws/uros/rcutils -B/home/microros/microros_ws/firmware/mcu_ws/build/rcutils --check-build-system CMakeFiles/Makefile.cmake 0
/usr/bin/cmake -E cmake_progress_start /home/microros/microros_ws/firmware/mcu_ws/build/rcutils/CMakeFiles /home/microros/microros_ws/firmware/mcu_ws/build/rcutils/CMakeFiles/progress.marks
/usr/bin/make -f CMakeFiles/Makefile2 all
make[4]: Entering directory '/home/microros/microros_ws/firmware/mcu_ws/build/rcutils'
/usr/bin/make -f CMakeFiles/rcutils.dir/build.make CMakeFiles/rcutils.dir/depend
make[5]: Entering directory '/home/microros/microros_ws/firmware/mcu_ws/build/rcutils'
cd /home/microros/microros_ws/firmware/mcu_ws/build/rcutils && /usr/bin/cmake -E cmake_depends "Unix Makefiles" /home/microros/microros_ws/firmware/mcu_ws/uros/rcutils /home/microros/microros_ws/firmware/mcu_ws/uros/rcutils /home/microros/microros_ws/firmware/mcu_ws/build/rcutils /home/microros/microros_ws/firmware/mcu_ws/build/rcutils /home/microros/microros_ws/firmware/mcu_ws/build/rcutils/CMakeFiles/rcutils.dir/DependInfo.cmake --color=
make[5]: Leaving directory '/home/microros/microros_ws/firmware/mcu_ws/build/rcutils'
/usr/bin/make -f CMakeFiles/rcutils.dir/build.make CMakeFiles/rcutils.dir/build
make[5]: Entering directory '/home/microros/microros_ws/firmware/mcu_ws/build/rcutils'
make[5]: Nothing to be done for 'CMakeFiles/rcutils.dir/build'.
make[5]: Leaving directory '/home/microros/microros_ws/firmware/mcu_ws/build/rcutils'
[100%] Built target rcutils
make[4]: Leaving directory '/home/microros/microros_ws/firmware/mcu_ws/build/rcutils'
/usr/bin/cmake -E cmake_progress_start /home/microros/microros_ws/firmware/mcu_ws/build/rcutils/CMakeFiles 0
make[3]: Leaving directory '/home/microros/microros_ws/firmware/mcu_ws/build/rcutils'
-- Install configuration: "RelWithDebInfo"
-- Up-to-date: /home/microros/microros_ws/firmware/mcu_ws/install/rcutils/share/rcutils/environment/pythonpath.sh
-- Up-to-date: /home/microros/microros_ws/firmware/mcu_ws/install/rcutils/share/rcutils/environment/pythonpath.dsv
-- Up-to-date: /home/microros/microros_ws/firmware/mcu_ws/install/rcutils/lib/python3.8/site-packages/rcutils
-- Up-to-date: /home/microros/microros_ws/firmware/mcu_ws/install/rcutils/lib/python3.8/site-packages/rcutils/logging.py
-- Up-to-date: /home/microros/microros_ws/firmware/mcu_ws/install/rcutils/lib/python3.8/site-packages/rcutils/__init__.py
Listing '/home/microros/microros_ws/firmware/mcu_ws/install/rcutils/lib/python3.8/site-packages/rcutils'...
-- Up-to-date: /home/microros/microros_ws/firmware/mcu_ws/install/rcutils/lib/librcutils.a
-- Up-to-date: /home/microros/microros_ws/firmware/mcu_ws/install/rcutils/share/rcutils/environment/library_path.sh
-- Up-to-date: /home/microros/microros_ws/firmware/mcu_ws/install/rcutils/share/rcutils/environment/library_path.dsv
-- Up-to-date: /home/microros/microros_ws/firmware/mcu_ws/install/rcutils/share/ament_index/resource_index/package_run_dependencies/rcutils
-- Up-to-date: /home/microros/microros_ws/firmware/mcu_ws/install/rcutils/share/ament_index/resource_index/parent_prefix_path/rcutils
-- Up-to-date: /home/microros/microros_ws/firmware/mcu_ws/install/rcutils/share/rcutils/environment/ament_prefix_path.sh
-- Up-to-date: /home/microros/microros_ws/firmware/mcu_ws/install/rcutils/share/rcutils/environment/ament_prefix_path.dsv
-- Up-to-date: /home/microros/microros_ws/firmware/mcu_ws/install/rcutils/share/rcutils/environment/path.sh
-- Up-to-date: /home/microros/microros_ws/firmware/mcu_ws/install/rcutils/share/rcutils/environment/path.dsv
-- Up-to-date: /home/microros/microros_ws/firmware/mcu_ws/install/rcutils/share/rcutils/local_setup.bash
-- Up-to-date: /home/microros/microros_ws/firmware/mcu_ws/install/rcutils/share/rcutils/local_setup.sh
-- Up-to-date: /home/microros/microros_ws/firmware/mcu_ws/install/rcutils/share/rcutils/local_setup.zsh
-- Up-to-date: /home/microros/microros_ws/firmware/mcu_ws/install/rcutils/share/rcutils/local_setup.dsv
-- Installing: /home/microros/microros_ws/firmware/mcu_ws/install/rcutils/share/rcutils/package.dsv
-- Up-to-date: /home/microros/microros_ws/firmware/mcu_ws/install/rcutils/share/ament_index/resource_index/packages/rcutils
-- Up-to-date: /home/microros/microros_ws/firmware/mcu_ws/install/rcutils/share/rcutils/cmake/rcutilsExport.cmake
-- Up-to-date: /home/microros/microros_ws/firmware/mcu_ws/install/rcutils/share/rcutils/cmake/rcutilsExport-relwithdebinfo.cmake
-- Up-to-date: /home/microros/microros_ws/firmware/mcu_ws/install/rcutils/share/rcutils/cmake/ament_cmake_export_dependencies-extras.cmake
-- Up-to-date: /home/microros/microros_ws/firmware/mcu_ws/install/rcutils/share/rcutils/cmake/ament_cmake_export_include_directories-extras.cmake
-- Up-to-date: /home/microros/microros_ws/firmware/mcu_ws/install/rcutils/share/rcutils/cmake/ament_cmake_export_libraries-extras.cmake
-- Up-to-date: /home/microros/microros_ws/firmware/mcu_ws/install/rcutils/share/rcutils/cmake/ament_cmake_export_targets-extras.cmake
-- Up-to-date: /home/microros/microros_ws/firmware/mcu_ws/install/rcutils/share/rcutils/cmake/rcutilsConfig.cmake
-- Up-to-date: /home/microros/microros_ws/firmware/mcu_ws/install/rcutils/share/rcutils/cmake/rcutilsConfig-version.cmake
-- Up-to-date: /home/microros/microros_ws/firmware/mcu_ws/install/rcutils/share/rcutils/package.xml
-- Up-to-date: /home/microros/microros_ws/firmware/mcu_ws/install/rcutils/include
-- Up-to-date: /home/microros/microros_ws/firmware/mcu_ws/install/rcutils/include/rcutils
-- Up-to-date: /home/microros/microros_ws/firmware/mcu_ws/install/rcutils/include/rcutils/strerror.h
-- Up-to-date: /home/microros/microros_ws/firmware/mcu_ws/install/rcutils/include/rcutils/security_directory.h
-- Up-to-date: /home/microros/microros_ws/firmware/mcu_ws/install/rcutils/include/rcutils/snprintf.h
-- Up-to-date: /home/microros/microros_ws/firmware/mcu_ws/install/rcutils/include/rcutils/time.h
-- Up-to-date: /home/microros/microros_ws/firmware/mcu_ws/install/rcutils/include/rcutils/types
-- Up-to-date: /home/microros/microros_ws/firmware/mcu_ws/install/rcutils/include/rcutils/types/uint8_array.h
-- Up-to-date: /home/microros/microros_ws/firmware/mcu_ws/install/rcutils/include/rcutils/types/char_array.h
-- Up-to-date: /home/microros/microros_ws/firmware/mcu_ws/install/rcutils/include/rcutils/types/string_array.h
-- Up-to-date: /home/microros/microros_ws/firmware/mcu_ws/install/rcutils/include/rcutils/types/string_map.h
-- Up-to-date: /home/microros/microros_ws/firmware/mcu_ws/install/rcutils/include/rcutils/types/array_list.h
-- Up-to-date: /home/microros/microros_ws/firmware/mcu_ws/install/rcutils/include/rcutils/types/rcutils_ret.h
-- Up-to-date: /home/microros/microros_ws/firmware/mcu_ws/install/rcutils/include/rcutils/types/hash_map.h
-- Up-to-date: /home/microros/microros_ws/firmware/mcu_ws/install/rcutils/include/rcutils/configuration_flags.h.in
-- Up-to-date: /home/microros/microros_ws/firmware/mcu_ws/install/rcutils/include/rcutils/repl_str.h
-- Up-to-date: /home/microros/microros_ws/firmware/mcu_ws/install/rcutils/include/rcutils/visibility_control_macros.h
-- Up-to-date: /home/microros/microros_ws/firmware/mcu_ws/install/rcutils/include/rcutils/strdup.h
-- Up-to-date: /home/microros/microros_ws/firmware/mcu_ws/install/rcutils/include/rcutils/process.h
-- Up-to-date: /home/microros/microros_ws/firmware/mcu_ws/install/rcutils/include/rcutils/error_handling.h
-- Up-to-date: /home/microros/microros_ws/firmware/mcu_ws/install/rcutils/include/rcutils/shared_library.h
-- Up-to-date: /home/microros/microros_ws/firmware/mcu_ws/install/rcutils/include/rcutils/env.h
-- Up-to-date: /home/microros/microros_ws/firmware/mcu_ws/install/rcutils/include/rcutils/qsort.h
-- Up-to-date: /home/microros/microros_ws/firmware/mcu_ws/install/rcutils/include/rcutils/stdatomic_helper.h
-- Up-to-date: /home/microros/microros_ws/firmware/mcu_ws/install/rcutils/include/rcutils/format_string.h
-- Up-to-date: /home/microros/microros_ws/firmware/mcu_ws/install/rcutils/include/rcutils/stdatomic_helper
-- Up-to-date: /home/microros/microros_ws/firmware/mcu_ws/install/rcutils/include/rcutils/stdatomic_helper/gcc
-- Up-to-date: /home/microros/microros_ws/firmware/mcu_ws/install/rcutils/include/rcutils/stdatomic_helper/gcc/stdatomic.h
-- Up-to-date: /home/microros/microros_ws/firmware/mcu_ws/install/rcutils/include/rcutils/stdatomic_helper/win32
-- Up-to-date: /home/microros/microros_ws/firmware/mcu_ws/install/rcutils/include/rcutils/stdatomic_helper/win32/stdatomic.h
-- Up-to-date: /home/microros/microros_ws/firmware/mcu_ws/install/rcutils/include/rcutils/split.h
-- Up-to-date: /home/microros/microros_ws/firmware/mcu_ws/install/rcutils/include/rcutils/isalnum_no_locale.h
-- Up-to-date: /home/microros/microros_ws/firmware/mcu_ws/install/rcutils/include/rcutils/types.h
-- Up-to-date: /home/microros/microros_ws/firmware/mcu_ws/install/rcutils/include/rcutils/visibility_control.h
-- Up-to-date: /home/microros/microros_ws/firmware/mcu_ws/install/rcutils/include/rcutils/macros.h
-- Up-to-date: /home/microros/microros_ws/firmware/mcu_ws/install/rcutils/include/rcutils/logging.h
-- Up-to-date: /home/microros/microros_ws/firmware/mcu_ws/install/rcutils/include/rcutils/get_env.h
-- Up-to-date: /home/microros/microros_ws/firmware/mcu_ws/install/rcutils/include/rcutils/cmdline_parser.h
-- Up-to-date: /home/microros/microros_ws/firmware/mcu_ws/install/rcutils/include/rcutils/allocator.h
-- Up-to-date: /home/microros/microros_ws/firmware/mcu_ws/install/rcutils/include/rcutils/filesystem.h
-- Up-to-date: /home/microros/microros_ws/firmware/mcu_ws/install/rcutils/include/rcutils/find.h
-- Up-to-date: /home/microros/microros_ws/firmware/mcu_ws/install/rcutils/include
-- Up-to-date: /home/microros/microros_ws/firmware/mcu_ws/install/rcutils/include/rcutils
-- Up-to-date: /home/microros/microros_ws/firmware/mcu_ws/install/rcutils/include/rcutils/configuration_flags.h
-- Up-to-date: /home/microros/microros_ws/firmware/mcu_ws/install/rcutils/include/rcutils/logging_macros.h
