-- The C compiler identification is GNU 9.2.1
-- Check for working C compiler: /usr/bin/arm-none-eabi-gcc
-- Check for working C compiler: /usr/bin/arm-none-eabi-gcc -- works
-- Detecting C compiler ABI info
-- Detecting C compiler ABI info - done
-- Detecting C compile features
-- Detecting C compile features - done
-- Found ament_cmake_python: 0.9.6 (/home/microros/microros_ws/firmware/dev_ws/install/ament_cmake_python/share/ament_cmake_python/cmake)
-- Found ament_cmake_ros: 0.9.0 (/home/microros/microros_ws/firmware/dev_ws/install/ament_cmake_ros/share/ament_cmake_ros/cmake)
CMake Warning (dev) at /home/microros/microros_ws/firmware/dev_ws/install/ament_cmake_test/share/ament_cmake_test/cmake/ament_cmake_test-extras.cmake:19 (option):
  Policy CMP0077 is not set: option() honors normal variables.  Run "cmake
  --help-policy CMP0077" for policy details.  Use the cmake_policy command to
  set the policy and suppress this warning.

  For compatibility with older versions of CMake, option is clearing the
  normal variable 'BUILD_TESTING'.
Call Stack (most recent call first):
  /home/microros/microros_ws/firmware/dev_ws/install/ament_cmake_test/share/ament_cmake_test/cmake/ament_cmake_testConfig.cmake:41 (include)
  /home/microros/microros_ws/firmware/dev_ws/install/ament_cmake_pytest/share/ament_cmake_pytest/cmake/ament_cmake_pytest-extras.cmake:17 (find_package)
  /home/microros/microros_ws/firmware/dev_ws/install/ament_cmake_pytest/share/ament_cmake_pytest/cmake/ament_cmake_pytestConfig.cmake:41 (include)
  /home/microros/microros_ws/firmware/dev_ws/install/ament_cmake_ros/share/ament_cmake_ros/cmake/ament_cmake_ros-extras.cmake:19 (find_package)
  /home/microros/microros_ws/firmware/dev_ws/install/ament_cmake_ros/share/ament_cmake_ros/cmake/ament_cmake_rosConfig.cmake:41 (include)
  CMakeLists.txt:15 (find_package)
This warning is for project developers.  Use -Wno-dev to suppress it.

-- Found PythonInterp: /usr/bin/python3 (found suitable version "3.8.2", minimum required is "3") 
-- Using PYTHON_EXECUTABLE: /usr/bin/python3
CMake Warning (dev) at /home/microros/microros_ws/firmware/dev_ws/install/ament_cmake_ros/share/ament_cmake_ros/cmake/build_shared_libs.cmake:15 (option):
  Policy CMP0077 is not set: option() honors normal variables.  Run "cmake
  --help-policy CMP0077" for policy details.  Use the cmake_policy command to
  set the policy and suppress this warning.

  For compatibility with older versions of CMake, option is clearing the
  normal variable 'BUILD_SHARED_LIBS'.
Call Stack (most recent call first):
  /home/microros/microros_ws/firmware/dev_ws/install/ament_cmake_ros/share/ament_cmake_ros/cmake/ament_cmake_ros-extras.cmake:24 (include)
  /home/microros/microros_ws/firmware/dev_ws/install/ament_cmake_ros/share/ament_cmake_ros/cmake/ament_cmake_rosConfig.cmake:41 (include)
  CMakeLists.txt:15 (find_package)
This warning is for project developers.  Use -Wno-dev to suppress it.

-- Configuring done
-- Generating done
-- Build files have been written to: /home/microros/microros_ws/firmware/mcu_ws/build/rosidl_generator_c
make[4]: Entering directory '/home/microros/microros_ws/firmware/mcu_ws/build/rosidl_generator_c'
/usr/bin/cmake -S/home/microros/microros_ws/firmware/mcu_ws/ros2/rosidl/rosidl_generator_c -B/home/microros/microros_ws/firmware/mcu_ws/build/rosidl_generator_c --check-build-system CMakeFiles/Makefile.cmake 0
/usr/bin/cmake -E cmake_progress_start /home/microros/microros_ws/firmware/mcu_ws/build/rosidl_generator_c/CMakeFiles /home/microros/microros_ws/firmware/mcu_ws/build/rosidl_generator_c/CMakeFiles/progress.marks
/usr/bin/make -f CMakeFiles/Makefile2 all
make[5]: Entering directory '/home/microros/microros_ws/firmware/mcu_ws/build/rosidl_generator_c'
make[5]: Nothing to be done for 'all'.
make[5]: Leaving directory '/home/microros/microros_ws/firmware/mcu_ws/build/rosidl_generator_c'
/usr/bin/cmake -E cmake_progress_start /home/microros/microros_ws/firmware/mcu_ws/build/rosidl_generator_c/CMakeFiles 0
make[4]: Leaving directory '/home/microros/microros_ws/firmware/mcu_ws/build/rosidl_generator_c'
-- Install configuration: "RelWithDebInfo"
-- Installing: /home/microros/microros_ws/firmware/mcu_ws/install/rosidl_generator_c/share/ament_index/resource_index/rosidl_generator_packages/rosidl_generator_c
-- Installing: /home/microros/microros_ws/firmware/mcu_ws/install/rosidl_generator_c/share/rosidl_generator_c/environment/pythonpath.sh
-- Installing: /home/microros/microros_ws/firmware/mcu_ws/install/rosidl_generator_c/share/rosidl_generator_c/environment/pythonpath.dsv
-- Installing: /home/microros/microros_ws/firmware/mcu_ws/install/rosidl_generator_c/lib/python3.8/site-packages/rosidl_generator_c
-- Installing: /home/microros/microros_ws/firmware/mcu_ws/install/rosidl_generator_c/lib/python3.8/site-packages/rosidl_generator_c/__init__.py
Listing '/home/microros/microros_ws/firmware/mcu_ws/install/rosidl_generator_c/lib/python3.8/site-packages/rosidl_generator_c'...
Compiling '/home/microros/microros_ws/firmware/mcu_ws/install/rosidl_generator_c/lib/python3.8/site-packages/rosidl_generator_c/__init__.py'...
-- Installing: /home/microros/microros_ws/firmware/mcu_ws/install/rosidl_generator_c/share/ament_index/resource_index/package_run_dependencies/rosidl_generator_c
-- Installing: /home/microros/microros_ws/firmware/mcu_ws/install/rosidl_generator_c/share/ament_index/resource_index/parent_prefix_path/rosidl_generator_c
-- Installing: /home/microros/microros_ws/firmware/mcu_ws/install/rosidl_generator_c/share/rosidl_generator_c/environment/ament_prefix_path.sh
-- Installing: /home/microros/microros_ws/firmware/mcu_ws/install/rosidl_generator_c/share/rosidl_generator_c/environment/ament_prefix_path.dsv
-- Installing: /home/microros/microros_ws/firmware/mcu_ws/install/rosidl_generator_c/share/rosidl_generator_c/environment/path.sh
-- Installing: /home/microros/microros_ws/firmware/mcu_ws/install/rosidl_generator_c/share/rosidl_generator_c/environment/path.dsv
-- Installing: /home/microros/microros_ws/firmware/mcu_ws/install/rosidl_generator_c/share/rosidl_generator_c/local_setup.bash
-- Installing: /home/microros/microros_ws/firmware/mcu_ws/install/rosidl_generator_c/share/rosidl_generator_c/local_setup.sh
-- Installing: /home/microros/microros_ws/firmware/mcu_ws/install/rosidl_generator_c/share/rosidl_generator_c/local_setup.zsh
-- Installing: /home/microros/microros_ws/firmware/mcu_ws/install/rosidl_generator_c/share/rosidl_generator_c/local_setup.dsv
-- Installing: /home/microros/microros_ws/firmware/mcu_ws/install/rosidl_generator_c/share/rosidl_generator_c/package.dsv
-- Installing: /home/microros/microros_ws/firmware/mcu_ws/install/rosidl_generator_c/share/ament_index/resource_index/packages/rosidl_generator_c
-- Installing: /home/microros/microros_ws/firmware/mcu_ws/install/rosidl_generator_c/share/rosidl_generator_c/cmake/rosidl_generator_c-extras.cmake
-- Installing: /home/microros/microros_ws/firmware/mcu_ws/install/rosidl_generator_c/share/rosidl_generator_c/cmake/ament_cmake_export_dependencies-extras.cmake
-- Installing: /home/microros/microros_ws/firmware/mcu_ws/install/rosidl_generator_c/share/rosidl_generator_c/cmake/rosidl_generator_cConfig.cmake
-- Installing: /home/microros/microros_ws/firmware/mcu_ws/install/rosidl_generator_c/share/rosidl_generator_c/cmake/rosidl_generator_cConfig-version.cmake
-- Installing: /home/microros/microros_ws/firmware/mcu_ws/install/rosidl_generator_c/share/rosidl_generator_c/package.xml
-- Installing: /home/microros/microros_ws/firmware/mcu_ws/install/rosidl_generator_c/lib/rosidl_generator_c/rosidl_generator_c
-- Up-to-date: /home/microros/microros_ws/firmware/mcu_ws/install/rosidl_generator_c/share/rosidl_generator_c/cmake
-- Installing: /home/microros/microros_ws/firmware/mcu_ws/install/rosidl_generator_c/share/rosidl_generator_c/cmake/register_c.cmake
-- Installing: /home/microros/microros_ws/firmware/mcu_ws/install/rosidl_generator_c/share/rosidl_generator_c/cmake/rosidl_generator_c_generate_interfaces.cmake
-- Installing: /home/microros/microros_ws/firmware/mcu_ws/install/rosidl_generator_c/share/rosidl_generator_c/resource
-- Installing: /home/microros/microros_ws/firmware/mcu_ws/install/rosidl_generator_c/share/rosidl_generator_c/resource/srv__type_support.h.em
-- Installing: /home/microros/microros_ws/firmware/mcu_ws/install/rosidl_generator_c/share/rosidl_generator_c/resource/idl__functions.c.em
-- Installing: /home/microros/microros_ws/firmware/mcu_ws/install/rosidl_generator_c/share/rosidl_generator_c/resource/msg__type_support.h.em
-- Installing: /home/microros/microros_ws/firmware/mcu_ws/install/rosidl_generator_c/share/rosidl_generator_c/resource/msg__struct.h.em
-- Installing: /home/microros/microros_ws/firmware/mcu_ws/install/rosidl_generator_c/share/rosidl_generator_c/resource/idl__struct.h.em
-- Installing: /home/microros/microros_ws/firmware/mcu_ws/install/rosidl_generator_c/share/rosidl_generator_c/resource/rosidl_generator_c__visibility_control.h.in
-- Installing: /home/microros/microros_ws/firmware/mcu_ws/install/rosidl_generator_c/share/rosidl_generator_c/resource/idl.h.em
-- Installing: /home/microros/microros_ws/firmware/mcu_ws/install/rosidl_generator_c/share/rosidl_generator_c/resource/idl__type_support.h.em
-- Installing: /home/microros/microros_ws/firmware/mcu_ws/install/rosidl_generator_c/share/rosidl_generator_c/resource/action__type_support.h.em
-- Installing: /home/microros/microros_ws/firmware/mcu_ws/install/rosidl_generator_c/share/rosidl_generator_c/resource/idl__functions.h.em
-- Installing: /home/microros/microros_ws/firmware/mcu_ws/install/rosidl_generator_c/share/rosidl_generator_c/resource/msg__functions.c.em
-- Installing: /home/microros/microros_ws/firmware/mcu_ws/install/rosidl_generator_c/share/rosidl_generator_c/resource/msg__functions.h.em
