make[4]: Entering directory '/home/microros/microros_ws/firmware/mcu_ws/build/geometry_msgs'
/usr/bin/cmake -S/home/microros/microros_ws/firmware/mcu_ws/ros2/common_interfaces/geometry_msgs -B/home/microros/microros_ws/firmware/mcu_ws/build/geometry_msgs --check-build-system CMakeFiles/Makefile.cmake 0
/usr/bin/cmake -E cmake_progress_start /home/microros/microros_ws/firmware/mcu_ws/build/geometry_msgs/CMakeFiles /home/microros/microros_ws/firmware/mcu_ws/build/geometry_msgs/CMakeFiles/progress.marks
/usr/bin/make -f CMakeFiles/Makefile2 all
make[5]: Entering directory '/home/microros/microros_ws/firmware/mcu_ws/build/geometry_msgs'
/usr/bin/make -f CMakeFiles/geometry_msgs__rosidl_generator_c.dir/build.make CMakeFiles/geometry_msgs__rosidl_generator_c.dir/depend
make[6]: Entering directory '/home/microros/microros_ws/firmware/mcu_ws/build/geometry_msgs'
cd /home/microros/microros_ws/firmware/mcu_ws/build/geometry_msgs && /usr/bin/cmake -E cmake_depends "Unix Makefiles" /home/microros/microros_ws/firmware/mcu_ws/ros2/common_interfaces/geometry_msgs /home/microros/microros_ws/firmware/mcu_ws/ros2/common_interfaces/geometry_msgs /home/microros/microros_ws/firmware/mcu_ws/build/geometry_msgs /home/microros/microros_ws/firmware/mcu_ws/build/geometry_msgs /home/microros/microros_ws/firmware/mcu_ws/build/geometry_msgs/CMakeFiles/geometry_msgs__rosidl_generator_c.dir/DependInfo.cmake --color=
make[6]: Leaving directory '/home/microros/microros_ws/firmware/mcu_ws/build/geometry_msgs'
/usr/bin/make -f CMakeFiles/geometry_msgs__rosidl_generator_c.dir/build.make CMakeFiles/geometry_msgs__rosidl_generator_c.dir/build
make[6]: Entering directory '/home/microros/microros_ws/firmware/mcu_ws/build/geometry_msgs'
make[6]: Nothing to be done for 'CMakeFiles/geometry_msgs__rosidl_generator_c.dir/build'.
make[6]: Leaving directory '/home/microros/microros_ws/firmware/mcu_ws/build/geometry_msgs'
[ 33%] Built target geometry_msgs__rosidl_generator_c
/usr/bin/make -f CMakeFiles/geometry_msgs__rosidl_typesupport_microxrcedds_c.dir/build.make CMakeFiles/geometry_msgs__rosidl_typesupport_microxrcedds_c.dir/depend
make[6]: Entering directory '/home/microros/microros_ws/firmware/mcu_ws/build/geometry_msgs'
cd /home/microros/microros_ws/firmware/mcu_ws/build/geometry_msgs && /usr/bin/cmake -E cmake_depends "Unix Makefiles" /home/microros/microros_ws/firmware/mcu_ws/ros2/common_interfaces/geometry_msgs /home/microros/microros_ws/firmware/mcu_ws/ros2/common_interfaces/geometry_msgs /home/microros/microros_ws/firmware/mcu_ws/build/geometry_msgs /home/microros/microros_ws/firmware/mcu_ws/build/geometry_msgs /home/microros/microros_ws/firmware/mcu_ws/build/geometry_msgs/CMakeFiles/geometry_msgs__rosidl_typesupport_microxrcedds_c.dir/DependInfo.cmake --color=
make[6]: Leaving directory '/home/microros/microros_ws/firmware/mcu_ws/build/geometry_msgs'
/usr/bin/make -f CMakeFiles/geometry_msgs__rosidl_typesupport_microxrcedds_c.dir/build.make CMakeFiles/geometry_msgs__rosidl_typesupport_microxrcedds_c.dir/build
make[6]: Entering directory '/home/microros/microros_ws/firmware/mcu_ws/build/geometry_msgs'
make[6]: Nothing to be done for 'CMakeFiles/geometry_msgs__rosidl_typesupport_microxrcedds_c.dir/build'.
make[6]: Leaving directory '/home/microros/microros_ws/firmware/mcu_ws/build/geometry_msgs'
[ 66%] Built target geometry_msgs__rosidl_typesupport_microxrcedds_c
/usr/bin/make -f CMakeFiles/geometry_msgs__rosidl_typesupport_c.dir/build.make CMakeFiles/geometry_msgs__rosidl_typesupport_c.dir/depend
make[6]: Entering directory '/home/microros/microros_ws/firmware/mcu_ws/build/geometry_msgs'
cd /home/microros/microros_ws/firmware/mcu_ws/build/geometry_msgs && /usr/bin/cmake -E cmake_depends "Unix Makefiles" /home/microros/microros_ws/firmware/mcu_ws/ros2/common_interfaces/geometry_msgs /home/microros/microros_ws/firmware/mcu_ws/ros2/common_interfaces/geometry_msgs /home/microros/microros_ws/firmware/mcu_ws/build/geometry_msgs /home/microros/microros_ws/firmware/mcu_ws/build/geometry_msgs /home/microros/microros_ws/firmware/mcu_ws/build/geometry_msgs/CMakeFiles/geometry_msgs__rosidl_typesupport_c.dir/DependInfo.cmake --color=
make[6]: Leaving directory '/home/microros/microros_ws/firmware/mcu_ws/build/geometry_msgs'
/usr/bin/make -f CMakeFiles/geometry_msgs__rosidl_typesupport_c.dir/build.make CMakeFiles/geometry_msgs__rosidl_typesupport_c.dir/build
make[6]: Entering directory '/home/microros/microros_ws/firmware/mcu_ws/build/geometry_msgs'
make[6]: Nothing to be done for 'CMakeFiles/geometry_msgs__rosidl_typesupport_c.dir/build'.
make[6]: Leaving directory '/home/microros/microros_ws/firmware/mcu_ws/build/geometry_msgs'
[100%] Built target geometry_msgs__rosidl_typesupport_c
/usr/bin/make -f CMakeFiles/geometry_msgs.dir/build.make CMakeFiles/geometry_msgs.dir/depend
make[6]: Entering directory '/home/microros/microros_ws/firmware/mcu_ws/build/geometry_msgs'
cd /home/microros/microros_ws/firmware/mcu_ws/build/geometry_msgs && /usr/bin/cmake -E cmake_depends "Unix Makefiles" /home/microros/microros_ws/firmware/mcu_ws/ros2/common_interfaces/geometry_msgs /home/microros/microros_ws/firmware/mcu_ws/ros2/common_interfaces/geometry_msgs /home/microros/microros_ws/firmware/mcu_ws/build/geometry_msgs /home/microros/microros_ws/firmware/mcu_ws/build/geometry_msgs /home/microros/microros_ws/firmware/mcu_ws/build/geometry_msgs/CMakeFiles/geometry_msgs.dir/DependInfo.cmake --color=
make[6]: Leaving directory '/home/microros/microros_ws/firmware/mcu_ws/build/geometry_msgs'
/usr/bin/make -f CMakeFiles/geometry_msgs.dir/build.make CMakeFiles/geometry_msgs.dir/build
make[6]: Entering directory '/home/microros/microros_ws/firmware/mcu_ws/build/geometry_msgs'
make[6]: Nothing to be done for 'CMakeFiles/geometry_msgs.dir/build'.
make[6]: Leaving directory '/home/microros/microros_ws/firmware/mcu_ws/build/geometry_msgs'
[100%] Built target geometry_msgs
make[5]: Leaving directory '/home/microros/microros_ws/firmware/mcu_ws/build/geometry_msgs'
/usr/bin/cmake -E cmake_progress_start /home/microros/microros_ws/firmware/mcu_ws/build/geometry_msgs/CMakeFiles 0
make[4]: Leaving directory '/home/microros/microros_ws/firmware/mcu_ws/build/geometry_msgs'
-- Install configuration: "RelWithDebInfo"
-- Up-to-date: /home/microros/microros_ws/firmware/mcu_ws/install/geometry_msgs/share/ament_index/resource_index/rosidl_interfaces/geometry_msgs
-- Up-to-date: /home/microros/microros_ws/firmware/mcu_ws/install/geometry_msgs/include/geometry_msgs
-- Up-to-date: /home/microros/microros_ws/firmware/mcu_ws/install/geometry_msgs/include/geometry_msgs/msg
-- Up-to-date: /home/microros/microros_ws/firmware/mcu_ws/install/geometry_msgs/include/geometry_msgs/msg/detail
-- Up-to-date: /home/microros/microros_ws/firmware/mcu_ws/install/geometry_msgs/include/geometry_msgs/msg/detail/accel_with_covariance_stamped__struct.h
-- Up-to-date: /home/microros/microros_ws/firmware/mcu_ws/install/geometry_msgs/include/geometry_msgs/msg/detail/vector3__type_support.h
-- Up-to-date: /home/microros/microros_ws/firmware/mcu_ws/install/geometry_msgs/include/geometry_msgs/msg/detail/vector3_stamped__struct.h
-- Up-to-date: /home/microros/microros_ws/firmware/mcu_ws/install/geometry_msgs/include/geometry_msgs/msg/detail/twist_stamped__struct.h
-- Up-to-date: /home/microros/microros_ws/firmware/mcu_ws/install/geometry_msgs/include/geometry_msgs/msg/detail/point32__functions.c
-- Up-to-date: /home/microros/microros_ws/firmware/mcu_ws/install/geometry_msgs/include/geometry_msgs/msg/detail/accel_with_covariance_stamped__type_support.h
-- Up-to-date: /home/microros/microros_ws/firmware/mcu_ws/install/geometry_msgs/include/geometry_msgs/msg/detail/twist__type_support.h
-- Up-to-date: /home/microros/microros_ws/firmware/mcu_ws/install/geometry_msgs/include/geometry_msgs/msg/detail/pose2_d__functions.c
-- Up-to-date: /home/microros/microros_ws/firmware/mcu_ws/install/geometry_msgs/include/geometry_msgs/msg/detail/vector3_stamped__functions.c
-- Up-to-date: /home/microros/microros_ws/firmware/mcu_ws/install/geometry_msgs/include/geometry_msgs/msg/detail/inertia_stamped__functions.h
-- Up-to-date: /home/microros/microros_ws/firmware/mcu_ws/install/geometry_msgs/include/geometry_msgs/msg/detail/point__functions.h
-- Up-to-date: /home/microros/microros_ws/firmware/mcu_ws/install/geometry_msgs/include/geometry_msgs/msg/detail/twist_with_covariance_stamped__struct.h
-- Up-to-date: /home/microros/microros_ws/firmware/mcu_ws/install/geometry_msgs/include/geometry_msgs/msg/detail/accel_with_covariance_stamped__functions.c
-- Up-to-date: /home/microros/microros_ws/firmware/mcu_ws/install/geometry_msgs/include/geometry_msgs/msg/detail/point__struct.h
-- Up-to-date: /home/microros/microros_ws/firmware/mcu_ws/install/geometry_msgs/include/geometry_msgs/msg/detail/accel_with_covariance_stamped__functions.h
-- Up-to-date: /home/microros/microros_ws/firmware/mcu_ws/install/geometry_msgs/include/geometry_msgs/msg/detail/point_stamped__functions.c
-- Up-to-date: /home/microros/microros_ws/firmware/mcu_ws/install/geometry_msgs/include/geometry_msgs/msg/detail/pose_with_covariance__functions.c
-- Up-to-date: /home/microros/microros_ws/firmware/mcu_ws/install/geometry_msgs/include/geometry_msgs/msg/detail/wrench__type_support.h
-- Up-to-date: /home/microros/microros_ws/firmware/mcu_ws/install/geometry_msgs/include/geometry_msgs/msg/detail/accel__functions.c
-- Up-to-date: /home/microros/microros_ws/firmware/mcu_ws/install/geometry_msgs/include/geometry_msgs/msg/detail/accel_with_covariance__functions.h
-- Up-to-date: /home/microros/microros_ws/firmware/mcu_ws/install/geometry_msgs/include/geometry_msgs/msg/detail/point__functions.c
-- Up-to-date: /home/microros/microros_ws/firmware/mcu_ws/install/geometry_msgs/include/geometry_msgs/msg/detail/point__type_support.h
-- Up-to-date: /home/microros/microros_ws/firmware/mcu_ws/install/geometry_msgs/include/geometry_msgs/msg/detail/point_stamped__type_support.h
-- Up-to-date: /home/microros/microros_ws/firmware/mcu_ws/install/geometry_msgs/include/geometry_msgs/msg/detail/pose_stamped__struct.h
-- Up-to-date: /home/microros/microros_ws/firmware/mcu_ws/install/geometry_msgs/include/geometry_msgs/msg/detail/point32__type_support.h
-- Up-to-date: /home/microros/microros_ws/firmware/mcu_ws/install/geometry_msgs/include/geometry_msgs/msg/detail/twist_with_covariance_stamped__type_support.h
-- Up-to-date: /home/microros/microros_ws/firmware/mcu_ws/install/geometry_msgs/include/geometry_msgs/msg/detail/pose2_d__type_support.h
-- Up-to-date: /home/microros/microros_ws/firmware/mcu_ws/install/geometry_msgs/include/geometry_msgs/msg/detail/polygon_stamped__type_support.h
-- Up-to-date: /home/microros/microros_ws/firmware/mcu_ws/install/geometry_msgs/include/geometry_msgs/msg/detail/wrench_stamped__struct.h
-- Up-to-date: /home/microros/microros_ws/firmware/mcu_ws/install/geometry_msgs/include/geometry_msgs/msg/detail/twist_with_covariance_stamped__functions.h
-- Up-to-date: /home/microros/microros_ws/firmware/mcu_ws/install/geometry_msgs/include/geometry_msgs/msg/detail/accel_stamped__functions.h
-- Up-to-date: /home/microros/microros_ws/firmware/mcu_ws/install/geometry_msgs/include/geometry_msgs/msg/detail/point_stamped__struct.h
-- Up-to-date: /home/microros/microros_ws/firmware/mcu_ws/install/geometry_msgs/include/geometry_msgs/msg/detail/point32__struct.h
-- Up-to-date: /home/microros/microros_ws/firmware/mcu_ws/install/geometry_msgs/include/geometry_msgs/msg/detail/inertia_stamped__struct.h
-- Up-to-date: /home/microros/microros_ws/firmware/mcu_ws/install/geometry_msgs/include/geometry_msgs/msg/detail/quaternion_stamped__type_support.h
-- Up-to-date: /home/microros/microros_ws/firmware/mcu_ws/install/geometry_msgs/include/geometry_msgs/msg/detail/wrench_stamped__functions.h
-- Up-to-date: /home/microros/microros_ws/firmware/mcu_ws/install/geometry_msgs/include/geometry_msgs/msg/detail/pose_with_covariance_stamped__type_support.h
-- Up-to-date: /home/microros/microros_ws/firmware/mcu_ws/install/geometry_msgs/include/geometry_msgs/msg/detail/polygon_stamped__functions.h
-- Up-to-date: /home/microros/microros_ws/firmware/mcu_ws/install/geometry_msgs/include/geometry_msgs/msg/detail/accel_with_covariance__functions.c
-- Up-to-date: /home/microros/microros_ws/firmware/mcu_ws/install/geometry_msgs/include/geometry_msgs/msg/detail/pose_array__type_support.h
-- Up-to-date: /home/microros/microros_ws/firmware/mcu_ws/install/geometry_msgs/include/geometry_msgs/msg/detail/transform_stamped__functions.c
-- Up-to-date: /home/microros/microros_ws/firmware/mcu_ws/install/geometry_msgs/include/geometry_msgs/msg/detail/point32__functions.h
-- Up-to-date: /home/microros/microros_ws/firmware/mcu_ws/install/geometry_msgs/include/geometry_msgs/msg/detail/wrench__struct.h
-- Up-to-date: /home/microros/microros_ws/firmware/mcu_ws/install/geometry_msgs/include/geometry_msgs/msg/detail/quaternion__struct.h
-- Up-to-date: /home/microros/microros_ws/firmware/mcu_ws/install/geometry_msgs/include/geometry_msgs/msg/detail/twist_with_covariance__struct.h
-- Up-to-date: /home/microros/microros_ws/firmware/mcu_ws/install/geometry_msgs/include/geometry_msgs/msg/detail/polygon__functions.h
-- Up-to-date: /home/microros/microros_ws/firmware/mcu_ws/install/geometry_msgs/include/geometry_msgs/msg/detail/accel_with_covariance__struct.h
-- Up-to-date: /home/microros/microros_ws/firmware/mcu_ws/install/geometry_msgs/include/geometry_msgs/msg/detail/accel_stamped__struct.h
-- Up-to-date: /home/microros/microros_ws/firmware/mcu_ws/install/geometry_msgs/include/geometry_msgs/msg/detail/quaternion_stamped__functions.c
-- Up-to-date: /home/microros/microros_ws/firmware/mcu_ws/install/geometry_msgs/include/geometry_msgs/msg/detail/accel__functions.h
-- Up-to-date: /home/microros/microros_ws/firmware/mcu_ws/install/geometry_msgs/include/geometry_msgs/msg/detail/vector3_stamped__functions.h
-- Up-to-date: /home/microros/microros_ws/firmware/mcu_ws/install/geometry_msgs/include/geometry_msgs/msg/detail/pose__functions.c
-- Up-to-date: /home/microros/microros_ws/firmware/mcu_ws/install/geometry_msgs/include/geometry_msgs/msg/detail/inertia_stamped__functions.c
-- Up-to-date: /home/microros/microros_ws/firmware/mcu_ws/install/geometry_msgs/include/geometry_msgs/msg/detail/accel__struct.h
-- Up-to-date: /home/microros/microros_ws/firmware/mcu_ws/install/geometry_msgs/include/geometry_msgs/msg/detail/wrench__functions.c
-- Up-to-date: /home/microros/microros_ws/firmware/mcu_ws/install/geometry_msgs/include/geometry_msgs/msg/detail/accel_stamped__functions.c
-- Up-to-date: /home/microros/microros_ws/firmware/mcu_ws/install/geometry_msgs/include/geometry_msgs/msg/detail/pose2_d__functions.h
-- Up-to-date: /home/microros/microros_ws/firmware/mcu_ws/install/geometry_msgs/include/geometry_msgs/msg/detail/vector3__struct.h
-- Up-to-date: /home/microros/microros_ws/firmware/mcu_ws/install/geometry_msgs/include/geometry_msgs/msg/detail/transform__functions.c
-- Up-to-date: /home/microros/microros_ws/firmware/mcu_ws/install/geometry_msgs/include/geometry_msgs/msg/detail/inertia__functions.c
-- Up-to-date: /home/microros/microros_ws/firmware/mcu_ws/install/geometry_msgs/include/geometry_msgs/msg/detail/pose_stamped__functions.h
-- Up-to-date: /home/microros/microros_ws/firmware/mcu_ws/install/geometry_msgs/include/geometry_msgs/msg/detail/transform_stamped__type_support.h
-- Up-to-date: /home/microros/microros_ws/firmware/mcu_ws/install/geometry_msgs/include/geometry_msgs/msg/detail/twist__functions.h
-- Up-to-date: /home/microros/microros_ws/firmware/mcu_ws/install/geometry_msgs/include/geometry_msgs/msg/detail/pose__type_support.h
-- Up-to-date: /home/microros/microros_ws/firmware/mcu_ws/install/geometry_msgs/include/geometry_msgs/msg/detail/vector3_stamped__type_support.h
-- Up-to-date: /home/microros/microros_ws/firmware/mcu_ws/install/geometry_msgs/include/geometry_msgs/msg/detail/inertia__struct.h
-- Up-to-date: /home/microros/microros_ws/firmware/mcu_ws/install/geometry_msgs/include/geometry_msgs/msg/detail/pose_with_covariance__type_support.h
-- Up-to-date: /home/microros/microros_ws/firmware/mcu_ws/install/geometry_msgs/include/geometry_msgs/msg/detail/twist_stamped__type_support.h
-- Up-to-date: /home/microros/microros_ws/firmware/mcu_ws/install/geometry_msgs/include/geometry_msgs/msg/detail/quaternion__type_support.h
-- Up-to-date: /home/microros/microros_ws/firmware/mcu_ws/install/geometry_msgs/include/geometry_msgs/msg/detail/polygon__struct.h
-- Up-to-date: /home/microros/microros_ws/firmware/mcu_ws/install/geometry_msgs/include/geometry_msgs/msg/detail/pose_array__struct.h
-- Up-to-date: /home/microros/microros_ws/firmware/mcu_ws/install/geometry_msgs/include/geometry_msgs/msg/detail/accel_with_covariance__type_support.h
-- Up-to-date: /home/microros/microros_ws/firmware/mcu_ws/install/geometry_msgs/include/geometry_msgs/msg/detail/vector3__functions.h
-- Up-to-date: /home/microros/microros_ws/firmware/mcu_ws/install/geometry_msgs/include/geometry_msgs/msg/detail/quaternion_stamped__struct.h
-- Up-to-date: /home/microros/microros_ws/firmware/mcu_ws/install/geometry_msgs/include/geometry_msgs/msg/detail/quaternion_stamped__functions.h
-- Up-to-date: /home/microros/microros_ws/firmware/mcu_ws/install/geometry_msgs/include/geometry_msgs/msg/detail/inertia__type_support.h
-- Up-to-date: /home/microros/microros_ws/firmware/mcu_ws/install/geometry_msgs/include/geometry_msgs/msg/detail/quaternion__functions.c
-- Up-to-date: /home/microros/microros_ws/firmware/mcu_ws/install/geometry_msgs/include/geometry_msgs/msg/detail/pose_array__functions.h
-- Up-to-date: /home/microros/microros_ws/firmware/mcu_ws/install/geometry_msgs/include/geometry_msgs/msg/detail/twist_with_covariance__functions.c
-- Up-to-date: /home/microros/microros_ws/firmware/mcu_ws/install/geometry_msgs/include/geometry_msgs/msg/detail/quaternion__functions.h
-- Up-to-date: /home/microros/microros_ws/firmware/mcu_ws/install/geometry_msgs/include/geometry_msgs/msg/detail/accel__type_support.h
-- Up-to-date: /home/microros/microros_ws/firmware/mcu_ws/install/geometry_msgs/include/geometry_msgs/msg/detail/pose_with_covariance__functions.h
-- Up-to-date: /home/microros/microros_ws/firmware/mcu_ws/install/geometry_msgs/include/geometry_msgs/msg/detail/twist_with_covariance__functions.h
-- Up-to-date: /home/microros/microros_ws/firmware/mcu_ws/install/geometry_msgs/include/geometry_msgs/msg/detail/twist_stamped__functions.h
-- Up-to-date: /home/microros/microros_ws/firmware/mcu_ws/install/geometry_msgs/include/geometry_msgs/msg/detail/transform__struct.h
-- Up-to-date: /home/microros/microros_ws/firmware/mcu_ws/install/geometry_msgs/include/geometry_msgs/msg/detail/pose_with_covariance_stamped__struct.h
-- Up-to-date: /home/microros/microros_ws/firmware/mcu_ws/install/geometry_msgs/include/geometry_msgs/msg/detail/inertia_stamped__type_support.h
-- Up-to-date: /home/microros/microros_ws/firmware/mcu_ws/install/geometry_msgs/include/geometry_msgs/msg/detail/pose_stamped__functions.c
-- Up-to-date: /home/microros/microros_ws/firmware/mcu_ws/install/geometry_msgs/include/geometry_msgs/msg/detail/pose_with_covariance_stamped__functions.h
-- Up-to-date: /home/microros/microros_ws/firmware/mcu_ws/install/geometry_msgs/include/geometry_msgs/msg/detail/twist__functions.c
-- Up-to-date: /home/microros/microros_ws/firmware/mcu_ws/install/geometry_msgs/include/geometry_msgs/msg/detail/pose__struct.h
-- Up-to-date: /home/microros/microros_ws/firmware/mcu_ws/install/geometry_msgs/include/geometry_msgs/msg/detail/twist__struct.h
-- Up-to-date: /home/microros/microros_ws/firmware/mcu_ws/install/geometry_msgs/include/geometry_msgs/msg/detail/accel_stamped__type_support.h
-- Up-to-date: /home/microros/microros_ws/firmware/mcu_ws/install/geometry_msgs/include/geometry_msgs/msg/detail/pose_array__functions.c
-- Up-to-date: /home/microros/microros_ws/firmware/mcu_ws/install/geometry_msgs/include/geometry_msgs/msg/detail/wrench_stamped__functions.c
-- Up-to-date: /home/microros/microros_ws/firmware/mcu_ws/install/geometry_msgs/include/geometry_msgs/msg/detail/transform_stamped__functions.h
-- Up-to-date: /home/microros/microros_ws/firmware/mcu_ws/install/geometry_msgs/include/geometry_msgs/msg/detail/pose2_d__struct.h
-- Up-to-date: /home/microros/microros_ws/firmware/mcu_ws/install/geometry_msgs/include/geometry_msgs/msg/detail/pose__functions.h
-- Up-to-date: /home/microros/microros_ws/firmware/mcu_ws/install/geometry_msgs/include/geometry_msgs/msg/detail/inertia__functions.h
-- Up-to-date: /home/microros/microros_ws/firmware/mcu_ws/install/geometry_msgs/include/geometry_msgs/msg/detail/pose_stamped__type_support.h
-- Up-to-date: /home/microros/microros_ws/firmware/mcu_ws/install/geometry_msgs/include/geometry_msgs/msg/detail/transform_stamped__struct.h
-- Up-to-date: /home/microros/microros_ws/firmware/mcu_ws/install/geometry_msgs/include/geometry_msgs/msg/detail/vector3__functions.c
-- Up-to-date: /home/microros/microros_ws/firmware/mcu_ws/install/geometry_msgs/include/geometry_msgs/msg/detail/twist_with_covariance__type_support.h
-- Up-to-date: /home/microros/microros_ws/firmware/mcu_ws/install/geometry_msgs/include/geometry_msgs/msg/detail/polygon_stamped__struct.h
-- Up-to-date: /home/microros/microros_ws/firmware/mcu_ws/install/geometry_msgs/include/geometry_msgs/msg/detail/wrench__functions.h
-- Up-to-date: /home/microros/microros_ws/firmware/mcu_ws/install/geometry_msgs/include/geometry_msgs/msg/detail/polygon__functions.c
-- Up-to-date: /home/microros/microros_ws/firmware/mcu_ws/install/geometry_msgs/include/geometry_msgs/msg/detail/polygon_stamped__functions.c
-- Up-to-date: /home/microros/microros_ws/firmware/mcu_ws/install/geometry_msgs/include/geometry_msgs/msg/detail/twist_stamped__functions.c
-- Up-to-date: /home/microros/microros_ws/firmware/mcu_ws/install/geometry_msgs/include/geometry_msgs/msg/detail/transform__type_support.h
-- Up-to-date: /home/microros/microros_ws/firmware/mcu_ws/install/geometry_msgs/include/geometry_msgs/msg/detail/wrench_stamped__type_support.h
-- Up-to-date: /home/microros/microros_ws/firmware/mcu_ws/install/geometry_msgs/include/geometry_msgs/msg/detail/twist_with_covariance_stamped__functions.c
-- Up-to-date: /home/microros/microros_ws/firmware/mcu_ws/install/geometry_msgs/include/geometry_msgs/msg/detail/pose_with_covariance__struct.h
-- Up-to-date: /home/microros/microros_ws/firmware/mcu_ws/install/geometry_msgs/include/geometry_msgs/msg/detail/transform__functions.h
-- Up-to-date: /home/microros/microros_ws/firmware/mcu_ws/install/geometry_msgs/include/geometry_msgs/msg/detail/pose_with_covariance_stamped__functions.c
-- Up-to-date: /home/microros/microros_ws/firmware/mcu_ws/install/geometry_msgs/include/geometry_msgs/msg/detail/polygon__type_support.h
-- Up-to-date: /home/microros/microros_ws/firmware/mcu_ws/install/geometry_msgs/include/geometry_msgs/msg/detail/point_stamped__functions.h
-- Up-to-date: /home/microros/microros_ws/firmware/mcu_ws/install/geometry_msgs/include/geometry_msgs/msg/pose_array.h
-- Up-to-date: /home/microros/microros_ws/firmware/mcu_ws/install/geometry_msgs/include/geometry_msgs/msg/pose_with_covariance_stamped.h
-- Up-to-date: /home/microros/microros_ws/firmware/mcu_ws/install/geometry_msgs/include/geometry_msgs/msg/point_stamped.h
-- Up-to-date: /home/microros/microros_ws/firmware/mcu_ws/install/geometry_msgs/include/geometry_msgs/msg/accel.h
-- Up-to-date: /home/microros/microros_ws/firmware/mcu_ws/install/geometry_msgs/include/geometry_msgs/msg/twist_stamped.h
-- Up-to-date: /home/microros/microros_ws/firmware/mcu_ws/install/geometry_msgs/include/geometry_msgs/msg/pose2_d.h
-- Up-to-date: /home/microros/microros_ws/firmware/mcu_ws/install/geometry_msgs/include/geometry_msgs/msg/quaternion.h
-- Up-to-date: /home/microros/microros_ws/firmware/mcu_ws/install/geometry_msgs/include/geometry_msgs/msg/twist_with_covariance.h
-- Up-to-date: /home/microros/microros_ws/firmware/mcu_ws/install/geometry_msgs/include/geometry_msgs/msg/pose_stamped.h
-- Up-to-date: /home/microros/microros_ws/firmware/mcu_ws/install/geometry_msgs/include/geometry_msgs/msg/accel_with_covariance.h
-- Up-to-date: /home/microros/microros_ws/firmware/mcu_ws/install/geometry_msgs/include/geometry_msgs/msg/inertia_stamped.h
-- Up-to-date: /home/microros/microros_ws/firmware/mcu_ws/install/geometry_msgs/include/geometry_msgs/msg/point32.h
-- Up-to-date: /home/microros/microros_ws/firmware/mcu_ws/install/geometry_msgs/include/geometry_msgs/msg/transform_stamped.h
-- Up-to-date: /home/microros/microros_ws/firmware/mcu_ws/install/geometry_msgs/include/geometry_msgs/msg/vector3_stamped.h
-- Up-to-date: /home/microros/microros_ws/firmware/mcu_ws/install/geometry_msgs/include/geometry_msgs/msg/accel_with_covariance_stamped.h
-- Up-to-date: /home/microros/microros_ws/firmware/mcu_ws/install/geometry_msgs/include/geometry_msgs/msg/twist.h
-- Up-to-date: /home/microros/microros_ws/firmware/mcu_ws/install/geometry_msgs/include/geometry_msgs/msg/transform.h
-- Up-to-date: /home/microros/microros_ws/firmware/mcu_ws/install/geometry_msgs/include/geometry_msgs/msg/quaternion_stamped.h
-- Up-to-date: /home/microros/microros_ws/firmware/mcu_ws/install/geometry_msgs/include/geometry_msgs/msg/wrench.h
-- Up-to-date: /home/microros/microros_ws/firmware/mcu_ws/install/geometry_msgs/include/geometry_msgs/msg/polygon.h
-- Up-to-date: /home/microros/microros_ws/firmware/mcu_ws/install/geometry_msgs/include/geometry_msgs/msg/inertia.h
-- Up-to-date: /home/microros/microros_ws/firmware/mcu_ws/install/geometry_msgs/include/geometry_msgs/msg/wrench_stamped.h
-- Up-to-date: /home/microros/microros_ws/firmware/mcu_ws/install/geometry_msgs/include/geometry_msgs/msg/point.h
-- Up-to-date: /home/microros/microros_ws/firmware/mcu_ws/install/geometry_msgs/include/geometry_msgs/msg/rosidl_generator_c__visibility_control.h
-- Up-to-date: /home/microros/microros_ws/firmware/mcu_ws/install/geometry_msgs/include/geometry_msgs/msg/pose_with_covariance.h
-- Up-to-date: /home/microros/microros_ws/firmware/mcu_ws/install/geometry_msgs/include/geometry_msgs/msg/pose.h
-- Up-to-date: /home/microros/microros_ws/firmware/mcu_ws/install/geometry_msgs/include/geometry_msgs/msg/accel_stamped.h
-- Up-to-date: /home/microros/microros_ws/firmware/mcu_ws/install/geometry_msgs/include/geometry_msgs/msg/vector3.h
-- Up-to-date: /home/microros/microros_ws/firmware/mcu_ws/install/geometry_msgs/include/geometry_msgs/msg/twist_with_covariance_stamped.h
-- Up-to-date: /home/microros/microros_ws/firmware/mcu_ws/install/geometry_msgs/include/geometry_msgs/msg/polygon_stamped.h
-- Up-to-date: /home/microros/microros_ws/firmware/mcu_ws/install/geometry_msgs/share/geometry_msgs/environment/library_path.sh
-- Up-to-date: /home/microros/microros_ws/firmware/mcu_ws/install/geometry_msgs/share/geometry_msgs/environment/library_path.dsv
-- Up-to-date: /home/microros/microros_ws/firmware/mcu_ws/install/geometry_msgs/lib/libgeometry_msgs__rosidl_generator_c.a
-- Up-to-date: /home/microros/microros_ws/firmware/mcu_ws/install/geometry_msgs/include/geometry_msgs
-- Up-to-date: /home/microros/microros_ws/firmware/mcu_ws/install/geometry_msgs/include/geometry_msgs/msg
-- Up-to-date: /home/microros/microros_ws/firmware/mcu_ws/install/geometry_msgs/include/geometry_msgs/msg/detail
-- Up-to-date: /home/microros/microros_ws/firmware/mcu_ws/install/geometry_msgs/include/geometry_msgs/msg/detail/pose_stamped__rosidl_typesupport_microxrcedds_c.h
-- Up-to-date: /home/microros/microros_ws/firmware/mcu_ws/install/geometry_msgs/include/geometry_msgs/msg/detail/accel__rosidl_typesupport_microxrcedds_c.h
-- Up-to-date: /home/microros/microros_ws/firmware/mcu_ws/install/geometry_msgs/include/geometry_msgs/msg/detail/point__rosidl_typesupport_microxrcedds_c.h
-- Up-to-date: /home/microros/microros_ws/firmware/mcu_ws/install/geometry_msgs/include/geometry_msgs/msg/detail/point32__rosidl_typesupport_microxrcedds_c.h
-- Up-to-date: /home/microros/microros_ws/firmware/mcu_ws/install/geometry_msgs/include/geometry_msgs/msg/detail/pose_array__rosidl_typesupport_microxrcedds_c.h
-- Up-to-date: /home/microros/microros_ws/firmware/mcu_ws/install/geometry_msgs/include/geometry_msgs/msg/detail/quaternion__rosidl_typesupport_microxrcedds_c.h
-- Up-to-date: /home/microros/microros_ws/firmware/mcu_ws/install/geometry_msgs/include/geometry_msgs/msg/detail/pose_with_covariance_stamped__rosidl_typesupport_microxrcedds_c.h
-- Up-to-date: /home/microros/microros_ws/firmware/mcu_ws/install/geometry_msgs/include/geometry_msgs/msg/detail/transform__rosidl_typesupport_microxrcedds_c.h
-- Up-to-date: /home/microros/microros_ws/firmware/mcu_ws/install/geometry_msgs/include/geometry_msgs/msg/detail/microxrcedds
-- Up-to-date: /home/microros/microros_ws/firmware/mcu_ws/install/geometry_msgs/include/geometry_msgs/msg/detail/point_stamped__rosidl_typesupport_microxrcedds_c.h
-- Up-to-date: /home/microros/microros_ws/firmware/mcu_ws/install/geometry_msgs/include/geometry_msgs/msg/detail/vector3_stamped__rosidl_typesupport_microxrcedds_c.h
-- Up-to-date: /home/microros/microros_ws/firmware/mcu_ws/install/geometry_msgs/include/geometry_msgs/msg/detail/inertia_stamped__rosidl_typesupport_microxrcedds_c.h
-- Up-to-date: /home/microros/microros_ws/firmware/mcu_ws/install/geometry_msgs/include/geometry_msgs/msg/detail/accel_stamped__rosidl_typesupport_microxrcedds_c.h
-- Up-to-date: /home/microros/microros_ws/firmware/mcu_ws/install/geometry_msgs/include/geometry_msgs/msg/detail/polygon__rosidl_typesupport_microxrcedds_c.h
-- Up-to-date: /home/microros/microros_ws/firmware/mcu_ws/install/geometry_msgs/include/geometry_msgs/msg/detail/wrench_stamped__rosidl_typesupport_microxrcedds_c.h
-- Up-to-date: /home/microros/microros_ws/firmware/mcu_ws/install/geometry_msgs/include/geometry_msgs/msg/detail/inertia__rosidl_typesupport_microxrcedds_c.h
-- Up-to-date: /home/microros/microros_ws/firmware/mcu_ws/install/geometry_msgs/include/geometry_msgs/msg/detail/quaternion_stamped__rosidl_typesupport_microxrcedds_c.h
-- Up-to-date: /home/microros/microros_ws/firmware/mcu_ws/install/geometry_msgs/include/geometry_msgs/msg/detail/wrench__rosidl_typesupport_microxrcedds_c.h
-- Up-to-date: /home/microros/microros_ws/firmware/mcu_ws/install/geometry_msgs/include/geometry_msgs/msg/detail/pose2_d__rosidl_typesupport_microxrcedds_c.h
-- Up-to-date: /home/microros/microros_ws/firmware/mcu_ws/install/geometry_msgs/include/geometry_msgs/msg/detail/twist_with_covariance_stamped__rosidl_typesupport_microxrcedds_c.h
-- Up-to-date: /home/microros/microros_ws/firmware/mcu_ws/install/geometry_msgs/include/geometry_msgs/msg/detail/polygon_stamped__rosidl_typesupport_microxrcedds_c.h
-- Up-to-date: /home/microros/microros_ws/firmware/mcu_ws/install/geometry_msgs/include/geometry_msgs/msg/detail/twist_with_covariance__rosidl_typesupport_microxrcedds_c.h
-- Up-to-date: /home/microros/microros_ws/firmware/mcu_ws/install/geometry_msgs/include/geometry_msgs/msg/detail/accel_with_covariance__rosidl_typesupport_microxrcedds_c.h
-- Up-to-date: /home/microros/microros_ws/firmware/mcu_ws/install/geometry_msgs/include/geometry_msgs/msg/detail/twist_stamped__rosidl_typesupport_microxrcedds_c.h
-- Up-to-date: /home/microros/microros_ws/firmware/mcu_ws/install/geometry_msgs/include/geometry_msgs/msg/detail/twist__rosidl_typesupport_microxrcedds_c.h
-- Up-to-date: /home/microros/microros_ws/firmware/mcu_ws/install/geometry_msgs/include/geometry_msgs/msg/detail/vector3__rosidl_typesupport_microxrcedds_c.h
-- Up-to-date: /home/microros/microros_ws/firmware/mcu_ws/install/geometry_msgs/include/geometry_msgs/msg/detail/pose_with_covariance__rosidl_typesupport_microxrcedds_c.h
-- Up-to-date: /home/microros/microros_ws/firmware/mcu_ws/install/geometry_msgs/include/geometry_msgs/msg/detail/accel_with_covariance_stamped__rosidl_typesupport_microxrcedds_c.h
-- Up-to-date: /home/microros/microros_ws/firmware/mcu_ws/install/geometry_msgs/include/geometry_msgs/msg/detail/pose__rosidl_typesupport_microxrcedds_c.h
-- Up-to-date: /home/microros/microros_ws/firmware/mcu_ws/install/geometry_msgs/include/geometry_msgs/msg/detail/transform_stamped__rosidl_typesupport_microxrcedds_c.h
-- Up-to-date: /home/microros/microros_ws/firmware/mcu_ws/install/geometry_msgs/include/geometry_msgs/msg/rosidl_typesupport_microxrcedds_c__visibility_control.h
-- Up-to-date: /home/microros/microros_ws/firmware/mcu_ws/install/geometry_msgs/lib/libgeometry_msgs__rosidl_typesupport_microxrcedds_c.a
-- Up-to-date: /home/microros/microros_ws/firmware/mcu_ws/install/geometry_msgs/lib/libgeometry_msgs__rosidl_typesupport_c.a
-- Up-to-date: /home/microros/microros_ws/firmware/mcu_ws/install/geometry_msgs/lib/libgeometry_msgs__rosidl_typesupport_microxrcedds_c.a
-- Up-to-date: /home/microros/microros_ws/firmware/mcu_ws/install/geometry_msgs/share/geometry_msgs/msg/Accel.idl
-- Up-to-date: /home/microros/microros_ws/firmware/mcu_ws/install/geometry_msgs/share/geometry_msgs/msg/AccelStamped.idl
-- Up-to-date: /home/microros/microros_ws/firmware/mcu_ws/install/geometry_msgs/share/geometry_msgs/msg/AccelWithCovariance.idl
-- Up-to-date: /home/microros/microros_ws/firmware/mcu_ws/install/geometry_msgs/share/geometry_msgs/msg/AccelWithCovarianceStamped.idl
-- Up-to-date: /home/microros/microros_ws/firmware/mcu_ws/install/geometry_msgs/share/geometry_msgs/msg/Inertia.idl
-- Up-to-date: /home/microros/microros_ws/firmware/mcu_ws/install/geometry_msgs/share/geometry_msgs/msg/InertiaStamped.idl
-- Up-to-date: /home/microros/microros_ws/firmware/mcu_ws/install/geometry_msgs/share/geometry_msgs/msg/Point.idl
-- Up-to-date: /home/microros/microros_ws/firmware/mcu_ws/install/geometry_msgs/share/geometry_msgs/msg/Point32.idl
-- Up-to-date: /home/microros/microros_ws/firmware/mcu_ws/install/geometry_msgs/share/geometry_msgs/msg/PointStamped.idl
-- Up-to-date: /home/microros/microros_ws/firmware/mcu_ws/install/geometry_msgs/share/geometry_msgs/msg/Polygon.idl
-- Up-to-date: /home/microros/microros_ws/firmware/mcu_ws/install/geometry_msgs/share/geometry_msgs/msg/PolygonStamped.idl
-- Up-to-date: /home/microros/microros_ws/firmware/mcu_ws/install/geometry_msgs/share/geometry_msgs/msg/Pose.idl
-- Up-to-date: /home/microros/microros_ws/firmware/mcu_ws/install/geometry_msgs/share/geometry_msgs/msg/Pose2D.idl
-- Up-to-date: /home/microros/microros_ws/firmware/mcu_ws/install/geometry_msgs/share/geometry_msgs/msg/PoseArray.idl
-- Up-to-date: /home/microros/microros_ws/firmware/mcu_ws/install/geometry_msgs/share/geometry_msgs/msg/PoseStamped.idl
-- Up-to-date: /home/microros/microros_ws/firmware/mcu_ws/install/geometry_msgs/share/geometry_msgs/msg/PoseWithCovariance.idl
-- Up-to-date: /home/microros/microros_ws/firmware/mcu_ws/install/geometry_msgs/share/geometry_msgs/msg/PoseWithCovarianceStamped.idl
-- Up-to-date: /home/microros/microros_ws/firmware/mcu_ws/install/geometry_msgs/share/geometry_msgs/msg/Quaternion.idl
-- Up-to-date: /home/microros/microros_ws/firmware/mcu_ws/install/geometry_msgs/share/geometry_msgs/msg/QuaternionStamped.idl
-- Up-to-date: /home/microros/microros_ws/firmware/mcu_ws/install/geometry_msgs/share/geometry_msgs/msg/Transform.idl
-- Up-to-date: /home/microros/microros_ws/firmware/mcu_ws/install/geometry_msgs/share/geometry_msgs/msg/TransformStamped.idl
-- Up-to-date: /home/microros/microros_ws/firmware/mcu_ws/install/geometry_msgs/share/geometry_msgs/msg/Twist.idl
-- Up-to-date: /home/microros/microros_ws/firmware/mcu_ws/install/geometry_msgs/share/geometry_msgs/msg/TwistStamped.idl
-- Up-to-date: /home/microros/microros_ws/firmware/mcu_ws/install/geometry_msgs/share/geometry_msgs/msg/TwistWithCovariance.idl
-- Up-to-date: /home/microros/microros_ws/firmware/mcu_ws/install/geometry_msgs/share/geometry_msgs/msg/TwistWithCovarianceStamped.idl
-- Up-to-date: /home/microros/microros_ws/firmware/mcu_ws/install/geometry_msgs/share/geometry_msgs/msg/Vector3.idl
-- Up-to-date: /home/microros/microros_ws/firmware/mcu_ws/install/geometry_msgs/share/geometry_msgs/msg/Vector3Stamped.idl
-- Up-to-date: /home/microros/microros_ws/firmware/mcu_ws/install/geometry_msgs/share/geometry_msgs/msg/Wrench.idl
-- Up-to-date: /home/microros/microros_ws/firmware/mcu_ws/install/geometry_msgs/share/geometry_msgs/msg/WrenchStamped.idl
-- Up-to-date: /home/microros/microros_ws/firmware/mcu_ws/install/geometry_msgs/share/geometry_msgs/msg/Accel.msg
-- Up-to-date: /home/microros/microros_ws/firmware/mcu_ws/install/geometry_msgs/share/geometry_msgs/msg/AccelStamped.msg
-- Up-to-date: /home/microros/microros_ws/firmware/mcu_ws/install/geometry_msgs/share/geometry_msgs/msg/AccelWithCovariance.msg
-- Up-to-date: /home/microros/microros_ws/firmware/mcu_ws/install/geometry_msgs/share/geometry_msgs/msg/AccelWithCovarianceStamped.msg
-- Up-to-date: /home/microros/microros_ws/firmware/mcu_ws/install/geometry_msgs/share/geometry_msgs/msg/Inertia.msg
-- Up-to-date: /home/microros/microros_ws/firmware/mcu_ws/install/geometry_msgs/share/geometry_msgs/msg/InertiaStamped.msg
-- Up-to-date: /home/microros/microros_ws/firmware/mcu_ws/install/geometry_msgs/share/geometry_msgs/msg/Point.msg
-- Up-to-date: /home/microros/microros_ws/firmware/mcu_ws/install/geometry_msgs/share/geometry_msgs/msg/Point32.msg
-- Up-to-date: /home/microros/microros_ws/firmware/mcu_ws/install/geometry_msgs/share/geometry_msgs/msg/PointStamped.msg
-- Up-to-date: /home/microros/microros_ws/firmware/mcu_ws/install/geometry_msgs/share/geometry_msgs/msg/Polygon.msg
-- Up-to-date: /home/microros/microros_ws/firmware/mcu_ws/install/geometry_msgs/share/geometry_msgs/msg/PolygonStamped.msg
-- Up-to-date: /home/microros/microros_ws/firmware/mcu_ws/install/geometry_msgs/share/geometry_msgs/msg/Pose.msg
-- Up-to-date: /home/microros/microros_ws/firmware/mcu_ws/install/geometry_msgs/share/geometry_msgs/msg/Pose2D.msg
-- Up-to-date: /home/microros/microros_ws/firmware/mcu_ws/install/geometry_msgs/share/geometry_msgs/msg/PoseArray.msg
-- Up-to-date: /home/microros/microros_ws/firmware/mcu_ws/install/geometry_msgs/share/geometry_msgs/msg/PoseStamped.msg
-- Up-to-date: /home/microros/microros_ws/firmware/mcu_ws/install/geometry_msgs/share/geometry_msgs/msg/PoseWithCovariance.msg
-- Up-to-date: /home/microros/microros_ws/firmware/mcu_ws/install/geometry_msgs/share/geometry_msgs/msg/PoseWithCovarianceStamped.msg
-- Up-to-date: /home/microros/microros_ws/firmware/mcu_ws/install/geometry_msgs/share/geometry_msgs/msg/Quaternion.msg
-- Up-to-date: /home/microros/microros_ws/firmware/mcu_ws/install/geometry_msgs/share/geometry_msgs/msg/QuaternionStamped.msg
-- Up-to-date: /home/microros/microros_ws/firmware/mcu_ws/install/geometry_msgs/share/geometry_msgs/msg/Transform.msg
-- Up-to-date: /home/microros/microros_ws/firmware/mcu_ws/install/geometry_msgs/share/geometry_msgs/msg/TransformStamped.msg
-- Up-to-date: /home/microros/microros_ws/firmware/mcu_ws/install/geometry_msgs/share/geometry_msgs/msg/Twist.msg
-- Up-to-date: /home/microros/microros_ws/firmware/mcu_ws/install/geometry_msgs/share/geometry_msgs/msg/TwistStamped.msg
-- Up-to-date: /home/microros/microros_ws/firmware/mcu_ws/install/geometry_msgs/share/geometry_msgs/msg/TwistWithCovariance.msg
-- Up-to-date: /home/microros/microros_ws/firmware/mcu_ws/install/geometry_msgs/share/geometry_msgs/msg/TwistWithCovarianceStamped.msg
-- Up-to-date: /home/microros/microros_ws/firmware/mcu_ws/install/geometry_msgs/share/geometry_msgs/msg/Vector3.msg
-- Up-to-date: /home/microros/microros_ws/firmware/mcu_ws/install/geometry_msgs/share/geometry_msgs/msg/Vector3Stamped.msg
-- Up-to-date: /home/microros/microros_ws/firmware/mcu_ws/install/geometry_msgs/share/geometry_msgs/msg/Wrench.msg
-- Up-to-date: /home/microros/microros_ws/firmware/mcu_ws/install/geometry_msgs/share/geometry_msgs/msg/WrenchStamped.msg
-- Up-to-date: /home/microros/microros_ws/firmware/mcu_ws/install/geometry_msgs/share/ament_index/resource_index/package_run_dependencies/geometry_msgs
-- Up-to-date: /home/microros/microros_ws/firmware/mcu_ws/install/geometry_msgs/share/ament_index/resource_index/parent_prefix_path/geometry_msgs
-- Up-to-date: /home/microros/microros_ws/firmware/mcu_ws/install/geometry_msgs/share/geometry_msgs/environment/ament_prefix_path.sh
-- Up-to-date: /home/microros/microros_ws/firmware/mcu_ws/install/geometry_msgs/share/geometry_msgs/environment/ament_prefix_path.dsv
-- Up-to-date: /home/microros/microros_ws/firmware/mcu_ws/install/geometry_msgs/share/geometry_msgs/environment/path.sh
-- Up-to-date: /home/microros/microros_ws/firmware/mcu_ws/install/geometry_msgs/share/geometry_msgs/environment/path.dsv
-- Up-to-date: /home/microros/microros_ws/firmware/mcu_ws/install/geometry_msgs/share/geometry_msgs/local_setup.bash
-- Up-to-date: /home/microros/microros_ws/firmware/mcu_ws/install/geometry_msgs/share/geometry_msgs/local_setup.sh
-- Up-to-date: /home/microros/microros_ws/firmware/mcu_ws/install/geometry_msgs/share/geometry_msgs/local_setup.zsh
-- Up-to-date: /home/microros/microros_ws/firmware/mcu_ws/install/geometry_msgs/share/geometry_msgs/local_setup.dsv
-- Installing: /home/microros/microros_ws/firmware/mcu_ws/install/geometry_msgs/share/geometry_msgs/package.dsv
-- Up-to-date: /home/microros/microros_ws/firmware/mcu_ws/install/geometry_msgs/share/ament_index/resource_index/packages/geometry_msgs
-- Up-to-date: /home/microros/microros_ws/firmware/mcu_ws/install/geometry_msgs/share/geometry_msgs/cmake/geometry_msgs__rosidl_generator_cExport.cmake
-- Up-to-date: /home/microros/microros_ws/firmware/mcu_ws/install/geometry_msgs/share/geometry_msgs/cmake/geometry_msgs__rosidl_generator_cExport-relwithdebinfo.cmake
-- Up-to-date: /home/microros/microros_ws/firmware/mcu_ws/install/geometry_msgs/share/geometry_msgs/cmake/geometry_msgs__rosidl_typesupport_cExport.cmake
-- Up-to-date: /home/microros/microros_ws/firmware/mcu_ws/install/geometry_msgs/share/geometry_msgs/cmake/geometry_msgs__rosidl_typesupport_cExport-relwithdebinfo.cmake
-- Up-to-date: /home/microros/microros_ws/firmware/mcu_ws/install/geometry_msgs/share/geometry_msgs/cmake/rosidl_cmake-extras.cmake
-- Up-to-date: /home/microros/microros_ws/firmware/mcu_ws/install/geometry_msgs/share/geometry_msgs/cmake/ament_cmake_export_dependencies-extras.cmake
-- Up-to-date: /home/microros/microros_ws/firmware/mcu_ws/install/geometry_msgs/share/geometry_msgs/cmake/ament_cmake_export_libraries-extras.cmake
-- Up-to-date: /home/microros/microros_ws/firmware/mcu_ws/install/geometry_msgs/share/geometry_msgs/cmake/ament_cmake_export_targets-extras.cmake
-- Up-to-date: /home/microros/microros_ws/firmware/mcu_ws/install/geometry_msgs/share/geometry_msgs/cmake/ament_cmake_export_include_directories-extras.cmake
-- Up-to-date: /home/microros/microros_ws/firmware/mcu_ws/install/geometry_msgs/share/geometry_msgs/cmake/rosidl_cmake_export_typesupport_libraries-extras.cmake
-- Up-to-date: /home/microros/microros_ws/firmware/mcu_ws/install/geometry_msgs/share/geometry_msgs/cmake/geometry_msgsConfig.cmake
-- Up-to-date: /home/microros/microros_ws/firmware/mcu_ws/install/geometry_msgs/share/geometry_msgs/cmake/geometry_msgsConfig-version.cmake
-- Up-to-date: /home/microros/microros_ws/firmware/mcu_ws/install/geometry_msgs/share/geometry_msgs/package.xml
