[0.028s] Invoking command in '/home/microros/microros_ws/firmware/mcu_ws/build/tracetools': CMAKE_PREFIX_PATH=${CMAKE_PREFIX_PATH}:/home/microros/microros_ws/firmware/dev_ws/install/ament_uncrustify:/home/microros/microros_ws/firmware/dev_ws/install/domain_coordinator:/home/microros/microros_ws/firmware/dev_ws/install/ament_xmllint:/home/microros/microros_ws/firmware/dev_ws/install/ament_pyflakes:/home/microros/microros_ws/firmware/dev_ws/install/ament_pycodestyle:/home/microros/microros_ws/firmware/dev_ws/install/ament_pep257:/home/microros/microros_ws/firmware/dev_ws/install/ament_pclint:/home/microros/microros_ws/firmware/dev_ws/install/ament_package:/home/microros/microros_ws/firmware/dev_ws/install/ament_mypy:/home/microros/microros_ws/firmware/dev_ws/install/ament_lint_cmake:/home/microros/microros_ws/firmware/dev_ws/install/ament_flake8:/home/microros/microros_ws/firmware/dev_ws/install/ament_copyright:/home/microros/microros_ws/firmware/dev_ws/install/ament_lint:/home/microros/microros_ws/firmware/dev_ws/install/ament_index_python:/home/microros/microros_ws/firmware/dev_ws/install/ament_cpplint:/home/microros/microros_ws/firmware/dev_ws/install/ament_cppcheck:/home/microros/microros_ws/firmware/dev_ws/install/ament_clang_tidy:/home/microros/microros_ws/firmware/dev_ws/install/ament_clang_format /usr/bin/cmake --build /home/microros/microros_ws/firmware/mcu_ws/build/tracetools -- -j4 -l4
[0.062s] make[4]: Entering directory '/home/microros/microros_ws/firmware/mcu_ws/build/tracetools'
[0.062s] /usr/bin/cmake -S/home/microros/microros_ws/firmware/mcu_ws/uros/tracetools/tracetools -B/home/microros/microros_ws/firmware/mcu_ws/build/tracetools --check-build-system CMakeFiles/Makefile.cmake 0
[0.069s] /usr/bin/cmake -E cmake_progress_start /home/microros/microros_ws/firmware/mcu_ws/build/tracetools/CMakeFiles /home/microros/microros_ws/firmware/mcu_ws/build/tracetools/CMakeFiles/progress.marks
[0.078s] /usr/bin/make -f CMakeFiles/Makefile2 all
[0.079s] make[5]: Entering directory '/home/microros/microros_ws/firmware/mcu_ws/build/tracetools'
[0.080s] /usr/bin/make -f CMakeFiles/tracetools.dir/build.make CMakeFiles/tracetools.dir/depend
[0.083s] make[6]: Entering directory '/home/microros/microros_ws/firmware/mcu_ws/build/tracetools'
[0.084s] cd /home/microros/microros_ws/firmware/mcu_ws/build/tracetools && /usr/bin/cmake -E cmake_depends "Unix Makefiles" /home/microros/microros_ws/firmware/mcu_ws/uros/tracetools/tracetools /home/microros/microros_ws/firmware/mcu_ws/uros/tracetools/tracetools /home/microros/microros_ws/firmware/mcu_ws/build/tracetools /home/microros/microros_ws/firmware/mcu_ws/build/tracetools /home/microros/microros_ws/firmware/mcu_ws/build/tracetools/CMakeFiles/tracetools.dir/DependInfo.cmake --color=
[0.098s] make[6]: Leaving directory '/home/microros/microros_ws/firmware/mcu_ws/build/tracetools'
[0.098s] /usr/bin/make -f CMakeFiles/tracetools.dir/build.make CMakeFiles/tracetools.dir/build
[0.098s] make[6]: Entering directory '/home/microros/microros_ws/firmware/mcu_ws/build/tracetools'
[0.098s] make[6]: Nothing to be done for 'CMakeFiles/tracetools.dir/build'.
[0.098s] make[6]: Leaving directory '/home/microros/microros_ws/firmware/mcu_ws/build/tracetools'
[0.105s] [100%] Built target tracetools
[0.109s] make[5]: Leaving directory '/home/microros/microros_ws/firmware/mcu_ws/build/tracetools'
[0.110s] /usr/bin/cmake -E cmake_progress_start /home/microros/microros_ws/firmware/mcu_ws/build/tracetools/CMakeFiles 0
[0.117s] make[4]: Leaving directory '/home/microros/microros_ws/firmware/mcu_ws/build/tracetools'
[0.351s] Invoked command in '/home/microros/microros_ws/firmware/mcu_ws/build/tracetools' returned '0': CMAKE_PREFIX_PATH=${CMAKE_PREFIX_PATH}:/home/microros/microros_ws/firmware/dev_ws/install/ament_uncrustify:/home/microros/microros_ws/firmware/dev_ws/install/domain_coordinator:/home/microros/microros_ws/firmware/dev_ws/install/ament_xmllint:/home/microros/microros_ws/firmware/dev_ws/install/ament_pyflakes:/home/microros/microros_ws/firmware/dev_ws/install/ament_pycodestyle:/home/microros/microros_ws/firmware/dev_ws/install/ament_pep257:/home/microros/microros_ws/firmware/dev_ws/install/ament_pclint:/home/microros/microros_ws/firmware/dev_ws/install/ament_package:/home/microros/microros_ws/firmware/dev_ws/install/ament_mypy:/home/microros/microros_ws/firmware/dev_ws/install/ament_lint_cmake:/home/microros/microros_ws/firmware/dev_ws/install/ament_flake8:/home/microros/microros_ws/firmware/dev_ws/install/ament_copyright:/home/microros/microros_ws/firmware/dev_ws/install/ament_lint:/home/microros/microros_ws/firmware/dev_ws/install/ament_index_python:/home/microros/microros_ws/firmware/dev_ws/install/ament_cpplint:/home/microros/microros_ws/firmware/dev_ws/install/ament_cppcheck:/home/microros/microros_ws/firmware/dev_ws/install/ament_clang_tidy:/home/microros/microros_ws/firmware/dev_ws/install/ament_clang_format /usr/bin/cmake --build /home/microros/microros_ws/firmware/mcu_ws/build/tracetools -- -j4 -l4
[0.415s] Invoking command in '/home/microros/microros_ws/firmware/mcu_ws/build/tracetools': CMAKE_PREFIX_PATH=${CMAKE_PREFIX_PATH}:/home/microros/microros_ws/firmware/dev_ws/install/ament_uncrustify:/home/microros/microros_ws/firmware/dev_ws/install/domain_coordinator:/home/microros/microros_ws/firmware/dev_ws/install/ament_xmllint:/home/microros/microros_ws/firmware/dev_ws/install/ament_pyflakes:/home/microros/microros_ws/firmware/dev_ws/install/ament_pycodestyle:/home/microros/microros_ws/firmware/dev_ws/install/ament_pep257:/home/microros/microros_ws/firmware/dev_ws/install/ament_pclint:/home/microros/microros_ws/firmware/dev_ws/install/ament_package:/home/microros/microros_ws/firmware/dev_ws/install/ament_mypy:/home/microros/microros_ws/firmware/dev_ws/install/ament_lint_cmake:/home/microros/microros_ws/firmware/dev_ws/install/ament_flake8:/home/microros/microros_ws/firmware/dev_ws/install/ament_copyright:/home/microros/microros_ws/firmware/dev_ws/install/ament_lint:/home/microros/microros_ws/firmware/dev_ws/install/ament_index_python:/home/microros/microros_ws/firmware/dev_ws/install/ament_cpplint:/home/microros/microros_ws/firmware/dev_ws/install/ament_cppcheck:/home/microros/microros_ws/firmware/dev_ws/install/ament_clang_tidy:/home/microros/microros_ws/firmware/dev_ws/install/ament_clang_format /usr/bin/cmake --install /home/microros/microros_ws/firmware/mcu_ws/build/tracetools
[0.427s] -- Install configuration: "RelWithDebInfo"
[0.428s] -- Up-to-date: /home/microros/microros_ws/firmware/mcu_ws/install/tracetools/include
[0.428s] -- Up-to-date: /home/microros/microros_ws/firmware/mcu_ws/install/tracetools/include/tracetools
[0.428s] -- Up-to-date: /home/microros/microros_ws/firmware/mcu_ws/install/tracetools/include/tracetools/tracetools.h
[0.428s] -- Up-to-date: /home/microros/microros_ws/firmware/mcu_ws/install/tracetools/include/tracetools/utils.hpp
[0.429s] -- Up-to-date: /home/microros/microros_ws/firmware/mcu_ws/install/tracetools/include/tracetools/config.h
[0.429s] -- Up-to-date: /home/microros/microros_ws/firmware/mcu_ws/install/tracetools/include/tracetools/visibility_control.hpp
[0.429s] -- Up-to-date: /home/microros/microros_ws/firmware/mcu_ws/install/tracetools/lib/libtracetools.a
[0.429s] -- Up-to-date: /home/microros/microros_ws/firmware/mcu_ws/install/tracetools/share/ament_index/resource_index/package_run_dependencies/tracetools
[0.429s] -- Up-to-date: /home/microros/microros_ws/firmware/mcu_ws/install/tracetools/share/ament_index/resource_index/parent_prefix_path/tracetools
[0.429s] -- Up-to-date: /home/microros/microros_ws/firmware/mcu_ws/install/tracetools/share/tracetools/environment/ament_prefix_path.sh
[0.429s] -- Up-to-date: /home/microros/microros_ws/firmware/mcu_ws/install/tracetools/share/tracetools/environment/ament_prefix_path.dsv
[0.429s] -- Up-to-date: /home/microros/microros_ws/firmware/mcu_ws/install/tracetools/share/tracetools/environment/path.sh
[0.429s] -- Up-to-date: /home/microros/microros_ws/firmware/mcu_ws/install/tracetools/share/tracetools/environment/path.dsv
[0.430s] -- Up-to-date: /home/microros/microros_ws/firmware/mcu_ws/install/tracetools/share/tracetools/local_setup.bash
[0.430s] -- Up-to-date: /home/microros/microros_ws/firmware/mcu_ws/install/tracetools/share/tracetools/local_setup.sh
[0.430s] -- Up-to-date: /home/microros/microros_ws/firmware/mcu_ws/install/tracetools/share/tracetools/local_setup.zsh
[0.430s] -- Up-to-date: /home/microros/microros_ws/firmware/mcu_ws/install/tracetools/share/tracetools/local_setup.dsv
[0.430s] -- Up-to-date: /home/microros/microros_ws/firmware/mcu_ws/install/tracetools/share/tracetools/package.dsv
[0.430s] -- Up-to-date: /home/microros/microros_ws/firmware/mcu_ws/install/tracetools/share/ament_index/resource_index/packages/tracetools
[0.430s] -- Up-to-date: /home/microros/microros_ws/firmware/mcu_ws/install/tracetools/share/tracetools/cmake/ament_cmake_export_include_directories-extras.cmake
[0.430s] -- Up-to-date: /home/microros/microros_ws/firmware/mcu_ws/install/tracetools/share/tracetools/cmake/tracetoolsConfig.cmake
[0.430s] -- Up-to-date: /home/microros/microros_ws/firmware/mcu_ws/install/tracetools/share/tracetools/cmake/tracetoolsConfig-version.cmake
[0.430s] -- Up-to-date: /home/microros/microros_ws/firmware/mcu_ws/install/tracetools/share/tracetools/package.xml
[0.437s] Invoked command in '/home/microros/microros_ws/firmware/mcu_ws/build/tracetools' returned '0': CMAKE_PREFIX_PATH=${CMAKE_PREFIX_PATH}:/home/microros/microros_ws/firmware/dev_ws/install/ament_uncrustify:/home/microros/microros_ws/firmware/dev_ws/install/domain_coordinator:/home/microros/microros_ws/firmware/dev_ws/install/ament_xmllint:/home/microros/microros_ws/firmware/dev_ws/install/ament_pyflakes:/home/microros/microros_ws/firmware/dev_ws/install/ament_pycodestyle:/home/microros/microros_ws/firmware/dev_ws/install/ament_pep257:/home/microros/microros_ws/firmware/dev_ws/install/ament_pclint:/home/microros/microros_ws/firmware/dev_ws/install/ament_package:/home/microros/microros_ws/firmware/dev_ws/install/ament_mypy:/home/microros/microros_ws/firmware/dev_ws/install/ament_lint_cmake:/home/microros/microros_ws/firmware/dev_ws/install/ament_flake8:/home/microros/microros_ws/firmware/dev_ws/install/ament_copyright:/home/microros/microros_ws/firmware/dev_ws/install/ament_lint:/home/microros/microros_ws/firmware/dev_ws/install/ament_index_python:/home/microros/microros_ws/firmware/dev_ws/install/ament_cpplint:/home/microros/microros_ws/firmware/dev_ws/install/ament_cppcheck:/home/microros/microros_ws/firmware/dev_ws/install/ament_clang_tidy:/home/microros/microros_ws/firmware/dev_ws/install/ament_clang_format /usr/bin/cmake --install /home/microros/microros_ws/firmware/mcu_ws/build/tracetools
