-- Found ament_cmake: 0.9.6 (/home/microros/microros_ws/firmware/dev_ws/install/ament_cmake/share/ament_cmake/cmake)
-- Found PythonInterp: /usr/bin/python3 (found suitable version "3.8.2", minimum required is "3") 
-- Using PYTHON_EXECUTABLE: /usr/bin/python3
CMake Warning (dev) at /home/microros/microros_ws/firmware/dev_ws/install/ament_cmake_test/share/ament_cmake_test/cmake/ament_cmake_test-extras.cmake:19 (option):
  Policy CMP0077 is not set: option() honors normal variables.  Run "cmake
  --help-policy CMP0077" for policy details.  Use the cmake_policy command to
  set the policy and suppress this warning.

  For compatibility with older versions of CMake, option is clearing the
  normal variable 'BUILD_TESTING'.
Call Stack (most recent call first):
  /home/microros/microros_ws/firmware/dev_ws/install/ament_cmake_test/share/ament_cmake_test/cmake/ament_cmake_testConfig.cmake:41 (include)
  /home/microros/microros_ws/firmware/dev_ws/install/ament_cmake/share/ament_cmake/cmake/ament_cmake_export_dependencies-extras.cmake:21 (find_package)
  /home/microros/microros_ws/firmware/dev_ws/install/ament_cmake/share/ament_cmake/cmake/ament_cmakeConfig.cmake:41 (include)
  CMakeLists.txt:5 (find_package)
This warning is for project developers.  Use -Wno-dev to suppress it.

-- Configuring done
-- Generating done
-- Build files have been written to: /home/microros/microros_ws/firmware/mcu_ws/build/rosidl_generator_dds_idl
make[4]: Entering directory '/home/microros/microros_ws/firmware/mcu_ws/build/rosidl_generator_dds_idl'
/usr/bin/cmake -S/home/microros/microros_ws/firmware/mcu_ws/ros2/rosidl_dds/rosidl_generator_dds_idl -B/home/microros/microros_ws/firmware/mcu_ws/build/rosidl_generator_dds_idl --check-build-system CMakeFiles/Makefile.cmake 0
/usr/bin/cmake -E cmake_progress_start /home/microros/microros_ws/firmware/mcu_ws/build/rosidl_generator_dds_idl/CMakeFiles /home/microros/microros_ws/firmware/mcu_ws/build/rosidl_generator_dds_idl/CMakeFiles/progress.marks
/usr/bin/make -f CMakeFiles/Makefile2 all
make[5]: Entering directory '/home/microros/microros_ws/firmware/mcu_ws/build/rosidl_generator_dds_idl'
make[5]: Nothing to be done for 'all'.
make[5]: Leaving directory '/home/microros/microros_ws/firmware/mcu_ws/build/rosidl_generator_dds_idl'
/usr/bin/cmake -E cmake_progress_start /home/microros/microros_ws/firmware/mcu_ws/build/rosidl_generator_dds_idl/CMakeFiles 0
make[4]: Leaving directory '/home/microros/microros_ws/firmware/mcu_ws/build/rosidl_generator_dds_idl'
-- Install configuration: "RelWithDebInfo"
-- Installing: /home/microros/microros_ws/firmware/mcu_ws/install/rosidl_generator_dds_idl/share/rosidl_generator_dds_idl/environment/pythonpath.sh
-- Installing: /home/microros/microros_ws/firmware/mcu_ws/install/rosidl_generator_dds_idl/share/rosidl_generator_dds_idl/environment/pythonpath.dsv
-- Installing: /home/microros/microros_ws/firmware/mcu_ws/install/rosidl_generator_dds_idl/lib/python3.8/site-packages/rosidl_generator_dds_idl
-- Installing: /home/microros/microros_ws/firmware/mcu_ws/install/rosidl_generator_dds_idl/lib/python3.8/site-packages/rosidl_generator_dds_idl/__init__.py
Listing '/home/microros/microros_ws/firmware/mcu_ws/install/rosidl_generator_dds_idl/lib/python3.8/site-packages/rosidl_generator_dds_idl'...
Compiling '/home/microros/microros_ws/firmware/mcu_ws/install/rosidl_generator_dds_idl/lib/python3.8/site-packages/rosidl_generator_dds_idl/__init__.py'...
-- Installing: /home/microros/microros_ws/firmware/mcu_ws/install/rosidl_generator_dds_idl/share/ament_index/resource_index/package_run_dependencies/rosidl_generator_dds_idl
-- Installing: /home/microros/microros_ws/firmware/mcu_ws/install/rosidl_generator_dds_idl/share/ament_index/resource_index/parent_prefix_path/rosidl_generator_dds_idl
-- Installing: /home/microros/microros_ws/firmware/mcu_ws/install/rosidl_generator_dds_idl/share/rosidl_generator_dds_idl/environment/ament_prefix_path.sh
-- Installing: /home/microros/microros_ws/firmware/mcu_ws/install/rosidl_generator_dds_idl/share/rosidl_generator_dds_idl/environment/ament_prefix_path.dsv
-- Installing: /home/microros/microros_ws/firmware/mcu_ws/install/rosidl_generator_dds_idl/share/rosidl_generator_dds_idl/environment/path.sh
-- Installing: /home/microros/microros_ws/firmware/mcu_ws/install/rosidl_generator_dds_idl/share/rosidl_generator_dds_idl/environment/path.dsv
-- Installing: /home/microros/microros_ws/firmware/mcu_ws/install/rosidl_generator_dds_idl/share/rosidl_generator_dds_idl/local_setup.bash
-- Installing: /home/microros/microros_ws/firmware/mcu_ws/install/rosidl_generator_dds_idl/share/rosidl_generator_dds_idl/local_setup.sh
-- Installing: /home/microros/microros_ws/firmware/mcu_ws/install/rosidl_generator_dds_idl/share/rosidl_generator_dds_idl/local_setup.zsh
-- Installing: /home/microros/microros_ws/firmware/mcu_ws/install/rosidl_generator_dds_idl/share/rosidl_generator_dds_idl/local_setup.dsv
-- Installing: /home/microros/microros_ws/firmware/mcu_ws/install/rosidl_generator_dds_idl/share/rosidl_generator_dds_idl/package.dsv
-- Installing: /home/microros/microros_ws/firmware/mcu_ws/install/rosidl_generator_dds_idl/share/ament_index/resource_index/packages/rosidl_generator_dds_idl
-- Installing: /home/microros/microros_ws/firmware/mcu_ws/install/rosidl_generator_dds_idl/share/rosidl_generator_dds_idl/cmake/rosidl_generator_dds_idl-extras.cmake
-- Installing: /home/microros/microros_ws/firmware/mcu_ws/install/rosidl_generator_dds_idl/share/rosidl_generator_dds_idl/cmake/rosidl_generator_dds_idlConfig.cmake
-- Installing: /home/microros/microros_ws/firmware/mcu_ws/install/rosidl_generator_dds_idl/share/rosidl_generator_dds_idl/cmake/rosidl_generator_dds_idlConfig-version.cmake
-- Installing: /home/microros/microros_ws/firmware/mcu_ws/install/rosidl_generator_dds_idl/share/rosidl_generator_dds_idl/package.xml
-- Installing: /home/microros/microros_ws/firmware/mcu_ws/install/rosidl_generator_dds_idl/lib/rosidl_generator_dds_idl/rosidl_generator_dds_idl
-- Up-to-date: /home/microros/microros_ws/firmware/mcu_ws/install/rosidl_generator_dds_idl/share/rosidl_generator_dds_idl/cmake
-- Installing: /home/microros/microros_ws/firmware/mcu_ws/install/rosidl_generator_dds_idl/share/rosidl_generator_dds_idl/cmake/rosidl_generate_dds_interfaces.cmake
-- Installing: /home/microros/microros_ws/firmware/mcu_ws/install/rosidl_generator_dds_idl/share/rosidl_generator_dds_idl/resource
-- Installing: /home/microros/microros_ws/firmware/mcu_ws/install/rosidl_generator_dds_idl/share/rosidl_generator_dds_idl/resource/idl.idl.em
-- Installing: /home/microros/microros_ws/firmware/mcu_ws/install/rosidl_generator_dds_idl/share/rosidl_generator_dds_idl/resource/action.idl.em
-- Installing: /home/microros/microros_ws/firmware/mcu_ws/install/rosidl_generator_dds_idl/share/rosidl_generator_dds_idl/resource/msg.idl.em
-- Installing: /home/microros/microros_ws/firmware/mcu_ws/install/rosidl_generator_dds_idl/share/rosidl_generator_dds_idl/resource/srv.idl.em
