[0.028s] Invoking command in '/home/microros/microros_ws/build/micro_ros_setup': CMAKE_PREFIX_PATH=${CMAKE_PREFIX_PATH}:/opt/ros/foxy /usr/bin/cmake --build /home/microros/microros_ws/build/micro_ros_setup -- -j4 -l4
[0.089s] Invoked command in '/home/microros/microros_ws/build/micro_ros_setup' returned '0': CMAKE_PREFIX_PATH=${CMAKE_PREFIX_PATH}:/opt/ros/foxy /usr/bin/cmake --build /home/microros/microros_ws/build/micro_ros_setup -- -j4 -l4
[0.183s] Invoking command in '/home/microros/microros_ws/build/micro_ros_setup': CMAKE_PREFIX_PATH=${CMAKE_PREFIX_PATH}:/opt/ros/foxy /usr/bin/cmake --install /home/microros/microros_ws/build/micro_ros_setup
[0.195s] -- Install configuration: ""
[0.195s] -- Up-to-date: /home/microros/microros_ws/install/micro_ros_setup/share/ament_index/resource_index/package_run_dependencies/micro_ros_setup
[0.195s] -- Up-to-date: /home/microros/microros_ws/install/micro_ros_setup/share/ament_index/resource_index/parent_prefix_path/micro_ros_setup
[0.195s] -- Up-to-date: /home/microros/microros_ws/install/micro_ros_setup/share/micro_ros_setup/environment/ament_prefix_path.sh
[0.195s] -- Up-to-date: /home/microros/microros_ws/install/micro_ros_setup/share/micro_ros_setup/environment/ament_prefix_path.dsv
[0.196s] -- Up-to-date: /home/microros/microros_ws/install/micro_ros_setup/share/micro_ros_setup/environment/path.sh
[0.196s] -- Up-to-date: /home/microros/microros_ws/install/micro_ros_setup/share/micro_ros_setup/environment/path.dsv
[0.196s] -- Up-to-date: /home/microros/microros_ws/install/micro_ros_setup/share/micro_ros_setup/local_setup.bash
[0.196s] -- Up-to-date: /home/microros/microros_ws/install/micro_ros_setup/share/micro_ros_setup/local_setup.sh
[0.196s] -- Up-to-date: /home/microros/microros_ws/install/micro_ros_setup/share/micro_ros_setup/local_setup.zsh
[0.196s] -- Up-to-date: /home/microros/microros_ws/install/micro_ros_setup/share/micro_ros_setup/local_setup.dsv
[0.196s] -- Installing: /home/microros/microros_ws/install/micro_ros_setup/share/micro_ros_setup/package.dsv
[0.197s] -- Up-to-date: /home/microros/microros_ws/install/micro_ros_setup/share/ament_index/resource_index/packages/micro_ros_setup
[0.197s] -- Up-to-date: /home/microros/microros_ws/install/micro_ros_setup/share/micro_ros_setup/cmake/micro_ros_setupConfig.cmake
[0.197s] -- Up-to-date: /home/microros/microros_ws/install/micro_ros_setup/share/micro_ros_setup/cmake/micro_ros_setupConfig-version.cmake
[0.197s] -- Up-to-date: /home/microros/microros_ws/install/micro_ros_setup/share/micro_ros_setup/package.xml
[0.197s] -- Up-to-date: /home/microros/microros_ws/install/micro_ros_setup/./config
[0.197s] -- Up-to-date: /home/microros/microros_ws/install/micro_ros_setup/./config/zephyr
[0.198s] -- Up-to-date: /home/microros/microros_ws/install/micro_ros_setup/./config/zephyr/dev_uros_packages.repos
[0.198s] -- Up-to-date: /home/microros/microros_ws/install/micro_ros_setup/./config/zephyr/dev_ros2_packages.txt
[0.198s] -- Up-to-date: /home/microros/microros_ws/install/micro_ros_setup/./config/zephyr/generic
[0.198s] -- Up-to-date: /home/microros/microros_ws/install/micro_ros_setup/./config/zephyr/generic/client_uros_packages.repos
[0.198s] -- Up-to-date: /home/microros/microros_ws/install/micro_ros_setup/./config/zephyr/generic/client-colcon.meta
[0.198s] -- Up-to-date: /home/microros/microros_ws/install/micro_ros_setup/./config/zephyr/generic/build.sh
[0.198s] -- Up-to-date: /home/microros/microros_ws/install/micro_ros_setup/./config/zephyr/generic/flash.sh
[0.198s] -- Up-to-date: /home/microros/microros_ws/install/micro_ros_setup/./config/zephyr/generic/configure.sh
[0.198s] -- Up-to-date: /home/microros/microros_ws/install/micro_ros_setup/./config/zephyr/generic/package.xml
[0.198s] -- Up-to-date: /home/microros/microros_ws/install/micro_ros_setup/./config/zephyr/generic/supported_platforms
[0.199s] -- Up-to-date: /home/microros/microros_ws/install/micro_ros_setup/./config/zephyr/generic/create.sh
[0.199s] -- Up-to-date: /home/microros/microros_ws/install/micro_ros_setup/./config/zephyr/generic/board.repos
[0.199s] -- Up-to-date: /home/microros/microros_ws/install/micro_ros_setup/./config/zephyr/list_apps.sh
[0.199s] -- Up-to-date: /home/microros/microros_ws/install/micro_ros_setup/./config/client_ros2_packages.txt
[0.199s] -- Up-to-date: /home/microros/microros_ws/install/micro_ros_setup/./config/agent_ros2_packages.txt
[0.199s] -- Up-to-date: /home/microros/microros_ws/install/micro_ros_setup/./config/agent_uros_packages.repos
[0.200s] -- Up-to-date: /home/microros/microros_ws/install/micro_ros_setup/./config/host
[0.200s] -- Up-to-date: /home/microros/microros_ws/install/micro_ros_setup/./config/host/dev_uros_packages.repos
[0.202s] -- Up-to-date: /home/microros/microros_ws/install/micro_ros_setup/./config/host/dev_ros2_packages.txt
[0.202s] -- Up-to-date: /home/microros/microros_ws/install/micro_ros_setup/./config/host/generic
[0.202s] -- Up-to-date: /home/microros/microros_ws/install/micro_ros_setup/./config/host/generic/build.sh
[0.202s] -- Up-to-date: /home/microros/microros_ws/install/micro_ros_setup/./config/host/generic/client_host_packages.repos
[0.202s] -- Up-to-date: /home/microros/microros_ws/install/micro_ros_setup/./config/host/generic/flash.sh
[0.202s] -- Up-to-date: /home/microros/microros_ws/install/micro_ros_setup/./config/host/generic/package.xml
[0.202s] -- Up-to-date: /home/microros/microros_ws/install/micro_ros_setup/./config/host/generic/create.sh
[0.203s] -- Up-to-date: /home/microros/microros_ws/install/micro_ros_setup/./config/host/generic/client-host-colcon.meta
[0.203s] -- Up-to-date: /home/microros/microros_ws/install/micro_ros_setup/./config/host/client_ros2_packages.txt
[0.203s] -- Up-to-date: /home/microros/microros_ws/install/micro_ros_setup/./config/freertos
[0.203s] -- Up-to-date: /home/microros/microros_ws/install/micro_ros_setup/./config/freertos/nucleo_f446ze
[0.204s] -- Up-to-date: /home/microros/microros_ws/install/micro_ros_setup/./config/freertos/nucleo_f446ze/client_uros_packages.repos
[0.204s] -- Up-to-date: /home/microros/microros_ws/install/micro_ros_setup/./config/freertos/nucleo_f446ze/client-colcon.meta
[0.204s] -- Up-to-date: /home/microros/microros_ws/install/micro_ros_setup/./config/freertos/nucleo_f446ze/build.sh
[0.204s] -- Up-to-date: /home/microros/microros_ws/install/micro_ros_setup/./config/freertos/nucleo_f446ze/flash.sh
[0.204s] -- Up-to-date: /home/microros/microros_ws/install/micro_ros_setup/./config/freertos/nucleo_f446ze/configure.sh
[0.204s] -- Up-to-date: /home/microros/microros_ws/install/micro_ros_setup/./config/freertos/nucleo_f446ze/package.xml
[0.204s] -- Up-to-date: /home/microros/microros_ws/install/micro_ros_setup/./config/freertos/nucleo_f446ze/create.sh
[0.205s] -- Up-to-date: /home/microros/microros_ws/install/micro_ros_setup/./config/freertos/nucleo_f446ze/board.repos
[0.205s] -- Up-to-date: /home/microros/microros_ws/install/micro_ros_setup/./config/freertos/dev_uros_packages.repos
[0.205s] -- Up-to-date: /home/microros/microros_ws/install/micro_ros_setup/./config/freertos/dev_ros2_packages.txt
[0.205s] -- Up-to-date: /home/microros/microros_ws/install/micro_ros_setup/./config/freertos/olimex-stm32-e407
[0.205s] -- Up-to-date: /home/microros/microros_ws/install/micro_ros_setup/./config/freertos/olimex-stm32-e407/client_uros_packages.repos
[0.205s] -- Up-to-date: /home/microros/microros_ws/install/micro_ros_setup/./config/freertos/olimex-stm32-e407/client-colcon.meta
[0.206s] -- Up-to-date: /home/microros/microros_ws/install/micro_ros_setup/./config/freertos/olimex-stm32-e407/build.sh
[0.206s] -- Up-to-date: /home/microros/microros_ws/install/micro_ros_setup/./config/freertos/olimex-stm32-e407/flash.sh
[0.206s] -- Up-to-date: /home/microros/microros_ws/install/micro_ros_setup/./config/freertos/olimex-stm32-e407/configure.sh
[0.206s] -- Up-to-date: /home/microros/microros_ws/install/micro_ros_setup/./config/freertos/olimex-stm32-e407/package.xml
[0.207s] -- Up-to-date: /home/microros/microros_ws/install/micro_ros_setup/./config/freertos/olimex-stm32-e407/create.sh
[0.207s] -- Up-to-date: /home/microros/microros_ws/install/micro_ros_setup/./config/freertos/olimex-stm32-e407/board.repos
[0.207s] -- Up-to-date: /home/microros/microros_ws/install/micro_ros_setup/./config/freertos/esp32
[0.207s] -- Up-to-date: /home/microros/microros_ws/install/micro_ros_setup/./config/freertos/esp32/client_uros_packages.repos
[0.208s] -- Up-to-date: /home/microros/microros_ws/install/micro_ros_setup/./config/freertos/esp32/client-colcon.meta
[0.208s] -- Up-to-date: /home/microros/microros_ws/install/micro_ros_setup/./config/freertos/esp32/build.sh
[0.208s] -- Up-to-date: /home/microros/microros_ws/install/micro_ros_setup/./config/freertos/esp32/flash.sh
[0.210s] -- Up-to-date: /home/microros/microros_ws/install/micro_ros_setup/./config/freertos/esp32/configure.sh
[0.210s] -- Up-to-date: /home/microros/microros_ws/install/micro_ros_setup/./config/freertos/esp32/package.xml
[0.210s] -- Up-to-date: /home/microros/microros_ws/install/micro_ros_setup/./config/freertos/esp32/README.md
[0.210s] -- Up-to-date: /home/microros/microros_ws/install/micro_ros_setup/./config/freertos/esp32/create.sh
[0.210s] -- Up-to-date: /home/microros/microros_ws/install/micro_ros_setup/./config/freertos/esp32/board.repos
[0.210s] -- Up-to-date: /home/microros/microros_ws/install/micro_ros_setup/./config/freertos/crazyflie21
[0.210s] -- Up-to-date: /home/microros/microros_ws/install/micro_ros_setup/./config/freertos/crazyflie21/client_uros_packages.repos
[0.210s] -- Up-to-date: /home/microros/microros_ws/install/micro_ros_setup/./config/freertos/crazyflie21/client-colcon.meta
[0.211s] -- Up-to-date: /home/microros/microros_ws/install/micro_ros_setup/./config/freertos/crazyflie21/build.sh
[0.211s] -- Up-to-date: /home/microros/microros_ws/install/micro_ros_setup/./config/freertos/crazyflie21/flash.sh
[0.211s] -- Up-to-date: /home/microros/microros_ws/install/micro_ros_setup/./config/freertos/crazyflie21/configure.sh
[0.211s] -- Up-to-date: /home/microros/microros_ws/install/micro_ros_setup/./config/freertos/crazyflie21/package.xml
[0.211s] -- Up-to-date: /home/microros/microros_ws/install/micro_ros_setup/./config/freertos/crazyflie21/create.sh
[0.211s] -- Up-to-date: /home/microros/microros_ws/install/micro_ros_setup/./config/freertos/crazyflie21/board.repos
[0.211s] -- Up-to-date: /home/microros/microros_ws/install/micro_ros_setup/./config/freertos/list_apps.sh
[0.211s] -- Up-to-date: /home/microros/microros_ws/install/micro_ros_setup/./config/nuttx
[0.211s] -- Up-to-date: /home/microros/microros_ws/install/micro_ros_setup/./config/nuttx/dev_uros_packages.repos
[0.212s] -- Up-to-date: /home/microros/microros_ws/install/micro_ros_setup/./config/nuttx/dev_ros2_packages.txt
[0.212s] -- Up-to-date: /home/microros/microros_ws/install/micro_ros_setup/./config/nuttx/generic
[0.212s] -- Up-to-date: /home/microros/microros_ws/install/micro_ros_setup/./config/nuttx/generic/client_uros_packages.repos
[0.212s] -- Up-to-date: /home/microros/microros_ws/install/micro_ros_setup/./config/nuttx/generic/client-colcon.meta
[0.212s] -- Up-to-date: /home/microros/microros_ws/install/micro_ros_setup/./config/nuttx/generic/build.sh
[0.212s] -- Up-to-date: /home/microros/microros_ws/install/micro_ros_setup/./config/nuttx/generic/flash.sh
[0.212s] -- Up-to-date: /home/microros/microros_ws/install/micro_ros_setup/./config/nuttx/generic/configure.sh
[0.214s] -- Up-to-date: /home/microros/microros_ws/install/micro_ros_setup/./config/nuttx/generic/package.xml
[0.214s] -- Up-to-date: /home/microros/microros_ws/install/micro_ros_setup/./config/nuttx/generic/uros_packages.repos
[0.215s] -- Up-to-date: /home/microros/microros_ws/install/micro_ros_setup/./config/nuttx/generic/supported_platforms
[0.215s] -- Up-to-date: /home/microros/microros_ws/install/micro_ros_setup/./config/nuttx/generic/create.sh
[0.215s] -- Up-to-date: /home/microros/microros_ws/install/micro_ros_setup/./config/utils.sh
[0.215s] -- Up-to-date: /home/microros/microros_ws/install/micro_ros_setup/./config/raspbian
[0.216s] -- Up-to-date: /home/microros/microros_ws/install/micro_ros_setup/./config/raspbian/dev_uros_packages.repos
[0.216s] -- Up-to-date: /home/microros/microros_ws/install/micro_ros_setup/./config/raspbian/dev_ros2_packages.txt
[0.216s] -- Up-to-date: /home/microros/microros_ws/install/micro_ros_setup/./config/raspbian/generic
[0.217s] -- Up-to-date: /home/microros/microros_ws/install/micro_ros_setup/./config/raspbian/generic/client_uros_packages.repos
[0.217s] -- Up-to-date: /home/microros/microros_ws/install/micro_ros_setup/./config/raspbian/generic/client-colcon.meta
[0.217s] -- Up-to-date: /home/microros/microros_ws/install/micro_ros_setup/./config/raspbian/generic/build.sh
[0.218s] -- Up-to-date: /home/microros/microros_ws/install/micro_ros_setup/./config/raspbian/generic/flash.sh
[0.219s] -- Up-to-date: /home/microros/microros_ws/install/micro_ros_setup/./config/raspbian/generic/configure.sh
[0.223s] -- Up-to-date: /home/microros/microros_ws/install/micro_ros_setup/./config/raspbian/generic/supported_platforms
[0.223s] -- Up-to-date: /home/microros/microros_ws/install/micro_ros_setup/./config/raspbian/generic/create.sh
[0.223s] -- Up-to-date: /home/microros/microros_ws/install/micro_ros_setup/lib/micro_ros_setup/create_ws.sh
[0.224s] -- Up-to-date: /home/microros/microros_ws/install/micro_ros_setup/lib/micro_ros_setup/create_agent_ws.sh
[0.225s] -- Up-to-date: /home/microros/microros_ws/install/micro_ros_setup/lib/micro_ros_setup/create_firmware_ws.sh
[0.225s] -- Up-to-date: /home/microros/microros_ws/install/micro_ros_setup/lib/micro_ros_setup/configure_firmware.sh
[0.225s] -- Up-to-date: /home/microros/microros_ws/install/micro_ros_setup/lib/micro_ros_setup/flash_firmware.sh
[0.226s] -- Up-to-date: /home/microros/microros_ws/install/micro_ros_setup/lib/micro_ros_setup/build_firmware.sh
[0.227s] -- Up-to-date: /home/microros/microros_ws/install/micro_ros_setup/lib/micro_ros_setup/build_agent.sh
[0.227s] -- Up-to-date: /home/microros/microros_ws/install/micro_ros_setup/lib/micro_ros_setup/yaml_filter.py
[0.228s] -- Up-to-date: /home/microros/microros_ws/install/micro_ros_setup/lib/micro_ros_setup/clean_env.sh
[0.228s] Invoked command in '/home/microros/microros_ws/build/micro_ros_setup' returned '0': CMAKE_PREFIX_PATH=${CMAKE_PREFIX_PATH}:/opt/ros/foxy /usr/bin/cmake --install /home/microros/microros_ws/build/micro_ros_setup
