[0.440s] Invoking command in '/home/microros/microros_ws/firmware/mcu_ws/uros/tracetools/tracetools_launch': AMENT_PREFIX_PATH=/home/microros/microros_ws/firmware/mcu_ws/install/tracetools_trace:${AMENT_PREFIX_PATH} PYTHONPATH=/home/microros/microros_ws/firmware/mcu_ws/install/tracetools_launch/lib/python3.8/site-packages:/home/microros/microros_ws/firmware/mcu_ws/install/tracetools_trace/lib/python3.8/site-packages:${PYTHONPATH} /usr/bin/python3 setup.py egg_info --egg-base /home/microros/microros_ws/firmware/mcu_ws/build/tracetools_launch build --build-base /home/microros/microros_ws/firmware/mcu_ws/build/tracetools_launch/build install --prefix /home/microros/microros_ws/firmware/mcu_ws/install/tracetools_launch --record /home/microros/microros_ws/firmware/mcu_ws/build/tracetools_launch/install.log --single-version-externally-managed
[0.977s] running egg_info
[0.978s] creating /home/microros/microros_ws/firmware/mcu_ws/build/tracetools_launch/tracetools_launch.egg-info
[0.978s] writing /home/microros/microros_ws/firmware/mcu_ws/build/tracetools_launch/tracetools_launch.egg-info/PKG-INFO
[0.979s] writing dependency_links to /home/microros/microros_ws/firmware/mcu_ws/build/tracetools_launch/tracetools_launch.egg-info/dependency_links.txt
[0.980s] writing requirements to /home/microros/microros_ws/firmware/mcu_ws/build/tracetools_launch/tracetools_launch.egg-info/requires.txt
[0.980s] writing top-level names to /home/microros/microros_ws/firmware/mcu_ws/build/tracetools_launch/tracetools_launch.egg-info/top_level.txt
[0.982s] writing manifest file '/home/microros/microros_ws/firmware/mcu_ws/build/tracetools_launch/tracetools_launch.egg-info/SOURCES.txt'
[1.037s] reading manifest file '/home/microros/microros_ws/firmware/mcu_ws/build/tracetools_launch/tracetools_launch.egg-info/SOURCES.txt'
[1.039s] writing manifest file '/home/microros/microros_ws/firmware/mcu_ws/build/tracetools_launch/tracetools_launch.egg-info/SOURCES.txt'
[1.039s] running build
[1.039s] running build_py
[1.040s] creating /home/microros/microros_ws/firmware/mcu_ws/build/tracetools_launch/build
[1.040s] creating /home/microros/microros_ws/firmware/mcu_ws/build/tracetools_launch/build/lib
[1.040s] creating /home/microros/microros_ws/firmware/mcu_ws/build/tracetools_launch/build/lib/tracetools_launch
[1.040s] copying tracetools_launch/__init__.py -> /home/microros/microros_ws/firmware/mcu_ws/build/tracetools_launch/build/lib/tracetools_launch
[1.041s] copying tracetools_launch/action.py -> /home/microros/microros_ws/firmware/mcu_ws/build/tracetools_launch/build/lib/tracetools_launch
[1.041s] creating /home/microros/microros_ws/firmware/mcu_ws/build/tracetools_launch/build/lib/tracetools_launch/actions
[1.042s] copying tracetools_launch/actions/ld_preload.py -> /home/microros/microros_ws/firmware/mcu_ws/build/tracetools_launch/build/lib/tracetools_launch/actions
[1.042s] copying tracetools_launch/actions/__init__.py -> /home/microros/microros_ws/firmware/mcu_ws/build/tracetools_launch/build/lib/tracetools_launch/actions
[1.043s] running install
[1.045s] running install_lib
[1.046s] creating /home/microros/microros_ws/firmware/mcu_ws/install/tracetools_launch/lib/python3.8/site-packages/tracetools_launch
[1.047s] copying /home/microros/microros_ws/firmware/mcu_ws/build/tracetools_launch/build/lib/tracetools_launch/__init__.py -> /home/microros/microros_ws/firmware/mcu_ws/install/tracetools_launch/lib/python3.8/site-packages/tracetools_launch
[1.047s] copying /home/microros/microros_ws/firmware/mcu_ws/build/tracetools_launch/build/lib/tracetools_launch/action.py -> /home/microros/microros_ws/firmware/mcu_ws/install/tracetools_launch/lib/python3.8/site-packages/tracetools_launch
[1.047s] creating /home/microros/microros_ws/firmware/mcu_ws/install/tracetools_launch/lib/python3.8/site-packages/tracetools_launch/actions
[1.048s] copying /home/microros/microros_ws/firmware/mcu_ws/build/tracetools_launch/build/lib/tracetools_launch/actions/ld_preload.py -> /home/microros/microros_ws/firmware/mcu_ws/install/tracetools_launch/lib/python3.8/site-packages/tracetools_launch/actions
[1.048s] copying /home/microros/microros_ws/firmware/mcu_ws/build/tracetools_launch/build/lib/tracetools_launch/actions/__init__.py -> /home/microros/microros_ws/firmware/mcu_ws/install/tracetools_launch/lib/python3.8/site-packages/tracetools_launch/actions
[1.049s] byte-compiling /home/microros/microros_ws/firmware/mcu_ws/install/tracetools_launch/lib/python3.8/site-packages/tracetools_launch/__init__.py to __init__.cpython-38.pyc
[1.051s] byte-compiling /home/microros/microros_ws/firmware/mcu_ws/install/tracetools_launch/lib/python3.8/site-packages/tracetools_launch/action.py to action.cpython-38.pyc
[1.053s] byte-compiling /home/microros/microros_ws/firmware/mcu_ws/install/tracetools_launch/lib/python3.8/site-packages/tracetools_launch/actions/ld_preload.py to ld_preload.cpython-38.pyc
[1.054s] byte-compiling /home/microros/microros_ws/firmware/mcu_ws/install/tracetools_launch/lib/python3.8/site-packages/tracetools_launch/actions/__init__.py to __init__.cpython-38.pyc
[1.055s] running install_data
[1.056s] copying package.xml -> /home/microros/microros_ws/firmware/mcu_ws/install/tracetools_launch/share/tracetools_launch
[1.056s] creating /home/microros/microros_ws/firmware/mcu_ws/install/tracetools_launch/share/tracetools_launch/launch
[1.056s] copying launch/example.launch.py -> /home/microros/microros_ws/firmware/mcu_ws/install/tracetools_launch/share/tracetools_launch/launch
[1.079s] creating /home/microros/microros_ws/firmware/mcu_ws/install/tracetools_launch/share/ament_index
[1.079s] creating /home/microros/microros_ws/firmware/mcu_ws/install/tracetools_launch/share/ament_index/resource_index
[1.079s] creating /home/microros/microros_ws/firmware/mcu_ws/install/tracetools_launch/share/ament_index/resource_index/packages
[1.079s] copying resource/tracetools_launch -> /home/microros/microros_ws/firmware/mcu_ws/install/tracetools_launch/share/ament_index/resource_index/packages
[1.079s] running install_egg_info
[1.092s] Copying /home/microros/microros_ws/firmware/mcu_ws/build/tracetools_launch/tracetools_launch.egg-info to /home/microros/microros_ws/firmware/mcu_ws/install/tracetools_launch/lib/python3.8/site-packages/tracetools_launch-1.0.2-py3.8.egg-info
[1.093s] running install_scripts
[1.123s] writing list of installed files to '/home/microros/microros_ws/firmware/mcu_ws/build/tracetools_launch/install.log'
[1.245s] Invoked command in '/home/microros/microros_ws/firmware/mcu_ws/uros/tracetools/tracetools_launch' returned '0': AMENT_PREFIX_PATH=/home/microros/microros_ws/firmware/mcu_ws/install/tracetools_trace:${AMENT_PREFIX_PATH} PYTHONPATH=/home/microros/microros_ws/firmware/mcu_ws/install/tracetools_launch/lib/python3.8/site-packages:/home/microros/microros_ws/firmware/mcu_ws/install/tracetools_trace/lib/python3.8/site-packages:${PYTHONPATH} /usr/bin/python3 setup.py egg_info --egg-base /home/microros/microros_ws/firmware/mcu_ws/build/tracetools_launch build --build-base /home/microros/microros_ws/firmware/mcu_ws/build/tracetools_launch/build install --prefix /home/microros/microros_ws/firmware/mcu_ws/install/tracetools_launch --record /home/microros/microros_ws/firmware/mcu_ws/build/tracetools_launch/install.log --single-version-externally-managed
