make[3]: Entering directory '/home/microros/microros_ws/firmware/mcu_ws/build/actionlib_msgs'
/usr/bin/cmake -S/home/microros/microros_ws/firmware/mcu_ws/ros2/common_interfaces/actionlib_msgs -B/home/microros/microros_ws/firmware/mcu_ws/build/actionlib_msgs --check-build-system CMakeFiles/Makefile.cmake 0
/usr/bin/cmake -E cmake_progress_start /home/microros/microros_ws/firmware/mcu_ws/build/actionlib_msgs/CMakeFiles /home/microros/microros_ws/firmware/mcu_ws/build/actionlib_msgs/CMakeFiles/progress.marks
/usr/bin/make -f CMakeFiles/Makefile2 all
make[4]: Entering directory '/home/microros/microros_ws/firmware/mcu_ws/build/actionlib_msgs'
/usr/bin/make -f CMakeFiles/actionlib_msgs__rosidl_generator_c.dir/build.make CMakeFiles/actionlib_msgs__rosidl_generator_c.dir/depend
make[5]: Entering directory '/home/microros/microros_ws/firmware/mcu_ws/build/actionlib_msgs'
cd /home/microros/microros_ws/firmware/mcu_ws/build/actionlib_msgs && /usr/bin/cmake -E cmake_depends "Unix Makefiles" /home/microros/microros_ws/firmware/mcu_ws/ros2/common_interfaces/actionlib_msgs /home/microros/microros_ws/firmware/mcu_ws/ros2/common_interfaces/actionlib_msgs /home/microros/microros_ws/firmware/mcu_ws/build/actionlib_msgs /home/microros/microros_ws/firmware/mcu_ws/build/actionlib_msgs /home/microros/microros_ws/firmware/mcu_ws/build/actionlib_msgs/CMakeFiles/actionlib_msgs__rosidl_generator_c.dir/DependInfo.cmake --color=
make[5]: Leaving directory '/home/microros/microros_ws/firmware/mcu_ws/build/actionlib_msgs'
/usr/bin/make -f CMakeFiles/actionlib_msgs__rosidl_generator_c.dir/build.make CMakeFiles/actionlib_msgs__rosidl_generator_c.dir/build
make[5]: Entering directory '/home/microros/microros_ws/firmware/mcu_ws/build/actionlib_msgs'
make[5]: Nothing to be done for 'CMakeFiles/actionlib_msgs__rosidl_generator_c.dir/build'.
make[5]: Leaving directory '/home/microros/microros_ws/firmware/mcu_ws/build/actionlib_msgs'
[ 33%] Built target actionlib_msgs__rosidl_generator_c
/usr/bin/make -f CMakeFiles/actionlib_msgs__rosidl_typesupport_microxrcedds_c.dir/build.make CMakeFiles/actionlib_msgs__rosidl_typesupport_microxrcedds_c.dir/depend
make[5]: Entering directory '/home/microros/microros_ws/firmware/mcu_ws/build/actionlib_msgs'
cd /home/microros/microros_ws/firmware/mcu_ws/build/actionlib_msgs && /usr/bin/cmake -E cmake_depends "Unix Makefiles" /home/microros/microros_ws/firmware/mcu_ws/ros2/common_interfaces/actionlib_msgs /home/microros/microros_ws/firmware/mcu_ws/ros2/common_interfaces/actionlib_msgs /home/microros/microros_ws/firmware/mcu_ws/build/actionlib_msgs /home/microros/microros_ws/firmware/mcu_ws/build/actionlib_msgs /home/microros/microros_ws/firmware/mcu_ws/build/actionlib_msgs/CMakeFiles/actionlib_msgs__rosidl_typesupport_microxrcedds_c.dir/DependInfo.cmake --color=
make[5]: Leaving directory '/home/microros/microros_ws/firmware/mcu_ws/build/actionlib_msgs'
/usr/bin/make -f CMakeFiles/actionlib_msgs__rosidl_typesupport_microxrcedds_c.dir/build.make CMakeFiles/actionlib_msgs__rosidl_typesupport_microxrcedds_c.dir/build
make[5]: Entering directory '/home/microros/microros_ws/firmware/mcu_ws/build/actionlib_msgs'
make[5]: Nothing to be done for 'CMakeFiles/actionlib_msgs__rosidl_typesupport_microxrcedds_c.dir/build'.
make[5]: Leaving directory '/home/microros/microros_ws/firmware/mcu_ws/build/actionlib_msgs'
[ 66%] Built target actionlib_msgs__rosidl_typesupport_microxrcedds_c
/usr/bin/make -f CMakeFiles/actionlib_msgs__rosidl_typesupport_c.dir/build.make CMakeFiles/actionlib_msgs__rosidl_typesupport_c.dir/depend
make[5]: Entering directory '/home/microros/microros_ws/firmware/mcu_ws/build/actionlib_msgs'
cd /home/microros/microros_ws/firmware/mcu_ws/build/actionlib_msgs && /usr/bin/cmake -E cmake_depends "Unix Makefiles" /home/microros/microros_ws/firmware/mcu_ws/ros2/common_interfaces/actionlib_msgs /home/microros/microros_ws/firmware/mcu_ws/ros2/common_interfaces/actionlib_msgs /home/microros/microros_ws/firmware/mcu_ws/build/actionlib_msgs /home/microros/microros_ws/firmware/mcu_ws/build/actionlib_msgs /home/microros/microros_ws/firmware/mcu_ws/build/actionlib_msgs/CMakeFiles/actionlib_msgs__rosidl_typesupport_c.dir/DependInfo.cmake --color=
make[5]: Leaving directory '/home/microros/microros_ws/firmware/mcu_ws/build/actionlib_msgs'
/usr/bin/make -f CMakeFiles/actionlib_msgs__rosidl_typesupport_c.dir/build.make CMakeFiles/actionlib_msgs__rosidl_typesupport_c.dir/build
make[5]: Entering directory '/home/microros/microros_ws/firmware/mcu_ws/build/actionlib_msgs'
make[5]: Nothing to be done for 'CMakeFiles/actionlib_msgs__rosidl_typesupport_c.dir/build'.
make[5]: Leaving directory '/home/microros/microros_ws/firmware/mcu_ws/build/actionlib_msgs'
[100%] Built target actionlib_msgs__rosidl_typesupport_c
/usr/bin/make -f CMakeFiles/actionlib_msgs.dir/build.make CMakeFiles/actionlib_msgs.dir/depend
make[5]: Entering directory '/home/microros/microros_ws/firmware/mcu_ws/build/actionlib_msgs'
cd /home/microros/microros_ws/firmware/mcu_ws/build/actionlib_msgs && /usr/bin/cmake -E cmake_depends "Unix Makefiles" /home/microros/microros_ws/firmware/mcu_ws/ros2/common_interfaces/actionlib_msgs /home/microros/microros_ws/firmware/mcu_ws/ros2/common_interfaces/actionlib_msgs /home/microros/microros_ws/firmware/mcu_ws/build/actionlib_msgs /home/microros/microros_ws/firmware/mcu_ws/build/actionlib_msgs /home/microros/microros_ws/firmware/mcu_ws/build/actionlib_msgs/CMakeFiles/actionlib_msgs.dir/DependInfo.cmake --color=
make[5]: Leaving directory '/home/microros/microros_ws/firmware/mcu_ws/build/actionlib_msgs'
/usr/bin/make -f CMakeFiles/actionlib_msgs.dir/build.make CMakeFiles/actionlib_msgs.dir/build
make[5]: Entering directory '/home/microros/microros_ws/firmware/mcu_ws/build/actionlib_msgs'
make[5]: Nothing to be done for 'CMakeFiles/actionlib_msgs.dir/build'.
make[5]: Leaving directory '/home/microros/microros_ws/firmware/mcu_ws/build/actionlib_msgs'
[100%] Built target actionlib_msgs
make[4]: Leaving directory '/home/microros/microros_ws/firmware/mcu_ws/build/actionlib_msgs'
/usr/bin/cmake -E cmake_progress_start /home/microros/microros_ws/firmware/mcu_ws/build/actionlib_msgs/CMakeFiles 0
make[3]: Leaving directory '/home/microros/microros_ws/firmware/mcu_ws/build/actionlib_msgs'
-- Install configuration: "RelWithDebInfo"
-- Up-to-date: /home/microros/microros_ws/firmware/mcu_ws/install/actionlib_msgs/share/ament_index/resource_index/rosidl_interfaces/actionlib_msgs
-- Up-to-date: /home/microros/microros_ws/firmware/mcu_ws/install/actionlib_msgs/include/actionlib_msgs
-- Up-to-date: /home/microros/microros_ws/firmware/mcu_ws/install/actionlib_msgs/include/actionlib_msgs/msg
-- Up-to-date: /home/microros/microros_ws/firmware/mcu_ws/install/actionlib_msgs/include/actionlib_msgs/msg/detail
-- Up-to-date: /home/microros/microros_ws/firmware/mcu_ws/install/actionlib_msgs/include/actionlib_msgs/msg/detail/goal_status__functions.h
-- Up-to-date: /home/microros/microros_ws/firmware/mcu_ws/install/actionlib_msgs/include/actionlib_msgs/msg/detail/goal_id__functions.h
-- Up-to-date: /home/microros/microros_ws/firmware/mcu_ws/install/actionlib_msgs/include/actionlib_msgs/msg/detail/goal_status_array__functions.c
-- Up-to-date: /home/microros/microros_ws/firmware/mcu_ws/install/actionlib_msgs/include/actionlib_msgs/msg/detail/goal_status_array__struct.h
-- Up-to-date: /home/microros/microros_ws/firmware/mcu_ws/install/actionlib_msgs/include/actionlib_msgs/msg/detail/goal_id__type_support.h
-- Up-to-date: /home/microros/microros_ws/firmware/mcu_ws/install/actionlib_msgs/include/actionlib_msgs/msg/detail/goal_id__struct.h
-- Up-to-date: /home/microros/microros_ws/firmware/mcu_ws/install/actionlib_msgs/include/actionlib_msgs/msg/detail/goal_id__functions.c
-- Up-to-date: /home/microros/microros_ws/firmware/mcu_ws/install/actionlib_msgs/include/actionlib_msgs/msg/detail/goal_status__functions.c
-- Up-to-date: /home/microros/microros_ws/firmware/mcu_ws/install/actionlib_msgs/include/actionlib_msgs/msg/detail/goal_status_array__functions.h
-- Up-to-date: /home/microros/microros_ws/firmware/mcu_ws/install/actionlib_msgs/include/actionlib_msgs/msg/detail/goal_status_array__type_support.h
-- Up-to-date: /home/microros/microros_ws/firmware/mcu_ws/install/actionlib_msgs/include/actionlib_msgs/msg/detail/goal_status__type_support.h
-- Up-to-date: /home/microros/microros_ws/firmware/mcu_ws/install/actionlib_msgs/include/actionlib_msgs/msg/detail/goal_status__struct.h
-- Up-to-date: /home/microros/microros_ws/firmware/mcu_ws/install/actionlib_msgs/include/actionlib_msgs/msg/goal_status_array.h
-- Up-to-date: /home/microros/microros_ws/firmware/mcu_ws/install/actionlib_msgs/include/actionlib_msgs/msg/goal_id.h
-- Up-to-date: /home/microros/microros_ws/firmware/mcu_ws/install/actionlib_msgs/include/actionlib_msgs/msg/goal_status.h
-- Up-to-date: /home/microros/microros_ws/firmware/mcu_ws/install/actionlib_msgs/include/actionlib_msgs/msg/rosidl_generator_c__visibility_control.h
-- Up-to-date: /home/microros/microros_ws/firmware/mcu_ws/install/actionlib_msgs/share/actionlib_msgs/environment/library_path.sh
-- Up-to-date: /home/microros/microros_ws/firmware/mcu_ws/install/actionlib_msgs/share/actionlib_msgs/environment/library_path.dsv
-- Up-to-date: /home/microros/microros_ws/firmware/mcu_ws/install/actionlib_msgs/lib/libactionlib_msgs__rosidl_generator_c.a
-- Up-to-date: /home/microros/microros_ws/firmware/mcu_ws/install/actionlib_msgs/include/actionlib_msgs
-- Up-to-date: /home/microros/microros_ws/firmware/mcu_ws/install/actionlib_msgs/include/actionlib_msgs/msg
-- Up-to-date: /home/microros/microros_ws/firmware/mcu_ws/install/actionlib_msgs/include/actionlib_msgs/msg/detail
-- Up-to-date: /home/microros/microros_ws/firmware/mcu_ws/install/actionlib_msgs/include/actionlib_msgs/msg/detail/microxrcedds
-- Up-to-date: /home/microros/microros_ws/firmware/mcu_ws/install/actionlib_msgs/include/actionlib_msgs/msg/detail/goal_status_array__rosidl_typesupport_microxrcedds_c.h
-- Up-to-date: /home/microros/microros_ws/firmware/mcu_ws/install/actionlib_msgs/include/actionlib_msgs/msg/detail/goal_id__rosidl_typesupport_microxrcedds_c.h
-- Up-to-date: /home/microros/microros_ws/firmware/mcu_ws/install/actionlib_msgs/include/actionlib_msgs/msg/detail/goal_status__rosidl_typesupport_microxrcedds_c.h
-- Up-to-date: /home/microros/microros_ws/firmware/mcu_ws/install/actionlib_msgs/include/actionlib_msgs/msg/rosidl_typesupport_microxrcedds_c__visibility_control.h
-- Up-to-date: /home/microros/microros_ws/firmware/mcu_ws/install/actionlib_msgs/lib/libactionlib_msgs__rosidl_typesupport_microxrcedds_c.a
-- Up-to-date: /home/microros/microros_ws/firmware/mcu_ws/install/actionlib_msgs/lib/libactionlib_msgs__rosidl_typesupport_c.a
-- Up-to-date: /home/microros/microros_ws/firmware/mcu_ws/install/actionlib_msgs/lib/libactionlib_msgs__rosidl_typesupport_microxrcedds_c.a
-- Up-to-date: /home/microros/microros_ws/firmware/mcu_ws/install/actionlib_msgs/share/actionlib_msgs/msg/GoalID.idl
-- Up-to-date: /home/microros/microros_ws/firmware/mcu_ws/install/actionlib_msgs/share/actionlib_msgs/msg/GoalStatus.idl
-- Up-to-date: /home/microros/microros_ws/firmware/mcu_ws/install/actionlib_msgs/share/actionlib_msgs/msg/GoalStatusArray.idl
-- Up-to-date: /home/microros/microros_ws/firmware/mcu_ws/install/actionlib_msgs/share/actionlib_msgs/msg/GoalID.msg
-- Up-to-date: /home/microros/microros_ws/firmware/mcu_ws/install/actionlib_msgs/share/actionlib_msgs/msg/GoalStatus.msg
-- Up-to-date: /home/microros/microros_ws/firmware/mcu_ws/install/actionlib_msgs/share/actionlib_msgs/msg/GoalStatusArray.msg
-- Up-to-date: /home/microros/microros_ws/firmware/mcu_ws/install/actionlib_msgs/share/ament_index/resource_index/package_run_dependencies/actionlib_msgs
-- Up-to-date: /home/microros/microros_ws/firmware/mcu_ws/install/actionlib_msgs/share/ament_index/resource_index/parent_prefix_path/actionlib_msgs
-- Up-to-date: /home/microros/microros_ws/firmware/mcu_ws/install/actionlib_msgs/share/actionlib_msgs/environment/ament_prefix_path.sh
-- Up-to-date: /home/microros/microros_ws/firmware/mcu_ws/install/actionlib_msgs/share/actionlib_msgs/environment/ament_prefix_path.dsv
-- Up-to-date: /home/microros/microros_ws/firmware/mcu_ws/install/actionlib_msgs/share/actionlib_msgs/environment/path.sh
-- Up-to-date: /home/microros/microros_ws/firmware/mcu_ws/install/actionlib_msgs/share/actionlib_msgs/environment/path.dsv
-- Up-to-date: /home/microros/microros_ws/firmware/mcu_ws/install/actionlib_msgs/share/actionlib_msgs/local_setup.bash
-- Up-to-date: /home/microros/microros_ws/firmware/mcu_ws/install/actionlib_msgs/share/actionlib_msgs/local_setup.sh
-- Up-to-date: /home/microros/microros_ws/firmware/mcu_ws/install/actionlib_msgs/share/actionlib_msgs/local_setup.zsh
-- Up-to-date: /home/microros/microros_ws/firmware/mcu_ws/install/actionlib_msgs/share/actionlib_msgs/local_setup.dsv
-- Installing: /home/microros/microros_ws/firmware/mcu_ws/install/actionlib_msgs/share/actionlib_msgs/package.dsv
-- Up-to-date: /home/microros/microros_ws/firmware/mcu_ws/install/actionlib_msgs/share/ament_index/resource_index/packages/actionlib_msgs
-- Up-to-date: /home/microros/microros_ws/firmware/mcu_ws/install/actionlib_msgs/share/actionlib_msgs/cmake/actionlib_msgs__rosidl_generator_cExport.cmake
-- Up-to-date: /home/microros/microros_ws/firmware/mcu_ws/install/actionlib_msgs/share/actionlib_msgs/cmake/actionlib_msgs__rosidl_generator_cExport-relwithdebinfo.cmake
-- Up-to-date: /home/microros/microros_ws/firmware/mcu_ws/install/actionlib_msgs/share/actionlib_msgs/cmake/actionlib_msgs__rosidl_typesupport_cExport.cmake
-- Up-to-date: /home/microros/microros_ws/firmware/mcu_ws/install/actionlib_msgs/share/actionlib_msgs/cmake/actionlib_msgs__rosidl_typesupport_cExport-relwithdebinfo.cmake
-- Up-to-date: /home/microros/microros_ws/firmware/mcu_ws/install/actionlib_msgs/share/actionlib_msgs/cmake/rosidl_cmake-extras.cmake
-- Up-to-date: /home/microros/microros_ws/firmware/mcu_ws/install/actionlib_msgs/share/actionlib_msgs/cmake/ament_cmake_export_dependencies-extras.cmake
-- Up-to-date: /home/microros/microros_ws/firmware/mcu_ws/install/actionlib_msgs/share/actionlib_msgs/cmake/ament_cmake_export_libraries-extras.cmake
-- Up-to-date: /home/microros/microros_ws/firmware/mcu_ws/install/actionlib_msgs/share/actionlib_msgs/cmake/ament_cmake_export_targets-extras.cmake
-- Up-to-date: /home/microros/microros_ws/firmware/mcu_ws/install/actionlib_msgs/share/actionlib_msgs/cmake/ament_cmake_export_include_directories-extras.cmake
-- Up-to-date: /home/microros/microros_ws/firmware/mcu_ws/install/actionlib_msgs/share/actionlib_msgs/cmake/rosidl_cmake_export_typesupport_libraries-extras.cmake
-- Up-to-date: /home/microros/microros_ws/firmware/mcu_ws/install/actionlib_msgs/share/actionlib_msgs/cmake/actionlib_msgsConfig.cmake
-- Up-to-date: /home/microros/microros_ws/firmware/mcu_ws/install/actionlib_msgs/share/actionlib_msgs/cmake/actionlib_msgsConfig-version.cmake
-- Up-to-date: /home/microros/microros_ws/firmware/mcu_ws/install/actionlib_msgs/share/actionlib_msgs/package.xml
