CMake Warning (dev) at /home/microros/microros_ws/firmware/dev_ws/install/ament_cmake_test/share/ament_cmake_test/cmake/ament_cmake_test-extras.cmake:19 (option):
  Policy CMP0077 is not set: option() honors normal variables.  Run "cmake
  --help-policy CMP0077" for policy details.  Use the cmake_policy command to
  set the policy and suppress this warning.

  For compatibility with older versions of CMake, option is clearing the
  normal variable 'BUILD_TESTING'.
Call Stack (most recent call first):
  /home/microros/microros_ws/firmware/dev_ws/install/ament_cmake_test/share/ament_cmake_test/cmake/ament_cmake_testConfig.cmake:41 (include)
  /home/microros/microros_ws/firmware/dev_ws/install/ament_cmake_pytest/share/ament_cmake_pytest/cmake/ament_cmake_pytest-extras.cmake:17 (find_package)
  /home/microros/microros_ws/firmware/dev_ws/install/ament_cmake_pytest/share/ament_cmake_pytest/cmake/ament_cmake_pytestConfig.cmake:41 (include)
  /home/microros/microros_ws/firmware/dev_ws/install/ament_cmake_ros/share/ament_cmake_ros/cmake/ament_cmake_ros-extras.cmake:19 (find_package)
  /home/microros/microros_ws/firmware/dev_ws/install/ament_cmake_ros/share/ament_cmake_ros/cmake/ament_cmake_rosConfig.cmake:41 (include)
  CMakeLists.txt:22 (find_package)
This warning is for project developers.  Use -Wno-dev to suppress it.

CMake Warning (dev) at /home/microros/microros_ws/firmware/dev_ws/install/ament_cmake_ros/share/ament_cmake_ros/cmake/build_shared_libs.cmake:15 (option):
  Policy CMP0077 is not set: option() honors normal variables.  Run "cmake
  --help-policy CMP0077" for policy details.  Use the cmake_policy command to
  set the policy and suppress this warning.

  For compatibility with older versions of CMake, option is clearing the
  normal variable 'BUILD_SHARED_LIBS'.
Call Stack (most recent call first):
  /home/microros/microros_ws/firmware/dev_ws/install/ament_cmake_ros/share/ament_cmake_ros/cmake/ament_cmake_ros-extras.cmake:24 (include)
  /home/microros/microros_ws/firmware/dev_ws/install/ament_cmake_ros/share/ament_cmake_ros/cmake/ament_cmake_rosConfig.cmake:41 (include)
  CMakeLists.txt:22 (find_package)
This warning is for project developers.  Use -Wno-dev to suppress it.

CMake Warning:
  Manually-specified variables were not used by the project:

    ENABLE_TESTING


[01m[K/home/microros/microros_ws/firmware/mcu_ws/uros/rcutils/src/shared_library.c:[m[K In function '[01m[Krcutils_get_platform_library_name[m[K':
[01m[K/home/microros/microros_ws/firmware/mcu_ws/uros/rcutils/src/shared_library.c:184:16:[m[K [01;35m[Kwarning: [m[Kunused parameter '[01m[Kbuffer_size[m[K' [[01;35m[K-Wunused-parameter[m[K]
  184 |   [01;35m[Kunsigned int buffer_size[m[K,
      |   [01;35m[K~~~~~~~~~~~~~^~~~~~~~~~~[m[K
[01m[K/home/microros/microros_ws/firmware/mcu_ws/uros/rcutils/src/shared_library.c:185:8:[m[K [01;35m[Kwarning: [m[Kunused parameter '[01m[Kdebug[m[K' [[01;35m[K-Wunused-parameter[m[K]
  185 |   bool [01;35m[Kd[m[Kebug)
      |        [01;35m[K^[m[K
[01m[K/home/microros/microros_ws/firmware/mcu_ws/uros/rcutils/src/time_unix.c:[m[K In function '[01m[Krcutils_system_time_now[m[K':
[01m[K/home/microros/microros_ws/firmware/mcu_ws/uros/rcutils/src/time_unix.c:46:59:[m[K [01;35m[Kwarning: [m[Kcomparison of unsigned expression < 0 is always false [[01;35m[K-Wtype-limits[m[K]
   46 | #define __WOULD_BE_NEGATIVE(seconds, subseconds) (seconds [01;35m[K<[m[K 0 || (subseconds < 0 && seconds == 0))
      |                                                           [01;35m[K^[m[K
[01m[K/home/microros/microros_ws/firmware/mcu_ws/uros/rcutils/src/time_unix.c:66:7:[m[K [01;36m[Knote: [m[Kin expansion of macro '[01m[K__WOULD_BE_NEGATIVE[m[K'
   66 |   if ([01;36m[K__WOULD_BE_NEGATIVE[m[K(timespec_now.tv_sec, timespec_now.tv_nsec)) {
      |       [01;36m[K^~~~~~~~~~~~~~~~~~~[m[K
[01m[K/home/microros/microros_ws/firmware/mcu_ws/uros/rcutils/src/time_unix.c:[m[K In function '[01m[Krcutils_steady_time_now[m[K':
[01m[K/home/microros/microros_ws/firmware/mcu_ws/uros/rcutils/src/time_unix.c:46:59:[m[K [01;35m[Kwarning: [m[Kcomparison of unsigned expression < 0 is always false [[01;35m[K-Wtype-limits[m[K]
   46 | #define __WOULD_BE_NEGATIVE(seconds, subseconds) (seconds [01;35m[K<[m[K 0 || (subseconds < 0 && seconds == 0))
      |                                                           [01;35m[K^[m[K
[01m[K/home/microros/microros_ws/firmware/mcu_ws/uros/rcutils/src/time_unix.c:97:7:[m[K [01;36m[Knote: [m[Kin expansion of macro '[01m[K__WOULD_BE_NEGATIVE[m[K'
   97 |   if ([01;36m[K__WOULD_BE_NEGATIVE[m[K(timespec_now.tv_sec, timespec_now.tv_nsec)) {
      |       [01;36m[K^~~~~~~~~~~~~~~~~~~[m[K
