-- The C compiler identification is GNU 9.2.1
-- The CXX compiler identification is GNU 9.2.1
-- Check for working C compiler: /usr/bin/arm-none-eabi-gcc
-- Check for working C compiler: /usr/bin/arm-none-eabi-gcc -- works
-- Detecting C compiler ABI info
-- Detecting C compiler ABI info - done
-- Detecting C compile features
-- Detecting C compile features - done
-- Check for working CXX compiler: /usr/bin/arm-none-eabi-g++
-- Check for working CXX compiler: /usr/bin/arm-none-eabi-g++ -- works
-- Detecting CXX compiler ABI info
-- Detecting CXX compiler ABI info - done
-- Detecting CXX compile features
-- Detecting CXX compile features - done
-- Found ament_cmake: 0.9.6 (/home/microros/microros_ws/firmware/dev_ws/install/ament_cmake/share/ament_cmake/cmake)
-- Found PythonInterp: /usr/bin/python3 (found suitable version "3.8.2", minimum required is "3") 
-- Using PYTHON_EXECUTABLE: /usr/bin/python3
CMake Warning (dev) at /home/microros/microros_ws/firmware/dev_ws/install/ament_cmake_test/share/ament_cmake_test/cmake/ament_cmake_test-extras.cmake:19 (option):
  Policy CMP0077 is not set: option() honors normal variables.  Run "cmake
  --help-policy CMP0077" for policy details.  Use the cmake_policy command to
  set the policy and suppress this warning.

  For compatibility with older versions of CMake, option is clearing the
  normal variable 'BUILD_TESTING'.
Call Stack (most recent call first):
  /home/microros/microros_ws/firmware/dev_ws/install/ament_cmake_test/share/ament_cmake_test/cmake/ament_cmake_testConfig.cmake:41 (include)
  /home/microros/microros_ws/firmware/dev_ws/install/ament_cmake/share/ament_cmake/cmake/ament_cmake_export_dependencies-extras.cmake:21 (find_package)
  /home/microros/microros_ws/firmware/dev_ws/install/ament_cmake/share/ament_cmake/cmake/ament_cmakeConfig.cmake:41 (include)
  CMakeLists.txt:5 (find_package)
This warning is for project developers.  Use -Wno-dev to suppress it.

-- Configuring done
-- Generating done
-- Build files have been written to: /home/microros/microros_ws/firmware/mcu_ws/build/libyaml_vendor
make[4]: Entering directory '/home/microros/microros_ws/firmware/mcu_ws/build/libyaml_vendor'
/usr/bin/cmake -S/home/microros/microros_ws/firmware/mcu_ws/ros2/libyaml_vendor -B/home/microros/microros_ws/firmware/mcu_ws/build/libyaml_vendor --check-build-system CMakeFiles/Makefile.cmake 0
/usr/bin/cmake -E cmake_progress_start /home/microros/microros_ws/firmware/mcu_ws/build/libyaml_vendor/CMakeFiles /home/microros/microros_ws/firmware/mcu_ws/build/libyaml_vendor/CMakeFiles/progress.marks
/usr/bin/make -f CMakeFiles/Makefile2 all
make[5]: Entering directory '/home/microros/microros_ws/firmware/mcu_ws/build/libyaml_vendor'
/usr/bin/make -f CMakeFiles/libyaml-10c9078.dir/build.make CMakeFiles/libyaml-10c9078.dir/depend
make[6]: Entering directory '/home/microros/microros_ws/firmware/mcu_ws/build/libyaml_vendor'
cd /home/microros/microros_ws/firmware/mcu_ws/build/libyaml_vendor && /usr/bin/cmake -E cmake_depends "Unix Makefiles" /home/microros/microros_ws/firmware/mcu_ws/ros2/libyaml_vendor /home/microros/microros_ws/firmware/mcu_ws/ros2/libyaml_vendor /home/microros/microros_ws/firmware/mcu_ws/build/libyaml_vendor /home/microros/microros_ws/firmware/mcu_ws/build/libyaml_vendor /home/microros/microros_ws/firmware/mcu_ws/build/libyaml_vendor/CMakeFiles/libyaml-10c9078.dir/DependInfo.cmake --color=
Dependee "/home/microros/microros_ws/firmware/mcu_ws/build/libyaml_vendor/CMakeFiles/libyaml-10c9078.dir/DependInfo.cmake" is newer than depender "/home/microros/microros_ws/firmware/mcu_ws/build/libyaml_vendor/CMakeFiles/libyaml-10c9078.dir/depend.internal".
Dependee "/home/microros/microros_ws/firmware/mcu_ws/build/libyaml_vendor/CMakeFiles/CMakeDirectoryInformation.cmake" is newer than depender "/home/microros/microros_ws/firmware/mcu_ws/build/libyaml_vendor/CMakeFiles/libyaml-10c9078.dir/depend.internal".
[35m[1mScanning dependencies of target libyaml-10c9078[0m
make[6]: Leaving directory '/home/microros/microros_ws/firmware/mcu_ws/build/libyaml_vendor'
/usr/bin/make -f CMakeFiles/libyaml-10c9078.dir/build.make CMakeFiles/libyaml-10c9078.dir/build
make[6]: Entering directory '/home/microros/microros_ws/firmware/mcu_ws/build/libyaml_vendor'
[ 12%] [34m[1mCreating directories for 'libyaml-10c9078'[0m
/usr/bin/cmake -E make_directory /home/microros/microros_ws/firmware/mcu_ws/build/libyaml_vendor/libyaml-10c9078-prefix/src/libyaml-10c9078
/usr/bin/cmake -E make_directory /home/microros/microros_ws/firmware/mcu_ws/build/libyaml_vendor/libyaml-10c9078-prefix/src/libyaml-10c9078-build
/usr/bin/cmake -E make_directory /home/microros/microros_ws/firmware/mcu_ws/build/libyaml_vendor/libyaml-10c9078-prefix
/usr/bin/cmake -E make_directory /home/microros/microros_ws/firmware/mcu_ws/build/libyaml_vendor/libyaml-10c9078-prefix/tmp
/usr/bin/cmake -E make_directory /home/microros/microros_ws/firmware/mcu_ws/build/libyaml_vendor/libyaml-10c9078-prefix/src/libyaml-10c9078-stamp
/usr/bin/cmake -E make_directory /home/microros/microros_ws/firmware/mcu_ws/build/libyaml_vendor/libyaml-10c9078-prefix/src
/usr/bin/cmake -E make_directory /home/microros/microros_ws/firmware/mcu_ws/build/libyaml_vendor/libyaml-10c9078-prefix/src/libyaml-10c9078-stamp
/usr/bin/cmake -E touch /home/microros/microros_ws/firmware/mcu_ws/build/libyaml_vendor/libyaml-10c9078-prefix/src/libyaml-10c9078-stamp/libyaml-10c9078-mkdir
[ 25%] [34m[1mPerforming download step (download, verify and extract) for 'libyaml-10c9078'[0m
cd /home/microros/microros_ws/firmware/mcu_ws/build/libyaml_vendor/libyaml-10c9078-prefix/src && /usr/bin/cmake -P /home/microros/microros_ws/firmware/mcu_ws/build/libyaml_vendor/libyaml-10c9078-prefix/src/libyaml-10c9078-stamp/download-libyaml-10c9078.cmake
-- Downloading...
   dst='/home/microros/microros_ws/firmware/mcu_ws/build/libyaml_vendor/libyaml-10c9078-prefix/src/10c907871f1ccd779c7fccf6b81a62762b5c4e7b.zip'
   timeout='60 seconds'
-- Using src='https://github.com/yaml/libyaml/archive/10c907871f1ccd779c7fccf6b81a62762b5c4e7b.zip'
-- verifying file...
       file='/home/microros/microros_ws/firmware/mcu_ws/build/libyaml_vendor/libyaml-10c9078-prefix/src/10c907871f1ccd779c7fccf6b81a62762b5c4e7b.zip'
-- Downloading... done
cd /home/microros/microros_ws/firmware/mcu_ws/build/libyaml_vendor/libyaml-10c9078-prefix/src && /usr/bin/cmake -P /home/microros/microros_ws/firmware/mcu_ws/build/libyaml_vendor/libyaml-10c9078-prefix/src/libyaml-10c9078-stamp/verify-libyaml-10c9078.cmake
cd /home/microros/microros_ws/firmware/mcu_ws/build/libyaml_vendor/libyaml-10c9078-prefix/src && /usr/bin/cmake -P /home/microros/microros_ws/firmware/mcu_ws/build/libyaml_vendor/libyaml-10c9078-prefix/src/libyaml-10c9078-stamp/extract-libyaml-10c9078.cmake
-- extracting...
     src='/home/microros/microros_ws/firmware/mcu_ws/build/libyaml_vendor/libyaml-10c9078-prefix/src/10c907871f1ccd779c7fccf6b81a62762b5c4e7b.zip'
     dst='/home/microros/microros_ws/firmware/mcu_ws/build/libyaml_vendor/libyaml-10c9078-prefix/src/libyaml-10c9078'
-- extracting... [tar xfz]
-- extracting... [analysis]
-- extracting... [rename]
-- extracting... [clean up]
-- extracting... done
cd /home/microros/microros_ws/firmware/mcu_ws/build/libyaml_vendor/libyaml-10c9078-prefix/src && /usr/bin/cmake -E touch /home/microros/microros_ws/firmware/mcu_ws/build/libyaml_vendor/libyaml-10c9078-prefix/src/libyaml-10c9078-stamp/libyaml-10c9078-download
[ 37%] [34m[1mNo patch step for 'libyaml-10c9078'[0m
/usr/bin/cmake -E echo_append
/usr/bin/cmake -E touch /home/microros/microros_ws/firmware/mcu_ws/build/libyaml_vendor/libyaml-10c9078-prefix/src/libyaml-10c9078-stamp/libyaml-10c9078-patch
[ 50%] [34m[1mNo update step for 'libyaml-10c9078'[0m
/usr/bin/cmake -E echo_append
/usr/bin/cmake -E touch /home/microros/microros_ws/firmware/mcu_ws/build/libyaml_vendor/libyaml-10c9078-prefix/src/libyaml-10c9078-stamp/libyaml-10c9078-update
[ 62%] [34m[1mPerforming configure step for 'libyaml-10c9078'[0m
cd /home/microros/microros_ws/firmware/mcu_ws/build/libyaml_vendor/libyaml-10c9078-prefix/src/libyaml-10c9078-build && /usr/bin/cmake -DCMAKE_INSTALL_PREFIX=/home/microros/microros_ws/firmware/mcu_ws/build/libyaml_vendor/libyaml_install -DCMAKE_BUILD_TYPE=RelWithDebInfo -DBUILD_SHARED_LIBS=ON -DBUILD_TESTING=OFF -DCMAKE_TOOLCHAIN_FILE=/home/microros/microros_ws/firmware/apps/uros/arm_toolchain.cmake "-GUnix Makefiles" /home/microros/microros_ws/firmware/mcu_ws/build/libyaml_vendor/libyaml-10c9078-prefix/src/libyaml-10c9078
Re-run cmake no build system arguments
-- The C compiler identification is GNU 9.2.1
-- Check for working C compiler: /usr/bin/arm-none-eabi-gcc
-- Check for working C compiler: /usr/bin/arm-none-eabi-gcc -- works
-- Detecting C compiler ABI info
-- Detecting C compiler ABI info - done
-- Detecting C compile features
-- Detecting C compile features - done
CMake Warning (dev) at CMakeLists.txt:10 (option):
  Policy CMP0077 is not set: option() honors normal variables.  Run "cmake
  --help-policy CMP0077" for policy details.  Use the cmake_policy command to
  set the policy and suppress this warning.

  For compatibility with older versions of CMake, option is clearing the
  normal variable 'BUILD_SHARED_LIBS'.
This warning is for project developers.  Use -Wno-dev to suppress it.

CMake Warning (dev) at CMakeLists.txt:55 (add_library):
  ADD_LIBRARY called with SHARED option but the target platform does not
  support dynamic linking.  Building a STATIC library instead.  This may lead
  to problems.
This warning is for project developers.  Use -Wno-dev to suppress it.

CMake Warning (dev) at /usr/share/cmake-3.16/Modules/CTest.cmake:50 (option):
  Policy CMP0077 is not set: option() honors normal variables.  Run "cmake
  --help-policy CMP0077" for policy details.  Use the cmake_policy command to
  set the policy and suppress this warning.

  For compatibility with older versions of CMake, option is clearing the
  normal variable 'BUILD_TESTING'.
Call Stack (most recent call first):
  CMakeLists.txt:101 (include)
This warning is for project developers.  Use -Wno-dev to suppress it.

-- Configuring done
-- Generating done
-- Build files have been written to: /home/microros/microros_ws/firmware/mcu_ws/build/libyaml_vendor/libyaml-10c9078-prefix/src/libyaml-10c9078-build
cd /home/microros/microros_ws/firmware/mcu_ws/build/libyaml_vendor/libyaml-10c9078-prefix/src/libyaml-10c9078-build && /usr/bin/cmake -E touch /home/microros/microros_ws/firmware/mcu_ws/build/libyaml_vendor/libyaml-10c9078-prefix/src/libyaml-10c9078-stamp/libyaml-10c9078-configure
[ 75%] [34m[1mPerforming build step for 'libyaml-10c9078'[0m
cd /home/microros/microros_ws/firmware/mcu_ws/build/libyaml_vendor/libyaml-10c9078-prefix/src/libyaml-10c9078-build && /usr/bin/make
make[7]: Entering directory '/home/microros/microros_ws/firmware/mcu_ws/build/libyaml_vendor/libyaml-10c9078-prefix/src/libyaml-10c9078-build'
/usr/bin/cmake -S/home/microros/microros_ws/firmware/mcu_ws/build/libyaml_vendor/libyaml-10c9078-prefix/src/libyaml-10c9078 -B/home/microros/microros_ws/firmware/mcu_ws/build/libyaml_vendor/libyaml-10c9078-prefix/src/libyaml-10c9078-build --check-build-system CMakeFiles/Makefile.cmake 0
/usr/bin/cmake -E cmake_progress_start /home/microros/microros_ws/firmware/mcu_ws/build/libyaml_vendor/libyaml-10c9078-prefix/src/libyaml-10c9078-build/CMakeFiles /home/microros/microros_ws/firmware/mcu_ws/build/libyaml_vendor/libyaml-10c9078-prefix/src/libyaml-10c9078-build/CMakeFiles/progress.marks
/usr/bin/make -f CMakeFiles/Makefile2 all
make[8]: Entering directory '/home/microros/microros_ws/firmware/mcu_ws/build/libyaml_vendor/libyaml-10c9078-prefix/src/libyaml-10c9078-build'
/usr/bin/make -f CMakeFiles/yaml.dir/build.make CMakeFiles/yaml.dir/depend
make[9]: Entering directory '/home/microros/microros_ws/firmware/mcu_ws/build/libyaml_vendor/libyaml-10c9078-prefix/src/libyaml-10c9078-build'
cd /home/microros/microros_ws/firmware/mcu_ws/build/libyaml_vendor/libyaml-10c9078-prefix/src/libyaml-10c9078-build && /usr/bin/cmake -E cmake_depends "Unix Makefiles" /home/microros/microros_ws/firmware/mcu_ws/build/libyaml_vendor/libyaml-10c9078-prefix/src/libyaml-10c9078 /home/microros/microros_ws/firmware/mcu_ws/build/libyaml_vendor/libyaml-10c9078-prefix/src/libyaml-10c9078 /home/microros/microros_ws/firmware/mcu_ws/build/libyaml_vendor/libyaml-10c9078-prefix/src/libyaml-10c9078-build /home/microros/microros_ws/firmware/mcu_ws/build/libyaml_vendor/libyaml-10c9078-prefix/src/libyaml-10c9078-build /home/microros/microros_ws/firmware/mcu_ws/build/libyaml_vendor/libyaml-10c9078-prefix/src/libyaml-10c9078-build/CMakeFiles/yaml.dir/DependInfo.cmake --color=
Dependee "/home/microros/microros_ws/firmware/mcu_ws/build/libyaml_vendor/libyaml-10c9078-prefix/src/libyaml-10c9078-build/CMakeFiles/yaml.dir/DependInfo.cmake" is newer than depender "/home/microros/microros_ws/firmware/mcu_ws/build/libyaml_vendor/libyaml-10c9078-prefix/src/libyaml-10c9078-build/CMakeFiles/yaml.dir/depend.internal".
Dependee "/home/microros/microros_ws/firmware/mcu_ws/build/libyaml_vendor/libyaml-10c9078-prefix/src/libyaml-10c9078-build/CMakeFiles/CMakeDirectoryInformation.cmake" is newer than depender "/home/microros/microros_ws/firmware/mcu_ws/build/libyaml_vendor/libyaml-10c9078-prefix/src/libyaml-10c9078-build/CMakeFiles/yaml.dir/depend.internal".
[35m[1mScanning dependencies of target yaml[0m
make[9]: Leaving directory '/home/microros/microros_ws/firmware/mcu_ws/build/libyaml_vendor/libyaml-10c9078-prefix/src/libyaml-10c9078-build'
/usr/bin/make -f CMakeFiles/yaml.dir/build.make CMakeFiles/yaml.dir/build
make[9]: Entering directory '/home/microros/microros_ws/firmware/mcu_ws/build/libyaml_vendor/libyaml-10c9078-prefix/src/libyaml-10c9078-build'
[ 11%] [32mBuilding C object CMakeFiles/yaml.dir/src/dumper.c.obj[0m
[ 22%] [32mBuilding C object CMakeFiles/yaml.dir/src/api.c.obj[0m
/usr/bin/arm-none-eabi-gcc --sysroot=/home/microros/microros_ws/firmware/NuttX/.. -DHAVE_CONFIG_H -I/home/microros/microros_ws/firmware/mcu_ws/build/libyaml_vendor/libyaml-10c9078-prefix/src/libyaml-10c9078/include -I/home/microros/microros_ws/firmware/mcu_ws/build/libyaml_vendor/libyaml-10c9078-prefix/src/libyaml-10c9078-build/include -isystem /home/microros/microros_ws/firmware/NuttX/include -isystem /home/microros/microros_ws/firmware/NuttX/include/cxx -isystem /home/microros/microros_ws/firmware/NuttX/include/uClibc++  -std=c99 -Dunix=1 -mcpu=cortex-m4 -mthumb -mfloat-abi=soft -Os -fno-strict-aliasing -fno-strength-reduce -fomit-frame-pointer -O2 -g -DNDEBUG -fPIC   -o CMakeFiles/yaml.dir/src/api.c.obj   -c /home/microros/microros_ws/firmware/mcu_ws/build/libyaml_vendor/libyaml-10c9078-prefix/src/libyaml-10c9078/src/api.c
/usr/bin/arm-none-eabi-gcc --sysroot=/home/microros/microros_ws/firmware/NuttX/.. -DHAVE_CONFIG_H -I/home/microros/microros_ws/firmware/mcu_ws/build/libyaml_vendor/libyaml-10c9078-prefix/src/libyaml-10c9078/include -I/home/microros/microros_ws/firmware/mcu_ws/build/libyaml_vendor/libyaml-10c9078-prefix/src/libyaml-10c9078-build/include -isystem /home/microros/microros_ws/firmware/NuttX/include -isystem /home/microros/microros_ws/firmware/NuttX/include/cxx -isystem /home/microros/microros_ws/firmware/NuttX/include/uClibc++  -std=c99 -Dunix=1 -mcpu=cortex-m4 -mthumb -mfloat-abi=soft -Os -fno-strict-aliasing -fno-strength-reduce -fomit-frame-pointer -O2 -g -DNDEBUG -fPIC   -o CMakeFiles/yaml.dir/src/dumper.c.obj   -c /home/microros/microros_ws/firmware/mcu_ws/build/libyaml_vendor/libyaml-10c9078-prefix/src/libyaml-10c9078/src/dumper.c
[ 33%] [32mBuilding C object CMakeFiles/yaml.dir/src/emitter.c.obj[0m
/usr/bin/arm-none-eabi-gcc --sysroot=/home/microros/microros_ws/firmware/NuttX/.. -DHAVE_CONFIG_H -I/home/microros/microros_ws/firmware/mcu_ws/build/libyaml_vendor/libyaml-10c9078-prefix/src/libyaml-10c9078/include -I/home/microros/microros_ws/firmware/mcu_ws/build/libyaml_vendor/libyaml-10c9078-prefix/src/libyaml-10c9078-build/include -isystem /home/microros/microros_ws/firmware/NuttX/include -isystem /home/microros/microros_ws/firmware/NuttX/include/cxx -isystem /home/microros/microros_ws/firmware/NuttX/include/uClibc++  -std=c99 -Dunix=1 -mcpu=cortex-m4 -mthumb -mfloat-abi=soft -Os -fno-strict-aliasing -fno-strength-reduce -fomit-frame-pointer -O2 -g -DNDEBUG -fPIC   -o CMakeFiles/yaml.dir/src/emitter.c.obj   -c /home/microros/microros_ws/firmware/mcu_ws/build/libyaml_vendor/libyaml-10c9078-prefix/src/libyaml-10c9078/src/emitter.c
[ 44%] [32mBuilding C object CMakeFiles/yaml.dir/src/loader.c.obj[0m
/usr/bin/arm-none-eabi-gcc --sysroot=/home/microros/microros_ws/firmware/NuttX/.. -DHAVE_CONFIG_H -I/home/microros/microros_ws/firmware/mcu_ws/build/libyaml_vendor/libyaml-10c9078-prefix/src/libyaml-10c9078/include -I/home/microros/microros_ws/firmware/mcu_ws/build/libyaml_vendor/libyaml-10c9078-prefix/src/libyaml-10c9078-build/include -isystem /home/microros/microros_ws/firmware/NuttX/include -isystem /home/microros/microros_ws/firmware/NuttX/include/cxx -isystem /home/microros/microros_ws/firmware/NuttX/include/uClibc++  -std=c99 -Dunix=1 -mcpu=cortex-m4 -mthumb -mfloat-abi=soft -Os -fno-strict-aliasing -fno-strength-reduce -fomit-frame-pointer -O2 -g -DNDEBUG -fPIC   -o CMakeFiles/yaml.dir/src/loader.c.obj   -c /home/microros/microros_ws/firmware/mcu_ws/build/libyaml_vendor/libyaml-10c9078-prefix/src/libyaml-10c9078/src/loader.c
[ 55%] [32mBuilding C object CMakeFiles/yaml.dir/src/parser.c.obj[0m
/usr/bin/arm-none-eabi-gcc --sysroot=/home/microros/microros_ws/firmware/NuttX/.. -DHAVE_CONFIG_H -I/home/microros/microros_ws/firmware/mcu_ws/build/libyaml_vendor/libyaml-10c9078-prefix/src/libyaml-10c9078/include -I/home/microros/microros_ws/firmware/mcu_ws/build/libyaml_vendor/libyaml-10c9078-prefix/src/libyaml-10c9078-build/include -isystem /home/microros/microros_ws/firmware/NuttX/include -isystem /home/microros/microros_ws/firmware/NuttX/include/cxx -isystem /home/microros/microros_ws/firmware/NuttX/include/uClibc++  -std=c99 -Dunix=1 -mcpu=cortex-m4 -mthumb -mfloat-abi=soft -Os -fno-strict-aliasing -fno-strength-reduce -fomit-frame-pointer -O2 -g -DNDEBUG -fPIC   -o CMakeFiles/yaml.dir/src/parser.c.obj   -c /home/microros/microros_ws/firmware/mcu_ws/build/libyaml_vendor/libyaml-10c9078-prefix/src/libyaml-10c9078/src/parser.c
[ 66%] [32mBuilding C object CMakeFiles/yaml.dir/src/reader.c.obj[0m
/usr/bin/arm-none-eabi-gcc --sysroot=/home/microros/microros_ws/firmware/NuttX/.. -DHAVE_CONFIG_H -I/home/microros/microros_ws/firmware/mcu_ws/build/libyaml_vendor/libyaml-10c9078-prefix/src/libyaml-10c9078/include -I/home/microros/microros_ws/firmware/mcu_ws/build/libyaml_vendor/libyaml-10c9078-prefix/src/libyaml-10c9078-build/include -isystem /home/microros/microros_ws/firmware/NuttX/include -isystem /home/microros/microros_ws/firmware/NuttX/include/cxx -isystem /home/microros/microros_ws/firmware/NuttX/include/uClibc++  -std=c99 -Dunix=1 -mcpu=cortex-m4 -mthumb -mfloat-abi=soft -Os -fno-strict-aliasing -fno-strength-reduce -fomit-frame-pointer -O2 -g -DNDEBUG -fPIC   -o CMakeFiles/yaml.dir/src/reader.c.obj   -c /home/microros/microros_ws/firmware/mcu_ws/build/libyaml_vendor/libyaml-10c9078-prefix/src/libyaml-10c9078/src/reader.c
[ 77%] [32mBuilding C object CMakeFiles/yaml.dir/src/scanner.c.obj[0m
/usr/bin/arm-none-eabi-gcc --sysroot=/home/microros/microros_ws/firmware/NuttX/.. -DHAVE_CONFIG_H -I/home/microros/microros_ws/firmware/mcu_ws/build/libyaml_vendor/libyaml-10c9078-prefix/src/libyaml-10c9078/include -I/home/microros/microros_ws/firmware/mcu_ws/build/libyaml_vendor/libyaml-10c9078-prefix/src/libyaml-10c9078-build/include -isystem /home/microros/microros_ws/firmware/NuttX/include -isystem /home/microros/microros_ws/firmware/NuttX/include/cxx -isystem /home/microros/microros_ws/firmware/NuttX/include/uClibc++  -std=c99 -Dunix=1 -mcpu=cortex-m4 -mthumb -mfloat-abi=soft -Os -fno-strict-aliasing -fno-strength-reduce -fomit-frame-pointer -O2 -g -DNDEBUG -fPIC   -o CMakeFiles/yaml.dir/src/scanner.c.obj   -c /home/microros/microros_ws/firmware/mcu_ws/build/libyaml_vendor/libyaml-10c9078-prefix/src/libyaml-10c9078/src/scanner.c
[ 88%] [32mBuilding C object CMakeFiles/yaml.dir/src/writer.c.obj[0m
/usr/bin/arm-none-eabi-gcc --sysroot=/home/microros/microros_ws/firmware/NuttX/.. -DHAVE_CONFIG_H -I/home/microros/microros_ws/firmware/mcu_ws/build/libyaml_vendor/libyaml-10c9078-prefix/src/libyaml-10c9078/include -I/home/microros/microros_ws/firmware/mcu_ws/build/libyaml_vendor/libyaml-10c9078-prefix/src/libyaml-10c9078-build/include -isystem /home/microros/microros_ws/firmware/NuttX/include -isystem /home/microros/microros_ws/firmware/NuttX/include/cxx -isystem /home/microros/microros_ws/firmware/NuttX/include/uClibc++  -std=c99 -Dunix=1 -mcpu=cortex-m4 -mthumb -mfloat-abi=soft -Os -fno-strict-aliasing -fno-strength-reduce -fomit-frame-pointer -O2 -g -DNDEBUG -fPIC   -o CMakeFiles/yaml.dir/src/writer.c.obj   -c /home/microros/microros_ws/firmware/mcu_ws/build/libyaml_vendor/libyaml-10c9078-prefix/src/libyaml-10c9078/src/writer.c
[100%] [32m[1mLinking C static library libyaml.a[0m
/usr/bin/cmake -P CMakeFiles/yaml.dir/cmake_clean_target.cmake
/usr/bin/cmake -E cmake_link_script CMakeFiles/yaml.dir/link.txt --verbose=1
/usr/bin/arm-none-eabi-ar qc libyaml.a  CMakeFiles/yaml.dir/src/api.c.obj CMakeFiles/yaml.dir/src/dumper.c.obj CMakeFiles/yaml.dir/src/emitter.c.obj CMakeFiles/yaml.dir/src/loader.c.obj CMakeFiles/yaml.dir/src/parser.c.obj CMakeFiles/yaml.dir/src/reader.c.obj CMakeFiles/yaml.dir/src/scanner.c.obj CMakeFiles/yaml.dir/src/writer.c.obj
/usr/bin/arm-none-eabi-ranlib libyaml.a
make[9]: Leaving directory '/home/microros/microros_ws/firmware/mcu_ws/build/libyaml_vendor/libyaml-10c9078-prefix/src/libyaml-10c9078-build'
[100%] Built target yaml
make[8]: Leaving directory '/home/microros/microros_ws/firmware/mcu_ws/build/libyaml_vendor/libyaml-10c9078-prefix/src/libyaml-10c9078-build'
/usr/bin/cmake -E cmake_progress_start /home/microros/microros_ws/firmware/mcu_ws/build/libyaml_vendor/libyaml-10c9078-prefix/src/libyaml-10c9078-build/CMakeFiles 0
make[7]: Leaving directory '/home/microros/microros_ws/firmware/mcu_ws/build/libyaml_vendor/libyaml-10c9078-prefix/src/libyaml-10c9078-build'
cd /home/microros/microros_ws/firmware/mcu_ws/build/libyaml_vendor/libyaml-10c9078-prefix/src/libyaml-10c9078-build && /usr/bin/cmake -E touch /home/microros/microros_ws/firmware/mcu_ws/build/libyaml_vendor/libyaml-10c9078-prefix/src/libyaml-10c9078-stamp/libyaml-10c9078-build
[ 87%] [34m[1mPerforming install step for 'libyaml-10c9078'[0m
cd /home/microros/microros_ws/firmware/mcu_ws/build/libyaml_vendor/libyaml-10c9078-prefix/src/libyaml-10c9078-build && /usr/bin/make install
make[7]: Entering directory '/home/microros/microros_ws/firmware/mcu_ws/build/libyaml_vendor/libyaml-10c9078-prefix/src/libyaml-10c9078-build'
/usr/bin/cmake -S/home/microros/microros_ws/firmware/mcu_ws/build/libyaml_vendor/libyaml-10c9078-prefix/src/libyaml-10c9078 -B/home/microros/microros_ws/firmware/mcu_ws/build/libyaml_vendor/libyaml-10c9078-prefix/src/libyaml-10c9078-build --check-build-system CMakeFiles/Makefile.cmake 0
/usr/bin/cmake -E cmake_progress_start /home/microros/microros_ws/firmware/mcu_ws/build/libyaml_vendor/libyaml-10c9078-prefix/src/libyaml-10c9078-build/CMakeFiles /home/microros/microros_ws/firmware/mcu_ws/build/libyaml_vendor/libyaml-10c9078-prefix/src/libyaml-10c9078-build/CMakeFiles/progress.marks
/usr/bin/make -f CMakeFiles/Makefile2 all
make[8]: Entering directory '/home/microros/microros_ws/firmware/mcu_ws/build/libyaml_vendor/libyaml-10c9078-prefix/src/libyaml-10c9078-build'
/usr/bin/make -f CMakeFiles/yaml.dir/build.make CMakeFiles/yaml.dir/depend
make[9]: Entering directory '/home/microros/microros_ws/firmware/mcu_ws/build/libyaml_vendor/libyaml-10c9078-prefix/src/libyaml-10c9078-build'
cd /home/microros/microros_ws/firmware/mcu_ws/build/libyaml_vendor/libyaml-10c9078-prefix/src/libyaml-10c9078-build && /usr/bin/cmake -E cmake_depends "Unix Makefiles" /home/microros/microros_ws/firmware/mcu_ws/build/libyaml_vendor/libyaml-10c9078-prefix/src/libyaml-10c9078 /home/microros/microros_ws/firmware/mcu_ws/build/libyaml_vendor/libyaml-10c9078-prefix/src/libyaml-10c9078 /home/microros/microros_ws/firmware/mcu_ws/build/libyaml_vendor/libyaml-10c9078-prefix/src/libyaml-10c9078-build /home/microros/microros_ws/firmware/mcu_ws/build/libyaml_vendor/libyaml-10c9078-prefix/src/libyaml-10c9078-build /home/microros/microros_ws/firmware/mcu_ws/build/libyaml_vendor/libyaml-10c9078-prefix/src/libyaml-10c9078-build/CMakeFiles/yaml.dir/DependInfo.cmake --color=
make[9]: Leaving directory '/home/microros/microros_ws/firmware/mcu_ws/build/libyaml_vendor/libyaml-10c9078-prefix/src/libyaml-10c9078-build'
/usr/bin/make -f CMakeFiles/yaml.dir/build.make CMakeFiles/yaml.dir/build
make[9]: Entering directory '/home/microros/microros_ws/firmware/mcu_ws/build/libyaml_vendor/libyaml-10c9078-prefix/src/libyaml-10c9078-build'
make[9]: Nothing to be done for 'CMakeFiles/yaml.dir/build'.
make[9]: Leaving directory '/home/microros/microros_ws/firmware/mcu_ws/build/libyaml_vendor/libyaml-10c9078-prefix/src/libyaml-10c9078-build'
[100%] Built target yaml
make[8]: Leaving directory '/home/microros/microros_ws/firmware/mcu_ws/build/libyaml_vendor/libyaml-10c9078-prefix/src/libyaml-10c9078-build'
/usr/bin/cmake -E cmake_progress_start /home/microros/microros_ws/firmware/mcu_ws/build/libyaml_vendor/libyaml-10c9078-prefix/src/libyaml-10c9078-build/CMakeFiles 0
/usr/bin/make -f CMakeFiles/Makefile2 preinstall
make[8]: Entering directory '/home/microros/microros_ws/firmware/mcu_ws/build/libyaml_vendor/libyaml-10c9078-prefix/src/libyaml-10c9078-build'
make[8]: Nothing to be done for 'preinstall'.
make[8]: Leaving directory '/home/microros/microros_ws/firmware/mcu_ws/build/libyaml_vendor/libyaml-10c9078-prefix/src/libyaml-10c9078-build'
[36mInstall the project...[0m
/usr/bin/cmake -P cmake_install.cmake
-- Install configuration: "RelWithDebInfo"
-- Installing: /home/microros/microros_ws/firmware/mcu_ws/build/libyaml_vendor/libyaml_install/include/yaml.h
-- Installing: /home/microros/microros_ws/firmware/mcu_ws/build/libyaml_vendor/libyaml_install/include/config.h
-- Installing: /home/microros/microros_ws/firmware/mcu_ws/build/libyaml_vendor/libyaml_install/lib/libyaml.a
-- Installing: /home/microros/microros_ws/firmware/mcu_ws/build/libyaml_vendor/libyaml_install/cmake/yamlConfig.cmake
-- Installing: /home/microros/microros_ws/firmware/mcu_ws/build/libyaml_vendor/libyaml_install/cmake/yamlTargets.cmake
-- Installing: /home/microros/microros_ws/firmware/mcu_ws/build/libyaml_vendor/libyaml_install/cmake/yamlTargets-relwithdebinfo.cmake
-- Installing: /home/microros/microros_ws/firmware/mcu_ws/build/libyaml_vendor/libyaml_install/cmake/yamlConfigVersion.cmake
make[7]: Leaving directory '/home/microros/microros_ws/firmware/mcu_ws/build/libyaml_vendor/libyaml-10c9078-prefix/src/libyaml-10c9078-build'
cd /home/microros/microros_ws/firmware/mcu_ws/build/libyaml_vendor/libyaml-10c9078-prefix/src/libyaml-10c9078-build && /usr/bin/cmake -E touch /home/microros/microros_ws/firmware/mcu_ws/build/libyaml_vendor/libyaml-10c9078-prefix/src/libyaml-10c9078-stamp/libyaml-10c9078-install
[100%] [34m[1mCompleted 'libyaml-10c9078'[0m
/usr/bin/cmake -E make_directory /home/microros/microros_ws/firmware/mcu_ws/build/libyaml_vendor/CMakeFiles
/usr/bin/cmake -E touch /home/microros/microros_ws/firmware/mcu_ws/build/libyaml_vendor/CMakeFiles/libyaml-10c9078-complete
/usr/bin/cmake -E touch /home/microros/microros_ws/firmware/mcu_ws/build/libyaml_vendor/libyaml-10c9078-prefix/src/libyaml-10c9078-stamp/libyaml-10c9078-done
make[6]: Leaving directory '/home/microros/microros_ws/firmware/mcu_ws/build/libyaml_vendor'
[100%] Built target libyaml-10c9078
make[5]: Leaving directory '/home/microros/microros_ws/firmware/mcu_ws/build/libyaml_vendor'
/usr/bin/cmake -E cmake_progress_start /home/microros/microros_ws/firmware/mcu_ws/build/libyaml_vendor/CMakeFiles 0
make[4]: Leaving directory '/home/microros/microros_ws/firmware/mcu_ws/build/libyaml_vendor'
-- Install configuration: "RelWithDebInfo"
-- Installing: /home/microros/microros_ws/firmware/mcu_ws/install/libyaml_vendor
-- Installing: /home/microros/microros_ws/firmware/mcu_ws/install/libyaml_vendor/cmake
-- Installing: /home/microros/microros_ws/firmware/mcu_ws/install/libyaml_vendor/cmake/yamlConfigVersion.cmake
-- Installing: /home/microros/microros_ws/firmware/mcu_ws/install/libyaml_vendor/cmake/yamlConfig.cmake
-- Installing: /home/microros/microros_ws/firmware/mcu_ws/install/libyaml_vendor/cmake/yamlTargets-relwithdebinfo.cmake
-- Installing: /home/microros/microros_ws/firmware/mcu_ws/install/libyaml_vendor/cmake/yamlTargets.cmake
-- Installing: /home/microros/microros_ws/firmware/mcu_ws/install/libyaml_vendor/include
-- Installing: /home/microros/microros_ws/firmware/mcu_ws/install/libyaml_vendor/include/yaml.h
-- Installing: /home/microros/microros_ws/firmware/mcu_ws/install/libyaml_vendor/lib
-- Installing: /home/microros/microros_ws/firmware/mcu_ws/install/libyaml_vendor/lib/libyaml.a
-- Installing: /home/microros/microros_ws/firmware/mcu_ws/install/libyaml_vendor/share/libyaml_vendor/environment/library_path.sh
-- Installing: /home/microros/microros_ws/firmware/mcu_ws/install/libyaml_vendor/share/libyaml_vendor/environment/library_path.dsv
-- Installing: /home/microros/microros_ws/firmware/mcu_ws/install/libyaml_vendor/share/ament_index/resource_index/package_run_dependencies/libyaml_vendor
-- Installing: /home/microros/microros_ws/firmware/mcu_ws/install/libyaml_vendor/share/ament_index/resource_index/parent_prefix_path/libyaml_vendor
-- Installing: /home/microros/microros_ws/firmware/mcu_ws/install/libyaml_vendor/share/libyaml_vendor/environment/ament_prefix_path.sh
-- Installing: /home/microros/microros_ws/firmware/mcu_ws/install/libyaml_vendor/share/libyaml_vendor/environment/ament_prefix_path.dsv
-- Installing: /home/microros/microros_ws/firmware/mcu_ws/install/libyaml_vendor/share/libyaml_vendor/environment/path.sh
-- Installing: /home/microros/microros_ws/firmware/mcu_ws/install/libyaml_vendor/share/libyaml_vendor/environment/path.dsv
-- Installing: /home/microros/microros_ws/firmware/mcu_ws/install/libyaml_vendor/share/libyaml_vendor/local_setup.bash
-- Installing: /home/microros/microros_ws/firmware/mcu_ws/install/libyaml_vendor/share/libyaml_vendor/local_setup.sh
-- Installing: /home/microros/microros_ws/firmware/mcu_ws/install/libyaml_vendor/share/libyaml_vendor/local_setup.zsh
-- Installing: /home/microros/microros_ws/firmware/mcu_ws/install/libyaml_vendor/share/libyaml_vendor/local_setup.dsv
-- Installing: /home/microros/microros_ws/firmware/mcu_ws/install/libyaml_vendor/share/libyaml_vendor/package.dsv
-- Installing: /home/microros/microros_ws/firmware/mcu_ws/install/libyaml_vendor/share/ament_index/resource_index/packages/libyaml_vendor
-- Installing: /home/microros/microros_ws/firmware/mcu_ws/install/libyaml_vendor/share/libyaml_vendor/cmake/libyaml_vendor-extras.cmake
-- Installing: /home/microros/microros_ws/firmware/mcu_ws/install/libyaml_vendor/share/libyaml_vendor/cmake/ament_cmake_export_libraries-extras.cmake
-- Installing: /home/microros/microros_ws/firmware/mcu_ws/install/libyaml_vendor/share/libyaml_vendor/cmake/ament_cmake_export_dependencies-extras.cmake
-- Installing: /home/microros/microros_ws/firmware/mcu_ws/install/libyaml_vendor/share/libyaml_vendor/cmake/libyaml_vendorConfig.cmake
-- Installing: /home/microros/microros_ws/firmware/mcu_ws/install/libyaml_vendor/share/libyaml_vendor/cmake/libyaml_vendorConfig-version.cmake
-- Installing: /home/microros/microros_ws/firmware/mcu_ws/install/libyaml_vendor/share/libyaml_vendor/package.xml
