[0.167s] DEBUG:colcon:Command line arguments: ['/usr/bin/colcon', 'build', '--cmake-args', '-DUAGENT_BUILD_EXECUTABLE=OFF', '--no-warn-unused-cli']
[0.167s] DEBUG:colcon:Parsed command line arguments: Namespace(ament_cmake_args=None, base_paths=['.'], build_base='build', catkin_cmake_args=None, catkin_skip_building_tests=False, cmake_args=['-DUAGENT_BUILD_EXECUTABLE=OFF', '--no-warn-unused-cli'], cmake_clean_cache=False, cmake_clean_first=False, cmake_force_configure=False, cmake_target=None, cmake_target_skip_unavailable=False, continue_on_error=False, event_handlers=None, executor='parallel', ignore_user_meta=False, install_base='install', log_base=None, log_level=None, main=<bound method BuildVerb.main of <colcon_core.verb.build.BuildVerb object at 0x7f83fb28ed60>>, merge_install=False, metas=['./colcon.meta'], packages_above=None, packages_above_and_dependencies=None, packages_above_depth=None, packages_end=None, packages_ignore=None, packages_ignore_regex=None, packages_select=None, packages_select_build_failed=False, packages_select_by_dep=None, packages_select_regex=None, packages_select_test_failures=False, packages_skip=None, packages_skip_build_finished=False, packages_skip_by_dep=None, packages_skip_regex=None, packages_skip_test_passed=False, packages_skip_up_to=None, packages_start=None, packages_up_to=None, packages_up_to_regex=None, parallel_workers=4, paths=None, symlink_install=False, test_result_base=None, verb_extension=<colcon_core.verb.build.BuildVerb object at 0x7f83fb28ed60>, verb_name='build', verb_parser=<colcon_defaults.argument_parser.defaults.DefaultArgumentsDecorator object at 0x7f83fb29a310>)
[0.219s] Level 1:colcon.colcon_core.package_discovery:discover_packages(colcon_meta) check parameters
[0.220s] Level 1:colcon.colcon_core.package_discovery:discover_packages(recursive) check parameters
[0.220s] Level 1:colcon.colcon_core.package_discovery:discover_packages(ignore) check parameters
[0.220s] Level 1:colcon.colcon_core.package_discovery:discover_packages(path) check parameters
[0.220s] Level 1:colcon.colcon_core.package_discovery:discover_packages(colcon_meta) discover
[0.220s] Level 1:colcon.colcon_core.package_discovery:discover_packages(recursive) discover
[0.220s] INFO:colcon.colcon_core.package_discovery:Crawling recursively for packages in '/home/microros/microros_ws'
[0.220s] Level 1:colcon.colcon_core.package_identification:_identify(.) by extensions ['ignore', 'ignore_ament_install']
[0.220s] Level 1:colcon.colcon_core.package_identification:_identify(.) by extension 'ignore'
[0.220s] Level 1:colcon.colcon_core.package_identification:_identify(.) by extension 'ignore_ament_install'
[0.220s] Level 1:colcon.colcon_core.package_identification:_identify(.) by extensions ['colcon_pkg']
[0.220s] Level 1:colcon.colcon_core.package_identification:_identify(.) by extension 'colcon_pkg'
[0.220s] Level 1:colcon.colcon_core.package_identification:_identify(.) by extensions ['colcon_meta']
[0.220s] Level 1:colcon.colcon_core.package_identification:_identify(.) by extension 'colcon_meta'
[0.220s] Level 1:colcon.colcon_core.package_identification:_identify(.) by extensions ['ros']
[0.220s] Level 1:colcon.colcon_core.package_identification:_identify(.) by extension 'ros'
[0.234s] Level 1:colcon.colcon_core.package_identification:_identify(.) by extensions ['cmake', 'python']
[0.234s] Level 1:colcon.colcon_core.package_identification:_identify(.) by extension 'cmake'
[0.234s] Level 1:colcon.colcon_core.package_identification:_identify(.) by extension 'python'
[0.234s] Level 1:colcon.colcon_core.package_identification:_identify(.) by extensions ['python_setup_py']
[0.234s] Level 1:colcon.colcon_core.package_identification:_identify(.) by extension 'python_setup_py'
[0.234s] Level 1:colcon.colcon_core.package_identification:_identify(build) by extensions ['ignore', 'ignore_ament_install']
[0.234s] Level 1:colcon.colcon_core.package_identification:_identify(build) by extension 'ignore'
[0.234s] Level 1:colcon.colcon_core.package_identification:_identify(build) ignored
[0.234s] Level 1:colcon.colcon_core.package_identification:_identify(firmware) by extensions ['ignore', 'ignore_ament_install']
[0.234s] Level 1:colcon.colcon_core.package_identification:_identify(firmware) by extension 'ignore'
[0.234s] Level 1:colcon.colcon_core.package_identification:_identify(firmware) ignored
[0.235s] Level 1:colcon.colcon_core.package_identification:_identify(install) by extensions ['ignore', 'ignore_ament_install']
[0.235s] Level 1:colcon.colcon_core.package_identification:_identify(install) by extension 'ignore'
[0.235s] Level 1:colcon.colcon_core.package_identification:_identify(install) ignored
[0.235s] Level 1:colcon.colcon_core.package_identification:_identify(log) by extensions ['ignore', 'ignore_ament_install']
[0.235s] Level 1:colcon.colcon_core.package_identification:_identify(log) by extension 'ignore'
[0.235s] Level 1:colcon.colcon_core.package_identification:_identify(log) ignored
[0.235s] Level 1:colcon.colcon_core.package_identification:_identify(src) by extensions ['ignore', 'ignore_ament_install']
[0.235s] Level 1:colcon.colcon_core.package_identification:_identify(src) by extension 'ignore'
[0.235s] Level 1:colcon.colcon_core.package_identification:_identify(src) by extension 'ignore_ament_install'
[0.235s] Level 1:colcon.colcon_core.package_identification:_identify(src) by extensions ['colcon_pkg']
[0.235s] Level 1:colcon.colcon_core.package_identification:_identify(src) by extension 'colcon_pkg'
[0.235s] Level 1:colcon.colcon_core.package_identification:_identify(src) by extensions ['colcon_meta']
[0.235s] Level 1:colcon.colcon_core.package_identification:_identify(src) by extension 'colcon_meta'
[0.235s] Level 1:colcon.colcon_core.package_identification:_identify(src) by extensions ['ros']
[0.235s] Level 1:colcon.colcon_core.package_identification:_identify(src) by extension 'ros'
[0.235s] Level 1:colcon.colcon_core.package_identification:_identify(src) by extensions ['cmake', 'python']
[0.235s] Level 1:colcon.colcon_core.package_identification:_identify(src) by extension 'cmake'
[0.235s] Level 1:colcon.colcon_core.package_identification:_identify(src) by extension 'python'
[0.235s] Level 1:colcon.colcon_core.package_identification:_identify(src) by extensions ['python_setup_py']
[0.235s] Level 1:colcon.colcon_core.package_identification:_identify(src) by extension 'python_setup_py'
[0.236s] Level 1:colcon.colcon_core.package_identification:_identify(src/drive_base) by extensions ['ignore', 'ignore_ament_install']
[0.236s] Level 1:colcon.colcon_core.package_identification:_identify(src/drive_base) by extension 'ignore'
[0.236s] Level 1:colcon.colcon_core.package_identification:_identify(src/drive_base) by extension 'ignore_ament_install'
[0.236s] Level 1:colcon.colcon_core.package_identification:_identify(src/drive_base) by extensions ['colcon_pkg']
[0.236s] Level 1:colcon.colcon_core.package_identification:_identify(src/drive_base) by extension 'colcon_pkg'
[0.236s] Level 1:colcon.colcon_core.package_identification:_identify(src/drive_base) by extensions ['colcon_meta']
[0.236s] Level 1:colcon.colcon_core.package_identification:_identify(src/drive_base) by extension 'colcon_meta'
[0.236s] Level 1:colcon.colcon_core.package_identification:_identify(src/drive_base) by extensions ['ros']
[0.236s] Level 1:colcon.colcon_core.package_identification:_identify(src/drive_base) by extension 'ros'
[0.236s] Level 1:colcon.colcon_core.package_identification:_identify(src/drive_base) by extensions ['cmake', 'python']
[0.236s] Level 1:colcon.colcon_core.package_identification:_identify(src/drive_base) by extension 'cmake'
[0.236s] Level 1:colcon.colcon_core.package_identification:_identify(src/drive_base) by extension 'python'
[0.236s] Level 1:colcon.colcon_core.package_identification:_identify(src/drive_base) by extensions ['python_setup_py']
[0.236s] Level 1:colcon.colcon_core.package_identification:_identify(src/drive_base) by extension 'python_setup_py'
[0.236s] Level 1:colcon.colcon_core.package_identification:_identify(src/drive_base/drive_base_msgs) by extensions ['ignore', 'ignore_ament_install']
[0.236s] Level 1:colcon.colcon_core.package_identification:_identify(src/drive_base/drive_base_msgs) by extension 'ignore'
[0.236s] Level 1:colcon.colcon_core.package_identification:_identify(src/drive_base/drive_base_msgs) by extension 'ignore_ament_install'
[0.236s] Level 1:colcon.colcon_core.package_identification:_identify(src/drive_base/drive_base_msgs) by extensions ['colcon_pkg']
[0.236s] Level 1:colcon.colcon_core.package_identification:_identify(src/drive_base/drive_base_msgs) by extension 'colcon_pkg'
[0.237s] Level 1:colcon.colcon_core.package_identification:_identify(src/drive_base/drive_base_msgs) by extensions ['colcon_meta']
[0.237s] Level 1:colcon.colcon_core.package_identification:_identify(src/drive_base/drive_base_msgs) by extension 'colcon_meta'
[0.237s] Level 1:colcon.colcon_core.package_identification:_identify(src/drive_base/drive_base_msgs) by extensions ['ros']
[0.237s] Level 1:colcon.colcon_core.package_identification:_identify(src/drive_base/drive_base_msgs) by extension 'ros'
[0.239s] DEBUG:colcon.colcon_core.package_identification:Package 'src/drive_base/drive_base_msgs' with type 'ros.ament_cmake' and name 'drive_base_msgs'
[0.239s] Level 1:colcon.colcon_core.package_identification:_identify(src/eProsima) by extensions ['ignore', 'ignore_ament_install']
[0.239s] Level 1:colcon.colcon_core.package_identification:_identify(src/eProsima) by extension 'ignore'
[0.239s] Level 1:colcon.colcon_core.package_identification:_identify(src/eProsima) by extension 'ignore_ament_install'
[0.239s] Level 1:colcon.colcon_core.package_identification:_identify(src/eProsima) by extensions ['colcon_pkg']
[0.239s] Level 1:colcon.colcon_core.package_identification:_identify(src/eProsima) by extension 'colcon_pkg'
[0.239s] Level 1:colcon.colcon_core.package_identification:_identify(src/eProsima) by extensions ['colcon_meta']
[0.239s] Level 1:colcon.colcon_core.package_identification:_identify(src/eProsima) by extension 'colcon_meta'
[0.239s] Level 1:colcon.colcon_core.package_identification:_identify(src/eProsima) by extensions ['ros']
[0.239s] Level 1:colcon.colcon_core.package_identification:_identify(src/eProsima) by extension 'ros'
[0.240s] Level 1:colcon.colcon_core.package_identification:_identify(src/eProsima) by extensions ['cmake', 'python']
[0.240s] Level 1:colcon.colcon_core.package_identification:_identify(src/eProsima) by extension 'cmake'
[0.240s] Level 1:colcon.colcon_core.package_identification:_identify(src/eProsima) by extension 'python'
[0.240s] Level 1:colcon.colcon_core.package_identification:_identify(src/eProsima) by extensions ['python_setup_py']
[0.240s] Level 1:colcon.colcon_core.package_identification:_identify(src/eProsima) by extension 'python_setup_py'
[0.240s] Level 1:colcon.colcon_core.package_identification:_identify(src/eProsima/Micro-XRCE-DDS-Agent) by extensions ['ignore', 'ignore_ament_install']
[0.240s] Level 1:colcon.colcon_core.package_identification:_identify(src/eProsima/Micro-XRCE-DDS-Agent) by extension 'ignore'
[0.240s] Level 1:colcon.colcon_core.package_identification:_identify(src/eProsima/Micro-XRCE-DDS-Agent) by extension 'ignore_ament_install'
[0.240s] Level 1:colcon.colcon_core.package_identification:_identify(src/eProsima/Micro-XRCE-DDS-Agent) by extensions ['colcon_pkg']
[0.240s] Level 1:colcon.colcon_core.package_identification:_identify(src/eProsima/Micro-XRCE-DDS-Agent) by extension 'colcon_pkg'
[0.241s] INFO:colcon.colcon_metadata.metadata.colcon_pkg:Setting type 'cmake' of package 'src/eProsima/Micro-XRCE-DDS-Agent' from colcon.pkg
[0.241s] INFO:colcon.colcon_metadata.metadata.colcon_pkg:Setting name 'microxrcedds_agent' of package 'src/eProsima/Micro-XRCE-DDS-Agent' from colcon.pkg
[0.241s] DEBUG:colcon.colcon_core.package_identification:Package 'src/eProsima/Micro-XRCE-DDS-Agent' with type 'cmake' and name 'microxrcedds_agent'
[0.241s] Level 1:colcon.colcon_core.package_identification:_identify(src/micro-ros-build) by extensions ['ignore', 'ignore_ament_install']
[0.241s] Level 1:colcon.colcon_core.package_identification:_identify(src/micro-ros-build) by extension 'ignore'
[0.241s] Level 1:colcon.colcon_core.package_identification:_identify(src/micro-ros-build) by extension 'ignore_ament_install'
[0.241s] Level 1:colcon.colcon_core.package_identification:_identify(src/micro-ros-build) by extensions ['colcon_pkg']
[0.241s] Level 1:colcon.colcon_core.package_identification:_identify(src/micro-ros-build) by extension 'colcon_pkg'
[0.241s] Level 1:colcon.colcon_core.package_identification:_identify(src/micro-ros-build) by extensions ['colcon_meta']
[0.241s] Level 1:colcon.colcon_core.package_identification:_identify(src/micro-ros-build) by extension 'colcon_meta'
[0.241s] Level 1:colcon.colcon_core.package_identification:_identify(src/micro-ros-build) by extensions ['ros']
[0.241s] Level 1:colcon.colcon_core.package_identification:_identify(src/micro-ros-build) by extension 'ros'
[0.242s] DEBUG:colcon.colcon_core.package_identification:Package 'src/micro-ros-build' with type 'ros.ament_cmake' and name 'micro_ros_setup'
[0.242s] Level 1:colcon.colcon_core.package_identification:_identify(src/uros) by extensions ['ignore', 'ignore_ament_install']
[0.242s] Level 1:colcon.colcon_core.package_identification:_identify(src/uros) by extension 'ignore'
[0.242s] Level 1:colcon.colcon_core.package_identification:_identify(src/uros) by extension 'ignore_ament_install'
[0.242s] Level 1:colcon.colcon_core.package_identification:_identify(src/uros) by extensions ['colcon_pkg']
[0.243s] Level 1:colcon.colcon_core.package_identification:_identify(src/uros) by extension 'colcon_pkg'
[0.243s] Level 1:colcon.colcon_core.package_identification:_identify(src/uros) by extensions ['colcon_meta']
[0.243s] Level 1:colcon.colcon_core.package_identification:_identify(src/uros) by extension 'colcon_meta'
[0.243s] Level 1:colcon.colcon_core.package_identification:_identify(src/uros) by extensions ['ros']
[0.243s] Level 1:colcon.colcon_core.package_identification:_identify(src/uros) by extension 'ros'
[0.243s] Level 1:colcon.colcon_core.package_identification:_identify(src/uros) by extensions ['cmake', 'python']
[0.243s] Level 1:colcon.colcon_core.package_identification:_identify(src/uros) by extension 'cmake'
[0.243s] Level 1:colcon.colcon_core.package_identification:_identify(src/uros) by extension 'python'
[0.243s] Level 1:colcon.colcon_core.package_identification:_identify(src/uros) by extensions ['python_setup_py']
[0.243s] Level 1:colcon.colcon_core.package_identification:_identify(src/uros) by extension 'python_setup_py'
[0.243s] Level 1:colcon.colcon_core.package_identification:_identify(src/uros/micro-ROS-Agent) by extensions ['ignore', 'ignore_ament_install']
[0.243s] Level 1:colcon.colcon_core.package_identification:_identify(src/uros/micro-ROS-Agent) by extension 'ignore'
[0.243s] Level 1:colcon.colcon_core.package_identification:_identify(src/uros/micro-ROS-Agent) by extension 'ignore_ament_install'
[0.243s] Level 1:colcon.colcon_core.package_identification:_identify(src/uros/micro-ROS-Agent) by extensions ['colcon_pkg']
[0.243s] Level 1:colcon.colcon_core.package_identification:_identify(src/uros/micro-ROS-Agent) by extension 'colcon_pkg'
[0.243s] Level 1:colcon.colcon_core.package_identification:_identify(src/uros/micro-ROS-Agent) by extensions ['colcon_meta']
[0.243s] Level 1:colcon.colcon_core.package_identification:_identify(src/uros/micro-ROS-Agent) by extension 'colcon_meta'
[0.243s] Level 1:colcon.colcon_core.package_identification:_identify(src/uros/micro-ROS-Agent) by extensions ['ros']
[0.243s] Level 1:colcon.colcon_core.package_identification:_identify(src/uros/micro-ROS-Agent) by extension 'ros'
[0.243s] Level 1:colcon.colcon_core.package_identification:_identify(src/uros/micro-ROS-Agent) by extensions ['cmake', 'python']
[0.243s] Level 1:colcon.colcon_core.package_identification:_identify(src/uros/micro-ROS-Agent) by extension 'cmake'
[0.243s] Level 1:colcon.colcon_core.package_identification:_identify(src/uros/micro-ROS-Agent) by extension 'python'
[0.244s] Level 1:colcon.colcon_core.package_identification:_identify(src/uros/micro-ROS-Agent) by extensions ['python_setup_py']
[0.244s] Level 1:colcon.colcon_core.package_identification:_identify(src/uros/micro-ROS-Agent) by extension 'python_setup_py'
[0.244s] Level 1:colcon.colcon_core.package_identification:_identify(src/uros/micro-ROS-Agent/micro_ros_agent) by extensions ['ignore', 'ignore_ament_install']
[0.244s] Level 1:colcon.colcon_core.package_identification:_identify(src/uros/micro-ROS-Agent/micro_ros_agent) by extension 'ignore'
[0.244s] Level 1:colcon.colcon_core.package_identification:_identify(src/uros/micro-ROS-Agent/micro_ros_agent) by extension 'ignore_ament_install'
[0.244s] Level 1:colcon.colcon_core.package_identification:_identify(src/uros/micro-ROS-Agent/micro_ros_agent) by extensions ['colcon_pkg']
[0.244s] Level 1:colcon.colcon_core.package_identification:_identify(src/uros/micro-ROS-Agent/micro_ros_agent) by extension 'colcon_pkg'
[0.244s] Level 1:colcon.colcon_core.package_identification:_identify(src/uros/micro-ROS-Agent/micro_ros_agent) by extensions ['colcon_meta']
[0.244s] Level 1:colcon.colcon_core.package_identification:_identify(src/uros/micro-ROS-Agent/micro_ros_agent) by extension 'colcon_meta'
[0.244s] Level 1:colcon.colcon_core.package_identification:_identify(src/uros/micro-ROS-Agent/micro_ros_agent) by extensions ['ros']
[0.244s] Level 1:colcon.colcon_core.package_identification:_identify(src/uros/micro-ROS-Agent/micro_ros_agent) by extension 'ros'
[0.245s] DEBUG:colcon.colcon_core.package_identification:Package 'src/uros/micro-ROS-Agent/micro_ros_agent' with type 'ros.ament_cmake' and name 'micro_ros_agent'
[0.245s] Level 1:colcon.colcon_core.package_discovery:discover_packages(recursive) using defaults
[0.245s] Level 1:colcon.colcon_core.package_discovery:discover_packages(ignore) discover
[0.245s] Level 1:colcon.colcon_core.package_discovery:discover_packages(ignore) using defaults
[0.245s] Level 1:colcon.colcon_core.package_discovery:discover_packages(path) discover
[0.245s] Level 1:colcon.colcon_core.package_discovery:discover_packages(path) using defaults
[0.248s] INFO:colcon.colcon_metadata.metadata.colcon_pkg:Updating descriptor of package 'src/eProsima/Micro-XRCE-DDS-Agent' from colcon.pkg: {'name': 'microxrcedds_agent', 'type': 'cmake', 'dependencies': ['fastcdr', 'fastrtps'], 'cmake-args': ['-DUAGENT_ISOLATED_INSTALL=OFF', '-DUAGENT_CLI_PROFILE=OFF']}
[0.251s] Level 5:colcon.colcon_core.verb:set package 'drive_base_msgs' build argument 'cmake_args' from command line to '['-DUAGENT_BUILD_EXECUTABLE=OFF', '--no-warn-unused-cli']'
[0.251s] Level 5:colcon.colcon_core.verb:set package 'drive_base_msgs' build argument 'cmake_target' from command line to 'None'
[0.251s] Level 5:colcon.colcon_core.verb:set package 'drive_base_msgs' build argument 'cmake_target_skip_unavailable' from command line to 'False'
[0.251s] Level 5:colcon.colcon_core.verb:set package 'drive_base_msgs' build argument 'cmake_clean_cache' from command line to 'False'
[0.251s] Level 5:colcon.colcon_core.verb:set package 'drive_base_msgs' build argument 'cmake_clean_first' from command line to 'False'
[0.251s] Level 5:colcon.colcon_core.verb:set package 'drive_base_msgs' build argument 'cmake_force_configure' from command line to 'False'
[0.251s] Level 5:colcon.colcon_core.verb:set package 'drive_base_msgs' build argument 'ament_cmake_args' from command line to 'None'
[0.251s] Level 5:colcon.colcon_core.verb:set package 'drive_base_msgs' build argument 'catkin_cmake_args' from command line to 'None'
[0.251s] Level 5:colcon.colcon_core.verb:set package 'drive_base_msgs' build argument 'catkin_skip_building_tests' from command line to 'False'
[0.251s] DEBUG:colcon.colcon_core.verb:Building package 'drive_base_msgs' with the following arguments: {'ament_cmake_args': None, 'build_base': '/home/microros/microros_ws/build/drive_base_msgs', 'catkin_cmake_args': None, 'catkin_skip_building_tests': False, 'cmake_args': ['-DUAGENT_BUILD_EXECUTABLE=OFF', '--no-warn-unused-cli'], 'cmake_clean_cache': False, 'cmake_clean_first': False, 'cmake_force_configure': False, 'cmake_target': None, 'cmake_target_skip_unavailable': False, 'install_base': '/home/microros/microros_ws/install/drive_base_msgs', 'merge_install': False, 'path': '/home/microros/microros_ws/src/drive_base/drive_base_msgs', 'symlink_install': False, 'test_result_base': None}
[0.253s] Level 5:colcon.colcon_core.verb:set package 'micro_ros_setup' build argument 'cmake_args' from command line to '['-DUAGENT_BUILD_EXECUTABLE=OFF', '--no-warn-unused-cli']'
[0.253s] Level 5:colcon.colcon_core.verb:set package 'micro_ros_setup' build argument 'cmake_target' from command line to 'None'
[0.253s] Level 5:colcon.colcon_core.verb:set package 'micro_ros_setup' build argument 'cmake_target_skip_unavailable' from command line to 'False'
[0.253s] Level 5:colcon.colcon_core.verb:set package 'micro_ros_setup' build argument 'cmake_clean_cache' from command line to 'False'
[0.253s] Level 5:colcon.colcon_core.verb:set package 'micro_ros_setup' build argument 'cmake_clean_first' from command line to 'False'
[0.253s] Level 5:colcon.colcon_core.verb:set package 'micro_ros_setup' build argument 'cmake_force_configure' from command line to 'False'
[0.253s] Level 5:colcon.colcon_core.verb:set package 'micro_ros_setup' build argument 'ament_cmake_args' from command line to 'None'
[0.253s] Level 5:colcon.colcon_core.verb:set package 'micro_ros_setup' build argument 'catkin_cmake_args' from command line to 'None'
[0.253s] Level 5:colcon.colcon_core.verb:set package 'micro_ros_setup' build argument 'catkin_skip_building_tests' from command line to 'False'
[0.253s] DEBUG:colcon.colcon_core.verb:Building package 'micro_ros_setup' with the following arguments: {'ament_cmake_args': None, 'build_base': '/home/microros/microros_ws/build/micro_ros_setup', 'catkin_cmake_args': None, 'catkin_skip_building_tests': False, 'cmake_args': ['-DUAGENT_BUILD_EXECUTABLE=OFF', '--no-warn-unused-cli'], 'cmake_clean_cache': False, 'cmake_clean_first': False, 'cmake_force_configure': False, 'cmake_target': None, 'cmake_target_skip_unavailable': False, 'install_base': '/home/microros/microros_ws/install/micro_ros_setup', 'merge_install': False, 'path': '/home/microros/microros_ws/src/micro-ros-build', 'symlink_install': False, 'test_result_base': None}
[0.255s] Level 5:colcon.colcon_core.verb:set package 'microxrcedds_agent' build argument 'cmake_args' from command line to '['-DUAGENT_BUILD_EXECUTABLE=OFF', '--no-warn-unused-cli']'
[0.255s] Level 5:colcon.colcon_core.verb:extend package 'microxrcedds_agent' build argument 'cmake_args' from package metadata with '['-DUAGENT_ISOLATED_INSTALL=OFF', '-DUAGENT_CLI_PROFILE=OFF']'
[0.255s] Level 5:colcon.colcon_core.verb:set package 'microxrcedds_agent' build argument 'cmake_target' from command line to 'None'
[0.255s] Level 5:colcon.colcon_core.verb:set package 'microxrcedds_agent' build argument 'cmake_target_skip_unavailable' from command line to 'False'
[0.255s] Level 5:colcon.colcon_core.verb:set package 'microxrcedds_agent' build argument 'cmake_clean_cache' from command line to 'False'
[0.256s] Level 5:colcon.colcon_core.verb:set package 'microxrcedds_agent' build argument 'cmake_clean_first' from command line to 'False'
[0.256s] Level 5:colcon.colcon_core.verb:set package 'microxrcedds_agent' build argument 'cmake_force_configure' from command line to 'False'
[0.256s] Level 5:colcon.colcon_core.verb:set package 'microxrcedds_agent' build argument 'ament_cmake_args' from command line to 'None'
[0.256s] Level 5:colcon.colcon_core.verb:set package 'microxrcedds_agent' build argument 'catkin_cmake_args' from command line to 'None'
[0.256s] Level 5:colcon.colcon_core.verb:set package 'microxrcedds_agent' build argument 'catkin_skip_building_tests' from command line to 'False'
[0.256s] DEBUG:colcon.colcon_core.verb:Building package 'microxrcedds_agent' with the following arguments: {'ament_cmake_args': None, 'build_base': '/home/microros/microros_ws/build/microxrcedds_agent', 'catkin_cmake_args': None, 'catkin_skip_building_tests': False, 'cmake_args': ['-DUAGENT_BUILD_EXECUTABLE=OFF', '--no-warn-unused-cli', '-DUAGENT_ISOLATED_INSTALL=OFF', '-DUAGENT_CLI_PROFILE=OFF'], 'cmake_clean_cache': False, 'cmake_clean_first': False, 'cmake_force_configure': False, 'cmake_target': None, 'cmake_target_skip_unavailable': False, 'install_base': '/home/microros/microros_ws/install/microxrcedds_agent', 'merge_install': False, 'path': '/home/microros/microros_ws/src/eProsima/Micro-XRCE-DDS-Agent', 'symlink_install': False, 'test_result_base': None}
[0.258s] Level 5:colcon.colcon_core.verb:set package 'micro_ros_agent' build argument 'cmake_args' from command line to '['-DUAGENT_BUILD_EXECUTABLE=OFF', '--no-warn-unused-cli']'
[0.258s] Level 5:colcon.colcon_core.verb:set package 'micro_ros_agent' build argument 'cmake_target' from command line to 'None'
[0.258s] Level 5:colcon.colcon_core.verb:set package 'micro_ros_agent' build argument 'cmake_target_skip_unavailable' from command line to 'False'
[0.258s] Level 5:colcon.colcon_core.verb:set package 'micro_ros_agent' build argument 'cmake_clean_cache' from command line to 'False'
[0.258s] Level 5:colcon.colcon_core.verb:set package 'micro_ros_agent' build argument 'cmake_clean_first' from command line to 'False'
[0.258s] Level 5:colcon.colcon_core.verb:set package 'micro_ros_agent' build argument 'cmake_force_configure' from command line to 'False'
[0.258s] Level 5:colcon.colcon_core.verb:set package 'micro_ros_agent' build argument 'ament_cmake_args' from command line to 'None'
[0.258s] Level 5:colcon.colcon_core.verb:set package 'micro_ros_agent' build argument 'catkin_cmake_args' from command line to 'None'
[0.258s] Level 5:colcon.colcon_core.verb:set package 'micro_ros_agent' build argument 'catkin_skip_building_tests' from command line to 'False'
[0.258s] DEBUG:colcon.colcon_core.verb:Building package 'micro_ros_agent' with the following arguments: {'ament_cmake_args': None, 'build_base': '/home/microros/microros_ws/build/micro_ros_agent', 'catkin_cmake_args': None, 'catkin_skip_building_tests': False, 'cmake_args': ['-DUAGENT_BUILD_EXECUTABLE=OFF', '--no-warn-unused-cli'], 'cmake_clean_cache': False, 'cmake_clean_first': False, 'cmake_force_configure': False, 'cmake_target': None, 'cmake_target_skip_unavailable': False, 'install_base': '/home/microros/microros_ws/install/micro_ros_agent', 'merge_install': False, 'path': '/home/microros/microros_ws/src/uros/micro-ROS-Agent/micro_ros_agent', 'symlink_install': False, 'test_result_base': None}
[0.258s] INFO:colcon.colcon_core.executor:Executing jobs using 'parallel' executor
[0.260s] DEBUG:colcon.colcon_parallel_executor.executor.parallel:run_until_complete
[0.260s] INFO:colcon.colcon_cmake.task.cmake.build:Building CMake package in '/home/microros/microros_ws/src/eProsima/Micro-XRCE-DDS-Agent'
[0.264s] INFO:colcon.colcon_core.plugin_system:Skipping extension 'colcon_core.shell.bat': Not used on non-Windows systems
[0.264s] INFO:colcon.colcon_core.shell:Skip shell extension 'powershell' for command environment: Not usable outside of PowerShell
[0.264s] DEBUG:colcon.colcon_core.shell:Skip shell extension 'dsv' for command environment
[0.267s] DEBUG:colcon.colcon_core.shell:Ignoring prefix path '/opt/ros/foxy'
[0.269s] INFO:colcon.colcon_ros.task.ament_cmake.build:Building ROS package in '/home/microros/microros_ws/src/drive_base/drive_base_msgs' with build type 'ament_cmake'
[0.270s] INFO:colcon.colcon_cmake.task.cmake.build:Building CMake package in '/home/microros/microros_ws/src/drive_base/drive_base_msgs'
[0.271s] INFO:colcon.colcon_core.shell:Skip shell extension 'powershell' for command environment: Not usable outside of PowerShell
[0.271s] DEBUG:colcon.colcon_core.shell:Skip shell extension 'dsv' for command environment
[0.274s] DEBUG:colcon.colcon_core.shell:Ignoring prefix path '/opt/ros/foxy'
[0.276s] INFO:colcon.colcon_ros.task.ament_cmake.build:Building ROS package in '/home/microros/microros_ws/src/micro-ros-build' with build type 'ament_cmake'
[0.277s] INFO:colcon.colcon_cmake.task.cmake.build:Building CMake package in '/home/microros/microros_ws/src/micro-ros-build'
[0.278s] INFO:colcon.colcon_core.shell:Skip shell extension 'powershell' for command environment: Not usable outside of PowerShell
[0.278s] DEBUG:colcon.colcon_core.shell:Skip shell extension 'dsv' for command environment
[0.280s] DEBUG:colcon.colcon_core.shell:Ignoring prefix path '/opt/ros/foxy'
[0.287s] DEBUG:colcon.colcon_core.event_handler.log_command:Invoking command in '/home/microros/microros_ws/build/microxrcedds_agent': /usr/bin/cmake /home/microros/microros_ws/src/eProsima/Micro-XRCE-DDS-Agent -DUAGENT_BUILD_EXECUTABLE=OFF --no-warn-unused-cli -DUAGENT_ISOLATED_INSTALL=OFF -DUAGENT_CLI_PROFILE=OFF -DCMAKE_INSTALL_PREFIX=/home/microros/microros_ws/install/microxrcedds_agent
[0.297s] DEBUG:colcon.colcon_core.event_handler.log_command:Invoking command in '/home/microros/microros_ws/build/drive_base_msgs': CMAKE_PREFIX_PATH=${CMAKE_PREFIX_PATH}:/opt/ros/foxy /usr/bin/cmake /home/microros/microros_ws/src/drive_base/drive_base_msgs -DUAGENT_BUILD_EXECUTABLE=OFF --no-warn-unused-cli -DCMAKE_INSTALL_PREFIX=/home/microros/microros_ws/install/drive_base_msgs
[0.320s] DEBUG:colcon.colcon_core.event_handler.log_command:Invoking command in '/home/microros/microros_ws/build/micro_ros_setup': CMAKE_PREFIX_PATH=${CMAKE_PREFIX_PATH}:/opt/ros/foxy /usr/bin/cmake /home/microros/microros_ws/src/micro-ros-build -DUAGENT_BUILD_EXECUTABLE=OFF --no-warn-unused-cli -DCMAKE_INSTALL_PREFIX=/home/microros/microros_ws/install/micro_ros_setup
[1.386s] DEBUG:colcon.colcon_core.event_handler.log_command:Invoked command in '/home/microros/microros_ws/build/microxrcedds_agent' returned '0': /usr/bin/cmake /home/microros/microros_ws/src/eProsima/Micro-XRCE-DDS-Agent -DUAGENT_BUILD_EXECUTABLE=OFF --no-warn-unused-cli -DUAGENT_ISOLATED_INSTALL=OFF -DUAGENT_CLI_PROFILE=OFF -DCMAKE_INSTALL_PREFIX=/home/microros/microros_ws/install/microxrcedds_agent
[1.389s] DEBUG:colcon.colcon_core.event_handler.log_command:Invoking command in '/home/microros/microros_ws/build/microxrcedds_agent': /usr/bin/cmake --build /home/microros/microros_ws/build/microxrcedds_agent -- -j4 -l4
[2.852s] DEBUG:colcon.colcon_core.event_handler.log_command:Invoked command in '/home/microros/microros_ws/build/micro_ros_setup' returned '0': CMAKE_PREFIX_PATH=${CMAKE_PREFIX_PATH}:/opt/ros/foxy /usr/bin/cmake /home/microros/microros_ws/src/micro-ros-build -DUAGENT_BUILD_EXECUTABLE=OFF --no-warn-unused-cli -DCMAKE_INSTALL_PREFIX=/home/microros/microros_ws/install/micro_ros_setup
[2.855s] DEBUG:colcon.colcon_core.event_handler.log_command:Invoking command in '/home/microros/microros_ws/build/micro_ros_setup': CMAKE_PREFIX_PATH=${CMAKE_PREFIX_PATH}:/opt/ros/foxy /usr/bin/cmake --build /home/microros/microros_ws/build/micro_ros_setup -- -j4 -l4
[2.894s] DEBUG:colcon.colcon_core.event_handler.log_command:Invoked command in '/home/microros/microros_ws/build/micro_ros_setup' returned '0': CMAKE_PREFIX_PATH=${CMAKE_PREFIX_PATH}:/opt/ros/foxy /usr/bin/cmake --build /home/microros/microros_ws/build/micro_ros_setup -- -j4 -l4
[2.930s] DEBUG:colcon.colcon_core.event_handler.log_command:Invoking command in '/home/microros/microros_ws/build/micro_ros_setup': CMAKE_PREFIX_PATH=${CMAKE_PREFIX_PATH}:/opt/ros/foxy /usr/bin/cmake --install /home/microros/microros_ws/build/micro_ros_setup
[3.115s] Level 1:colcon.colcon_core.environment:create_environment_scripts_only(micro_ros_setup)
[3.121s] DEBUG:colcon.colcon_core.event_handler.log_command:Invoked command in '/home/microros/microros_ws/build/micro_ros_setup' returned '0': CMAKE_PREFIX_PATH=${CMAKE_PREFIX_PATH}:/opt/ros/foxy /usr/bin/cmake --install /home/microros/microros_ws/build/micro_ros_setup
[3.133s] Level 1:colcon.colcon_core.environment:checking '/home/microros/microros_ws/install/micro_ros_setup' for CMake module files
[3.135s] Level 1:colcon.colcon_core.environment:checking '/home/microros/microros_ws/install/micro_ros_setup' for CMake config files
[3.136s] Level 1:colcon.colcon_core.shell:create_environment_hook('micro_ros_setup', 'cmake_prefix_path')
[3.138s] INFO:colcon.colcon_core.shell:Creating environment hook '/home/microros/microros_ws/install/micro_ros_setup/share/micro_ros_setup/hook/cmake_prefix_path.ps1'
[3.139s] INFO:colcon.colcon_core.shell:Creating environment descriptor '/home/microros/microros_ws/install/micro_ros_setup/share/micro_ros_setup/hook/cmake_prefix_path.dsv'
[3.140s] INFO:colcon.colcon_core.shell:Creating environment hook '/home/microros/microros_ws/install/micro_ros_setup/share/micro_ros_setup/hook/cmake_prefix_path.sh'
[3.142s] Level 1:colcon.colcon_core.environment:checking '/home/microros/microros_ws/install/micro_ros_setup/lib'
[3.142s] Level 1:colcon.colcon_core.environment:checking '/home/microros/microros_ws/install/micro_ros_setup/bin'
[3.142s] Level 1:colcon.colcon_core.environment:checking '/home/microros/microros_ws/install/micro_ros_setup/lib/pkgconfig/micro_ros_setup.pc'
[3.142s] Level 1:colcon.colcon_core.environment:checking '/home/microros/microros_ws/install/micro_ros_setup/lib/python3.8/site-packages'
[3.143s] INFO:colcon.colcon_core.shell:Creating package script '/home/microros/microros_ws/install/micro_ros_setup/share/micro_ros_setup/package.ps1'
[3.147s] INFO:colcon.colcon_core.shell:Creating package descriptor '/home/microros/microros_ws/install/micro_ros_setup/share/micro_ros_setup/package.dsv'
[3.148s] INFO:colcon.colcon_core.shell:Creating package script '/home/microros/microros_ws/install/micro_ros_setup/share/micro_ros_setup/package.sh'
[3.149s] INFO:colcon.colcon_core.shell:Creating package script '/home/microros/microros_ws/install/micro_ros_setup/share/micro_ros_setup/package.bash'
[3.150s] INFO:colcon.colcon_core.shell:Creating package script '/home/microros/microros_ws/install/micro_ros_setup/share/micro_ros_setup/package.zsh'
[3.151s] Level 1:colcon.colcon_core.environment:create_file_with_runtime_dependencies(/home/microros/microros_ws/install/micro_ros_setup/share/colcon-core/packages/micro_ros_setup)
[5.396s] DEBUG:colcon.colcon_core.event_handler.log_command:Invoked command in '/home/microros/microros_ws/build/drive_base_msgs' returned '0': CMAKE_PREFIX_PATH=${CMAKE_PREFIX_PATH}:/opt/ros/foxy /usr/bin/cmake /home/microros/microros_ws/src/drive_base/drive_base_msgs -DUAGENT_BUILD_EXECUTABLE=OFF --no-warn-unused-cli -DCMAKE_INSTALL_PREFIX=/home/microros/microros_ws/install/drive_base_msgs
[5.397s] DEBUG:colcon.colcon_core.event_handler.log_command:Invoking command in '/home/microros/microros_ws/build/drive_base_msgs': CMAKE_PREFIX_PATH=${CMAKE_PREFIX_PATH}:/opt/ros/foxy /usr/bin/cmake --build /home/microros/microros_ws/build/drive_base_msgs -- -j4 -l4
[18.578s] DEBUG:colcon.colcon_core.event_handler.log_command:Invoked command in '/home/microros/microros_ws/build/drive_base_msgs' returned '0': CMAKE_PREFIX_PATH=${CMAKE_PREFIX_PATH}:/opt/ros/foxy /usr/bin/cmake --build /home/microros/microros_ws/build/drive_base_msgs -- -j4 -l4
[18.823s] DEBUG:colcon.colcon_core.event_handler.log_command:Invoking command in '/home/microros/microros_ws/build/drive_base_msgs': CMAKE_PREFIX_PATH=${CMAKE_PREFIX_PATH}:/opt/ros/foxy /usr/bin/cmake --install /home/microros/microros_ws/build/drive_base_msgs
[19.043s] Level 1:colcon.colcon_core.environment:create_environment_scripts_only(drive_base_msgs)
[19.045s] Level 1:colcon.colcon_core.environment:checking '/home/microros/microros_ws/install/drive_base_msgs' for CMake module files
[19.045s] Level 1:colcon.colcon_core.environment:checking '/home/microros/microros_ws/install/drive_base_msgs' for CMake config files
[19.046s] Level 1:colcon.colcon_core.shell:create_environment_hook('drive_base_msgs', 'cmake_prefix_path')
[19.047s] INFO:colcon.colcon_core.shell:Creating environment hook '/home/microros/microros_ws/install/drive_base_msgs/share/drive_base_msgs/hook/cmake_prefix_path.ps1'
[19.048s] INFO:colcon.colcon_core.shell:Creating environment descriptor '/home/microros/microros_ws/install/drive_base_msgs/share/drive_base_msgs/hook/cmake_prefix_path.dsv'
[19.048s] INFO:colcon.colcon_core.shell:Creating environment hook '/home/microros/microros_ws/install/drive_base_msgs/share/drive_base_msgs/hook/cmake_prefix_path.sh'
[19.049s] Level 1:colcon.colcon_core.environment:checking '/home/microros/microros_ws/install/drive_base_msgs/lib'
[19.049s] Level 1:colcon.colcon_core.shell:create_environment_hook('drive_base_msgs', 'ld_library_path_lib')
[19.050s] INFO:colcon.colcon_core.shell:Creating environment hook '/home/microros/microros_ws/install/drive_base_msgs/share/drive_base_msgs/hook/ld_library_path_lib.ps1'
[19.051s] INFO:colcon.colcon_core.shell:Creating environment descriptor '/home/microros/microros_ws/install/drive_base_msgs/share/drive_base_msgs/hook/ld_library_path_lib.dsv'
[19.051s] INFO:colcon.colcon_core.shell:Creating environment hook '/home/microros/microros_ws/install/drive_base_msgs/share/drive_base_msgs/hook/ld_library_path_lib.sh'
[19.052s] Level 1:colcon.colcon_core.environment:checking '/home/microros/microros_ws/install/drive_base_msgs/bin'
[19.052s] Level 1:colcon.colcon_core.environment:checking '/home/microros/microros_ws/install/drive_base_msgs/lib/pkgconfig/drive_base_msgs.pc'
[19.052s] Level 1:colcon.colcon_core.environment:checking '/home/microros/microros_ws/install/drive_base_msgs/lib/python3.8/site-packages'
[19.052s] Level 1:colcon.colcon_core.shell:create_environment_hook('drive_base_msgs', 'pythonpath')
[19.053s] INFO:colcon.colcon_core.shell:Creating environment hook '/home/microros/microros_ws/install/drive_base_msgs/share/drive_base_msgs/hook/pythonpath.ps1'
[19.053s] INFO:colcon.colcon_core.shell:Creating environment descriptor '/home/microros/microros_ws/install/drive_base_msgs/share/drive_base_msgs/hook/pythonpath.dsv'
[19.054s] INFO:colcon.colcon_core.shell:Creating environment hook '/home/microros/microros_ws/install/drive_base_msgs/share/drive_base_msgs/hook/pythonpath.sh'
[19.055s] DEBUG:colcon.colcon_core.event_handler.log_command:Invoked command in '/home/microros/microros_ws/build/drive_base_msgs' returned '0': CMAKE_PREFIX_PATH=${CMAKE_PREFIX_PATH}:/opt/ros/foxy /usr/bin/cmake --install /home/microros/microros_ws/build/drive_base_msgs
[19.056s] INFO:colcon.colcon_core.shell:Creating package script '/home/microros/microros_ws/install/drive_base_msgs/share/drive_base_msgs/package.ps1'
[19.057s] INFO:colcon.colcon_core.shell:Creating package descriptor '/home/microros/microros_ws/install/drive_base_msgs/share/drive_base_msgs/package.dsv'
[19.058s] INFO:colcon.colcon_core.shell:Creating package script '/home/microros/microros_ws/install/drive_base_msgs/share/drive_base_msgs/package.sh'
[19.059s] INFO:colcon.colcon_core.shell:Creating package script '/home/microros/microros_ws/install/drive_base_msgs/share/drive_base_msgs/package.bash'
[19.059s] INFO:colcon.colcon_core.shell:Creating package script '/home/microros/microros_ws/install/drive_base_msgs/share/drive_base_msgs/package.zsh'
[19.060s] Level 1:colcon.colcon_core.environment:create_file_with_runtime_dependencies(/home/microros/microros_ws/install/drive_base_msgs/share/colcon-core/packages/drive_base_msgs)
[302.822s] DEBUG:colcon.colcon_core.event_handler.log_command:Invoked command in '/home/microros/microros_ws/build/microxrcedds_agent' returned '0': /usr/bin/cmake --build /home/microros/microros_ws/build/microxrcedds_agent -- -j4 -l4
[302.910s] DEBUG:colcon.colcon_core.event_handler.log_command:Invoking command in '/home/microros/microros_ws/build/microxrcedds_agent': /usr/bin/cmake --install /home/microros/microros_ws/build/microxrcedds_agent
[303.108s] Level 1:colcon.colcon_core.environment:create_environment_scripts_only(microxrcedds_agent)
[303.110s] Level 1:colcon.colcon_core.environment:checking '/home/microros/microros_ws/install/microxrcedds_agent' for CMake module files
[303.110s] DEBUG:colcon.colcon_core.event_handler.log_command:Invoked command in '/home/microros/microros_ws/build/microxrcedds_agent' returned '0': /usr/bin/cmake --install /home/microros/microros_ws/build/microxrcedds_agent
[303.111s] Level 1:colcon.colcon_core.environment:checking '/home/microros/microros_ws/install/microxrcedds_agent' for CMake config files
[303.114s] Level 1:colcon.colcon_core.shell:create_environment_hook('microxrcedds_agent', 'cmake_prefix_path')
[303.115s] INFO:colcon.colcon_core.shell:Creating environment hook '/home/microros/microros_ws/install/microxrcedds_agent/share/microxrcedds_agent/hook/cmake_prefix_path.ps1'
[303.221s] INFO:colcon.colcon_core.shell:Creating environment descriptor '/home/microros/microros_ws/install/microxrcedds_agent/share/microxrcedds_agent/hook/cmake_prefix_path.dsv'
[303.287s] INFO:colcon.colcon_core.shell:Creating environment hook '/home/microros/microros_ws/install/microxrcedds_agent/share/microxrcedds_agent/hook/cmake_prefix_path.sh'
[303.290s] Level 1:colcon.colcon_core.environment:checking '/home/microros/microros_ws/install/microxrcedds_agent/lib'
[303.291s] Level 1:colcon.colcon_core.shell:create_environment_hook('microxrcedds_agent', 'ld_library_path_lib')
[303.293s] INFO:colcon.colcon_core.shell:Creating environment hook '/home/microros/microros_ws/install/microxrcedds_agent/share/microxrcedds_agent/hook/ld_library_path_lib.ps1'
[303.295s] INFO:colcon.colcon_core.shell:Creating environment descriptor '/home/microros/microros_ws/install/microxrcedds_agent/share/microxrcedds_agent/hook/ld_library_path_lib.dsv'
[303.296s] INFO:colcon.colcon_core.shell:Creating environment hook '/home/microros/microros_ws/install/microxrcedds_agent/share/microxrcedds_agent/hook/ld_library_path_lib.sh'
[303.298s] Level 1:colcon.colcon_core.environment:checking '/home/microros/microros_ws/install/microxrcedds_agent/bin'
[303.298s] Level 1:colcon.colcon_core.shell:create_environment_hook('microxrcedds_agent', 'path')
[303.300s] INFO:colcon.colcon_core.shell:Creating environment hook '/home/microros/microros_ws/install/microxrcedds_agent/share/microxrcedds_agent/hook/path.ps1'
[303.301s] INFO:colcon.colcon_core.shell:Creating environment descriptor '/home/microros/microros_ws/install/microxrcedds_agent/share/microxrcedds_agent/hook/path.dsv'
[303.303s] INFO:colcon.colcon_core.shell:Creating environment hook '/home/microros/microros_ws/install/microxrcedds_agent/share/microxrcedds_agent/hook/path.sh'
[303.304s] Level 1:colcon.colcon_core.environment:checking '/home/microros/microros_ws/install/microxrcedds_agent/lib/pkgconfig/microxrcedds_agent.pc'
[303.304s] Level 1:colcon.colcon_core.environment:checking '/home/microros/microros_ws/install/microxrcedds_agent/lib/python3.8/site-packages'
[303.307s] INFO:colcon.colcon_core.shell:Creating package script '/home/microros/microros_ws/install/microxrcedds_agent/share/microxrcedds_agent/package.ps1'
[303.310s] INFO:colcon.colcon_core.shell:Creating package descriptor '/home/microros/microros_ws/install/microxrcedds_agent/share/microxrcedds_agent/package.dsv'
[303.313s] INFO:colcon.colcon_core.shell:Creating package script '/home/microros/microros_ws/install/microxrcedds_agent/share/microxrcedds_agent/package.sh'
[303.315s] INFO:colcon.colcon_core.shell:Creating package script '/home/microros/microros_ws/install/microxrcedds_agent/share/microxrcedds_agent/package.bash'
[303.317s] INFO:colcon.colcon_core.shell:Creating package script '/home/microros/microros_ws/install/microxrcedds_agent/share/microxrcedds_agent/package.zsh'
[303.319s] Level 1:colcon.colcon_core.environment:create_file_with_runtime_dependencies(/home/microros/microros_ws/install/microxrcedds_agent/share/colcon-core/packages/microxrcedds_agent)
[303.320s] INFO:colcon.colcon_ros.task.ament_cmake.build:Building ROS package in '/home/microros/microros_ws/src/uros/micro-ROS-Agent/micro_ros_agent' with build type 'ament_cmake'
[303.322s] INFO:colcon.colcon_cmake.task.cmake.build:Building CMake package in '/home/microros/microros_ws/src/uros/micro-ROS-Agent/micro_ros_agent'
[303.323s] INFO:colcon.colcon_core.shell:Skip shell extension 'powershell' for command environment: Not usable outside of PowerShell
[303.323s] DEBUG:colcon.colcon_core.shell:Skip shell extension 'dsv' for command environment
[303.419s] DEBUG:colcon.colcon_core.shell:Ignoring prefix path '/opt/ros/foxy'
[303.574s] DEBUG:colcon.colcon_core.event_handler.log_command:Invoking command in '/home/microros/microros_ws/build/micro_ros_agent': CMAKE_PREFIX_PATH=/home/microros/microros_ws/install/microxrcedds_agent:/home/microros/microros_ws/install/micro_ros_setup:/opt/ros/foxy LD_LIBRARY_PATH=/home/microros/microros_ws/install/microxrcedds_agent/lib:${LD_LIBRARY_PATH} PATH=/home/microros/microros_ws/install/microxrcedds_agent/bin:${PATH} /usr/bin/cmake /home/microros/microros_ws/src/uros/micro-ROS-Agent/micro_ros_agent -DUAGENT_BUILD_EXECUTABLE=OFF --no-warn-unused-cli -DCMAKE_INSTALL_PREFIX=/home/microros/microros_ws/install/micro_ros_agent
[311.135s] DEBUG:colcon.colcon_core.event_handler.log_command:Invoked command in '/home/microros/microros_ws/build/micro_ros_agent' returned '0': CMAKE_PREFIX_PATH=/home/microros/microros_ws/install/microxrcedds_agent:/home/microros/microros_ws/install/micro_ros_setup:/opt/ros/foxy LD_LIBRARY_PATH=/home/microros/microros_ws/install/microxrcedds_agent/lib:${LD_LIBRARY_PATH} PATH=/home/microros/microros_ws/install/microxrcedds_agent/bin:${PATH} /usr/bin/cmake /home/microros/microros_ws/src/uros/micro-ROS-Agent/micro_ros_agent -DUAGENT_BUILD_EXECUTABLE=OFF --no-warn-unused-cli -DCMAKE_INSTALL_PREFIX=/home/microros/microros_ws/install/micro_ros_agent
[311.138s] DEBUG:colcon.colcon_core.event_handler.log_command:Invoking command in '/home/microros/microros_ws/build/micro_ros_agent': CMAKE_PREFIX_PATH=/home/microros/microros_ws/install/microxrcedds_agent:/home/microros/microros_ws/install/micro_ros_setup:/opt/ros/foxy LD_LIBRARY_PATH=/home/microros/microros_ws/install/microxrcedds_agent/lib:${LD_LIBRARY_PATH} PATH=/home/microros/microros_ws/install/microxrcedds_agent/bin:${PATH} /usr/bin/cmake --build /home/microros/microros_ws/build/micro_ros_agent -- -j4 -l4
[313.896s] DEBUG:colcon.colcon_core.event_handler.log_command:Invoked command in '/home/microros/microros_ws/build/micro_ros_agent' returned '0': CMAKE_PREFIX_PATH=/home/microros/microros_ws/install/microxrcedds_agent:/home/microros/microros_ws/install/micro_ros_setup:/opt/ros/foxy LD_LIBRARY_PATH=/home/microros/microros_ws/install/microxrcedds_agent/lib:${LD_LIBRARY_PATH} PATH=/home/microros/microros_ws/install/microxrcedds_agent/bin:${PATH} /usr/bin/cmake --build /home/microros/microros_ws/build/micro_ros_agent -- -j4 -l4
[313.918s] DEBUG:colcon.colcon_core.event_handler.log_command:Invoking command in '/home/microros/microros_ws/build/micro_ros_agent': CMAKE_PREFIX_PATH=/home/microros/microros_ws/install/microxrcedds_agent:/home/microros/microros_ws/install/micro_ros_setup:/opt/ros/foxy LD_LIBRARY_PATH=/home/microros/microros_ws/install/microxrcedds_agent/lib:${LD_LIBRARY_PATH} PATH=/home/microros/microros_ws/install/microxrcedds_agent/bin:${PATH} /usr/bin/cmake --install /home/microros/microros_ws/build/micro_ros_agent
[313.931s] Level 1:colcon.colcon_core.environment:create_environment_scripts_only(micro_ros_agent)
[313.932s] Level 1:colcon.colcon_core.environment:checking '/home/microros/microros_ws/install/micro_ros_agent' for CMake module files
[313.933s] DEBUG:colcon.colcon_core.event_handler.log_command:Invoked command in '/home/microros/microros_ws/build/micro_ros_agent' returned '0': CMAKE_PREFIX_PATH=/home/microros/microros_ws/install/microxrcedds_agent:/home/microros/microros_ws/install/micro_ros_setup:/opt/ros/foxy LD_LIBRARY_PATH=/home/microros/microros_ws/install/microxrcedds_agent/lib:${LD_LIBRARY_PATH} PATH=/home/microros/microros_ws/install/microxrcedds_agent/bin:${PATH} /usr/bin/cmake --install /home/microros/microros_ws/build/micro_ros_agent
[313.933s] Level 1:colcon.colcon_core.environment:checking '/home/microros/microros_ws/install/micro_ros_agent' for CMake config files
[313.933s] Level 1:colcon.colcon_core.shell:create_environment_hook('micro_ros_agent', 'cmake_prefix_path')
[313.934s] INFO:colcon.colcon_core.shell:Creating environment hook '/home/microros/microros_ws/install/micro_ros_agent/share/micro_ros_agent/hook/cmake_prefix_path.ps1'
[313.934s] INFO:colcon.colcon_core.shell:Creating environment descriptor '/home/microros/microros_ws/install/micro_ros_agent/share/micro_ros_agent/hook/cmake_prefix_path.dsv'
[313.935s] INFO:colcon.colcon_core.shell:Creating environment hook '/home/microros/microros_ws/install/micro_ros_agent/share/micro_ros_agent/hook/cmake_prefix_path.sh'
[313.935s] Level 1:colcon.colcon_core.environment:checking '/home/microros/microros_ws/install/micro_ros_agent/lib'
[313.935s] Level 1:colcon.colcon_core.environment:checking '/home/microros/microros_ws/install/micro_ros_agent/bin'
[313.935s] Level 1:colcon.colcon_core.environment:checking '/home/microros/microros_ws/install/micro_ros_agent/lib/pkgconfig/micro_ros_agent.pc'
[313.935s] Level 1:colcon.colcon_core.environment:checking '/home/microros/microros_ws/install/micro_ros_agent/lib/python3.8/site-packages'
[313.936s] INFO:colcon.colcon_core.shell:Creating package script '/home/microros/microros_ws/install/micro_ros_agent/share/micro_ros_agent/package.ps1'
[313.936s] INFO:colcon.colcon_core.shell:Creating package descriptor '/home/microros/microros_ws/install/micro_ros_agent/share/micro_ros_agent/package.dsv'
[313.937s] INFO:colcon.colcon_core.shell:Creating package script '/home/microros/microros_ws/install/micro_ros_agent/share/micro_ros_agent/package.sh'
[313.937s] INFO:colcon.colcon_core.shell:Creating package script '/home/microros/microros_ws/install/micro_ros_agent/share/micro_ros_agent/package.bash'
[313.937s] INFO:colcon.colcon_core.shell:Creating package script '/home/microros/microros_ws/install/micro_ros_agent/share/micro_ros_agent/package.zsh'
[313.938s] Level 1:colcon.colcon_core.environment:create_file_with_runtime_dependencies(/home/microros/microros_ws/install/micro_ros_agent/share/colcon-core/packages/micro_ros_agent)
[313.938s] DEBUG:colcon.colcon_parallel_executor.executor.parallel:closing loop
[313.938s] DEBUG:colcon.colcon_parallel_executor.executor.parallel:loop closed
[313.939s] DEBUG:colcon.colcon_parallel_executor.executor.parallel:run_until_complete finished with '0'
[313.939s] DEBUG:colcon.colcon_core.event_reactor:joining thread
[314.190s] INFO:colcon.colcon_core.plugin_system:Skipping extension 'colcon_notification.desktop_notification.terminal_notifier': Not used on non-Darwin systems
[314.190s] INFO:colcon.colcon_core.plugin_system:Skipping extension 'colcon_notification.desktop_notification.win32': Not used on non-Windows systems
[314.191s] INFO:colcon.colcon_notification.desktop_notification:Sending desktop notification using 'notify2'
[314.575s] DEBUG:colcon.colcon_core.event_reactor:joined thread
[314.578s] INFO:colcon.colcon_core.shell:Creating prefix script '/home/microros/microros_ws/install/local_setup.ps1'
[314.625s] INFO:colcon.colcon_core.shell:Creating prefix util module '/home/microros/microros_ws/install/_local_setup_util_ps1.py'
[314.638s] INFO:colcon.colcon_core.shell:Creating prefix chain script '/home/microros/microros_ws/install/setup.ps1'
[314.649s] INFO:colcon.colcon_core.shell:Creating prefix script '/home/microros/microros_ws/install/local_setup.sh'
[314.735s] INFO:colcon.colcon_core.shell:Creating prefix util module '/home/microros/microros_ws/install/_local_setup_util_sh.py'
[314.738s] INFO:colcon.colcon_core.shell:Creating prefix chain script '/home/microros/microros_ws/install/setup.sh'
[314.749s] INFO:colcon.colcon_core.shell:Creating prefix script '/home/microros/microros_ws/install/local_setup.bash'
[314.751s] INFO:colcon.colcon_core.shell:Creating prefix chain script '/home/microros/microros_ws/install/setup.bash'
[314.761s] INFO:colcon.colcon_core.shell:Creating prefix script '/home/microros/microros_ws/install/local_setup.zsh'
[314.805s] INFO:colcon.colcon_core.shell:Creating prefix chain script '/home/microros/microros_ws/install/setup.zsh'
