-- Found ament_cmake: 0.9.6 (/home/microros/microros_ws/firmware/dev_ws/install/ament_cmake/share/ament_cmake/cmake)
-- Found PythonInterp: /usr/bin/python3 (found suitable version "3.8.2", minimum required is "3") 
-- Using PYTHON_EXECUTABLE: /usr/bin/python3
CMake Warning (dev) at /home/microros/microros_ws/firmware/dev_ws/install/ament_cmake_test/share/ament_cmake_test/cmake/ament_cmake_test-extras.cmake:19 (option):
  Policy CMP0077 is not set: option() honors normal variables.  Run "cmake
  --help-policy CMP0077" for policy details.  Use the cmake_policy command to
  set the policy and suppress this warning.

  For compatibility with older versions of CMake, option is clearing the
  normal variable 'BUILD_TESTING'.
Call Stack (most recent call first):
  /home/microros/microros_ws/firmware/dev_ws/install/ament_cmake_test/share/ament_cmake_test/cmake/ament_cmake_testConfig.cmake:41 (include)
  /home/microros/microros_ws/firmware/dev_ws/install/ament_cmake/share/ament_cmake/cmake/ament_cmake_export_dependencies-extras.cmake:21 (find_package)
  /home/microros/microros_ws/firmware/dev_ws/install/ament_cmake/share/ament_cmake/cmake/ament_cmakeConfig.cmake:41 (include)
  CMakeLists.txt:5 (find_package)
This warning is for project developers.  Use -Wno-dev to suppress it.

-- Configuring done
-- Generating done
-- Build files have been written to: /home/microros/microros_ws/firmware/mcu_ws/build/rosidl_parser
make[4]: Entering directory '/home/microros/microros_ws/firmware/mcu_ws/build/rosidl_parser'
/usr/bin/cmake -S/home/microros/microros_ws/firmware/mcu_ws/ros2/rosidl/rosidl_parser -B/home/microros/microros_ws/firmware/mcu_ws/build/rosidl_parser --check-build-system CMakeFiles/Makefile.cmake 0
/usr/bin/cmake -E cmake_progress_start /home/microros/microros_ws/firmware/mcu_ws/build/rosidl_parser/CMakeFiles /home/microros/microros_ws/firmware/mcu_ws/build/rosidl_parser/CMakeFiles/progress.marks
/usr/bin/make -f CMakeFiles/Makefile2 all
make[5]: Entering directory '/home/microros/microros_ws/firmware/mcu_ws/build/rosidl_parser'
make[5]: Nothing to be done for 'all'.
make[5]: Leaving directory '/home/microros/microros_ws/firmware/mcu_ws/build/rosidl_parser'
/usr/bin/cmake -E cmake_progress_start /home/microros/microros_ws/firmware/mcu_ws/build/rosidl_parser/CMakeFiles 0
make[4]: Leaving directory '/home/microros/microros_ws/firmware/mcu_ws/build/rosidl_parser'
-- Install configuration: "RelWithDebInfo"
-- Installing: /home/microros/microros_ws/firmware/mcu_ws/install/rosidl_parser/share/rosidl_parser/environment/pythonpath.sh
-- Installing: /home/microros/microros_ws/firmware/mcu_ws/install/rosidl_parser/share/rosidl_parser/environment/pythonpath.dsv
-- Installing: /home/microros/microros_ws/firmware/mcu_ws/install/rosidl_parser/lib/python3.8/site-packages/rosidl_parser
-- Installing: /home/microros/microros_ws/firmware/mcu_ws/install/rosidl_parser/lib/python3.8/site-packages/rosidl_parser/grammar.lark
-- Installing: /home/microros/microros_ws/firmware/mcu_ws/install/rosidl_parser/lib/python3.8/site-packages/rosidl_parser/parser.py
-- Installing: /home/microros/microros_ws/firmware/mcu_ws/install/rosidl_parser/lib/python3.8/site-packages/rosidl_parser/__init__.py
-- Installing: /home/microros/microros_ws/firmware/mcu_ws/install/rosidl_parser/lib/python3.8/site-packages/rosidl_parser/definition.py
Listing '/home/microros/microros_ws/firmware/mcu_ws/install/rosidl_parser/lib/python3.8/site-packages/rosidl_parser'...
Compiling '/home/microros/microros_ws/firmware/mcu_ws/install/rosidl_parser/lib/python3.8/site-packages/rosidl_parser/__init__.py'...
Compiling '/home/microros/microros_ws/firmware/mcu_ws/install/rosidl_parser/lib/python3.8/site-packages/rosidl_parser/definition.py'...
Compiling '/home/microros/microros_ws/firmware/mcu_ws/install/rosidl_parser/lib/python3.8/site-packages/rosidl_parser/parser.py'...
-- Installing: /home/microros/microros_ws/firmware/mcu_ws/install/rosidl_parser/share/ament_index/resource_index/package_run_dependencies/rosidl_parser
-- Installing: /home/microros/microros_ws/firmware/mcu_ws/install/rosidl_parser/share/ament_index/resource_index/parent_prefix_path/rosidl_parser
-- Installing: /home/microros/microros_ws/firmware/mcu_ws/install/rosidl_parser/share/rosidl_parser/environment/ament_prefix_path.sh
-- Installing: /home/microros/microros_ws/firmware/mcu_ws/install/rosidl_parser/share/rosidl_parser/environment/ament_prefix_path.dsv
-- Installing: /home/microros/microros_ws/firmware/mcu_ws/install/rosidl_parser/share/rosidl_parser/environment/path.sh
-- Installing: /home/microros/microros_ws/firmware/mcu_ws/install/rosidl_parser/share/rosidl_parser/environment/path.dsv
-- Installing: /home/microros/microros_ws/firmware/mcu_ws/install/rosidl_parser/share/rosidl_parser/local_setup.bash
-- Installing: /home/microros/microros_ws/firmware/mcu_ws/install/rosidl_parser/share/rosidl_parser/local_setup.sh
-- Installing: /home/microros/microros_ws/firmware/mcu_ws/install/rosidl_parser/share/rosidl_parser/local_setup.zsh
-- Installing: /home/microros/microros_ws/firmware/mcu_ws/install/rosidl_parser/share/rosidl_parser/local_setup.dsv
-- Installing: /home/microros/microros_ws/firmware/mcu_ws/install/rosidl_parser/share/rosidl_parser/package.dsv
-- Installing: /home/microros/microros_ws/firmware/mcu_ws/install/rosidl_parser/share/ament_index/resource_index/packages/rosidl_parser
-- Installing: /home/microros/microros_ws/firmware/mcu_ws/install/rosidl_parser/share/rosidl_parser/cmake/rosidl_parserConfig.cmake
-- Installing: /home/microros/microros_ws/firmware/mcu_ws/install/rosidl_parser/share/rosidl_parser/cmake/rosidl_parserConfig-version.cmake
-- Installing: /home/microros/microros_ws/firmware/mcu_ws/install/rosidl_parser/share/rosidl_parser/package.xml
-- Installing: /home/microros/microros_ws/firmware/mcu_ws/install/rosidl_parser/lib/rosidl_parser/idl2png
