[0.049s] Invoking command in '/home/microros/microros_ws/firmware/mcu_ws/build/microcdr': /usr/bin/cmake --build /home/microros/microros_ws/firmware/mcu_ws/build/microcdr -- -j4 -l4
[0.085s] make[4]: Entering directory '/home/microros/microros_ws/firmware/mcu_ws/build/microcdr'
[0.085s] /usr/bin/cmake -S/home/microros/microros_ws/firmware/mcu_ws/eProsima/Micro-CDR -B/home/microros/microros_ws/firmware/mcu_ws/build/microcdr --check-build-system CMakeFiles/Makefile.cmake 0
[0.098s] /usr/bin/cmake -E cmake_progress_start /home/microros/microros_ws/firmware/mcu_ws/build/microcdr/CMakeFiles /home/microros/microros_ws/firmware/mcu_ws/build/microcdr/CMakeFiles/progress.marks
[0.111s] /usr/bin/make -f CMakeFiles/Makefile2 all
[0.113s] make[5]: Entering directory '/home/microros/microros_ws/firmware/mcu_ws/build/microcdr'
[0.113s] /usr/bin/make -f CMakeFiles/microcdr.dir/build.make CMakeFiles/microcdr.dir/depend
[0.118s] make[6]: Entering directory '/home/microros/microros_ws/firmware/mcu_ws/build/microcdr'
[0.118s] cd /home/microros/microros_ws/firmware/mcu_ws/build/microcdr && /usr/bin/cmake -E cmake_depends "Unix Makefiles" /home/microros/microros_ws/firmware/mcu_ws/eProsima/Micro-CDR /home/microros/microros_ws/firmware/mcu_ws/eProsima/Micro-CDR /home/microros/microros_ws/firmware/mcu_ws/build/microcdr /home/microros/microros_ws/firmware/mcu_ws/build/microcdr /home/microros/microros_ws/firmware/mcu_ws/build/microcdr/CMakeFiles/microcdr.dir/DependInfo.cmake --color=
[0.128s] make[6]: Leaving directory '/home/microros/microros_ws/firmware/mcu_ws/build/microcdr'
[0.129s] /usr/bin/make -f CMakeFiles/microcdr.dir/build.make CMakeFiles/microcdr.dir/build
[0.131s] make[6]: Entering directory '/home/microros/microros_ws/firmware/mcu_ws/build/microcdr'
[0.131s] make[6]: Nothing to be done for 'CMakeFiles/microcdr.dir/build'.
[0.131s] make[6]: Leaving directory '/home/microros/microros_ws/firmware/mcu_ws/build/microcdr'
[0.143s] [100%] Built target microcdr
[0.143s] make[5]: Leaving directory '/home/microros/microros_ws/firmware/mcu_ws/build/microcdr'
[0.144s] /usr/bin/cmake -E cmake_progress_start /home/microros/microros_ws/firmware/mcu_ws/build/microcdr/CMakeFiles 0
[0.156s] make[4]: Leaving directory '/home/microros/microros_ws/firmware/mcu_ws/build/microcdr'
[0.173s] Invoked command in '/home/microros/microros_ws/firmware/mcu_ws/build/microcdr' returned '0': /usr/bin/cmake --build /home/microros/microros_ws/firmware/mcu_ws/build/microcdr -- -j4 -l4
[0.248s] Invoking command in '/home/microros/microros_ws/firmware/mcu_ws/build/microcdr': /usr/bin/cmake --install /home/microros/microros_ws/firmware/mcu_ws/build/microcdr
[0.267s] -- Install configuration: "RelWithDebInfo"
[0.267s] -- Up-to-date: /home/microros/microros_ws/firmware/mcu_ws/install/microcdr/lib/libmicrocdr.a
[0.267s] -- Up-to-date: /home/microros/microros_ws/firmware/mcu_ws/install/microcdr/include/ucdr
[0.268s] -- Up-to-date: /home/microros/microros_ws/firmware/mcu_ws/install/microcdr/include/ucdr/visibility.h
[0.268s] -- Up-to-date: /home/microros/microros_ws/firmware/mcu_ws/install/microcdr/include/ucdr/microcdr.h
[0.268s] -- Up-to-date: /home/microros/microros_ws/firmware/mcu_ws/install/microcdr/include/ucdr/config.h
[0.268s] -- Up-to-date: /home/microros/microros_ws/firmware/mcu_ws/install/microcdr/share/microcdr/cmake/microcdrTargets.cmake
[0.268s] -- Up-to-date: /home/microros/microros_ws/firmware/mcu_ws/install/microcdr/share/microcdr/cmake/microcdrTargets-relwithdebinfo.cmake
[0.270s] -- Up-to-date: /home/microros/microros_ws/firmware/mcu_ws/install/microcdr/share/microcdr/cmake/microcdrConfig.cmake
[0.270s] -- Up-to-date: /home/microros/microros_ws/firmware/mcu_ws/install/microcdr/share/microcdr/cmake/microcdrConfigVersion.cmake
[0.307s] Invoked command in '/home/microros/microros_ws/firmware/mcu_ws/build/microcdr' returned '0': /usr/bin/cmake --install /home/microros/microros_ws/firmware/mcu_ws/build/microcdr
