-- The C compiler identification is GNU 9.2.1
-- Check for working C compiler: /usr/bin/arm-none-eabi-gcc
-- Check for working C compiler: /usr/bin/arm-none-eabi-gcc -- works
-- Detecting C compiler ABI info
-- Detecting C compiler ABI info - done
-- Detecting C compile features
-- Detecting C compile features - done
-- Found ament_cmake_ros: 0.9.0 (/home/microros/microros_ws/firmware/dev_ws/install/ament_cmake_ros/share/ament_cmake_ros/cmake)
CMake Warning (dev) at /home/microros/microros_ws/firmware/dev_ws/install/ament_cmake_test/share/ament_cmake_test/cmake/ament_cmake_test-extras.cmake:19 (option):
  Policy CMP0077 is not set: option() honors normal variables.  Run "cmake
  --help-policy CMP0077" for policy details.  Use the cmake_policy command to
  set the policy and suppress this warning.

  For compatibility with older versions of CMake, option is clearing the
  normal variable 'BUILD_TESTING'.
Call Stack (most recent call first):
  /home/microros/microros_ws/firmware/dev_ws/install/ament_cmake_test/share/ament_cmake_test/cmake/ament_cmake_testConfig.cmake:41 (include)
  /home/microros/microros_ws/firmware/dev_ws/install/ament_cmake_pytest/share/ament_cmake_pytest/cmake/ament_cmake_pytest-extras.cmake:17 (find_package)
  /home/microros/microros_ws/firmware/dev_ws/install/ament_cmake_pytest/share/ament_cmake_pytest/cmake/ament_cmake_pytestConfig.cmake:41 (include)
  /home/microros/microros_ws/firmware/dev_ws/install/ament_cmake_ros/share/ament_cmake_ros/cmake/ament_cmake_ros-extras.cmake:19 (find_package)
  /home/microros/microros_ws/firmware/dev_ws/install/ament_cmake_ros/share/ament_cmake_ros/cmake/ament_cmake_rosConfig.cmake:41 (include)
  CMakeLists.txt:14 (find_package)
This warning is for project developers.  Use -Wno-dev to suppress it.

-- Found PythonInterp: /usr/bin/python3 (found suitable version "3.8.2", minimum required is "3") 
-- Using PYTHON_EXECUTABLE: /usr/bin/python3
CMake Warning (dev) at /home/microros/microros_ws/firmware/dev_ws/install/ament_cmake_ros/share/ament_cmake_ros/cmake/build_shared_libs.cmake:15 (option):
  Policy CMP0077 is not set: option() honors normal variables.  Run "cmake
  --help-policy CMP0077" for policy details.  Use the cmake_policy command to
  set the policy and suppress this warning.

  For compatibility with older versions of CMake, option is clearing the
  normal variable 'BUILD_SHARED_LIBS'.
Call Stack (most recent call first):
  /home/microros/microros_ws/firmware/dev_ws/install/ament_cmake_ros/share/ament_cmake_ros/cmake/ament_cmake_ros-extras.cmake:24 (include)
  /home/microros/microros_ws/firmware/dev_ws/install/ament_cmake_ros/share/ament_cmake_ros/cmake/ament_cmake_rosConfig.cmake:41 (include)
  CMakeLists.txt:14 (find_package)
This warning is for project developers.  Use -Wno-dev to suppress it.

-- Found rosidl_typesupport_interface: 1.1.0 (/home/microros/microros_ws/firmware/mcu_ws/install/rosidl_typesupport_interface/share/rosidl_typesupport_interface/cmake)
-- Configuring done
-- Generating done
-- Build files have been written to: /home/microros/microros_ws/firmware/mcu_ws/build/rosidl_runtime_c
make[4]: Entering directory '/home/microros/microros_ws/firmware/mcu_ws/build/rosidl_runtime_c'
/usr/bin/cmake -S/home/microros/microros_ws/firmware/mcu_ws/ros2/rosidl/rosidl_runtime_c -B/home/microros/microros_ws/firmware/mcu_ws/build/rosidl_runtime_c --check-build-system CMakeFiles/Makefile.cmake 0
/usr/bin/cmake -E cmake_progress_start /home/microros/microros_ws/firmware/mcu_ws/build/rosidl_runtime_c/CMakeFiles /home/microros/microros_ws/firmware/mcu_ws/build/rosidl_runtime_c/CMakeFiles/progress.marks
/usr/bin/make -f CMakeFiles/Makefile2 all
make[5]: Entering directory '/home/microros/microros_ws/firmware/mcu_ws/build/rosidl_runtime_c'
/usr/bin/make -f CMakeFiles/rosidl_runtime_c.dir/build.make CMakeFiles/rosidl_runtime_c.dir/depend
make[6]: Entering directory '/home/microros/microros_ws/firmware/mcu_ws/build/rosidl_runtime_c'
cd /home/microros/microros_ws/firmware/mcu_ws/build/rosidl_runtime_c && /usr/bin/cmake -E cmake_depends "Unix Makefiles" /home/microros/microros_ws/firmware/mcu_ws/ros2/rosidl/rosidl_runtime_c /home/microros/microros_ws/firmware/mcu_ws/ros2/rosidl/rosidl_runtime_c /home/microros/microros_ws/firmware/mcu_ws/build/rosidl_runtime_c /home/microros/microros_ws/firmware/mcu_ws/build/rosidl_runtime_c /home/microros/microros_ws/firmware/mcu_ws/build/rosidl_runtime_c/CMakeFiles/rosidl_runtime_c.dir/DependInfo.cmake --color=
Dependee "/home/microros/microros_ws/firmware/mcu_ws/build/rosidl_runtime_c/CMakeFiles/rosidl_runtime_c.dir/DependInfo.cmake" is newer than depender "/home/microros/microros_ws/firmware/mcu_ws/build/rosidl_runtime_c/CMakeFiles/rosidl_runtime_c.dir/depend.internal".
Dependee "/home/microros/microros_ws/firmware/mcu_ws/build/rosidl_runtime_c/CMakeFiles/CMakeDirectoryInformation.cmake" is newer than depender "/home/microros/microros_ws/firmware/mcu_ws/build/rosidl_runtime_c/CMakeFiles/rosidl_runtime_c.dir/depend.internal".
[35m[1mScanning dependencies of target rosidl_runtime_c[0m
make[6]: Leaving directory '/home/microros/microros_ws/firmware/mcu_ws/build/rosidl_runtime_c'
/usr/bin/make -f CMakeFiles/rosidl_runtime_c.dir/build.make CMakeFiles/rosidl_runtime_c.dir/build
make[6]: Entering directory '/home/microros/microros_ws/firmware/mcu_ws/build/rosidl_runtime_c'
[ 14%] [32mBuilding C object CMakeFiles/rosidl_runtime_c.dir/src/message_type_support.c.obj[0m
/usr/bin/arm-none-eabi-gcc --sysroot=/home/microros/microros_ws/firmware/NuttX/.. -DROS_PACKAGE_NAME=\"rosidl_runtime_c\" -I/home/microros/microros_ws/firmware/mcu_ws/ros2/rosidl/rosidl_runtime_c/include -isystem /home/microros/microros_ws/firmware/NuttX/include -isystem /home/microros/microros_ws/firmware/NuttX/include/cxx -isystem /home/microros/microros_ws/firmware/NuttX/include/uClibc++ -isystem /home/microros/microros_ws/firmware/mcu_ws/install/rosidl_typesupport_interface/include  -std=c99 -Dunix=1 -mcpu=cortex-m4 -mthumb -mfloat-abi=soft -Os -fno-strict-aliasing -fno-strength-reduce -fomit-frame-pointer -O2 -g -DNDEBUG -fPIC   -std=gnu11 -o CMakeFiles/rosidl_runtime_c.dir/src/message_type_support.c.obj   -c /home/microros/microros_ws/firmware/mcu_ws/ros2/rosidl/rosidl_runtime_c/src/message_type_support.c
[ 28%] [32mBuilding C object CMakeFiles/rosidl_runtime_c.dir/src/primitives_sequence_functions.c.obj[0m
[ 42%] [32mBuilding C object CMakeFiles/rosidl_runtime_c.dir/src/sequence_bound.c.obj[0m
[ 57%] [32mBuilding C object CMakeFiles/rosidl_runtime_c.dir/src/service_type_support.c.obj[0m
/usr/bin/arm-none-eabi-gcc --sysroot=/home/microros/microros_ws/firmware/NuttX/.. -DROS_PACKAGE_NAME=\"rosidl_runtime_c\" -I/home/microros/microros_ws/firmware/mcu_ws/ros2/rosidl/rosidl_runtime_c/include -isystem /home/microros/microros_ws/firmware/NuttX/include -isystem /home/microros/microros_ws/firmware/NuttX/include/cxx -isystem /home/microros/microros_ws/firmware/NuttX/include/uClibc++ -isystem /home/microros/microros_ws/firmware/mcu_ws/install/rosidl_typesupport_interface/include  -std=c99 -Dunix=1 -mcpu=cortex-m4 -mthumb -mfloat-abi=soft -Os -fno-strict-aliasing -fno-strength-reduce -fomit-frame-pointer -O2 -g -DNDEBUG -fPIC   -std=gnu11 -o CMakeFiles/rosidl_runtime_c.dir/src/primitives_sequence_functions.c.obj   -c /home/microros/microros_ws/firmware/mcu_ws/ros2/rosidl/rosidl_runtime_c/src/primitives_sequence_functions.c
/usr/bin/arm-none-eabi-gcc --sysroot=/home/microros/microros_ws/firmware/NuttX/.. -DROS_PACKAGE_NAME=\"rosidl_runtime_c\" -I/home/microros/microros_ws/firmware/mcu_ws/ros2/rosidl/rosidl_runtime_c/include -isystem /home/microros/microros_ws/firmware/NuttX/include -isystem /home/microros/microros_ws/firmware/NuttX/include/cxx -isystem /home/microros/microros_ws/firmware/NuttX/include/uClibc++ -isystem /home/microros/microros_ws/firmware/mcu_ws/install/rosidl_typesupport_interface/include  -std=c99 -Dunix=1 -mcpu=cortex-m4 -mthumb -mfloat-abi=soft -Os -fno-strict-aliasing -fno-strength-reduce -fomit-frame-pointer -O2 -g -DNDEBUG -fPIC   -std=gnu11 -o CMakeFiles/rosidl_runtime_c.dir/src/sequence_bound.c.obj   -c /home/microros/microros_ws/firmware/mcu_ws/ros2/rosidl/rosidl_runtime_c/src/sequence_bound.c
/usr/bin/arm-none-eabi-gcc --sysroot=/home/microros/microros_ws/firmware/NuttX/.. -DROS_PACKAGE_NAME=\"rosidl_runtime_c\" -I/home/microros/microros_ws/firmware/mcu_ws/ros2/rosidl/rosidl_runtime_c/include -isystem /home/microros/microros_ws/firmware/NuttX/include -isystem /home/microros/microros_ws/firmware/NuttX/include/cxx -isystem /home/microros/microros_ws/firmware/NuttX/include/uClibc++ -isystem /home/microros/microros_ws/firmware/mcu_ws/install/rosidl_typesupport_interface/include  -std=c99 -Dunix=1 -mcpu=cortex-m4 -mthumb -mfloat-abi=soft -Os -fno-strict-aliasing -fno-strength-reduce -fomit-frame-pointer -O2 -g -DNDEBUG -fPIC   -std=gnu11 -o CMakeFiles/rosidl_runtime_c.dir/src/service_type_support.c.obj   -c /home/microros/microros_ws/firmware/mcu_ws/ros2/rosidl/rosidl_runtime_c/src/service_type_support.c
[ 71%] [32mBuilding C object CMakeFiles/rosidl_runtime_c.dir/src/u16string_functions.c.obj[0m
/usr/bin/arm-none-eabi-gcc --sysroot=/home/microros/microros_ws/firmware/NuttX/.. -DROS_PACKAGE_NAME=\"rosidl_runtime_c\" -I/home/microros/microros_ws/firmware/mcu_ws/ros2/rosidl/rosidl_runtime_c/include -isystem /home/microros/microros_ws/firmware/NuttX/include -isystem /home/microros/microros_ws/firmware/NuttX/include/cxx -isystem /home/microros/microros_ws/firmware/NuttX/include/uClibc++ -isystem /home/microros/microros_ws/firmware/mcu_ws/install/rosidl_typesupport_interface/include  -std=c99 -Dunix=1 -mcpu=cortex-m4 -mthumb -mfloat-abi=soft -Os -fno-strict-aliasing -fno-strength-reduce -fomit-frame-pointer -O2 -g -DNDEBUG -fPIC   -std=gnu11 -o CMakeFiles/rosidl_runtime_c.dir/src/u16string_functions.c.obj   -c /home/microros/microros_ws/firmware/mcu_ws/ros2/rosidl/rosidl_runtime_c/src/u16string_functions.c
[ 85%] [32mBuilding C object CMakeFiles/rosidl_runtime_c.dir/src/string_functions.c.obj[0m
/usr/bin/arm-none-eabi-gcc --sysroot=/home/microros/microros_ws/firmware/NuttX/.. -DROS_PACKAGE_NAME=\"rosidl_runtime_c\" -I/home/microros/microros_ws/firmware/mcu_ws/ros2/rosidl/rosidl_runtime_c/include -isystem /home/microros/microros_ws/firmware/NuttX/include -isystem /home/microros/microros_ws/firmware/NuttX/include/cxx -isystem /home/microros/microros_ws/firmware/NuttX/include/uClibc++ -isystem /home/microros/microros_ws/firmware/mcu_ws/install/rosidl_typesupport_interface/include  -std=c99 -Dunix=1 -mcpu=cortex-m4 -mthumb -mfloat-abi=soft -Os -fno-strict-aliasing -fno-strength-reduce -fomit-frame-pointer -O2 -g -DNDEBUG -fPIC   -std=gnu11 -o CMakeFiles/rosidl_runtime_c.dir/src/string_functions.c.obj   -c /home/microros/microros_ws/firmware/mcu_ws/ros2/rosidl/rosidl_runtime_c/src/string_functions.c
[100%] [32m[1mLinking C static library librosidl_runtime_c.a[0m
/usr/bin/cmake -P CMakeFiles/rosidl_runtime_c.dir/cmake_clean_target.cmake
/usr/bin/cmake -E cmake_link_script CMakeFiles/rosidl_runtime_c.dir/link.txt --verbose=1
/usr/bin/arm-none-eabi-ar qc librosidl_runtime_c.a  CMakeFiles/rosidl_runtime_c.dir/src/message_type_support.c.obj CMakeFiles/rosidl_runtime_c.dir/src/primitives_sequence_functions.c.obj CMakeFiles/rosidl_runtime_c.dir/src/sequence_bound.c.obj CMakeFiles/rosidl_runtime_c.dir/src/service_type_support.c.obj CMakeFiles/rosidl_runtime_c.dir/src/string_functions.c.obj CMakeFiles/rosidl_runtime_c.dir/src/u16string_functions.c.obj
/usr/bin/arm-none-eabi-ranlib librosidl_runtime_c.a
make[6]: Leaving directory '/home/microros/microros_ws/firmware/mcu_ws/build/rosidl_runtime_c'
[100%] Built target rosidl_runtime_c
make[5]: Leaving directory '/home/microros/microros_ws/firmware/mcu_ws/build/rosidl_runtime_c'
/usr/bin/cmake -E cmake_progress_start /home/microros/microros_ws/firmware/mcu_ws/build/rosidl_runtime_c/CMakeFiles 0
make[4]: Leaving directory '/home/microros/microros_ws/firmware/mcu_ws/build/rosidl_runtime_c'
-- Install configuration: "RelWithDebInfo"
-- Installing: /home/microros/microros_ws/firmware/mcu_ws/install/rosidl_runtime_c/share/rosidl_runtime_c/environment/library_path.sh
-- Installing: /home/microros/microros_ws/firmware/mcu_ws/install/rosidl_runtime_c/share/rosidl_runtime_c/environment/library_path.dsv
-- Installing: /home/microros/microros_ws/firmware/mcu_ws/install/rosidl_runtime_c/share/ament_index/resource_index/rosidl_runtime_packages/rosidl_runtime_c
-- Installing: /home/microros/microros_ws/firmware/mcu_ws/install/rosidl_runtime_c/include
-- Installing: /home/microros/microros_ws/firmware/mcu_ws/install/rosidl_runtime_c/include/rosidl_runtime_c
-- Installing: /home/microros/microros_ws/firmware/mcu_ws/install/rosidl_runtime_c/include/rosidl_runtime_c/string_functions.h
-- Installing: /home/microros/microros_ws/firmware/mcu_ws/install/rosidl_runtime_c/include/rosidl_runtime_c/primitives_sequence.h
-- Installing: /home/microros/microros_ws/firmware/mcu_ws/install/rosidl_runtime_c/include/rosidl_runtime_c/string.h
-- Installing: /home/microros/microros_ws/firmware/mcu_ws/install/rosidl_runtime_c/include/rosidl_runtime_c/message_type_support_struct.h
-- Installing: /home/microros/microros_ws/firmware/mcu_ws/install/rosidl_runtime_c/include/rosidl_runtime_c/string_bound.h
-- Installing: /home/microros/microros_ws/firmware/mcu_ws/install/rosidl_runtime_c/include/rosidl_runtime_c/service_type_support_struct.h
-- Installing: /home/microros/microros_ws/firmware/mcu_ws/install/rosidl_runtime_c/include/rosidl_runtime_c/visibility_control.h
-- Installing: /home/microros/microros_ws/firmware/mcu_ws/install/rosidl_runtime_c/include/rosidl_runtime_c/u16string.h
-- Installing: /home/microros/microros_ws/firmware/mcu_ws/install/rosidl_runtime_c/include/rosidl_runtime_c/primitives_sequence_functions.h
-- Installing: /home/microros/microros_ws/firmware/mcu_ws/install/rosidl_runtime_c/include/rosidl_runtime_c/sequence_bound.h
-- Installing: /home/microros/microros_ws/firmware/mcu_ws/install/rosidl_runtime_c/include/rosidl_runtime_c/u16string_functions.h
-- Installing: /home/microros/microros_ws/firmware/mcu_ws/install/rosidl_runtime_c/include/rosidl_runtime_c/action_type_support_struct.h
-- Installing: /home/microros/microros_ws/firmware/mcu_ws/install/rosidl_runtime_c/include/rosidl_runtime_c/message_initialization.h
-- Installing: /home/microros/microros_ws/firmware/mcu_ws/install/rosidl_runtime_c/lib/librosidl_runtime_c.a
-- Installing: /home/microros/microros_ws/firmware/mcu_ws/install/rosidl_runtime_c/share/ament_index/resource_index/package_run_dependencies/rosidl_runtime_c
-- Installing: /home/microros/microros_ws/firmware/mcu_ws/install/rosidl_runtime_c/share/ament_index/resource_index/parent_prefix_path/rosidl_runtime_c
-- Installing: /home/microros/microros_ws/firmware/mcu_ws/install/rosidl_runtime_c/share/rosidl_runtime_c/environment/ament_prefix_path.sh
-- Installing: /home/microros/microros_ws/firmware/mcu_ws/install/rosidl_runtime_c/share/rosidl_runtime_c/environment/ament_prefix_path.dsv
-- Installing: /home/microros/microros_ws/firmware/mcu_ws/install/rosidl_runtime_c/share/rosidl_runtime_c/environment/path.sh
-- Installing: /home/microros/microros_ws/firmware/mcu_ws/install/rosidl_runtime_c/share/rosidl_runtime_c/environment/path.dsv
-- Installing: /home/microros/microros_ws/firmware/mcu_ws/install/rosidl_runtime_c/share/rosidl_runtime_c/local_setup.bash
-- Installing: /home/microros/microros_ws/firmware/mcu_ws/install/rosidl_runtime_c/share/rosidl_runtime_c/local_setup.sh
-- Installing: /home/microros/microros_ws/firmware/mcu_ws/install/rosidl_runtime_c/share/rosidl_runtime_c/local_setup.zsh
-- Installing: /home/microros/microros_ws/firmware/mcu_ws/install/rosidl_runtime_c/share/rosidl_runtime_c/local_setup.dsv
-- Installing: /home/microros/microros_ws/firmware/mcu_ws/install/rosidl_runtime_c/share/rosidl_runtime_c/package.dsv
-- Installing: /home/microros/microros_ws/firmware/mcu_ws/install/rosidl_runtime_c/share/ament_index/resource_index/packages/rosidl_runtime_c
-- Installing: /home/microros/microros_ws/firmware/mcu_ws/install/rosidl_runtime_c/share/rosidl_runtime_c/cmake/rosidl_runtime_cExport.cmake
-- Installing: /home/microros/microros_ws/firmware/mcu_ws/install/rosidl_runtime_c/share/rosidl_runtime_c/cmake/rosidl_runtime_cExport-relwithdebinfo.cmake
-- Installing: /home/microros/microros_ws/firmware/mcu_ws/install/rosidl_runtime_c/share/rosidl_runtime_c/cmake/ament_cmake_export_dependencies-extras.cmake
-- Installing: /home/microros/microros_ws/firmware/mcu_ws/install/rosidl_runtime_c/share/rosidl_runtime_c/cmake/ament_cmake_export_include_directories-extras.cmake
-- Installing: /home/microros/microros_ws/firmware/mcu_ws/install/rosidl_runtime_c/share/rosidl_runtime_c/cmake/ament_cmake_export_libraries-extras.cmake
-- Installing: /home/microros/microros_ws/firmware/mcu_ws/install/rosidl_runtime_c/share/rosidl_runtime_c/cmake/ament_cmake_export_targets-extras.cmake
-- Installing: /home/microros/microros_ws/firmware/mcu_ws/install/rosidl_runtime_c/share/rosidl_runtime_c/cmake/rosidl_runtime_cConfig.cmake
-- Installing: /home/microros/microros_ws/firmware/mcu_ws/install/rosidl_runtime_c/share/rosidl_runtime_c/cmake/rosidl_runtime_cConfig-version.cmake
-- Installing: /home/microros/microros_ws/firmware/mcu_ws/install/rosidl_runtime_c/share/rosidl_runtime_c/package.xml
