CMake Warning at /home/microros/microros_ws/firmware/mcu_ws/install/rcutils/share/rcutils/cmake/ament_cmake_export_libraries-extras.cmake:116 (message):
  Package 'rcutils' exports library 'dl' which couldn't be found
Call Stack (most recent call first):
  /home/microros/microros_ws/firmware/mcu_ws/install/rcutils/share/rcutils/cmake/rcutilsConfig.cmake:41 (include)
  /home/microros/microros_ws/firmware/mcu_ws/install/rmw/share/rmw/cmake/ament_cmake_export_dependencies-extras.cmake:21 (find_package)
  /home/microros/microros_ws/firmware/mcu_ws/install/rmw/share/rmw/cmake/rmwConfig.cmake:41 (include)
  /home/microros/microros_ws/firmware/mcu_ws/install/rosidl_typesupport_microxrcedds_c/share/rosidl_typesupport_microxrcedds_c/cmake/ament_cmake_export_dependencies-extras.cmake:21 (find_package)
  /home/microros/microros_ws/firmware/mcu_ws/install/rosidl_typesupport_microxrcedds_c/share/rosidl_typesupport_microxrcedds_c/cmake/rosidl_typesupport_microxrcedds_cConfig.cmake:41 (include)
  /home/microros/microros_ws/firmware/mcu_ws/install/rosidl_typesupport_c/share/rosidl_typesupport_c/cmake/rosidl_typesupport_c-extras.cmake:13 (find_package)
  /home/microros/microros_ws/firmware/mcu_ws/install/rosidl_typesupport_c/share/rosidl_typesupport_c/cmake/rosidl_typesupport_cConfig.cmake:41 (include)
  /home/microros/microros_ws/firmware/mcu_ws/install/rosidl_default_runtime/share/rosidl_default_runtime/cmake/rosidl_default_runtime-extras.cmake:12 (find_package)
  /home/microros/microros_ws/firmware/mcu_ws/install/rosidl_default_runtime/share/rosidl_default_runtime/cmake/rosidl_default_runtimeConfig.cmake:41 (include)
  /home/microros/microros_ws/firmware/mcu_ws/install/lifecycle_msgs/share/lifecycle_msgs/cmake/ament_cmake_export_dependencies-extras.cmake:21 (find_package)
  /home/microros/microros_ws/firmware/mcu_ws/install/lifecycle_msgs/share/lifecycle_msgs/cmake/lifecycle_msgsConfig.cmake:41 (include)
  CMakeLists.txt:15 (find_package)


In file included from [01m[K/home/microros/microros_ws/firmware/mcu_ws/install/rclc/include/rclc/node.h:25[m[K,
                 from [01m[K/home/microros/microros_ws/firmware/mcu_ws/uros/rclc/rclc_lifecycle/include/rclc_lifecycle/rclc_lifecycle.h:26[m[K,
                 from [01m[K/home/microros/microros_ws/firmware/mcu_ws/uros/rclc/rclc_lifecycle/src/rclc_lifecycle/rclc_lifecycle.c:17[m[K:
[01m[K/home/microros/microros_ws/firmware/mcu_ws/install/rclc/include/rclc/types.h:52:[m[K [01;35m[Kwarning: [m[K"UNUSED" redefined
   52 | #define UNUSED(x) (void)x
      | 
In file included from [01m[K/home/microros/microros_ws/firmware/NuttX/include/stdbool.h:69[m[K,
                 from [01m[K/home/microros/microros_ws/firmware/mcu_ws/install/rcutils/include/rcutils/logging.h:19[m[K,
                 from [01m[K/home/microros/microros_ws/firmware/mcu_ws/install/rcutils/include/rcutils/logging_macros.h:22[m[K,
                 from [01m[K/home/microros/microros_ws/firmware/mcu_ws/uros/rclc/rclc_lifecycle/include/rclc_lifecycle/rclc_lifecycle.h:22[m[K,
                 from [01m[K/home/microros/microros_ws/firmware/mcu_ws/uros/rclc/rclc_lifecycle/src/rclc_lifecycle/rclc_lifecycle.c:17[m[K:
[01m[K/home/microros/microros_ws/firmware/NuttX/include/nuttx/compiler.h:307:[m[K [01;36m[Knote: [m[Kthis is the location of the previous definition
  307 | #  define UNUSED(a) ((void)(a))
      | 
