make[4]: Entering directory '/home/microros/microros_ws/firmware/mcu_ws/build/tracetools'
/usr/bin/cmake -S/home/microros/microros_ws/firmware/mcu_ws/uros/tracetools/tracetools -B/home/microros/microros_ws/firmware/mcu_ws/build/tracetools --check-build-system CMakeFiles/Makefile.cmake 0
Re-run cmake file: Makefile older than: /home/microros/microros_ws/firmware/apps/uros/arm_toolchain.cmake
-- Found ament_cmake_ros: 0.9.0 (/home/microros/microros_ws/firmware/dev_ws/install/ament_cmake_ros/share/ament_cmake_ros/cmake)
-- Using PYTHON_EXECUTABLE: /usr/bin/python3
-- Configuring done
-- Generating done
-- Build files have been written to: /home/microros/microros_ws/firmware/mcu_ws/build/tracetools
/usr/bin/cmake -E cmake_progress_start /home/microros/microros_ws/firmware/mcu_ws/build/tracetools/CMakeFiles /home/microros/microros_ws/firmware/mcu_ws/build/tracetools/CMakeFiles/progress.marks
/usr/bin/make -f CMakeFiles/Makefile2 all
make[5]: Entering directory '/home/microros/microros_ws/firmware/mcu_ws/build/tracetools'
/usr/bin/make -f CMakeFiles/tracetools.dir/build.make CMakeFiles/tracetools.dir/depend
make[6]: Entering directory '/home/microros/microros_ws/firmware/mcu_ws/build/tracetools'
cd /home/microros/microros_ws/firmware/mcu_ws/build/tracetools && /usr/bin/cmake -E cmake_depends "Unix Makefiles" /home/microros/microros_ws/firmware/mcu_ws/uros/tracetools/tracetools /home/microros/microros_ws/firmware/mcu_ws/uros/tracetools/tracetools /home/microros/microros_ws/firmware/mcu_ws/build/tracetools /home/microros/microros_ws/firmware/mcu_ws/build/tracetools /home/microros/microros_ws/firmware/mcu_ws/build/tracetools/CMakeFiles/tracetools.dir/DependInfo.cmake --color=
Dependee "/home/microros/microros_ws/firmware/NuttX/include/nuttx/config.h" is newer than depender "CMakeFiles/tracetools.dir/src/tracetools.c.obj".
Dependee "/home/microros/microros_ws/firmware/NuttX/include/nuttx/config.h" is newer than depender "CMakeFiles/tracetools.dir/src/utils.cpp.obj".
Clearing dependencies in "/home/microros/microros_ws/firmware/mcu_ws/build/tracetools/CMakeFiles/tracetools.dir/depend.make".
[35m[1mScanning dependencies of target tracetools[0m
make[6]: Leaving directory '/home/microros/microros_ws/firmware/mcu_ws/build/tracetools'
/usr/bin/make -f CMakeFiles/tracetools.dir/build.make CMakeFiles/tracetools.dir/build
make[6]: Entering directory '/home/microros/microros_ws/firmware/mcu_ws/build/tracetools'
[ 33%] [32mBuilding C object CMakeFiles/tracetools.dir/src/tracetools.c.obj[0m
/usr/bin/arm-none-eabi-gcc --sysroot=/home/microros/microros_ws/firmware/NuttX/.. -DROS_PACKAGE_NAME=\"tracetools\" -Dtracetools_VERSION=\"1.0.2\" -I/home/microros/microros_ws/firmware/mcu_ws/build/tracetools/include -isystem /home/microros/microros_ws/firmware/NuttX/include -isystem /home/microros/microros_ws/firmware/NuttX/include/cxx -isystem /home/microros/microros_ws/firmware/NuttX/include/uClibc++  -std=c99 -Dunix=1 -mcpu=cortex-m4 -mthumb -mfloat-abi=soft -Os -fno-strict-aliasing -fno-strength-reduce -fomit-frame-pointer -O2 -g -DNDEBUG -fPIC   -Wall -Wextra -Wpedantic -o CMakeFiles/tracetools.dir/src/tracetools.c.obj   -c /home/microros/microros_ws/firmware/mcu_ws/uros/tracetools/tracetools/src/tracetools.c
[ 66%] [32mBuilding CXX object CMakeFiles/tracetools.dir/src/utils.cpp.obj[0m
/usr/bin/arm-none-eabi-g++ --sysroot=/home/microros/microros_ws/firmware/NuttX/..  -DROS_PACKAGE_NAME=\"tracetools\" -Dtracetools_VERSION=\"1.0.2\" -I/home/microros/microros_ws/firmware/mcu_ws/build/tracetools/include -isystem /home/microros/microros_ws/firmware/NuttX/include -isystem /home/microros/microros_ws/firmware/NuttX/include/cxx -isystem /home/microros/microros_ws/firmware/NuttX/include/uClibc++  -std=c++14 -Dunix=1 -mcpu=cortex-m4 -mthumb -mfloat-abi=soft -Os -fno-strict-aliasing -fno-strength-reduce -fomit-frame-pointer -O2 -g -DNDEBUG -fPIC   -Wall -Wextra -Wpedantic -std=gnu++14 -o CMakeFiles/tracetools.dir/src/utils.cpp.obj -c /home/microros/microros_ws/firmware/mcu_ws/uros/tracetools/tracetools/src/utils.cpp
[100%] [32m[1mLinking CXX static library libtracetools.a[0m
/usr/bin/cmake -P CMakeFiles/tracetools.dir/cmake_clean_target.cmake
/usr/bin/cmake -E cmake_link_script CMakeFiles/tracetools.dir/link.txt --verbose=1
/usr/bin/arm-none-eabi-ar qc libtracetools.a  CMakeFiles/tracetools.dir/src/tracetools.c.obj CMakeFiles/tracetools.dir/src/utils.cpp.obj
/usr/bin/arm-none-eabi-ranlib libtracetools.a
make[6]: Leaving directory '/home/microros/microros_ws/firmware/mcu_ws/build/tracetools'
[100%] Built target tracetools
make[5]: Leaving directory '/home/microros/microros_ws/firmware/mcu_ws/build/tracetools'
/usr/bin/cmake -E cmake_progress_start /home/microros/microros_ws/firmware/mcu_ws/build/tracetools/CMakeFiles 0
make[4]: Leaving directory '/home/microros/microros_ws/firmware/mcu_ws/build/tracetools'
-- Install configuration: "RelWithDebInfo"
-- Up-to-date: /home/microros/microros_ws/firmware/mcu_ws/install/tracetools/include
-- Up-to-date: /home/microros/microros_ws/firmware/mcu_ws/install/tracetools/include/tracetools
-- Up-to-date: /home/microros/microros_ws/firmware/mcu_ws/install/tracetools/include/tracetools/tracetools.h
-- Up-to-date: /home/microros/microros_ws/firmware/mcu_ws/install/tracetools/include/tracetools/utils.hpp
-- Up-to-date: /home/microros/microros_ws/firmware/mcu_ws/install/tracetools/include/tracetools/config.h
-- Up-to-date: /home/microros/microros_ws/firmware/mcu_ws/install/tracetools/include/tracetools/visibility_control.hpp
-- Installing: /home/microros/microros_ws/firmware/mcu_ws/install/tracetools/lib/libtracetools.a
-- Up-to-date: /home/microros/microros_ws/firmware/mcu_ws/install/tracetools/share/ament_index/resource_index/package_run_dependencies/tracetools
-- Up-to-date: /home/microros/microros_ws/firmware/mcu_ws/install/tracetools/share/ament_index/resource_index/parent_prefix_path/tracetools
-- Up-to-date: /home/microros/microros_ws/firmware/mcu_ws/install/tracetools/share/tracetools/environment/ament_prefix_path.sh
-- Installing: /home/microros/microros_ws/firmware/mcu_ws/install/tracetools/share/tracetools/environment/ament_prefix_path.dsv
-- Up-to-date: /home/microros/microros_ws/firmware/mcu_ws/install/tracetools/share/tracetools/environment/path.sh
-- Installing: /home/microros/microros_ws/firmware/mcu_ws/install/tracetools/share/tracetools/environment/path.dsv
-- Up-to-date: /home/microros/microros_ws/firmware/mcu_ws/install/tracetools/share/tracetools/local_setup.bash
-- Up-to-date: /home/microros/microros_ws/firmware/mcu_ws/install/tracetools/share/tracetools/local_setup.sh
-- Up-to-date: /home/microros/microros_ws/firmware/mcu_ws/install/tracetools/share/tracetools/local_setup.zsh
-- Installing: /home/microros/microros_ws/firmware/mcu_ws/install/tracetools/share/tracetools/local_setup.dsv
-- Installing: /home/microros/microros_ws/firmware/mcu_ws/install/tracetools/share/tracetools/package.dsv
-- Up-to-date: /home/microros/microros_ws/firmware/mcu_ws/install/tracetools/share/ament_index/resource_index/packages/tracetools
-- Up-to-date: /home/microros/microros_ws/firmware/mcu_ws/install/tracetools/share/tracetools/cmake/ament_cmake_export_include_directories-extras.cmake
-- Up-to-date: /home/microros/microros_ws/firmware/mcu_ws/install/tracetools/share/tracetools/cmake/tracetoolsConfig.cmake
-- Up-to-date: /home/microros/microros_ws/firmware/mcu_ws/install/tracetools/share/tracetools/cmake/tracetoolsConfig-version.cmake
-- Up-to-date: /home/microros/microros_ws/firmware/mcu_ws/install/tracetools/share/tracetools/package.xml
