[3.706s] DEBUG:colcon:Command line arguments: ['/usr/bin/colcon', 'build']
[3.707s] DEBUG:colcon:Parsed command line arguments: Namespace(ament_cmake_args=None, base_paths=['.'], build_base='build', catkin_cmake_args=None, catkin_skip_building_tests=False, cmake_args=None, cmake_clean_cache=False, cmake_clean_first=False, cmake_force_configure=False, cmake_target=None, cmake_target_skip_unavailable=False, continue_on_error=False, event_handlers=None, executor='parallel', ignore_user_meta=False, install_base='install', log_base=None, log_level=None, main=<bound method BuildVerb.main of <colcon_core.verb.build.BuildVerb object at 0x7f6776743eb0>>, merge_install=False, metas=['./colcon.meta'], packages_above=None, packages_above_and_dependencies=None, packages_above_depth=None, packages_end=None, packages_ignore=None, packages_ignore_regex=None, packages_select=None, packages_select_build_failed=False, packages_select_by_dep=None, packages_select_regex=None, packages_select_test_failures=False, packages_skip=None, packages_skip_build_finished=False, packages_skip_by_dep=None, packages_skip_regex=None, packages_skip_test_passed=False, packages_skip_up_to=None, packages_start=None, packages_up_to=None, packages_up_to_regex=None, parallel_workers=4, paths=None, symlink_install=False, test_result_base=None, verb_extension=<colcon_core.verb.build.BuildVerb object at 0x7f6776743eb0>, verb_name='build', verb_parser=<colcon_defaults.argument_parser.defaults.DefaultArgumentsDecorator object at 0x7f677674d460>)
[3.879s] Level 1:colcon.colcon_core.package_discovery:discover_packages(colcon_meta) check parameters
[3.879s] Level 1:colcon.colcon_core.package_discovery:discover_packages(recursive) check parameters
[3.880s] Level 1:colcon.colcon_core.package_discovery:discover_packages(ignore) check parameters
[3.880s] Level 1:colcon.colcon_core.package_discovery:discover_packages(path) check parameters
[3.880s] Level 1:colcon.colcon_core.package_discovery:discover_packages(colcon_meta) discover
[3.880s] Level 1:colcon.colcon_core.package_discovery:discover_packages(recursive) discover
[3.880s] INFO:colcon.colcon_core.package_discovery:Crawling recursively for packages in '/home/microros/microros_ws'
[3.880s] Level 1:colcon.colcon_core.package_identification:_identify(.) by extensions ['ignore', 'ignore_ament_install']
[3.880s] Level 1:colcon.colcon_core.package_identification:_identify(.) by extension 'ignore'
[3.880s] Level 1:colcon.colcon_core.package_identification:_identify(.) by extension 'ignore_ament_install'
[3.880s] Level 1:colcon.colcon_core.package_identification:_identify(.) by extensions ['colcon_pkg']
[3.880s] Level 1:colcon.colcon_core.package_identification:_identify(.) by extension 'colcon_pkg'
[3.880s] Level 1:colcon.colcon_core.package_identification:_identify(.) by extensions ['colcon_meta']
[3.880s] Level 1:colcon.colcon_core.package_identification:_identify(.) by extension 'colcon_meta'
[3.880s] Level 1:colcon.colcon_core.package_identification:_identify(.) by extensions ['ros']
[3.880s] Level 1:colcon.colcon_core.package_identification:_identify(.) by extension 'ros'
[3.893s] Level 1:colcon.colcon_core.package_identification:_identify(.) by extensions ['cmake', 'python']
[3.893s] Level 1:colcon.colcon_core.package_identification:_identify(.) by extension 'cmake'
[3.893s] Level 1:colcon.colcon_core.package_identification:_identify(.) by extension 'python'
[3.893s] Level 1:colcon.colcon_core.package_identification:_identify(.) by extensions ['python_setup_py']
[3.893s] Level 1:colcon.colcon_core.package_identification:_identify(.) by extension 'python_setup_py'
[3.893s] Level 1:colcon.colcon_core.package_identification:_identify(build) by extensions ['ignore', 'ignore_ament_install']
[3.893s] Level 1:colcon.colcon_core.package_identification:_identify(build) by extension 'ignore'
[3.893s] Level 1:colcon.colcon_core.package_identification:_identify(build) ignored
[3.893s] Level 1:colcon.colcon_core.package_identification:_identify(install) by extensions ['ignore', 'ignore_ament_install']
[3.894s] Level 1:colcon.colcon_core.package_identification:_identify(install) by extension 'ignore'
[3.894s] Level 1:colcon.colcon_core.package_identification:_identify(install) ignored
[3.894s] Level 1:colcon.colcon_core.package_identification:_identify(log) by extensions ['ignore', 'ignore_ament_install']
[3.894s] Level 1:colcon.colcon_core.package_identification:_identify(log) by extension 'ignore'
[3.894s] Level 1:colcon.colcon_core.package_identification:_identify(log) ignored
[3.894s] Level 1:colcon.colcon_core.package_identification:_identify(src) by extensions ['ignore', 'ignore_ament_install']
[3.894s] Level 1:colcon.colcon_core.package_identification:_identify(src) by extension 'ignore'
[3.894s] Level 1:colcon.colcon_core.package_identification:_identify(src) by extension 'ignore_ament_install'
[3.894s] Level 1:colcon.colcon_core.package_identification:_identify(src) by extensions ['colcon_pkg']
[3.894s] Level 1:colcon.colcon_core.package_identification:_identify(src) by extension 'colcon_pkg'
[3.894s] Level 1:colcon.colcon_core.package_identification:_identify(src) by extensions ['colcon_meta']
[3.894s] Level 1:colcon.colcon_core.package_identification:_identify(src) by extension 'colcon_meta'
[3.894s] Level 1:colcon.colcon_core.package_identification:_identify(src) by extensions ['ros']
[3.894s] Level 1:colcon.colcon_core.package_identification:_identify(src) by extension 'ros'
[3.894s] Level 1:colcon.colcon_core.package_identification:_identify(src) by extensions ['cmake', 'python']
[3.894s] Level 1:colcon.colcon_core.package_identification:_identify(src) by extension 'cmake'
[3.894s] Level 1:colcon.colcon_core.package_identification:_identify(src) by extension 'python'
[3.894s] Level 1:colcon.colcon_core.package_identification:_identify(src) by extensions ['python_setup_py']
[3.894s] Level 1:colcon.colcon_core.package_identification:_identify(src) by extension 'python_setup_py'
[3.895s] Level 1:colcon.colcon_core.package_identification:_identify(src/micro-ros-build) by extensions ['ignore', 'ignore_ament_install']
[3.895s] Level 1:colcon.colcon_core.package_identification:_identify(src/micro-ros-build) by extension 'ignore'
[3.895s] Level 1:colcon.colcon_core.package_identification:_identify(src/micro-ros-build) by extension 'ignore_ament_install'
[3.895s] Level 1:colcon.colcon_core.package_identification:_identify(src/micro-ros-build) by extensions ['colcon_pkg']
[3.895s] Level 1:colcon.colcon_core.package_identification:_identify(src/micro-ros-build) by extension 'colcon_pkg'
[3.895s] Level 1:colcon.colcon_core.package_identification:_identify(src/micro-ros-build) by extensions ['colcon_meta']
[3.895s] Level 1:colcon.colcon_core.package_identification:_identify(src/micro-ros-build) by extension 'colcon_meta'
[3.895s] Level 1:colcon.colcon_core.package_identification:_identify(src/micro-ros-build) by extensions ['ros']
[3.895s] Level 1:colcon.colcon_core.package_identification:_identify(src/micro-ros-build) by extension 'ros'
[3.897s] DEBUG:colcon.colcon_core.package_identification:Package 'src/micro-ros-build' with type 'ros.ament_cmake' and name 'micro_ros_setup'
[3.898s] Level 1:colcon.colcon_core.package_discovery:discover_packages(recursive) using defaults
[3.898s] Level 1:colcon.colcon_core.package_discovery:discover_packages(ignore) discover
[3.898s] Level 1:colcon.colcon_core.package_discovery:discover_packages(ignore) using defaults
[3.898s] Level 1:colcon.colcon_core.package_discovery:discover_packages(path) discover
[3.898s] Level 1:colcon.colcon_core.package_discovery:discover_packages(path) using defaults
[3.903s] Level 5:colcon.colcon_core.verb:set package 'micro_ros_setup' build argument 'cmake_args' from command line to 'None'
[3.903s] Level 5:colcon.colcon_core.verb:set package 'micro_ros_setup' build argument 'cmake_target' from command line to 'None'
[3.904s] Level 5:colcon.colcon_core.verb:set package 'micro_ros_setup' build argument 'cmake_target_skip_unavailable' from command line to 'False'
[3.904s] Level 5:colcon.colcon_core.verb:set package 'micro_ros_setup' build argument 'cmake_clean_cache' from command line to 'False'
[3.904s] Level 5:colcon.colcon_core.verb:set package 'micro_ros_setup' build argument 'cmake_clean_first' from command line to 'False'
[3.904s] Level 5:colcon.colcon_core.verb:set package 'micro_ros_setup' build argument 'cmake_force_configure' from command line to 'False'
[3.904s] Level 5:colcon.colcon_core.verb:set package 'micro_ros_setup' build argument 'ament_cmake_args' from command line to 'None'
[3.904s] Level 5:colcon.colcon_core.verb:set package 'micro_ros_setup' build argument 'catkin_cmake_args' from command line to 'None'
[3.904s] Level 5:colcon.colcon_core.verb:set package 'micro_ros_setup' build argument 'catkin_skip_building_tests' from command line to 'False'
[3.904s] DEBUG:colcon.colcon_core.verb:Building package 'micro_ros_setup' with the following arguments: {'ament_cmake_args': None, 'build_base': '/home/microros/microros_ws/build/micro_ros_setup', 'catkin_cmake_args': None, 'catkin_skip_building_tests': False, 'cmake_args': None, 'cmake_clean_cache': False, 'cmake_clean_first': False, 'cmake_force_configure': False, 'cmake_target': None, 'cmake_target_skip_unavailable': False, 'install_base': '/home/microros/microros_ws/install/micro_ros_setup', 'merge_install': False, 'path': '/home/microros/microros_ws/src/micro-ros-build', 'symlink_install': False, 'test_result_base': None}
[3.904s] INFO:colcon.colcon_core.executor:Executing jobs using 'parallel' executor
[3.906s] DEBUG:colcon.colcon_parallel_executor.executor.parallel:run_until_complete
[3.906s] INFO:colcon.colcon_ros.task.ament_cmake.build:Building ROS package in '/home/microros/microros_ws/src/micro-ros-build' with build type 'ament_cmake'
[3.915s] INFO:colcon.colcon_core.plugin_system:Skipping extension 'colcon_core.shell.bat': Not used on non-Windows systems
[3.915s] INFO:colcon.colcon_cmake.task.cmake.build:Building CMake package in '/home/microros/microros_ws/src/micro-ros-build'
[3.915s] INFO:colcon.colcon_core.shell:Skip shell extension 'powershell' for command environment: Not usable outside of PowerShell
[3.915s] DEBUG:colcon.colcon_core.shell:Skip shell extension 'dsv' for command environment
[3.919s] DEBUG:colcon.colcon_core.shell:Ignoring prefix path '/opt/ros/foxy'
[4.044s] DEBUG:colcon.colcon_core.event_handler.log_command:Invoking command in '/home/microros/microros_ws/build/micro_ros_setup': CMAKE_PREFIX_PATH=/opt/ros/foxy /usr/bin/cmake /home/microros/microros_ws/src/micro-ros-build -DCMAKE_INSTALL_PREFIX=/home/microros/microros_ws/install/micro_ros_setup
[8.542s] DEBUG:colcon.colcon_core.event_handler.log_command:Invoked command in '/home/microros/microros_ws/build/micro_ros_setup' returned '0': CMAKE_PREFIX_PATH=/opt/ros/foxy /usr/bin/cmake /home/microros/microros_ws/src/micro-ros-build -DCMAKE_INSTALL_PREFIX=/home/microros/microros_ws/install/micro_ros_setup
[8.546s] DEBUG:colcon.colcon_core.event_handler.log_command:Invoking command in '/home/microros/microros_ws/build/micro_ros_setup': CMAKE_PREFIX_PATH=/opt/ros/foxy /usr/bin/cmake --build /home/microros/microros_ws/build/micro_ros_setup -- -j4 -l4
[8.607s] DEBUG:colcon.colcon_core.event_handler.log_command:Invoked command in '/home/microros/microros_ws/build/micro_ros_setup' returned '0': CMAKE_PREFIX_PATH=/opt/ros/foxy /usr/bin/cmake --build /home/microros/microros_ws/build/micro_ros_setup -- -j4 -l4
[8.639s] DEBUG:colcon.colcon_core.event_handler.log_command:Invoking command in '/home/microros/microros_ws/build/micro_ros_setup': CMAKE_PREFIX_PATH=/opt/ros/foxy /usr/bin/cmake --install /home/microros/microros_ws/build/micro_ros_setup
[9.105s] Level 1:colcon.colcon_core.environment:create_environment_scripts_only(micro_ros_setup)
[9.112s] DEBUG:colcon.colcon_core.event_handler.log_command:Invoked command in '/home/microros/microros_ws/build/micro_ros_setup' returned '0': CMAKE_PREFIX_PATH=/opt/ros/foxy /usr/bin/cmake --install /home/microros/microros_ws/build/micro_ros_setup
[9.190s] Level 1:colcon.colcon_core.environment:checking '/home/microros/microros_ws/install/micro_ros_setup' for CMake module files
[9.193s] Level 1:colcon.colcon_core.environment:checking '/home/microros/microros_ws/install/micro_ros_setup' for CMake config files
[9.196s] Level 1:colcon.colcon_core.shell:create_environment_hook('micro_ros_setup', 'cmake_prefix_path')
[9.198s] INFO:colcon.colcon_core.shell:Creating environment hook '/home/microros/microros_ws/install/micro_ros_setup/share/micro_ros_setup/hook/cmake_prefix_path.ps1'
[9.217s] INFO:colcon.colcon_core.shell:Creating environment descriptor '/home/microros/microros_ws/install/micro_ros_setup/share/micro_ros_setup/hook/cmake_prefix_path.dsv'
[9.229s] INFO:colcon.colcon_core.shell:Creating environment hook '/home/microros/microros_ws/install/micro_ros_setup/share/micro_ros_setup/hook/cmake_prefix_path.sh'
[9.233s] Level 1:colcon.colcon_core.environment:checking '/home/microros/microros_ws/install/micro_ros_setup/lib'
[9.233s] Level 1:colcon.colcon_core.environment:checking '/home/microros/microros_ws/install/micro_ros_setup/bin'
[9.234s] Level 1:colcon.colcon_core.environment:checking '/home/microros/microros_ws/install/micro_ros_setup/lib/pkgconfig/micro_ros_setup.pc'
[9.234s] Level 1:colcon.colcon_core.environment:checking '/home/microros/microros_ws/install/micro_ros_setup/lib/python3.8/site-packages'
[9.236s] INFO:colcon.colcon_core.shell:Creating package script '/home/microros/microros_ws/install/micro_ros_setup/share/micro_ros_setup/package.ps1'
[9.239s] INFO:colcon.colcon_core.shell:Creating package descriptor '/home/microros/microros_ws/install/micro_ros_setup/share/micro_ros_setup/package.dsv'
[9.241s] INFO:colcon.colcon_core.shell:Creating package script '/home/microros/microros_ws/install/micro_ros_setup/share/micro_ros_setup/package.sh'
[9.244s] INFO:colcon.colcon_core.shell:Creating package script '/home/microros/microros_ws/install/micro_ros_setup/share/micro_ros_setup/package.bash'
[9.248s] INFO:colcon.colcon_core.shell:Creating package script '/home/microros/microros_ws/install/micro_ros_setup/share/micro_ros_setup/package.zsh'
[9.251s] Level 1:colcon.colcon_core.environment:create_file_with_runtime_dependencies(/home/microros/microros_ws/install/micro_ros_setup/share/colcon-core/packages/micro_ros_setup)
[9.252s] DEBUG:colcon.colcon_parallel_executor.executor.parallel:closing loop
[9.254s] DEBUG:colcon.colcon_parallel_executor.executor.parallel:loop closed
[9.254s] DEBUG:colcon.colcon_parallel_executor.executor.parallel:run_until_complete finished with '0'
[9.254s] DEBUG:colcon.colcon_core.event_reactor:joining thread
[9.285s] INFO:colcon.colcon_core.plugin_system:Skipping extension 'colcon_notification.desktop_notification.terminal_notifier': Not used on non-Darwin systems
[9.286s] INFO:colcon.colcon_core.plugin_system:Skipping extension 'colcon_notification.desktop_notification.win32': Not used on non-Windows systems
[9.286s] INFO:colcon.colcon_notification.desktop_notification:Sending desktop notification using 'notify2'
[9.397s] DEBUG:colcon.colcon_core.event_reactor:joined thread
[9.398s] INFO:colcon.colcon_core.shell:Creating prefix script '/home/microros/microros_ws/install/local_setup.ps1'
[9.400s] INFO:colcon.colcon_core.shell:Creating prefix util module '/home/microros/microros_ws/install/_local_setup_util_ps1.py'
[9.420s] INFO:colcon.colcon_core.shell:Creating prefix chain script '/home/microros/microros_ws/install/setup.ps1'
[9.429s] INFO:colcon.colcon_core.shell:Creating prefix script '/home/microros/microros_ws/install/local_setup.sh'
[9.433s] INFO:colcon.colcon_core.shell:Creating prefix util module '/home/microros/microros_ws/install/_local_setup_util_sh.py'
[9.434s] INFO:colcon.colcon_core.shell:Creating prefix chain script '/home/microros/microros_ws/install/setup.sh'
[9.439s] INFO:colcon.colcon_core.shell:Creating prefix script '/home/microros/microros_ws/install/local_setup.bash'
[9.440s] INFO:colcon.colcon_core.shell:Creating prefix chain script '/home/microros/microros_ws/install/setup.bash'
[9.445s] INFO:colcon.colcon_core.shell:Creating prefix script '/home/microros/microros_ws/install/local_setup.zsh'
[9.446s] INFO:colcon.colcon_core.shell:Creating prefix chain script '/home/microros/microros_ws/install/setup.zsh'
