make[4]: Entering directory '/home/microros/microros_ws/firmware/mcu_ws/build/tinydir_vendor'
/usr/bin/cmake -S/home/microros/microros_ws/firmware/mcu_ws/ros2/tinydir_vendor -B/home/microros/microros_ws/firmware/mcu_ws/build/tinydir_vendor --check-build-system CMakeFiles/Makefile.cmake 0
/usr/bin/cmake -E cmake_progress_start /home/microros/microros_ws/firmware/mcu_ws/build/tinydir_vendor/CMakeFiles /home/microros/microros_ws/firmware/mcu_ws/build/tinydir_vendor/CMakeFiles/progress.marks
/usr/bin/make -f CMakeFiles/Makefile2 all
make[5]: Entering directory '/home/microros/microros_ws/firmware/mcu_ws/build/tinydir_vendor'
/usr/bin/make -f CMakeFiles/tinydir-1.2.4.dir/build.make CMakeFiles/tinydir-1.2.4.dir/depend
make[6]: Entering directory '/home/microros/microros_ws/firmware/mcu_ws/build/tinydir_vendor'
cd /home/microros/microros_ws/firmware/mcu_ws/build/tinydir_vendor && /usr/bin/cmake -E cmake_depends "Unix Makefiles" /home/microros/microros_ws/firmware/mcu_ws/ros2/tinydir_vendor /home/microros/microros_ws/firmware/mcu_ws/ros2/tinydir_vendor /home/microros/microros_ws/firmware/mcu_ws/build/tinydir_vendor /home/microros/microros_ws/firmware/mcu_ws/build/tinydir_vendor /home/microros/microros_ws/firmware/mcu_ws/build/tinydir_vendor/CMakeFiles/tinydir-1.2.4.dir/DependInfo.cmake --color=
make[6]: Leaving directory '/home/microros/microros_ws/firmware/mcu_ws/build/tinydir_vendor'
/usr/bin/make -f CMakeFiles/tinydir-1.2.4.dir/build.make CMakeFiles/tinydir-1.2.4.dir/build
make[6]: Entering directory '/home/microros/microros_ws/firmware/mcu_ws/build/tinydir_vendor'
make[6]: Nothing to be done for 'CMakeFiles/tinydir-1.2.4.dir/build'.
make[6]: Leaving directory '/home/microros/microros_ws/firmware/mcu_ws/build/tinydir_vendor'
[100%] Built target tinydir-1.2.4
make[5]: Leaving directory '/home/microros/microros_ws/firmware/mcu_ws/build/tinydir_vendor'
/usr/bin/cmake -E cmake_progress_start /home/microros/microros_ws/firmware/mcu_ws/build/tinydir_vendor/CMakeFiles 0
make[4]: Leaving directory '/home/microros/microros_ws/firmware/mcu_ws/build/tinydir_vendor'
-- Install configuration: "RelWithDebInfo"
-- Up-to-date: /home/microros/microros_ws/firmware/mcu_ws/install/tinydir_vendor
-- Up-to-date: /home/microros/microros_ws/firmware/mcu_ws/install/tinydir_vendor/include
-- Up-to-date: /home/microros/microros_ws/firmware/mcu_ws/install/tinydir_vendor/include/tinydir
-- Up-to-date: /home/microros/microros_ws/firmware/mcu_ws/install/tinydir_vendor/include/tinydir/tinydir.h
-- Up-to-date: /home/microros/microros_ws/firmware/mcu_ws/install/tinydir_vendor/share/tinydir_vendor/package.xml
-- Up-to-date: /home/microros/microros_ws/firmware/mcu_ws/install/tinydir_vendor/share/tinydir_vendor/cmake/tinydir_vendorConfig.cmake
-- Up-to-date: /home/microros/microros_ws/firmware/mcu_ws/install/tinydir_vendor/share/tinydir_vendor/cmake/tinydir_vendorConfig-version.cmake
