[0.055s] Invoking command in '/home/microros/microros_ws/firmware/mcu_ws/build/microcdr': /usr/bin/cmake --build /home/microros/microros_ws/firmware/mcu_ws/build/microcdr -- -j4 -l4
[0.087s] make[4]: Entering directory '/home/microros/microros_ws/firmware/mcu_ws/build/microcdr'
[0.087s] /usr/bin/cmake -S/home/microros/microros_ws/firmware/mcu_ws/eProsima/Micro-CDR -B/home/microros/microros_ws/firmware/mcu_ws/build/microcdr --check-build-system CMakeFiles/Makefile.cmake 0
[0.102s] /usr/bin/cmake -E cmake_progress_start /home/microros/microros_ws/firmware/mcu_ws/build/microcdr/CMakeFiles /home/microros/microros_ws/firmware/mcu_ws/build/microcdr/CMakeFiles/progress.marks
[0.116s] /usr/bin/make -f CMakeFiles/Makefile2 all
[0.122s] make[5]: Entering directory '/home/microros/microros_ws/firmware/mcu_ws/build/microcdr'
[0.122s] /usr/bin/make -f CMakeFiles/microcdr.dir/build.make CMakeFiles/microcdr.dir/depend
[0.124s] make[6]: Entering directory '/home/microros/microros_ws/firmware/mcu_ws/build/microcdr'
[0.124s] cd /home/microros/microros_ws/firmware/mcu_ws/build/microcdr && /usr/bin/cmake -E cmake_depends "Unix Makefiles" /home/microros/microros_ws/firmware/mcu_ws/eProsima/Micro-CDR /home/microros/microros_ws/firmware/mcu_ws/eProsima/Micro-CDR /home/microros/microros_ws/firmware/mcu_ws/build/microcdr /home/microros/microros_ws/firmware/mcu_ws/build/microcdr /home/microros/microros_ws/firmware/mcu_ws/build/microcdr/CMakeFiles/microcdr.dir/DependInfo.cmake --color=
[0.137s] make[6]: Leaving directory '/home/microros/microros_ws/firmware/mcu_ws/build/microcdr'
[0.137s] /usr/bin/make -f CMakeFiles/microcdr.dir/build.make CMakeFiles/microcdr.dir/build
[0.138s] make[6]: Entering directory '/home/microros/microros_ws/firmware/mcu_ws/build/microcdr'
[0.139s] make[6]: Nothing to be done for 'CMakeFiles/microcdr.dir/build'.
[0.139s] make[6]: Leaving directory '/home/microros/microros_ws/firmware/mcu_ws/build/microcdr'
[0.150s] [100%] Built target microcdr
[0.150s] make[5]: Leaving directory '/home/microros/microros_ws/firmware/mcu_ws/build/microcdr'
[0.150s] /usr/bin/cmake -E cmake_progress_start /home/microros/microros_ws/firmware/mcu_ws/build/microcdr/CMakeFiles 0
[0.159s] make[4]: Leaving directory '/home/microros/microros_ws/firmware/mcu_ws/build/microcdr'
[0.175s] Invoked command in '/home/microros/microros_ws/firmware/mcu_ws/build/microcdr' returned '0': /usr/bin/cmake --build /home/microros/microros_ws/firmware/mcu_ws/build/microcdr -- -j4 -l4
[0.239s] Invoking command in '/home/microros/microros_ws/firmware/mcu_ws/build/microcdr': /usr/bin/cmake --install /home/microros/microros_ws/firmware/mcu_ws/build/microcdr
[0.257s] -- Install configuration: "RelWithDebInfo"
[0.257s] -- Up-to-date: /home/microros/microros_ws/firmware/mcu_ws/install/microcdr/lib/libmicrocdr.a
[0.257s] -- Up-to-date: /home/microros/microros_ws/firmware/mcu_ws/install/microcdr/include/ucdr
[0.257s] -- Up-to-date: /home/microros/microros_ws/firmware/mcu_ws/install/microcdr/include/ucdr/visibility.h
[0.257s] -- Up-to-date: /home/microros/microros_ws/firmware/mcu_ws/install/microcdr/include/ucdr/microcdr.h
[0.257s] -- Up-to-date: /home/microros/microros_ws/firmware/mcu_ws/install/microcdr/include/ucdr/config.h
[0.257s] -- Up-to-date: /home/microros/microros_ws/firmware/mcu_ws/install/microcdr/share/microcdr/cmake/microcdrTargets.cmake
[0.257s] -- Up-to-date: /home/microros/microros_ws/firmware/mcu_ws/install/microcdr/share/microcdr/cmake/microcdrTargets-relwithdebinfo.cmake
[0.257s] -- Up-to-date: /home/microros/microros_ws/firmware/mcu_ws/install/microcdr/share/microcdr/cmake/microcdrConfig.cmake
[0.257s] -- Up-to-date: /home/microros/microros_ws/firmware/mcu_ws/install/microcdr/share/microcdr/cmake/microcdrConfigVersion.cmake
[0.289s] Invoked command in '/home/microros/microros_ws/firmware/mcu_ws/build/microcdr' returned '0': /usr/bin/cmake --install /home/microros/microros_ws/firmware/mcu_ws/build/microcdr
