running egg_info
creating /home/microros/microros_ws/firmware/mcu_ws/build/ros2trace/ros2trace.egg-info
writing /home/microros/microros_ws/firmware/mcu_ws/build/ros2trace/ros2trace.egg-info/PKG-INFO
writing dependency_links to /home/microros/microros_ws/firmware/mcu_ws/build/ros2trace/ros2trace.egg-info/dependency_links.txt
writing entry points to /home/microros/microros_ws/firmware/mcu_ws/build/ros2trace/ros2trace.egg-info/entry_points.txt
writing requirements to /home/microros/microros_ws/firmware/mcu_ws/build/ros2trace/ros2trace.egg-info/requires.txt
writing top-level names to /home/microros/microros_ws/firmware/mcu_ws/build/ros2trace/ros2trace.egg-info/top_level.txt
writing manifest file '/home/microros/microros_ws/firmware/mcu_ws/build/ros2trace/ros2trace.egg-info/SOURCES.txt'
reading manifest file '/home/microros/microros_ws/firmware/mcu_ws/build/ros2trace/ros2trace.egg-info/SOURCES.txt'
writing manifest file '/home/microros/microros_ws/firmware/mcu_ws/build/ros2trace/ros2trace.egg-info/SOURCES.txt'
running build
running build_py
creating /home/microros/microros_ws/firmware/mcu_ws/build/ros2trace/build
creating /home/microros/microros_ws/firmware/mcu_ws/build/ros2trace/build/lib
creating /home/microros/microros_ws/firmware/mcu_ws/build/ros2trace/build/lib/ros2trace
copying ros2trace/__init__.py -> /home/microros/microros_ws/firmware/mcu_ws/build/ros2trace/build/lib/ros2trace
creating /home/microros/microros_ws/firmware/mcu_ws/build/ros2trace/build/lib/ros2trace/api
copying ros2trace/api/__init__.py -> /home/microros/microros_ws/firmware/mcu_ws/build/ros2trace/build/lib/ros2trace/api
creating /home/microros/microros_ws/firmware/mcu_ws/build/ros2trace/build/lib/ros2trace/command
copying ros2trace/command/trace.py -> /home/microros/microros_ws/firmware/mcu_ws/build/ros2trace/build/lib/ros2trace/command
copying ros2trace/command/__init__.py -> /home/microros/microros_ws/firmware/mcu_ws/build/ros2trace/build/lib/ros2trace/command
running install
running install_lib
creating /home/microros/microros_ws/firmware/mcu_ws/install/ros2trace/lib/python3.8/site-packages/ros2trace
creating /home/microros/microros_ws/firmware/mcu_ws/install/ros2trace/lib/python3.8/site-packages/ros2trace/api
copying /home/microros/microros_ws/firmware/mcu_ws/build/ros2trace/build/lib/ros2trace/api/__init__.py -> /home/microros/microros_ws/firmware/mcu_ws/install/ros2trace/lib/python3.8/site-packages/ros2trace/api
copying /home/microros/microros_ws/firmware/mcu_ws/build/ros2trace/build/lib/ros2trace/__init__.py -> /home/microros/microros_ws/firmware/mcu_ws/install/ros2trace/lib/python3.8/site-packages/ros2trace
creating /home/microros/microros_ws/firmware/mcu_ws/install/ros2trace/lib/python3.8/site-packages/ros2trace/command
copying /home/microros/microros_ws/firmware/mcu_ws/build/ros2trace/build/lib/ros2trace/command/trace.py -> /home/microros/microros_ws/firmware/mcu_ws/install/ros2trace/lib/python3.8/site-packages/ros2trace/command
copying /home/microros/microros_ws/firmware/mcu_ws/build/ros2trace/build/lib/ros2trace/command/__init__.py -> /home/microros/microros_ws/firmware/mcu_ws/install/ros2trace/lib/python3.8/site-packages/ros2trace/command
byte-compiling /home/microros/microros_ws/firmware/mcu_ws/install/ros2trace/lib/python3.8/site-packages/ros2trace/api/__init__.py to __init__.cpython-38.pyc
byte-compiling /home/microros/microros_ws/firmware/mcu_ws/install/ros2trace/lib/python3.8/site-packages/ros2trace/__init__.py to __init__.cpython-38.pyc
byte-compiling /home/microros/microros_ws/firmware/mcu_ws/install/ros2trace/lib/python3.8/site-packages/ros2trace/command/trace.py to trace.cpython-38.pyc
byte-compiling /home/microros/microros_ws/firmware/mcu_ws/install/ros2trace/lib/python3.8/site-packages/ros2trace/command/__init__.py to __init__.cpython-38.pyc
running install_data
copying package.xml -> /home/microros/microros_ws/firmware/mcu_ws/install/ros2trace/share/ros2trace
creating /home/microros/microros_ws/firmware/mcu_ws/install/ros2trace/share/ament_index
creating /home/microros/microros_ws/firmware/mcu_ws/install/ros2trace/share/ament_index/resource_index
creating /home/microros/microros_ws/firmware/mcu_ws/install/ros2trace/share/ament_index/resource_index/packages
copying resource/ros2trace -> /home/microros/microros_ws/firmware/mcu_ws/install/ros2trace/share/ament_index/resource_index/packages
running install_egg_info
Copying /home/microros/microros_ws/firmware/mcu_ws/build/ros2trace/ros2trace.egg-info to /home/microros/microros_ws/firmware/mcu_ws/install/ros2trace/lib/python3.8/site-packages/ros2trace-1.0.2-py3.8.egg-info
running install_scripts
writing list of installed files to '/home/microros/microros_ws/firmware/mcu_ws/build/ros2trace/install.log'
