[0.326s] Invoking command in '/home/microros/microros_ws/firmware/mcu_ws/uros/tracetools/ros2trace': AMENT_PREFIX_PATH=/home/microros/microros_ws/firmware/mcu_ws/install/tracetools_trace:${AMENT_PREFIX_PATH} PYTHONPATH=/home/microros/microros_ws/firmware/mcu_ws/install/ros2trace/lib/python3.8/site-packages:/home/microros/microros_ws/firmware/mcu_ws/install/tracetools_trace/lib/python3.8/site-packages:${PYTHONPATH} /usr/bin/python3 setup.py egg_info --egg-base /home/microros/microros_ws/firmware/mcu_ws/build/ros2trace build --build-base /home/microros/microros_ws/firmware/mcu_ws/build/ros2trace/build install --prefix /home/microros/microros_ws/firmware/mcu_ws/install/ros2trace --record /home/microros/microros_ws/firmware/mcu_ws/build/ros2trace/install.log --single-version-externally-managed
[0.661s] running egg_info
[0.662s] creating /home/microros/microros_ws/firmware/mcu_ws/build/ros2trace/ros2trace.egg-info
[0.662s] writing /home/microros/microros_ws/firmware/mcu_ws/build/ros2trace/ros2trace.egg-info/PKG-INFO
[0.662s] writing dependency_links to /home/microros/microros_ws/firmware/mcu_ws/build/ros2trace/ros2trace.egg-info/dependency_links.txt
[0.662s] writing entry points to /home/microros/microros_ws/firmware/mcu_ws/build/ros2trace/ros2trace.egg-info/entry_points.txt
[0.663s] writing requirements to /home/microros/microros_ws/firmware/mcu_ws/build/ros2trace/ros2trace.egg-info/requires.txt
[0.663s] writing top-level names to /home/microros/microros_ws/firmware/mcu_ws/build/ros2trace/ros2trace.egg-info/top_level.txt
[0.666s] writing manifest file '/home/microros/microros_ws/firmware/mcu_ws/build/ros2trace/ros2trace.egg-info/SOURCES.txt'
[0.717s] reading manifest file '/home/microros/microros_ws/firmware/mcu_ws/build/ros2trace/ros2trace.egg-info/SOURCES.txt'
[0.718s] writing manifest file '/home/microros/microros_ws/firmware/mcu_ws/build/ros2trace/ros2trace.egg-info/SOURCES.txt'
[0.718s] running build
[0.718s] running build_py
[0.719s] creating /home/microros/microros_ws/firmware/mcu_ws/build/ros2trace/build
[0.719s] creating /home/microros/microros_ws/firmware/mcu_ws/build/ros2trace/build/lib
[0.719s] creating /home/microros/microros_ws/firmware/mcu_ws/build/ros2trace/build/lib/ros2trace
[0.719s] copying ros2trace/__init__.py -> /home/microros/microros_ws/firmware/mcu_ws/build/ros2trace/build/lib/ros2trace
[0.719s] creating /home/microros/microros_ws/firmware/mcu_ws/build/ros2trace/build/lib/ros2trace/api
[0.720s] copying ros2trace/api/__init__.py -> /home/microros/microros_ws/firmware/mcu_ws/build/ros2trace/build/lib/ros2trace/api
[0.720s] creating /home/microros/microros_ws/firmware/mcu_ws/build/ros2trace/build/lib/ros2trace/command
[0.720s] copying ros2trace/command/trace.py -> /home/microros/microros_ws/firmware/mcu_ws/build/ros2trace/build/lib/ros2trace/command
[0.721s] copying ros2trace/command/__init__.py -> /home/microros/microros_ws/firmware/mcu_ws/build/ros2trace/build/lib/ros2trace/command
[0.721s] running install
[0.723s] running install_lib
[0.724s] creating /home/microros/microros_ws/firmware/mcu_ws/install/ros2trace/lib/python3.8/site-packages/ros2trace
[0.724s] creating /home/microros/microros_ws/firmware/mcu_ws/install/ros2trace/lib/python3.8/site-packages/ros2trace/api
[0.724s] copying /home/microros/microros_ws/firmware/mcu_ws/build/ros2trace/build/lib/ros2trace/api/__init__.py -> /home/microros/microros_ws/firmware/mcu_ws/install/ros2trace/lib/python3.8/site-packages/ros2trace/api
[0.726s] copying /home/microros/microros_ws/firmware/mcu_ws/build/ros2trace/build/lib/ros2trace/__init__.py -> /home/microros/microros_ws/firmware/mcu_ws/install/ros2trace/lib/python3.8/site-packages/ros2trace
[0.727s] creating /home/microros/microros_ws/firmware/mcu_ws/install/ros2trace/lib/python3.8/site-packages/ros2trace/command
[0.727s] copying /home/microros/microros_ws/firmware/mcu_ws/build/ros2trace/build/lib/ros2trace/command/trace.py -> /home/microros/microros_ws/firmware/mcu_ws/install/ros2trace/lib/python3.8/site-packages/ros2trace/command
[0.727s] copying /home/microros/microros_ws/firmware/mcu_ws/build/ros2trace/build/lib/ros2trace/command/__init__.py -> /home/microros/microros_ws/firmware/mcu_ws/install/ros2trace/lib/python3.8/site-packages/ros2trace/command
[0.727s] byte-compiling /home/microros/microros_ws/firmware/mcu_ws/install/ros2trace/lib/python3.8/site-packages/ros2trace/api/__init__.py to __init__.cpython-38.pyc
[0.728s] byte-compiling /home/microros/microros_ws/firmware/mcu_ws/install/ros2trace/lib/python3.8/site-packages/ros2trace/__init__.py to __init__.cpython-38.pyc
[0.728s] byte-compiling /home/microros/microros_ws/firmware/mcu_ws/install/ros2trace/lib/python3.8/site-packages/ros2trace/command/trace.py to trace.cpython-38.pyc
[0.729s] byte-compiling /home/microros/microros_ws/firmware/mcu_ws/install/ros2trace/lib/python3.8/site-packages/ros2trace/command/__init__.py to __init__.cpython-38.pyc
[0.729s] running install_data
[0.730s] copying package.xml -> /home/microros/microros_ws/firmware/mcu_ws/install/ros2trace/share/ros2trace
[0.730s] creating /home/microros/microros_ws/firmware/mcu_ws/install/ros2trace/share/ament_index
[0.730s] creating /home/microros/microros_ws/firmware/mcu_ws/install/ros2trace/share/ament_index/resource_index
[0.730s] creating /home/microros/microros_ws/firmware/mcu_ws/install/ros2trace/share/ament_index/resource_index/packages
[0.730s] copying resource/ros2trace -> /home/microros/microros_ws/firmware/mcu_ws/install/ros2trace/share/ament_index/resource_index/packages
[0.730s] running install_egg_info
[0.733s] Copying /home/microros/microros_ws/firmware/mcu_ws/build/ros2trace/ros2trace.egg-info to /home/microros/microros_ws/firmware/mcu_ws/install/ros2trace/lib/python3.8/site-packages/ros2trace-1.0.2-py3.8.egg-info
[0.734s] running install_scripts
[0.760s] writing list of installed files to '/home/microros/microros_ws/firmware/mcu_ws/build/ros2trace/install.log'
[0.797s] Invoked command in '/home/microros/microros_ws/firmware/mcu_ws/uros/tracetools/ros2trace' returned '0': AMENT_PREFIX_PATH=/home/microros/microros_ws/firmware/mcu_ws/install/tracetools_trace:${AMENT_PREFIX_PATH} PYTHONPATH=/home/microros/microros_ws/firmware/mcu_ws/install/ros2trace/lib/python3.8/site-packages:/home/microros/microros_ws/firmware/mcu_ws/install/tracetools_trace/lib/python3.8/site-packages:${PYTHONPATH} /usr/bin/python3 setup.py egg_info --egg-base /home/microros/microros_ws/firmware/mcu_ws/build/ros2trace build --build-base /home/microros/microros_ws/firmware/mcu_ws/build/ros2trace/build install --prefix /home/microros/microros_ws/firmware/mcu_ws/install/ros2trace --record /home/microros/microros_ws/firmware/mcu_ws/build/ros2trace/install.log --single-version-externally-managed
