[0.040s] Invoking command in '/home/microros/microros_ws/firmware/mcu_ws/build/libyaml_vendor': CMAKE_PREFIX_PATH=${CMAKE_PREFIX_PATH}:/home/microros/microros_ws/firmware/dev_ws/install/ament_uncrustify:/home/microros/microros_ws/firmware/dev_ws/install/domain_coordinator:/home/microros/microros_ws/firmware/dev_ws/install/ament_xmllint:/home/microros/microros_ws/firmware/dev_ws/install/ament_pyflakes:/home/microros/microros_ws/firmware/dev_ws/install/ament_pycodestyle:/home/microros/microros_ws/firmware/dev_ws/install/ament_pep257:/home/microros/microros_ws/firmware/dev_ws/install/ament_pclint:/home/microros/microros_ws/firmware/dev_ws/install/ament_package:/home/microros/microros_ws/firmware/dev_ws/install/ament_mypy:/home/microros/microros_ws/firmware/dev_ws/install/ament_lint_cmake:/home/microros/microros_ws/firmware/dev_ws/install/ament_flake8:/home/microros/microros_ws/firmware/dev_ws/install/ament_copyright:/home/microros/microros_ws/firmware/dev_ws/install/ament_lint:/home/microros/microros_ws/firmware/dev_ws/install/ament_index_python:/home/microros/microros_ws/firmware/dev_ws/install/ament_cpplint:/home/microros/microros_ws/firmware/dev_ws/install/ament_cppcheck:/home/microros/microros_ws/firmware/dev_ws/install/ament_clang_tidy:/home/microros/microros_ws/firmware/dev_ws/install/ament_clang_format /usr/bin/cmake --build /home/microros/microros_ws/firmware/mcu_ws/build/libyaml_vendor -- -j4 -l4
[0.074s] make[4]: Entering directory '/home/microros/microros_ws/firmware/mcu_ws/build/libyaml_vendor'
[0.074s] /usr/bin/cmake -S/home/microros/microros_ws/firmware/mcu_ws/ros2/libyaml_vendor -B/home/microros/microros_ws/firmware/mcu_ws/build/libyaml_vendor --check-build-system CMakeFiles/Makefile.cmake 0
[0.094s] /usr/bin/cmake -E cmake_progress_start /home/microros/microros_ws/firmware/mcu_ws/build/libyaml_vendor/CMakeFiles /home/microros/microros_ws/firmware/mcu_ws/build/libyaml_vendor/CMakeFiles/progress.marks
[0.106s] /usr/bin/make -f CMakeFiles/Makefile2 all
[0.107s] make[5]: Entering directory '/home/microros/microros_ws/firmware/mcu_ws/build/libyaml_vendor'
[0.107s] /usr/bin/make -f CMakeFiles/libyaml-10c9078.dir/build.make CMakeFiles/libyaml-10c9078.dir/depend
[0.108s] make[6]: Entering directory '/home/microros/microros_ws/firmware/mcu_ws/build/libyaml_vendor'
[0.108s] cd /home/microros/microros_ws/firmware/mcu_ws/build/libyaml_vendor && /usr/bin/cmake -E cmake_depends "Unix Makefiles" /home/microros/microros_ws/firmware/mcu_ws/ros2/libyaml_vendor /home/microros/microros_ws/firmware/mcu_ws/ros2/libyaml_vendor /home/microros/microros_ws/firmware/mcu_ws/build/libyaml_vendor /home/microros/microros_ws/firmware/mcu_ws/build/libyaml_vendor /home/microros/microros_ws/firmware/mcu_ws/build/libyaml_vendor/CMakeFiles/libyaml-10c9078.dir/DependInfo.cmake --color=
[0.119s] make[6]: Leaving directory '/home/microros/microros_ws/firmware/mcu_ws/build/libyaml_vendor'
[0.119s] /usr/bin/make -f CMakeFiles/libyaml-10c9078.dir/build.make CMakeFiles/libyaml-10c9078.dir/build
[0.119s] make[6]: Entering directory '/home/microros/microros_ws/firmware/mcu_ws/build/libyaml_vendor'
[0.119s] make[6]: Nothing to be done for 'CMakeFiles/libyaml-10c9078.dir/build'.
[0.119s] make[6]: Leaving directory '/home/microros/microros_ws/firmware/mcu_ws/build/libyaml_vendor'
[0.145s] [100%] Built target libyaml-10c9078
[0.145s] make[5]: Leaving directory '/home/microros/microros_ws/firmware/mcu_ws/build/libyaml_vendor'
[0.148s] /usr/bin/cmake -E cmake_progress_start /home/microros/microros_ws/firmware/mcu_ws/build/libyaml_vendor/CMakeFiles 0
[0.159s] make[4]: Leaving directory '/home/microros/microros_ws/firmware/mcu_ws/build/libyaml_vendor'
[0.366s] Invoked command in '/home/microros/microros_ws/firmware/mcu_ws/build/libyaml_vendor' returned '0': CMAKE_PREFIX_PATH=${CMAKE_PREFIX_PATH}:/home/microros/microros_ws/firmware/dev_ws/install/ament_uncrustify:/home/microros/microros_ws/firmware/dev_ws/install/domain_coordinator:/home/microros/microros_ws/firmware/dev_ws/install/ament_xmllint:/home/microros/microros_ws/firmware/dev_ws/install/ament_pyflakes:/home/microros/microros_ws/firmware/dev_ws/install/ament_pycodestyle:/home/microros/microros_ws/firmware/dev_ws/install/ament_pep257:/home/microros/microros_ws/firmware/dev_ws/install/ament_pclint:/home/microros/microros_ws/firmware/dev_ws/install/ament_package:/home/microros/microros_ws/firmware/dev_ws/install/ament_mypy:/home/microros/microros_ws/firmware/dev_ws/install/ament_lint_cmake:/home/microros/microros_ws/firmware/dev_ws/install/ament_flake8:/home/microros/microros_ws/firmware/dev_ws/install/ament_copyright:/home/microros/microros_ws/firmware/dev_ws/install/ament_lint:/home/microros/microros_ws/firmware/dev_ws/install/ament_index_python:/home/microros/microros_ws/firmware/dev_ws/install/ament_cpplint:/home/microros/microros_ws/firmware/dev_ws/install/ament_cppcheck:/home/microros/microros_ws/firmware/dev_ws/install/ament_clang_tidy:/home/microros/microros_ws/firmware/dev_ws/install/ament_clang_format /usr/bin/cmake --build /home/microros/microros_ws/firmware/mcu_ws/build/libyaml_vendor -- -j4 -l4
[0.413s] Invoking command in '/home/microros/microros_ws/firmware/mcu_ws/build/libyaml_vendor': CMAKE_PREFIX_PATH=${CMAKE_PREFIX_PATH}:/home/microros/microros_ws/firmware/dev_ws/install/ament_uncrustify:/home/microros/microros_ws/firmware/dev_ws/install/domain_coordinator:/home/microros/microros_ws/firmware/dev_ws/install/ament_xmllint:/home/microros/microros_ws/firmware/dev_ws/install/ament_pyflakes:/home/microros/microros_ws/firmware/dev_ws/install/ament_pycodestyle:/home/microros/microros_ws/firmware/dev_ws/install/ament_pep257:/home/microros/microros_ws/firmware/dev_ws/install/ament_pclint:/home/microros/microros_ws/firmware/dev_ws/install/ament_package:/home/microros/microros_ws/firmware/dev_ws/install/ament_mypy:/home/microros/microros_ws/firmware/dev_ws/install/ament_lint_cmake:/home/microros/microros_ws/firmware/dev_ws/install/ament_flake8:/home/microros/microros_ws/firmware/dev_ws/install/ament_copyright:/home/microros/microros_ws/firmware/dev_ws/install/ament_lint:/home/microros/microros_ws/firmware/dev_ws/install/ament_index_python:/home/microros/microros_ws/firmware/dev_ws/install/ament_cpplint:/home/microros/microros_ws/firmware/dev_ws/install/ament_cppcheck:/home/microros/microros_ws/firmware/dev_ws/install/ament_clang_tidy:/home/microros/microros_ws/firmware/dev_ws/install/ament_clang_format /usr/bin/cmake --install /home/microros/microros_ws/firmware/mcu_ws/build/libyaml_vendor
[0.425s] -- Install configuration: "RelWithDebInfo"
[0.426s] -- Up-to-date: /home/microros/microros_ws/firmware/mcu_ws/install/libyaml_vendor
[0.426s] -- Up-to-date: /home/microros/microros_ws/firmware/mcu_ws/install/libyaml_vendor/cmake
[0.426s] -- Up-to-date: /home/microros/microros_ws/firmware/mcu_ws/install/libyaml_vendor/cmake/yamlConfigVersion.cmake
[0.426s] -- Up-to-date: /home/microros/microros_ws/firmware/mcu_ws/install/libyaml_vendor/cmake/yamlConfig.cmake
[0.431s] -- Up-to-date: /home/microros/microros_ws/firmware/mcu_ws/install/libyaml_vendor/cmake/yamlTargets-relwithdebinfo.cmake
[0.431s] -- Up-to-date: /home/microros/microros_ws/firmware/mcu_ws/install/libyaml_vendor/cmake/yamlTargets.cmake
[0.431s] -- Up-to-date: /home/microros/microros_ws/firmware/mcu_ws/install/libyaml_vendor/include
[0.431s] -- Up-to-date: /home/microros/microros_ws/firmware/mcu_ws/install/libyaml_vendor/include/yaml.h
[0.431s] -- Up-to-date: /home/microros/microros_ws/firmware/mcu_ws/install/libyaml_vendor/lib
[0.432s] -- Up-to-date: /home/microros/microros_ws/firmware/mcu_ws/install/libyaml_vendor/lib/libyaml.a
[0.432s] -- Up-to-date: /home/microros/microros_ws/firmware/mcu_ws/install/libyaml_vendor/share/libyaml_vendor/environment/library_path.sh
[0.432s] -- Up-to-date: /home/microros/microros_ws/firmware/mcu_ws/install/libyaml_vendor/share/libyaml_vendor/environment/library_path.dsv
[0.432s] -- Up-to-date: /home/microros/microros_ws/firmware/mcu_ws/install/libyaml_vendor/share/ament_index/resource_index/package_run_dependencies/libyaml_vendor
[0.432s] -- Up-to-date: /home/microros/microros_ws/firmware/mcu_ws/install/libyaml_vendor/share/ament_index/resource_index/parent_prefix_path/libyaml_vendor
[0.432s] -- Up-to-date: /home/microros/microros_ws/firmware/mcu_ws/install/libyaml_vendor/share/libyaml_vendor/environment/ament_prefix_path.sh
[0.432s] -- Up-to-date: /home/microros/microros_ws/firmware/mcu_ws/install/libyaml_vendor/share/libyaml_vendor/environment/ament_prefix_path.dsv
[0.433s] -- Up-to-date: /home/microros/microros_ws/firmware/mcu_ws/install/libyaml_vendor/share/libyaml_vendor/environment/path.sh
[0.433s] -- Up-to-date: /home/microros/microros_ws/firmware/mcu_ws/install/libyaml_vendor/share/libyaml_vendor/environment/path.dsv
[0.433s] -- Up-to-date: /home/microros/microros_ws/firmware/mcu_ws/install/libyaml_vendor/share/libyaml_vendor/local_setup.bash
[0.433s] -- Up-to-date: /home/microros/microros_ws/firmware/mcu_ws/install/libyaml_vendor/share/libyaml_vendor/local_setup.sh
[0.433s] -- Up-to-date: /home/microros/microros_ws/firmware/mcu_ws/install/libyaml_vendor/share/libyaml_vendor/local_setup.zsh
[0.434s] -- Up-to-date: /home/microros/microros_ws/firmware/mcu_ws/install/libyaml_vendor/share/libyaml_vendor/local_setup.dsv
[0.434s] -- Up-to-date: /home/microros/microros_ws/firmware/mcu_ws/install/libyaml_vendor/share/libyaml_vendor/package.dsv
[0.434s] -- Up-to-date: /home/microros/microros_ws/firmware/mcu_ws/install/libyaml_vendor/share/ament_index/resource_index/packages/libyaml_vendor
[0.434s] -- Up-to-date: /home/microros/microros_ws/firmware/mcu_ws/install/libyaml_vendor/share/libyaml_vendor/cmake/libyaml_vendor-extras.cmake
[0.434s] -- Up-to-date: /home/microros/microros_ws/firmware/mcu_ws/install/libyaml_vendor/share/libyaml_vendor/cmake/ament_cmake_export_libraries-extras.cmake
[0.434s] -- Up-to-date: /home/microros/microros_ws/firmware/mcu_ws/install/libyaml_vendor/share/libyaml_vendor/cmake/ament_cmake_export_dependencies-extras.cmake
[0.435s] -- Up-to-date: /home/microros/microros_ws/firmware/mcu_ws/install/libyaml_vendor/share/libyaml_vendor/cmake/libyaml_vendorConfig.cmake
[0.435s] -- Up-to-date: /home/microros/microros_ws/firmware/mcu_ws/install/libyaml_vendor/share/libyaml_vendor/cmake/libyaml_vendorConfig-version.cmake
[0.435s] -- Up-to-date: /home/microros/microros_ws/firmware/mcu_ws/install/libyaml_vendor/share/libyaml_vendor/package.xml
[0.439s] Invoked command in '/home/microros/microros_ws/firmware/mcu_ws/build/libyaml_vendor' returned '0': CMAKE_PREFIX_PATH=${CMAKE_PREFIX_PATH}:/home/microros/microros_ws/firmware/dev_ws/install/ament_uncrustify:/home/microros/microros_ws/firmware/dev_ws/install/domain_coordinator:/home/microros/microros_ws/firmware/dev_ws/install/ament_xmllint:/home/microros/microros_ws/firmware/dev_ws/install/ament_pyflakes:/home/microros/microros_ws/firmware/dev_ws/install/ament_pycodestyle:/home/microros/microros_ws/firmware/dev_ws/install/ament_pep257:/home/microros/microros_ws/firmware/dev_ws/install/ament_pclint:/home/microros/microros_ws/firmware/dev_ws/install/ament_package:/home/microros/microros_ws/firmware/dev_ws/install/ament_mypy:/home/microros/microros_ws/firmware/dev_ws/install/ament_lint_cmake:/home/microros/microros_ws/firmware/dev_ws/install/ament_flake8:/home/microros/microros_ws/firmware/dev_ws/install/ament_copyright:/home/microros/microros_ws/firmware/dev_ws/install/ament_lint:/home/microros/microros_ws/firmware/dev_ws/install/ament_index_python:/home/microros/microros_ws/firmware/dev_ws/install/ament_cpplint:/home/microros/microros_ws/firmware/dev_ws/install/ament_cppcheck:/home/microros/microros_ws/firmware/dev_ws/install/ament_clang_tidy:/home/microros/microros_ws/firmware/dev_ws/install/ament_clang_format /usr/bin/cmake --install /home/microros/microros_ws/firmware/mcu_ws/build/libyaml_vendor
