-- The C compiler identification is GNU 9.2.1
-- The CXX compiler identification is GNU 9.2.1
-- Check for working C compiler: /usr/bin/arm-none-eabi-gcc
-- Check for working C compiler: /usr/bin/arm-none-eabi-gcc -- works
-- Detecting C compiler ABI info
-- Detecting C compiler ABI info - done
-- Detecting C compile features
-- Detecting C compile features - done
-- Check for working CXX compiler: /usr/bin/arm-none-eabi-g++
-- Check for working CXX compiler: /usr/bin/arm-none-eabi-g++ -- works
-- Detecting CXX compiler ABI info
-- Detecting CXX compiler ABI info - done
-- Detecting CXX compile features
-- Detecting CXX compile features - done
-- Found ament_cmake: 0.9.6 (/home/microros/microros_ws/firmware/dev_ws/install/ament_cmake/share/ament_cmake/cmake)
-- Found PythonInterp: /usr/bin/python3 (found suitable version "3.8.2", minimum required is "3") 
-- Using PYTHON_EXECUTABLE: /usr/bin/python3
-- Found builtin_interfaces: 1.0.0 (/home/microros/microros_ws/firmware/mcu_ws/install/builtin_interfaces/share/builtin_interfaces/cmake)
-- Using single rosidl_typesupport_c: rosidl_typesupport_microxrcedds_c
-- Found rosidl_adapter: 1.1.0 (/home/microros/microros_ws/firmware/mcu_ws/install/rosidl_adapter/share/rosidl_adapter/cmake)
-- Found rosidl_default_generators: 1.0.0 (/home/microros/microros_ws/firmware/mcu_ws/install/rosidl_default_generators/share/rosidl_default_generators/cmake)
-- Found std_msgs: 2.0.3 (/home/microros/microros_ws/firmware/mcu_ws/install/std_msgs/share/std_msgs/cmake)
-- Found PythonInterp: /usr/bin/python3 (found version "3.8.2") 
-- Found ament_cmake_ros: 0.9.0 (/home/microros/microros_ws/firmware/dev_ws/install/ament_cmake_ros/share/ament_cmake_ros/cmake)
-- Using single rosidl_typesupport_c: rosidl_typesupport_microxrcedds_c
-- Configuring done
-- Generating done
-- Build files have been written to: /home/microros/microros_ws/firmware/mcu_ws/build/actionlib_msgs
make[4]: Entering directory '/home/microros/microros_ws/firmware/mcu_ws/build/actionlib_msgs'
/usr/bin/cmake -S/home/microros/microros_ws/firmware/mcu_ws/ros2/common_interfaces/actionlib_msgs -B/home/microros/microros_ws/firmware/mcu_ws/build/actionlib_msgs --check-build-system CMakeFiles/Makefile.cmake 0
/usr/bin/cmake -E cmake_progress_start /home/microros/microros_ws/firmware/mcu_ws/build/actionlib_msgs/CMakeFiles /home/microros/microros_ws/firmware/mcu_ws/build/actionlib_msgs/CMakeFiles/progress.marks
/usr/bin/make -f CMakeFiles/Makefile2 all
make[5]: Entering directory '/home/microros/microros_ws/firmware/mcu_ws/build/actionlib_msgs'
/usr/bin/make -f CMakeFiles/actionlib_msgs__rosidl_generator_c.dir/build.make CMakeFiles/actionlib_msgs__rosidl_generator_c.dir/depend
make[6]: Entering directory '/home/microros/microros_ws/firmware/mcu_ws/build/actionlib_msgs'
[  6%] [34m[1mGenerating C code for ROS interfaces[0m
/usr/bin/python3 /home/microros/microros_ws/firmware/mcu_ws/install/rosidl_generator_c/share/rosidl_generator_c/cmake/../../../lib/rosidl_generator_c/rosidl_generator_c --generator-arguments-file /home/microros/microros_ws/firmware/mcu_ws/build/actionlib_msgs/rosidl_generator_c__arguments.json
cd /home/microros/microros_ws/firmware/mcu_ws/build/actionlib_msgs && /usr/bin/cmake -E cmake_depends "Unix Makefiles" /home/microros/microros_ws/firmware/mcu_ws/ros2/common_interfaces/actionlib_msgs /home/microros/microros_ws/firmware/mcu_ws/ros2/common_interfaces/actionlib_msgs /home/microros/microros_ws/firmware/mcu_ws/build/actionlib_msgs /home/microros/microros_ws/firmware/mcu_ws/build/actionlib_msgs /home/microros/microros_ws/firmware/mcu_ws/build/actionlib_msgs/CMakeFiles/actionlib_msgs__rosidl_generator_c.dir/DependInfo.cmake --color=
Dependee "/home/microros/microros_ws/firmware/mcu_ws/build/actionlib_msgs/CMakeFiles/actionlib_msgs__rosidl_generator_c.dir/DependInfo.cmake" is newer than depender "/home/microros/microros_ws/firmware/mcu_ws/build/actionlib_msgs/CMakeFiles/actionlib_msgs__rosidl_generator_c.dir/depend.internal".
Dependee "/home/microros/microros_ws/firmware/mcu_ws/build/actionlib_msgs/CMakeFiles/CMakeDirectoryInformation.cmake" is newer than depender "/home/microros/microros_ws/firmware/mcu_ws/build/actionlib_msgs/CMakeFiles/actionlib_msgs__rosidl_generator_c.dir/depend.internal".
[35m[1mScanning dependencies of target actionlib_msgs__rosidl_generator_c[0m
make[6]: Leaving directory '/home/microros/microros_ws/firmware/mcu_ws/build/actionlib_msgs'
/usr/bin/make -f CMakeFiles/actionlib_msgs__rosidl_generator_c.dir/build.make CMakeFiles/actionlib_msgs__rosidl_generator_c.dir/build
make[6]: Entering directory '/home/microros/microros_ws/firmware/mcu_ws/build/actionlib_msgs'
[ 13%] [32mBuilding C object CMakeFiles/actionlib_msgs__rosidl_generator_c.dir/rosidl_generator_c/actionlib_msgs/msg/detail/goal_status_array__functions.c.obj[0m
/usr/bin/arm-none-eabi-gcc --sysroot=/home/microros/microros_ws/firmware/NuttX/.. -DROS_PACKAGE_NAME=\"actionlib_msgs\" -I/home/microros/microros_ws/firmware/mcu_ws/build/actionlib_msgs/rosidl_generator_c -isystem /home/microros/microros_ws/firmware/NuttX/include -isystem /home/microros/microros_ws/firmware/NuttX/include/cxx -isystem /home/microros/microros_ws/firmware/NuttX/include/uClibc++ -isystem /home/microros/microros_ws/firmware/mcu_ws/install/builtin_interfaces/include -isystem /home/microros/microros_ws/firmware/mcu_ws/install/std_msgs/include -isystem /home/microros/microros_ws/firmware/mcu_ws/install/rosidl_runtime_c/include -isystem /home/microros/microros_ws/firmware/mcu_ws/install/rosidl_typesupport_interface/include -isystem /home/microros/microros_ws/firmware/mcu_ws/install/rmw/include -isystem /home/microros/microros_ws/firmware/mcu_ws/install/rcutils/include -isystem /home/microros/microros_ws/firmware/mcu_ws/install/tinydir_vendor/share/tinydir_vendor/cmake/../../../include -isystem /home/microros/microros_ws/firmware/mcu_ws/install/rosidl_typesupport_microxrcedds_c/include -isystem /home/microros/microros_ws/firmware/mcu_ws/install/microcdr/include -isystem /home/microros/microros_ws/firmware/mcu_ws/install/rosidl_typesupport_c/include  -std=c99 -Dunix=1 -mcpu=cortex-m4 -mthumb -mfloat-abi=soft -Os -fno-strict-aliasing -fno-strength-reduce -fomit-frame-pointer -O2 -g -DNDEBUG -fPIC   -Wall -std=gnu11 -o CMakeFiles/actionlib_msgs__rosidl_generator_c.dir/rosidl_generator_c/actionlib_msgs/msg/detail/goal_status_array__functions.c.obj   -c /home/microros/microros_ws/firmware/mcu_ws/build/actionlib_msgs/rosidl_generator_c/actionlib_msgs/msg/detail/goal_status_array__functions.c
[ 26%] [32mBuilding C object CMakeFiles/actionlib_msgs__rosidl_generator_c.dir/rosidl_generator_c/actionlib_msgs/msg/detail/goal_status__functions.c.obj[0m
[ 26%] [32mBuilding C object CMakeFiles/actionlib_msgs__rosidl_generator_c.dir/rosidl_generator_c/actionlib_msgs/msg/detail/goal_id__functions.c.obj[0m
/usr/bin/arm-none-eabi-gcc --sysroot=/home/microros/microros_ws/firmware/NuttX/.. -DROS_PACKAGE_NAME=\"actionlib_msgs\" -I/home/microros/microros_ws/firmware/mcu_ws/build/actionlib_msgs/rosidl_generator_c -isystem /home/microros/microros_ws/firmware/NuttX/include -isystem /home/microros/microros_ws/firmware/NuttX/include/cxx -isystem /home/microros/microros_ws/firmware/NuttX/include/uClibc++ -isystem /home/microros/microros_ws/firmware/mcu_ws/install/builtin_interfaces/include -isystem /home/microros/microros_ws/firmware/mcu_ws/install/std_msgs/include -isystem /home/microros/microros_ws/firmware/mcu_ws/install/rosidl_runtime_c/include -isystem /home/microros/microros_ws/firmware/mcu_ws/install/rosidl_typesupport_interface/include -isystem /home/microros/microros_ws/firmware/mcu_ws/install/rmw/include -isystem /home/microros/microros_ws/firmware/mcu_ws/install/rcutils/include -isystem /home/microros/microros_ws/firmware/mcu_ws/install/tinydir_vendor/share/tinydir_vendor/cmake/../../../include -isystem /home/microros/microros_ws/firmware/mcu_ws/install/rosidl_typesupport_microxrcedds_c/include -isystem /home/microros/microros_ws/firmware/mcu_ws/install/microcdr/include -isystem /home/microros/microros_ws/firmware/mcu_ws/install/rosidl_typesupport_c/include  -std=c99 -Dunix=1 -mcpu=cortex-m4 -mthumb -mfloat-abi=soft -Os -fno-strict-aliasing -fno-strength-reduce -fomit-frame-pointer -O2 -g -DNDEBUG -fPIC   -Wall -std=gnu11 -o CMakeFiles/actionlib_msgs__rosidl_generator_c.dir/rosidl_generator_c/actionlib_msgs/msg/detail/goal_id__functions.c.obj   -c /home/microros/microros_ws/firmware/mcu_ws/build/actionlib_msgs/rosidl_generator_c/actionlib_msgs/msg/detail/goal_id__functions.c
/usr/bin/arm-none-eabi-gcc --sysroot=/home/microros/microros_ws/firmware/NuttX/.. -DROS_PACKAGE_NAME=\"actionlib_msgs\" -I/home/microros/microros_ws/firmware/mcu_ws/build/actionlib_msgs/rosidl_generator_c -isystem /home/microros/microros_ws/firmware/NuttX/include -isystem /home/microros/microros_ws/firmware/NuttX/include/cxx -isystem /home/microros/microros_ws/firmware/NuttX/include/uClibc++ -isystem /home/microros/microros_ws/firmware/mcu_ws/install/builtin_interfaces/include -isystem /home/microros/microros_ws/firmware/mcu_ws/install/std_msgs/include -isystem /home/microros/microros_ws/firmware/mcu_ws/install/rosidl_runtime_c/include -isystem /home/microros/microros_ws/firmware/mcu_ws/install/rosidl_typesupport_interface/include -isystem /home/microros/microros_ws/firmware/mcu_ws/install/rmw/include -isystem /home/microros/microros_ws/firmware/mcu_ws/install/rcutils/include -isystem /home/microros/microros_ws/firmware/mcu_ws/install/tinydir_vendor/share/tinydir_vendor/cmake/../../../include -isystem /home/microros/microros_ws/firmware/mcu_ws/install/rosidl_typesupport_microxrcedds_c/include -isystem /home/microros/microros_ws/firmware/mcu_ws/install/microcdr/include -isystem /home/microros/microros_ws/firmware/mcu_ws/install/rosidl_typesupport_c/include  -std=c99 -Dunix=1 -mcpu=cortex-m4 -mthumb -mfloat-abi=soft -Os -fno-strict-aliasing -fno-strength-reduce -fomit-frame-pointer -O2 -g -DNDEBUG -fPIC   -Wall -std=gnu11 -o CMakeFiles/actionlib_msgs__rosidl_generator_c.dir/rosidl_generator_c/actionlib_msgs/msg/detail/goal_status__functions.c.obj   -c /home/microros/microros_ws/firmware/mcu_ws/build/actionlib_msgs/rosidl_generator_c/actionlib_msgs/msg/detail/goal_status__functions.c
[ 33%] [32m[1mLinking CXX static library libactionlib_msgs__rosidl_generator_c.a[0m
/usr/bin/cmake -P CMakeFiles/actionlib_msgs__rosidl_generator_c.dir/cmake_clean_target.cmake
/usr/bin/cmake -E cmake_link_script CMakeFiles/actionlib_msgs__rosidl_generator_c.dir/link.txt --verbose=1
/usr/bin/arm-none-eabi-ar qc libactionlib_msgs__rosidl_generator_c.a  CMakeFiles/actionlib_msgs__rosidl_generator_c.dir/rosidl_generator_c/actionlib_msgs/msg/detail/goal_id__functions.c.obj CMakeFiles/actionlib_msgs__rosidl_generator_c.dir/rosidl_generator_c/actionlib_msgs/msg/detail/goal_status__functions.c.obj CMakeFiles/actionlib_msgs__rosidl_generator_c.dir/rosidl_generator_c/actionlib_msgs/msg/detail/goal_status_array__functions.c.obj
/usr/bin/arm-none-eabi-ranlib libactionlib_msgs__rosidl_generator_c.a
make[6]: Leaving directory '/home/microros/microros_ws/firmware/mcu_ws/build/actionlib_msgs'
[ 33%] Built target actionlib_msgs__rosidl_generator_c
/usr/bin/make -f CMakeFiles/actionlib_msgs__rosidl_typesupport_microxrcedds_c.dir/build.make CMakeFiles/actionlib_msgs__rosidl_typesupport_microxrcedds_c.dir/depend
make[6]: Entering directory '/home/microros/microros_ws/firmware/mcu_ws/build/actionlib_msgs'
[ 40%] [34m[1mGenerating C type support for eProsima Micro XRCE-DDS[0m
/usr/bin/python3 /home/microros/microros_ws/firmware/mcu_ws/install/rosidl_typesupport_microxrcedds_c/lib/rosidl_typesupport_microxrcedds_c/rosidl_typesupport_microxrcedds_c --generator-arguments-file /home/microros/microros_ws/firmware/mcu_ws/build/actionlib_msgs/rosidl_typesupport_microxrcedds_c__arguments.json
cd /home/microros/microros_ws/firmware/mcu_ws/build/actionlib_msgs && /usr/bin/cmake -E cmake_depends "Unix Makefiles" /home/microros/microros_ws/firmware/mcu_ws/ros2/common_interfaces/actionlib_msgs /home/microros/microros_ws/firmware/mcu_ws/ros2/common_interfaces/actionlib_msgs /home/microros/microros_ws/firmware/mcu_ws/build/actionlib_msgs /home/microros/microros_ws/firmware/mcu_ws/build/actionlib_msgs /home/microros/microros_ws/firmware/mcu_ws/build/actionlib_msgs/CMakeFiles/actionlib_msgs__rosidl_typesupport_microxrcedds_c.dir/DependInfo.cmake --color=
Dependee "/home/microros/microros_ws/firmware/mcu_ws/build/actionlib_msgs/CMakeFiles/actionlib_msgs__rosidl_typesupport_microxrcedds_c.dir/DependInfo.cmake" is newer than depender "/home/microros/microros_ws/firmware/mcu_ws/build/actionlib_msgs/CMakeFiles/actionlib_msgs__rosidl_typesupport_microxrcedds_c.dir/depend.internal".
Dependee "/home/microros/microros_ws/firmware/mcu_ws/build/actionlib_msgs/CMakeFiles/CMakeDirectoryInformation.cmake" is newer than depender "/home/microros/microros_ws/firmware/mcu_ws/build/actionlib_msgs/CMakeFiles/actionlib_msgs__rosidl_typesupport_microxrcedds_c.dir/depend.internal".
[35m[1mScanning dependencies of target actionlib_msgs__rosidl_typesupport_microxrcedds_c[0m
make[6]: Leaving directory '/home/microros/microros_ws/firmware/mcu_ws/build/actionlib_msgs'
/usr/bin/make -f CMakeFiles/actionlib_msgs__rosidl_typesupport_microxrcedds_c.dir/build.make CMakeFiles/actionlib_msgs__rosidl_typesupport_microxrcedds_c.dir/build
make[6]: Entering directory '/home/microros/microros_ws/firmware/mcu_ws/build/actionlib_msgs'
[ 46%] [32mBuilding C object CMakeFiles/actionlib_msgs__rosidl_typesupport_microxrcedds_c.dir/rosidl_typesupport_microxrcedds_c/actionlib_msgs/msg/detail/microxrcedds/goal_id__type_support_c.c.obj[0m
/usr/bin/arm-none-eabi-gcc --sysroot=/home/microros/microros_ws/firmware/NuttX/.. -DROS_PACKAGE_NAME=\"actionlib_msgs\" -I/home/microros/microros_ws/firmware/mcu_ws/build/actionlib_msgs/rosidl_generator_c -I/home/microros/microros_ws/firmware/mcu_ws/build/actionlib_msgs/rosidl_typesupport_microxrcedds_c -isystem /home/microros/microros_ws/firmware/NuttX/include -isystem /home/microros/microros_ws/firmware/NuttX/include/cxx -isystem /home/microros/microros_ws/firmware/NuttX/include/uClibc++ -isystem /home/microros/microros_ws/firmware/mcu_ws/install/rosidl_typesupport_microxrcedds_c/include -isystem /home/microros/microros_ws/firmware/mcu_ws/install/rmw/include -isystem /home/microros/microros_ws/firmware/mcu_ws/install/rosidl_runtime_c/include -isystem /home/microros/microros_ws/firmware/mcu_ws/install/rosidl_typesupport_interface/include -isystem /home/microros/microros_ws/firmware/mcu_ws/install/builtin_interfaces/include -isystem /home/microros/microros_ws/firmware/mcu_ws/install/std_msgs/include -isystem /home/microros/microros_ws/firmware/mcu_ws/install/rcutils/include -isystem /home/microros/microros_ws/firmware/mcu_ws/install/tinydir_vendor/share/tinydir_vendor/cmake/../../../include -isystem /home/microros/microros_ws/firmware/mcu_ws/install/microcdr/include -isystem /home/microros/microros_ws/firmware/mcu_ws/install/rosidl_typesupport_c/include  -std=c99 -Dunix=1 -mcpu=cortex-m4 -mthumb -mfloat-abi=soft -Os -fno-strict-aliasing -fno-strength-reduce -fomit-frame-pointer -O2 -g -DNDEBUG -fPIC   -Wall -Wextra -Wpedantic -std=gnu99 -o CMakeFiles/actionlib_msgs__rosidl_typesupport_microxrcedds_c.dir/rosidl_typesupport_microxrcedds_c/actionlib_msgs/msg/detail/microxrcedds/goal_id__type_support_c.c.obj   -c /home/microros/microros_ws/firmware/mcu_ws/build/actionlib_msgs/rosidl_typesupport_microxrcedds_c/actionlib_msgs/msg/detail/microxrcedds/goal_id__type_support_c.c
[ 53%] [32mBuilding C object CMakeFiles/actionlib_msgs__rosidl_typesupport_microxrcedds_c.dir/rosidl_typesupport_microxrcedds_c/actionlib_msgs/msg/detail/microxrcedds/goal_status_array__type_support_c.c.obj[0m
/usr/bin/arm-none-eabi-gcc --sysroot=/home/microros/microros_ws/firmware/NuttX/.. -DROS_PACKAGE_NAME=\"actionlib_msgs\" -I/home/microros/microros_ws/firmware/mcu_ws/build/actionlib_msgs/rosidl_generator_c -I/home/microros/microros_ws/firmware/mcu_ws/build/actionlib_msgs/rosidl_typesupport_microxrcedds_c -isystem /home/microros/microros_ws/firmware/NuttX/include -isystem /home/microros/microros_ws/firmware/NuttX/include/cxx -isystem /home/microros/microros_ws/firmware/NuttX/include/uClibc++ -isystem /home/microros/microros_ws/firmware/mcu_ws/install/rosidl_typesupport_microxrcedds_c/include -isystem /home/microros/microros_ws/firmware/mcu_ws/install/rmw/include -isystem /home/microros/microros_ws/firmware/mcu_ws/install/rosidl_runtime_c/include -isystem /home/microros/microros_ws/firmware/mcu_ws/install/rosidl_typesupport_interface/include -isystem /home/microros/microros_ws/firmware/mcu_ws/install/builtin_interfaces/include -isystem /home/microros/microros_ws/firmware/mcu_ws/install/std_msgs/include -isystem /home/microros/microros_ws/firmware/mcu_ws/install/rcutils/include -isystem /home/microros/microros_ws/firmware/mcu_ws/install/tinydir_vendor/share/tinydir_vendor/cmake/../../../include -isystem /home/microros/microros_ws/firmware/mcu_ws/install/microcdr/include -isystem /home/microros/microros_ws/firmware/mcu_ws/install/rosidl_typesupport_c/include  -std=c99 -Dunix=1 -mcpu=cortex-m4 -mthumb -mfloat-abi=soft -Os -fno-strict-aliasing -fno-strength-reduce -fomit-frame-pointer -O2 -g -DNDEBUG -fPIC   -Wall -Wextra -Wpedantic -std=gnu99 -o CMakeFiles/actionlib_msgs__rosidl_typesupport_microxrcedds_c.dir/rosidl_typesupport_microxrcedds_c/actionlib_msgs/msg/detail/microxrcedds/goal_status_array__type_support_c.c.obj   -c /home/microros/microros_ws/firmware/mcu_ws/build/actionlib_msgs/rosidl_typesupport_microxrcedds_c/actionlib_msgs/msg/detail/microxrcedds/goal_status_array__type_support_c.c
[ 60%] [32mBuilding C object CMakeFiles/actionlib_msgs__rosidl_typesupport_microxrcedds_c.dir/rosidl_typesupport_microxrcedds_c/actionlib_msgs/msg/detail/microxrcedds/goal_status__type_support_c.c.obj[0m
/usr/bin/arm-none-eabi-gcc --sysroot=/home/microros/microros_ws/firmware/NuttX/.. -DROS_PACKAGE_NAME=\"actionlib_msgs\" -I/home/microros/microros_ws/firmware/mcu_ws/build/actionlib_msgs/rosidl_generator_c -I/home/microros/microros_ws/firmware/mcu_ws/build/actionlib_msgs/rosidl_typesupport_microxrcedds_c -isystem /home/microros/microros_ws/firmware/NuttX/include -isystem /home/microros/microros_ws/firmware/NuttX/include/cxx -isystem /home/microros/microros_ws/firmware/NuttX/include/uClibc++ -isystem /home/microros/microros_ws/firmware/mcu_ws/install/rosidl_typesupport_microxrcedds_c/include -isystem /home/microros/microros_ws/firmware/mcu_ws/install/rmw/include -isystem /home/microros/microros_ws/firmware/mcu_ws/install/rosidl_runtime_c/include -isystem /home/microros/microros_ws/firmware/mcu_ws/install/rosidl_typesupport_interface/include -isystem /home/microros/microros_ws/firmware/mcu_ws/install/builtin_interfaces/include -isystem /home/microros/microros_ws/firmware/mcu_ws/install/std_msgs/include -isystem /home/microros/microros_ws/firmware/mcu_ws/install/rcutils/include -isystem /home/microros/microros_ws/firmware/mcu_ws/install/tinydir_vendor/share/tinydir_vendor/cmake/../../../include -isystem /home/microros/microros_ws/firmware/mcu_ws/install/microcdr/include -isystem /home/microros/microros_ws/firmware/mcu_ws/install/rosidl_typesupport_c/include  -std=c99 -Dunix=1 -mcpu=cortex-m4 -mthumb -mfloat-abi=soft -Os -fno-strict-aliasing -fno-strength-reduce -fomit-frame-pointer -O2 -g -DNDEBUG -fPIC   -Wall -Wextra -Wpedantic -std=gnu99 -o CMakeFiles/actionlib_msgs__rosidl_typesupport_microxrcedds_c.dir/rosidl_typesupport_microxrcedds_c/actionlib_msgs/msg/detail/microxrcedds/goal_status__type_support_c.c.obj   -c /home/microros/microros_ws/firmware/mcu_ws/build/actionlib_msgs/rosidl_typesupport_microxrcedds_c/actionlib_msgs/msg/detail/microxrcedds/goal_status__type_support_c.c
[ 66%] [32m[1mLinking CXX static library libactionlib_msgs__rosidl_typesupport_microxrcedds_c.a[0m
/usr/bin/cmake -P CMakeFiles/actionlib_msgs__rosidl_typesupport_microxrcedds_c.dir/cmake_clean_target.cmake
/usr/bin/cmake -E cmake_link_script CMakeFiles/actionlib_msgs__rosidl_typesupport_microxrcedds_c.dir/link.txt --verbose=1
/usr/bin/arm-none-eabi-ar qc libactionlib_msgs__rosidl_typesupport_microxrcedds_c.a  CMakeFiles/actionlib_msgs__rosidl_typesupport_microxrcedds_c.dir/rosidl_typesupport_microxrcedds_c/actionlib_msgs/msg/detail/microxrcedds/goal_id__type_support_c.c.obj CMakeFiles/actionlib_msgs__rosidl_typesupport_microxrcedds_c.dir/rosidl_typesupport_microxrcedds_c/actionlib_msgs/msg/detail/microxrcedds/goal_status__type_support_c.c.obj CMakeFiles/actionlib_msgs__rosidl_typesupport_microxrcedds_c.dir/rosidl_typesupport_microxrcedds_c/actionlib_msgs/msg/detail/microxrcedds/goal_status_array__type_support_c.c.obj
/usr/bin/arm-none-eabi-ranlib libactionlib_msgs__rosidl_typesupport_microxrcedds_c.a
make[6]: Leaving directory '/home/microros/microros_ws/firmware/mcu_ws/build/actionlib_msgs'
[ 66%] Built target actionlib_msgs__rosidl_typesupport_microxrcedds_c
/usr/bin/make -f CMakeFiles/actionlib_msgs__rosidl_typesupport_c.dir/build.make CMakeFiles/actionlib_msgs__rosidl_typesupport_c.dir/depend
make[6]: Entering directory '/home/microros/microros_ws/firmware/mcu_ws/build/actionlib_msgs'
[ 73%] [34m[1mGenerating C type support dispatch for ROS interfaces[0m
/usr/bin/python3 /home/microros/microros_ws/firmware/mcu_ws/install/rosidl_typesupport_c/lib/rosidl_typesupport_c/rosidl_typesupport_c --generator-arguments-file /home/microros/microros_ws/firmware/mcu_ws/build/actionlib_msgs/rosidl_typesupport_c__arguments.json --typesupports rosidl_typesupport_microxrcedds_c
cd /home/microros/microros_ws/firmware/mcu_ws/build/actionlib_msgs && /usr/bin/cmake -E cmake_depends "Unix Makefiles" /home/microros/microros_ws/firmware/mcu_ws/ros2/common_interfaces/actionlib_msgs /home/microros/microros_ws/firmware/mcu_ws/ros2/common_interfaces/actionlib_msgs /home/microros/microros_ws/firmware/mcu_ws/build/actionlib_msgs /home/microros/microros_ws/firmware/mcu_ws/build/actionlib_msgs /home/microros/microros_ws/firmware/mcu_ws/build/actionlib_msgs/CMakeFiles/actionlib_msgs__rosidl_typesupport_c.dir/DependInfo.cmake --color=
Dependee "/home/microros/microros_ws/firmware/mcu_ws/build/actionlib_msgs/CMakeFiles/actionlib_msgs__rosidl_typesupport_c.dir/DependInfo.cmake" is newer than depender "/home/microros/microros_ws/firmware/mcu_ws/build/actionlib_msgs/CMakeFiles/actionlib_msgs__rosidl_typesupport_c.dir/depend.internal".
Dependee "/home/microros/microros_ws/firmware/mcu_ws/build/actionlib_msgs/CMakeFiles/CMakeDirectoryInformation.cmake" is newer than depender "/home/microros/microros_ws/firmware/mcu_ws/build/actionlib_msgs/CMakeFiles/actionlib_msgs__rosidl_typesupport_c.dir/depend.internal".
[35m[1mScanning dependencies of target actionlib_msgs__rosidl_typesupport_c[0m
make[6]: Leaving directory '/home/microros/microros_ws/firmware/mcu_ws/build/actionlib_msgs'
/usr/bin/make -f CMakeFiles/actionlib_msgs__rosidl_typesupport_c.dir/build.make CMakeFiles/actionlib_msgs__rosidl_typesupport_c.dir/build
make[6]: Entering directory '/home/microros/microros_ws/firmware/mcu_ws/build/actionlib_msgs'
[ 80%] [32mBuilding CXX object CMakeFiles/actionlib_msgs__rosidl_typesupport_c.dir/rosidl_typesupport_c/actionlib_msgs/msg/goal_id__type_support.cpp.obj[0m
/usr/bin/arm-none-eabi-g++ --sysroot=/home/microros/microros_ws/firmware/NuttX/..  -DROS_PACKAGE_NAME=\"actionlib_msgs\" -I/home/microros/microros_ws/firmware/mcu_ws/build/actionlib_msgs/rosidl_generator_c -I/home/microros/microros_ws/firmware/mcu_ws/build/actionlib_msgs/rosidl_typesupport_c -I/home/microros/microros_ws/firmware/mcu_ws/build/actionlib_msgs/rosidl_typesupport_microxrcedds_c -isystem /home/microros/microros_ws/firmware/NuttX/include -isystem /home/microros/microros_ws/firmware/NuttX/include/cxx -isystem /home/microros/microros_ws/firmware/NuttX/include/uClibc++ -isystem /home/microros/microros_ws/firmware/mcu_ws/install/rosidl_typesupport_c/include -isystem /home/microros/microros_ws/firmware/mcu_ws/install/rosidl_runtime_c/include -isystem /home/microros/microros_ws/firmware/mcu_ws/install/rosidl_typesupport_interface/include -isystem /home/microros/microros_ws/firmware/mcu_ws/install/builtin_interfaces/include -isystem /home/microros/microros_ws/firmware/mcu_ws/install/std_msgs/include -isystem /home/microros/microros_ws/firmware/mcu_ws/install/rmw/include -isystem /home/microros/microros_ws/firmware/mcu_ws/install/rcutils/include -isystem /home/microros/microros_ws/firmware/mcu_ws/install/tinydir_vendor/share/tinydir_vendor/cmake/../../../include -isystem /home/microros/microros_ws/firmware/mcu_ws/install/rosidl_typesupport_microxrcedds_c/include -isystem /home/microros/microros_ws/firmware/mcu_ws/install/microcdr/include  -std=c++14 -Dunix=1 -mcpu=cortex-m4 -mthumb -mfloat-abi=soft -Os -fno-strict-aliasing -fno-strength-reduce -fomit-frame-pointer -O2 -g -DNDEBUG -fPIC   -Wall -std=gnu++14 -o CMakeFiles/actionlib_msgs__rosidl_typesupport_c.dir/rosidl_typesupport_c/actionlib_msgs/msg/goal_id__type_support.cpp.obj -c /home/microros/microros_ws/firmware/mcu_ws/build/actionlib_msgs/rosidl_typesupport_c/actionlib_msgs/msg/goal_id__type_support.cpp
[ 86%] [32mBuilding CXX object CMakeFiles/actionlib_msgs__rosidl_typesupport_c.dir/rosidl_typesupport_c/actionlib_msgs/msg/goal_status_array__type_support.cpp.obj[0m
/usr/bin/arm-none-eabi-g++ --sysroot=/home/microros/microros_ws/firmware/NuttX/..  -DROS_PACKAGE_NAME=\"actionlib_msgs\" -I/home/microros/microros_ws/firmware/mcu_ws/build/actionlib_msgs/rosidl_generator_c -I/home/microros/microros_ws/firmware/mcu_ws/build/actionlib_msgs/rosidl_typesupport_c -I/home/microros/microros_ws/firmware/mcu_ws/build/actionlib_msgs/rosidl_typesupport_microxrcedds_c -isystem /home/microros/microros_ws/firmware/NuttX/include -isystem /home/microros/microros_ws/firmware/NuttX/include/cxx -isystem /home/microros/microros_ws/firmware/NuttX/include/uClibc++ -isystem /home/microros/microros_ws/firmware/mcu_ws/install/rosidl_typesupport_c/include -isystem /home/microros/microros_ws/firmware/mcu_ws/install/rosidl_runtime_c/include -isystem /home/microros/microros_ws/firmware/mcu_ws/install/rosidl_typesupport_interface/include -isystem /home/microros/microros_ws/firmware/mcu_ws/install/builtin_interfaces/include -isystem /home/microros/microros_ws/firmware/mcu_ws/install/std_msgs/include -isystem /home/microros/microros_ws/firmware/mcu_ws/install/rmw/include -isystem /home/microros/microros_ws/firmware/mcu_ws/install/rcutils/include -isystem /home/microros/microros_ws/firmware/mcu_ws/install/tinydir_vendor/share/tinydir_vendor/cmake/../../../include -isystem /home/microros/microros_ws/firmware/mcu_ws/install/rosidl_typesupport_microxrcedds_c/include -isystem /home/microros/microros_ws/firmware/mcu_ws/install/microcdr/include  -std=c++14 -Dunix=1 -mcpu=cortex-m4 -mthumb -mfloat-abi=soft -Os -fno-strict-aliasing -fno-strength-reduce -fomit-frame-pointer -O2 -g -DNDEBUG -fPIC   -Wall -std=gnu++14 -o CMakeFiles/actionlib_msgs__rosidl_typesupport_c.dir/rosidl_typesupport_c/actionlib_msgs/msg/goal_status_array__type_support.cpp.obj -c /home/microros/microros_ws/firmware/mcu_ws/build/actionlib_msgs/rosidl_typesupport_c/actionlib_msgs/msg/goal_status_array__type_support.cpp
[ 93%] [32mBuilding CXX object CMakeFiles/actionlib_msgs__rosidl_typesupport_c.dir/rosidl_typesupport_c/actionlib_msgs/msg/goal_status__type_support.cpp.obj[0m
/usr/bin/arm-none-eabi-g++ --sysroot=/home/microros/microros_ws/firmware/NuttX/..  -DROS_PACKAGE_NAME=\"actionlib_msgs\" -I/home/microros/microros_ws/firmware/mcu_ws/build/actionlib_msgs/rosidl_generator_c -I/home/microros/microros_ws/firmware/mcu_ws/build/actionlib_msgs/rosidl_typesupport_c -I/home/microros/microros_ws/firmware/mcu_ws/build/actionlib_msgs/rosidl_typesupport_microxrcedds_c -isystem /home/microros/microros_ws/firmware/NuttX/include -isystem /home/microros/microros_ws/firmware/NuttX/include/cxx -isystem /home/microros/microros_ws/firmware/NuttX/include/uClibc++ -isystem /home/microros/microros_ws/firmware/mcu_ws/install/rosidl_typesupport_c/include -isystem /home/microros/microros_ws/firmware/mcu_ws/install/rosidl_runtime_c/include -isystem /home/microros/microros_ws/firmware/mcu_ws/install/rosidl_typesupport_interface/include -isystem /home/microros/microros_ws/firmware/mcu_ws/install/builtin_interfaces/include -isystem /home/microros/microros_ws/firmware/mcu_ws/install/std_msgs/include -isystem /home/microros/microros_ws/firmware/mcu_ws/install/rmw/include -isystem /home/microros/microros_ws/firmware/mcu_ws/install/rcutils/include -isystem /home/microros/microros_ws/firmware/mcu_ws/install/tinydir_vendor/share/tinydir_vendor/cmake/../../../include -isystem /home/microros/microros_ws/firmware/mcu_ws/install/rosidl_typesupport_microxrcedds_c/include -isystem /home/microros/microros_ws/firmware/mcu_ws/install/microcdr/include  -std=c++14 -Dunix=1 -mcpu=cortex-m4 -mthumb -mfloat-abi=soft -Os -fno-strict-aliasing -fno-strength-reduce -fomit-frame-pointer -O2 -g -DNDEBUG -fPIC   -Wall -std=gnu++14 -o CMakeFiles/actionlib_msgs__rosidl_typesupport_c.dir/rosidl_typesupport_c/actionlib_msgs/msg/goal_status__type_support.cpp.obj -c /home/microros/microros_ws/firmware/mcu_ws/build/actionlib_msgs/rosidl_typesupport_c/actionlib_msgs/msg/goal_status__type_support.cpp
[100%] [32m[1mLinking CXX static library libactionlib_msgs__rosidl_typesupport_c.a[0m
/usr/bin/cmake -P CMakeFiles/actionlib_msgs__rosidl_typesupport_c.dir/cmake_clean_target.cmake
/usr/bin/cmake -E cmake_link_script CMakeFiles/actionlib_msgs__rosidl_typesupport_c.dir/link.txt --verbose=1
/usr/bin/arm-none-eabi-ar qc libactionlib_msgs__rosidl_typesupport_c.a  CMakeFiles/actionlib_msgs__rosidl_typesupport_c.dir/rosidl_typesupport_c/actionlib_msgs/msg/goal_id__type_support.cpp.obj CMakeFiles/actionlib_msgs__rosidl_typesupport_c.dir/rosidl_typesupport_c/actionlib_msgs/msg/goal_status__type_support.cpp.obj CMakeFiles/actionlib_msgs__rosidl_typesupport_c.dir/rosidl_typesupport_c/actionlib_msgs/msg/goal_status_array__type_support.cpp.obj
/usr/bin/arm-none-eabi-ranlib libactionlib_msgs__rosidl_typesupport_c.a
make[6]: Leaving directory '/home/microros/microros_ws/firmware/mcu_ws/build/actionlib_msgs'
[100%] Built target actionlib_msgs__rosidl_typesupport_c
/usr/bin/make -f CMakeFiles/actionlib_msgs.dir/build.make CMakeFiles/actionlib_msgs.dir/depend
make[6]: Entering directory '/home/microros/microros_ws/firmware/mcu_ws/build/actionlib_msgs'
cd /home/microros/microros_ws/firmware/mcu_ws/build/actionlib_msgs && /usr/bin/cmake -E cmake_depends "Unix Makefiles" /home/microros/microros_ws/firmware/mcu_ws/ros2/common_interfaces/actionlib_msgs /home/microros/microros_ws/firmware/mcu_ws/ros2/common_interfaces/actionlib_msgs /home/microros/microros_ws/firmware/mcu_ws/build/actionlib_msgs /home/microros/microros_ws/firmware/mcu_ws/build/actionlib_msgs /home/microros/microros_ws/firmware/mcu_ws/build/actionlib_msgs/CMakeFiles/actionlib_msgs.dir/DependInfo.cmake --color=
Dependee "/home/microros/microros_ws/firmware/mcu_ws/build/actionlib_msgs/CMakeFiles/actionlib_msgs.dir/DependInfo.cmake" is newer than depender "/home/microros/microros_ws/firmware/mcu_ws/build/actionlib_msgs/CMakeFiles/actionlib_msgs.dir/depend.internal".
Dependee "/home/microros/microros_ws/firmware/mcu_ws/build/actionlib_msgs/CMakeFiles/CMakeDirectoryInformation.cmake" is newer than depender "/home/microros/microros_ws/firmware/mcu_ws/build/actionlib_msgs/CMakeFiles/actionlib_msgs.dir/depend.internal".
[35m[1mScanning dependencies of target actionlib_msgs[0m
make[6]: Leaving directory '/home/microros/microros_ws/firmware/mcu_ws/build/actionlib_msgs'
/usr/bin/make -f CMakeFiles/actionlib_msgs.dir/build.make CMakeFiles/actionlib_msgs.dir/build
make[6]: Entering directory '/home/microros/microros_ws/firmware/mcu_ws/build/actionlib_msgs'
make[6]: Nothing to be done for 'CMakeFiles/actionlib_msgs.dir/build'.
make[6]: Leaving directory '/home/microros/microros_ws/firmware/mcu_ws/build/actionlib_msgs'
[100%] Built target actionlib_msgs
make[5]: Leaving directory '/home/microros/microros_ws/firmware/mcu_ws/build/actionlib_msgs'
/usr/bin/cmake -E cmake_progress_start /home/microros/microros_ws/firmware/mcu_ws/build/actionlib_msgs/CMakeFiles 0
make[4]: Leaving directory '/home/microros/microros_ws/firmware/mcu_ws/build/actionlib_msgs'
-- Install configuration: "RelWithDebInfo"
-- Installing: /home/microros/microros_ws/firmware/mcu_ws/install/actionlib_msgs/share/ament_index/resource_index/rosidl_interfaces/actionlib_msgs
-- Installing: /home/microros/microros_ws/firmware/mcu_ws/install/actionlib_msgs/include/actionlib_msgs
-- Installing: /home/microros/microros_ws/firmware/mcu_ws/install/actionlib_msgs/include/actionlib_msgs/msg
-- Installing: /home/microros/microros_ws/firmware/mcu_ws/install/actionlib_msgs/include/actionlib_msgs/msg/detail
-- Installing: /home/microros/microros_ws/firmware/mcu_ws/install/actionlib_msgs/include/actionlib_msgs/msg/detail/goal_status__functions.h
-- Installing: /home/microros/microros_ws/firmware/mcu_ws/install/actionlib_msgs/include/actionlib_msgs/msg/detail/goal_id__functions.h
-- Installing: /home/microros/microros_ws/firmware/mcu_ws/install/actionlib_msgs/include/actionlib_msgs/msg/detail/goal_status_array__functions.c
-- Installing: /home/microros/microros_ws/firmware/mcu_ws/install/actionlib_msgs/include/actionlib_msgs/msg/detail/goal_status_array__struct.h
-- Installing: /home/microros/microros_ws/firmware/mcu_ws/install/actionlib_msgs/include/actionlib_msgs/msg/detail/goal_id__type_support.h
-- Installing: /home/microros/microros_ws/firmware/mcu_ws/install/actionlib_msgs/include/actionlib_msgs/msg/detail/goal_id__struct.h
-- Installing: /home/microros/microros_ws/firmware/mcu_ws/install/actionlib_msgs/include/actionlib_msgs/msg/detail/goal_id__functions.c
-- Installing: /home/microros/microros_ws/firmware/mcu_ws/install/actionlib_msgs/include/actionlib_msgs/msg/detail/goal_status__functions.c
-- Installing: /home/microros/microros_ws/firmware/mcu_ws/install/actionlib_msgs/include/actionlib_msgs/msg/detail/goal_status_array__functions.h
-- Installing: /home/microros/microros_ws/firmware/mcu_ws/install/actionlib_msgs/include/actionlib_msgs/msg/detail/goal_status_array__type_support.h
-- Installing: /home/microros/microros_ws/firmware/mcu_ws/install/actionlib_msgs/include/actionlib_msgs/msg/detail/goal_status__type_support.h
-- Installing: /home/microros/microros_ws/firmware/mcu_ws/install/actionlib_msgs/include/actionlib_msgs/msg/detail/goal_status__struct.h
-- Installing: /home/microros/microros_ws/firmware/mcu_ws/install/actionlib_msgs/include/actionlib_msgs/msg/goal_status_array.h
-- Installing: /home/microros/microros_ws/firmware/mcu_ws/install/actionlib_msgs/include/actionlib_msgs/msg/goal_id.h
-- Installing: /home/microros/microros_ws/firmware/mcu_ws/install/actionlib_msgs/include/actionlib_msgs/msg/goal_status.h
-- Installing: /home/microros/microros_ws/firmware/mcu_ws/install/actionlib_msgs/include/actionlib_msgs/msg/rosidl_generator_c__visibility_control.h
-- Installing: /home/microros/microros_ws/firmware/mcu_ws/install/actionlib_msgs/share/actionlib_msgs/environment/library_path.sh
-- Installing: /home/microros/microros_ws/firmware/mcu_ws/install/actionlib_msgs/share/actionlib_msgs/environment/library_path.dsv
-- Installing: /home/microros/microros_ws/firmware/mcu_ws/install/actionlib_msgs/lib/libactionlib_msgs__rosidl_generator_c.a
-- Up-to-date: /home/microros/microros_ws/firmware/mcu_ws/install/actionlib_msgs/include/actionlib_msgs
-- Up-to-date: /home/microros/microros_ws/firmware/mcu_ws/install/actionlib_msgs/include/actionlib_msgs/msg
-- Up-to-date: /home/microros/microros_ws/firmware/mcu_ws/install/actionlib_msgs/include/actionlib_msgs/msg/detail
-- Installing: /home/microros/microros_ws/firmware/mcu_ws/install/actionlib_msgs/include/actionlib_msgs/msg/detail/microxrcedds
-- Installing: /home/microros/microros_ws/firmware/mcu_ws/install/actionlib_msgs/include/actionlib_msgs/msg/detail/goal_status_array__rosidl_typesupport_microxrcedds_c.h
-- Installing: /home/microros/microros_ws/firmware/mcu_ws/install/actionlib_msgs/include/actionlib_msgs/msg/detail/goal_id__rosidl_typesupport_microxrcedds_c.h
-- Installing: /home/microros/microros_ws/firmware/mcu_ws/install/actionlib_msgs/include/actionlib_msgs/msg/detail/goal_status__rosidl_typesupport_microxrcedds_c.h
-- Installing: /home/microros/microros_ws/firmware/mcu_ws/install/actionlib_msgs/include/actionlib_msgs/msg/rosidl_typesupport_microxrcedds_c__visibility_control.h
-- Installing: /home/microros/microros_ws/firmware/mcu_ws/install/actionlib_msgs/lib/libactionlib_msgs__rosidl_typesupport_microxrcedds_c.a
-- Installing: /home/microros/microros_ws/firmware/mcu_ws/install/actionlib_msgs/lib/libactionlib_msgs__rosidl_typesupport_c.a
-- Up-to-date: /home/microros/microros_ws/firmware/mcu_ws/install/actionlib_msgs/lib/libactionlib_msgs__rosidl_typesupport_microxrcedds_c.a
-- Installing: /home/microros/microros_ws/firmware/mcu_ws/install/actionlib_msgs/share/actionlib_msgs/msg/GoalID.idl
-- Installing: /home/microros/microros_ws/firmware/mcu_ws/install/actionlib_msgs/share/actionlib_msgs/msg/GoalStatus.idl
-- Installing: /home/microros/microros_ws/firmware/mcu_ws/install/actionlib_msgs/share/actionlib_msgs/msg/GoalStatusArray.idl
-- Installing: /home/microros/microros_ws/firmware/mcu_ws/install/actionlib_msgs/share/actionlib_msgs/msg/GoalID.msg
-- Installing: /home/microros/microros_ws/firmware/mcu_ws/install/actionlib_msgs/share/actionlib_msgs/msg/GoalStatus.msg
-- Installing: /home/microros/microros_ws/firmware/mcu_ws/install/actionlib_msgs/share/actionlib_msgs/msg/GoalStatusArray.msg
-- Installing: /home/microros/microros_ws/firmware/mcu_ws/install/actionlib_msgs/share/ament_index/resource_index/package_run_dependencies/actionlib_msgs
-- Installing: /home/microros/microros_ws/firmware/mcu_ws/install/actionlib_msgs/share/ament_index/resource_index/parent_prefix_path/actionlib_msgs
-- Installing: /home/microros/microros_ws/firmware/mcu_ws/install/actionlib_msgs/share/actionlib_msgs/environment/ament_prefix_path.sh
-- Installing: /home/microros/microros_ws/firmware/mcu_ws/install/actionlib_msgs/share/actionlib_msgs/environment/ament_prefix_path.dsv
-- Installing: /home/microros/microros_ws/firmware/mcu_ws/install/actionlib_msgs/share/actionlib_msgs/environment/path.sh
-- Installing: /home/microros/microros_ws/firmware/mcu_ws/install/actionlib_msgs/share/actionlib_msgs/environment/path.dsv
-- Installing: /home/microros/microros_ws/firmware/mcu_ws/install/actionlib_msgs/share/actionlib_msgs/local_setup.bash
-- Installing: /home/microros/microros_ws/firmware/mcu_ws/install/actionlib_msgs/share/actionlib_msgs/local_setup.sh
-- Installing: /home/microros/microros_ws/firmware/mcu_ws/install/actionlib_msgs/share/actionlib_msgs/local_setup.zsh
-- Installing: /home/microros/microros_ws/firmware/mcu_ws/install/actionlib_msgs/share/actionlib_msgs/local_setup.dsv
-- Installing: /home/microros/microros_ws/firmware/mcu_ws/install/actionlib_msgs/share/actionlib_msgs/package.dsv
-- Installing: /home/microros/microros_ws/firmware/mcu_ws/install/actionlib_msgs/share/ament_index/resource_index/packages/actionlib_msgs
-- Installing: /home/microros/microros_ws/firmware/mcu_ws/install/actionlib_msgs/share/actionlib_msgs/cmake/actionlib_msgs__rosidl_generator_cExport.cmake
-- Installing: /home/microros/microros_ws/firmware/mcu_ws/install/actionlib_msgs/share/actionlib_msgs/cmake/actionlib_msgs__rosidl_generator_cExport-relwithdebinfo.cmake
-- Installing: /home/microros/microros_ws/firmware/mcu_ws/install/actionlib_msgs/share/actionlib_msgs/cmake/actionlib_msgs__rosidl_typesupport_cExport.cmake
-- Installing: /home/microros/microros_ws/firmware/mcu_ws/install/actionlib_msgs/share/actionlib_msgs/cmake/actionlib_msgs__rosidl_typesupport_cExport-relwithdebinfo.cmake
-- Installing: /home/microros/microros_ws/firmware/mcu_ws/install/actionlib_msgs/share/actionlib_msgs/cmake/rosidl_cmake-extras.cmake
-- Installing: /home/microros/microros_ws/firmware/mcu_ws/install/actionlib_msgs/share/actionlib_msgs/cmake/ament_cmake_export_dependencies-extras.cmake
-- Installing: /home/microros/microros_ws/firmware/mcu_ws/install/actionlib_msgs/share/actionlib_msgs/cmake/ament_cmake_export_libraries-extras.cmake
-- Installing: /home/microros/microros_ws/firmware/mcu_ws/install/actionlib_msgs/share/actionlib_msgs/cmake/ament_cmake_export_targets-extras.cmake
-- Installing: /home/microros/microros_ws/firmware/mcu_ws/install/actionlib_msgs/share/actionlib_msgs/cmake/ament_cmake_export_include_directories-extras.cmake
-- Installing: /home/microros/microros_ws/firmware/mcu_ws/install/actionlib_msgs/share/actionlib_msgs/cmake/rosidl_cmake_export_typesupport_libraries-extras.cmake
-- Installing: /home/microros/microros_ws/firmware/mcu_ws/install/actionlib_msgs/share/actionlib_msgs/cmake/actionlib_msgsConfig.cmake
-- Installing: /home/microros/microros_ws/firmware/mcu_ws/install/actionlib_msgs/share/actionlib_msgs/cmake/actionlib_msgsConfig-version.cmake
-- Installing: /home/microros/microros_ws/firmware/mcu_ws/install/actionlib_msgs/share/actionlib_msgs/package.xml
