-- The C compiler identification is GNU 9.2.1
-- The CXX compiler identification is GNU 9.2.1
-- Check for working C compiler: /usr/bin/arm-none-eabi-gcc
-- Check for working C compiler: /usr/bin/arm-none-eabi-gcc -- works
-- Detecting C compiler ABI info
-- Detecting C compiler ABI info - done
-- Detecting C compile features
-- Detecting C compile features - done
-- Check for working CXX compiler: /usr/bin/arm-none-eabi-g++
-- Check for working CXX compiler: /usr/bin/arm-none-eabi-g++ -- works
-- Detecting CXX compiler ABI info
-- Detecting CXX compiler ABI info - done
-- Detecting CXX compile features
-- Detecting CXX compile features - done
-- Found ament_cmake_ros: 0.9.0 (/home/microros/microros_ws/firmware/dev_ws/install/ament_cmake_ros/share/ament_cmake_ros/cmake)
CMake Warning (dev) at /home/microros/microros_ws/firmware/dev_ws/install/ament_cmake_test/share/ament_cmake_test/cmake/ament_cmake_test-extras.cmake:19 (option):
  Policy CMP0077 is not set: option() honors normal variables.  Run "cmake
  --help-policy CMP0077" for policy details.  Use the cmake_policy command to
  set the policy and suppress this warning.

  For compatibility with older versions of CMake, option is clearing the
  normal variable 'BUILD_TESTING'.
Call Stack (most recent call first):
  /home/microros/microros_ws/firmware/dev_ws/install/ament_cmake_test/share/ament_cmake_test/cmake/ament_cmake_testConfig.cmake:41 (include)
  /home/microros/microros_ws/firmware/dev_ws/install/ament_cmake_pytest/share/ament_cmake_pytest/cmake/ament_cmake_pytest-extras.cmake:17 (find_package)
  /home/microros/microros_ws/firmware/dev_ws/install/ament_cmake_pytest/share/ament_cmake_pytest/cmake/ament_cmake_pytestConfig.cmake:41 (include)
  /home/microros/microros_ws/firmware/dev_ws/install/ament_cmake_ros/share/ament_cmake_ros/cmake/ament_cmake_ros-extras.cmake:19 (find_package)
  /home/microros/microros_ws/firmware/dev_ws/install/ament_cmake_ros/share/ament_cmake_ros/cmake/ament_cmake_rosConfig.cmake:41 (include)
  CMakeLists.txt:30 (find_package)
This warning is for project developers.  Use -Wno-dev to suppress it.

-- Found PythonInterp: /usr/bin/python3 (found suitable version "3.8.2", minimum required is "3") 
-- Using PYTHON_EXECUTABLE: /usr/bin/python3
CMake Warning (dev) at /home/microros/microros_ws/firmware/dev_ws/install/ament_cmake_ros/share/ament_cmake_ros/cmake/build_shared_libs.cmake:15 (option):
  Policy CMP0077 is not set: option() honors normal variables.  Run "cmake
  --help-policy CMP0077" for policy details.  Use the cmake_policy command to
  set the policy and suppress this warning.

  For compatibility with older versions of CMake, option is clearing the
  normal variable 'BUILD_SHARED_LIBS'.
Call Stack (most recent call first):
  /home/microros/microros_ws/firmware/dev_ws/install/ament_cmake_ros/share/ament_cmake_ros/cmake/ament_cmake_ros-extras.cmake:24 (include)
  /home/microros/microros_ws/firmware/dev_ws/install/ament_cmake_ros/share/ament_cmake_ros/cmake/ament_cmake_rosConfig.cmake:41 (include)
  CMakeLists.txt:30 (find_package)
This warning is for project developers.  Use -Wno-dev to suppress it.

-- Found rcl: 1.1.7 (/home/microros/microros_ws/firmware/mcu_ws/install/rcl/share/rcl/cmake)
-- Using single rosidl_typesupport_c: rosidl_typesupport_microxrcedds_c
-- Found rosidl_adapter: 1.1.0 (/home/microros/microros_ws/firmware/mcu_ws/install/rosidl_adapter/share/rosidl_adapter/cmake)
CMake Warning at /home/microros/microros_ws/firmware/mcu_ws/install/rcutils/share/rcutils/cmake/ament_cmake_export_libraries-extras.cmake:116 (message):
  Package 'rcutils' exports library 'dl' which couldn't be found
Call Stack (most recent call first):
  /home/microros/microros_ws/firmware/mcu_ws/install/rcutils/share/rcutils/cmake/rcutilsConfig.cmake:41 (include)
  /home/microros/microros_ws/firmware/mcu_ws/install/rmw/share/rmw/cmake/ament_cmake_export_dependencies-extras.cmake:21 (find_package)
  /home/microros/microros_ws/firmware/mcu_ws/install/rmw/share/rmw/cmake/rmwConfig.cmake:41 (include)
  /home/microros/microros_ws/firmware/mcu_ws/install/rosidl_typesupport_microxrcedds_c/share/rosidl_typesupport_microxrcedds_c/cmake/ament_cmake_export_dependencies-extras.cmake:21 (find_package)
  /home/microros/microros_ws/firmware/mcu_ws/install/rosidl_typesupport_microxrcedds_c/share/rosidl_typesupport_microxrcedds_c/cmake/rosidl_typesupport_microxrcedds_cConfig.cmake:41 (include)
  /home/microros/microros_ws/firmware/mcu_ws/install/rosidl_typesupport_c/share/rosidl_typesupport_c/cmake/rosidl_typesupport_c-extras.cmake:13 (find_package)
  /home/microros/microros_ws/firmware/mcu_ws/install/rosidl_typesupport_c/share/rosidl_typesupport_c/cmake/rosidl_typesupport_cConfig.cmake:41 (include)
  /home/microros/microros_ws/firmware/mcu_ws/install/rosidl_default_runtime/share/rosidl_default_runtime/cmake/rosidl_default_runtime-extras.cmake:12 (find_package)
  /home/microros/microros_ws/firmware/mcu_ws/install/rosidl_default_runtime/share/rosidl_default_runtime/cmake/rosidl_default_runtimeConfig.cmake:41 (include)
  /home/microros/microros_ws/firmware/mcu_ws/install/builtin_interfaces/share/builtin_interfaces/cmake/ament_cmake_export_dependencies-extras.cmake:21 (find_package)
  /home/microros/microros_ws/firmware/mcu_ws/install/builtin_interfaces/share/builtin_interfaces/cmake/builtin_interfacesConfig.cmake:41 (include)
  /home/microros/microros_ws/firmware/mcu_ws/install/rcl_interfaces/share/rcl_interfaces/cmake/ament_cmake_export_dependencies-extras.cmake:21 (find_package)
  /home/microros/microros_ws/firmware/mcu_ws/install/rcl_interfaces/share/rcl_interfaces/cmake/rcl_interfacesConfig.cmake:41 (include)
  /home/microros/microros_ws/firmware/mcu_ws/install/rcl/share/rcl/cmake/ament_cmake_export_dependencies-extras.cmake:21 (find_package)
  /home/microros/microros_ws/firmware/mcu_ws/install/rcl/share/rcl/cmake/rclConfig.cmake:41 (include)
  CMakeLists.txt:31 (find_package)


-- Found rmw_implementation_cmake: 1.0.1 (/home/microros/microros_ws/firmware/mcu_ws/install/rmw_implementation_cmake/share/rmw_implementation_cmake/cmake)
-- Using RMW implementation 'rmw_microxrcedds'
-- Found rmw_microxrcedds: 0.0.1 (/home/microros/microros_ws/firmware/mcu_ws/install/rmw_microxrcedds/share/rmw_microxrcedds/cmake)
-- Looking for pthread.h
-- Looking for pthread.h - found
-- Performing Test CMAKE_HAVE_LIBC_PTHREAD
-- Performing Test CMAKE_HAVE_LIBC_PTHREAD - Success
-- Found Threads: TRUE  
-- Found std_msgs: 2.0.3 (/home/microros/microros_ws/firmware/mcu_ws/install/std_msgs/share/std_msgs/cmake)
-- Found rcl version 1.1.7, which belongs to Foxy or later
-- Configuring done
-- Generating done
-- Build files have been written to: /home/microros/microros_ws/firmware/mcu_ws/build/rclc
make[4]: Entering directory '/home/microros/microros_ws/firmware/mcu_ws/build/rclc'
/usr/bin/cmake -S/home/microros/microros_ws/firmware/mcu_ws/uros/rclc/rclc -B/home/microros/microros_ws/firmware/mcu_ws/build/rclc --check-build-system CMakeFiles/Makefile.cmake 0
/usr/bin/cmake -E cmake_progress_start /home/microros/microros_ws/firmware/mcu_ws/build/rclc/CMakeFiles /home/microros/microros_ws/firmware/mcu_ws/build/rclc/CMakeFiles/progress.marks
/usr/bin/make -f CMakeFiles/Makefile2 all
make[5]: Entering directory '/home/microros/microros_ws/firmware/mcu_ws/build/rclc'
/usr/bin/make -f CMakeFiles/rclc.dir/build.make CMakeFiles/rclc.dir/depend
make[6]: Entering directory '/home/microros/microros_ws/firmware/mcu_ws/build/rclc'
cd /home/microros/microros_ws/firmware/mcu_ws/build/rclc && /usr/bin/cmake -E cmake_depends "Unix Makefiles" /home/microros/microros_ws/firmware/mcu_ws/uros/rclc/rclc /home/microros/microros_ws/firmware/mcu_ws/uros/rclc/rclc /home/microros/microros_ws/firmware/mcu_ws/build/rclc /home/microros/microros_ws/firmware/mcu_ws/build/rclc /home/microros/microros_ws/firmware/mcu_ws/build/rclc/CMakeFiles/rclc.dir/DependInfo.cmake --color=
Dependee "/home/microros/microros_ws/firmware/mcu_ws/build/rclc/CMakeFiles/rclc.dir/DependInfo.cmake" is newer than depender "/home/microros/microros_ws/firmware/mcu_ws/build/rclc/CMakeFiles/rclc.dir/depend.internal".
Dependee "/home/microros/microros_ws/firmware/mcu_ws/build/rclc/CMakeFiles/CMakeDirectoryInformation.cmake" is newer than depender "/home/microros/microros_ws/firmware/mcu_ws/build/rclc/CMakeFiles/rclc.dir/depend.internal".
[35m[1mScanning dependencies of target rclc[0m
make[6]: Leaving directory '/home/microros/microros_ws/firmware/mcu_ws/build/rclc'
/usr/bin/make -f CMakeFiles/rclc.dir/build.make CMakeFiles/rclc.dir/build
make[6]: Entering directory '/home/microros/microros_ws/firmware/mcu_ws/build/rclc'
[ 12%] [32mBuilding C object CMakeFiles/rclc.dir/src/rclc/init.c.obj[0m
/usr/bin/arm-none-eabi-gcc --sysroot=/home/microros/microros_ws/firmware/NuttX/.. -DROS_PACKAGE_NAME=\"rclc\" -I/home/microros/microros_ws/firmware/mcu_ws/uros/rclc/rclc/include -I/home/microros/microros_ws/firmware/mcu_ws/uros/rclc/rclc/src -isystem /home/microros/microros_ws/firmware/NuttX/include -isystem /home/microros/microros_ws/firmware/NuttX/include/cxx -isystem /home/microros/microros_ws/firmware/NuttX/include/uClibc++ -isystem /home/microros/microros_ws/firmware/mcu_ws/install/rcl/include -isystem /home/microros/microros_ws/firmware/mcu_ws/install/rosidl_typesupport_microxrcedds_c/include -isystem /home/microros/microros_ws/firmware/mcu_ws/install/rmw/include -isystem /home/microros/microros_ws/firmware/mcu_ws/install/rcutils/include -isystem /home/microros/microros_ws/firmware/mcu_ws/install/tracetools/include -isystem /home/microros/microros_ws/firmware/mcu_ws/uros/rmw_microxrcedds/rmw_microxrcedds_c/include -isystem /home/microros/microros_ws/firmware/mcu_ws/install/tinydir_vendor/share/tinydir_vendor/cmake/../../../include -isystem /home/microros/microros_ws/firmware/mcu_ws/install/rosidl_typesupport_interface/include -isystem /home/microros/microros_ws/firmware/mcu_ws/install/rcl_interfaces/include -isystem /home/microros/microros_ws/firmware/mcu_ws/install/builtin_interfaces/include -isystem /home/microros/microros_ws/firmware/mcu_ws/install/rosidl_runtime_c/include -isystem /home/microros/microros_ws/firmware/mcu_ws/install/microcdr/include -isystem /home/microros/microros_ws/firmware/mcu_ws/install/rosidl_typesupport_c/include  -std=c99 -Dunix=1 -mcpu=cortex-m4 -mthumb -mfloat-abi=soft -Os -fno-strict-aliasing -fno-strength-reduce -fomit-frame-pointer -O2 -g -DNDEBUG -fPIC   -Wall -Wextra -Wpedantic -std=gnu11 -o CMakeFiles/rclc.dir/src/rclc/init.c.obj   -c /home/microros/microros_ws/firmware/mcu_ws/uros/rclc/rclc/src/rclc/init.c
In file included from [01m[K/home/microros/microros_ws/firmware/mcu_ws/uros/rclc/rclc/include/rclc/init.h:26[m[K,
                 from [01m[K/home/microros/microros_ws/firmware/mcu_ws/uros/rclc/rclc/src/rclc/init.c:17[m[K:
[01m[K/home/microros/microros_ws/firmware/mcu_ws/uros/rclc/rclc/include/rclc/types.h:52:[m[K [01;35m[Kwarning: [m[K"UNUSED" redefined
   52 | #define UNUSED(x) (void)x
      | 
In file included from [01m[K/home/microros/microros_ws/firmware/NuttX/include/stdbool.h:69[m[K,
                 from [01m[K/home/microros/microros_ws/firmware/mcu_ws/install/rcutils/include/rcutils/allocator.h:23[m[K,
                 from [01m[K/home/microros/microros_ws/firmware/mcu_ws/install/rcl/include/rcl/allocator.h:23[m[K,
                 from [01m[K/home/microros/microros_ws/firmware/mcu_ws/uros/rclc/rclc/include/rclc/init.h:25[m[K,
                 from [01m[K/home/microros/microros_ws/firmware/mcu_ws/uros/rclc/rclc/src/rclc/init.c:17[m[K:
[01m[K/home/microros/microros_ws/firmware/NuttX/include/nuttx/compiler.h:307:[m[K [01;36m[Knote: [m[Kthis is the location of the previous definition
  307 | #  define UNUSED(a) ((void)(a))
      | 
[ 25%] [32mBuilding C object CMakeFiles/rclc.dir/src/rclc/timer.c.obj[0m
/usr/bin/arm-none-eabi-gcc --sysroot=/home/microros/microros_ws/firmware/NuttX/.. -DROS_PACKAGE_NAME=\"rclc\" -I/home/microros/microros_ws/firmware/mcu_ws/uros/rclc/rclc/include -I/home/microros/microros_ws/firmware/mcu_ws/uros/rclc/rclc/src -isystem /home/microros/microros_ws/firmware/NuttX/include -isystem /home/microros/microros_ws/firmware/NuttX/include/cxx -isystem /home/microros/microros_ws/firmware/NuttX/include/uClibc++ -isystem /home/microros/microros_ws/firmware/mcu_ws/install/rcl/include -isystem /home/microros/microros_ws/firmware/mcu_ws/install/rosidl_typesupport_microxrcedds_c/include -isystem /home/microros/microros_ws/firmware/mcu_ws/install/rmw/include -isystem /home/microros/microros_ws/firmware/mcu_ws/install/rcutils/include -isystem /home/microros/microros_ws/firmware/mcu_ws/install/tracetools/include -isystem /home/microros/microros_ws/firmware/mcu_ws/uros/rmw_microxrcedds/rmw_microxrcedds_c/include -isystem /home/microros/microros_ws/firmware/mcu_ws/install/tinydir_vendor/share/tinydir_vendor/cmake/../../../include -isystem /home/microros/microros_ws/firmware/mcu_ws/install/rosidl_typesupport_interface/include -isystem /home/microros/microros_ws/firmware/mcu_ws/install/rcl_interfaces/include -isystem /home/microros/microros_ws/firmware/mcu_ws/install/builtin_interfaces/include -isystem /home/microros/microros_ws/firmware/mcu_ws/install/rosidl_runtime_c/include -isystem /home/microros/microros_ws/firmware/mcu_ws/install/microcdr/include -isystem /home/microros/microros_ws/firmware/mcu_ws/install/rosidl_typesupport_c/include  -std=c99 -Dunix=1 -mcpu=cortex-m4 -mthumb -mfloat-abi=soft -Os -fno-strict-aliasing -fno-strength-reduce -fomit-frame-pointer -O2 -g -DNDEBUG -fPIC   -Wall -Wextra -Wpedantic -std=gnu11 -o CMakeFiles/rclc.dir/src/rclc/timer.c.obj   -c /home/microros/microros_ws/firmware/mcu_ws/uros/rclc/rclc/src/rclc/timer.c
In file included from [01m[K/home/microros/microros_ws/firmware/mcu_ws/uros/rclc/rclc/include/rclc/timer.h:25[m[K,
                 from [01m[K/home/microros/microros_ws/firmware/mcu_ws/uros/rclc/rclc/src/rclc/timer.c:17[m[K:
[01m[K/home/microros/microros_ws/firmware/mcu_ws/uros/rclc/rclc/include/rclc/types.h:52:[m[K [01;35m[Kwarning: [m[K"UNUSED" redefined
   52 | #define UNUSED(x) (void)x
      | 
In file included from [01m[K/home/microros/microros_ws/firmware/NuttX/include/stdbool.h:69[m[K,
                 from [01m[K/home/microros/microros_ws/firmware/mcu_ws/install/rcl/include/rcl/timer.h:23[m[K,
                 from [01m[K/home/microros/microros_ws/firmware/mcu_ws/uros/rclc/rclc/include/rclc/timer.h:24[m[K,
                 from [01m[K/home/microros/microros_ws/firmware/mcu_ws/uros/rclc/rclc/src/rclc/timer.c:17[m[K:
[01m[K/home/microros/microros_ws/firmware/NuttX/include/nuttx/compiler.h:307:[m[K [01;36m[Knote: [m[Kthis is the location of the previous definition
  307 | #  define UNUSED(a) ((void)(a))
      | 
In file included from [01m[K/home/microros/microros_ws/firmware/mcu_ws/uros/rclc/rclc/src/rclc/timer.c:20[m[K:
[01m[K/home/microros/microros_ws/firmware/mcu_ws/uros/rclc/rclc/src/rclc/timer.c:[m[K In function '[01m[Krclc_timer_init_default[m[K':
[01m[K/home/microros/microros_ws/firmware/mcu_ws/uros/rclc/rclc/src/rclc/timer.c:45:22:[m[K [01;35m[Kwarning: [m[Kformat '[01m[K%ld[m[K' expects argument of type '[01m[Klong int[m[K', but argument 5 has type '[01m[Klong long unsigned int[m[K' [[01;35m[K-Wformat=[m[K]
   45 |     RCUTILS_LOG_INFO([01;35m[K"Created a timer with period %ld ms.\n"[m[K, [32m[Ktimeout_ns / 1000000[m[K);
      |                      [01;35m[K^~~~~~~~~~~~~~~~~~~~~~~~~~~~~~~~~~~~~~~[m[K  [32m[K~~~~~~~~~~~~~~~~~~~~[m[K
      |                                                                          [32m[K|[m[K
      |                                                                          [32m[Klong long unsigned int[m[K
[01m[K/home/microros/microros_ws/firmware/mcu_ws/uros/rclc/rclc/src/rclc/timer.c:45:53:[m[K [01;36m[Knote: [m[Kformat string is defined here
   45 |     RCUTILS_LOG_INFO("Created a timer with period [01;36m[K%ld[m[K ms.\n", timeout_ns / 1000000);
      |                                                   [01;36m[K~~^[m[K
      |                                                     [01;36m[K|[m[K
      |                                                     [01;36m[Klong int[m[K
      |                                                   [32m[K%lld[m[K
[ 37%] [32mBuilding C object CMakeFiles/rclc.dir/src/rclc/node.c.obj[0m
/usr/bin/arm-none-eabi-gcc --sysroot=/home/microros/microros_ws/firmware/NuttX/.. -DROS_PACKAGE_NAME=\"rclc\" -I/home/microros/microros_ws/firmware/mcu_ws/uros/rclc/rclc/include -I/home/microros/microros_ws/firmware/mcu_ws/uros/rclc/rclc/src -isystem /home/microros/microros_ws/firmware/NuttX/include -isystem /home/microros/microros_ws/firmware/NuttX/include/cxx -isystem /home/microros/microros_ws/firmware/NuttX/include/uClibc++ -isystem /home/microros/microros_ws/firmware/mcu_ws/install/rcl/include -isystem /home/microros/microros_ws/firmware/mcu_ws/install/rosidl_typesupport_microxrcedds_c/include -isystem /home/microros/microros_ws/firmware/mcu_ws/install/rmw/include -isystem /home/microros/microros_ws/firmware/mcu_ws/install/rcutils/include -isystem /home/microros/microros_ws/firmware/mcu_ws/install/tracetools/include -isystem /home/microros/microros_ws/firmware/mcu_ws/uros/rmw_microxrcedds/rmw_microxrcedds_c/include -isystem /home/microros/microros_ws/firmware/mcu_ws/install/tinydir_vendor/share/tinydir_vendor/cmake/../../../include -isystem /home/microros/microros_ws/firmware/mcu_ws/install/rosidl_typesupport_interface/include -isystem /home/microros/microros_ws/firmware/mcu_ws/install/rcl_interfaces/include -isystem /home/microros/microros_ws/firmware/mcu_ws/install/builtin_interfaces/include -isystem /home/microros/microros_ws/firmware/mcu_ws/install/rosidl_runtime_c/include -isystem /home/microros/microros_ws/firmware/mcu_ws/install/microcdr/include -isystem /home/microros/microros_ws/firmware/mcu_ws/install/rosidl_typesupport_c/include  -std=c99 -Dunix=1 -mcpu=cortex-m4 -mthumb -mfloat-abi=soft -Os -fno-strict-aliasing -fno-strength-reduce -fomit-frame-pointer -O2 -g -DNDEBUG -fPIC   -Wall -Wextra -Wpedantic -std=gnu11 -o CMakeFiles/rclc.dir/src/rclc/node.c.obj   -c /home/microros/microros_ws/firmware/mcu_ws/uros/rclc/rclc/src/rclc/node.c
In file included from [01m[K/home/microros/microros_ws/firmware/mcu_ws/uros/rclc/rclc/include/rclc/node.h:25[m[K,
                 from [01m[K/home/microros/microros_ws/firmware/mcu_ws/uros/rclc/rclc/src/rclc/node.c:17[m[K:
[01m[K/home/microros/microros_ws/firmware/mcu_ws/uros/rclc/rclc/include/rclc/types.h:52:[m[K [01;35m[Kwarning: [m[K"UNUSED" redefined
   52 | #define UNUSED(x) (void)x
      | 
In file included from [01m[K/home/microros/microros_ws/firmware/NuttX/include/stdint.h:48[m[K,
                 from [01m[K/home/microros/microros_ws/firmware/mcu_ws/install/rcl/include/rcl/node.h:23[m[K,
                 from [01m[K/home/microros/microros_ws/firmware/mcu_ws/uros/rclc/rclc/include/rclc/node.h:24[m[K,
                 from [01m[K/home/microros/microros_ws/firmware/mcu_ws/uros/rclc/rclc/src/rclc/node.c:17[m[K:
[01m[K/home/microros/microros_ws/firmware/NuttX/include/nuttx/compiler.h:307:[m[K [01;36m[Knote: [m[Kthis is the location of the previous definition
  307 | #  define UNUSED(a) ((void)(a))
      | 
[ 50%] [32mBuilding C object CMakeFiles/rclc.dir/src/rclc/executor_handle.c.obj[0m
/usr/bin/arm-none-eabi-gcc --sysroot=/home/microros/microros_ws/firmware/NuttX/.. -DROS_PACKAGE_NAME=\"rclc\" -I/home/microros/microros_ws/firmware/mcu_ws/uros/rclc/rclc/include -I/home/microros/microros_ws/firmware/mcu_ws/uros/rclc/rclc/src -isystem /home/microros/microros_ws/firmware/NuttX/include -isystem /home/microros/microros_ws/firmware/NuttX/include/cxx -isystem /home/microros/microros_ws/firmware/NuttX/include/uClibc++ -isystem /home/microros/microros_ws/firmware/mcu_ws/install/rcl/include -isystem /home/microros/microros_ws/firmware/mcu_ws/install/rosidl_typesupport_microxrcedds_c/include -isystem /home/microros/microros_ws/firmware/mcu_ws/install/rmw/include -isystem /home/microros/microros_ws/firmware/mcu_ws/install/rcutils/include -isystem /home/microros/microros_ws/firmware/mcu_ws/install/tracetools/include -isystem /home/microros/microros_ws/firmware/mcu_ws/uros/rmw_microxrcedds/rmw_microxrcedds_c/include -isystem /home/microros/microros_ws/firmware/mcu_ws/install/tinydir_vendor/share/tinydir_vendor/cmake/../../../include -isystem /home/microros/microros_ws/firmware/mcu_ws/install/rosidl_typesupport_interface/include -isystem /home/microros/microros_ws/firmware/mcu_ws/install/rcl_interfaces/include -isystem /home/microros/microros_ws/firmware/mcu_ws/install/builtin_interfaces/include -isystem /home/microros/microros_ws/firmware/mcu_ws/install/rosidl_runtime_c/include -isystem /home/microros/microros_ws/firmware/mcu_ws/install/microcdr/include -isystem /home/microros/microros_ws/firmware/mcu_ws/install/rosidl_typesupport_c/include  -std=c99 -Dunix=1 -mcpu=cortex-m4 -mthumb -mfloat-abi=soft -Os -fno-strict-aliasing -fno-strength-reduce -fomit-frame-pointer -O2 -g -DNDEBUG -fPIC   -Wall -Wextra -Wpedantic -std=gnu11 -o CMakeFiles/rclc.dir/src/rclc/executor_handle.c.obj   -c /home/microros/microros_ws/firmware/mcu_ws/uros/rclc/rclc/src/rclc/executor_handle.c
[ 62%] [32mBuilding C object CMakeFiles/rclc.dir/src/rclc/executor.c.obj[0m
/usr/bin/arm-none-eabi-gcc --sysroot=/home/microros/microros_ws/firmware/NuttX/.. -DROS_PACKAGE_NAME=\"rclc\" -I/home/microros/microros_ws/firmware/mcu_ws/uros/rclc/rclc/include -I/home/microros/microros_ws/firmware/mcu_ws/uros/rclc/rclc/src -isystem /home/microros/microros_ws/firmware/NuttX/include -isystem /home/microros/microros_ws/firmware/NuttX/include/cxx -isystem /home/microros/microros_ws/firmware/NuttX/include/uClibc++ -isystem /home/microros/microros_ws/firmware/mcu_ws/install/rcl/include -isystem /home/microros/microros_ws/firmware/mcu_ws/install/rosidl_typesupport_microxrcedds_c/include -isystem /home/microros/microros_ws/firmware/mcu_ws/install/rmw/include -isystem /home/microros/microros_ws/firmware/mcu_ws/install/rcutils/include -isystem /home/microros/microros_ws/firmware/mcu_ws/install/tracetools/include -isystem /home/microros/microros_ws/firmware/mcu_ws/uros/rmw_microxrcedds/rmw_microxrcedds_c/include -isystem /home/microros/microros_ws/firmware/mcu_ws/install/tinydir_vendor/share/tinydir_vendor/cmake/../../../include -isystem /home/microros/microros_ws/firmware/mcu_ws/install/rosidl_typesupport_interface/include -isystem /home/microros/microros_ws/firmware/mcu_ws/install/rcl_interfaces/include -isystem /home/microros/microros_ws/firmware/mcu_ws/install/builtin_interfaces/include -isystem /home/microros/microros_ws/firmware/mcu_ws/install/rosidl_runtime_c/include -isystem /home/microros/microros_ws/firmware/mcu_ws/install/microcdr/include -isystem /home/microros/microros_ws/firmware/mcu_ws/install/rosidl_typesupport_c/include  -std=c99 -Dunix=1 -mcpu=cortex-m4 -mthumb -mfloat-abi=soft -Os -fno-strict-aliasing -fno-strength-reduce -fomit-frame-pointer -O2 -g -DNDEBUG -fPIC   -Wall -Wextra -Wpedantic -std=gnu11 -o CMakeFiles/rclc.dir/src/rclc/executor.c.obj   -c /home/microros/microros_ws/firmware/mcu_ws/uros/rclc/rclc/src/rclc/executor.c
In file included from [01m[K/home/microros/microros_ws/firmware/mcu_ws/uros/rclc/rclc/include/rclc/executor.h:31[m[K,
                 from [01m[K/home/microros/microros_ws/firmware/mcu_ws/uros/rclc/rclc/src/rclc/executor.c:17[m[K:
[01m[K/home/microros/microros_ws/firmware/mcu_ws/uros/rclc/rclc/include/rclc/types.h:52:[m[K [01;35m[Kwarning: [m[K"UNUSED" redefined
   52 | #define UNUSED(x) (void)x
      | 
In file included from [01m[K/home/microros/microros_ws/firmware/NuttX/include/sys/types.h:44[m[K,
                 from [01m[K/home/microros/microros_ws/firmware/NuttX/include/stdio.h:46[m[K,
                 from [01m[K/home/microros/microros_ws/firmware/mcu_ws/uros/rclc/rclc/include/rclc/executor.h:24[m[K,
                 from [01m[K/home/microros/microros_ws/firmware/mcu_ws/uros/rclc/rclc/src/rclc/executor.c:17[m[K:
[01m[K/home/microros/microros_ws/firmware/NuttX/include/nuttx/compiler.h:307:[m[K [01;36m[Knote: [m[Kthis is the location of the previous definition
  307 | #  define UNUSED(a) ((void)(a))
      | 
In file included from [01m[K/home/microros/microros_ws/firmware/mcu_ws/uros/rclc/rclc/include/rclc/executor.h:28[m[K,
                 from [01m[K/home/microros/microros_ws/firmware/mcu_ws/uros/rclc/rclc/src/rclc/executor.c:17[m[K:
[01m[K/home/microros/microros_ws/firmware/mcu_ws/uros/rclc/rclc/src/rclc/executor.c:[m[K In function '[01m[Krclc_executor_spin_some[m[K':
[01m[K/home/microros/microros_ws/firmware/mcu_ws/uros/rclc/rclc/src/rclc/executor.c:584:13:[m[K [01;35m[Kwarning: [m[Kformat '[01m[K%ld[m[K' expects argument of type '[01m[Klong int[m[K', but argument 5 has type '[01m[Ksize_t[m[K' {aka '[01m[Kunsigned int[m[K'} [[01;35m[K-Wformat=[m[K]
  584 |             [01;35m[K"Subscription added to wait_set_subscription[%ld]"[m[K,
      |             [01;35m[K^~~~~~~~~~~~~~~~~~~~~~~~~~~~~~~~~~~~~~~~~~~~~~~~~~[m[K
  585 |             [32m[Kexecutor->handles[i].index[m[K);
      |             [32m[K~~~~~~~~~~~~~~~~~~~~~~~~~~[m[K
      |                                 [32m[K|[m[K
      |                                 [32m[Ksize_t {aka unsigned int}[m[K
[01m[K/home/microros/microros_ws/firmware/mcu_ws/uros/rclc/rclc/src/rclc/executor.c:584:60:[m[K [01;36m[Knote: [m[Kformat string is defined here
  584 |             "Subscription added to wait_set_subscription[[01;36m[K%ld[m[K]",
      |                                                          [01;36m[K~~^[m[K
      |                                                            [01;36m[K|[m[K
      |                                                            [01;36m[Klong int[m[K
      |                                                          [32m[K%d[m[K
In file included from [01m[K/home/microros/microros_ws/firmware/mcu_ws/uros/rclc/rclc/include/rclc/executor.h:28[m[K,
                 from [01m[K/home/microros/microros_ws/firmware/mcu_ws/uros/rclc/rclc/src/rclc/executor.c:17[m[K:
[01m[K/home/microros/microros_ws/firmware/mcu_ws/uros/rclc/rclc/src/rclc/executor.c:599:31:[m[K [01;35m[Kwarning: [m[Kformat '[01m[K%ld[m[K' expects argument of type '[01m[Klong int[m[K', but argument 5 has type '[01m[Ksize_t[m[K' {aka '[01m[Kunsigned int[m[K'} [[01;35m[K-Wformat=[m[K]
  599 |             ROS_PACKAGE_NAME, [01;35m[K"Timer added to wait_set_timers[%ld]"[m[K,
      |                               [01;35m[K^~~~~~~~~~~~~~~~~~~~~~~~~~~~~~~~~~~~~[m[K
  600 |             [32m[Kexecutor->handles[i].index[m[K);
      |             [32m[K~~~~~~~~~~~~~~~~~~~~~~~~~~[m[K
      |                                 [32m[K|[m[K
      |                                 [32m[Ksize_t {aka unsigned int}[m[K
[01m[K/home/microros/microros_ws/firmware/mcu_ws/uros/rclc/rclc/src/rclc/executor.c:599:65:[m[K [01;36m[Knote: [m[Kformat string is defined here
  599 |             ROS_PACKAGE_NAME, "Timer added to wait_set_timers[[01;36m[K%ld[m[K]",
      |                                                               [01;36m[K~~^[m[K
      |                                                                 [01;36m[K|[m[K
      |                                                                 [01;36m[Klong int[m[K
      |                                                               [32m[K%d[m[K
[01m[K/home/microros/microros_ws/firmware/mcu_ws/uros/rclc/rclc/src/rclc/executor.c:[m[K In function '[01m[Krclc_executor_spin[m[K':
[01m[K/home/microros/microros_ws/firmware/mcu_ws/uros/rclc/rclc/src/rclc/executor.c:642:36:[m[K [01;35m[Kwarning: [m[Kformat '[01m[K%ld[m[K' expects argument of type '[01m[Klong int[m[K', but argument 2 has type '[01m[Kuint64_t[m[K' {aka '[01m[Klong long unsigned int[m[K'} [[01;35m[K-Wformat=[m[K]
  642 |   printf("INFO: rcl_wait timeout [01;35m[K%ld[m[K ms\n", [32m[K((executor->timeout_ns / 1000) / 1000)[m[K);
      |                                  [01;35m[K~~^[m[K        [32m[K~~~~~~~~~~~~~~~~~~~~~~~~~~~~~~~~~~~~~~[m[K
      |                                    [01;35m[K|[m[K                                       [32m[K|[m[K
      |                                    [01;35m[Klong int[m[K                                [32m[Kuint64_t {aka long long unsigned int}[m[K
      |                                  [32m[K%lld[m[K
[ 75%] [32mBuilding C object CMakeFiles/rclc.dir/src/rclc/subscription.c.obj[0m
/usr/bin/arm-none-eabi-gcc --sysroot=/home/microros/microros_ws/firmware/NuttX/.. -DROS_PACKAGE_NAME=\"rclc\" -I/home/microros/microros_ws/firmware/mcu_ws/uros/rclc/rclc/include -I/home/microros/microros_ws/firmware/mcu_ws/uros/rclc/rclc/src -isystem /home/microros/microros_ws/firmware/NuttX/include -isystem /home/microros/microros_ws/firmware/NuttX/include/cxx -isystem /home/microros/microros_ws/firmware/NuttX/include/uClibc++ -isystem /home/microros/microros_ws/firmware/mcu_ws/install/rcl/include -isystem /home/microros/microros_ws/firmware/mcu_ws/install/rosidl_typesupport_microxrcedds_c/include -isystem /home/microros/microros_ws/firmware/mcu_ws/install/rmw/include -isystem /home/microros/microros_ws/firmware/mcu_ws/install/rcutils/include -isystem /home/microros/microros_ws/firmware/mcu_ws/install/tracetools/include -isystem /home/microros/microros_ws/firmware/mcu_ws/uros/rmw_microxrcedds/rmw_microxrcedds_c/include -isystem /home/microros/microros_ws/firmware/mcu_ws/install/tinydir_vendor/share/tinydir_vendor/cmake/../../../include -isystem /home/microros/microros_ws/firmware/mcu_ws/install/rosidl_typesupport_interface/include -isystem /home/microros/microros_ws/firmware/mcu_ws/install/rcl_interfaces/include -isystem /home/microros/microros_ws/firmware/mcu_ws/install/builtin_interfaces/include -isystem /home/microros/microros_ws/firmware/mcu_ws/install/rosidl_runtime_c/include -isystem /home/microros/microros_ws/firmware/mcu_ws/install/microcdr/include -isystem /home/microros/microros_ws/firmware/mcu_ws/install/rosidl_typesupport_c/include  -std=c99 -Dunix=1 -mcpu=cortex-m4 -mthumb -mfloat-abi=soft -Os -fno-strict-aliasing -fno-strength-reduce -fomit-frame-pointer -O2 -g -DNDEBUG -fPIC   -Wall -Wextra -Wpedantic -std=gnu11 -o CMakeFiles/rclc.dir/src/rclc/subscription.c.obj   -c /home/microros/microros_ws/firmware/mcu_ws/uros/rclc/rclc/src/rclc/subscription.c
In file included from [01m[K/home/microros/microros_ws/firmware/mcu_ws/uros/rclc/rclc/include/rclc/subscription.h:25[m[K,
                 from [01m[K/home/microros/microros_ws/firmware/mcu_ws/uros/rclc/rclc/src/rclc/subscription.c:17[m[K:
[01m[K/home/microros/microros_ws/firmware/mcu_ws/uros/rclc/rclc/include/rclc/types.h:52:[m[K [01;35m[Kwarning: [m[K"UNUSED" redefined
   52 | #define UNUSED(x) (void)x
      | 
In file included from [01m[K/home/microros/microros_ws/firmware/NuttX/include/stdint.h:48[m[K,
                 from [01m[K/home/microros/microros_ws/firmware/mcu_ws/install/rcl/include/rcl/node.h:23[m[K,
                 from [01m[K/home/microros/microros_ws/firmware/mcu_ws/install/rcl/include/rcl/subscription.h:26[m[K,
                 from [01m[K/home/microros/microros_ws/firmware/mcu_ws/uros/rclc/rclc/include/rclc/subscription.h:24[m[K,
                 from [01m[K/home/microros/microros_ws/firmware/mcu_ws/uros/rclc/rclc/src/rclc/subscription.c:17[m[K:
[01m[K/home/microros/microros_ws/firmware/NuttX/include/nuttx/compiler.h:307:[m[K [01;36m[Knote: [m[Kthis is the location of the previous definition
  307 | #  define UNUSED(a) ((void)(a))
      | 
[ 87%] [32mBuilding C object CMakeFiles/rclc.dir/src/rclc/publisher.c.obj[0m
/usr/bin/arm-none-eabi-gcc --sysroot=/home/microros/microros_ws/firmware/NuttX/.. -DROS_PACKAGE_NAME=\"rclc\" -I/home/microros/microros_ws/firmware/mcu_ws/uros/rclc/rclc/include -I/home/microros/microros_ws/firmware/mcu_ws/uros/rclc/rclc/src -isystem /home/microros/microros_ws/firmware/NuttX/include -isystem /home/microros/microros_ws/firmware/NuttX/include/cxx -isystem /home/microros/microros_ws/firmware/NuttX/include/uClibc++ -isystem /home/microros/microros_ws/firmware/mcu_ws/install/rcl/include -isystem /home/microros/microros_ws/firmware/mcu_ws/install/rosidl_typesupport_microxrcedds_c/include -isystem /home/microros/microros_ws/firmware/mcu_ws/install/rmw/include -isystem /home/microros/microros_ws/firmware/mcu_ws/install/rcutils/include -isystem /home/microros/microros_ws/firmware/mcu_ws/install/tracetools/include -isystem /home/microros/microros_ws/firmware/mcu_ws/uros/rmw_microxrcedds/rmw_microxrcedds_c/include -isystem /home/microros/microros_ws/firmware/mcu_ws/install/tinydir_vendor/share/tinydir_vendor/cmake/../../../include -isystem /home/microros/microros_ws/firmware/mcu_ws/install/rosidl_typesupport_interface/include -isystem /home/microros/microros_ws/firmware/mcu_ws/install/rcl_interfaces/include -isystem /home/microros/microros_ws/firmware/mcu_ws/install/builtin_interfaces/include -isystem /home/microros/microros_ws/firmware/mcu_ws/install/rosidl_runtime_c/include -isystem /home/microros/microros_ws/firmware/mcu_ws/install/microcdr/include -isystem /home/microros/microros_ws/firmware/mcu_ws/install/rosidl_typesupport_c/include  -std=c99 -Dunix=1 -mcpu=cortex-m4 -mthumb -mfloat-abi=soft -Os -fno-strict-aliasing -fno-strength-reduce -fomit-frame-pointer -O2 -g -DNDEBUG -fPIC   -Wall -Wextra -Wpedantic -std=gnu11 -o CMakeFiles/rclc.dir/src/rclc/publisher.c.obj   -c /home/microros/microros_ws/firmware/mcu_ws/uros/rclc/rclc/src/rclc/publisher.c
In file included from [01m[K/home/microros/microros_ws/firmware/mcu_ws/uros/rclc/rclc/include/rclc/publisher.h:28[m[K,
                 from [01m[K/home/microros/microros_ws/firmware/mcu_ws/uros/rclc/rclc/src/rclc/publisher.c:17[m[K:
[01m[K/home/microros/microros_ws/firmware/mcu_ws/uros/rclc/rclc/include/rclc/types.h:52:[m[K [01;35m[Kwarning: [m[K"UNUSED" redefined
   52 | #define UNUSED(x) (void)x
      | 
In file included from [01m[K/home/microros/microros_ws/firmware/NuttX/include/stdint.h:48[m[K,
                 from [01m[K/home/microros/microros_ws/firmware/mcu_ws/install/rcl/include/rcl/node.h:23[m[K,
                 from [01m[K/home/microros/microros_ws/firmware/mcu_ws/install/rcl/include/rcl/publisher.h:26[m[K,
                 from [01m[K/home/microros/microros_ws/firmware/mcu_ws/uros/rclc/rclc/include/rclc/publisher.h:24[m[K,
                 from [01m[K/home/microros/microros_ws/firmware/mcu_ws/uros/rclc/rclc/src/rclc/publisher.c:17[m[K:
[01m[K/home/microros/microros_ws/firmware/NuttX/include/nuttx/compiler.h:307:[m[K [01;36m[Knote: [m[Kthis is the location of the previous definition
  307 | #  define UNUSED(a) ((void)(a))
      | 
[100%] [32m[1mLinking CXX static library librclc.a[0m
/usr/bin/cmake -P CMakeFiles/rclc.dir/cmake_clean_target.cmake
/usr/bin/cmake -E cmake_link_script CMakeFiles/rclc.dir/link.txt --verbose=1
/usr/bin/arm-none-eabi-ar qc librclc.a  CMakeFiles/rclc.dir/src/rclc/init.c.obj CMakeFiles/rclc.dir/src/rclc/publisher.c.obj CMakeFiles/rclc.dir/src/rclc/subscription.c.obj CMakeFiles/rclc.dir/src/rclc/timer.c.obj CMakeFiles/rclc.dir/src/rclc/node.c.obj CMakeFiles/rclc.dir/src/rclc/executor_handle.c.obj CMakeFiles/rclc.dir/src/rclc/executor.c.obj
/usr/bin/arm-none-eabi-ranlib librclc.a
make[6]: Leaving directory '/home/microros/microros_ws/firmware/mcu_ws/build/rclc'
[100%] Built target rclc
make[5]: Leaving directory '/home/microros/microros_ws/firmware/mcu_ws/build/rclc'
/usr/bin/cmake -E cmake_progress_start /home/microros/microros_ws/firmware/mcu_ws/build/rclc/CMakeFiles 0
make[4]: Leaving directory '/home/microros/microros_ws/firmware/mcu_ws/build/rclc'
-- Install configuration: "RelWithDebInfo"
-- Installing: /home/microros/microros_ws/firmware/mcu_ws/install/rclc/include
-- Installing: /home/microros/microros_ws/firmware/mcu_ws/install/rclc/include/rclc
-- Installing: /home/microros/microros_ws/firmware/mcu_ws/install/rclc/include/rclc/init.h
-- Installing: /home/microros/microros_ws/firmware/mcu_ws/install/rclc/include/rclc/timer.h
-- Installing: /home/microros/microros_ws/firmware/mcu_ws/install/rclc/include/rclc/rclc.h
-- Installing: /home/microros/microros_ws/firmware/mcu_ws/install/rclc/include/rclc/executor.h
-- Installing: /home/microros/microros_ws/firmware/mcu_ws/install/rclc/include/rclc/types.h
-- Installing: /home/microros/microros_ws/firmware/mcu_ws/install/rclc/include/rclc/node.h
-- Installing: /home/microros/microros_ws/firmware/mcu_ws/install/rclc/include/rclc/executor_handle.h
-- Installing: /home/microros/microros_ws/firmware/mcu_ws/install/rclc/include/rclc/publisher.h
-- Installing: /home/microros/microros_ws/firmware/mcu_ws/install/rclc/include/rclc/subscription.h
-- Installing: /home/microros/microros_ws/firmware/mcu_ws/install/rclc/lib/librclc.a
-- Installing: /home/microros/microros_ws/firmware/mcu_ws/install/rclc/share/rclc/environment/library_path.sh
-- Installing: /home/microros/microros_ws/firmware/mcu_ws/install/rclc/share/rclc/environment/library_path.dsv
-- Installing: /home/microros/microros_ws/firmware/mcu_ws/install/rclc/share/ament_index/resource_index/package_run_dependencies/rclc
-- Installing: /home/microros/microros_ws/firmware/mcu_ws/install/rclc/share/ament_index/resource_index/parent_prefix_path/rclc
-- Installing: /home/microros/microros_ws/firmware/mcu_ws/install/rclc/share/rclc/environment/ament_prefix_path.sh
-- Installing: /home/microros/microros_ws/firmware/mcu_ws/install/rclc/share/rclc/environment/ament_prefix_path.dsv
-- Installing: /home/microros/microros_ws/firmware/mcu_ws/install/rclc/share/rclc/environment/path.sh
-- Installing: /home/microros/microros_ws/firmware/mcu_ws/install/rclc/share/rclc/environment/path.dsv
-- Installing: /home/microros/microros_ws/firmware/mcu_ws/install/rclc/share/rclc/local_setup.bash
-- Installing: /home/microros/microros_ws/firmware/mcu_ws/install/rclc/share/rclc/local_setup.sh
-- Installing: /home/microros/microros_ws/firmware/mcu_ws/install/rclc/share/rclc/local_setup.zsh
-- Installing: /home/microros/microros_ws/firmware/mcu_ws/install/rclc/share/rclc/local_setup.dsv
-- Installing: /home/microros/microros_ws/firmware/mcu_ws/install/rclc/share/rclc/package.dsv
-- Installing: /home/microros/microros_ws/firmware/mcu_ws/install/rclc/share/ament_index/resource_index/packages/rclc
-- Installing: /home/microros/microros_ws/firmware/mcu_ws/install/rclc/share/rclc/cmake/ament_cmake_export_include_directories-extras.cmake
-- Installing: /home/microros/microros_ws/firmware/mcu_ws/install/rclc/share/rclc/cmake/ament_cmake_export_libraries-extras.cmake
-- Installing: /home/microros/microros_ws/firmware/mcu_ws/install/rclc/share/rclc/cmake/ament_cmake_export_dependencies-extras.cmake
-- Installing: /home/microros/microros_ws/firmware/mcu_ws/install/rclc/share/rclc/cmake/rclcConfig.cmake
-- Installing: /home/microros/microros_ws/firmware/mcu_ws/install/rclc/share/rclc/cmake/rclcConfig-version.cmake
-- Installing: /home/microros/microros_ws/firmware/mcu_ws/install/rclc/share/rclc/package.xml
