make[3]: Entering directory '/home/microros/microros_ws/firmware/mcu_ws/build/rclc'
/usr/bin/cmake -S/home/microros/microros_ws/firmware/mcu_ws/uros/rclc/rclc -B/home/microros/microros_ws/firmware/mcu_ws/build/rclc --check-build-system CMakeFiles/Makefile.cmake 0
/usr/bin/cmake -E cmake_progress_start /home/microros/microros_ws/firmware/mcu_ws/build/rclc/CMakeFiles /home/microros/microros_ws/firmware/mcu_ws/build/rclc/CMakeFiles/progress.marks
/usr/bin/make -f CMakeFiles/Makefile2 all
make[4]: Entering directory '/home/microros/microros_ws/firmware/mcu_ws/build/rclc'
/usr/bin/make -f CMakeFiles/rclc.dir/build.make CMakeFiles/rclc.dir/depend
make[5]: Entering directory '/home/microros/microros_ws/firmware/mcu_ws/build/rclc'
cd /home/microros/microros_ws/firmware/mcu_ws/build/rclc && /usr/bin/cmake -E cmake_depends "Unix Makefiles" /home/microros/microros_ws/firmware/mcu_ws/uros/rclc/rclc /home/microros/microros_ws/firmware/mcu_ws/uros/rclc/rclc /home/microros/microros_ws/firmware/mcu_ws/build/rclc /home/microros/microros_ws/firmware/mcu_ws/build/rclc /home/microros/microros_ws/firmware/mcu_ws/build/rclc/CMakeFiles/rclc.dir/DependInfo.cmake --color=
make[5]: Leaving directory '/home/microros/microros_ws/firmware/mcu_ws/build/rclc'
/usr/bin/make -f CMakeFiles/rclc.dir/build.make CMakeFiles/rclc.dir/build
make[5]: Entering directory '/home/microros/microros_ws/firmware/mcu_ws/build/rclc'
make[5]: Nothing to be done for 'CMakeFiles/rclc.dir/build'.
make[5]: Leaving directory '/home/microros/microros_ws/firmware/mcu_ws/build/rclc'
[100%] Built target rclc
make[4]: Leaving directory '/home/microros/microros_ws/firmware/mcu_ws/build/rclc'
/usr/bin/cmake -E cmake_progress_start /home/microros/microros_ws/firmware/mcu_ws/build/rclc/CMakeFiles 0
make[3]: Leaving directory '/home/microros/microros_ws/firmware/mcu_ws/build/rclc'
-- Install configuration: "RelWithDebInfo"
-- Up-to-date: /home/microros/microros_ws/firmware/mcu_ws/install/rclc/include
-- Up-to-date: /home/microros/microros_ws/firmware/mcu_ws/install/rclc/include/rclc
-- Up-to-date: /home/microros/microros_ws/firmware/mcu_ws/install/rclc/include/rclc/init.h
-- Up-to-date: /home/microros/microros_ws/firmware/mcu_ws/install/rclc/include/rclc/timer.h
-- Up-to-date: /home/microros/microros_ws/firmware/mcu_ws/install/rclc/include/rclc/rclc.h
-- Up-to-date: /home/microros/microros_ws/firmware/mcu_ws/install/rclc/include/rclc/executor.h
-- Up-to-date: /home/microros/microros_ws/firmware/mcu_ws/install/rclc/include/rclc/types.h
-- Up-to-date: /home/microros/microros_ws/firmware/mcu_ws/install/rclc/include/rclc/node.h
-- Up-to-date: /home/microros/microros_ws/firmware/mcu_ws/install/rclc/include/rclc/executor_handle.h
-- Up-to-date: /home/microros/microros_ws/firmware/mcu_ws/install/rclc/include/rclc/publisher.h
-- Up-to-date: /home/microros/microros_ws/firmware/mcu_ws/install/rclc/include/rclc/subscription.h
-- Up-to-date: /home/microros/microros_ws/firmware/mcu_ws/install/rclc/lib/librclc.a
-- Up-to-date: /home/microros/microros_ws/firmware/mcu_ws/install/rclc/share/rclc/environment/library_path.sh
-- Up-to-date: /home/microros/microros_ws/firmware/mcu_ws/install/rclc/share/rclc/environment/library_path.dsv
-- Up-to-date: /home/microros/microros_ws/firmware/mcu_ws/install/rclc/share/ament_index/resource_index/package_run_dependencies/rclc
-- Up-to-date: /home/microros/microros_ws/firmware/mcu_ws/install/rclc/share/ament_index/resource_index/parent_prefix_path/rclc
-- Up-to-date: /home/microros/microros_ws/firmware/mcu_ws/install/rclc/share/rclc/environment/ament_prefix_path.sh
-- Up-to-date: /home/microros/microros_ws/firmware/mcu_ws/install/rclc/share/rclc/environment/ament_prefix_path.dsv
-- Up-to-date: /home/microros/microros_ws/firmware/mcu_ws/install/rclc/share/rclc/environment/path.sh
-- Up-to-date: /home/microros/microros_ws/firmware/mcu_ws/install/rclc/share/rclc/environment/path.dsv
-- Up-to-date: /home/microros/microros_ws/firmware/mcu_ws/install/rclc/share/rclc/local_setup.bash
-- Up-to-date: /home/microros/microros_ws/firmware/mcu_ws/install/rclc/share/rclc/local_setup.sh
-- Up-to-date: /home/microros/microros_ws/firmware/mcu_ws/install/rclc/share/rclc/local_setup.zsh
-- Up-to-date: /home/microros/microros_ws/firmware/mcu_ws/install/rclc/share/rclc/local_setup.dsv
-- Installing: /home/microros/microros_ws/firmware/mcu_ws/install/rclc/share/rclc/package.dsv
-- Up-to-date: /home/microros/microros_ws/firmware/mcu_ws/install/rclc/share/ament_index/resource_index/packages/rclc
-- Up-to-date: /home/microros/microros_ws/firmware/mcu_ws/install/rclc/share/rclc/cmake/ament_cmake_export_include_directories-extras.cmake
-- Up-to-date: /home/microros/microros_ws/firmware/mcu_ws/install/rclc/share/rclc/cmake/ament_cmake_export_libraries-extras.cmake
-- Up-to-date: /home/microros/microros_ws/firmware/mcu_ws/install/rclc/share/rclc/cmake/ament_cmake_export_dependencies-extras.cmake
-- Up-to-date: /home/microros/microros_ws/firmware/mcu_ws/install/rclc/share/rclc/cmake/rclcConfig.cmake
-- Up-to-date: /home/microros/microros_ws/firmware/mcu_ws/install/rclc/share/rclc/cmake/rclcConfig-version.cmake
-- Up-to-date: /home/microros/microros_ws/firmware/mcu_ws/install/rclc/share/rclc/package.xml
