[0.213s] Invoking command in '/home/microros/microros_ws/build/drive_base_msgs': CMAKE_PREFIX_PATH=${CMAKE_PREFIX_PATH}:/opt/ros/foxy /usr/bin/cmake --build /home/microros/microros_ws/build/drive_base_msgs -- -j4 -l4
[2.580s] [  1%] Built target drive_base_msgs__cpp
[2.598s] [ 12%] Built target drive_base_msgs__rosidl_generator_c
[2.697s] [ 23%] Built target drive_base_msgs__rosidl_typesupport_cpp
[2.701s] [ 34%] Built target drive_base_msgs__rosidl_typesupport_introspection_c
[2.705s] [ 45%] Built target drive_base_msgs__rosidl_typesupport_introspection_cpp
[2.709s] [ 56%] Built target drive_base_msgs__rosidl_typesupport_fastrtps_cpp
[2.930s] [ 67%] Built target drive_base_msgs__rosidl_typesupport_c
[3.003s] [ 78%] Built target drive_base_msgs__rosidl_typesupport_fastrtps_c
[3.031s] [ 78%] Built target drive_base_msgs
[3.334s] [ 80%] Built target drive_base_msgs__py
[4.050s] [ 89%] Built target drive_base_msgs__python
[4.221s] [ 92%] Built target drive_base_msgs__rosidl_typesupport_introspection_c__pyext
[4.231s] [100%] Built target drive_base_msgs__rosidl_typesupport_fastrtps_c__pyext
[4.231s] [100%] Built target drive_base_msgs__rosidl_typesupport_c__pyext
[4.493s] Invoked command in '/home/microros/microros_ws/build/drive_base_msgs' returned '0': CMAKE_PREFIX_PATH=${CMAKE_PREFIX_PATH}:/opt/ros/foxy /usr/bin/cmake --build /home/microros/microros_ws/build/drive_base_msgs -- -j4 -l4
[4.654s] Invoking command in '/home/microros/microros_ws/build/drive_base_msgs': CMAKE_PREFIX_PATH=${CMAKE_PREFIX_PATH}:/opt/ros/foxy /usr/bin/cmake --install /home/microros/microros_ws/build/drive_base_msgs
[4.711s] -- Install configuration: ""
[4.731s] -- Up-to-date: /home/microros/microros_ws/install/drive_base_msgs/share/ament_index/resource_index/rosidl_interfaces/drive_base_msgs
[4.734s] -- Up-to-date: /home/microros/microros_ws/install/drive_base_msgs/include/drive_base_msgs
[4.734s] -- Up-to-date: /home/microros/microros_ws/install/drive_base_msgs/include/drive_base_msgs/msg
[4.735s] -- Up-to-date: /home/microros/microros_ws/install/drive_base_msgs/include/drive_base_msgs/msg/trv_command.h
[4.735s] -- Up-to-date: /home/microros/microros_ws/install/drive_base_msgs/include/drive_base_msgs/msg/detail
[4.735s] -- Up-to-date: /home/microros/microros_ws/install/drive_base_msgs/include/drive_base_msgs/msg/detail/trv_command__functions.h
[4.735s] -- Up-to-date: /home/microros/microros_ws/install/drive_base_msgs/include/drive_base_msgs/msg/detail/command_status__functions.c
[4.735s] -- Up-to-date: /home/microros/microros_ws/install/drive_base_msgs/include/drive_base_msgs/msg/detail/trv_command__struct.h
[4.736s] -- Up-to-date: /home/microros/microros_ws/install/drive_base_msgs/include/drive_base_msgs/msg/detail/trv_command__functions.c
[4.736s] -- Up-to-date: /home/microros/microros_ws/install/drive_base_msgs/include/drive_base_msgs/msg/detail/command_header__type_support.h
[4.736s] -- Up-to-date: /home/microros/microros_ws/install/drive_base_msgs/include/drive_base_msgs/msg/detail/base_info__functions.c
[4.736s] -- Up-to-date: /home/microros/microros_ws/install/drive_base_msgs/include/drive_base_msgs/msg/detail/base_info__functions.h
[4.736s] -- Up-to-date: /home/microros/microros_ws/install/drive_base_msgs/include/drive_base_msgs/msg/detail/command_header__functions.h
[4.736s] -- Up-to-date: /home/microros/microros_ws/install/drive_base_msgs/include/drive_base_msgs/msg/detail/command_header__struct.h
[4.736s] -- Up-to-date: /home/microros/microros_ws/install/drive_base_msgs/include/drive_base_msgs/msg/detail/command_header__functions.c
[4.736s] -- Up-to-date: /home/microros/microros_ws/install/drive_base_msgs/include/drive_base_msgs/msg/detail/base_info__struct.h
[4.737s] -- Up-to-date: /home/microros/microros_ws/install/drive_base_msgs/include/drive_base_msgs/msg/detail/trv_command__type_support.h
[4.737s] -- Up-to-date: /home/microros/microros_ws/install/drive_base_msgs/include/drive_base_msgs/msg/detail/command_status__struct.h
[4.737s] -- Up-to-date: /home/microros/microros_ws/install/drive_base_msgs/include/drive_base_msgs/msg/detail/command_status__functions.h
[4.737s] -- Up-to-date: /home/microros/microros_ws/install/drive_base_msgs/include/drive_base_msgs/msg/detail/command_status__type_support.h
[4.737s] -- Up-to-date: /home/microros/microros_ws/install/drive_base_msgs/include/drive_base_msgs/msg/detail/base_info__type_support.h
[4.737s] -- Up-to-date: /home/microros/microros_ws/install/drive_base_msgs/include/drive_base_msgs/msg/base_info.h
[4.737s] -- Up-to-date: /home/microros/microros_ws/install/drive_base_msgs/include/drive_base_msgs/msg/command_status.h
[4.737s] -- Up-to-date: /home/microros/microros_ws/install/drive_base_msgs/include/drive_base_msgs/msg/command_header.h
[4.737s] -- Up-to-date: /home/microros/microros_ws/install/drive_base_msgs/include/drive_base_msgs/msg/rosidl_generator_c__visibility_control.h
[4.737s] -- Up-to-date: /home/microros/microros_ws/install/drive_base_msgs/share/drive_base_msgs/environment/library_path.sh
[4.737s] -- Up-to-date: /home/microros/microros_ws/install/drive_base_msgs/share/drive_base_msgs/environment/library_path.dsv
[4.758s] -- Up-to-date: /home/microros/microros_ws/install/drive_base_msgs/lib/libdrive_base_msgs__rosidl_generator_c.so
[4.759s] -- Up-to-date: /home/microros/microros_ws/install/drive_base_msgs/include/drive_base_msgs
[4.760s] -- Up-to-date: /home/microros/microros_ws/install/drive_base_msgs/include/drive_base_msgs/msg
[4.760s] -- Up-to-date: /home/microros/microros_ws/install/drive_base_msgs/include/drive_base_msgs/msg/detail
[4.760s] -- Up-to-date: /home/microros/microros_ws/install/drive_base_msgs/include/drive_base_msgs/msg/detail/command_header__rosidl_typesupport_fastrtps_c.h
[4.760s] -- Up-to-date: /home/microros/microros_ws/install/drive_base_msgs/include/drive_base_msgs/msg/detail/trv_command__rosidl_typesupport_fastrtps_c.h
[4.760s] -- Up-to-date: /home/microros/microros_ws/install/drive_base_msgs/include/drive_base_msgs/msg/detail/command_status__rosidl_typesupport_fastrtps_c.h
[4.761s] -- Up-to-date: /home/microros/microros_ws/install/drive_base_msgs/include/drive_base_msgs/msg/detail/base_info__rosidl_typesupport_fastrtps_c.h
[4.761s] -- Up-to-date: /home/microros/microros_ws/install/drive_base_msgs/include/drive_base_msgs/msg/rosidl_typesupport_fastrtps_c__visibility_control.h
[4.761s] -- Up-to-date: /home/microros/microros_ws/install/drive_base_msgs/lib/libdrive_base_msgs__rosidl_typesupport_fastrtps_c.so
[4.762s] -- Up-to-date: /home/microros/microros_ws/install/drive_base_msgs/include/drive_base_msgs
[4.762s] -- Up-to-date: /home/microros/microros_ws/install/drive_base_msgs/include/drive_base_msgs/msg
[4.763s] -- Up-to-date: /home/microros/microros_ws/install/drive_base_msgs/include/drive_base_msgs/msg/detail
[4.763s] -- Up-to-date: /home/microros/microros_ws/install/drive_base_msgs/include/drive_base_msgs/msg/detail/dds_fastrtps
[4.763s] -- Up-to-date: /home/microros/microros_ws/install/drive_base_msgs/include/drive_base_msgs/msg/detail/trv_command__rosidl_typesupport_fastrtps_cpp.hpp
[4.763s] -- Up-to-date: /home/microros/microros_ws/install/drive_base_msgs/include/drive_base_msgs/msg/detail/base_info__rosidl_typesupport_fastrtps_cpp.hpp
[4.763s] -- Up-to-date: /home/microros/microros_ws/install/drive_base_msgs/include/drive_base_msgs/msg/detail/command_status__rosidl_typesupport_fastrtps_cpp.hpp
[4.764s] -- Up-to-date: /home/microros/microros_ws/install/drive_base_msgs/include/drive_base_msgs/msg/detail/command_header__rosidl_typesupport_fastrtps_cpp.hpp
[4.764s] -- Up-to-date: /home/microros/microros_ws/install/drive_base_msgs/include/drive_base_msgs/msg/rosidl_typesupport_fastrtps_cpp__visibility_control.h
[4.826s] -- Up-to-date: /home/microros/microros_ws/install/drive_base_msgs/lib/libdrive_base_msgs__rosidl_typesupport_fastrtps_cpp.so
[4.829s] -- Up-to-date: /home/microros/microros_ws/install/drive_base_msgs/include/drive_base_msgs
[4.830s] -- Up-to-date: /home/microros/microros_ws/install/drive_base_msgs/include/drive_base_msgs/msg
[4.830s] -- Up-to-date: /home/microros/microros_ws/install/drive_base_msgs/include/drive_base_msgs/msg/detail
[4.830s] -- Up-to-date: /home/microros/microros_ws/install/drive_base_msgs/include/drive_base_msgs/msg/detail/trv_command__type_support.c
[4.832s] -- Up-to-date: /home/microros/microros_ws/install/drive_base_msgs/include/drive_base_msgs/msg/detail/base_info__type_support.c
[4.832s] -- Up-to-date: /home/microros/microros_ws/install/drive_base_msgs/include/drive_base_msgs/msg/detail/command_status__rosidl_typesupport_introspection_c.h
[4.833s] -- Up-to-date: /home/microros/microros_ws/install/drive_base_msgs/include/drive_base_msgs/msg/detail/base_info__rosidl_typesupport_introspection_c.h
[4.833s] -- Up-to-date: /home/microros/microros_ws/install/drive_base_msgs/include/drive_base_msgs/msg/detail/command_header__rosidl_typesupport_introspection_c.h
[4.834s] -- Up-to-date: /home/microros/microros_ws/install/drive_base_msgs/include/drive_base_msgs/msg/detail/trv_command__rosidl_typesupport_introspection_c.h
[4.834s] -- Up-to-date: /home/microros/microros_ws/install/drive_base_msgs/include/drive_base_msgs/msg/detail/command_status__type_support.c
[4.835s] -- Up-to-date: /home/microros/microros_ws/install/drive_base_msgs/include/drive_base_msgs/msg/detail/command_header__type_support.c
[4.835s] -- Up-to-date: /home/microros/microros_ws/install/drive_base_msgs/include/drive_base_msgs/msg/rosidl_typesupport_introspection_c__visibility_control.h
[4.840s] -- Up-to-date: /home/microros/microros_ws/install/drive_base_msgs/lib/libdrive_base_msgs__rosidl_typesupport_introspection_c.so
[4.842s] -- Up-to-date: /home/microros/microros_ws/install/drive_base_msgs/lib/libdrive_base_msgs__rosidl_typesupport_c.so
[4.843s] -- Up-to-date: /home/microros/microros_ws/install/drive_base_msgs/include/drive_base_msgs
[4.844s] -- Up-to-date: /home/microros/microros_ws/install/drive_base_msgs/include/drive_base_msgs/msg
[4.844s] -- Up-to-date: /home/microros/microros_ws/install/drive_base_msgs/include/drive_base_msgs/msg/detail
[4.844s] -- Up-to-date: /home/microros/microros_ws/install/drive_base_msgs/include/drive_base_msgs/msg/detail/base_info__traits.hpp
[4.845s] -- Up-to-date: /home/microros/microros_ws/install/drive_base_msgs/include/drive_base_msgs/msg/detail/base_info__struct.hpp
[4.845s] -- Up-to-date: /home/microros/microros_ws/install/drive_base_msgs/include/drive_base_msgs/msg/detail/command_status__struct.hpp
[4.845s] -- Up-to-date: /home/microros/microros_ws/install/drive_base_msgs/include/drive_base_msgs/msg/detail/trv_command__struct.hpp
[4.855s] -- Up-to-date: /home/microros/microros_ws/install/drive_base_msgs/include/drive_base_msgs/msg/detail/command_header__struct.hpp
[4.855s] -- Up-to-date: /home/microros/microros_ws/install/drive_base_msgs/include/drive_base_msgs/msg/detail/command_status__traits.hpp
[4.856s] -- Up-to-date: /home/microros/microros_ws/install/drive_base_msgs/include/drive_base_msgs/msg/detail/command_header__traits.hpp
[4.856s] -- Up-to-date: /home/microros/microros_ws/install/drive_base_msgs/include/drive_base_msgs/msg/detail/command_header__builder.hpp
[4.856s] -- Up-to-date: /home/microros/microros_ws/install/drive_base_msgs/include/drive_base_msgs/msg/detail/base_info__builder.hpp
[4.856s] -- Up-to-date: /home/microros/microros_ws/install/drive_base_msgs/include/drive_base_msgs/msg/detail/command_status__builder.hpp
[4.856s] -- Up-to-date: /home/microros/microros_ws/install/drive_base_msgs/include/drive_base_msgs/msg/detail/trv_command__builder.hpp
[4.856s] -- Up-to-date: /home/microros/microros_ws/install/drive_base_msgs/include/drive_base_msgs/msg/detail/trv_command__traits.hpp
[4.857s] -- Up-to-date: /home/microros/microros_ws/install/drive_base_msgs/include/drive_base_msgs/msg/base_info.hpp
[4.857s] -- Up-to-date: /home/microros/microros_ws/install/drive_base_msgs/include/drive_base_msgs/msg/command_status.hpp
[4.859s] -- Up-to-date: /home/microros/microros_ws/install/drive_base_msgs/include/drive_base_msgs/msg/trv_command.hpp
[4.859s] -- Up-to-date: /home/microros/microros_ws/install/drive_base_msgs/include/drive_base_msgs/msg/command_header.hpp
[4.859s] -- Up-to-date: /home/microros/microros_ws/install/drive_base_msgs/include/drive_base_msgs
[4.860s] -- Up-to-date: /home/microros/microros_ws/install/drive_base_msgs/include/drive_base_msgs/msg
[4.860s] -- Up-to-date: /home/microros/microros_ws/install/drive_base_msgs/include/drive_base_msgs/msg/detail
[4.860s] -- Up-to-date: /home/microros/microros_ws/install/drive_base_msgs/include/drive_base_msgs/msg/detail/base_info__rosidl_typesupport_introspection_cpp.hpp
[4.860s] -- Up-to-date: /home/microros/microros_ws/install/drive_base_msgs/include/drive_base_msgs/msg/detail/command_header__rosidl_typesupport_introspection_cpp.hpp
[4.861s] -- Up-to-date: /home/microros/microros_ws/install/drive_base_msgs/include/drive_base_msgs/msg/detail/trv_command__rosidl_typesupport_introspection_cpp.hpp
[4.861s] -- Up-to-date: /home/microros/microros_ws/install/drive_base_msgs/include/drive_base_msgs/msg/detail/command_header__type_support.cpp
[4.861s] -- Up-to-date: /home/microros/microros_ws/install/drive_base_msgs/include/drive_base_msgs/msg/detail/trv_command__type_support.cpp
[4.861s] -- Up-to-date: /home/microros/microros_ws/install/drive_base_msgs/include/drive_base_msgs/msg/detail/command_status__rosidl_typesupport_introspection_cpp.hpp
[4.861s] -- Up-to-date: /home/microros/microros_ws/install/drive_base_msgs/include/drive_base_msgs/msg/detail/command_status__type_support.cpp
[4.862s] -- Up-to-date: /home/microros/microros_ws/install/drive_base_msgs/include/drive_base_msgs/msg/detail/base_info__type_support.cpp
[4.869s] -- Up-to-date: /home/microros/microros_ws/install/drive_base_msgs/lib/libdrive_base_msgs__rosidl_typesupport_introspection_cpp.so
[4.869s] -- Up-to-date: /home/microros/microros_ws/install/drive_base_msgs/lib/libdrive_base_msgs__rosidl_typesupport_cpp.so
[4.870s] -- Up-to-date: /home/microros/microros_ws/install/drive_base_msgs/share/drive_base_msgs/environment/pythonpath.sh
[4.870s] -- Up-to-date: /home/microros/microros_ws/install/drive_base_msgs/share/drive_base_msgs/environment/pythonpath.dsv
[4.870s] -- Up-to-date: /home/microros/microros_ws/install/drive_base_msgs/lib/python3.8/site-packages/drive_base_msgs/__init__.py
[4.952s] -- Up-to-date: /home/microros/microros_ws/install/drive_base_msgs/lib/python3.8/site-packages/drive_base_msgs/msg
[4.954s] -- Up-to-date: /home/microros/microros_ws/install/drive_base_msgs/lib/python3.8/site-packages/drive_base_msgs/msg/_trv_command.py
[4.954s] -- Up-to-date: /home/microros/microros_ws/install/drive_base_msgs/lib/python3.8/site-packages/drive_base_msgs/msg/_command_status_s.c
[4.954s] -- Up-to-date: /home/microros/microros_ws/install/drive_base_msgs/lib/python3.8/site-packages/drive_base_msgs/msg/_base_info_s.c
[4.954s] -- Up-to-date: /home/microros/microros_ws/install/drive_base_msgs/lib/python3.8/site-packages/drive_base_msgs/msg/_command_header.py
[4.954s] -- Up-to-date: /home/microros/microros_ws/install/drive_base_msgs/lib/python3.8/site-packages/drive_base_msgs/msg/_command_header_s.c
[4.954s] -- Up-to-date: /home/microros/microros_ws/install/drive_base_msgs/lib/python3.8/site-packages/drive_base_msgs/msg/_trv_command_s.c
[4.954s] -- Up-to-date: /home/microros/microros_ws/install/drive_base_msgs/lib/python3.8/site-packages/drive_base_msgs/msg/__init__.py
[4.954s] -- Up-to-date: /home/microros/microros_ws/install/drive_base_msgs/lib/python3.8/site-packages/drive_base_msgs/msg/_command_status.py
[4.954s] -- Up-to-date: /home/microros/microros_ws/install/drive_base_msgs/lib/python3.8/site-packages/drive_base_msgs/msg/_base_info.py
[4.955s] -- Up-to-date: /home/microros/microros_ws/install/drive_base_msgs/lib/python3.8/site-packages/drive_base_msgs/drive_base_msgs_s__rosidl_typesupport_fastrtps_c.cpython-38-x86_64-linux-gnu.so
[5.002s] -- Up-to-date: /home/microros/microros_ws/install/drive_base_msgs/lib/python3.8/site-packages/drive_base_msgs/drive_base_msgs_s__rosidl_typesupport_introspection_c.cpython-38-x86_64-linux-gnu.so
[5.003s] -- Up-to-date: /home/microros/microros_ws/install/drive_base_msgs/lib/python3.8/site-packages/drive_base_msgs/drive_base_msgs_s__rosidl_typesupport_c.cpython-38-x86_64-linux-gnu.so
[5.004s] -- Up-to-date: /home/microros/microros_ws/install/drive_base_msgs/lib/libdrive_base_msgs__python.so
[5.008s] -- Up-to-date: /home/microros/microros_ws/install/drive_base_msgs/share/drive_base_msgs/msg/CommandHeader.idl
[5.008s] -- Up-to-date: /home/microros/microros_ws/install/drive_base_msgs/share/drive_base_msgs/msg/BaseInfo.idl
[5.008s] -- Up-to-date: /home/microros/microros_ws/install/drive_base_msgs/share/drive_base_msgs/msg/CommandStatus.idl
[5.008s] -- Up-to-date: /home/microros/microros_ws/install/drive_base_msgs/share/drive_base_msgs/msg/TRVCommand.idl
[5.008s] -- Up-to-date: /home/microros/microros_ws/install/drive_base_msgs/share/drive_base_msgs/msg/CommandHeader.msg
[5.009s] -- Up-to-date: /home/microros/microros_ws/install/drive_base_msgs/share/drive_base_msgs/msg/BaseInfo.msg
[5.009s] -- Up-to-date: /home/microros/microros_ws/install/drive_base_msgs/share/drive_base_msgs/msg/CommandStatus.msg
[5.009s] -- Up-to-date: /home/microros/microros_ws/install/drive_base_msgs/share/drive_base_msgs/msg/TRVCommand.msg
[5.017s] -- Up-to-date: /home/microros/microros_ws/install/drive_base_msgs/share/ament_index/resource_index/package_run_dependencies/drive_base_msgs
[5.018s] -- Up-to-date: /home/microros/microros_ws/install/drive_base_msgs/share/ament_index/resource_index/parent_prefix_path/drive_base_msgs
[5.018s] -- Up-to-date: /home/microros/microros_ws/install/drive_base_msgs/share/drive_base_msgs/environment/ament_prefix_path.sh
[5.018s] -- Up-to-date: /home/microros/microros_ws/install/drive_base_msgs/share/drive_base_msgs/environment/ament_prefix_path.dsv
[5.018s] -- Up-to-date: /home/microros/microros_ws/install/drive_base_msgs/share/drive_base_msgs/environment/path.sh
[5.018s] -- Up-to-date: /home/microros/microros_ws/install/drive_base_msgs/share/drive_base_msgs/environment/path.dsv
[5.018s] -- Up-to-date: /home/microros/microros_ws/install/drive_base_msgs/share/drive_base_msgs/local_setup.bash
[5.019s] -- Up-to-date: /home/microros/microros_ws/install/drive_base_msgs/share/drive_base_msgs/local_setup.sh
[5.019s] -- Up-to-date: /home/microros/microros_ws/install/drive_base_msgs/share/drive_base_msgs/local_setup.zsh
[5.019s] -- Up-to-date: /home/microros/microros_ws/install/drive_base_msgs/share/drive_base_msgs/local_setup.dsv
[5.019s] -- Installing: /home/microros/microros_ws/install/drive_base_msgs/share/drive_base_msgs/package.dsv
[5.030s] -- Up-to-date: /home/microros/microros_ws/install/drive_base_msgs/share/ament_index/resource_index/packages/drive_base_msgs
[5.068s] -- Up-to-date: /home/microros/microros_ws/install/drive_base_msgs/share/drive_base_msgs/cmake/drive_base_msgs__rosidl_generator_cExport.cmake
[5.068s] -- Up-to-date: /home/microros/microros_ws/install/drive_base_msgs/share/drive_base_msgs/cmake/drive_base_msgs__rosidl_generator_cExport-noconfig.cmake
[5.069s] -- Up-to-date: /home/microros/microros_ws/install/drive_base_msgs/share/drive_base_msgs/cmake/drive_base_msgs__rosidl_typesupport_introspection_cExport.cmake
[5.069s] -- Up-to-date: /home/microros/microros_ws/install/drive_base_msgs/share/drive_base_msgs/cmake/drive_base_msgs__rosidl_typesupport_introspection_cExport-noconfig.cmake
[5.071s] -- Up-to-date: /home/microros/microros_ws/install/drive_base_msgs/share/drive_base_msgs/cmake/drive_base_msgs__rosidl_typesupport_cExport.cmake
[5.071s] -- Up-to-date: /home/microros/microros_ws/install/drive_base_msgs/share/drive_base_msgs/cmake/drive_base_msgs__rosidl_typesupport_cExport-noconfig.cmake
[5.089s] -- Up-to-date: /home/microros/microros_ws/install/drive_base_msgs/share/drive_base_msgs/cmake/drive_base_msgs__rosidl_generator_cppExport.cmake
[5.100s] -- Up-to-date: /home/microros/microros_ws/install/drive_base_msgs/share/drive_base_msgs/cmake/drive_base_msgs__rosidl_typesupport_introspection_cppExport.cmake
[5.100s] -- Up-to-date: /home/microros/microros_ws/install/drive_base_msgs/share/drive_base_msgs/cmake/drive_base_msgs__rosidl_typesupport_introspection_cppExport-noconfig.cmake
[5.103s] -- Up-to-date: /home/microros/microros_ws/install/drive_base_msgs/share/drive_base_msgs/cmake/drive_base_msgs__rosidl_typesupport_cppExport.cmake
[5.103s] -- Up-to-date: /home/microros/microros_ws/install/drive_base_msgs/share/drive_base_msgs/cmake/drive_base_msgs__rosidl_typesupport_cppExport-noconfig.cmake
[5.103s] -- Up-to-date: /home/microros/microros_ws/install/drive_base_msgs/share/drive_base_msgs/cmake/rosidl_cmake-extras.cmake
[5.103s] -- Up-to-date: /home/microros/microros_ws/install/drive_base_msgs/share/drive_base_msgs/cmake/ament_cmake_export_dependencies-extras.cmake
[5.103s] -- Up-to-date: /home/microros/microros_ws/install/drive_base_msgs/share/drive_base_msgs/cmake/ament_cmake_export_libraries-extras.cmake
[5.104s] -- Up-to-date: /home/microros/microros_ws/install/drive_base_msgs/share/drive_base_msgs/cmake/ament_cmake_export_targets-extras.cmake
[5.104s] -- Up-to-date: /home/microros/microros_ws/install/drive_base_msgs/share/drive_base_msgs/cmake/ament_cmake_export_include_directories-extras.cmake
[5.104s] -- Up-to-date: /home/microros/microros_ws/install/drive_base_msgs/share/drive_base_msgs/cmake/rosidl_cmake_export_typesupport_libraries-extras.cmake
[5.104s] -- Up-to-date: /home/microros/microros_ws/install/drive_base_msgs/share/drive_base_msgs/cmake/rosidl_cmake_export_typesupport_targets-extras.cmake
[5.104s] -- Up-to-date: /home/microros/microros_ws/install/drive_base_msgs/share/drive_base_msgs/cmake/drive_base_msgsConfig.cmake
[5.104s] -- Up-to-date: /home/microros/microros_ws/install/drive_base_msgs/share/drive_base_msgs/cmake/drive_base_msgsConfig-version.cmake
[5.104s] -- Up-to-date: /home/microros/microros_ws/install/drive_base_msgs/share/drive_base_msgs/package.xml
[5.121s] Invoked command in '/home/microros/microros_ws/build/drive_base_msgs' returned '0': CMAKE_PREFIX_PATH=${CMAKE_PREFIX_PATH}:/opt/ros/foxy /usr/bin/cmake --install /home/microros/microros_ws/build/drive_base_msgs
