[0.041s] Invoking command in '/home/microros/microros_ws/firmware/mcu_ws/build/libyaml_vendor': CMAKE_PREFIX_PATH=${CMAKE_PREFIX_PATH}:/home/microros/microros_ws/firmware/dev_ws/install/ament_uncrustify:/home/microros/microros_ws/firmware/dev_ws/install/domain_coordinator:/home/microros/microros_ws/firmware/dev_ws/install/ament_xmllint:/home/microros/microros_ws/firmware/dev_ws/install/ament_pyflakes:/home/microros/microros_ws/firmware/dev_ws/install/ament_pycodestyle:/home/microros/microros_ws/firmware/dev_ws/install/ament_pep257:/home/microros/microros_ws/firmware/dev_ws/install/ament_pclint:/home/microros/microros_ws/firmware/dev_ws/install/ament_package:/home/microros/microros_ws/firmware/dev_ws/install/ament_mypy:/home/microros/microros_ws/firmware/dev_ws/install/ament_lint_cmake:/home/microros/microros_ws/firmware/dev_ws/install/ament_flake8:/home/microros/microros_ws/firmware/dev_ws/install/ament_copyright:/home/microros/microros_ws/firmware/dev_ws/install/ament_lint:/home/microros/microros_ws/firmware/dev_ws/install/ament_index_python:/home/microros/microros_ws/firmware/dev_ws/install/ament_cpplint:/home/microros/microros_ws/firmware/dev_ws/install/ament_cppcheck:/home/microros/microros_ws/firmware/dev_ws/install/ament_clang_tidy:/home/microros/microros_ws/firmware/dev_ws/install/ament_clang_format /usr/bin/cmake /home/microros/microros_ws/firmware/mcu_ws/ros2/libyaml_vendor -DBUILD_SHARED_LIBS=OFF -DCMAKE_POSITION_INDEPENDENT_CODE=ON -DBUILD_TESTING=OFF -DCMAKE_BUILD_TYPE=RelWithDebInfo -DCMAKE_TOOLCHAIN_FILE=/home/microros/microros_ws/firmware/apps/uros/arm_toolchain.cmake -DCMAKE_VERBOSE_MAKEFILE=ON -DCMAKE_INSTALL_PREFIX=/home/microros/microros_ws/firmware/mcu_ws/install/libyaml_vendor
[0.291s] -- The C compiler identification is GNU 9.2.1
[0.543s] -- The CXX compiler identification is GNU 9.2.1
[0.569s] -- Check for working C compiler: /usr/bin/arm-none-eabi-gcc
[0.891s] -- Check for working C compiler: /usr/bin/arm-none-eabi-gcc -- works
[0.893s] -- Detecting C compiler ABI info
[1.223s] -- Detecting C compiler ABI info - done
[1.231s] -- Detecting C compile features
[1.232s] -- Detecting C compile features - done
[1.236s] -- Check for working CXX compiler: /usr/bin/arm-none-eabi-g++
[1.327s] -- Check for working CXX compiler: /usr/bin/arm-none-eabi-g++ -- works
[1.335s] -- Detecting CXX compiler ABI info
[1.426s] -- Detecting CXX compiler ABI info - done
[1.437s] -- Detecting CXX compile features
[1.437s] -- Detecting CXX compile features - done
[1.442s] -- Found ament_cmake: 0.9.6 (/home/microros/microros_ws/firmware/dev_ws/install/ament_cmake/share/ament_cmake/cmake)
[1.493s] -- Found PythonInterp: /usr/bin/python3 (found suitable version "3.8.2", minimum required is "3") 
[1.494s] -- Using PYTHON_EXECUTABLE: /usr/bin/python3
[1.879s] CMake Warning (dev) at /home/microros/microros_ws/firmware/dev_ws/install/ament_cmake_test/share/ament_cmake_test/cmake/ament_cmake_test-extras.cmake:19 (option):
[1.879s]   Policy CMP0077 is not set: option() honors normal variables.  Run "cmake
[1.879s]   --help-policy CMP0077" for policy details.  Use the cmake_policy command to
[1.880s]   set the policy and suppress this warning.
[1.880s] 
[1.880s]   For compatibility with older versions of CMake, option is clearing the
[1.880s]   normal variable 'BUILD_TESTING'.
[1.880s] Call Stack (most recent call first):
[1.880s]   /home/microros/microros_ws/firmware/dev_ws/install/ament_cmake_test/share/ament_cmake_test/cmake/ament_cmake_testConfig.cmake:41 (include)
[1.880s]   /home/microros/microros_ws/firmware/dev_ws/install/ament_cmake/share/ament_cmake/cmake/ament_cmake_export_dependencies-extras.cmake:21 (find_package)
[1.880s]   /home/microros/microros_ws/firmware/dev_ws/install/ament_cmake/share/ament_cmake/cmake/ament_cmakeConfig.cmake:41 (include)
[1.880s]   CMakeLists.txt:5 (find_package)
[1.880s] This warning is for project developers.  Use -Wno-dev to suppress it.
[1.881s] 
[2.027s] -- Configuring done
[2.033s] -- Generating done
[2.034s] -- Build files have been written to: /home/microros/microros_ws/firmware/mcu_ws/build/libyaml_vendor
[2.045s] Invoked command in '/home/microros/microros_ws/firmware/mcu_ws/build/libyaml_vendor' returned '0': CMAKE_PREFIX_PATH=${CMAKE_PREFIX_PATH}:/home/microros/microros_ws/firmware/dev_ws/install/ament_uncrustify:/home/microros/microros_ws/firmware/dev_ws/install/domain_coordinator:/home/microros/microros_ws/firmware/dev_ws/install/ament_xmllint:/home/microros/microros_ws/firmware/dev_ws/install/ament_pyflakes:/home/microros/microros_ws/firmware/dev_ws/install/ament_pycodestyle:/home/microros/microros_ws/firmware/dev_ws/install/ament_pep257:/home/microros/microros_ws/firmware/dev_ws/install/ament_pclint:/home/microros/microros_ws/firmware/dev_ws/install/ament_package:/home/microros/microros_ws/firmware/dev_ws/install/ament_mypy:/home/microros/microros_ws/firmware/dev_ws/install/ament_lint_cmake:/home/microros/microros_ws/firmware/dev_ws/install/ament_flake8:/home/microros/microros_ws/firmware/dev_ws/install/ament_copyright:/home/microros/microros_ws/firmware/dev_ws/install/ament_lint:/home/microros/microros_ws/firmware/dev_ws/install/ament_index_python:/home/microros/microros_ws/firmware/dev_ws/install/ament_cpplint:/home/microros/microros_ws/firmware/dev_ws/install/ament_cppcheck:/home/microros/microros_ws/firmware/dev_ws/install/ament_clang_tidy:/home/microros/microros_ws/firmware/dev_ws/install/ament_clang_format /usr/bin/cmake /home/microros/microros_ws/firmware/mcu_ws/ros2/libyaml_vendor -DBUILD_SHARED_LIBS=OFF -DCMAKE_POSITION_INDEPENDENT_CODE=ON -DBUILD_TESTING=OFF -DCMAKE_BUILD_TYPE=RelWithDebInfo -DCMAKE_TOOLCHAIN_FILE=/home/microros/microros_ws/firmware/apps/uros/arm_toolchain.cmake -DCMAKE_VERBOSE_MAKEFILE=ON -DCMAKE_INSTALL_PREFIX=/home/microros/microros_ws/firmware/mcu_ws/install/libyaml_vendor
[2.047s] Invoking command in '/home/microros/microros_ws/firmware/mcu_ws/build/libyaml_vendor': CMAKE_PREFIX_PATH=${CMAKE_PREFIX_PATH}:/home/microros/microros_ws/firmware/dev_ws/install/ament_uncrustify:/home/microros/microros_ws/firmware/dev_ws/install/domain_coordinator:/home/microros/microros_ws/firmware/dev_ws/install/ament_xmllint:/home/microros/microros_ws/firmware/dev_ws/install/ament_pyflakes:/home/microros/microros_ws/firmware/dev_ws/install/ament_pycodestyle:/home/microros/microros_ws/firmware/dev_ws/install/ament_pep257:/home/microros/microros_ws/firmware/dev_ws/install/ament_pclint:/home/microros/microros_ws/firmware/dev_ws/install/ament_package:/home/microros/microros_ws/firmware/dev_ws/install/ament_mypy:/home/microros/microros_ws/firmware/dev_ws/install/ament_lint_cmake:/home/microros/microros_ws/firmware/dev_ws/install/ament_flake8:/home/microros/microros_ws/firmware/dev_ws/install/ament_copyright:/home/microros/microros_ws/firmware/dev_ws/install/ament_lint:/home/microros/microros_ws/firmware/dev_ws/install/ament_index_python:/home/microros/microros_ws/firmware/dev_ws/install/ament_cpplint:/home/microros/microros_ws/firmware/dev_ws/install/ament_cppcheck:/home/microros/microros_ws/firmware/dev_ws/install/ament_clang_tidy:/home/microros/microros_ws/firmware/dev_ws/install/ament_clang_format /usr/bin/cmake --build /home/microros/microros_ws/firmware/mcu_ws/build/libyaml_vendor -- -j4 -l4
[2.083s] make[4]: Entering directory '/home/microros/microros_ws/firmware/mcu_ws/build/libyaml_vendor'
[2.083s] /usr/bin/cmake -S/home/microros/microros_ws/firmware/mcu_ws/ros2/libyaml_vendor -B/home/microros/microros_ws/firmware/mcu_ws/build/libyaml_vendor --check-build-system CMakeFiles/Makefile.cmake 0
[2.104s] /usr/bin/cmake -E cmake_progress_start /home/microros/microros_ws/firmware/mcu_ws/build/libyaml_vendor/CMakeFiles /home/microros/microros_ws/firmware/mcu_ws/build/libyaml_vendor/CMakeFiles/progress.marks
[2.117s] /usr/bin/make -f CMakeFiles/Makefile2 all
[2.119s] make[5]: Entering directory '/home/microros/microros_ws/firmware/mcu_ws/build/libyaml_vendor'
[2.119s] /usr/bin/make -f CMakeFiles/libyaml-10c9078.dir/build.make CMakeFiles/libyaml-10c9078.dir/depend
[2.121s] make[6]: Entering directory '/home/microros/microros_ws/firmware/mcu_ws/build/libyaml_vendor'
[2.121s] cd /home/microros/microros_ws/firmware/mcu_ws/build/libyaml_vendor && /usr/bin/cmake -E cmake_depends "Unix Makefiles" /home/microros/microros_ws/firmware/mcu_ws/ros2/libyaml_vendor /home/microros/microros_ws/firmware/mcu_ws/ros2/libyaml_vendor /home/microros/microros_ws/firmware/mcu_ws/build/libyaml_vendor /home/microros/microros_ws/firmware/mcu_ws/build/libyaml_vendor /home/microros/microros_ws/firmware/mcu_ws/build/libyaml_vendor/CMakeFiles/libyaml-10c9078.dir/DependInfo.cmake --color=
[2.132s] Dependee "/home/microros/microros_ws/firmware/mcu_ws/build/libyaml_vendor/CMakeFiles/libyaml-10c9078.dir/DependInfo.cmake" is newer than depender "/home/microros/microros_ws/firmware/mcu_ws/build/libyaml_vendor/CMakeFiles/libyaml-10c9078.dir/depend.internal".
[2.132s] Dependee "/home/microros/microros_ws/firmware/mcu_ws/build/libyaml_vendor/CMakeFiles/CMakeDirectoryInformation.cmake" is newer than depender "/home/microros/microros_ws/firmware/mcu_ws/build/libyaml_vendor/CMakeFiles/libyaml-10c9078.dir/depend.internal".
[2.132s] [35m[1mScanning dependencies of target libyaml-10c9078[0m
[2.134s] make[6]: Leaving directory '/home/microros/microros_ws/firmware/mcu_ws/build/libyaml_vendor'
[2.134s] /usr/bin/make -f CMakeFiles/libyaml-10c9078.dir/build.make CMakeFiles/libyaml-10c9078.dir/build
[2.136s] make[6]: Entering directory '/home/microros/microros_ws/firmware/mcu_ws/build/libyaml_vendor'
[2.153s] [ 12%] [34m[1mCreating directories for 'libyaml-10c9078'[0m
[2.154s] /usr/bin/cmake -E make_directory /home/microros/microros_ws/firmware/mcu_ws/build/libyaml_vendor/libyaml-10c9078-prefix/src/libyaml-10c9078
[2.159s] /usr/bin/cmake -E make_directory /home/microros/microros_ws/firmware/mcu_ws/build/libyaml_vendor/libyaml-10c9078-prefix/src/libyaml-10c9078-build
[2.170s] /usr/bin/cmake -E make_directory /home/microros/microros_ws/firmware/mcu_ws/build/libyaml_vendor/libyaml-10c9078-prefix
[2.184s] /usr/bin/cmake -E make_directory /home/microros/microros_ws/firmware/mcu_ws/build/libyaml_vendor/libyaml-10c9078-prefix/tmp
[2.196s] /usr/bin/cmake -E make_directory /home/microros/microros_ws/firmware/mcu_ws/build/libyaml_vendor/libyaml-10c9078-prefix/src/libyaml-10c9078-stamp
[2.214s] /usr/bin/cmake -E make_directory /home/microros/microros_ws/firmware/mcu_ws/build/libyaml_vendor/libyaml-10c9078-prefix/src
[2.226s] /usr/bin/cmake -E make_directory /home/microros/microros_ws/firmware/mcu_ws/build/libyaml_vendor/libyaml-10c9078-prefix/src/libyaml-10c9078-stamp
[2.238s] /usr/bin/cmake -E touch /home/microros/microros_ws/firmware/mcu_ws/build/libyaml_vendor/libyaml-10c9078-prefix/src/libyaml-10c9078-stamp/libyaml-10c9078-mkdir
[2.258s] [ 25%] [34m[1mPerforming download step (download, verify and extract) for 'libyaml-10c9078'[0m
[2.259s] cd /home/microros/microros_ws/firmware/mcu_ws/build/libyaml_vendor/libyaml-10c9078-prefix/src && /usr/bin/cmake -P /home/microros/microros_ws/firmware/mcu_ws/build/libyaml_vendor/libyaml-10c9078-prefix/src/libyaml-10c9078-stamp/download-libyaml-10c9078.cmake
[2.271s] -- Downloading...
[2.272s]    dst='/home/microros/microros_ws/firmware/mcu_ws/build/libyaml_vendor/libyaml-10c9078-prefix/src/10c907871f1ccd779c7fccf6b81a62762b5c4e7b.zip'
[2.272s]    timeout='60 seconds'
[2.272s] -- Using src='https://github.com/yaml/libyaml/archive/10c907871f1ccd779c7fccf6b81a62762b5c4e7b.zip'
[2.707s] -- [download 100% complete]
[3.135s] -- verifying file...
[3.135s]        file='/home/microros/microros_ws/firmware/mcu_ws/build/libyaml_vendor/libyaml-10c9078-prefix/src/10c907871f1ccd779c7fccf6b81a62762b5c4e7b.zip'
[3.135s] -- Downloading... done
[3.137s] cd /home/microros/microros_ws/firmware/mcu_ws/build/libyaml_vendor/libyaml-10c9078-prefix/src && /usr/bin/cmake -P /home/microros/microros_ws/firmware/mcu_ws/build/libyaml_vendor/libyaml-10c9078-prefix/src/libyaml-10c9078-stamp/verify-libyaml-10c9078.cmake
[3.155s] cd /home/microros/microros_ws/firmware/mcu_ws/build/libyaml_vendor/libyaml-10c9078-prefix/src && /usr/bin/cmake -P /home/microros/microros_ws/firmware/mcu_ws/build/libyaml_vendor/libyaml-10c9078-prefix/src/libyaml-10c9078-stamp/extract-libyaml-10c9078.cmake
[3.167s] -- extracting...
[3.167s]      src='/home/microros/microros_ws/firmware/mcu_ws/build/libyaml_vendor/libyaml-10c9078-prefix/src/10c907871f1ccd779c7fccf6b81a62762b5c4e7b.zip'
[3.167s]      dst='/home/microros/microros_ws/firmware/mcu_ws/build/libyaml_vendor/libyaml-10c9078-prefix/src/libyaml-10c9078'
[3.167s] -- extracting... [tar xfz]
[3.184s] -- extracting... [analysis]
[3.184s] -- extracting... [rename]
[3.184s] -- extracting... [clean up]
[3.184s] -- extracting... done
[3.184s] cd /home/microros/microros_ws/firmware/mcu_ws/build/libyaml_vendor/libyaml-10c9078-prefix/src && /usr/bin/cmake -E touch /home/microros/microros_ws/firmware/mcu_ws/build/libyaml_vendor/libyaml-10c9078-prefix/src/libyaml-10c9078-stamp/libyaml-10c9078-download
[3.212s] [ 37%] [34m[1mNo patch step for 'libyaml-10c9078'[0m
[3.212s] /usr/bin/cmake -E echo_append
[3.217s] [ 50%] [34m[1mNo update step for 'libyaml-10c9078'[0m
[3.218s] /usr/bin/cmake -E echo_append
[3.228s] /usr/bin/cmake -E touch /home/microros/microros_ws/firmware/mcu_ws/build/libyaml_vendor/libyaml-10c9078-prefix/src/libyaml-10c9078-stamp/libyaml-10c9078-update
[3.251s] /usr/bin/cmake -E touch /home/microros/microros_ws/firmware/mcu_ws/build/libyaml_vendor/libyaml-10c9078-prefix/src/libyaml-10c9078-stamp/libyaml-10c9078-patch
[3.269s] [ 62%] [34m[1mPerforming configure step for 'libyaml-10c9078'[0m
[3.269s] cd /home/microros/microros_ws/firmware/mcu_ws/build/libyaml_vendor/libyaml-10c9078-prefix/src/libyaml-10c9078-build && /usr/bin/cmake -DCMAKE_INSTALL_PREFIX=/home/microros/microros_ws/firmware/mcu_ws/build/libyaml_vendor/libyaml_install -DCMAKE_BUILD_TYPE=RelWithDebInfo -DBUILD_SHARED_LIBS=ON -DBUILD_TESTING=OFF -DCMAKE_TOOLCHAIN_FILE=/home/microros/microros_ws/firmware/apps/uros/arm_toolchain.cmake "-GUnix Makefiles" /home/microros/microros_ws/firmware/mcu_ws/build/libyaml_vendor/libyaml-10c9078-prefix/src/libyaml-10c9078
[3.287s] Re-run cmake no build system arguments
[3.555s] -- The C compiler identification is GNU 9.2.1
[3.586s] -- Check for working C compiler: /usr/bin/arm-none-eabi-gcc
[3.736s] -- Check for working C compiler: /usr/bin/arm-none-eabi-gcc -- works
[3.737s] -- Detecting C compiler ABI info
[3.805s] -- Detecting C compiler ABI info - done
[3.820s] -- Detecting C compile features
[3.821s] -- Detecting C compile features - done
[3.822s] CMake Warning (dev) at CMakeLists.txt:10 (option):
[3.822s]   Policy CMP0077 is not set: option() honors normal variables.  Run "cmake
[3.822s]   --help-policy CMP0077" for policy details.  Use the cmake_policy command to
[3.822s]   set the policy and suppress this warning.
[3.822s] 
[3.822s]   For compatibility with older versions of CMake, option is clearing the
[3.822s]   normal variable 'BUILD_SHARED_LIBS'.
[3.822s] This warning is for project developers.  Use -Wno-dev to suppress it.
[3.822s] 
[3.822s] CMake Warning (dev) at CMakeLists.txt:55 (add_library):
[3.822s]   ADD_LIBRARY called with SHARED option but the target platform does not
[3.823s]   support dynamic linking.  Building a STATIC library instead.  This may lead
[3.823s]   to problems.
[3.823s] This warning is for project developers.  Use -Wno-dev to suppress it.
[3.823s] 
[3.823s] CMake Warning (dev) at /usr/share/cmake-3.16/Modules/CTest.cmake:50 (option):
[3.823s]   Policy CMP0077 is not set: option() honors normal variables.  Run "cmake
[3.823s]   --help-policy CMP0077" for policy details.  Use the cmake_policy command to
[3.823s]   set the policy and suppress this warning.
[3.823s] 
[3.824s]   For compatibility with older versions of CMake, option is clearing the
[3.824s]   normal variable 'BUILD_TESTING'.
[3.824s] Call Stack (most recent call first):
[3.824s]   CMakeLists.txt:101 (include)
[3.824s] This warning is for project developers.  Use -Wno-dev to suppress it.
[3.824s] 
[3.826s] -- Configuring done
[3.829s] -- Generating done
[3.831s] -- Build files have been written to: /home/microros/microros_ws/firmware/mcu_ws/build/libyaml_vendor/libyaml-10c9078-prefix/src/libyaml-10c9078-build
[3.834s] cd /home/microros/microros_ws/firmware/mcu_ws/build/libyaml_vendor/libyaml-10c9078-prefix/src/libyaml-10c9078-build && /usr/bin/cmake -E touch /home/microros/microros_ws/firmware/mcu_ws/build/libyaml_vendor/libyaml-10c9078-prefix/src/libyaml-10c9078-stamp/libyaml-10c9078-configure
[3.848s] [ 75%] [34m[1mPerforming build step for 'libyaml-10c9078'[0m
[3.848s] cd /home/microros/microros_ws/firmware/mcu_ws/build/libyaml_vendor/libyaml-10c9078-prefix/src/libyaml-10c9078-build && /usr/bin/make
[3.850s] make[7]: Entering directory '/home/microros/microros_ws/firmware/mcu_ws/build/libyaml_vendor/libyaml-10c9078-prefix/src/libyaml-10c9078-build'
[3.850s] /usr/bin/cmake -S/home/microros/microros_ws/firmware/mcu_ws/build/libyaml_vendor/libyaml-10c9078-prefix/src/libyaml-10c9078 -B/home/microros/microros_ws/firmware/mcu_ws/build/libyaml_vendor/libyaml-10c9078-prefix/src/libyaml-10c9078-build --check-build-system CMakeFiles/Makefile.cmake 0
[3.861s] /usr/bin/cmake -E cmake_progress_start /home/microros/microros_ws/firmware/mcu_ws/build/libyaml_vendor/libyaml-10c9078-prefix/src/libyaml-10c9078-build/CMakeFiles /home/microros/microros_ws/firmware/mcu_ws/build/libyaml_vendor/libyaml-10c9078-prefix/src/libyaml-10c9078-build/CMakeFiles/progress.marks
[3.869s] /usr/bin/make -f CMakeFiles/Makefile2 all
[3.870s] make[8]: Entering directory '/home/microros/microros_ws/firmware/mcu_ws/build/libyaml_vendor/libyaml-10c9078-prefix/src/libyaml-10c9078-build'
[3.870s] /usr/bin/make -f CMakeFiles/yaml.dir/build.make CMakeFiles/yaml.dir/depend
[3.871s] make[9]: Entering directory '/home/microros/microros_ws/firmware/mcu_ws/build/libyaml_vendor/libyaml-10c9078-prefix/src/libyaml-10c9078-build'
[3.871s] cd /home/microros/microros_ws/firmware/mcu_ws/build/libyaml_vendor/libyaml-10c9078-prefix/src/libyaml-10c9078-build && /usr/bin/cmake -E cmake_depends "Unix Makefiles" /home/microros/microros_ws/firmware/mcu_ws/build/libyaml_vendor/libyaml-10c9078-prefix/src/libyaml-10c9078 /home/microros/microros_ws/firmware/mcu_ws/build/libyaml_vendor/libyaml-10c9078-prefix/src/libyaml-10c9078 /home/microros/microros_ws/firmware/mcu_ws/build/libyaml_vendor/libyaml-10c9078-prefix/src/libyaml-10c9078-build /home/microros/microros_ws/firmware/mcu_ws/build/libyaml_vendor/libyaml-10c9078-prefix/src/libyaml-10c9078-build /home/microros/microros_ws/firmware/mcu_ws/build/libyaml_vendor/libyaml-10c9078-prefix/src/libyaml-10c9078-build/CMakeFiles/yaml.dir/DependInfo.cmake --color=
[3.882s] Dependee "/home/microros/microros_ws/firmware/mcu_ws/build/libyaml_vendor/libyaml-10c9078-prefix/src/libyaml-10c9078-build/CMakeFiles/yaml.dir/DependInfo.cmake" is newer than depender "/home/microros/microros_ws/firmware/mcu_ws/build/libyaml_vendor/libyaml-10c9078-prefix/src/libyaml-10c9078-build/CMakeFiles/yaml.dir/depend.internal".
[3.882s] Dependee "/home/microros/microros_ws/firmware/mcu_ws/build/libyaml_vendor/libyaml-10c9078-prefix/src/libyaml-10c9078-build/CMakeFiles/CMakeDirectoryInformation.cmake" is newer than depender "/home/microros/microros_ws/firmware/mcu_ws/build/libyaml_vendor/libyaml-10c9078-prefix/src/libyaml-10c9078-build/CMakeFiles/yaml.dir/depend.internal".
[3.882s] [35m[1mScanning dependencies of target yaml[0m
[3.902s] make[9]: Leaving directory '/home/microros/microros_ws/firmware/mcu_ws/build/libyaml_vendor/libyaml-10c9078-prefix/src/libyaml-10c9078-build'
[3.902s] /usr/bin/make -f CMakeFiles/yaml.dir/build.make CMakeFiles/yaml.dir/build
[3.907s] make[9]: Entering directory '/home/microros/microros_ws/firmware/mcu_ws/build/libyaml_vendor/libyaml-10c9078-prefix/src/libyaml-10c9078-build'
[3.919s] [ 11%] [32mBuilding C object CMakeFiles/yaml.dir/src/api.c.obj[0m
[3.919s] /usr/bin/arm-none-eabi-gcc --sysroot=/home/microros/microros_ws/firmware/NuttX/.. -DHAVE_CONFIG_H -I/home/microros/microros_ws/firmware/mcu_ws/build/libyaml_vendor/libyaml-10c9078-prefix/src/libyaml-10c9078/include -I/home/microros/microros_ws/firmware/mcu_ws/build/libyaml_vendor/libyaml-10c9078-prefix/src/libyaml-10c9078-build/include -isystem /home/microros/microros_ws/firmware/NuttX/include -isystem /home/microros/microros_ws/firmware/NuttX/include/cxx -isystem /home/microros/microros_ws/firmware/NuttX/include/uClibc++  -std=c99 -Dunix=1 -mcpu=cortex-m4 -mthumb -mfloat-abi=soft -Os -fno-strict-aliasing -fno-strength-reduce -fomit-frame-pointer -O2 -g -DNDEBUG -fPIC   -o CMakeFiles/yaml.dir/src/api.c.obj   -c /home/microros/microros_ws/firmware/mcu_ws/build/libyaml_vendor/libyaml-10c9078-prefix/src/libyaml-10c9078/src/api.c
[3.923s] [ 22%] [32mBuilding C object CMakeFiles/yaml.dir/src/loader.c.obj[0m
[3.925s] /usr/bin/arm-none-eabi-gcc --sysroot=/home/microros/microros_ws/firmware/NuttX/.. -DHAVE_CONFIG_H -I/home/microros/microros_ws/firmware/mcu_ws/build/libyaml_vendor/libyaml-10c9078-prefix/src/libyaml-10c9078/include -I/home/microros/microros_ws/firmware/mcu_ws/build/libyaml_vendor/libyaml-10c9078-prefix/src/libyaml-10c9078-build/include -isystem /home/microros/microros_ws/firmware/NuttX/include -isystem /home/microros/microros_ws/firmware/NuttX/include/cxx -isystem /home/microros/microros_ws/firmware/NuttX/include/uClibc++  -std=c99 -Dunix=1 -mcpu=cortex-m4 -mthumb -mfloat-abi=soft -Os -fno-strict-aliasing -fno-strength-reduce -fomit-frame-pointer -O2 -g -DNDEBUG -fPIC   -o CMakeFiles/yaml.dir/src/loader.c.obj   -c /home/microros/microros_ws/firmware/mcu_ws/build/libyaml_vendor/libyaml-10c9078-prefix/src/libyaml-10c9078/src/loader.c
[3.926s] [ 33%] [32mBuilding C object CMakeFiles/yaml.dir/src/emitter.c.obj[0m
[3.934s] [ 44%] [32mBuilding C object CMakeFiles/yaml.dir/src/dumper.c.obj[0m
[3.934s] /usr/bin/arm-none-eabi-gcc --sysroot=/home/microros/microros_ws/firmware/NuttX/.. -DHAVE_CONFIG_H -I/home/microros/microros_ws/firmware/mcu_ws/build/libyaml_vendor/libyaml-10c9078-prefix/src/libyaml-10c9078/include -I/home/microros/microros_ws/firmware/mcu_ws/build/libyaml_vendor/libyaml-10c9078-prefix/src/libyaml-10c9078-build/include -isystem /home/microros/microros_ws/firmware/NuttX/include -isystem /home/microros/microros_ws/firmware/NuttX/include/cxx -isystem /home/microros/microros_ws/firmware/NuttX/include/uClibc++  -std=c99 -Dunix=1 -mcpu=cortex-m4 -mthumb -mfloat-abi=soft -Os -fno-strict-aliasing -fno-strength-reduce -fomit-frame-pointer -O2 -g -DNDEBUG -fPIC   -o CMakeFiles/yaml.dir/src/emitter.c.obj   -c /home/microros/microros_ws/firmware/mcu_ws/build/libyaml_vendor/libyaml-10c9078-prefix/src/libyaml-10c9078/src/emitter.c
[3.936s] /usr/bin/arm-none-eabi-gcc --sysroot=/home/microros/microros_ws/firmware/NuttX/.. -DHAVE_CONFIG_H -I/home/microros/microros_ws/firmware/mcu_ws/build/libyaml_vendor/libyaml-10c9078-prefix/src/libyaml-10c9078/include -I/home/microros/microros_ws/firmware/mcu_ws/build/libyaml_vendor/libyaml-10c9078-prefix/src/libyaml-10c9078-build/include -isystem /home/microros/microros_ws/firmware/NuttX/include -isystem /home/microros/microros_ws/firmware/NuttX/include/cxx -isystem /home/microros/microros_ws/firmware/NuttX/include/uClibc++  -std=c99 -Dunix=1 -mcpu=cortex-m4 -mthumb -mfloat-abi=soft -Os -fno-strict-aliasing -fno-strength-reduce -fomit-frame-pointer -O2 -g -DNDEBUG -fPIC   -o CMakeFiles/yaml.dir/src/dumper.c.obj   -c /home/microros/microros_ws/firmware/mcu_ws/build/libyaml_vendor/libyaml-10c9078-prefix/src/libyaml-10c9078/src/dumper.c
[4.198s] [ 55%] [32mBuilding C object CMakeFiles/yaml.dir/src/parser.c.obj[0m
[4.199s] /usr/bin/arm-none-eabi-gcc --sysroot=/home/microros/microros_ws/firmware/NuttX/.. -DHAVE_CONFIG_H -I/home/microros/microros_ws/firmware/mcu_ws/build/libyaml_vendor/libyaml-10c9078-prefix/src/libyaml-10c9078/include -I/home/microros/microros_ws/firmware/mcu_ws/build/libyaml_vendor/libyaml-10c9078-prefix/src/libyaml-10c9078-build/include -isystem /home/microros/microros_ws/firmware/NuttX/include -isystem /home/microros/microros_ws/firmware/NuttX/include/cxx -isystem /home/microros/microros_ws/firmware/NuttX/include/uClibc++  -std=c99 -Dunix=1 -mcpu=cortex-m4 -mthumb -mfloat-abi=soft -Os -fno-strict-aliasing -fno-strength-reduce -fomit-frame-pointer -O2 -g -DNDEBUG -fPIC   -o CMakeFiles/yaml.dir/src/parser.c.obj   -c /home/microros/microros_ws/firmware/mcu_ws/build/libyaml_vendor/libyaml-10c9078-prefix/src/libyaml-10c9078/src/parser.c
[4.243s] [ 66%] [32mBuilding C object CMakeFiles/yaml.dir/src/reader.c.obj[0m
[4.244s] /usr/bin/arm-none-eabi-gcc --sysroot=/home/microros/microros_ws/firmware/NuttX/.. -DHAVE_CONFIG_H -I/home/microros/microros_ws/firmware/mcu_ws/build/libyaml_vendor/libyaml-10c9078-prefix/src/libyaml-10c9078/include -I/home/microros/microros_ws/firmware/mcu_ws/build/libyaml_vendor/libyaml-10c9078-prefix/src/libyaml-10c9078-build/include -isystem /home/microros/microros_ws/firmware/NuttX/include -isystem /home/microros/microros_ws/firmware/NuttX/include/cxx -isystem /home/microros/microros_ws/firmware/NuttX/include/uClibc++  -std=c99 -Dunix=1 -mcpu=cortex-m4 -mthumb -mfloat-abi=soft -Os -fno-strict-aliasing -fno-strength-reduce -fomit-frame-pointer -O2 -g -DNDEBUG -fPIC   -o CMakeFiles/yaml.dir/src/reader.c.obj   -c /home/microros/microros_ws/firmware/mcu_ws/build/libyaml_vendor/libyaml-10c9078-prefix/src/libyaml-10c9078/src/reader.c
[4.466s] [ 77%] [32mBuilding C object CMakeFiles/yaml.dir/src/scanner.c.obj[0m
[4.467s] /usr/bin/arm-none-eabi-gcc --sysroot=/home/microros/microros_ws/firmware/NuttX/.. -DHAVE_CONFIG_H -I/home/microros/microros_ws/firmware/mcu_ws/build/libyaml_vendor/libyaml-10c9078-prefix/src/libyaml-10c9078/include -I/home/microros/microros_ws/firmware/mcu_ws/build/libyaml_vendor/libyaml-10c9078-prefix/src/libyaml-10c9078-build/include -isystem /home/microros/microros_ws/firmware/NuttX/include -isystem /home/microros/microros_ws/firmware/NuttX/include/cxx -isystem /home/microros/microros_ws/firmware/NuttX/include/uClibc++  -std=c99 -Dunix=1 -mcpu=cortex-m4 -mthumb -mfloat-abi=soft -Os -fno-strict-aliasing -fno-strength-reduce -fomit-frame-pointer -O2 -g -DNDEBUG -fPIC   -o CMakeFiles/yaml.dir/src/scanner.c.obj   -c /home/microros/microros_ws/firmware/mcu_ws/build/libyaml_vendor/libyaml-10c9078-prefix/src/libyaml-10c9078/src/scanner.c
[4.511s] [ 88%] [32mBuilding C object CMakeFiles/yaml.dir/src/writer.c.obj[0m
[4.512s] /usr/bin/arm-none-eabi-gcc --sysroot=/home/microros/microros_ws/firmware/NuttX/.. -DHAVE_CONFIG_H -I/home/microros/microros_ws/firmware/mcu_ws/build/libyaml_vendor/libyaml-10c9078-prefix/src/libyaml-10c9078/include -I/home/microros/microros_ws/firmware/mcu_ws/build/libyaml_vendor/libyaml-10c9078-prefix/src/libyaml-10c9078-build/include -isystem /home/microros/microros_ws/firmware/NuttX/include -isystem /home/microros/microros_ws/firmware/NuttX/include/cxx -isystem /home/microros/microros_ws/firmware/NuttX/include/uClibc++  -std=c99 -Dunix=1 -mcpu=cortex-m4 -mthumb -mfloat-abi=soft -Os -fno-strict-aliasing -fno-strength-reduce -fomit-frame-pointer -O2 -g -DNDEBUG -fPIC   -o CMakeFiles/yaml.dir/src/writer.c.obj   -c /home/microros/microros_ws/firmware/mcu_ws/build/libyaml_vendor/libyaml-10c9078-prefix/src/libyaml-10c9078/src/writer.c
[6.243s] [100%] [32m[1mLinking C static library libyaml.a[0m
[6.244s] /usr/bin/cmake -P CMakeFiles/yaml.dir/cmake_clean_target.cmake
[6.251s] /usr/bin/cmake -E cmake_link_script CMakeFiles/yaml.dir/link.txt --verbose=1
[6.258s] /usr/bin/arm-none-eabi-ar qc libyaml.a  CMakeFiles/yaml.dir/src/api.c.obj CMakeFiles/yaml.dir/src/dumper.c.obj CMakeFiles/yaml.dir/src/emitter.c.obj CMakeFiles/yaml.dir/src/loader.c.obj CMakeFiles/yaml.dir/src/parser.c.obj CMakeFiles/yaml.dir/src/reader.c.obj CMakeFiles/yaml.dir/src/scanner.c.obj CMakeFiles/yaml.dir/src/writer.c.obj
[6.261s] /usr/bin/arm-none-eabi-ranlib libyaml.a
[6.265s] make[9]: Leaving directory '/home/microros/microros_ws/firmware/mcu_ws/build/libyaml_vendor/libyaml-10c9078-prefix/src/libyaml-10c9078-build'
[6.273s] [100%] Built target yaml
[6.274s] make[8]: Leaving directory '/home/microros/microros_ws/firmware/mcu_ws/build/libyaml_vendor/libyaml-10c9078-prefix/src/libyaml-10c9078-build'
[6.274s] /usr/bin/cmake -E cmake_progress_start /home/microros/microros_ws/firmware/mcu_ws/build/libyaml_vendor/libyaml-10c9078-prefix/src/libyaml-10c9078-build/CMakeFiles 0
[6.284s] make[7]: Leaving directory '/home/microros/microros_ws/firmware/mcu_ws/build/libyaml_vendor/libyaml-10c9078-prefix/src/libyaml-10c9078-build'
[6.285s] cd /home/microros/microros_ws/firmware/mcu_ws/build/libyaml_vendor/libyaml-10c9078-prefix/src/libyaml-10c9078-build && /usr/bin/cmake -E touch /home/microros/microros_ws/firmware/mcu_ws/build/libyaml_vendor/libyaml-10c9078-prefix/src/libyaml-10c9078-stamp/libyaml-10c9078-build
[6.299s] [ 87%] [34m[1mPerforming install step for 'libyaml-10c9078'[0m
[6.300s] cd /home/microros/microros_ws/firmware/mcu_ws/build/libyaml_vendor/libyaml-10c9078-prefix/src/libyaml-10c9078-build && /usr/bin/make install
[6.301s] make[7]: Entering directory '/home/microros/microros_ws/firmware/mcu_ws/build/libyaml_vendor/libyaml-10c9078-prefix/src/libyaml-10c9078-build'
[6.301s] /usr/bin/cmake -S/home/microros/microros_ws/firmware/mcu_ws/build/libyaml_vendor/libyaml-10c9078-prefix/src/libyaml-10c9078 -B/home/microros/microros_ws/firmware/mcu_ws/build/libyaml_vendor/libyaml-10c9078-prefix/src/libyaml-10c9078-build --check-build-system CMakeFiles/Makefile.cmake 0
[6.309s] /usr/bin/cmake -E cmake_progress_start /home/microros/microros_ws/firmware/mcu_ws/build/libyaml_vendor/libyaml-10c9078-prefix/src/libyaml-10c9078-build/CMakeFiles /home/microros/microros_ws/firmware/mcu_ws/build/libyaml_vendor/libyaml-10c9078-prefix/src/libyaml-10c9078-build/CMakeFiles/progress.marks
[6.321s] /usr/bin/make -f CMakeFiles/Makefile2 all
[6.322s] make[8]: Entering directory '/home/microros/microros_ws/firmware/mcu_ws/build/libyaml_vendor/libyaml-10c9078-prefix/src/libyaml-10c9078-build'
[6.322s] /usr/bin/make -f CMakeFiles/yaml.dir/build.make CMakeFiles/yaml.dir/depend
[6.325s] make[9]: Entering directory '/home/microros/microros_ws/firmware/mcu_ws/build/libyaml_vendor/libyaml-10c9078-prefix/src/libyaml-10c9078-build'
[6.326s] cd /home/microros/microros_ws/firmware/mcu_ws/build/libyaml_vendor/libyaml-10c9078-prefix/src/libyaml-10c9078-build && /usr/bin/cmake -E cmake_depends "Unix Makefiles" /home/microros/microros_ws/firmware/mcu_ws/build/libyaml_vendor/libyaml-10c9078-prefix/src/libyaml-10c9078 /home/microros/microros_ws/firmware/mcu_ws/build/libyaml_vendor/libyaml-10c9078-prefix/src/libyaml-10c9078 /home/microros/microros_ws/firmware/mcu_ws/build/libyaml_vendor/libyaml-10c9078-prefix/src/libyaml-10c9078-build /home/microros/microros_ws/firmware/mcu_ws/build/libyaml_vendor/libyaml-10c9078-prefix/src/libyaml-10c9078-build /home/microros/microros_ws/firmware/mcu_ws/build/libyaml_vendor/libyaml-10c9078-prefix/src/libyaml-10c9078-build/CMakeFiles/yaml.dir/DependInfo.cmake --color=
[6.340s] make[9]: Leaving directory '/home/microros/microros_ws/firmware/mcu_ws/build/libyaml_vendor/libyaml-10c9078-prefix/src/libyaml-10c9078-build'
[6.340s] /usr/bin/make -f CMakeFiles/yaml.dir/build.make CMakeFiles/yaml.dir/build
[6.346s] make[9]: Entering directory '/home/microros/microros_ws/firmware/mcu_ws/build/libyaml_vendor/libyaml-10c9078-prefix/src/libyaml-10c9078-build'
[6.346s] make[9]: Nothing to be done for 'CMakeFiles/yaml.dir/build'.
[6.346s] make[9]: Leaving directory '/home/microros/microros_ws/firmware/mcu_ws/build/libyaml_vendor/libyaml-10c9078-prefix/src/libyaml-10c9078-build'
[6.354s] [100%] Built target yaml
[6.354s] make[8]: Leaving directory '/home/microros/microros_ws/firmware/mcu_ws/build/libyaml_vendor/libyaml-10c9078-prefix/src/libyaml-10c9078-build'
[6.355s] /usr/bin/cmake -E cmake_progress_start /home/microros/microros_ws/firmware/mcu_ws/build/libyaml_vendor/libyaml-10c9078-prefix/src/libyaml-10c9078-build/CMakeFiles 0
[6.362s] /usr/bin/make -f CMakeFiles/Makefile2 preinstall
[6.363s] make[8]: Entering directory '/home/microros/microros_ws/firmware/mcu_ws/build/libyaml_vendor/libyaml-10c9078-prefix/src/libyaml-10c9078-build'
[6.363s] make[8]: Nothing to be done for 'preinstall'.
[6.363s] make[8]: Leaving directory '/home/microros/microros_ws/firmware/mcu_ws/build/libyaml_vendor/libyaml-10c9078-prefix/src/libyaml-10c9078-build'
[6.370s] [36mInstall the project...[0m
[6.371s] /usr/bin/cmake -P cmake_install.cmake
[6.378s] -- Install configuration: "RelWithDebInfo"
[6.379s] -- Installing: /home/microros/microros_ws/firmware/mcu_ws/build/libyaml_vendor/libyaml_install/include/yaml.h
[6.379s] -- Installing: /home/microros/microros_ws/firmware/mcu_ws/build/libyaml_vendor/libyaml_install/include/config.h
[6.379s] -- Installing: /home/microros/microros_ws/firmware/mcu_ws/build/libyaml_vendor/libyaml_install/lib/libyaml.a
[6.380s] -- Installing: /home/microros/microros_ws/firmware/mcu_ws/build/libyaml_vendor/libyaml_install/cmake/yamlConfig.cmake
[6.380s] -- Installing: /home/microros/microros_ws/firmware/mcu_ws/build/libyaml_vendor/libyaml_install/cmake/yamlTargets.cmake
[6.380s] -- Installing: /home/microros/microros_ws/firmware/mcu_ws/build/libyaml_vendor/libyaml_install/cmake/yamlTargets-relwithdebinfo.cmake
[6.380s] -- Installing: /home/microros/microros_ws/firmware/mcu_ws/build/libyaml_vendor/libyaml_install/cmake/yamlConfigVersion.cmake
[6.381s] make[7]: Leaving directory '/home/microros/microros_ws/firmware/mcu_ws/build/libyaml_vendor/libyaml-10c9078-prefix/src/libyaml-10c9078-build'
[6.381s] cd /home/microros/microros_ws/firmware/mcu_ws/build/libyaml_vendor/libyaml-10c9078-prefix/src/libyaml-10c9078-build && /usr/bin/cmake -E touch /home/microros/microros_ws/firmware/mcu_ws/build/libyaml_vendor/libyaml-10c9078-prefix/src/libyaml-10c9078-stamp/libyaml-10c9078-install
[6.398s] [100%] [34m[1mCompleted 'libyaml-10c9078'[0m
[6.398s] /usr/bin/cmake -E make_directory /home/microros/microros_ws/firmware/mcu_ws/build/libyaml_vendor/CMakeFiles
[6.406s] /usr/bin/cmake -E touch /home/microros/microros_ws/firmware/mcu_ws/build/libyaml_vendor/CMakeFiles/libyaml-10c9078-complete
[6.413s] /usr/bin/cmake -E touch /home/microros/microros_ws/firmware/mcu_ws/build/libyaml_vendor/libyaml-10c9078-prefix/src/libyaml-10c9078-stamp/libyaml-10c9078-done
[6.422s] make[6]: Leaving directory '/home/microros/microros_ws/firmware/mcu_ws/build/libyaml_vendor'
[6.433s] [100%] Built target libyaml-10c9078
[6.435s] make[5]: Leaving directory '/home/microros/microros_ws/firmware/mcu_ws/build/libyaml_vendor'
[6.435s] /usr/bin/cmake -E cmake_progress_start /home/microros/microros_ws/firmware/mcu_ws/build/libyaml_vendor/CMakeFiles 0
[6.446s] make[4]: Leaving directory '/home/microros/microros_ws/firmware/mcu_ws/build/libyaml_vendor'
[6.449s] Invoked command in '/home/microros/microros_ws/firmware/mcu_ws/build/libyaml_vendor' returned '0': CMAKE_PREFIX_PATH=${CMAKE_PREFIX_PATH}:/home/microros/microros_ws/firmware/dev_ws/install/ament_uncrustify:/home/microros/microros_ws/firmware/dev_ws/install/domain_coordinator:/home/microros/microros_ws/firmware/dev_ws/install/ament_xmllint:/home/microros/microros_ws/firmware/dev_ws/install/ament_pyflakes:/home/microros/microros_ws/firmware/dev_ws/install/ament_pycodestyle:/home/microros/microros_ws/firmware/dev_ws/install/ament_pep257:/home/microros/microros_ws/firmware/dev_ws/install/ament_pclint:/home/microros/microros_ws/firmware/dev_ws/install/ament_package:/home/microros/microros_ws/firmware/dev_ws/install/ament_mypy:/home/microros/microros_ws/firmware/dev_ws/install/ament_lint_cmake:/home/microros/microros_ws/firmware/dev_ws/install/ament_flake8:/home/microros/microros_ws/firmware/dev_ws/install/ament_copyright:/home/microros/microros_ws/firmware/dev_ws/install/ament_lint:/home/microros/microros_ws/firmware/dev_ws/install/ament_index_python:/home/microros/microros_ws/firmware/dev_ws/install/ament_cpplint:/home/microros/microros_ws/firmware/dev_ws/install/ament_cppcheck:/home/microros/microros_ws/firmware/dev_ws/install/ament_clang_tidy:/home/microros/microros_ws/firmware/dev_ws/install/ament_clang_format /usr/bin/cmake --build /home/microros/microros_ws/firmware/mcu_ws/build/libyaml_vendor -- -j4 -l4
[6.498s] Invoking command in '/home/microros/microros_ws/firmware/mcu_ws/build/libyaml_vendor': CMAKE_PREFIX_PATH=${CMAKE_PREFIX_PATH}:/home/microros/microros_ws/firmware/dev_ws/install/ament_uncrustify:/home/microros/microros_ws/firmware/dev_ws/install/domain_coordinator:/home/microros/microros_ws/firmware/dev_ws/install/ament_xmllint:/home/microros/microros_ws/firmware/dev_ws/install/ament_pyflakes:/home/microros/microros_ws/firmware/dev_ws/install/ament_pycodestyle:/home/microros/microros_ws/firmware/dev_ws/install/ament_pep257:/home/microros/microros_ws/firmware/dev_ws/install/ament_pclint:/home/microros/microros_ws/firmware/dev_ws/install/ament_package:/home/microros/microros_ws/firmware/dev_ws/install/ament_mypy:/home/microros/microros_ws/firmware/dev_ws/install/ament_lint_cmake:/home/microros/microros_ws/firmware/dev_ws/install/ament_flake8:/home/microros/microros_ws/firmware/dev_ws/install/ament_copyright:/home/microros/microros_ws/firmware/dev_ws/install/ament_lint:/home/microros/microros_ws/firmware/dev_ws/install/ament_index_python:/home/microros/microros_ws/firmware/dev_ws/install/ament_cpplint:/home/microros/microros_ws/firmware/dev_ws/install/ament_cppcheck:/home/microros/microros_ws/firmware/dev_ws/install/ament_clang_tidy:/home/microros/microros_ws/firmware/dev_ws/install/ament_clang_format /usr/bin/cmake --install /home/microros/microros_ws/firmware/mcu_ws/build/libyaml_vendor
[6.512s] -- Install configuration: "RelWithDebInfo"
[6.512s] -- Installing: /home/microros/microros_ws/firmware/mcu_ws/install/libyaml_vendor
[6.513s] -- Installing: /home/microros/microros_ws/firmware/mcu_ws/install/libyaml_vendor/cmake
[6.513s] -- Installing: /home/microros/microros_ws/firmware/mcu_ws/install/libyaml_vendor/cmake/yamlConfigVersion.cmake
[6.513s] -- Installing: /home/microros/microros_ws/firmware/mcu_ws/install/libyaml_vendor/cmake/yamlConfig.cmake
[6.513s] -- Installing: /home/microros/microros_ws/firmware/mcu_ws/install/libyaml_vendor/cmake/yamlTargets-relwithdebinfo.cmake
[6.513s] -- Installing: /home/microros/microros_ws/firmware/mcu_ws/install/libyaml_vendor/cmake/yamlTargets.cmake
[6.513s] -- Installing: /home/microros/microros_ws/firmware/mcu_ws/install/libyaml_vendor/include
[6.513s] -- Installing: /home/microros/microros_ws/firmware/mcu_ws/install/libyaml_vendor/include/yaml.h
[6.514s] -- Installing: /home/microros/microros_ws/firmware/mcu_ws/install/libyaml_vendor/lib
[6.514s] -- Installing: /home/microros/microros_ws/firmware/mcu_ws/install/libyaml_vendor/lib/libyaml.a
[6.514s] -- Installing: /home/microros/microros_ws/firmware/mcu_ws/install/libyaml_vendor/share/libyaml_vendor/environment/library_path.sh
[6.514s] -- Installing: /home/microros/microros_ws/firmware/mcu_ws/install/libyaml_vendor/share/libyaml_vendor/environment/library_path.dsv
[6.514s] -- Installing: /home/microros/microros_ws/firmware/mcu_ws/install/libyaml_vendor/share/ament_index/resource_index/package_run_dependencies/libyaml_vendor
[6.515s] -- Installing: /home/microros/microros_ws/firmware/mcu_ws/install/libyaml_vendor/share/ament_index/resource_index/parent_prefix_path/libyaml_vendor
[6.515s] -- Installing: /home/microros/microros_ws/firmware/mcu_ws/install/libyaml_vendor/share/libyaml_vendor/environment/ament_prefix_path.sh
[6.515s] -- Installing: /home/microros/microros_ws/firmware/mcu_ws/install/libyaml_vendor/share/libyaml_vendor/environment/ament_prefix_path.dsv
[6.515s] -- Installing: /home/microros/microros_ws/firmware/mcu_ws/install/libyaml_vendor/share/libyaml_vendor/environment/path.sh
[6.515s] -- Installing: /home/microros/microros_ws/firmware/mcu_ws/install/libyaml_vendor/share/libyaml_vendor/environment/path.dsv
[6.516s] -- Installing: /home/microros/microros_ws/firmware/mcu_ws/install/libyaml_vendor/share/libyaml_vendor/local_setup.bash
[6.516s] -- Installing: /home/microros/microros_ws/firmware/mcu_ws/install/libyaml_vendor/share/libyaml_vendor/local_setup.sh
[6.516s] -- Installing: /home/microros/microros_ws/firmware/mcu_ws/install/libyaml_vendor/share/libyaml_vendor/local_setup.zsh
[6.516s] -- Installing: /home/microros/microros_ws/firmware/mcu_ws/install/libyaml_vendor/share/libyaml_vendor/local_setup.dsv
[6.516s] -- Installing: /home/microros/microros_ws/firmware/mcu_ws/install/libyaml_vendor/share/libyaml_vendor/package.dsv
[6.517s] -- Installing: /home/microros/microros_ws/firmware/mcu_ws/install/libyaml_vendor/share/ament_index/resource_index/packages/libyaml_vendor
[6.517s] -- Installing: /home/microros/microros_ws/firmware/mcu_ws/install/libyaml_vendor/share/libyaml_vendor/cmake/libyaml_vendor-extras.cmake
[6.517s] -- Installing: /home/microros/microros_ws/firmware/mcu_ws/install/libyaml_vendor/share/libyaml_vendor/cmake/ament_cmake_export_libraries-extras.cmake
[6.517s] -- Installing: /home/microros/microros_ws/firmware/mcu_ws/install/libyaml_vendor/share/libyaml_vendor/cmake/ament_cmake_export_dependencies-extras.cmake
[6.517s] -- Installing: /home/microros/microros_ws/firmware/mcu_ws/install/libyaml_vendor/share/libyaml_vendor/cmake/libyaml_vendorConfig.cmake
[6.517s] -- Installing: /home/microros/microros_ws/firmware/mcu_ws/install/libyaml_vendor/share/libyaml_vendor/cmake/libyaml_vendorConfig-version.cmake
[6.518s] -- Installing: /home/microros/microros_ws/firmware/mcu_ws/install/libyaml_vendor/share/libyaml_vendor/package.xml
[6.522s] Invoked command in '/home/microros/microros_ws/firmware/mcu_ws/build/libyaml_vendor' returned '0': CMAKE_PREFIX_PATH=${CMAKE_PREFIX_PATH}:/home/microros/microros_ws/firmware/dev_ws/install/ament_uncrustify:/home/microros/microros_ws/firmware/dev_ws/install/domain_coordinator:/home/microros/microros_ws/firmware/dev_ws/install/ament_xmllint:/home/microros/microros_ws/firmware/dev_ws/install/ament_pyflakes:/home/microros/microros_ws/firmware/dev_ws/install/ament_pycodestyle:/home/microros/microros_ws/firmware/dev_ws/install/ament_pep257:/home/microros/microros_ws/firmware/dev_ws/install/ament_pclint:/home/microros/microros_ws/firmware/dev_ws/install/ament_package:/home/microros/microros_ws/firmware/dev_ws/install/ament_mypy:/home/microros/microros_ws/firmware/dev_ws/install/ament_lint_cmake:/home/microros/microros_ws/firmware/dev_ws/install/ament_flake8:/home/microros/microros_ws/firmware/dev_ws/install/ament_copyright:/home/microros/microros_ws/firmware/dev_ws/install/ament_lint:/home/microros/microros_ws/firmware/dev_ws/install/ament_index_python:/home/microros/microros_ws/firmware/dev_ws/install/ament_cpplint:/home/microros/microros_ws/firmware/dev_ws/install/ament_cppcheck:/home/microros/microros_ws/firmware/dev_ws/install/ament_clang_tidy:/home/microros/microros_ws/firmware/dev_ws/install/ament_clang_format /usr/bin/cmake --install /home/microros/microros_ws/firmware/mcu_ws/build/libyaml_vendor
