-- The C compiler identification is GNU 9.2.1
-- The CXX compiler identification is GNU 9.2.1
-- Check for working C compiler: /usr/bin/arm-none-eabi-gcc
-- Check for working C compiler: /usr/bin/arm-none-eabi-gcc -- works
-- Detecting C compiler ABI info
-- Detecting C compiler ABI info - done
-- Detecting C compile features
-- Detecting C compile features - done
-- Check for working CXX compiler: /usr/bin/arm-none-eabi-g++
-- Check for working CXX compiler: /usr/bin/arm-none-eabi-g++ -- works
-- Detecting CXX compiler ABI info
-- Detecting CXX compiler ABI info - done
-- Detecting CXX compile features
-- Detecting CXX compile features - done
-- Found ament_cmake: 0.9.6 (/home/microros/microros_ws/firmware/dev_ws/install/ament_cmake/share/ament_cmake/cmake)
-- Found PythonInterp: /usr/bin/python3 (found suitable version "3.8.2", minimum required is "3") 
-- Using PYTHON_EXECUTABLE: /usr/bin/python3
CMake Warning (dev) at /home/microros/microros_ws/firmware/dev_ws/install/ament_cmake_test/share/ament_cmake_test/cmake/ament_cmake_test-extras.cmake:19 (option):
  Policy CMP0077 is not set: option() honors normal variables.  Run "cmake
  --help-policy CMP0077" for policy details.  Use the cmake_policy command to
  set the policy and suppress this warning.

  For compatibility with older versions of CMake, option is clearing the
  normal variable 'BUILD_TESTING'.
Call Stack (most recent call first):
  /home/microros/microros_ws/firmware/dev_ws/install/ament_cmake_test/share/ament_cmake_test/cmake/ament_cmake_testConfig.cmake:41 (include)
  /home/microros/microros_ws/firmware/dev_ws/install/ament_cmake/share/ament_cmake/cmake/ament_cmake_export_dependencies-extras.cmake:21 (find_package)
  /home/microros/microros_ws/firmware/dev_ws/install/ament_cmake/share/ament_cmake/cmake/ament_cmakeConfig.cmake:41 (include)
  CMakeLists.txt:14 (find_package)
This warning is for project developers.  Use -Wno-dev to suppress it.

-- Found lifecycle_msgs: 1.0.0 (/home/microros/microros_ws/firmware/mcu_ws/install/lifecycle_msgs/share/lifecycle_msgs/cmake)
-- Using single rosidl_typesupport_c: rosidl_typesupport_microxrcedds_c
-- Found rosidl_adapter: 1.1.0 (/home/microros/microros_ws/firmware/mcu_ws/install/rosidl_adapter/share/rosidl_adapter/cmake)
CMake Warning at /home/microros/microros_ws/firmware/mcu_ws/install/rcutils/share/rcutils/cmake/ament_cmake_export_libraries-extras.cmake:116 (message):
  Package 'rcutils' exports library 'dl' which couldn't be found
Call Stack (most recent call first):
  /home/microros/microros_ws/firmware/mcu_ws/install/rcutils/share/rcutils/cmake/rcutilsConfig.cmake:41 (include)
  /home/microros/microros_ws/firmware/mcu_ws/install/rmw/share/rmw/cmake/ament_cmake_export_dependencies-extras.cmake:21 (find_package)
  /home/microros/microros_ws/firmware/mcu_ws/install/rmw/share/rmw/cmake/rmwConfig.cmake:41 (include)
  /home/microros/microros_ws/firmware/mcu_ws/install/rosidl_typesupport_microxrcedds_c/share/rosidl_typesupport_microxrcedds_c/cmake/ament_cmake_export_dependencies-extras.cmake:21 (find_package)
  /home/microros/microros_ws/firmware/mcu_ws/install/rosidl_typesupport_microxrcedds_c/share/rosidl_typesupport_microxrcedds_c/cmake/rosidl_typesupport_microxrcedds_cConfig.cmake:41 (include)
  /home/microros/microros_ws/firmware/mcu_ws/install/rosidl_typesupport_c/share/rosidl_typesupport_c/cmake/rosidl_typesupport_c-extras.cmake:13 (find_package)
  /home/microros/microros_ws/firmware/mcu_ws/install/rosidl_typesupport_c/share/rosidl_typesupport_c/cmake/rosidl_typesupport_cConfig.cmake:41 (include)
  /home/microros/microros_ws/firmware/mcu_ws/install/rosidl_default_runtime/share/rosidl_default_runtime/cmake/rosidl_default_runtime-extras.cmake:12 (find_package)
  /home/microros/microros_ws/firmware/mcu_ws/install/rosidl_default_runtime/share/rosidl_default_runtime/cmake/rosidl_default_runtimeConfig.cmake:41 (include)
  /home/microros/microros_ws/firmware/mcu_ws/install/lifecycle_msgs/share/lifecycle_msgs/cmake/ament_cmake_export_dependencies-extras.cmake:21 (find_package)
  /home/microros/microros_ws/firmware/mcu_ws/install/lifecycle_msgs/share/lifecycle_msgs/cmake/lifecycle_msgsConfig.cmake:41 (include)
  CMakeLists.txt:15 (find_package)


-- Found rcl_lifecycle: 1.1.7 (/home/microros/microros_ws/firmware/mcu_ws/install/rcl_lifecycle/share/rcl_lifecycle/cmake)
-- Found rmw_implementation_cmake: 1.0.1 (/home/microros/microros_ws/firmware/mcu_ws/install/rmw_implementation_cmake/share/rmw_implementation_cmake/cmake)
-- Using RMW implementation 'rmw_microxrcedds'
-- Found rmw_microxrcedds: 0.0.1 (/home/microros/microros_ws/firmware/mcu_ws/install/rmw_microxrcedds/share/rmw_microxrcedds/cmake)
-- Looking for pthread.h
-- Looking for pthread.h - found
-- Performing Test CMAKE_HAVE_LIBC_PTHREAD
-- Performing Test CMAKE_HAVE_LIBC_PTHREAD - Success
-- Found Threads: TRUE  
-- Found rclc: 0.1.1 (/home/microros/microros_ws/firmware/mcu_ws/install/rclc/share/rclc/cmake)
-- Configuring done
-- Generating done
-- Build files have been written to: /home/microros/microros_ws/firmware/mcu_ws/build/rclc_lifecycle
make[4]: Entering directory '/home/microros/microros_ws/firmware/mcu_ws/build/rclc_lifecycle'
/usr/bin/cmake -S/home/microros/microros_ws/firmware/mcu_ws/uros/rclc/rclc_lifecycle -B/home/microros/microros_ws/firmware/mcu_ws/build/rclc_lifecycle --check-build-system CMakeFiles/Makefile.cmake 0
/usr/bin/cmake -E cmake_progress_start /home/microros/microros_ws/firmware/mcu_ws/build/rclc_lifecycle/CMakeFiles /home/microros/microros_ws/firmware/mcu_ws/build/rclc_lifecycle/CMakeFiles/progress.marks
/usr/bin/make -f CMakeFiles/Makefile2 all
make[5]: Entering directory '/home/microros/microros_ws/firmware/mcu_ws/build/rclc_lifecycle'
/usr/bin/make -f CMakeFiles/rclc_lifecycle.dir/build.make CMakeFiles/rclc_lifecycle.dir/depend
make[6]: Entering directory '/home/microros/microros_ws/firmware/mcu_ws/build/rclc_lifecycle'
cd /home/microros/microros_ws/firmware/mcu_ws/build/rclc_lifecycle && /usr/bin/cmake -E cmake_depends "Unix Makefiles" /home/microros/microros_ws/firmware/mcu_ws/uros/rclc/rclc_lifecycle /home/microros/microros_ws/firmware/mcu_ws/uros/rclc/rclc_lifecycle /home/microros/microros_ws/firmware/mcu_ws/build/rclc_lifecycle /home/microros/microros_ws/firmware/mcu_ws/build/rclc_lifecycle /home/microros/microros_ws/firmware/mcu_ws/build/rclc_lifecycle/CMakeFiles/rclc_lifecycle.dir/DependInfo.cmake --color=
Dependee "/home/microros/microros_ws/firmware/mcu_ws/build/rclc_lifecycle/CMakeFiles/rclc_lifecycle.dir/DependInfo.cmake" is newer than depender "/home/microros/microros_ws/firmware/mcu_ws/build/rclc_lifecycle/CMakeFiles/rclc_lifecycle.dir/depend.internal".
Dependee "/home/microros/microros_ws/firmware/mcu_ws/build/rclc_lifecycle/CMakeFiles/CMakeDirectoryInformation.cmake" is newer than depender "/home/microros/microros_ws/firmware/mcu_ws/build/rclc_lifecycle/CMakeFiles/rclc_lifecycle.dir/depend.internal".
[35m[1mScanning dependencies of target rclc_lifecycle[0m
make[6]: Leaving directory '/home/microros/microros_ws/firmware/mcu_ws/build/rclc_lifecycle'
/usr/bin/make -f CMakeFiles/rclc_lifecycle.dir/build.make CMakeFiles/rclc_lifecycle.dir/build
make[6]: Entering directory '/home/microros/microros_ws/firmware/mcu_ws/build/rclc_lifecycle'
[ 50%] [32mBuilding C object CMakeFiles/rclc_lifecycle.dir/src/rclc_lifecycle/rclc_lifecycle.c.obj[0m
/usr/bin/arm-none-eabi-gcc --sysroot=/home/microros/microros_ws/firmware/NuttX/..  -I/home/microros/microros_ws/firmware/mcu_ws/uros/rclc/rclc_lifecycle/include -I/home/microros/microros_ws/firmware/mcu_ws/uros/rclc/rclc_lifecycle/src -I/home/microros/microros_ws/firmware/mcu_ws/install/rclc/include -isystem /home/microros/microros_ws/firmware/NuttX/include -isystem /home/microros/microros_ws/firmware/NuttX/include/cxx -isystem /home/microros/microros_ws/firmware/NuttX/include/uClibc++ -isystem /home/microros/microros_ws/firmware/mcu_ws/install/rcl_lifecycle/include -isystem /home/microros/microros_ws/firmware/mcu_ws/install/lifecycle_msgs/include -isystem /home/microros/microros_ws/firmware/mcu_ws/install/rcutils/include -isystem /home/microros/microros_ws/firmware/mcu_ws/install/tinydir_vendor/share/tinydir_vendor/cmake/../../../include -isystem /home/microros/microros_ws/firmware/mcu_ws/install/rcl/include -isystem /home/microros/microros_ws/firmware/mcu_ws/install/rosidl_typesupport_microxrcedds_c/include -isystem /home/microros/microros_ws/firmware/mcu_ws/install/rmw/include -isystem /home/microros/microros_ws/firmware/mcu_ws/install/tracetools/include -isystem /home/microros/microros_ws/firmware/mcu_ws/install/rosidl_typesupport_interface/include -isystem /home/microros/microros_ws/firmware/mcu_ws/uros/rmw_microxrcedds/rmw_microxrcedds_c/include -isystem /home/microros/microros_ws/firmware/mcu_ws/install/rosidl_runtime_c/include -isystem /home/microros/microros_ws/firmware/mcu_ws/install/microcdr/include -isystem /home/microros/microros_ws/firmware/mcu_ws/install/rosidl_typesupport_c/include -isystem /home/microros/microros_ws/firmware/mcu_ws/install/rcl_interfaces/include -isystem /home/microros/microros_ws/firmware/mcu_ws/install/builtin_interfaces/include  -std=c99 -Dunix=1 -mcpu=cortex-m4 -mthumb -mfloat-abi=soft -Os -fno-strict-aliasing -fno-strength-reduce -fomit-frame-pointer -O2 -g -DNDEBUG -fPIC   -Wall -Wextra -Wpedantic -std=gnu99 -o CMakeFiles/rclc_lifecycle.dir/src/rclc_lifecycle/rclc_lifecycle.c.obj   -c /home/microros/microros_ws/firmware/mcu_ws/uros/rclc/rclc_lifecycle/src/rclc_lifecycle/rclc_lifecycle.c
In file included from [01m[K/home/microros/microros_ws/firmware/mcu_ws/install/rclc/include/rclc/node.h:25[m[K,
                 from [01m[K/home/microros/microros_ws/firmware/mcu_ws/uros/rclc/rclc_lifecycle/include/rclc_lifecycle/rclc_lifecycle.h:26[m[K,
                 from [01m[K/home/microros/microros_ws/firmware/mcu_ws/uros/rclc/rclc_lifecycle/src/rclc_lifecycle/rclc_lifecycle.c:17[m[K:
[01m[K/home/microros/microros_ws/firmware/mcu_ws/install/rclc/include/rclc/types.h:52:[m[K [01;35m[Kwarning: [m[K"UNUSED" redefined
   52 | #define UNUSED(x) (void)x
      | 
In file included from [01m[K/home/microros/microros_ws/firmware/NuttX/include/stdbool.h:69[m[K,
                 from [01m[K/home/microros/microros_ws/firmware/mcu_ws/install/rcutils/include/rcutils/logging.h:19[m[K,
                 from [01m[K/home/microros/microros_ws/firmware/mcu_ws/install/rcutils/include/rcutils/logging_macros.h:22[m[K,
                 from [01m[K/home/microros/microros_ws/firmware/mcu_ws/uros/rclc/rclc_lifecycle/include/rclc_lifecycle/rclc_lifecycle.h:22[m[K,
                 from [01m[K/home/microros/microros_ws/firmware/mcu_ws/uros/rclc/rclc_lifecycle/src/rclc_lifecycle/rclc_lifecycle.c:17[m[K:
[01m[K/home/microros/microros_ws/firmware/NuttX/include/nuttx/compiler.h:307:[m[K [01;36m[Knote: [m[Kthis is the location of the previous definition
  307 | #  define UNUSED(a) ((void)(a))
      | 
[100%] [32m[1mLinking CXX static library librclc_lifecycle.a[0m
/usr/bin/cmake -P CMakeFiles/rclc_lifecycle.dir/cmake_clean_target.cmake
/usr/bin/cmake -E cmake_link_script CMakeFiles/rclc_lifecycle.dir/link.txt --verbose=1
/usr/bin/arm-none-eabi-ar qc librclc_lifecycle.a  CMakeFiles/rclc_lifecycle.dir/src/rclc_lifecycle/rclc_lifecycle.c.obj
/usr/bin/arm-none-eabi-ranlib librclc_lifecycle.a
make[6]: Leaving directory '/home/microros/microros_ws/firmware/mcu_ws/build/rclc_lifecycle'
[100%] Built target rclc_lifecycle
make[5]: Leaving directory '/home/microros/microros_ws/firmware/mcu_ws/build/rclc_lifecycle'
/usr/bin/cmake -E cmake_progress_start /home/microros/microros_ws/firmware/mcu_ws/build/rclc_lifecycle/CMakeFiles 0
make[4]: Leaving directory '/home/microros/microros_ws/firmware/mcu_ws/build/rclc_lifecycle'
-- Install configuration: "RelWithDebInfo"
-- Installing: /home/microros/microros_ws/firmware/mcu_ws/install/rclc_lifecycle/include
-- Installing: /home/microros/microros_ws/firmware/mcu_ws/install/rclc_lifecycle/include/rclc_lifecycle
-- Installing: /home/microros/microros_ws/firmware/mcu_ws/install/rclc_lifecycle/include/rclc_lifecycle/rclc_lifecycle.h
-- Installing: /home/microros/microros_ws/firmware/mcu_ws/install/rclc_lifecycle/lib/librclc_lifecycle.a
-- Installing: /home/microros/microros_ws/firmware/mcu_ws/install/rclc_lifecycle/share/rclc_lifecycle/environment/library_path.sh
-- Installing: /home/microros/microros_ws/firmware/mcu_ws/install/rclc_lifecycle/share/rclc_lifecycle/environment/library_path.dsv
-- Installing: /home/microros/microros_ws/firmware/mcu_ws/install/rclc_lifecycle/share/ament_index/resource_index/package_run_dependencies/rclc_lifecycle
-- Installing: /home/microros/microros_ws/firmware/mcu_ws/install/rclc_lifecycle/share/ament_index/resource_index/parent_prefix_path/rclc_lifecycle
-- Installing: /home/microros/microros_ws/firmware/mcu_ws/install/rclc_lifecycle/share/rclc_lifecycle/environment/ament_prefix_path.sh
-- Installing: /home/microros/microros_ws/firmware/mcu_ws/install/rclc_lifecycle/share/rclc_lifecycle/environment/ament_prefix_path.dsv
-- Installing: /home/microros/microros_ws/firmware/mcu_ws/install/rclc_lifecycle/share/rclc_lifecycle/environment/path.sh
-- Installing: /home/microros/microros_ws/firmware/mcu_ws/install/rclc_lifecycle/share/rclc_lifecycle/environment/path.dsv
-- Installing: /home/microros/microros_ws/firmware/mcu_ws/install/rclc_lifecycle/share/rclc_lifecycle/local_setup.bash
-- Installing: /home/microros/microros_ws/firmware/mcu_ws/install/rclc_lifecycle/share/rclc_lifecycle/local_setup.sh
-- Installing: /home/microros/microros_ws/firmware/mcu_ws/install/rclc_lifecycle/share/rclc_lifecycle/local_setup.zsh
-- Installing: /home/microros/microros_ws/firmware/mcu_ws/install/rclc_lifecycle/share/rclc_lifecycle/local_setup.dsv
-- Installing: /home/microros/microros_ws/firmware/mcu_ws/install/rclc_lifecycle/share/rclc_lifecycle/package.dsv
-- Installing: /home/microros/microros_ws/firmware/mcu_ws/install/rclc_lifecycle/share/ament_index/resource_index/packages/rclc_lifecycle
-- Installing: /home/microros/microros_ws/firmware/mcu_ws/install/rclc_lifecycle/share/rclc_lifecycle/cmake/ament_cmake_export_include_directories-extras.cmake
-- Installing: /home/microros/microros_ws/firmware/mcu_ws/install/rclc_lifecycle/share/rclc_lifecycle/cmake/ament_cmake_export_libraries-extras.cmake
-- Installing: /home/microros/microros_ws/firmware/mcu_ws/install/rclc_lifecycle/share/rclc_lifecycle/cmake/ament_cmake_export_dependencies-extras.cmake
-- Installing: /home/microros/microros_ws/firmware/mcu_ws/install/rclc_lifecycle/share/rclc_lifecycle/cmake/rclc_lifecycleConfig.cmake
-- Installing: /home/microros/microros_ws/firmware/mcu_ws/install/rclc_lifecycle/share/rclc_lifecycle/cmake/rclc_lifecycleConfig-version.cmake
-- Installing: /home/microros/microros_ws/firmware/mcu_ws/install/rclc_lifecycle/share/rclc_lifecycle/package.xml
