[0.030s] Invoking command in '/home/microros/microros_ws/firmware/mcu_ws/build/microxrcedds_client': CMAKE_PREFIX_PATH=/home/microros/microros_ws/firmware/mcu_ws/install/microcdr:${CMAKE_PREFIX_PATH} /usr/bin/cmake --build /home/microros/microros_ws/firmware/mcu_ws/build/microxrcedds_client -- -j4 -l4
[0.055s] make[4]: Entering directory '/home/microros/microros_ws/firmware/mcu_ws/build/microxrcedds_client'
[0.055s] /usr/bin/cmake -S/home/microros/microros_ws/firmware/mcu_ws/eProsima/Micro-XRCE-DDS-Client -B/home/microros/microros_ws/firmware/mcu_ws/build/microxrcedds_client --check-build-system CMakeFiles/Makefile.cmake 0
[0.069s] /usr/bin/cmake -E cmake_progress_start /home/microros/microros_ws/firmware/mcu_ws/build/microxrcedds_client/CMakeFiles /home/microros/microros_ws/firmware/mcu_ws/build/microxrcedds_client/CMakeFiles/progress.marks
[0.081s] /usr/bin/make -f CMakeFiles/Makefile2 all
[0.090s] make[5]: Entering directory '/home/microros/microros_ws/firmware/mcu_ws/build/microxrcedds_client'
[0.090s] /usr/bin/make -f CMakeFiles/microxrcedds_client.dir/build.make CMakeFiles/microxrcedds_client.dir/depend
[0.091s] make[6]: Entering directory '/home/microros/microros_ws/firmware/mcu_ws/build/microxrcedds_client'
[0.091s] cd /home/microros/microros_ws/firmware/mcu_ws/build/microxrcedds_client && /usr/bin/cmake -E cmake_depends "Unix Makefiles" /home/microros/microros_ws/firmware/mcu_ws/eProsima/Micro-XRCE-DDS-Client /home/microros/microros_ws/firmware/mcu_ws/eProsima/Micro-XRCE-DDS-Client /home/microros/microros_ws/firmware/mcu_ws/build/microxrcedds_client /home/microros/microros_ws/firmware/mcu_ws/build/microxrcedds_client /home/microros/microros_ws/firmware/mcu_ws/build/microxrcedds_client/CMakeFiles/microxrcedds_client.dir/DependInfo.cmake --color=
[0.108s] make[6]: Leaving directory '/home/microros/microros_ws/firmware/mcu_ws/build/microxrcedds_client'
[0.108s] /usr/bin/make -f CMakeFiles/microxrcedds_client.dir/build.make CMakeFiles/microxrcedds_client.dir/build
[0.120s] make[6]: Entering directory '/home/microros/microros_ws/firmware/mcu_ws/build/microxrcedds_client'
[0.120s] make[6]: Nothing to be done for 'CMakeFiles/microxrcedds_client.dir/build'.
[0.120s] make[6]: Leaving directory '/home/microros/microros_ws/firmware/mcu_ws/build/microxrcedds_client'
[0.138s] [100%] Built target microxrcedds_client
[0.138s] make[5]: Leaving directory '/home/microros/microros_ws/firmware/mcu_ws/build/microxrcedds_client'
[0.138s] /usr/bin/cmake -E cmake_progress_start /home/microros/microros_ws/firmware/mcu_ws/build/microxrcedds_client/CMakeFiles 0
[0.145s] make[4]: Leaving directory '/home/microros/microros_ws/firmware/mcu_ws/build/microxrcedds_client'
[0.155s] Invoked command in '/home/microros/microros_ws/firmware/mcu_ws/build/microxrcedds_client' returned '0': CMAKE_PREFIX_PATH=/home/microros/microros_ws/firmware/mcu_ws/install/microcdr:${CMAKE_PREFIX_PATH} /usr/bin/cmake --build /home/microros/microros_ws/firmware/mcu_ws/build/microxrcedds_client -- -j4 -l4
[0.314s] Invoking command in '/home/microros/microros_ws/firmware/mcu_ws/build/microxrcedds_client': CMAKE_PREFIX_PATH=/home/microros/microros_ws/firmware/mcu_ws/install/microcdr:${CMAKE_PREFIX_PATH} /usr/bin/cmake --install /home/microros/microros_ws/firmware/mcu_ws/build/microxrcedds_client
[0.326s] -- Install configuration: "RelWithDebInfo"
[0.327s] -- Up-to-date: /home/microros/microros_ws/firmware/mcu_ws/install/microxrcedds_client/lib/libmicroxrcedds_client.a
[0.327s] -- Up-to-date: /home/microros/microros_ws/firmware/mcu_ws/install/microxrcedds_client/include/uxr/client
[0.329s] -- Up-to-date: /home/microros/microros_ws/firmware/mcu_ws/install/microxrcedds_client/include/uxr/client/visibility.h
[0.329s] -- Up-to-date: /home/microros/microros_ws/firmware/mcu_ws/install/microxrcedds_client/include/uxr/client/core
[0.329s] -- Up-to-date: /home/microros/microros_ws/firmware/mcu_ws/install/microxrcedds_client/include/uxr/client/core/session
[0.329s] -- Up-to-date: /home/microros/microros_ws/firmware/mcu_ws/install/microxrcedds_client/include/uxr/client/core/session/create_entities_ref.h
[0.329s] -- Up-to-date: /home/microros/microros_ws/firmware/mcu_ws/install/microxrcedds_client/include/uxr/client/core/session/stream
[0.330s] -- Up-to-date: /home/microros/microros_ws/firmware/mcu_ws/install/microxrcedds_client/include/uxr/client/core/session/stream/seq_num.h
[0.330s] -- Up-to-date: /home/microros/microros_ws/firmware/mcu_ws/install/microxrcedds_client/include/uxr/client/core/session/stream/reliable_stream.h
[0.330s] -- Up-to-date: /home/microros/microros_ws/firmware/mcu_ws/install/microxrcedds_client/include/uxr/client/core/session/stream/input_best_effort_stream.h
[0.330s] -- Up-to-date: /home/microros/microros_ws/firmware/mcu_ws/install/microxrcedds_client/include/uxr/client/core/session/stream/input_reliable_stream.h
[0.330s] -- Up-to-date: /home/microros/microros_ws/firmware/mcu_ws/install/microxrcedds_client/include/uxr/client/core/session/stream/stream_storage.h
[0.330s] -- Up-to-date: /home/microros/microros_ws/firmware/mcu_ws/install/microxrcedds_client/include/uxr/client/core/session/stream/output_best_effort_stream.h
[0.331s] -- Up-to-date: /home/microros/microros_ws/firmware/mcu_ws/install/microxrcedds_client/include/uxr/client/core/session/stream/stream_id.h
[0.331s] -- Up-to-date: /home/microros/microros_ws/firmware/mcu_ws/install/microxrcedds_client/include/uxr/client/core/session/stream/output_reliable_stream.h
[0.331s] -- Up-to-date: /home/microros/microros_ws/firmware/mcu_ws/install/microxrcedds_client/include/uxr/client/core/session/object_id.h
[0.331s] -- Up-to-date: /home/microros/microros_ws/firmware/mcu_ws/install/microxrcedds_client/include/uxr/client/core/session/session_info.h
[0.331s] -- Up-to-date: /home/microros/microros_ws/firmware/mcu_ws/install/microxrcedds_client/include/uxr/client/core/session/write_access.h
[0.331s] -- Up-to-date: /home/microros/microros_ws/firmware/mcu_ws/install/microxrcedds_client/include/uxr/client/core/session/read_access.h
[0.332s] -- Up-to-date: /home/microros/microros_ws/firmware/mcu_ws/install/microxrcedds_client/include/uxr/client/core/session/session.h
[0.332s] -- Up-to-date: /home/microros/microros_ws/firmware/mcu_ws/install/microxrcedds_client/include/uxr/client/core/session/time_sync.h
[0.332s] -- Up-to-date: /home/microros/microros_ws/firmware/mcu_ws/install/microxrcedds_client/include/uxr/client/core/session/create_entities_xml.h
[0.332s] -- Up-to-date: /home/microros/microros_ws/firmware/mcu_ws/install/microxrcedds_client/include/uxr/client/core/session/common_create_entities.h
[0.332s] -- Up-to-date: /home/microros/microros_ws/firmware/mcu_ws/install/microxrcedds_client/include/uxr/client/core/communication
[0.333s] -- Up-to-date: /home/microros/microros_ws/firmware/mcu_ws/install/microxrcedds_client/include/uxr/client/core/communication/communication.h
[0.333s] -- Up-to-date: /home/microros/microros_ws/firmware/mcu_ws/install/microxrcedds_client/include/uxr/client/core/type
[0.333s] -- Up-to-date: /home/microros/microros_ws/firmware/mcu_ws/install/microxrcedds_client/include/uxr/client/core/type/xrce_types.h
[0.333s] -- Up-to-date: /home/microros/microros_ws/firmware/mcu_ws/install/microxrcedds_client/include/uxr/client/profile
[0.333s] -- Up-to-date: /home/microros/microros_ws/firmware/mcu_ws/install/microxrcedds_client/include/uxr/client/profile/discovery
[0.333s] -- Up-to-date: /home/microros/microros_ws/firmware/mcu_ws/install/microxrcedds_client/include/uxr/client/profile/discovery/discovery.h
[0.334s] -- Up-to-date: /home/microros/microros_ws/firmware/mcu_ws/install/microxrcedds_client/include/uxr/client/profile/transport
[0.334s] -- Up-to-date: /home/microros/microros_ws/firmware/mcu_ws/install/microxrcedds_client/include/uxr/client/profile/transport/serial
[0.334s] -- Up-to-date: /home/microros/microros_ws/firmware/mcu_ws/install/microxrcedds_client/include/uxr/client/profile/transport/serial/serial_protocol.h
[0.334s] -- Up-to-date: /home/microros/microros_ws/firmware/mcu_ws/install/microxrcedds_client/include/uxr/client/profile/transport/serial/serial_transport_windows.h
[0.334s] -- Up-to-date: /home/microros/microros_ws/firmware/mcu_ws/install/microxrcedds_client/include/uxr/client/profile/transport/serial/serial_transport.h
[0.334s] -- Up-to-date: /home/microros/microros_ws/firmware/mcu_ws/install/microxrcedds_client/include/uxr/client/profile/transport/serial/serial_transport_platform.h
[0.334s] -- Up-to-date: /home/microros/microros_ws/firmware/mcu_ws/install/microxrcedds_client/include/uxr/client/profile/transport/serial/serial_transport_posix.h
[0.334s] -- Up-to-date: /home/microros/microros_ws/firmware/mcu_ws/install/microxrcedds_client/include/uxr/client/profile/transport/ip
[0.334s] -- Up-to-date: /home/microros/microros_ws/firmware/mcu_ws/install/microxrcedds_client/include/uxr/client/profile/transport/ip/udp
[0.335s] -- Up-to-date: /home/microros/microros_ws/firmware/mcu_ws/install/microxrcedds_client/include/uxr/client/profile/transport/ip/udp/udp_transport_posix.h
[0.335s] -- Up-to-date: /home/microros/microros_ws/firmware/mcu_ws/install/microxrcedds_client/include/uxr/client/profile/transport/ip/udp/udp_transport.h
[0.336s] -- Up-to-date: /home/microros/microros_ws/firmware/mcu_ws/install/microxrcedds_client/include/uxr/client/profile/transport/ip/udp/udp_transport_posix_nopoll.h
[0.337s] -- Up-to-date: /home/microros/microros_ws/firmware/mcu_ws/install/microxrcedds_client/include/uxr/client/profile/transport/ip/udp/udp_transport_windows.h
[0.338s] -- Up-to-date: /home/microros/microros_ws/firmware/mcu_ws/install/microxrcedds_client/include/uxr/client/profile/transport/ip/ip.h
[0.338s] -- Up-to-date: /home/microros/microros_ws/firmware/mcu_ws/install/microxrcedds_client/include/uxr/client/profile/transport/ip/tcp
[0.338s] -- Up-to-date: /home/microros/microros_ws/firmware/mcu_ws/install/microxrcedds_client/include/uxr/client/profile/transport/ip/tcp/tcp_transport.h
[0.338s] -- Up-to-date: /home/microros/microros_ws/firmware/mcu_ws/install/microxrcedds_client/include/uxr/client/profile/transport/ip/tcp/tcp_transport_windows.h
[0.338s] -- Up-to-date: /home/microros/microros_ws/firmware/mcu_ws/install/microxrcedds_client/include/uxr/client/profile/transport/ip/tcp/tcp_transport_posix.h
[0.338s] -- Up-to-date: /home/microros/microros_ws/firmware/mcu_ws/install/microxrcedds_client/include/uxr/client/client.h
[0.339s] -- Up-to-date: /home/microros/microros_ws/firmware/mcu_ws/install/microxrcedds_client/include/uxr/client/defines.h
[0.339s] -- Up-to-date: /home/microros/microros_ws/firmware/mcu_ws/install/microxrcedds_client/include/uxr/client/util
[0.339s] -- Up-to-date: /home/microros/microros_ws/firmware/mcu_ws/install/microxrcedds_client/include/uxr/client/util/time.h
[0.340s] -- Up-to-date: /home/microros/microros_ws/firmware/mcu_ws/install/microxrcedds_client/include/uxr/client/transport.h
[0.340s] -- Up-to-date: /home/microros/microros_ws/firmware/mcu_ws/install/microxrcedds_client/include/uxr/client/config.h
[0.340s] -- Up-to-date: /home/microros/microros_ws/firmware/mcu_ws/install/microxrcedds_client/share/microxrcedds_client/cmake/microxrcedds_clientTargets.cmake
[0.340s] -- Up-to-date: /home/microros/microros_ws/firmware/mcu_ws/install/microxrcedds_client/share/microxrcedds_client/cmake/microxrcedds_clientTargets-relwithdebinfo.cmake
[0.340s] -- Up-to-date: /home/microros/microros_ws/firmware/mcu_ws/install/microxrcedds_client/share/microxrcedds_client/cmake/microxrcedds_clientConfig.cmake
[0.340s] -- Up-to-date: /home/microros/microros_ws/firmware/mcu_ws/install/microxrcedds_client/share/microxrcedds_client/cmake/microxrcedds_clientConfigVersion.cmake
[0.351s] Invoked command in '/home/microros/microros_ws/firmware/mcu_ws/build/microxrcedds_client' returned '0': CMAKE_PREFIX_PATH=/home/microros/microros_ws/firmware/mcu_ws/install/microcdr:${CMAKE_PREFIX_PATH} /usr/bin/cmake --install /home/microros/microros_ws/firmware/mcu_ws/build/microxrcedds_client
