make[4]: Entering directory '/home/microros/microros_ws/firmware/mcu_ws/build/rcl_lifecycle'
/usr/bin/cmake -S/home/microros/microros_ws/firmware/mcu_ws/uros/rcl/rcl_lifecycle -B/home/microros/microros_ws/firmware/mcu_ws/build/rcl_lifecycle --check-build-system CMakeFiles/Makefile.cmake 0
/usr/bin/cmake -E cmake_progress_start /home/microros/microros_ws/firmware/mcu_ws/build/rcl_lifecycle/CMakeFiles /home/microros/microros_ws/firmware/mcu_ws/build/rcl_lifecycle/CMakeFiles/progress.marks
/usr/bin/make -f CMakeFiles/Makefile2 all
make[5]: Entering directory '/home/microros/microros_ws/firmware/mcu_ws/build/rcl_lifecycle'
/usr/bin/make -f CMakeFiles/rcl_lifecycle.dir/build.make CMakeFiles/rcl_lifecycle.dir/depend
make[6]: Entering directory '/home/microros/microros_ws/firmware/mcu_ws/build/rcl_lifecycle'
cd /home/microros/microros_ws/firmware/mcu_ws/build/rcl_lifecycle && /usr/bin/cmake -E cmake_depends "Unix Makefiles" /home/microros/microros_ws/firmware/mcu_ws/uros/rcl/rcl_lifecycle /home/microros/microros_ws/firmware/mcu_ws/uros/rcl/rcl_lifecycle /home/microros/microros_ws/firmware/mcu_ws/build/rcl_lifecycle /home/microros/microros_ws/firmware/mcu_ws/build/rcl_lifecycle /home/microros/microros_ws/firmware/mcu_ws/build/rcl_lifecycle/CMakeFiles/rcl_lifecycle.dir/DependInfo.cmake --color=
make[6]: Leaving directory '/home/microros/microros_ws/firmware/mcu_ws/build/rcl_lifecycle'
/usr/bin/make -f CMakeFiles/rcl_lifecycle.dir/build.make CMakeFiles/rcl_lifecycle.dir/build
make[6]: Entering directory '/home/microros/microros_ws/firmware/mcu_ws/build/rcl_lifecycle'
make[6]: Nothing to be done for 'CMakeFiles/rcl_lifecycle.dir/build'.
make[6]: Leaving directory '/home/microros/microros_ws/firmware/mcu_ws/build/rcl_lifecycle'
[100%] Built target rcl_lifecycle
make[5]: Leaving directory '/home/microros/microros_ws/firmware/mcu_ws/build/rcl_lifecycle'
/usr/bin/cmake -E cmake_progress_start /home/microros/microros_ws/firmware/mcu_ws/build/rcl_lifecycle/CMakeFiles 0
make[4]: Leaving directory '/home/microros/microros_ws/firmware/mcu_ws/build/rcl_lifecycle'
-- Install configuration: "RelWithDebInfo"
-- Up-to-date: /home/microros/microros_ws/firmware/mcu_ws/install/rcl_lifecycle/lib/librcl_lifecycle.a
-- Up-to-date: /home/microros/microros_ws/firmware/mcu_ws/install/rcl_lifecycle/share/rcl_lifecycle/environment/library_path.sh
-- Up-to-date: /home/microros/microros_ws/firmware/mcu_ws/install/rcl_lifecycle/share/rcl_lifecycle/environment/library_path.dsv
-- Up-to-date: /home/microros/microros_ws/firmware/mcu_ws/install/rcl_lifecycle/share/ament_index/resource_index/package_run_dependencies/rcl_lifecycle
-- Up-to-date: /home/microros/microros_ws/firmware/mcu_ws/install/rcl_lifecycle/share/ament_index/resource_index/parent_prefix_path/rcl_lifecycle
-- Up-to-date: /home/microros/microros_ws/firmware/mcu_ws/install/rcl_lifecycle/share/rcl_lifecycle/environment/ament_prefix_path.sh
-- Up-to-date: /home/microros/microros_ws/firmware/mcu_ws/install/rcl_lifecycle/share/rcl_lifecycle/environment/ament_prefix_path.dsv
-- Up-to-date: /home/microros/microros_ws/firmware/mcu_ws/install/rcl_lifecycle/share/rcl_lifecycle/environment/path.sh
-- Up-to-date: /home/microros/microros_ws/firmware/mcu_ws/install/rcl_lifecycle/share/rcl_lifecycle/environment/path.dsv
-- Up-to-date: /home/microros/microros_ws/firmware/mcu_ws/install/rcl_lifecycle/share/rcl_lifecycle/local_setup.bash
-- Up-to-date: /home/microros/microros_ws/firmware/mcu_ws/install/rcl_lifecycle/share/rcl_lifecycle/local_setup.sh
-- Up-to-date: /home/microros/microros_ws/firmware/mcu_ws/install/rcl_lifecycle/share/rcl_lifecycle/local_setup.zsh
-- Up-to-date: /home/microros/microros_ws/firmware/mcu_ws/install/rcl_lifecycle/share/rcl_lifecycle/local_setup.dsv
-- Installing: /home/microros/microros_ws/firmware/mcu_ws/install/rcl_lifecycle/share/rcl_lifecycle/package.dsv
-- Up-to-date: /home/microros/microros_ws/firmware/mcu_ws/install/rcl_lifecycle/share/ament_index/resource_index/packages/rcl_lifecycle
-- Up-to-date: /home/microros/microros_ws/firmware/mcu_ws/install/rcl_lifecycle/share/rcl_lifecycle/cmake/rcl_lifecycleExport.cmake
-- Up-to-date: /home/microros/microros_ws/firmware/mcu_ws/install/rcl_lifecycle/share/rcl_lifecycle/cmake/rcl_lifecycleExport-relwithdebinfo.cmake
-- Up-to-date: /home/microros/microros_ws/firmware/mcu_ws/install/rcl_lifecycle/share/rcl_lifecycle/cmake/ament_cmake_export_include_directories-extras.cmake
-- Up-to-date: /home/microros/microros_ws/firmware/mcu_ws/install/rcl_lifecycle/share/rcl_lifecycle/cmake/ament_cmake_export_libraries-extras.cmake
-- Up-to-date: /home/microros/microros_ws/firmware/mcu_ws/install/rcl_lifecycle/share/rcl_lifecycle/cmake/ament_cmake_export_targets-extras.cmake
-- Up-to-date: /home/microros/microros_ws/firmware/mcu_ws/install/rcl_lifecycle/share/rcl_lifecycle/cmake/ament_cmake_export_dependencies-extras.cmake
-- Up-to-date: /home/microros/microros_ws/firmware/mcu_ws/install/rcl_lifecycle/share/rcl_lifecycle/cmake/rcl_lifecycleConfig.cmake
-- Up-to-date: /home/microros/microros_ws/firmware/mcu_ws/install/rcl_lifecycle/share/rcl_lifecycle/cmake/rcl_lifecycleConfig-version.cmake
-- Up-to-date: /home/microros/microros_ws/firmware/mcu_ws/install/rcl_lifecycle/share/rcl_lifecycle/package.xml
-- Up-to-date: /home/microros/microros_ws/firmware/mcu_ws/install/rcl_lifecycle/include
-- Up-to-date: /home/microros/microros_ws/firmware/mcu_ws/install/rcl_lifecycle/include/rcl_lifecycle
-- Up-to-date: /home/microros/microros_ws/firmware/mcu_ws/install/rcl_lifecycle/include/rcl_lifecycle/data_types.h
-- Up-to-date: /home/microros/microros_ws/firmware/mcu_ws/install/rcl_lifecycle/include/rcl_lifecycle/transition_map.h
-- Up-to-date: /home/microros/microros_ws/firmware/mcu_ws/install/rcl_lifecycle/include/rcl_lifecycle/rcl_lifecycle.h
-- Up-to-date: /home/microros/microros_ws/firmware/mcu_ws/install/rcl_lifecycle/include/rcl_lifecycle/default_state_machine.h
-- Up-to-date: /home/microros/microros_ws/firmware/mcu_ws/install/rcl_lifecycle/include/rcl_lifecycle/visibility_control.h
