make[4]: Entering directory '/home/microros/microros_ws/firmware/mcu_ws/build/rmw_implementation'
/usr/bin/cmake -S/home/microros/microros_ws/firmware/mcu_ws/ros2/rmw_implementation/rmw_implementation -B/home/microros/microros_ws/firmware/mcu_ws/build/rmw_implementation --check-build-system CMakeFiles/Makefile.cmake 0
/usr/bin/cmake -E cmake_progress_start /home/microros/microros_ws/firmware/mcu_ws/build/rmw_implementation/CMakeFiles /home/microros/microros_ws/firmware/mcu_ws/build/rmw_implementation/CMakeFiles/progress.marks
/usr/bin/make -f CMakeFiles/Makefile2 all
make[5]: Entering directory '/home/microros/microros_ws/firmware/mcu_ws/build/rmw_implementation'
make[5]: Nothing to be done for 'all'.
make[5]: Leaving directory '/home/microros/microros_ws/firmware/mcu_ws/build/rmw_implementation'
/usr/bin/cmake -E cmake_progress_start /home/microros/microros_ws/firmware/mcu_ws/build/rmw_implementation/CMakeFiles 0
make[4]: Leaving directory '/home/microros/microros_ws/firmware/mcu_ws/build/rmw_implementation'
-- Install configuration: "RelWithDebInfo"
-- Up-to-date: /home/microros/microros_ws/firmware/mcu_ws/install/rmw_implementation/share/ament_index/resource_index/rmw_typesupport_c/rmw_implementation
-- Up-to-date: /home/microros/microros_ws/firmware/mcu_ws/install/rmw_implementation/share/ament_index/resource_index/rmw_typesupport_cpp/rmw_implementation
-- Up-to-date: /home/microros/microros_ws/firmware/mcu_ws/install/rmw_implementation/share/ament_index/resource_index/rmw_typesupport/rmw_implementation
-- Up-to-date: /home/microros/microros_ws/firmware/mcu_ws/install/rmw_implementation/share/ament_index/resource_index/package_run_dependencies/rmw_implementation
-- Up-to-date: /home/microros/microros_ws/firmware/mcu_ws/install/rmw_implementation/share/ament_index/resource_index/parent_prefix_path/rmw_implementation
-- Up-to-date: /home/microros/microros_ws/firmware/mcu_ws/install/rmw_implementation/share/rmw_implementation/environment/ament_prefix_path.sh
-- Up-to-date: /home/microros/microros_ws/firmware/mcu_ws/install/rmw_implementation/share/rmw_implementation/environment/ament_prefix_path.dsv
-- Up-to-date: /home/microros/microros_ws/firmware/mcu_ws/install/rmw_implementation/share/rmw_implementation/environment/path.sh
-- Up-to-date: /home/microros/microros_ws/firmware/mcu_ws/install/rmw_implementation/share/rmw_implementation/environment/path.dsv
-- Up-to-date: /home/microros/microros_ws/firmware/mcu_ws/install/rmw_implementation/share/rmw_implementation/local_setup.bash
-- Up-to-date: /home/microros/microros_ws/firmware/mcu_ws/install/rmw_implementation/share/rmw_implementation/local_setup.sh
-- Up-to-date: /home/microros/microros_ws/firmware/mcu_ws/install/rmw_implementation/share/rmw_implementation/local_setup.zsh
-- Up-to-date: /home/microros/microros_ws/firmware/mcu_ws/install/rmw_implementation/share/rmw_implementation/local_setup.dsv
-- Up-to-date: /home/microros/microros_ws/firmware/mcu_ws/install/rmw_implementation/share/rmw_implementation/package.dsv
-- Up-to-date: /home/microros/microros_ws/firmware/mcu_ws/install/rmw_implementation/share/ament_index/resource_index/packages/rmw_implementation
-- Up-to-date: /home/microros/microros_ws/firmware/mcu_ws/install/rmw_implementation/share/rmw_implementation/cmake/rmw_implementation-extras.cmake
-- Up-to-date: /home/microros/microros_ws/firmware/mcu_ws/install/rmw_implementation/share/rmw_implementation/cmake/rmw_implementationConfig.cmake
-- Up-to-date: /home/microros/microros_ws/firmware/mcu_ws/install/rmw_implementation/share/rmw_implementation/cmake/rmw_implementationConfig-version.cmake
-- Up-to-date: /home/microros/microros_ws/firmware/mcu_ws/install/rmw_implementation/share/rmw_implementation/package.xml
