-- The C compiler identification is GNU 9.2.1
-- The CXX compiler identification is GNU 9.2.1
-- Check for working C compiler: /usr/bin/arm-none-eabi-gcc
-- Check for working C compiler: /usr/bin/arm-none-eabi-gcc -- works
-- Detecting C compiler ABI info
-- Detecting C compiler ABI info - done
-- Detecting C compile features
-- Detecting C compile features - done
-- Check for working CXX compiler: /usr/bin/arm-none-eabi-g++
-- Check for working CXX compiler: /usr/bin/arm-none-eabi-g++ -- works
-- Detecting CXX compiler ABI info
-- Detecting CXX compiler ABI info - done
-- Detecting CXX compile features
-- Detecting CXX compile features - done
-- Found ament_cmake: 0.9.6 (/home/microros/microros_ws/firmware/dev_ws/install/ament_cmake/share/ament_cmake/cmake)
-- Found PythonInterp: /usr/bin/python3 (found suitable version "3.8.2", minimum required is "3") 
-- Using PYTHON_EXECUTABLE: /usr/bin/python3
-- Found std_msgs: 2.0.3 (/home/microros/microros_ws/firmware/mcu_ws/install/std_msgs/share/std_msgs/cmake)
-- Using single rosidl_typesupport_c: rosidl_typesupport_microxrcedds_c
-- Found rosidl_adapter: 1.1.0 (/home/microros/microros_ws/firmware/mcu_ws/install/rosidl_adapter/share/rosidl_adapter/cmake)
-- Found rosidl_default_generators: 1.0.0 (/home/microros/microros_ws/firmware/mcu_ws/install/rosidl_default_generators/share/rosidl_default_generators/cmake)
-- Found PythonInterp: /usr/bin/python3 (found version "3.8.2") 
-- Found ament_cmake_ros: 0.9.0 (/home/microros/microros_ws/firmware/dev_ws/install/ament_cmake_ros/share/ament_cmake_ros/cmake)
-- Using single rosidl_typesupport_c: rosidl_typesupport_microxrcedds_c
-- Configuring done
-- Generating done
-- Build files have been written to: /home/microros/microros_ws/firmware/mcu_ws/build/drive_base_msgs
make[4]: Entering directory '/home/microros/microros_ws/firmware/mcu_ws/build/drive_base_msgs'
/usr/bin/cmake -S/home/microros/microros_ws/firmware/mcu_ws/drive_base/drive_base_msgs -B/home/microros/microros_ws/firmware/mcu_ws/build/drive_base_msgs --check-build-system CMakeFiles/Makefile.cmake 0
/usr/bin/cmake -E cmake_progress_start /home/microros/microros_ws/firmware/mcu_ws/build/drive_base_msgs/CMakeFiles /home/microros/microros_ws/firmware/mcu_ws/build/drive_base_msgs/CMakeFiles/progress.marks
/usr/bin/make -f CMakeFiles/Makefile2 all
make[5]: Entering directory '/home/microros/microros_ws/firmware/mcu_ws/build/drive_base_msgs'
/usr/bin/make -f CMakeFiles/drive_base_msgs__rosidl_generator_c.dir/build.make CMakeFiles/drive_base_msgs__rosidl_generator_c.dir/depend
make[6]: Entering directory '/home/microros/microros_ws/firmware/mcu_ws/build/drive_base_msgs'
[  5%] [34m[1mGenerating C code for ROS interfaces[0m
/usr/bin/python3 /home/microros/microros_ws/firmware/mcu_ws/install/rosidl_generator_c/share/rosidl_generator_c/cmake/../../../lib/rosidl_generator_c/rosidl_generator_c --generator-arguments-file /home/microros/microros_ws/firmware/mcu_ws/build/drive_base_msgs/rosidl_generator_c__arguments.json
cd /home/microros/microros_ws/firmware/mcu_ws/build/drive_base_msgs && /usr/bin/cmake -E cmake_depends "Unix Makefiles" /home/microros/microros_ws/firmware/mcu_ws/drive_base/drive_base_msgs /home/microros/microros_ws/firmware/mcu_ws/drive_base/drive_base_msgs /home/microros/microros_ws/firmware/mcu_ws/build/drive_base_msgs /home/microros/microros_ws/firmware/mcu_ws/build/drive_base_msgs /home/microros/microros_ws/firmware/mcu_ws/build/drive_base_msgs/CMakeFiles/drive_base_msgs__rosidl_generator_c.dir/DependInfo.cmake --color=
Dependee "/home/microros/microros_ws/firmware/mcu_ws/build/drive_base_msgs/CMakeFiles/drive_base_msgs__rosidl_generator_c.dir/DependInfo.cmake" is newer than depender "/home/microros/microros_ws/firmware/mcu_ws/build/drive_base_msgs/CMakeFiles/drive_base_msgs__rosidl_generator_c.dir/depend.internal".
Dependee "/home/microros/microros_ws/firmware/mcu_ws/build/drive_base_msgs/CMakeFiles/CMakeDirectoryInformation.cmake" is newer than depender "/home/microros/microros_ws/firmware/mcu_ws/build/drive_base_msgs/CMakeFiles/drive_base_msgs__rosidl_generator_c.dir/depend.internal".
[35m[1mScanning dependencies of target drive_base_msgs__rosidl_generator_c[0m
make[6]: Leaving directory '/home/microros/microros_ws/firmware/mcu_ws/build/drive_base_msgs'
/usr/bin/make -f CMakeFiles/drive_base_msgs__rosidl_generator_c.dir/build.make CMakeFiles/drive_base_msgs__rosidl_generator_c.dir/build
make[6]: Entering directory '/home/microros/microros_ws/firmware/mcu_ws/build/drive_base_msgs'
[ 11%] [32mBuilding C object CMakeFiles/drive_base_msgs__rosidl_generator_c.dir/rosidl_generator_c/drive_base_msgs/msg/detail/command_header__functions.c.obj[0m
/usr/bin/arm-none-eabi-gcc --sysroot=/home/microros/microros_ws/firmware/NuttX/.. -DROS_PACKAGE_NAME=\"drive_base_msgs\" -I/home/microros/microros_ws/firmware/mcu_ws/build/drive_base_msgs/rosidl_generator_c -isystem /home/microros/microros_ws/firmware/NuttX/include -isystem /home/microros/microros_ws/firmware/NuttX/include/cxx -isystem /home/microros/microros_ws/firmware/NuttX/include/uClibc++ -isystem /home/microros/microros_ws/firmware/mcu_ws/install/builtin_interfaces/include -isystem /home/microros/microros_ws/firmware/mcu_ws/install/std_msgs/include -isystem /home/microros/microros_ws/firmware/mcu_ws/install/rosidl_runtime_c/include -isystem /home/microros/microros_ws/firmware/mcu_ws/install/rosidl_typesupport_interface/include -isystem /home/microros/microros_ws/firmware/mcu_ws/install/rmw/include -isystem /home/microros/microros_ws/firmware/mcu_ws/install/rcutils/include -isystem /home/microros/microros_ws/firmware/mcu_ws/install/tinydir_vendor/share/tinydir_vendor/cmake/../../../include -isystem /home/microros/microros_ws/firmware/mcu_ws/install/rosidl_typesupport_microxrcedds_c/include -isystem /home/microros/microros_ws/firmware/mcu_ws/install/microcdr/include -isystem /home/microros/microros_ws/firmware/mcu_ws/install/rosidl_typesupport_c/include  -std=c99 -Dunix=1 -mcpu=cortex-m4 -mthumb -mfloat-abi=soft -Os -fno-strict-aliasing -fno-strength-reduce -fomit-frame-pointer -O2 -g -DNDEBUG -fPIC   -Wall -std=gnu11 -o CMakeFiles/drive_base_msgs__rosidl_generator_c.dir/rosidl_generator_c/drive_base_msgs/msg/detail/command_header__functions.c.obj   -c /home/microros/microros_ws/firmware/mcu_ws/build/drive_base_msgs/rosidl_generator_c/drive_base_msgs/msg/detail/command_header__functions.c
[ 16%] [32mBuilding C object CMakeFiles/drive_base_msgs__rosidl_generator_c.dir/rosidl_generator_c/drive_base_msgs/msg/detail/trv_command__functions.c.obj[0m
/usr/bin/arm-none-eabi-gcc --sysroot=/home/microros/microros_ws/firmware/NuttX/.. -DROS_PACKAGE_NAME=\"drive_base_msgs\" -I/home/microros/microros_ws/firmware/mcu_ws/build/drive_base_msgs/rosidl_generator_c -isystem /home/microros/microros_ws/firmware/NuttX/include -isystem /home/microros/microros_ws/firmware/NuttX/include/cxx -isystem /home/microros/microros_ws/firmware/NuttX/include/uClibc++ -isystem /home/microros/microros_ws/firmware/mcu_ws/install/builtin_interfaces/include -isystem /home/microros/microros_ws/firmware/mcu_ws/install/std_msgs/include -isystem /home/microros/microros_ws/firmware/mcu_ws/install/rosidl_runtime_c/include -isystem /home/microros/microros_ws/firmware/mcu_ws/install/rosidl_typesupport_interface/include -isystem /home/microros/microros_ws/firmware/mcu_ws/install/rmw/include -isystem /home/microros/microros_ws/firmware/mcu_ws/install/rcutils/include -isystem /home/microros/microros_ws/firmware/mcu_ws/install/tinydir_vendor/share/tinydir_vendor/cmake/../../../include -isystem /home/microros/microros_ws/firmware/mcu_ws/install/rosidl_typesupport_microxrcedds_c/include -isystem /home/microros/microros_ws/firmware/mcu_ws/install/microcdr/include -isystem /home/microros/microros_ws/firmware/mcu_ws/install/rosidl_typesupport_c/include  -std=c99 -Dunix=1 -mcpu=cortex-m4 -mthumb -mfloat-abi=soft -Os -fno-strict-aliasing -fno-strength-reduce -fomit-frame-pointer -O2 -g -DNDEBUG -fPIC   -Wall -std=gnu11 -o CMakeFiles/drive_base_msgs__rosidl_generator_c.dir/rosidl_generator_c/drive_base_msgs/msg/detail/trv_command__functions.c.obj   -c /home/microros/microros_ws/firmware/mcu_ws/build/drive_base_msgs/rosidl_generator_c/drive_base_msgs/msg/detail/trv_command__functions.c
[ 22%] [32mBuilding C object CMakeFiles/drive_base_msgs__rosidl_generator_c.dir/rosidl_generator_c/drive_base_msgs/msg/detail/command_status__functions.c.obj[0m
/usr/bin/arm-none-eabi-gcc --sysroot=/home/microros/microros_ws/firmware/NuttX/.. -DROS_PACKAGE_NAME=\"drive_base_msgs\" -I/home/microros/microros_ws/firmware/mcu_ws/build/drive_base_msgs/rosidl_generator_c -isystem /home/microros/microros_ws/firmware/NuttX/include -isystem /home/microros/microros_ws/firmware/NuttX/include/cxx -isystem /home/microros/microros_ws/firmware/NuttX/include/uClibc++ -isystem /home/microros/microros_ws/firmware/mcu_ws/install/builtin_interfaces/include -isystem /home/microros/microros_ws/firmware/mcu_ws/install/std_msgs/include -isystem /home/microros/microros_ws/firmware/mcu_ws/install/rosidl_runtime_c/include -isystem /home/microros/microros_ws/firmware/mcu_ws/install/rosidl_typesupport_interface/include -isystem /home/microros/microros_ws/firmware/mcu_ws/install/rmw/include -isystem /home/microros/microros_ws/firmware/mcu_ws/install/rcutils/include -isystem /home/microros/microros_ws/firmware/mcu_ws/install/tinydir_vendor/share/tinydir_vendor/cmake/../../../include -isystem /home/microros/microros_ws/firmware/mcu_ws/install/rosidl_typesupport_microxrcedds_c/include -isystem /home/microros/microros_ws/firmware/mcu_ws/install/microcdr/include -isystem /home/microros/microros_ws/firmware/mcu_ws/install/rosidl_typesupport_c/include  -std=c99 -Dunix=1 -mcpu=cortex-m4 -mthumb -mfloat-abi=soft -Os -fno-strict-aliasing -fno-strength-reduce -fomit-frame-pointer -O2 -g -DNDEBUG -fPIC   -Wall -std=gnu11 -o CMakeFiles/drive_base_msgs__rosidl_generator_c.dir/rosidl_generator_c/drive_base_msgs/msg/detail/command_status__functions.c.obj   -c /home/microros/microros_ws/firmware/mcu_ws/build/drive_base_msgs/rosidl_generator_c/drive_base_msgs/msg/detail/command_status__functions.c
[ 27%] [32mBuilding C object CMakeFiles/drive_base_msgs__rosidl_generator_c.dir/rosidl_generator_c/drive_base_msgs/msg/detail/base_info__functions.c.obj[0m
/usr/bin/arm-none-eabi-gcc --sysroot=/home/microros/microros_ws/firmware/NuttX/.. -DROS_PACKAGE_NAME=\"drive_base_msgs\" -I/home/microros/microros_ws/firmware/mcu_ws/build/drive_base_msgs/rosidl_generator_c -isystem /home/microros/microros_ws/firmware/NuttX/include -isystem /home/microros/microros_ws/firmware/NuttX/include/cxx -isystem /home/microros/microros_ws/firmware/NuttX/include/uClibc++ -isystem /home/microros/microros_ws/firmware/mcu_ws/install/builtin_interfaces/include -isystem /home/microros/microros_ws/firmware/mcu_ws/install/std_msgs/include -isystem /home/microros/microros_ws/firmware/mcu_ws/install/rosidl_runtime_c/include -isystem /home/microros/microros_ws/firmware/mcu_ws/install/rosidl_typesupport_interface/include -isystem /home/microros/microros_ws/firmware/mcu_ws/install/rmw/include -isystem /home/microros/microros_ws/firmware/mcu_ws/install/rcutils/include -isystem /home/microros/microros_ws/firmware/mcu_ws/install/tinydir_vendor/share/tinydir_vendor/cmake/../../../include -isystem /home/microros/microros_ws/firmware/mcu_ws/install/rosidl_typesupport_microxrcedds_c/include -isystem /home/microros/microros_ws/firmware/mcu_ws/install/microcdr/include -isystem /home/microros/microros_ws/firmware/mcu_ws/install/rosidl_typesupport_c/include  -std=c99 -Dunix=1 -mcpu=cortex-m4 -mthumb -mfloat-abi=soft -Os -fno-strict-aliasing -fno-strength-reduce -fomit-frame-pointer -O2 -g -DNDEBUG -fPIC   -Wall -std=gnu11 -o CMakeFiles/drive_base_msgs__rosidl_generator_c.dir/rosidl_generator_c/drive_base_msgs/msg/detail/base_info__functions.c.obj   -c /home/microros/microros_ws/firmware/mcu_ws/build/drive_base_msgs/rosidl_generator_c/drive_base_msgs/msg/detail/base_info__functions.c
[ 33%] [32m[1mLinking CXX static library libdrive_base_msgs__rosidl_generator_c.a[0m
/usr/bin/cmake -P CMakeFiles/drive_base_msgs__rosidl_generator_c.dir/cmake_clean_target.cmake
/usr/bin/cmake -E cmake_link_script CMakeFiles/drive_base_msgs__rosidl_generator_c.dir/link.txt --verbose=1
/usr/bin/arm-none-eabi-ar qc libdrive_base_msgs__rosidl_generator_c.a  CMakeFiles/drive_base_msgs__rosidl_generator_c.dir/rosidl_generator_c/drive_base_msgs/msg/detail/command_header__functions.c.obj CMakeFiles/drive_base_msgs__rosidl_generator_c.dir/rosidl_generator_c/drive_base_msgs/msg/detail/base_info__functions.c.obj CMakeFiles/drive_base_msgs__rosidl_generator_c.dir/rosidl_generator_c/drive_base_msgs/msg/detail/command_status__functions.c.obj CMakeFiles/drive_base_msgs__rosidl_generator_c.dir/rosidl_generator_c/drive_base_msgs/msg/detail/trv_command__functions.c.obj
/usr/bin/arm-none-eabi-ranlib libdrive_base_msgs__rosidl_generator_c.a
make[6]: Leaving directory '/home/microros/microros_ws/firmware/mcu_ws/build/drive_base_msgs'
[ 33%] Built target drive_base_msgs__rosidl_generator_c
/usr/bin/make -f CMakeFiles/drive_base_msgs__rosidl_typesupport_microxrcedds_c.dir/build.make CMakeFiles/drive_base_msgs__rosidl_typesupport_microxrcedds_c.dir/depend
make[6]: Entering directory '/home/microros/microros_ws/firmware/mcu_ws/build/drive_base_msgs'
[ 38%] [34m[1mGenerating C type support for eProsima Micro XRCE-DDS[0m
/usr/bin/python3 /home/microros/microros_ws/firmware/mcu_ws/install/rosidl_typesupport_microxrcedds_c/lib/rosidl_typesupport_microxrcedds_c/rosidl_typesupport_microxrcedds_c --generator-arguments-file /home/microros/microros_ws/firmware/mcu_ws/build/drive_base_msgs/rosidl_typesupport_microxrcedds_c__arguments.json
cd /home/microros/microros_ws/firmware/mcu_ws/build/drive_base_msgs && /usr/bin/cmake -E cmake_depends "Unix Makefiles" /home/microros/microros_ws/firmware/mcu_ws/drive_base/drive_base_msgs /home/microros/microros_ws/firmware/mcu_ws/drive_base/drive_base_msgs /home/microros/microros_ws/firmware/mcu_ws/build/drive_base_msgs /home/microros/microros_ws/firmware/mcu_ws/build/drive_base_msgs /home/microros/microros_ws/firmware/mcu_ws/build/drive_base_msgs/CMakeFiles/drive_base_msgs__rosidl_typesupport_microxrcedds_c.dir/DependInfo.cmake --color=
Dependee "/home/microros/microros_ws/firmware/mcu_ws/build/drive_base_msgs/CMakeFiles/drive_base_msgs__rosidl_typesupport_microxrcedds_c.dir/DependInfo.cmake" is newer than depender "/home/microros/microros_ws/firmware/mcu_ws/build/drive_base_msgs/CMakeFiles/drive_base_msgs__rosidl_typesupport_microxrcedds_c.dir/depend.internal".
Dependee "/home/microros/microros_ws/firmware/mcu_ws/build/drive_base_msgs/CMakeFiles/CMakeDirectoryInformation.cmake" is newer than depender "/home/microros/microros_ws/firmware/mcu_ws/build/drive_base_msgs/CMakeFiles/drive_base_msgs__rosidl_typesupport_microxrcedds_c.dir/depend.internal".
[35m[1mScanning dependencies of target drive_base_msgs__rosidl_typesupport_microxrcedds_c[0m
make[6]: Leaving directory '/home/microros/microros_ws/firmware/mcu_ws/build/drive_base_msgs'
/usr/bin/make -f CMakeFiles/drive_base_msgs__rosidl_typesupport_microxrcedds_c.dir/build.make CMakeFiles/drive_base_msgs__rosidl_typesupport_microxrcedds_c.dir/build
make[6]: Entering directory '/home/microros/microros_ws/firmware/mcu_ws/build/drive_base_msgs'
[ 44%] [32mBuilding C object CMakeFiles/drive_base_msgs__rosidl_typesupport_microxrcedds_c.dir/rosidl_typesupport_microxrcedds_c/drive_base_msgs/msg/detail/microxrcedds/command_header__type_support_c.c.obj[0m
/usr/bin/arm-none-eabi-gcc --sysroot=/home/microros/microros_ws/firmware/NuttX/.. -DROS_PACKAGE_NAME=\"drive_base_msgs\" -I/home/microros/microros_ws/firmware/mcu_ws/build/drive_base_msgs/rosidl_generator_c -I/home/microros/microros_ws/firmware/mcu_ws/build/drive_base_msgs/rosidl_typesupport_microxrcedds_c -isystem /home/microros/microros_ws/firmware/NuttX/include -isystem /home/microros/microros_ws/firmware/NuttX/include/cxx -isystem /home/microros/microros_ws/firmware/NuttX/include/uClibc++ -isystem /home/microros/microros_ws/firmware/mcu_ws/install/rosidl_typesupport_microxrcedds_c/include -isystem /home/microros/microros_ws/firmware/mcu_ws/install/rmw/include -isystem /home/microros/microros_ws/firmware/mcu_ws/install/rosidl_runtime_c/include -isystem /home/microros/microros_ws/firmware/mcu_ws/install/rosidl_typesupport_interface/include -isystem /home/microros/microros_ws/firmware/mcu_ws/install/builtin_interfaces/include -isystem /home/microros/microros_ws/firmware/mcu_ws/install/std_msgs/include -isystem /home/microros/microros_ws/firmware/mcu_ws/install/rcutils/include -isystem /home/microros/microros_ws/firmware/mcu_ws/install/tinydir_vendor/share/tinydir_vendor/cmake/../../../include -isystem /home/microros/microros_ws/firmware/mcu_ws/install/microcdr/include -isystem /home/microros/microros_ws/firmware/mcu_ws/install/rosidl_typesupport_c/include  -std=c99 -Dunix=1 -mcpu=cortex-m4 -mthumb -mfloat-abi=soft -Os -fno-strict-aliasing -fno-strength-reduce -fomit-frame-pointer -O2 -g -DNDEBUG -fPIC   -Wall -Wextra -Wpedantic -std=gnu99 -o CMakeFiles/drive_base_msgs__rosidl_typesupport_microxrcedds_c.dir/rosidl_typesupport_microxrcedds_c/drive_base_msgs/msg/detail/microxrcedds/command_header__type_support_c.c.obj   -c /home/microros/microros_ws/firmware/mcu_ws/build/drive_base_msgs/rosidl_typesupport_microxrcedds_c/drive_base_msgs/msg/detail/microxrcedds/command_header__type_support_c.c
[ 50%] [32mBuilding C object CMakeFiles/drive_base_msgs__rosidl_typesupport_microxrcedds_c.dir/rosidl_typesupport_microxrcedds_c/drive_base_msgs/msg/detail/microxrcedds/trv_command__type_support_c.c.obj[0m
/usr/bin/arm-none-eabi-gcc --sysroot=/home/microros/microros_ws/firmware/NuttX/.. -DROS_PACKAGE_NAME=\"drive_base_msgs\" -I/home/microros/microros_ws/firmware/mcu_ws/build/drive_base_msgs/rosidl_generator_c -I/home/microros/microros_ws/firmware/mcu_ws/build/drive_base_msgs/rosidl_typesupport_microxrcedds_c -isystem /home/microros/microros_ws/firmware/NuttX/include -isystem /home/microros/microros_ws/firmware/NuttX/include/cxx -isystem /home/microros/microros_ws/firmware/NuttX/include/uClibc++ -isystem /home/microros/microros_ws/firmware/mcu_ws/install/rosidl_typesupport_microxrcedds_c/include -isystem /home/microros/microros_ws/firmware/mcu_ws/install/rmw/include -isystem /home/microros/microros_ws/firmware/mcu_ws/install/rosidl_runtime_c/include -isystem /home/microros/microros_ws/firmware/mcu_ws/install/rosidl_typesupport_interface/include -isystem /home/microros/microros_ws/firmware/mcu_ws/install/builtin_interfaces/include -isystem /home/microros/microros_ws/firmware/mcu_ws/install/std_msgs/include -isystem /home/microros/microros_ws/firmware/mcu_ws/install/rcutils/include -isystem /home/microros/microros_ws/firmware/mcu_ws/install/tinydir_vendor/share/tinydir_vendor/cmake/../../../include -isystem /home/microros/microros_ws/firmware/mcu_ws/install/microcdr/include -isystem /home/microros/microros_ws/firmware/mcu_ws/install/rosidl_typesupport_c/include  -std=c99 -Dunix=1 -mcpu=cortex-m4 -mthumb -mfloat-abi=soft -Os -fno-strict-aliasing -fno-strength-reduce -fomit-frame-pointer -O2 -g -DNDEBUG -fPIC   -Wall -Wextra -Wpedantic -std=gnu99 -o CMakeFiles/drive_base_msgs__rosidl_typesupport_microxrcedds_c.dir/rosidl_typesupport_microxrcedds_c/drive_base_msgs/msg/detail/microxrcedds/trv_command__type_support_c.c.obj   -c /home/microros/microros_ws/firmware/mcu_ws/build/drive_base_msgs/rosidl_typesupport_microxrcedds_c/drive_base_msgs/msg/detail/microxrcedds/trv_command__type_support_c.c
[ 55%] [32mBuilding C object CMakeFiles/drive_base_msgs__rosidl_typesupport_microxrcedds_c.dir/rosidl_typesupport_microxrcedds_c/drive_base_msgs/msg/detail/microxrcedds/command_status__type_support_c.c.obj[0m
/usr/bin/arm-none-eabi-gcc --sysroot=/home/microros/microros_ws/firmware/NuttX/.. -DROS_PACKAGE_NAME=\"drive_base_msgs\" -I/home/microros/microros_ws/firmware/mcu_ws/build/drive_base_msgs/rosidl_generator_c -I/home/microros/microros_ws/firmware/mcu_ws/build/drive_base_msgs/rosidl_typesupport_microxrcedds_c -isystem /home/microros/microros_ws/firmware/NuttX/include -isystem /home/microros/microros_ws/firmware/NuttX/include/cxx -isystem /home/microros/microros_ws/firmware/NuttX/include/uClibc++ -isystem /home/microros/microros_ws/firmware/mcu_ws/install/rosidl_typesupport_microxrcedds_c/include -isystem /home/microros/microros_ws/firmware/mcu_ws/install/rmw/include -isystem /home/microros/microros_ws/firmware/mcu_ws/install/rosidl_runtime_c/include -isystem /home/microros/microros_ws/firmware/mcu_ws/install/rosidl_typesupport_interface/include -isystem /home/microros/microros_ws/firmware/mcu_ws/install/builtin_interfaces/include -isystem /home/microros/microros_ws/firmware/mcu_ws/install/std_msgs/include -isystem /home/microros/microros_ws/firmware/mcu_ws/install/rcutils/include -isystem /home/microros/microros_ws/firmware/mcu_ws/install/tinydir_vendor/share/tinydir_vendor/cmake/../../../include -isystem /home/microros/microros_ws/firmware/mcu_ws/install/microcdr/include -isystem /home/microros/microros_ws/firmware/mcu_ws/install/rosidl_typesupport_c/include  -std=c99 -Dunix=1 -mcpu=cortex-m4 -mthumb -mfloat-abi=soft -Os -fno-strict-aliasing -fno-strength-reduce -fomit-frame-pointer -O2 -g -DNDEBUG -fPIC   -Wall -Wextra -Wpedantic -std=gnu99 -o CMakeFiles/drive_base_msgs__rosidl_typesupport_microxrcedds_c.dir/rosidl_typesupport_microxrcedds_c/drive_base_msgs/msg/detail/microxrcedds/command_status__type_support_c.c.obj   -c /home/microros/microros_ws/firmware/mcu_ws/build/drive_base_msgs/rosidl_typesupport_microxrcedds_c/drive_base_msgs/msg/detail/microxrcedds/command_status__type_support_c.c
[ 61%] [32mBuilding C object CMakeFiles/drive_base_msgs__rosidl_typesupport_microxrcedds_c.dir/rosidl_typesupport_microxrcedds_c/drive_base_msgs/msg/detail/microxrcedds/base_info__type_support_c.c.obj[0m
/usr/bin/arm-none-eabi-gcc --sysroot=/home/microros/microros_ws/firmware/NuttX/.. -DROS_PACKAGE_NAME=\"drive_base_msgs\" -I/home/microros/microros_ws/firmware/mcu_ws/build/drive_base_msgs/rosidl_generator_c -I/home/microros/microros_ws/firmware/mcu_ws/build/drive_base_msgs/rosidl_typesupport_microxrcedds_c -isystem /home/microros/microros_ws/firmware/NuttX/include -isystem /home/microros/microros_ws/firmware/NuttX/include/cxx -isystem /home/microros/microros_ws/firmware/NuttX/include/uClibc++ -isystem /home/microros/microros_ws/firmware/mcu_ws/install/rosidl_typesupport_microxrcedds_c/include -isystem /home/microros/microros_ws/firmware/mcu_ws/install/rmw/include -isystem /home/microros/microros_ws/firmware/mcu_ws/install/rosidl_runtime_c/include -isystem /home/microros/microros_ws/firmware/mcu_ws/install/rosidl_typesupport_interface/include -isystem /home/microros/microros_ws/firmware/mcu_ws/install/builtin_interfaces/include -isystem /home/microros/microros_ws/firmware/mcu_ws/install/std_msgs/include -isystem /home/microros/microros_ws/firmware/mcu_ws/install/rcutils/include -isystem /home/microros/microros_ws/firmware/mcu_ws/install/tinydir_vendor/share/tinydir_vendor/cmake/../../../include -isystem /home/microros/microros_ws/firmware/mcu_ws/install/microcdr/include -isystem /home/microros/microros_ws/firmware/mcu_ws/install/rosidl_typesupport_c/include  -std=c99 -Dunix=1 -mcpu=cortex-m4 -mthumb -mfloat-abi=soft -Os -fno-strict-aliasing -fno-strength-reduce -fomit-frame-pointer -O2 -g -DNDEBUG -fPIC   -Wall -Wextra -Wpedantic -std=gnu99 -o CMakeFiles/drive_base_msgs__rosidl_typesupport_microxrcedds_c.dir/rosidl_typesupport_microxrcedds_c/drive_base_msgs/msg/detail/microxrcedds/base_info__type_support_c.c.obj   -c /home/microros/microros_ws/firmware/mcu_ws/build/drive_base_msgs/rosidl_typesupport_microxrcedds_c/drive_base_msgs/msg/detail/microxrcedds/base_info__type_support_c.c
[ 66%] [32m[1mLinking CXX static library libdrive_base_msgs__rosidl_typesupport_microxrcedds_c.a[0m
/usr/bin/cmake -P CMakeFiles/drive_base_msgs__rosidl_typesupport_microxrcedds_c.dir/cmake_clean_target.cmake
/usr/bin/cmake -E cmake_link_script CMakeFiles/drive_base_msgs__rosidl_typesupport_microxrcedds_c.dir/link.txt --verbose=1
/usr/bin/arm-none-eabi-ar qc libdrive_base_msgs__rosidl_typesupport_microxrcedds_c.a  CMakeFiles/drive_base_msgs__rosidl_typesupport_microxrcedds_c.dir/rosidl_typesupport_microxrcedds_c/drive_base_msgs/msg/detail/microxrcedds/command_header__type_support_c.c.obj CMakeFiles/drive_base_msgs__rosidl_typesupport_microxrcedds_c.dir/rosidl_typesupport_microxrcedds_c/drive_base_msgs/msg/detail/microxrcedds/base_info__type_support_c.c.obj CMakeFiles/drive_base_msgs__rosidl_typesupport_microxrcedds_c.dir/rosidl_typesupport_microxrcedds_c/drive_base_msgs/msg/detail/microxrcedds/command_status__type_support_c.c.obj CMakeFiles/drive_base_msgs__rosidl_typesupport_microxrcedds_c.dir/rosidl_typesupport_microxrcedds_c/drive_base_msgs/msg/detail/microxrcedds/trv_command__type_support_c.c.obj
/usr/bin/arm-none-eabi-ranlib libdrive_base_msgs__rosidl_typesupport_microxrcedds_c.a
make[6]: Leaving directory '/home/microros/microros_ws/firmware/mcu_ws/build/drive_base_msgs'
[ 66%] Built target drive_base_msgs__rosidl_typesupport_microxrcedds_c
/usr/bin/make -f CMakeFiles/drive_base_msgs__rosidl_typesupport_c.dir/build.make CMakeFiles/drive_base_msgs__rosidl_typesupport_c.dir/depend
make[6]: Entering directory '/home/microros/microros_ws/firmware/mcu_ws/build/drive_base_msgs'
[ 72%] [34m[1mGenerating C type support dispatch for ROS interfaces[0m
/usr/bin/python3 /home/microros/microros_ws/firmware/mcu_ws/install/rosidl_typesupport_c/lib/rosidl_typesupport_c/rosidl_typesupport_c --generator-arguments-file /home/microros/microros_ws/firmware/mcu_ws/build/drive_base_msgs/rosidl_typesupport_c__arguments.json --typesupports rosidl_typesupport_microxrcedds_c
cd /home/microros/microros_ws/firmware/mcu_ws/build/drive_base_msgs && /usr/bin/cmake -E cmake_depends "Unix Makefiles" /home/microros/microros_ws/firmware/mcu_ws/drive_base/drive_base_msgs /home/microros/microros_ws/firmware/mcu_ws/drive_base/drive_base_msgs /home/microros/microros_ws/firmware/mcu_ws/build/drive_base_msgs /home/microros/microros_ws/firmware/mcu_ws/build/drive_base_msgs /home/microros/microros_ws/firmware/mcu_ws/build/drive_base_msgs/CMakeFiles/drive_base_msgs__rosidl_typesupport_c.dir/DependInfo.cmake --color=
Dependee "/home/microros/microros_ws/firmware/mcu_ws/build/drive_base_msgs/CMakeFiles/drive_base_msgs__rosidl_typesupport_c.dir/DependInfo.cmake" is newer than depender "/home/microros/microros_ws/firmware/mcu_ws/build/drive_base_msgs/CMakeFiles/drive_base_msgs__rosidl_typesupport_c.dir/depend.internal".
Dependee "/home/microros/microros_ws/firmware/mcu_ws/build/drive_base_msgs/CMakeFiles/CMakeDirectoryInformation.cmake" is newer than depender "/home/microros/microros_ws/firmware/mcu_ws/build/drive_base_msgs/CMakeFiles/drive_base_msgs__rosidl_typesupport_c.dir/depend.internal".
[35m[1mScanning dependencies of target drive_base_msgs__rosidl_typesupport_c[0m
make[6]: Leaving directory '/home/microros/microros_ws/firmware/mcu_ws/build/drive_base_msgs'
/usr/bin/make -f CMakeFiles/drive_base_msgs__rosidl_typesupport_c.dir/build.make CMakeFiles/drive_base_msgs__rosidl_typesupport_c.dir/build
make[6]: Entering directory '/home/microros/microros_ws/firmware/mcu_ws/build/drive_base_msgs'
[ 77%] [32mBuilding CXX object CMakeFiles/drive_base_msgs__rosidl_typesupport_c.dir/rosidl_typesupport_c/drive_base_msgs/msg/command_header__type_support.cpp.obj[0m
/usr/bin/arm-none-eabi-g++ --sysroot=/home/microros/microros_ws/firmware/NuttX/..  -DROS_PACKAGE_NAME=\"drive_base_msgs\" -I/home/microros/microros_ws/firmware/mcu_ws/build/drive_base_msgs/rosidl_generator_c -I/home/microros/microros_ws/firmware/mcu_ws/build/drive_base_msgs/rosidl_typesupport_c -I/home/microros/microros_ws/firmware/mcu_ws/build/drive_base_msgs/rosidl_typesupport_microxrcedds_c -isystem /home/microros/microros_ws/firmware/NuttX/include -isystem /home/microros/microros_ws/firmware/NuttX/include/cxx -isystem /home/microros/microros_ws/firmware/NuttX/include/uClibc++ -isystem /home/microros/microros_ws/firmware/mcu_ws/install/rosidl_typesupport_c/include -isystem /home/microros/microros_ws/firmware/mcu_ws/install/rosidl_runtime_c/include -isystem /home/microros/microros_ws/firmware/mcu_ws/install/rosidl_typesupport_interface/include -isystem /home/microros/microros_ws/firmware/mcu_ws/install/builtin_interfaces/include -isystem /home/microros/microros_ws/firmware/mcu_ws/install/std_msgs/include -isystem /home/microros/microros_ws/firmware/mcu_ws/install/rmw/include -isystem /home/microros/microros_ws/firmware/mcu_ws/install/rcutils/include -isystem /home/microros/microros_ws/firmware/mcu_ws/install/tinydir_vendor/share/tinydir_vendor/cmake/../../../include -isystem /home/microros/microros_ws/firmware/mcu_ws/install/rosidl_typesupport_microxrcedds_c/include -isystem /home/microros/microros_ws/firmware/mcu_ws/install/microcdr/include  -std=c++14 -Dunix=1 -mcpu=cortex-m4 -mthumb -mfloat-abi=soft -Os -fno-strict-aliasing -fno-strength-reduce -fomit-frame-pointer -O2 -g -DNDEBUG -fPIC   -Wall -std=gnu++14 -o CMakeFiles/drive_base_msgs__rosidl_typesupport_c.dir/rosidl_typesupport_c/drive_base_msgs/msg/command_header__type_support.cpp.obj -c /home/microros/microros_ws/firmware/mcu_ws/build/drive_base_msgs/rosidl_typesupport_c/drive_base_msgs/msg/command_header__type_support.cpp
[ 83%] [32mBuilding CXX object CMakeFiles/drive_base_msgs__rosidl_typesupport_c.dir/rosidl_typesupport_c/drive_base_msgs/msg/trv_command__type_support.cpp.obj[0m
/usr/bin/arm-none-eabi-g++ --sysroot=/home/microros/microros_ws/firmware/NuttX/..  -DROS_PACKAGE_NAME=\"drive_base_msgs\" -I/home/microros/microros_ws/firmware/mcu_ws/build/drive_base_msgs/rosidl_generator_c -I/home/microros/microros_ws/firmware/mcu_ws/build/drive_base_msgs/rosidl_typesupport_c -I/home/microros/microros_ws/firmware/mcu_ws/build/drive_base_msgs/rosidl_typesupport_microxrcedds_c -isystem /home/microros/microros_ws/firmware/NuttX/include -isystem /home/microros/microros_ws/firmware/NuttX/include/cxx -isystem /home/microros/microros_ws/firmware/NuttX/include/uClibc++ -isystem /home/microros/microros_ws/firmware/mcu_ws/install/rosidl_typesupport_c/include -isystem /home/microros/microros_ws/firmware/mcu_ws/install/rosidl_runtime_c/include -isystem /home/microros/microros_ws/firmware/mcu_ws/install/rosidl_typesupport_interface/include -isystem /home/microros/microros_ws/firmware/mcu_ws/install/builtin_interfaces/include -isystem /home/microros/microros_ws/firmware/mcu_ws/install/std_msgs/include -isystem /home/microros/microros_ws/firmware/mcu_ws/install/rmw/include -isystem /home/microros/microros_ws/firmware/mcu_ws/install/rcutils/include -isystem /home/microros/microros_ws/firmware/mcu_ws/install/tinydir_vendor/share/tinydir_vendor/cmake/../../../include -isystem /home/microros/microros_ws/firmware/mcu_ws/install/rosidl_typesupport_microxrcedds_c/include -isystem /home/microros/microros_ws/firmware/mcu_ws/install/microcdr/include  -std=c++14 -Dunix=1 -mcpu=cortex-m4 -mthumb -mfloat-abi=soft -Os -fno-strict-aliasing -fno-strength-reduce -fomit-frame-pointer -O2 -g -DNDEBUG -fPIC   -Wall -std=gnu++14 -o CMakeFiles/drive_base_msgs__rosidl_typesupport_c.dir/rosidl_typesupport_c/drive_base_msgs/msg/trv_command__type_support.cpp.obj -c /home/microros/microros_ws/firmware/mcu_ws/build/drive_base_msgs/rosidl_typesupport_c/drive_base_msgs/msg/trv_command__type_support.cpp
[ 88%] [32mBuilding CXX object CMakeFiles/drive_base_msgs__rosidl_typesupport_c.dir/rosidl_typesupport_c/drive_base_msgs/msg/command_status__type_support.cpp.obj[0m
/usr/bin/arm-none-eabi-g++ --sysroot=/home/microros/microros_ws/firmware/NuttX/..  -DROS_PACKAGE_NAME=\"drive_base_msgs\" -I/home/microros/microros_ws/firmware/mcu_ws/build/drive_base_msgs/rosidl_generator_c -I/home/microros/microros_ws/firmware/mcu_ws/build/drive_base_msgs/rosidl_typesupport_c -I/home/microros/microros_ws/firmware/mcu_ws/build/drive_base_msgs/rosidl_typesupport_microxrcedds_c -isystem /home/microros/microros_ws/firmware/NuttX/include -isystem /home/microros/microros_ws/firmware/NuttX/include/cxx -isystem /home/microros/microros_ws/firmware/NuttX/include/uClibc++ -isystem /home/microros/microros_ws/firmware/mcu_ws/install/rosidl_typesupport_c/include -isystem /home/microros/microros_ws/firmware/mcu_ws/install/rosidl_runtime_c/include -isystem /home/microros/microros_ws/firmware/mcu_ws/install/rosidl_typesupport_interface/include -isystem /home/microros/microros_ws/firmware/mcu_ws/install/builtin_interfaces/include -isystem /home/microros/microros_ws/firmware/mcu_ws/install/std_msgs/include -isystem /home/microros/microros_ws/firmware/mcu_ws/install/rmw/include -isystem /home/microros/microros_ws/firmware/mcu_ws/install/rcutils/include -isystem /home/microros/microros_ws/firmware/mcu_ws/install/tinydir_vendor/share/tinydir_vendor/cmake/../../../include -isystem /home/microros/microros_ws/firmware/mcu_ws/install/rosidl_typesupport_microxrcedds_c/include -isystem /home/microros/microros_ws/firmware/mcu_ws/install/microcdr/include  -std=c++14 -Dunix=1 -mcpu=cortex-m4 -mthumb -mfloat-abi=soft -Os -fno-strict-aliasing -fno-strength-reduce -fomit-frame-pointer -O2 -g -DNDEBUG -fPIC   -Wall -std=gnu++14 -o CMakeFiles/drive_base_msgs__rosidl_typesupport_c.dir/rosidl_typesupport_c/drive_base_msgs/msg/command_status__type_support.cpp.obj -c /home/microros/microros_ws/firmware/mcu_ws/build/drive_base_msgs/rosidl_typesupport_c/drive_base_msgs/msg/command_status__type_support.cpp
[ 94%] [32mBuilding CXX object CMakeFiles/drive_base_msgs__rosidl_typesupport_c.dir/rosidl_typesupport_c/drive_base_msgs/msg/base_info__type_support.cpp.obj[0m
/usr/bin/arm-none-eabi-g++ --sysroot=/home/microros/microros_ws/firmware/NuttX/..  -DROS_PACKAGE_NAME=\"drive_base_msgs\" -I/home/microros/microros_ws/firmware/mcu_ws/build/drive_base_msgs/rosidl_generator_c -I/home/microros/microros_ws/firmware/mcu_ws/build/drive_base_msgs/rosidl_typesupport_c -I/home/microros/microros_ws/firmware/mcu_ws/build/drive_base_msgs/rosidl_typesupport_microxrcedds_c -isystem /home/microros/microros_ws/firmware/NuttX/include -isystem /home/microros/microros_ws/firmware/NuttX/include/cxx -isystem /home/microros/microros_ws/firmware/NuttX/include/uClibc++ -isystem /home/microros/microros_ws/firmware/mcu_ws/install/rosidl_typesupport_c/include -isystem /home/microros/microros_ws/firmware/mcu_ws/install/rosidl_runtime_c/include -isystem /home/microros/microros_ws/firmware/mcu_ws/install/rosidl_typesupport_interface/include -isystem /home/microros/microros_ws/firmware/mcu_ws/install/builtin_interfaces/include -isystem /home/microros/microros_ws/firmware/mcu_ws/install/std_msgs/include -isystem /home/microros/microros_ws/firmware/mcu_ws/install/rmw/include -isystem /home/microros/microros_ws/firmware/mcu_ws/install/rcutils/include -isystem /home/microros/microros_ws/firmware/mcu_ws/install/tinydir_vendor/share/tinydir_vendor/cmake/../../../include -isystem /home/microros/microros_ws/firmware/mcu_ws/install/rosidl_typesupport_microxrcedds_c/include -isystem /home/microros/microros_ws/firmware/mcu_ws/install/microcdr/include  -std=c++14 -Dunix=1 -mcpu=cortex-m4 -mthumb -mfloat-abi=soft -Os -fno-strict-aliasing -fno-strength-reduce -fomit-frame-pointer -O2 -g -DNDEBUG -fPIC   -Wall -std=gnu++14 -o CMakeFiles/drive_base_msgs__rosidl_typesupport_c.dir/rosidl_typesupport_c/drive_base_msgs/msg/base_info__type_support.cpp.obj -c /home/microros/microros_ws/firmware/mcu_ws/build/drive_base_msgs/rosidl_typesupport_c/drive_base_msgs/msg/base_info__type_support.cpp
[100%] [32m[1mLinking CXX static library libdrive_base_msgs__rosidl_typesupport_c.a[0m
/usr/bin/cmake -P CMakeFiles/drive_base_msgs__rosidl_typesupport_c.dir/cmake_clean_target.cmake
/usr/bin/cmake -E cmake_link_script CMakeFiles/drive_base_msgs__rosidl_typesupport_c.dir/link.txt --verbose=1
/usr/bin/arm-none-eabi-ar qc libdrive_base_msgs__rosidl_typesupport_c.a  CMakeFiles/drive_base_msgs__rosidl_typesupport_c.dir/rosidl_typesupport_c/drive_base_msgs/msg/command_header__type_support.cpp.obj CMakeFiles/drive_base_msgs__rosidl_typesupport_c.dir/rosidl_typesupport_c/drive_base_msgs/msg/base_info__type_support.cpp.obj CMakeFiles/drive_base_msgs__rosidl_typesupport_c.dir/rosidl_typesupport_c/drive_base_msgs/msg/command_status__type_support.cpp.obj CMakeFiles/drive_base_msgs__rosidl_typesupport_c.dir/rosidl_typesupport_c/drive_base_msgs/msg/trv_command__type_support.cpp.obj
/usr/bin/arm-none-eabi-ranlib libdrive_base_msgs__rosidl_typesupport_c.a
make[6]: Leaving directory '/home/microros/microros_ws/firmware/mcu_ws/build/drive_base_msgs'
[100%] Built target drive_base_msgs__rosidl_typesupport_c
/usr/bin/make -f CMakeFiles/drive_base_msgs.dir/build.make CMakeFiles/drive_base_msgs.dir/depend
make[6]: Entering directory '/home/microros/microros_ws/firmware/mcu_ws/build/drive_base_msgs'
cd /home/microros/microros_ws/firmware/mcu_ws/build/drive_base_msgs && /usr/bin/cmake -E cmake_depends "Unix Makefiles" /home/microros/microros_ws/firmware/mcu_ws/drive_base/drive_base_msgs /home/microros/microros_ws/firmware/mcu_ws/drive_base/drive_base_msgs /home/microros/microros_ws/firmware/mcu_ws/build/drive_base_msgs /home/microros/microros_ws/firmware/mcu_ws/build/drive_base_msgs /home/microros/microros_ws/firmware/mcu_ws/build/drive_base_msgs/CMakeFiles/drive_base_msgs.dir/DependInfo.cmake --color=
Dependee "/home/microros/microros_ws/firmware/mcu_ws/build/drive_base_msgs/CMakeFiles/drive_base_msgs.dir/DependInfo.cmake" is newer than depender "/home/microros/microros_ws/firmware/mcu_ws/build/drive_base_msgs/CMakeFiles/drive_base_msgs.dir/depend.internal".
Dependee "/home/microros/microros_ws/firmware/mcu_ws/build/drive_base_msgs/CMakeFiles/CMakeDirectoryInformation.cmake" is newer than depender "/home/microros/microros_ws/firmware/mcu_ws/build/drive_base_msgs/CMakeFiles/drive_base_msgs.dir/depend.internal".
[35m[1mScanning dependencies of target drive_base_msgs[0m
make[6]: Leaving directory '/home/microros/microros_ws/firmware/mcu_ws/build/drive_base_msgs'
/usr/bin/make -f CMakeFiles/drive_base_msgs.dir/build.make CMakeFiles/drive_base_msgs.dir/build
make[6]: Entering directory '/home/microros/microros_ws/firmware/mcu_ws/build/drive_base_msgs'
make[6]: Nothing to be done for 'CMakeFiles/drive_base_msgs.dir/build'.
make[6]: Leaving directory '/home/microros/microros_ws/firmware/mcu_ws/build/drive_base_msgs'
[100%] Built target drive_base_msgs
make[5]: Leaving directory '/home/microros/microros_ws/firmware/mcu_ws/build/drive_base_msgs'
/usr/bin/cmake -E cmake_progress_start /home/microros/microros_ws/firmware/mcu_ws/build/drive_base_msgs/CMakeFiles 0
make[4]: Leaving directory '/home/microros/microros_ws/firmware/mcu_ws/build/drive_base_msgs'
-- Install configuration: "RelWithDebInfo"
-- Installing: /home/microros/microros_ws/firmware/mcu_ws/install/drive_base_msgs/share/ament_index/resource_index/rosidl_interfaces/drive_base_msgs
-- Installing: /home/microros/microros_ws/firmware/mcu_ws/install/drive_base_msgs/include/drive_base_msgs
-- Installing: /home/microros/microros_ws/firmware/mcu_ws/install/drive_base_msgs/include/drive_base_msgs/msg
-- Installing: /home/microros/microros_ws/firmware/mcu_ws/install/drive_base_msgs/include/drive_base_msgs/msg/trv_command.h
-- Installing: /home/microros/microros_ws/firmware/mcu_ws/install/drive_base_msgs/include/drive_base_msgs/msg/detail
-- Installing: /home/microros/microros_ws/firmware/mcu_ws/install/drive_base_msgs/include/drive_base_msgs/msg/detail/trv_command__functions.h
-- Installing: /home/microros/microros_ws/firmware/mcu_ws/install/drive_base_msgs/include/drive_base_msgs/msg/detail/command_status__functions.c
-- Installing: /home/microros/microros_ws/firmware/mcu_ws/install/drive_base_msgs/include/drive_base_msgs/msg/detail/trv_command__struct.h
-- Installing: /home/microros/microros_ws/firmware/mcu_ws/install/drive_base_msgs/include/drive_base_msgs/msg/detail/trv_command__functions.c
-- Installing: /home/microros/microros_ws/firmware/mcu_ws/install/drive_base_msgs/include/drive_base_msgs/msg/detail/command_header__type_support.h
-- Installing: /home/microros/microros_ws/firmware/mcu_ws/install/drive_base_msgs/include/drive_base_msgs/msg/detail/base_info__functions.c
-- Installing: /home/microros/microros_ws/firmware/mcu_ws/install/drive_base_msgs/include/drive_base_msgs/msg/detail/base_info__functions.h
-- Installing: /home/microros/microros_ws/firmware/mcu_ws/install/drive_base_msgs/include/drive_base_msgs/msg/detail/command_header__functions.h
-- Installing: /home/microros/microros_ws/firmware/mcu_ws/install/drive_base_msgs/include/drive_base_msgs/msg/detail/command_header__struct.h
-- Installing: /home/microros/microros_ws/firmware/mcu_ws/install/drive_base_msgs/include/drive_base_msgs/msg/detail/command_header__functions.c
-- Installing: /home/microros/microros_ws/firmware/mcu_ws/install/drive_base_msgs/include/drive_base_msgs/msg/detail/base_info__struct.h
-- Installing: /home/microros/microros_ws/firmware/mcu_ws/install/drive_base_msgs/include/drive_base_msgs/msg/detail/trv_command__type_support.h
-- Installing: /home/microros/microros_ws/firmware/mcu_ws/install/drive_base_msgs/include/drive_base_msgs/msg/detail/command_status__struct.h
-- Installing: /home/microros/microros_ws/firmware/mcu_ws/install/drive_base_msgs/include/drive_base_msgs/msg/detail/command_status__functions.h
-- Installing: /home/microros/microros_ws/firmware/mcu_ws/install/drive_base_msgs/include/drive_base_msgs/msg/detail/command_status__type_support.h
-- Installing: /home/microros/microros_ws/firmware/mcu_ws/install/drive_base_msgs/include/drive_base_msgs/msg/detail/base_info__type_support.h
-- Installing: /home/microros/microros_ws/firmware/mcu_ws/install/drive_base_msgs/include/drive_base_msgs/msg/base_info.h
-- Installing: /home/microros/microros_ws/firmware/mcu_ws/install/drive_base_msgs/include/drive_base_msgs/msg/command_status.h
-- Installing: /home/microros/microros_ws/firmware/mcu_ws/install/drive_base_msgs/include/drive_base_msgs/msg/command_header.h
-- Installing: /home/microros/microros_ws/firmware/mcu_ws/install/drive_base_msgs/include/drive_base_msgs/msg/rosidl_generator_c__visibility_control.h
-- Installing: /home/microros/microros_ws/firmware/mcu_ws/install/drive_base_msgs/share/drive_base_msgs/environment/library_path.sh
-- Installing: /home/microros/microros_ws/firmware/mcu_ws/install/drive_base_msgs/share/drive_base_msgs/environment/library_path.dsv
-- Installing: /home/microros/microros_ws/firmware/mcu_ws/install/drive_base_msgs/lib/libdrive_base_msgs__rosidl_generator_c.a
-- Up-to-date: /home/microros/microros_ws/firmware/mcu_ws/install/drive_base_msgs/include/drive_base_msgs
-- Up-to-date: /home/microros/microros_ws/firmware/mcu_ws/install/drive_base_msgs/include/drive_base_msgs/msg
-- Up-to-date: /home/microros/microros_ws/firmware/mcu_ws/install/drive_base_msgs/include/drive_base_msgs/msg/detail
-- Installing: /home/microros/microros_ws/firmware/mcu_ws/install/drive_base_msgs/include/drive_base_msgs/msg/detail/command_header__rosidl_typesupport_microxrcedds_c.h
-- Installing: /home/microros/microros_ws/firmware/mcu_ws/install/drive_base_msgs/include/drive_base_msgs/msg/detail/microxrcedds
-- Installing: /home/microros/microros_ws/firmware/mcu_ws/install/drive_base_msgs/include/drive_base_msgs/msg/detail/base_info__rosidl_typesupport_microxrcedds_c.h
-- Installing: /home/microros/microros_ws/firmware/mcu_ws/install/drive_base_msgs/include/drive_base_msgs/msg/detail/command_status__rosidl_typesupport_microxrcedds_c.h
-- Installing: /home/microros/microros_ws/firmware/mcu_ws/install/drive_base_msgs/include/drive_base_msgs/msg/detail/trv_command__rosidl_typesupport_microxrcedds_c.h
-- Installing: /home/microros/microros_ws/firmware/mcu_ws/install/drive_base_msgs/include/drive_base_msgs/msg/rosidl_typesupport_microxrcedds_c__visibility_control.h
-- Installing: /home/microros/microros_ws/firmware/mcu_ws/install/drive_base_msgs/lib/libdrive_base_msgs__rosidl_typesupport_microxrcedds_c.a
-- Installing: /home/microros/microros_ws/firmware/mcu_ws/install/drive_base_msgs/lib/libdrive_base_msgs__rosidl_typesupport_c.a
-- Up-to-date: /home/microros/microros_ws/firmware/mcu_ws/install/drive_base_msgs/lib/libdrive_base_msgs__rosidl_typesupport_microxrcedds_c.a
-- Installing: /home/microros/microros_ws/firmware/mcu_ws/install/drive_base_msgs/share/drive_base_msgs/msg/CommandHeader.idl
-- Installing: /home/microros/microros_ws/firmware/mcu_ws/install/drive_base_msgs/share/drive_base_msgs/msg/BaseInfo.idl
-- Installing: /home/microros/microros_ws/firmware/mcu_ws/install/drive_base_msgs/share/drive_base_msgs/msg/CommandStatus.idl
-- Installing: /home/microros/microros_ws/firmware/mcu_ws/install/drive_base_msgs/share/drive_base_msgs/msg/TRVCommand.idl
-- Installing: /home/microros/microros_ws/firmware/mcu_ws/install/drive_base_msgs/share/drive_base_msgs/msg/CommandHeader.msg
-- Installing: /home/microros/microros_ws/firmware/mcu_ws/install/drive_base_msgs/share/drive_base_msgs/msg/BaseInfo.msg
-- Installing: /home/microros/microros_ws/firmware/mcu_ws/install/drive_base_msgs/share/drive_base_msgs/msg/CommandStatus.msg
-- Installing: /home/microros/microros_ws/firmware/mcu_ws/install/drive_base_msgs/share/drive_base_msgs/msg/TRVCommand.msg
-- Installing: /home/microros/microros_ws/firmware/mcu_ws/install/drive_base_msgs/share/ament_index/resource_index/package_run_dependencies/drive_base_msgs
-- Installing: /home/microros/microros_ws/firmware/mcu_ws/install/drive_base_msgs/share/ament_index/resource_index/parent_prefix_path/drive_base_msgs
-- Installing: /home/microros/microros_ws/firmware/mcu_ws/install/drive_base_msgs/share/drive_base_msgs/environment/ament_prefix_path.sh
-- Installing: /home/microros/microros_ws/firmware/mcu_ws/install/drive_base_msgs/share/drive_base_msgs/environment/ament_prefix_path.dsv
-- Installing: /home/microros/microros_ws/firmware/mcu_ws/install/drive_base_msgs/share/drive_base_msgs/environment/path.sh
-- Installing: /home/microros/microros_ws/firmware/mcu_ws/install/drive_base_msgs/share/drive_base_msgs/environment/path.dsv
-- Installing: /home/microros/microros_ws/firmware/mcu_ws/install/drive_base_msgs/share/drive_base_msgs/local_setup.bash
-- Installing: /home/microros/microros_ws/firmware/mcu_ws/install/drive_base_msgs/share/drive_base_msgs/local_setup.sh
-- Installing: /home/microros/microros_ws/firmware/mcu_ws/install/drive_base_msgs/share/drive_base_msgs/local_setup.zsh
-- Installing: /home/microros/microros_ws/firmware/mcu_ws/install/drive_base_msgs/share/drive_base_msgs/local_setup.dsv
-- Installing: /home/microros/microros_ws/firmware/mcu_ws/install/drive_base_msgs/share/drive_base_msgs/package.dsv
-- Installing: /home/microros/microros_ws/firmware/mcu_ws/install/drive_base_msgs/share/ament_index/resource_index/packages/drive_base_msgs
-- Installing: /home/microros/microros_ws/firmware/mcu_ws/install/drive_base_msgs/share/drive_base_msgs/cmake/drive_base_msgs__rosidl_generator_cExport.cmake
-- Installing: /home/microros/microros_ws/firmware/mcu_ws/install/drive_base_msgs/share/drive_base_msgs/cmake/drive_base_msgs__rosidl_generator_cExport-relwithdebinfo.cmake
-- Installing: /home/microros/microros_ws/firmware/mcu_ws/install/drive_base_msgs/share/drive_base_msgs/cmake/drive_base_msgs__rosidl_typesupport_cExport.cmake
-- Installing: /home/microros/microros_ws/firmware/mcu_ws/install/drive_base_msgs/share/drive_base_msgs/cmake/drive_base_msgs__rosidl_typesupport_cExport-relwithdebinfo.cmake
-- Installing: /home/microros/microros_ws/firmware/mcu_ws/install/drive_base_msgs/share/drive_base_msgs/cmake/rosidl_cmake-extras.cmake
-- Installing: /home/microros/microros_ws/firmware/mcu_ws/install/drive_base_msgs/share/drive_base_msgs/cmake/ament_cmake_export_dependencies-extras.cmake
-- Installing: /home/microros/microros_ws/firmware/mcu_ws/install/drive_base_msgs/share/drive_base_msgs/cmake/ament_cmake_export_libraries-extras.cmake
-- Installing: /home/microros/microros_ws/firmware/mcu_ws/install/drive_base_msgs/share/drive_base_msgs/cmake/ament_cmake_export_targets-extras.cmake
-- Installing: /home/microros/microros_ws/firmware/mcu_ws/install/drive_base_msgs/share/drive_base_msgs/cmake/ament_cmake_export_include_directories-extras.cmake
-- Installing: /home/microros/microros_ws/firmware/mcu_ws/install/drive_base_msgs/share/drive_base_msgs/cmake/rosidl_cmake_export_typesupport_libraries-extras.cmake
-- Installing: /home/microros/microros_ws/firmware/mcu_ws/install/drive_base_msgs/share/drive_base_msgs/cmake/drive_base_msgsConfig.cmake
-- Installing: /home/microros/microros_ws/firmware/mcu_ws/install/drive_base_msgs/share/drive_base_msgs/cmake/drive_base_msgsConfig-version.cmake
-- Installing: /home/microros/microros_ws/firmware/mcu_ws/install/drive_base_msgs/share/drive_base_msgs/package.xml
