make[4]: Entering directory '/home/microros/microros_ws/firmware/mcu_ws/build/action_msgs'
/usr/bin/cmake -S/home/microros/microros_ws/firmware/mcu_ws/ros2/rcl_interfaces/action_msgs -B/home/microros/microros_ws/firmware/mcu_ws/build/action_msgs --check-build-system CMakeFiles/Makefile.cmake 0
/usr/bin/cmake -E cmake_progress_start /home/microros/microros_ws/firmware/mcu_ws/build/action_msgs/CMakeFiles /home/microros/microros_ws/firmware/mcu_ws/build/action_msgs/CMakeFiles/progress.marks
/usr/bin/make -f CMakeFiles/Makefile2 all
make[5]: Entering directory '/home/microros/microros_ws/firmware/mcu_ws/build/action_msgs'
/usr/bin/make -f CMakeFiles/action_msgs__rosidl_generator_c.dir/build.make CMakeFiles/action_msgs__rosidl_generator_c.dir/depend
make[6]: Entering directory '/home/microros/microros_ws/firmware/mcu_ws/build/action_msgs'
cd /home/microros/microros_ws/firmware/mcu_ws/build/action_msgs && /usr/bin/cmake -E cmake_depends "Unix Makefiles" /home/microros/microros_ws/firmware/mcu_ws/ros2/rcl_interfaces/action_msgs /home/microros/microros_ws/firmware/mcu_ws/ros2/rcl_interfaces/action_msgs /home/microros/microros_ws/firmware/mcu_ws/build/action_msgs /home/microros/microros_ws/firmware/mcu_ws/build/action_msgs /home/microros/microros_ws/firmware/mcu_ws/build/action_msgs/CMakeFiles/action_msgs__rosidl_generator_c.dir/DependInfo.cmake --color=
make[6]: Leaving directory '/home/microros/microros_ws/firmware/mcu_ws/build/action_msgs'
/usr/bin/make -f CMakeFiles/action_msgs__rosidl_generator_c.dir/build.make CMakeFiles/action_msgs__rosidl_generator_c.dir/build
make[6]: Entering directory '/home/microros/microros_ws/firmware/mcu_ws/build/action_msgs'
make[6]: Nothing to be done for 'CMakeFiles/action_msgs__rosidl_generator_c.dir/build'.
make[6]: Leaving directory '/home/microros/microros_ws/firmware/mcu_ws/build/action_msgs'
[ 33%] Built target action_msgs__rosidl_generator_c
/usr/bin/make -f CMakeFiles/action_msgs__rosidl_typesupport_microxrcedds_c.dir/build.make CMakeFiles/action_msgs__rosidl_typesupport_microxrcedds_c.dir/depend
make[6]: Entering directory '/home/microros/microros_ws/firmware/mcu_ws/build/action_msgs'
cd /home/microros/microros_ws/firmware/mcu_ws/build/action_msgs && /usr/bin/cmake -E cmake_depends "Unix Makefiles" /home/microros/microros_ws/firmware/mcu_ws/ros2/rcl_interfaces/action_msgs /home/microros/microros_ws/firmware/mcu_ws/ros2/rcl_interfaces/action_msgs /home/microros/microros_ws/firmware/mcu_ws/build/action_msgs /home/microros/microros_ws/firmware/mcu_ws/build/action_msgs /home/microros/microros_ws/firmware/mcu_ws/build/action_msgs/CMakeFiles/action_msgs__rosidl_typesupport_microxrcedds_c.dir/DependInfo.cmake --color=
make[6]: Leaving directory '/home/microros/microros_ws/firmware/mcu_ws/build/action_msgs'
/usr/bin/make -f CMakeFiles/action_msgs__rosidl_typesupport_microxrcedds_c.dir/build.make CMakeFiles/action_msgs__rosidl_typesupport_microxrcedds_c.dir/build
make[6]: Entering directory '/home/microros/microros_ws/firmware/mcu_ws/build/action_msgs'
make[6]: Nothing to be done for 'CMakeFiles/action_msgs__rosidl_typesupport_microxrcedds_c.dir/build'.
make[6]: Leaving directory '/home/microros/microros_ws/firmware/mcu_ws/build/action_msgs'
[ 66%] Built target action_msgs__rosidl_typesupport_microxrcedds_c
/usr/bin/make -f CMakeFiles/action_msgs__rosidl_typesupport_c.dir/build.make CMakeFiles/action_msgs__rosidl_typesupport_c.dir/depend
make[6]: Entering directory '/home/microros/microros_ws/firmware/mcu_ws/build/action_msgs'
cd /home/microros/microros_ws/firmware/mcu_ws/build/action_msgs && /usr/bin/cmake -E cmake_depends "Unix Makefiles" /home/microros/microros_ws/firmware/mcu_ws/ros2/rcl_interfaces/action_msgs /home/microros/microros_ws/firmware/mcu_ws/ros2/rcl_interfaces/action_msgs /home/microros/microros_ws/firmware/mcu_ws/build/action_msgs /home/microros/microros_ws/firmware/mcu_ws/build/action_msgs /home/microros/microros_ws/firmware/mcu_ws/build/action_msgs/CMakeFiles/action_msgs__rosidl_typesupport_c.dir/DependInfo.cmake --color=
make[6]: Leaving directory '/home/microros/microros_ws/firmware/mcu_ws/build/action_msgs'
/usr/bin/make -f CMakeFiles/action_msgs__rosidl_typesupport_c.dir/build.make CMakeFiles/action_msgs__rosidl_typesupport_c.dir/build
make[6]: Entering directory '/home/microros/microros_ws/firmware/mcu_ws/build/action_msgs'
make[6]: Nothing to be done for 'CMakeFiles/action_msgs__rosidl_typesupport_c.dir/build'.
make[6]: Leaving directory '/home/microros/microros_ws/firmware/mcu_ws/build/action_msgs'
[100%] Built target action_msgs__rosidl_typesupport_c
/usr/bin/make -f CMakeFiles/action_msgs.dir/build.make CMakeFiles/action_msgs.dir/depend
make[6]: Entering directory '/home/microros/microros_ws/firmware/mcu_ws/build/action_msgs'
cd /home/microros/microros_ws/firmware/mcu_ws/build/action_msgs && /usr/bin/cmake -E cmake_depends "Unix Makefiles" /home/microros/microros_ws/firmware/mcu_ws/ros2/rcl_interfaces/action_msgs /home/microros/microros_ws/firmware/mcu_ws/ros2/rcl_interfaces/action_msgs /home/microros/microros_ws/firmware/mcu_ws/build/action_msgs /home/microros/microros_ws/firmware/mcu_ws/build/action_msgs /home/microros/microros_ws/firmware/mcu_ws/build/action_msgs/CMakeFiles/action_msgs.dir/DependInfo.cmake --color=
make[6]: Leaving directory '/home/microros/microros_ws/firmware/mcu_ws/build/action_msgs'
/usr/bin/make -f CMakeFiles/action_msgs.dir/build.make CMakeFiles/action_msgs.dir/build
make[6]: Entering directory '/home/microros/microros_ws/firmware/mcu_ws/build/action_msgs'
make[6]: Nothing to be done for 'CMakeFiles/action_msgs.dir/build'.
make[6]: Leaving directory '/home/microros/microros_ws/firmware/mcu_ws/build/action_msgs'
[100%] Built target action_msgs
make[5]: Leaving directory '/home/microros/microros_ws/firmware/mcu_ws/build/action_msgs'
/usr/bin/cmake -E cmake_progress_start /home/microros/microros_ws/firmware/mcu_ws/build/action_msgs/CMakeFiles 0
make[4]: Leaving directory '/home/microros/microros_ws/firmware/mcu_ws/build/action_msgs'
-- Install configuration: "RelWithDebInfo"
-- Up-to-date: /home/microros/microros_ws/firmware/mcu_ws/install/action_msgs/share/ament_index/resource_index/rosidl_interfaces/action_msgs
-- Up-to-date: /home/microros/microros_ws/firmware/mcu_ws/install/action_msgs/include/action_msgs
-- Up-to-date: /home/microros/microros_ws/firmware/mcu_ws/install/action_msgs/include/action_msgs/msg
-- Up-to-date: /home/microros/microros_ws/firmware/mcu_ws/install/action_msgs/include/action_msgs/msg/detail
-- Up-to-date: /home/microros/microros_ws/firmware/mcu_ws/install/action_msgs/include/action_msgs/msg/detail/goal_status__functions.h
-- Up-to-date: /home/microros/microros_ws/firmware/mcu_ws/install/action_msgs/include/action_msgs/msg/detail/goal_info__type_support.h
-- Up-to-date: /home/microros/microros_ws/firmware/mcu_ws/install/action_msgs/include/action_msgs/msg/detail/goal_status_array__functions.c
-- Up-to-date: /home/microros/microros_ws/firmware/mcu_ws/install/action_msgs/include/action_msgs/msg/detail/goal_status_array__struct.h
-- Up-to-date: /home/microros/microros_ws/firmware/mcu_ws/install/action_msgs/include/action_msgs/msg/detail/goal_info__struct.h
-- Up-to-date: /home/microros/microros_ws/firmware/mcu_ws/install/action_msgs/include/action_msgs/msg/detail/goal_info__functions.h
-- Up-to-date: /home/microros/microros_ws/firmware/mcu_ws/install/action_msgs/include/action_msgs/msg/detail/goal_status__functions.c
-- Up-to-date: /home/microros/microros_ws/firmware/mcu_ws/install/action_msgs/include/action_msgs/msg/detail/goal_status_array__functions.h
-- Up-to-date: /home/microros/microros_ws/firmware/mcu_ws/install/action_msgs/include/action_msgs/msg/detail/goal_status_array__type_support.h
-- Up-to-date: /home/microros/microros_ws/firmware/mcu_ws/install/action_msgs/include/action_msgs/msg/detail/goal_status__type_support.h
-- Up-to-date: /home/microros/microros_ws/firmware/mcu_ws/install/action_msgs/include/action_msgs/msg/detail/goal_info__functions.c
-- Up-to-date: /home/microros/microros_ws/firmware/mcu_ws/install/action_msgs/include/action_msgs/msg/detail/goal_status__struct.h
-- Up-to-date: /home/microros/microros_ws/firmware/mcu_ws/install/action_msgs/include/action_msgs/msg/goal_status_array.h
-- Up-to-date: /home/microros/microros_ws/firmware/mcu_ws/install/action_msgs/include/action_msgs/msg/goal_info.h
-- Up-to-date: /home/microros/microros_ws/firmware/mcu_ws/install/action_msgs/include/action_msgs/msg/goal_status.h
-- Up-to-date: /home/microros/microros_ws/firmware/mcu_ws/install/action_msgs/include/action_msgs/msg/rosidl_generator_c__visibility_control.h
-- Up-to-date: /home/microros/microros_ws/firmware/mcu_ws/install/action_msgs/include/action_msgs/srv
-- Up-to-date: /home/microros/microros_ws/firmware/mcu_ws/install/action_msgs/include/action_msgs/srv/detail
-- Up-to-date: /home/microros/microros_ws/firmware/mcu_ws/install/action_msgs/include/action_msgs/srv/detail/cancel_goal__functions.c
-- Up-to-date: /home/microros/microros_ws/firmware/mcu_ws/install/action_msgs/include/action_msgs/srv/detail/cancel_goal__functions.h
-- Up-to-date: /home/microros/microros_ws/firmware/mcu_ws/install/action_msgs/include/action_msgs/srv/detail/cancel_goal__struct.h
-- Up-to-date: /home/microros/microros_ws/firmware/mcu_ws/install/action_msgs/include/action_msgs/srv/detail/cancel_goal__type_support.h
-- Up-to-date: /home/microros/microros_ws/firmware/mcu_ws/install/action_msgs/include/action_msgs/srv/cancel_goal.h
-- Up-to-date: /home/microros/microros_ws/firmware/mcu_ws/install/action_msgs/share/action_msgs/environment/library_path.sh
-- Up-to-date: /home/microros/microros_ws/firmware/mcu_ws/install/action_msgs/share/action_msgs/environment/library_path.dsv
-- Up-to-date: /home/microros/microros_ws/firmware/mcu_ws/install/action_msgs/lib/libaction_msgs__rosidl_generator_c.a
-- Up-to-date: /home/microros/microros_ws/firmware/mcu_ws/install/action_msgs/include/action_msgs
-- Up-to-date: /home/microros/microros_ws/firmware/mcu_ws/install/action_msgs/include/action_msgs/msg
-- Up-to-date: /home/microros/microros_ws/firmware/mcu_ws/install/action_msgs/include/action_msgs/msg/detail
-- Up-to-date: /home/microros/microros_ws/firmware/mcu_ws/install/action_msgs/include/action_msgs/msg/detail/microxrcedds
-- Up-to-date: /home/microros/microros_ws/firmware/mcu_ws/install/action_msgs/include/action_msgs/msg/detail/goal_status_array__rosidl_typesupport_microxrcedds_c.h
-- Up-to-date: /home/microros/microros_ws/firmware/mcu_ws/install/action_msgs/include/action_msgs/msg/detail/goal_info__rosidl_typesupport_microxrcedds_c.h
-- Up-to-date: /home/microros/microros_ws/firmware/mcu_ws/install/action_msgs/include/action_msgs/msg/detail/goal_status__rosidl_typesupport_microxrcedds_c.h
-- Up-to-date: /home/microros/microros_ws/firmware/mcu_ws/install/action_msgs/include/action_msgs/msg/rosidl_typesupport_microxrcedds_c__visibility_control.h
-- Up-to-date: /home/microros/microros_ws/firmware/mcu_ws/install/action_msgs/include/action_msgs/srv
-- Up-to-date: /home/microros/microros_ws/firmware/mcu_ws/install/action_msgs/include/action_msgs/srv/detail
-- Up-to-date: /home/microros/microros_ws/firmware/mcu_ws/install/action_msgs/include/action_msgs/srv/detail/microxrcedds
-- Up-to-date: /home/microros/microros_ws/firmware/mcu_ws/install/action_msgs/include/action_msgs/srv/detail/cancel_goal__rosidl_typesupport_microxrcedds_c.h
-- Up-to-date: /home/microros/microros_ws/firmware/mcu_ws/install/action_msgs/lib/libaction_msgs__rosidl_typesupport_microxrcedds_c.a
-- Up-to-date: /home/microros/microros_ws/firmware/mcu_ws/install/action_msgs/lib/libaction_msgs__rosidl_typesupport_c.a
-- Up-to-date: /home/microros/microros_ws/firmware/mcu_ws/install/action_msgs/lib/libaction_msgs__rosidl_typesupport_microxrcedds_c.a
-- Up-to-date: /home/microros/microros_ws/firmware/mcu_ws/install/action_msgs/share/action_msgs/msg/GoalInfo.idl
-- Up-to-date: /home/microros/microros_ws/firmware/mcu_ws/install/action_msgs/share/action_msgs/msg/GoalStatus.idl
-- Up-to-date: /home/microros/microros_ws/firmware/mcu_ws/install/action_msgs/share/action_msgs/msg/GoalStatusArray.idl
-- Up-to-date: /home/microros/microros_ws/firmware/mcu_ws/install/action_msgs/share/action_msgs/srv/CancelGoal.idl
-- Up-to-date: /home/microros/microros_ws/firmware/mcu_ws/install/action_msgs/share/action_msgs/msg/GoalInfo.msg
-- Up-to-date: /home/microros/microros_ws/firmware/mcu_ws/install/action_msgs/share/action_msgs/msg/GoalStatus.msg
-- Up-to-date: /home/microros/microros_ws/firmware/mcu_ws/install/action_msgs/share/action_msgs/msg/GoalStatusArray.msg
-- Up-to-date: /home/microros/microros_ws/firmware/mcu_ws/install/action_msgs/share/action_msgs/srv/CancelGoal.srv
-- Up-to-date: /home/microros/microros_ws/firmware/mcu_ws/install/action_msgs/share/action_msgs/srv/CancelGoal_Request.msg
-- Up-to-date: /home/microros/microros_ws/firmware/mcu_ws/install/action_msgs/share/action_msgs/srv/CancelGoal_Response.msg
-- Up-to-date: /home/microros/microros_ws/firmware/mcu_ws/install/action_msgs/share/ament_index/resource_index/package_run_dependencies/action_msgs
-- Up-to-date: /home/microros/microros_ws/firmware/mcu_ws/install/action_msgs/share/ament_index/resource_index/parent_prefix_path/action_msgs
-- Up-to-date: /home/microros/microros_ws/firmware/mcu_ws/install/action_msgs/share/action_msgs/environment/ament_prefix_path.sh
-- Up-to-date: /home/microros/microros_ws/firmware/mcu_ws/install/action_msgs/share/action_msgs/environment/ament_prefix_path.dsv
-- Up-to-date: /home/microros/microros_ws/firmware/mcu_ws/install/action_msgs/share/action_msgs/environment/path.sh
-- Up-to-date: /home/microros/microros_ws/firmware/mcu_ws/install/action_msgs/share/action_msgs/environment/path.dsv
-- Up-to-date: /home/microros/microros_ws/firmware/mcu_ws/install/action_msgs/share/action_msgs/local_setup.bash
-- Up-to-date: /home/microros/microros_ws/firmware/mcu_ws/install/action_msgs/share/action_msgs/local_setup.sh
-- Up-to-date: /home/microros/microros_ws/firmware/mcu_ws/install/action_msgs/share/action_msgs/local_setup.zsh
-- Up-to-date: /home/microros/microros_ws/firmware/mcu_ws/install/action_msgs/share/action_msgs/local_setup.dsv
-- Installing: /home/microros/microros_ws/firmware/mcu_ws/install/action_msgs/share/action_msgs/package.dsv
-- Up-to-date: /home/microros/microros_ws/firmware/mcu_ws/install/action_msgs/share/ament_index/resource_index/packages/action_msgs
-- Up-to-date: /home/microros/microros_ws/firmware/mcu_ws/install/action_msgs/share/action_msgs/cmake/action_msgs__rosidl_generator_cExport.cmake
-- Up-to-date: /home/microros/microros_ws/firmware/mcu_ws/install/action_msgs/share/action_msgs/cmake/action_msgs__rosidl_generator_cExport-relwithdebinfo.cmake
-- Up-to-date: /home/microros/microros_ws/firmware/mcu_ws/install/action_msgs/share/action_msgs/cmake/action_msgs__rosidl_typesupport_cExport.cmake
-- Up-to-date: /home/microros/microros_ws/firmware/mcu_ws/install/action_msgs/share/action_msgs/cmake/action_msgs__rosidl_typesupport_cExport-relwithdebinfo.cmake
-- Up-to-date: /home/microros/microros_ws/firmware/mcu_ws/install/action_msgs/share/action_msgs/cmake/rosidl_cmake-extras.cmake
-- Up-to-date: /home/microros/microros_ws/firmware/mcu_ws/install/action_msgs/share/action_msgs/cmake/ament_cmake_export_dependencies-extras.cmake
-- Up-to-date: /home/microros/microros_ws/firmware/mcu_ws/install/action_msgs/share/action_msgs/cmake/ament_cmake_export_libraries-extras.cmake
-- Up-to-date: /home/microros/microros_ws/firmware/mcu_ws/install/action_msgs/share/action_msgs/cmake/ament_cmake_export_targets-extras.cmake
-- Up-to-date: /home/microros/microros_ws/firmware/mcu_ws/install/action_msgs/share/action_msgs/cmake/ament_cmake_export_include_directories-extras.cmake
-- Up-to-date: /home/microros/microros_ws/firmware/mcu_ws/install/action_msgs/share/action_msgs/cmake/rosidl_cmake_export_typesupport_libraries-extras.cmake
-- Up-to-date: /home/microros/microros_ws/firmware/mcu_ws/install/action_msgs/share/action_msgs/cmake/action_msgsConfig.cmake
-- Up-to-date: /home/microros/microros_ws/firmware/mcu_ws/install/action_msgs/share/action_msgs/cmake/action_msgsConfig-version.cmake
-- Up-to-date: /home/microros/microros_ws/firmware/mcu_ws/install/action_msgs/share/action_msgs/package.xml
