[0.058s] Invoking command in '/home/microros/microros_ws/firmware/mcu_ws/build/rosidl_typesupport_interface': CMAKE_PREFIX_PATH=${CMAKE_PREFIX_PATH}:/home/microros/microros_ws/firmware/dev_ws/install/ament_uncrustify:/home/microros/microros_ws/firmware/dev_ws/install/domain_coordinator:/home/microros/microros_ws/firmware/dev_ws/install/ament_xmllint:/home/microros/microros_ws/firmware/dev_ws/install/ament_pyflakes:/home/microros/microros_ws/firmware/dev_ws/install/ament_pycodestyle:/home/microros/microros_ws/firmware/dev_ws/install/ament_pep257:/home/microros/microros_ws/firmware/dev_ws/install/ament_pclint:/home/microros/microros_ws/firmware/dev_ws/install/ament_package:/home/microros/microros_ws/firmware/dev_ws/install/ament_mypy:/home/microros/microros_ws/firmware/dev_ws/install/ament_lint_cmake:/home/microros/microros_ws/firmware/dev_ws/install/ament_flake8:/home/microros/microros_ws/firmware/dev_ws/install/ament_copyright:/home/microros/microros_ws/firmware/dev_ws/install/ament_lint:/home/microros/microros_ws/firmware/dev_ws/install/ament_index_python:/home/microros/microros_ws/firmware/dev_ws/install/ament_cpplint:/home/microros/microros_ws/firmware/dev_ws/install/ament_cppcheck:/home/microros/microros_ws/firmware/dev_ws/install/ament_clang_tidy:/home/microros/microros_ws/firmware/dev_ws/install/ament_clang_format /usr/bin/cmake --build /home/microros/microros_ws/firmware/mcu_ws/build/rosidl_typesupport_interface -- -j4 -l4
[0.090s] make[4]: Entering directory '/home/microros/microros_ws/firmware/mcu_ws/build/rosidl_typesupport_interface'
[0.090s] /usr/bin/cmake -S/home/microros/microros_ws/firmware/mcu_ws/ros2/rosidl/rosidl_typesupport_interface -B/home/microros/microros_ws/firmware/mcu_ws/build/rosidl_typesupport_interface --check-build-system CMakeFiles/Makefile.cmake 0
[0.105s] Re-run cmake file: Makefile older than: /home/microros/microros_ws/firmware/apps/uros/arm_toolchain.cmake
[0.108s] -- Found ament_cmake: 0.9.6 (/home/microros/microros_ws/firmware/dev_ws/install/ament_cmake/share/ament_cmake/cmake)
[0.161s] -- Using PYTHON_EXECUTABLE: /usr/bin/python3
[0.732s] -- Configuring done
[0.735s] -- Generating done
[0.736s] -- Build files have been written to: /home/microros/microros_ws/firmware/mcu_ws/build/rosidl_typesupport_interface
[0.743s] /usr/bin/cmake -E cmake_progress_start /home/microros/microros_ws/firmware/mcu_ws/build/rosidl_typesupport_interface/CMakeFiles /home/microros/microros_ws/firmware/mcu_ws/build/rosidl_typesupport_interface/CMakeFiles/progress.marks
[0.760s] /usr/bin/make -f CMakeFiles/Makefile2 all
[0.761s] make[5]: Entering directory '/home/microros/microros_ws/firmware/mcu_ws/build/rosidl_typesupport_interface'
[0.761s] make[5]: Nothing to be done for 'all'.
[0.761s] make[5]: Leaving directory '/home/microros/microros_ws/firmware/mcu_ws/build/rosidl_typesupport_interface'
[0.761s] /usr/bin/cmake -E cmake_progress_start /home/microros/microros_ws/firmware/mcu_ws/build/rosidl_typesupport_interface/CMakeFiles 0
[0.773s] make[4]: Leaving directory '/home/microros/microros_ws/firmware/mcu_ws/build/rosidl_typesupport_interface'
[0.779s] Invoked command in '/home/microros/microros_ws/firmware/mcu_ws/build/rosidl_typesupport_interface' returned '0': CMAKE_PREFIX_PATH=${CMAKE_PREFIX_PATH}:/home/microros/microros_ws/firmware/dev_ws/install/ament_uncrustify:/home/microros/microros_ws/firmware/dev_ws/install/domain_coordinator:/home/microros/microros_ws/firmware/dev_ws/install/ament_xmllint:/home/microros/microros_ws/firmware/dev_ws/install/ament_pyflakes:/home/microros/microros_ws/firmware/dev_ws/install/ament_pycodestyle:/home/microros/microros_ws/firmware/dev_ws/install/ament_pep257:/home/microros/microros_ws/firmware/dev_ws/install/ament_pclint:/home/microros/microros_ws/firmware/dev_ws/install/ament_package:/home/microros/microros_ws/firmware/dev_ws/install/ament_mypy:/home/microros/microros_ws/firmware/dev_ws/install/ament_lint_cmake:/home/microros/microros_ws/firmware/dev_ws/install/ament_flake8:/home/microros/microros_ws/firmware/dev_ws/install/ament_copyright:/home/microros/microros_ws/firmware/dev_ws/install/ament_lint:/home/microros/microros_ws/firmware/dev_ws/install/ament_index_python:/home/microros/microros_ws/firmware/dev_ws/install/ament_cpplint:/home/microros/microros_ws/firmware/dev_ws/install/ament_cppcheck:/home/microros/microros_ws/firmware/dev_ws/install/ament_clang_tidy:/home/microros/microros_ws/firmware/dev_ws/install/ament_clang_format /usr/bin/cmake --build /home/microros/microros_ws/firmware/mcu_ws/build/rosidl_typesupport_interface -- -j4 -l4
[0.830s] Invoking command in '/home/microros/microros_ws/firmware/mcu_ws/build/rosidl_typesupport_interface': CMAKE_PREFIX_PATH=${CMAKE_PREFIX_PATH}:/home/microros/microros_ws/firmware/dev_ws/install/ament_uncrustify:/home/microros/microros_ws/firmware/dev_ws/install/domain_coordinator:/home/microros/microros_ws/firmware/dev_ws/install/ament_xmllint:/home/microros/microros_ws/firmware/dev_ws/install/ament_pyflakes:/home/microros/microros_ws/firmware/dev_ws/install/ament_pycodestyle:/home/microros/microros_ws/firmware/dev_ws/install/ament_pep257:/home/microros/microros_ws/firmware/dev_ws/install/ament_pclint:/home/microros/microros_ws/firmware/dev_ws/install/ament_package:/home/microros/microros_ws/firmware/dev_ws/install/ament_mypy:/home/microros/microros_ws/firmware/dev_ws/install/ament_lint_cmake:/home/microros/microros_ws/firmware/dev_ws/install/ament_flake8:/home/microros/microros_ws/firmware/dev_ws/install/ament_copyright:/home/microros/microros_ws/firmware/dev_ws/install/ament_lint:/home/microros/microros_ws/firmware/dev_ws/install/ament_index_python:/home/microros/microros_ws/firmware/dev_ws/install/ament_cpplint:/home/microros/microros_ws/firmware/dev_ws/install/ament_cppcheck:/home/microros/microros_ws/firmware/dev_ws/install/ament_clang_tidy:/home/microros/microros_ws/firmware/dev_ws/install/ament_clang_format /usr/bin/cmake --install /home/microros/microros_ws/firmware/mcu_ws/build/rosidl_typesupport_interface
[0.839s] -- Install configuration: "RelWithDebInfo"
[0.840s] -- Up-to-date: /home/microros/microros_ws/firmware/mcu_ws/install/rosidl_typesupport_interface/share/ament_index/resource_index/package_run_dependencies/rosidl_typesupport_interface
[0.840s] -- Up-to-date: /home/microros/microros_ws/firmware/mcu_ws/install/rosidl_typesupport_interface/share/ament_index/resource_index/parent_prefix_path/rosidl_typesupport_interface
[0.840s] -- Up-to-date: /home/microros/microros_ws/firmware/mcu_ws/install/rosidl_typesupport_interface/share/rosidl_typesupport_interface/environment/ament_prefix_path.sh
[0.840s] -- Installing: /home/microros/microros_ws/firmware/mcu_ws/install/rosidl_typesupport_interface/share/rosidl_typesupport_interface/environment/ament_prefix_path.dsv
[0.840s] -- Up-to-date: /home/microros/microros_ws/firmware/mcu_ws/install/rosidl_typesupport_interface/share/rosidl_typesupport_interface/environment/path.sh
[0.840s] -- Installing: /home/microros/microros_ws/firmware/mcu_ws/install/rosidl_typesupport_interface/share/rosidl_typesupport_interface/environment/path.dsv
[0.841s] -- Up-to-date: /home/microros/microros_ws/firmware/mcu_ws/install/rosidl_typesupport_interface/share/rosidl_typesupport_interface/local_setup.bash
[0.841s] -- Up-to-date: /home/microros/microros_ws/firmware/mcu_ws/install/rosidl_typesupport_interface/share/rosidl_typesupport_interface/local_setup.sh
[0.841s] -- Up-to-date: /home/microros/microros_ws/firmware/mcu_ws/install/rosidl_typesupport_interface/share/rosidl_typesupport_interface/local_setup.zsh
[0.841s] -- Installing: /home/microros/microros_ws/firmware/mcu_ws/install/rosidl_typesupport_interface/share/rosidl_typesupport_interface/local_setup.dsv
[0.841s] -- Installing: /home/microros/microros_ws/firmware/mcu_ws/install/rosidl_typesupport_interface/share/rosidl_typesupport_interface/package.dsv
[0.841s] -- Up-to-date: /home/microros/microros_ws/firmware/mcu_ws/install/rosidl_typesupport_interface/share/ament_index/resource_index/packages/rosidl_typesupport_interface
[0.842s] -- Up-to-date: /home/microros/microros_ws/firmware/mcu_ws/install/rosidl_typesupport_interface/share/rosidl_typesupport_interface/cmake/rosidl_typesupport_interfaceExport.cmake
[0.842s] -- Up-to-date: /home/microros/microros_ws/firmware/mcu_ws/install/rosidl_typesupport_interface/share/rosidl_typesupport_interface/cmake/ament_cmake_export_include_directories-extras.cmake
[0.842s] -- Up-to-date: /home/microros/microros_ws/firmware/mcu_ws/install/rosidl_typesupport_interface/share/rosidl_typesupport_interface/cmake/ament_cmake_export_targets-extras.cmake
[0.842s] -- Up-to-date: /home/microros/microros_ws/firmware/mcu_ws/install/rosidl_typesupport_interface/share/rosidl_typesupport_interface/cmake/rosidl_typesupport_interfaceConfig.cmake
[0.842s] -- Up-to-date: /home/microros/microros_ws/firmware/mcu_ws/install/rosidl_typesupport_interface/share/rosidl_typesupport_interface/cmake/rosidl_typesupport_interfaceConfig-version.cmake
[0.842s] -- Up-to-date: /home/microros/microros_ws/firmware/mcu_ws/install/rosidl_typesupport_interface/share/rosidl_typesupport_interface/package.xml
[0.842s] -- Up-to-date: /home/microros/microros_ws/firmware/mcu_ws/install/rosidl_typesupport_interface/include
[0.843s] -- Up-to-date: /home/microros/microros_ws/firmware/mcu_ws/install/rosidl_typesupport_interface/include/rosidl_typesupport_interface
[0.843s] -- Up-to-date: /home/microros/microros_ws/firmware/mcu_ws/install/rosidl_typesupport_interface/include/rosidl_typesupport_interface/macros.h
[0.853s] Invoked command in '/home/microros/microros_ws/firmware/mcu_ws/build/rosidl_typesupport_interface' returned '0': CMAKE_PREFIX_PATH=${CMAKE_PREFIX_PATH}:/home/microros/microros_ws/firmware/dev_ws/install/ament_uncrustify:/home/microros/microros_ws/firmware/dev_ws/install/domain_coordinator:/home/microros/microros_ws/firmware/dev_ws/install/ament_xmllint:/home/microros/microros_ws/firmware/dev_ws/install/ament_pyflakes:/home/microros/microros_ws/firmware/dev_ws/install/ament_pycodestyle:/home/microros/microros_ws/firmware/dev_ws/install/ament_pep257:/home/microros/microros_ws/firmware/dev_ws/install/ament_pclint:/home/microros/microros_ws/firmware/dev_ws/install/ament_package:/home/microros/microros_ws/firmware/dev_ws/install/ament_mypy:/home/microros/microros_ws/firmware/dev_ws/install/ament_lint_cmake:/home/microros/microros_ws/firmware/dev_ws/install/ament_flake8:/home/microros/microros_ws/firmware/dev_ws/install/ament_copyright:/home/microros/microros_ws/firmware/dev_ws/install/ament_lint:/home/microros/microros_ws/firmware/dev_ws/install/ament_index_python:/home/microros/microros_ws/firmware/dev_ws/install/ament_cpplint:/home/microros/microros_ws/firmware/dev_ws/install/ament_cppcheck:/home/microros/microros_ws/firmware/dev_ws/install/ament_clang_tidy:/home/microros/microros_ws/firmware/dev_ws/install/ament_clang_format /usr/bin/cmake --install /home/microros/microros_ws/firmware/mcu_ws/build/rosidl_typesupport_interface
