[0.027s] Invoking command in '/home/microros/microros_ws/build/drive_base_msgs': CMAKE_PREFIX_PATH=${CMAKE_PREFIX_PATH}:/opt/ros/foxy /usr/bin/cmake /home/microros/microros_ws/src/drive_base/drive_base_msgs -DUAGENT_BUILD_EXECUTABLE=OFF --no-warn-unused-cli -DCMAKE_INSTALL_PREFIX=/home/microros/microros_ws/install/drive_base_msgs
[0.058s] Not searching for unused variables given on the command line.
[0.087s] -- The C compiler identification is GNU 9.3.0
[0.150s] -- The CXX compiler identification is GNU 9.3.0
[0.155s] -- Check for working C compiler: /usr/bin/cc
[0.270s] -- Check for working C compiler: /usr/bin/cc -- works
[0.271s] -- Detecting C compiler ABI info
[0.350s] -- Detecting C compiler ABI info - done
[0.361s] -- Detecting C compile features
[0.361s] -- Detecting C compile features - done
[0.364s] -- Check for working CXX compiler: /usr/bin/c++
[0.485s] -- Check for working CXX compiler: /usr/bin/c++ -- works
[0.486s] -- Detecting CXX compiler ABI info
[0.572s] -- Detecting CXX compiler ABI info - done
[0.586s] -- Detecting CXX compile features
[0.586s] -- Detecting CXX compile features - done
[0.589s] -- Found ament_cmake: 0.9.6 (/opt/ros/foxy/share/ament_cmake/cmake)
[0.613s] -- Found PythonInterp: /usr/bin/python3 (found suitable version "3.8.2", minimum required is "3") 
[0.613s] -- Using PYTHON_EXECUTABLE: /usr/bin/python3
[1.157s] -- Found std_msgs: 2.0.3 (/opt/ros/foxy/share/std_msgs/cmake)
[1.367s] -- Using all available rosidl_typesupport_c: rosidl_typesupport_fastrtps_c;rosidl_typesupport_introspection_c
[1.726s] -- Found rosidl_adapter: 1.0.1 (/opt/ros/foxy/share/rosidl_adapter/cmake)
[2.443s] -- Found OpenSSL: /usr/lib/x86_64-linux-gnu/libcrypto.so (found version "1.1.1f")  
[2.572s] -- Found FastRTPS: /opt/ros/foxy/include  
[2.925s] -- Using all available rosidl_typesupport_cpp: rosidl_typesupport_fastrtps_cpp;rosidl_typesupport_introspection_cpp
[3.205s] -- Found rosidl_default_generators: 1.0.0 (/opt/ros/foxy/share/rosidl_default_generators/cmake)
[3.331s] -- Found PythonInterp: /usr/bin/python3 (found version "3.8.2") 
[3.567s] -- Found ament_cmake_cppcheck: 0.9.5 (/opt/ros/foxy/share/ament_cmake_cppcheck/cmake)
[3.569s] -- Found ament_cmake_cpplint: 0.9.5 (/opt/ros/foxy/share/ament_cmake_cpplint/cmake)
[3.571s] -- Found ament_cmake_uncrustify: 0.9.5 (/opt/ros/foxy/share/ament_cmake_uncrustify/cmake)
[3.574s] -- Found ament_cmake_ros: 0.9.0 (/opt/ros/foxy/share/ament_cmake_ros/cmake)
[4.155s] -- Using all available rosidl_typesupport_c: rosidl_typesupport_fastrtps_c;rosidl_typesupport_introspection_c
[4.277s] -- Using all available rosidl_typesupport_cpp: rosidl_typesupport_fastrtps_cpp;rosidl_typesupport_introspection_cpp
[4.307s] -- Found PythonInterp: /usr/bin/python3 (found suitable version "3.8.2", minimum required is "3.5") 
[4.346s] -- Found python_cmake_module: 0.8.0 (/opt/ros/foxy/share/python_cmake_module/cmake)
[4.588s] -- Found PythonLibs: /usr/lib/x86_64-linux-gnu/libpython3.8.so (found suitable version "3.8.2", minimum required is "3.5") 
[4.589s] -- Using PYTHON_EXECUTABLE: /usr/bin/python3
[4.589s] -- Using PYTHON_INCLUDE_DIRS: /usr/include/python3.8
[4.590s] -- Using PYTHON_LIBRARIES: /usr/lib/x86_64-linux-gnu/libpython3.8.so
[4.665s] -- Found PythonExtra: .so  
[4.848s] -- Found ament_cmake_flake8: 0.9.5 (/opt/ros/foxy/share/ament_cmake_flake8/cmake)
[4.852s] -- Found ament_cmake_pep257: 0.9.5 (/opt/ros/foxy/share/ament_cmake_pep257/cmake)
[4.873s] -- Configuring done
[5.106s] -- Generating done
[5.110s] -- Build files have been written to: /home/microros/microros_ws/build/drive_base_msgs
[5.126s] Invoked command in '/home/microros/microros_ws/build/drive_base_msgs' returned '0': CMAKE_PREFIX_PATH=${CMAKE_PREFIX_PATH}:/opt/ros/foxy /usr/bin/cmake /home/microros/microros_ws/src/drive_base/drive_base_msgs -DUAGENT_BUILD_EXECUTABLE=OFF --no-warn-unused-cli -DCMAKE_INSTALL_PREFIX=/home/microros/microros_ws/install/drive_base_msgs
[5.127s] Invoking command in '/home/microros/microros_ws/build/drive_base_msgs': CMAKE_PREFIX_PATH=${CMAKE_PREFIX_PATH}:/opt/ros/foxy /usr/bin/cmake --build /home/microros/microros_ws/build/drive_base_msgs -- -j4 -l4
[5.183s] [  1%] [34m[1mGenerating C code for ROS interfaces[0m
[5.184s] [35m[1mScanning dependencies of target drive_base_msgs__cpp[0m
[5.200s] [  3%] [34m[1mGenerating C++ code for ROS interfaces[0m
[6.308s] [  3%] Built target drive_base_msgs__cpp
[6.308s] [35m[1mScanning dependencies of target drive_base_msgs__rosidl_generator_c[0m
[6.319s] [  5%] [34m[1mGenerating C++ introspection for ROS interfaces[0m
[6.324s] [  7%] [34m[1mGenerating C++ type support for eProsima Fast-RTPS[0m
[6.324s] [  9%] [34m[1mGenerating C++ type support dispatch for ROS interfaces[0m
[6.423s] [ 10%] [32mBuilding C object CMakeFiles/drive_base_msgs__rosidl_generator_c.dir/rosidl_generator_c/drive_base_msgs/msg/detail/command_header__functions.c.o[0m
[6.594s] [ 12%] [32mBuilding C object CMakeFiles/drive_base_msgs__rosidl_generator_c.dir/rosidl_generator_c/drive_base_msgs/msg/detail/base_info__functions.c.o[0m
[6.685s] [ 14%] [32mBuilding C object CMakeFiles/drive_base_msgs__rosidl_generator_c.dir/rosidl_generator_c/drive_base_msgs/msg/detail/command_status__functions.c.o[0m
[6.758s] [ 16%] [32mBuilding C object CMakeFiles/drive_base_msgs__rosidl_generator_c.dir/rosidl_generator_c/drive_base_msgs/msg/detail/trv_command__functions.c.o[0m
[6.820s] [ 18%] [32m[1mLinking C shared library libdrive_base_msgs__rosidl_generator_c.so[0m
[7.182s] [ 18%] Built target drive_base_msgs__rosidl_generator_c
[7.207s] [ 20%] [34m[1mGenerating C introspection for ROS interfaces[0m
[7.491s] [35m[1mScanning dependencies of target drive_base_msgs__rosidl_typesupport_cpp[0m
[7.521s] [ 21%] [32mBuilding CXX object CMakeFiles/drive_base_msgs__rosidl_typesupport_cpp.dir/rosidl_typesupport_cpp/drive_base_msgs/msg/command_header__type_support.cpp.o[0m
[7.552s] [35m[1mScanning dependencies of target drive_base_msgs__rosidl_typesupport_fastrtps_cpp[0m
[7.619s] [35m[1mScanning dependencies of target drive_base_msgs__rosidl_typesupport_introspection_cpp[0m
[7.672s] [ 23%] [32mBuilding CXX object CMakeFiles/drive_base_msgs__rosidl_typesupport_introspection_cpp.dir/rosidl_typesupport_introspection_cpp/drive_base_msgs/msg/detail/command_header__type_support.cpp.o[0m
[7.708s] [ 25%] [32mBuilding CXX object CMakeFiles/drive_base_msgs__rosidl_typesupport_fastrtps_cpp.dir/rosidl_typesupport_fastrtps_cpp/drive_base_msgs/msg/detail/dds_fastrtps/command_header__type_support.cpp.o[0m
[8.294s] [35m[1mScanning dependencies of target drive_base_msgs__rosidl_typesupport_introspection_c[0m
[8.367s] [ 27%] [32mBuilding C object CMakeFiles/drive_base_msgs__rosidl_typesupport_introspection_c.dir/rosidl_typesupport_introspection_c/drive_base_msgs/msg/detail/command_header__type_support.c.o[0m
[8.482s] [ 29%] [32mBuilding C object CMakeFiles/drive_base_msgs__rosidl_typesupport_introspection_c.dir/rosidl_typesupport_introspection_c/drive_base_msgs/msg/detail/base_info__type_support.c.o[0m
[8.584s] [ 30%] [32mBuilding C object CMakeFiles/drive_base_msgs__rosidl_typesupport_introspection_c.dir/rosidl_typesupport_introspection_c/drive_base_msgs/msg/detail/command_status__type_support.c.o[0m
[8.619s] [ 32%] [32mBuilding CXX object CMakeFiles/drive_base_msgs__rosidl_typesupport_introspection_cpp.dir/rosidl_typesupport_introspection_cpp/drive_base_msgs/msg/detail/base_info__type_support.cpp.o[0m
[8.640s] [ 34%] [32mBuilding CXX object CMakeFiles/drive_base_msgs__rosidl_typesupport_cpp.dir/rosidl_typesupport_cpp/drive_base_msgs/msg/base_info__type_support.cpp.o[0m
[8.645s] [ 36%] [32mBuilding C object CMakeFiles/drive_base_msgs__rosidl_typesupport_introspection_c.dir/rosidl_typesupport_introspection_c/drive_base_msgs/msg/detail/trv_command__type_support.c.o[0m
[8.779s] [ 38%] [32m[1mLinking C shared library libdrive_base_msgs__rosidl_typesupport_introspection_c.so[0m
[8.884s] [ 38%] Built target drive_base_msgs__rosidl_typesupport_introspection_c
[8.905s] [ 40%] [32mBuilding CXX object CMakeFiles/drive_base_msgs__rosidl_typesupport_fastrtps_cpp.dir/rosidl_typesupport_fastrtps_cpp/drive_base_msgs/msg/detail/dds_fastrtps/base_info__type_support.cpp.o[0m
[9.055s] [ 41%] [32mBuilding CXX object CMakeFiles/drive_base_msgs__rosidl_typesupport_introspection_cpp.dir/rosidl_typesupport_introspection_cpp/drive_base_msgs/msg/detail/command_status__type_support.cpp.o[0m
[9.218s] [ 43%] [32mBuilding CXX object CMakeFiles/drive_base_msgs__rosidl_typesupport_cpp.dir/rosidl_typesupport_cpp/drive_base_msgs/msg/command_status__type_support.cpp.o[0m
[9.228s] [ 45%] [32mBuilding CXX object CMakeFiles/drive_base_msgs__rosidl_typesupport_fastrtps_cpp.dir/rosidl_typesupport_fastrtps_cpp/drive_base_msgs/msg/detail/dds_fastrtps/command_status__type_support.cpp.o[0m
[9.505s] [ 47%] [32mBuilding CXX object CMakeFiles/drive_base_msgs__rosidl_typesupport_introspection_cpp.dir/rosidl_typesupport_introspection_cpp/drive_base_msgs/msg/detail/trv_command__type_support.cpp.o[0m
[9.723s] [ 49%] [32mBuilding CXX object CMakeFiles/drive_base_msgs__rosidl_typesupport_cpp.dir/rosidl_typesupport_cpp/drive_base_msgs/msg/trv_command__type_support.cpp.o[0m
[10.005s] [ 50%] [32mBuilding CXX object CMakeFiles/drive_base_msgs__rosidl_typesupport_fastrtps_cpp.dir/rosidl_typesupport_fastrtps_cpp/drive_base_msgs/msg/detail/dds_fastrtps/trv_command__type_support.cpp.o[0m
[10.018s] [ 52%] [34m[1mGenerating C type support dispatch for ROS interfaces[0m
[10.041s] [ 54%] [32m[1mLinking CXX shared library libdrive_base_msgs__rosidl_typesupport_introspection_cpp.so[0m
[10.181s] [ 54%] Built target drive_base_msgs__rosidl_typesupport_introspection_cpp
[10.208s] [ 56%] [32m[1mLinking CXX shared library libdrive_base_msgs__rosidl_typesupport_cpp.so[0m
[10.267s] [ 56%] Built target drive_base_msgs__rosidl_typesupport_cpp
[10.551s] [ 58%] [32m[1mLinking CXX shared library libdrive_base_msgs__rosidl_typesupport_fastrtps_cpp.so[0m
[10.742s] [ 58%] Built target drive_base_msgs__rosidl_typesupport_fastrtps_cpp
[10.763s] [ 60%] [34m[1mGenerating C type support for eProsima Fast-RTPS[0m
[10.845s] [35m[1mScanning dependencies of target drive_base_msgs__rosidl_typesupport_c[0m
[10.869s] [ 61%] [32mBuilding CXX object CMakeFiles/drive_base_msgs__rosidl_typesupport_c.dir/rosidl_typesupport_c/drive_base_msgs/msg/command_header__type_support.cpp.o[0m
[10.872s] [ 63%] [32mBuilding CXX object CMakeFiles/drive_base_msgs__rosidl_typesupport_c.dir/rosidl_typesupport_c/drive_base_msgs/msg/base_info__type_support.cpp.o[0m
[10.880s] [ 65%] [32mBuilding CXX object CMakeFiles/drive_base_msgs__rosidl_typesupport_c.dir/rosidl_typesupport_c/drive_base_msgs/msg/command_status__type_support.cpp.o[0m
[10.926s] [ 67%] [32mBuilding CXX object CMakeFiles/drive_base_msgs__rosidl_typesupport_c.dir/rosidl_typesupport_c/drive_base_msgs/msg/trv_command__type_support.cpp.o[0m
[10.968s] [ 69%] [32m[1mLinking CXX shared library libdrive_base_msgs__rosidl_typesupport_c.so[0m
[11.221s] [ 69%] Built target drive_base_msgs__rosidl_typesupport_c
[11.753s] [35m[1mScanning dependencies of target drive_base_msgs__rosidl_typesupport_fastrtps_c[0m
[11.911s] [ 70%] [32mBuilding CXX object CMakeFiles/drive_base_msgs__rosidl_typesupport_fastrtps_c.dir/rosidl_typesupport_fastrtps_c/drive_base_msgs/msg/detail/command_header__type_support_c.cpp.o[0m
[11.914s] [ 72%] [32mBuilding CXX object CMakeFiles/drive_base_msgs__rosidl_typesupport_fastrtps_c.dir/rosidl_typesupport_fastrtps_c/drive_base_msgs/msg/detail/base_info__type_support_c.cpp.o[0m
[11.919s] [ 74%] [32mBuilding CXX object CMakeFiles/drive_base_msgs__rosidl_typesupport_fastrtps_c.dir/rosidl_typesupport_fastrtps_c/drive_base_msgs/msg/detail/trv_command__type_support_c.cpp.o[0m
[11.923s] [ 76%] [32mBuilding CXX object CMakeFiles/drive_base_msgs__rosidl_typesupport_fastrtps_c.dir/rosidl_typesupport_fastrtps_c/drive_base_msgs/msg/detail/command_status__type_support_c.cpp.o[0m
[12.756s] [ 78%] [32m[1mLinking CXX shared library libdrive_base_msgs__rosidl_typesupport_fastrtps_c.so[0m
[12.873s] [ 78%] Built target drive_base_msgs__rosidl_typesupport_fastrtps_c
[12.883s] [35m[1mScanning dependencies of target drive_base_msgs[0m
[12.898s] [ 78%] Built target drive_base_msgs
[12.921s] [35m[1mScanning dependencies of target drive_base_msgs__py[0m
[12.939s] [ 80%] [34m[1mGenerating Python code for ROS interfaces[0m
[16.904s] [ 80%] Built target drive_base_msgs__py
[16.934s] [35m[1mScanning dependencies of target drive_base_msgs__python[0m
[17.137s] [ 81%] [32mBuilding C object CMakeFiles/drive_base_msgs__python.dir/rosidl_generator_py/drive_base_msgs/msg/_command_header_s.c.o[0m
[17.143s] [ 83%] [32mBuilding C object CMakeFiles/drive_base_msgs__python.dir/rosidl_generator_py/drive_base_msgs/msg/_base_info_s.c.o[0m
[17.148s] [ 85%] [32mBuilding C object CMakeFiles/drive_base_msgs__python.dir/rosidl_generator_py/drive_base_msgs/msg/_command_status_s.c.o[0m
[17.155s] [ 87%] [32mBuilding C object CMakeFiles/drive_base_msgs__python.dir/rosidl_generator_py/drive_base_msgs/msg/_trv_command_s.c.o[0m
[17.543s] [ 89%] [32m[1mLinking C shared library rosidl_generator_py/drive_base_msgs/libdrive_base_msgs__python.so[0m
[17.651s] [ 89%] Built target drive_base_msgs__python
[17.694s] [35m[1mScanning dependencies of target drive_base_msgs__rosidl_typesupport_c__pyext[0m
[17.709s] [35m[1mScanning dependencies of target drive_base_msgs__rosidl_typesupport_fastrtps_c__pyext[0m
[17.720s] [35m[1mScanning dependencies of target drive_base_msgs__rosidl_typesupport_introspection_c__pyext[0m
[17.838s] [ 90%] [32mBuilding C object CMakeFiles/drive_base_msgs__rosidl_typesupport_c__pyext.dir/rosidl_generator_py/drive_base_msgs/_drive_base_msgs_s.ep.rosidl_typesupport_c.c.o[0m
[17.843s] [ 92%] [32mBuilding C object CMakeFiles/drive_base_msgs__rosidl_typesupport_introspection_c__pyext.dir/rosidl_generator_py/drive_base_msgs/_drive_base_msgs_s.ep.rosidl_typesupport_introspection_c.c.o[0m
[17.844s] [ 94%] [32mBuilding C object CMakeFiles/drive_base_msgs__rosidl_typesupport_fastrtps_c__pyext.dir/rosidl_generator_py/drive_base_msgs/_drive_base_msgs_s.ep.rosidl_typesupport_fastrtps_c.c.o[0m
[18.089s] [ 96%] [32m[1mLinking C shared library rosidl_generator_py/drive_base_msgs/drive_base_msgs_s__rosidl_typesupport_c.cpython-38-x86_64-linux-gnu.so[0m
[18.090s] [ 98%] [32m[1mLinking C shared library rosidl_generator_py/drive_base_msgs/drive_base_msgs_s__rosidl_typesupport_introspection_c.cpython-38-x86_64-linux-gnu.so[0m
[18.138s] [100%] [32m[1mLinking CXX shared library rosidl_generator_py/drive_base_msgs/drive_base_msgs_s__rosidl_typesupport_fastrtps_c.cpython-38-x86_64-linux-gnu.so[0m
[18.222s] [100%] Built target drive_base_msgs__rosidl_typesupport_introspection_c__pyext
[18.228s] [100%] Built target drive_base_msgs__rosidl_typesupport_c__pyext
[18.286s] [100%] Built target drive_base_msgs__rosidl_typesupport_fastrtps_c__pyext
[18.308s] Invoked command in '/home/microros/microros_ws/build/drive_base_msgs' returned '0': CMAKE_PREFIX_PATH=${CMAKE_PREFIX_PATH}:/opt/ros/foxy /usr/bin/cmake --build /home/microros/microros_ws/build/drive_base_msgs -- -j4 -l4
[18.552s] Invoking command in '/home/microros/microros_ws/build/drive_base_msgs': CMAKE_PREFIX_PATH=${CMAKE_PREFIX_PATH}:/opt/ros/foxy /usr/bin/cmake --install /home/microros/microros_ws/build/drive_base_msgs
[18.570s] -- Install configuration: ""
[18.582s] -- Installing: /home/microros/microros_ws/install/drive_base_msgs/share/ament_index/resource_index/rosidl_interfaces/drive_base_msgs
[18.583s] -- Installing: /home/microros/microros_ws/install/drive_base_msgs/include/drive_base_msgs
[18.583s] -- Installing: /home/microros/microros_ws/install/drive_base_msgs/include/drive_base_msgs/msg
[18.583s] -- Installing: /home/microros/microros_ws/install/drive_base_msgs/include/drive_base_msgs/msg/trv_command.h
[18.586s] -- Installing: /home/microros/microros_ws/install/drive_base_msgs/include/drive_base_msgs/msg/detail
[18.586s] -- Installing: /home/microros/microros_ws/install/drive_base_msgs/include/drive_base_msgs/msg/detail/trv_command__functions.h
[18.586s] -- Installing: /home/microros/microros_ws/install/drive_base_msgs/include/drive_base_msgs/msg/detail/command_status__functions.c
[18.587s] -- Installing: /home/microros/microros_ws/install/drive_base_msgs/include/drive_base_msgs/msg/detail/trv_command__struct.h
[18.587s] -- Installing: /home/microros/microros_ws/install/drive_base_msgs/include/drive_base_msgs/msg/detail/trv_command__functions.c
[18.587s] -- Installing: /home/microros/microros_ws/install/drive_base_msgs/include/drive_base_msgs/msg/detail/command_header__type_support.h
[18.587s] -- Installing: /home/microros/microros_ws/install/drive_base_msgs/include/drive_base_msgs/msg/detail/base_info__functions.c
[18.587s] -- Installing: /home/microros/microros_ws/install/drive_base_msgs/include/drive_base_msgs/msg/detail/base_info__functions.h
[18.587s] -- Installing: /home/microros/microros_ws/install/drive_base_msgs/include/drive_base_msgs/msg/detail/command_header__functions.h
[18.588s] -- Installing: /home/microros/microros_ws/install/drive_base_msgs/include/drive_base_msgs/msg/detail/command_header__struct.h
[18.588s] -- Installing: /home/microros/microros_ws/install/drive_base_msgs/include/drive_base_msgs/msg/detail/command_header__functions.c
[18.588s] -- Installing: /home/microros/microros_ws/install/drive_base_msgs/include/drive_base_msgs/msg/detail/base_info__struct.h
[18.588s] -- Installing: /home/microros/microros_ws/install/drive_base_msgs/include/drive_base_msgs/msg/detail/trv_command__type_support.h
[18.588s] -- Installing: /home/microros/microros_ws/install/drive_base_msgs/include/drive_base_msgs/msg/detail/command_status__struct.h
[18.588s] -- Installing: /home/microros/microros_ws/install/drive_base_msgs/include/drive_base_msgs/msg/detail/command_status__functions.h
[18.588s] -- Installing: /home/microros/microros_ws/install/drive_base_msgs/include/drive_base_msgs/msg/detail/command_status__type_support.h
[18.588s] -- Installing: /home/microros/microros_ws/install/drive_base_msgs/include/drive_base_msgs/msg/detail/base_info__type_support.h
[18.588s] -- Installing: /home/microros/microros_ws/install/drive_base_msgs/include/drive_base_msgs/msg/base_info.h
[18.589s] -- Installing: /home/microros/microros_ws/install/drive_base_msgs/include/drive_base_msgs/msg/command_status.h
[18.591s] -- Installing: /home/microros/microros_ws/install/drive_base_msgs/include/drive_base_msgs/msg/command_header.h
[18.591s] -- Installing: /home/microros/microros_ws/install/drive_base_msgs/include/drive_base_msgs/msg/rosidl_generator_c__visibility_control.h
[18.591s] -- Installing: /home/microros/microros_ws/install/drive_base_msgs/share/drive_base_msgs/environment/library_path.sh
[18.591s] -- Installing: /home/microros/microros_ws/install/drive_base_msgs/share/drive_base_msgs/environment/library_path.dsv
[18.591s] -- Installing: /home/microros/microros_ws/install/drive_base_msgs/lib/libdrive_base_msgs__rosidl_generator_c.so
[18.592s] -- Set runtime path of "/home/microros/microros_ws/install/drive_base_msgs/lib/libdrive_base_msgs__rosidl_generator_c.so" to ""
[18.592s] -- Up-to-date: /home/microros/microros_ws/install/drive_base_msgs/include/drive_base_msgs
[18.592s] -- Up-to-date: /home/microros/microros_ws/install/drive_base_msgs/include/drive_base_msgs/msg
[18.592s] -- Up-to-date: /home/microros/microros_ws/install/drive_base_msgs/include/drive_base_msgs/msg/detail
[18.592s] -- Installing: /home/microros/microros_ws/install/drive_base_msgs/include/drive_base_msgs/msg/detail/command_header__rosidl_typesupport_fastrtps_c.h
[18.592s] -- Installing: /home/microros/microros_ws/install/drive_base_msgs/include/drive_base_msgs/msg/detail/trv_command__rosidl_typesupport_fastrtps_c.h
[18.592s] -- Installing: /home/microros/microros_ws/install/drive_base_msgs/include/drive_base_msgs/msg/detail/command_status__rosidl_typesupport_fastrtps_c.h
[18.593s] -- Installing: /home/microros/microros_ws/install/drive_base_msgs/include/drive_base_msgs/msg/detail/base_info__rosidl_typesupport_fastrtps_c.h
[18.594s] -- Installing: /home/microros/microros_ws/install/drive_base_msgs/include/drive_base_msgs/msg/rosidl_typesupport_fastrtps_c__visibility_control.h
[18.594s] -- Installing: /home/microros/microros_ws/install/drive_base_msgs/lib/libdrive_base_msgs__rosidl_typesupport_fastrtps_c.so
[18.594s] -- Set runtime path of "/home/microros/microros_ws/install/drive_base_msgs/lib/libdrive_base_msgs__rosidl_typesupport_fastrtps_c.so" to ""
[18.595s] -- Up-to-date: /home/microros/microros_ws/install/drive_base_msgs/include/drive_base_msgs
[18.595s] -- Up-to-date: /home/microros/microros_ws/install/drive_base_msgs/include/drive_base_msgs/msg
[18.595s] -- Up-to-date: /home/microros/microros_ws/install/drive_base_msgs/include/drive_base_msgs/msg/detail
[18.595s] -- Installing: /home/microros/microros_ws/install/drive_base_msgs/include/drive_base_msgs/msg/detail/dds_fastrtps
[18.596s] -- Installing: /home/microros/microros_ws/install/drive_base_msgs/include/drive_base_msgs/msg/detail/trv_command__rosidl_typesupport_fastrtps_cpp.hpp
[18.596s] -- Installing: /home/microros/microros_ws/install/drive_base_msgs/include/drive_base_msgs/msg/detail/base_info__rosidl_typesupport_fastrtps_cpp.hpp
[18.596s] -- Installing: /home/microros/microros_ws/install/drive_base_msgs/include/drive_base_msgs/msg/detail/command_status__rosidl_typesupport_fastrtps_cpp.hpp
[18.596s] -- Installing: /home/microros/microros_ws/install/drive_base_msgs/include/drive_base_msgs/msg/detail/command_header__rosidl_typesupport_fastrtps_cpp.hpp
[18.596s] -- Installing: /home/microros/microros_ws/install/drive_base_msgs/include/drive_base_msgs/msg/rosidl_typesupport_fastrtps_cpp__visibility_control.h
[18.596s] -- Installing: /home/microros/microros_ws/install/drive_base_msgs/lib/libdrive_base_msgs__rosidl_typesupport_fastrtps_cpp.so
[18.597s] -- Set runtime path of "/home/microros/microros_ws/install/drive_base_msgs/lib/libdrive_base_msgs__rosidl_typesupport_fastrtps_cpp.so" to ""
[18.597s] -- Up-to-date: /home/microros/microros_ws/install/drive_base_msgs/include/drive_base_msgs
[18.597s] -- Up-to-date: /home/microros/microros_ws/install/drive_base_msgs/include/drive_base_msgs/msg
[18.597s] -- Up-to-date: /home/microros/microros_ws/install/drive_base_msgs/include/drive_base_msgs/msg/detail
[18.598s] -- Installing: /home/microros/microros_ws/install/drive_base_msgs/include/drive_base_msgs/msg/detail/trv_command__type_support.c
[18.598s] -- Installing: /home/microros/microros_ws/install/drive_base_msgs/include/drive_base_msgs/msg/detail/base_info__type_support.c
[18.598s] -- Installing: /home/microros/microros_ws/install/drive_base_msgs/include/drive_base_msgs/msg/detail/command_status__rosidl_typesupport_introspection_c.h
[18.598s] -- Installing: /home/microros/microros_ws/install/drive_base_msgs/include/drive_base_msgs/msg/detail/base_info__rosidl_typesupport_introspection_c.h
[18.599s] -- Installing: /home/microros/microros_ws/install/drive_base_msgs/include/drive_base_msgs/msg/detail/command_header__rosidl_typesupport_introspection_c.h
[18.599s] -- Installing: /home/microros/microros_ws/install/drive_base_msgs/include/drive_base_msgs/msg/detail/trv_command__rosidl_typesupport_introspection_c.h
[18.599s] -- Installing: /home/microros/microros_ws/install/drive_base_msgs/include/drive_base_msgs/msg/detail/command_status__type_support.c
[18.599s] -- Installing: /home/microros/microros_ws/install/drive_base_msgs/include/drive_base_msgs/msg/detail/command_header__type_support.c
[18.603s] -- Installing: /home/microros/microros_ws/install/drive_base_msgs/include/drive_base_msgs/msg/rosidl_typesupport_introspection_c__visibility_control.h
[18.603s] -- Installing: /home/microros/microros_ws/install/drive_base_msgs/lib/libdrive_base_msgs__rosidl_typesupport_introspection_c.so
[18.603s] -- Set runtime path of "/home/microros/microros_ws/install/drive_base_msgs/lib/libdrive_base_msgs__rosidl_typesupport_introspection_c.so" to ""
[18.603s] -- Installing: /home/microros/microros_ws/install/drive_base_msgs/lib/libdrive_base_msgs__rosidl_typesupport_c.so
[18.603s] -- Set runtime path of "/home/microros/microros_ws/install/drive_base_msgs/lib/libdrive_base_msgs__rosidl_typesupport_c.so" to ""
[18.603s] -- Up-to-date: /home/microros/microros_ws/install/drive_base_msgs/include/drive_base_msgs
[18.603s] -- Up-to-date: /home/microros/microros_ws/install/drive_base_msgs/include/drive_base_msgs/msg
[18.606s] -- Up-to-date: /home/microros/microros_ws/install/drive_base_msgs/include/drive_base_msgs/msg/detail
[18.606s] -- Installing: /home/microros/microros_ws/install/drive_base_msgs/include/drive_base_msgs/msg/detail/base_info__traits.hpp
[18.606s] -- Installing: /home/microros/microros_ws/install/drive_base_msgs/include/drive_base_msgs/msg/detail/base_info__struct.hpp
[18.606s] -- Installing: /home/microros/microros_ws/install/drive_base_msgs/include/drive_base_msgs/msg/detail/command_status__struct.hpp
[18.606s] -- Installing: /home/microros/microros_ws/install/drive_base_msgs/include/drive_base_msgs/msg/detail/trv_command__struct.hpp
[18.606s] -- Installing: /home/microros/microros_ws/install/drive_base_msgs/include/drive_base_msgs/msg/detail/command_header__struct.hpp
[18.606s] -- Installing: /home/microros/microros_ws/install/drive_base_msgs/include/drive_base_msgs/msg/detail/command_status__traits.hpp
[18.606s] -- Installing: /home/microros/microros_ws/install/drive_base_msgs/include/drive_base_msgs/msg/detail/command_header__traits.hpp
[18.606s] -- Installing: /home/microros/microros_ws/install/drive_base_msgs/include/drive_base_msgs/msg/detail/command_header__builder.hpp
[18.607s] -- Installing: /home/microros/microros_ws/install/drive_base_msgs/include/drive_base_msgs/msg/detail/base_info__builder.hpp
[18.607s] -- Installing: /home/microros/microros_ws/install/drive_base_msgs/include/drive_base_msgs/msg/detail/command_status__builder.hpp
[18.607s] -- Installing: /home/microros/microros_ws/install/drive_base_msgs/include/drive_base_msgs/msg/detail/trv_command__builder.hpp
[18.607s] -- Installing: /home/microros/microros_ws/install/drive_base_msgs/include/drive_base_msgs/msg/detail/trv_command__traits.hpp
[18.607s] -- Installing: /home/microros/microros_ws/install/drive_base_msgs/include/drive_base_msgs/msg/base_info.hpp
[18.607s] -- Installing: /home/microros/microros_ws/install/drive_base_msgs/include/drive_base_msgs/msg/command_status.hpp
[18.607s] -- Installing: /home/microros/microros_ws/install/drive_base_msgs/include/drive_base_msgs/msg/trv_command.hpp
[18.607s] -- Installing: /home/microros/microros_ws/install/drive_base_msgs/include/drive_base_msgs/msg/command_header.hpp
[18.608s] -- Up-to-date: /home/microros/microros_ws/install/drive_base_msgs/include/drive_base_msgs
[18.608s] -- Up-to-date: /home/microros/microros_ws/install/drive_base_msgs/include/drive_base_msgs/msg
[18.608s] -- Up-to-date: /home/microros/microros_ws/install/drive_base_msgs/include/drive_base_msgs/msg/detail
[18.608s] -- Installing: /home/microros/microros_ws/install/drive_base_msgs/include/drive_base_msgs/msg/detail/base_info__rosidl_typesupport_introspection_cpp.hpp
[18.608s] -- Installing: /home/microros/microros_ws/install/drive_base_msgs/include/drive_base_msgs/msg/detail/command_header__rosidl_typesupport_introspection_cpp.hpp
[18.608s] -- Installing: /home/microros/microros_ws/install/drive_base_msgs/include/drive_base_msgs/msg/detail/trv_command__rosidl_typesupport_introspection_cpp.hpp
[18.608s] -- Installing: /home/microros/microros_ws/install/drive_base_msgs/include/drive_base_msgs/msg/detail/command_header__type_support.cpp
[18.609s] -- Installing: /home/microros/microros_ws/install/drive_base_msgs/include/drive_base_msgs/msg/detail/trv_command__type_support.cpp
[18.609s] -- Installing: /home/microros/microros_ws/install/drive_base_msgs/include/drive_base_msgs/msg/detail/command_status__rosidl_typesupport_introspection_cpp.hpp
[18.609s] -- Installing: /home/microros/microros_ws/install/drive_base_msgs/include/drive_base_msgs/msg/detail/command_status__type_support.cpp
[18.610s] -- Installing: /home/microros/microros_ws/install/drive_base_msgs/include/drive_base_msgs/msg/detail/base_info__type_support.cpp
[18.610s] -- Installing: /home/microros/microros_ws/install/drive_base_msgs/lib/libdrive_base_msgs__rosidl_typesupport_introspection_cpp.so
[18.610s] -- Set runtime path of "/home/microros/microros_ws/install/drive_base_msgs/lib/libdrive_base_msgs__rosidl_typesupport_introspection_cpp.so" to ""
[18.610s] -- Installing: /home/microros/microros_ws/install/drive_base_msgs/lib/libdrive_base_msgs__rosidl_typesupport_cpp.so
[18.610s] -- Set runtime path of "/home/microros/microros_ws/install/drive_base_msgs/lib/libdrive_base_msgs__rosidl_typesupport_cpp.so" to ""
[18.611s] -- Installing: /home/microros/microros_ws/install/drive_base_msgs/share/drive_base_msgs/environment/pythonpath.sh
[18.611s] -- Installing: /home/microros/microros_ws/install/drive_base_msgs/share/drive_base_msgs/environment/pythonpath.dsv
[18.611s] -- Installing: /home/microros/microros_ws/install/drive_base_msgs/lib/python3.8/site-packages/drive_base_msgs/__init__.py
[18.716s] Compiling '/home/microros/microros_ws/install/drive_base_msgs/lib/python3.8/site-packages/drive_base_msgs/__init__.py'...
[18.726s] -- Installing: /home/microros/microros_ws/install/drive_base_msgs/lib/python3.8/site-packages/drive_base_msgs/msg
[18.727s] -- Installing: /home/microros/microros_ws/install/drive_base_msgs/lib/python3.8/site-packages/drive_base_msgs/msg/_trv_command.py
[18.728s] -- Installing: /home/microros/microros_ws/install/drive_base_msgs/lib/python3.8/site-packages/drive_base_msgs/msg/_command_status_s.c
[18.728s] -- Installing: /home/microros/microros_ws/install/drive_base_msgs/lib/python3.8/site-packages/drive_base_msgs/msg/_base_info_s.c
[18.728s] -- Installing: /home/microros/microros_ws/install/drive_base_msgs/lib/python3.8/site-packages/drive_base_msgs/msg/_command_header.py
[18.729s] -- Installing: /home/microros/microros_ws/install/drive_base_msgs/lib/python3.8/site-packages/drive_base_msgs/msg/_command_header_s.c
[18.729s] -- Installing: /home/microros/microros_ws/install/drive_base_msgs/lib/python3.8/site-packages/drive_base_msgs/msg/_trv_command_s.c
[18.730s] -- Installing: /home/microros/microros_ws/install/drive_base_msgs/lib/python3.8/site-packages/drive_base_msgs/msg/__init__.py
[18.730s] -- Installing: /home/microros/microros_ws/install/drive_base_msgs/lib/python3.8/site-packages/drive_base_msgs/msg/_command_status.py
[18.730s] -- Installing: /home/microros/microros_ws/install/drive_base_msgs/lib/python3.8/site-packages/drive_base_msgs/msg/_base_info.py
[18.731s] -- Installing: /home/microros/microros_ws/install/drive_base_msgs/lib/python3.8/site-packages/drive_base_msgs/drive_base_msgs_s__rosidl_typesupport_fastrtps_c.cpython-38-x86_64-linux-gnu.so
[18.733s] -- Set runtime path of "/home/microros/microros_ws/install/drive_base_msgs/lib/python3.8/site-packages/drive_base_msgs/drive_base_msgs_s__rosidl_typesupport_fastrtps_c.cpython-38-x86_64-linux-gnu.so" to ""
[18.734s] -- Installing: /home/microros/microros_ws/install/drive_base_msgs/lib/python3.8/site-packages/drive_base_msgs/drive_base_msgs_s__rosidl_typesupport_introspection_c.cpython-38-x86_64-linux-gnu.so
[18.736s] -- Set runtime path of "/home/microros/microros_ws/install/drive_base_msgs/lib/python3.8/site-packages/drive_base_msgs/drive_base_msgs_s__rosidl_typesupport_introspection_c.cpython-38-x86_64-linux-gnu.so" to ""
[18.738s] -- Installing: /home/microros/microros_ws/install/drive_base_msgs/lib/python3.8/site-packages/drive_base_msgs/drive_base_msgs_s__rosidl_typesupport_c.cpython-38-x86_64-linux-gnu.so
[18.740s] -- Set runtime path of "/home/microros/microros_ws/install/drive_base_msgs/lib/python3.8/site-packages/drive_base_msgs/drive_base_msgs_s__rosidl_typesupport_c.cpython-38-x86_64-linux-gnu.so" to ""
[18.741s] -- Installing: /home/microros/microros_ws/install/drive_base_msgs/lib/libdrive_base_msgs__python.so
[18.742s] -- Set runtime path of "/home/microros/microros_ws/install/drive_base_msgs/lib/libdrive_base_msgs__python.so" to ""
[18.743s] -- Installing: /home/microros/microros_ws/install/drive_base_msgs/share/drive_base_msgs/msg/CommandHeader.idl
[18.743s] -- Installing: /home/microros/microros_ws/install/drive_base_msgs/share/drive_base_msgs/msg/BaseInfo.idl
[18.745s] -- Installing: /home/microros/microros_ws/install/drive_base_msgs/share/drive_base_msgs/msg/CommandStatus.idl
[18.746s] -- Installing: /home/microros/microros_ws/install/drive_base_msgs/share/drive_base_msgs/msg/TRVCommand.idl
[18.747s] -- Installing: /home/microros/microros_ws/install/drive_base_msgs/share/drive_base_msgs/msg/CommandHeader.msg
[18.747s] -- Installing: /home/microros/microros_ws/install/drive_base_msgs/share/drive_base_msgs/msg/BaseInfo.msg
[18.749s] -- Installing: /home/microros/microros_ws/install/drive_base_msgs/share/drive_base_msgs/msg/CommandStatus.msg
[18.749s] -- Installing: /home/microros/microros_ws/install/drive_base_msgs/share/drive_base_msgs/msg/TRVCommand.msg
[18.750s] -- Installing: /home/microros/microros_ws/install/drive_base_msgs/share/ament_index/resource_index/package_run_dependencies/drive_base_msgs
[18.751s] -- Installing: /home/microros/microros_ws/install/drive_base_msgs/share/ament_index/resource_index/parent_prefix_path/drive_base_msgs
[18.752s] -- Installing: /home/microros/microros_ws/install/drive_base_msgs/share/drive_base_msgs/environment/ament_prefix_path.sh
[18.752s] -- Installing: /home/microros/microros_ws/install/drive_base_msgs/share/drive_base_msgs/environment/ament_prefix_path.dsv
[18.753s] -- Installing: /home/microros/microros_ws/install/drive_base_msgs/share/drive_base_msgs/environment/path.sh
[18.753s] -- Installing: /home/microros/microros_ws/install/drive_base_msgs/share/drive_base_msgs/environment/path.dsv
[18.755s] -- Installing: /home/microros/microros_ws/install/drive_base_msgs/share/drive_base_msgs/local_setup.bash
[18.755s] -- Installing: /home/microros/microros_ws/install/drive_base_msgs/share/drive_base_msgs/local_setup.sh
[18.756s] -- Installing: /home/microros/microros_ws/install/drive_base_msgs/share/drive_base_msgs/local_setup.zsh
[18.756s] -- Installing: /home/microros/microros_ws/install/drive_base_msgs/share/drive_base_msgs/local_setup.dsv
[18.757s] -- Installing: /home/microros/microros_ws/install/drive_base_msgs/share/drive_base_msgs/package.dsv
[18.757s] -- Installing: /home/microros/microros_ws/install/drive_base_msgs/share/ament_index/resource_index/packages/drive_base_msgs
[18.758s] -- Installing: /home/microros/microros_ws/install/drive_base_msgs/share/drive_base_msgs/cmake/drive_base_msgs__rosidl_generator_cExport.cmake
[18.758s] -- Installing: /home/microros/microros_ws/install/drive_base_msgs/share/drive_base_msgs/cmake/drive_base_msgs__rosidl_generator_cExport-noconfig.cmake
[18.759s] -- Installing: /home/microros/microros_ws/install/drive_base_msgs/share/drive_base_msgs/cmake/drive_base_msgs__rosidl_typesupport_introspection_cExport.cmake
[18.759s] -- Installing: /home/microros/microros_ws/install/drive_base_msgs/share/drive_base_msgs/cmake/drive_base_msgs__rosidl_typesupport_introspection_cExport-noconfig.cmake
[18.759s] -- Installing: /home/microros/microros_ws/install/drive_base_msgs/share/drive_base_msgs/cmake/drive_base_msgs__rosidl_typesupport_cExport.cmake
[18.760s] -- Installing: /home/microros/microros_ws/install/drive_base_msgs/share/drive_base_msgs/cmake/drive_base_msgs__rosidl_typesupport_cExport-noconfig.cmake
[18.760s] -- Installing: /home/microros/microros_ws/install/drive_base_msgs/share/drive_base_msgs/cmake/drive_base_msgs__rosidl_generator_cppExport.cmake
[18.761s] -- Installing: /home/microros/microros_ws/install/drive_base_msgs/share/drive_base_msgs/cmake/drive_base_msgs__rosidl_typesupport_introspection_cppExport.cmake
[18.762s] -- Installing: /home/microros/microros_ws/install/drive_base_msgs/share/drive_base_msgs/cmake/drive_base_msgs__rosidl_typesupport_introspection_cppExport-noconfig.cmake
[18.762s] -- Installing: /home/microros/microros_ws/install/drive_base_msgs/share/drive_base_msgs/cmake/drive_base_msgs__rosidl_typesupport_cppExport.cmake
[18.764s] -- Installing: /home/microros/microros_ws/install/drive_base_msgs/share/drive_base_msgs/cmake/drive_base_msgs__rosidl_typesupport_cppExport-noconfig.cmake
[18.764s] -- Installing: /home/microros/microros_ws/install/drive_base_msgs/share/drive_base_msgs/cmake/rosidl_cmake-extras.cmake
[18.765s] -- Installing: /home/microros/microros_ws/install/drive_base_msgs/share/drive_base_msgs/cmake/ament_cmake_export_dependencies-extras.cmake
[18.766s] -- Installing: /home/microros/microros_ws/install/drive_base_msgs/share/drive_base_msgs/cmake/ament_cmake_export_libraries-extras.cmake
[18.767s] -- Installing: /home/microros/microros_ws/install/drive_base_msgs/share/drive_base_msgs/cmake/ament_cmake_export_targets-extras.cmake
[18.767s] -- Installing: /home/microros/microros_ws/install/drive_base_msgs/share/drive_base_msgs/cmake/ament_cmake_export_include_directories-extras.cmake
[18.768s] -- Installing: /home/microros/microros_ws/install/drive_base_msgs/share/drive_base_msgs/cmake/rosidl_cmake_export_typesupport_libraries-extras.cmake
[18.769s] -- Installing: /home/microros/microros_ws/install/drive_base_msgs/share/drive_base_msgs/cmake/rosidl_cmake_export_typesupport_targets-extras.cmake
[18.769s] -- Installing: /home/microros/microros_ws/install/drive_base_msgs/share/drive_base_msgs/cmake/drive_base_msgsConfig.cmake
[18.769s] -- Installing: /home/microros/microros_ws/install/drive_base_msgs/share/drive_base_msgs/cmake/drive_base_msgsConfig-version.cmake
[18.770s] -- Installing: /home/microros/microros_ws/install/drive_base_msgs/share/drive_base_msgs/package.xml
[18.785s] Invoked command in '/home/microros/microros_ws/build/drive_base_msgs' returned '0': CMAKE_PREFIX_PATH=${CMAKE_PREFIX_PATH}:/opt/ros/foxy /usr/bin/cmake --install /home/microros/microros_ws/build/drive_base_msgs
