running egg_info
creating /home/microros/microros_ws/firmware/mcu_ws/build/tracetools_trace/tracetools_trace.egg-info
writing /home/microros/microros_ws/firmware/mcu_ws/build/tracetools_trace/tracetools_trace.egg-info/PKG-INFO
writing dependency_links to /home/microros/microros_ws/firmware/mcu_ws/build/tracetools_trace/tracetools_trace.egg-info/dependency_links.txt
writing entry points to /home/microros/microros_ws/firmware/mcu_ws/build/tracetools_trace/tracetools_trace.egg-info/entry_points.txt
writing requirements to /home/microros/microros_ws/firmware/mcu_ws/build/tracetools_trace/tracetools_trace.egg-info/requires.txt
writing top-level names to /home/microros/microros_ws/firmware/mcu_ws/build/tracetools_trace/tracetools_trace.egg-info/top_level.txt
writing manifest file '/home/microros/microros_ws/firmware/mcu_ws/build/tracetools_trace/tracetools_trace.egg-info/SOURCES.txt'
reading manifest file '/home/microros/microros_ws/firmware/mcu_ws/build/tracetools_trace/tracetools_trace.egg-info/SOURCES.txt'
writing manifest file '/home/microros/microros_ws/firmware/mcu_ws/build/tracetools_trace/tracetools_trace.egg-info/SOURCES.txt'
running build
running build_py
creating /home/microros/microros_ws/firmware/mcu_ws/build/tracetools_trace/build
creating /home/microros/microros_ws/firmware/mcu_ws/build/tracetools_trace/build/lib
creating /home/microros/microros_ws/firmware/mcu_ws/build/tracetools_trace/build/lib/tracetools_trace
copying tracetools_trace/trace.py -> /home/microros/microros_ws/firmware/mcu_ws/build/tracetools_trace/build/lib/tracetools_trace
copying tracetools_trace/__init__.py -> /home/microros/microros_ws/firmware/mcu_ws/build/tracetools_trace/build/lib/tracetools_trace
creating /home/microros/microros_ws/firmware/mcu_ws/build/tracetools_trace/build/lib/tracetools_trace/tools
copying tracetools_trace/tools/names.py -> /home/microros/microros_ws/firmware/mcu_ws/build/tracetools_trace/build/lib/tracetools_trace/tools
copying tracetools_trace/tools/lttng.py -> /home/microros/microros_ws/firmware/mcu_ws/build/tracetools_trace/build/lib/tracetools_trace/tools
copying tracetools_trace/tools/path.py -> /home/microros/microros_ws/firmware/mcu_ws/build/tracetools_trace/build/lib/tracetools_trace/tools
copying tracetools_trace/tools/__init__.py -> /home/microros/microros_ws/firmware/mcu_ws/build/tracetools_trace/build/lib/tracetools_trace/tools
copying tracetools_trace/tools/lttng_stub.py -> /home/microros/microros_ws/firmware/mcu_ws/build/tracetools_trace/build/lib/tracetools_trace/tools
copying tracetools_trace/tools/lttng_impl.py -> /home/microros/microros_ws/firmware/mcu_ws/build/tracetools_trace/build/lib/tracetools_trace/tools
copying tracetools_trace/tools/args.py -> /home/microros/microros_ws/firmware/mcu_ws/build/tracetools_trace/build/lib/tracetools_trace/tools
running install
running install_lib
creating /home/microros/microros_ws/firmware/mcu_ws/install/tracetools_trace/lib/python3.8/site-packages/tracetools_trace
copying /home/microros/microros_ws/firmware/mcu_ws/build/tracetools_trace/build/lib/tracetools_trace/trace.py -> /home/microros/microros_ws/firmware/mcu_ws/install/tracetools_trace/lib/python3.8/site-packages/tracetools_trace
copying /home/microros/microros_ws/firmware/mcu_ws/build/tracetools_trace/build/lib/tracetools_trace/__init__.py -> /home/microros/microros_ws/firmware/mcu_ws/install/tracetools_trace/lib/python3.8/site-packages/tracetools_trace
creating /home/microros/microros_ws/firmware/mcu_ws/install/tracetools_trace/lib/python3.8/site-packages/tracetools_trace/tools
copying /home/microros/microros_ws/firmware/mcu_ws/build/tracetools_trace/build/lib/tracetools_trace/tools/names.py -> /home/microros/microros_ws/firmware/mcu_ws/install/tracetools_trace/lib/python3.8/site-packages/tracetools_trace/tools
copying /home/microros/microros_ws/firmware/mcu_ws/build/tracetools_trace/build/lib/tracetools_trace/tools/lttng.py -> /home/microros/microros_ws/firmware/mcu_ws/install/tracetools_trace/lib/python3.8/site-packages/tracetools_trace/tools
copying /home/microros/microros_ws/firmware/mcu_ws/build/tracetools_trace/build/lib/tracetools_trace/tools/path.py -> /home/microros/microros_ws/firmware/mcu_ws/install/tracetools_trace/lib/python3.8/site-packages/tracetools_trace/tools
copying /home/microros/microros_ws/firmware/mcu_ws/build/tracetools_trace/build/lib/tracetools_trace/tools/__init__.py -> /home/microros/microros_ws/firmware/mcu_ws/install/tracetools_trace/lib/python3.8/site-packages/tracetools_trace/tools
copying /home/microros/microros_ws/firmware/mcu_ws/build/tracetools_trace/build/lib/tracetools_trace/tools/lttng_stub.py -> /home/microros/microros_ws/firmware/mcu_ws/install/tracetools_trace/lib/python3.8/site-packages/tracetools_trace/tools
copying /home/microros/microros_ws/firmware/mcu_ws/build/tracetools_trace/build/lib/tracetools_trace/tools/lttng_impl.py -> /home/microros/microros_ws/firmware/mcu_ws/install/tracetools_trace/lib/python3.8/site-packages/tracetools_trace/tools
copying /home/microros/microros_ws/firmware/mcu_ws/build/tracetools_trace/build/lib/tracetools_trace/tools/args.py -> /home/microros/microros_ws/firmware/mcu_ws/install/tracetools_trace/lib/python3.8/site-packages/tracetools_trace/tools
byte-compiling /home/microros/microros_ws/firmware/mcu_ws/install/tracetools_trace/lib/python3.8/site-packages/tracetools_trace/trace.py to trace.cpython-38.pyc
byte-compiling /home/microros/microros_ws/firmware/mcu_ws/install/tracetools_trace/lib/python3.8/site-packages/tracetools_trace/__init__.py to __init__.cpython-38.pyc
byte-compiling /home/microros/microros_ws/firmware/mcu_ws/install/tracetools_trace/lib/python3.8/site-packages/tracetools_trace/tools/names.py to names.cpython-38.pyc
byte-compiling /home/microros/microros_ws/firmware/mcu_ws/install/tracetools_trace/lib/python3.8/site-packages/tracetools_trace/tools/lttng.py to lttng.cpython-38.pyc
byte-compiling /home/microros/microros_ws/firmware/mcu_ws/install/tracetools_trace/lib/python3.8/site-packages/tracetools_trace/tools/path.py to path.cpython-38.pyc
byte-compiling /home/microros/microros_ws/firmware/mcu_ws/install/tracetools_trace/lib/python3.8/site-packages/tracetools_trace/tools/__init__.py to __init__.cpython-38.pyc
byte-compiling /home/microros/microros_ws/firmware/mcu_ws/install/tracetools_trace/lib/python3.8/site-packages/tracetools_trace/tools/lttng_stub.py to lttng_stub.cpython-38.pyc
byte-compiling /home/microros/microros_ws/firmware/mcu_ws/install/tracetools_trace/lib/python3.8/site-packages/tracetools_trace/tools/lttng_impl.py to lttng_impl.cpython-38.pyc
byte-compiling /home/microros/microros_ws/firmware/mcu_ws/install/tracetools_trace/lib/python3.8/site-packages/tracetools_trace/tools/args.py to args.cpython-38.pyc
running install_data
copying package.xml -> /home/microros/microros_ws/firmware/mcu_ws/install/tracetools_trace/share/tracetools_trace
creating /home/microros/microros_ws/firmware/mcu_ws/install/tracetools_trace/share/ament_index
creating /home/microros/microros_ws/firmware/mcu_ws/install/tracetools_trace/share/ament_index/resource_index
creating /home/microros/microros_ws/firmware/mcu_ws/install/tracetools_trace/share/ament_index/resource_index/packages
copying resource/tracetools_trace -> /home/microros/microros_ws/firmware/mcu_ws/install/tracetools_trace/share/ament_index/resource_index/packages
running install_egg_info
Copying /home/microros/microros_ws/firmware/mcu_ws/build/tracetools_trace/tracetools_trace.egg-info to /home/microros/microros_ws/firmware/mcu_ws/install/tracetools_trace/lib/python3.8/site-packages/tracetools_trace-1.0.2-py3.8.egg-info
running install_scripts
Installing trace script to /home/microros/microros_ws/firmware/mcu_ws/install/tracetools_trace/lib/tracetools_trace
writing list of installed files to '/home/microros/microros_ws/firmware/mcu_ws/build/tracetools_trace/install.log'
