[0.020s] Invoking command in '/home/microros/microros_ws/firmware/mcu_ws/build/rmw_implementation_cmake': CMAKE_PREFIX_PATH=${CMAKE_PREFIX_PATH}:/home/microros/microros_ws/firmware/dev_ws/install/ament_uncrustify:/home/microros/microros_ws/firmware/dev_ws/install/domain_coordinator:/home/microros/microros_ws/firmware/dev_ws/install/ament_xmllint:/home/microros/microros_ws/firmware/dev_ws/install/ament_pyflakes:/home/microros/microros_ws/firmware/dev_ws/install/ament_pycodestyle:/home/microros/microros_ws/firmware/dev_ws/install/ament_pep257:/home/microros/microros_ws/firmware/dev_ws/install/ament_pclint:/home/microros/microros_ws/firmware/dev_ws/install/ament_package:/home/microros/microros_ws/firmware/dev_ws/install/ament_mypy:/home/microros/microros_ws/firmware/dev_ws/install/ament_lint_cmake:/home/microros/microros_ws/firmware/dev_ws/install/ament_flake8:/home/microros/microros_ws/firmware/dev_ws/install/ament_copyright:/home/microros/microros_ws/firmware/dev_ws/install/ament_lint:/home/microros/microros_ws/firmware/dev_ws/install/ament_index_python:/home/microros/microros_ws/firmware/dev_ws/install/ament_cpplint:/home/microros/microros_ws/firmware/dev_ws/install/ament_cppcheck:/home/microros/microros_ws/firmware/dev_ws/install/ament_clang_tidy:/home/microros/microros_ws/firmware/dev_ws/install/ament_clang_format /usr/bin/cmake --build /home/microros/microros_ws/firmware/mcu_ws/build/rmw_implementation_cmake -- -j4 -l4
[0.044s] make[3]: Entering directory '/home/microros/microros_ws/firmware/mcu_ws/build/rmw_implementation_cmake'
[0.044s] /usr/bin/cmake -S/home/microros/microros_ws/firmware/mcu_ws/ros2/rmw/rmw_implementation_cmake -B/home/microros/microros_ws/firmware/mcu_ws/build/rmw_implementation_cmake --check-build-system CMakeFiles/Makefile.cmake 0
[0.057s] /usr/bin/cmake -E cmake_progress_start /home/microros/microros_ws/firmware/mcu_ws/build/rmw_implementation_cmake/CMakeFiles /home/microros/microros_ws/firmware/mcu_ws/build/rmw_implementation_cmake/CMakeFiles/progress.marks
[0.067s] /usr/bin/make -f CMakeFiles/Makefile2 all
[0.069s] make[4]: Entering directory '/home/microros/microros_ws/firmware/mcu_ws/build/rmw_implementation_cmake'
[0.069s] make[4]: Nothing to be done for 'all'.
[0.069s] make[4]: Leaving directory '/home/microros/microros_ws/firmware/mcu_ws/build/rmw_implementation_cmake'
[0.069s] /usr/bin/cmake -E cmake_progress_start /home/microros/microros_ws/firmware/mcu_ws/build/rmw_implementation_cmake/CMakeFiles 0
[0.078s] make[3]: Leaving directory '/home/microros/microros_ws/firmware/mcu_ws/build/rmw_implementation_cmake'
[0.082s] Invoked command in '/home/microros/microros_ws/firmware/mcu_ws/build/rmw_implementation_cmake' returned '0': CMAKE_PREFIX_PATH=${CMAKE_PREFIX_PATH}:/home/microros/microros_ws/firmware/dev_ws/install/ament_uncrustify:/home/microros/microros_ws/firmware/dev_ws/install/domain_coordinator:/home/microros/microros_ws/firmware/dev_ws/install/ament_xmllint:/home/microros/microros_ws/firmware/dev_ws/install/ament_pyflakes:/home/microros/microros_ws/firmware/dev_ws/install/ament_pycodestyle:/home/microros/microros_ws/firmware/dev_ws/install/ament_pep257:/home/microros/microros_ws/firmware/dev_ws/install/ament_pclint:/home/microros/microros_ws/firmware/dev_ws/install/ament_package:/home/microros/microros_ws/firmware/dev_ws/install/ament_mypy:/home/microros/microros_ws/firmware/dev_ws/install/ament_lint_cmake:/home/microros/microros_ws/firmware/dev_ws/install/ament_flake8:/home/microros/microros_ws/firmware/dev_ws/install/ament_copyright:/home/microros/microros_ws/firmware/dev_ws/install/ament_lint:/home/microros/microros_ws/firmware/dev_ws/install/ament_index_python:/home/microros/microros_ws/firmware/dev_ws/install/ament_cpplint:/home/microros/microros_ws/firmware/dev_ws/install/ament_cppcheck:/home/microros/microros_ws/firmware/dev_ws/install/ament_clang_tidy:/home/microros/microros_ws/firmware/dev_ws/install/ament_clang_format /usr/bin/cmake --build /home/microros/microros_ws/firmware/mcu_ws/build/rmw_implementation_cmake -- -j4 -l4
[0.129s] Invoking command in '/home/microros/microros_ws/firmware/mcu_ws/build/rmw_implementation_cmake': CMAKE_PREFIX_PATH=${CMAKE_PREFIX_PATH}:/home/microros/microros_ws/firmware/dev_ws/install/ament_uncrustify:/home/microros/microros_ws/firmware/dev_ws/install/domain_coordinator:/home/microros/microros_ws/firmware/dev_ws/install/ament_xmllint:/home/microros/microros_ws/firmware/dev_ws/install/ament_pyflakes:/home/microros/microros_ws/firmware/dev_ws/install/ament_pycodestyle:/home/microros/microros_ws/firmware/dev_ws/install/ament_pep257:/home/microros/microros_ws/firmware/dev_ws/install/ament_pclint:/home/microros/microros_ws/firmware/dev_ws/install/ament_package:/home/microros/microros_ws/firmware/dev_ws/install/ament_mypy:/home/microros/microros_ws/firmware/dev_ws/install/ament_lint_cmake:/home/microros/microros_ws/firmware/dev_ws/install/ament_flake8:/home/microros/microros_ws/firmware/dev_ws/install/ament_copyright:/home/microros/microros_ws/firmware/dev_ws/install/ament_lint:/home/microros/microros_ws/firmware/dev_ws/install/ament_index_python:/home/microros/microros_ws/firmware/dev_ws/install/ament_cpplint:/home/microros/microros_ws/firmware/dev_ws/install/ament_cppcheck:/home/microros/microros_ws/firmware/dev_ws/install/ament_clang_tidy:/home/microros/microros_ws/firmware/dev_ws/install/ament_clang_format /usr/bin/cmake --install /home/microros/microros_ws/firmware/mcu_ws/build/rmw_implementation_cmake
[0.142s] -- Install configuration: "RelWithDebInfo"
[0.142s] -- Up-to-date: /home/microros/microros_ws/firmware/mcu_ws/install/rmw_implementation_cmake/share/ament_index/resource_index/package_run_dependencies/rmw_implementation_cmake
[0.142s] -- Up-to-date: /home/microros/microros_ws/firmware/mcu_ws/install/rmw_implementation_cmake/share/ament_index/resource_index/parent_prefix_path/rmw_implementation_cmake
[0.142s] -- Up-to-date: /home/microros/microros_ws/firmware/mcu_ws/install/rmw_implementation_cmake/share/rmw_implementation_cmake/environment/ament_prefix_path.sh
[0.143s] -- Up-to-date: /home/microros/microros_ws/firmware/mcu_ws/install/rmw_implementation_cmake/share/rmw_implementation_cmake/environment/ament_prefix_path.dsv
[0.143s] -- Up-to-date: /home/microros/microros_ws/firmware/mcu_ws/install/rmw_implementation_cmake/share/rmw_implementation_cmake/environment/path.sh
[0.143s] -- Up-to-date: /home/microros/microros_ws/firmware/mcu_ws/install/rmw_implementation_cmake/share/rmw_implementation_cmake/environment/path.dsv
[0.143s] -- Up-to-date: /home/microros/microros_ws/firmware/mcu_ws/install/rmw_implementation_cmake/share/rmw_implementation_cmake/local_setup.bash
[0.143s] -- Up-to-date: /home/microros/microros_ws/firmware/mcu_ws/install/rmw_implementation_cmake/share/rmw_implementation_cmake/local_setup.sh
[0.143s] -- Up-to-date: /home/microros/microros_ws/firmware/mcu_ws/install/rmw_implementation_cmake/share/rmw_implementation_cmake/local_setup.zsh
[0.144s] -- Up-to-date: /home/microros/microros_ws/firmware/mcu_ws/install/rmw_implementation_cmake/share/rmw_implementation_cmake/local_setup.dsv
[0.144s] -- Installing: /home/microros/microros_ws/firmware/mcu_ws/install/rmw_implementation_cmake/share/rmw_implementation_cmake/package.dsv
[0.144s] -- Up-to-date: /home/microros/microros_ws/firmware/mcu_ws/install/rmw_implementation_cmake/share/ament_index/resource_index/packages/rmw_implementation_cmake
[0.144s] -- Up-to-date: /home/microros/microros_ws/firmware/mcu_ws/install/rmw_implementation_cmake/share/rmw_implementation_cmake/cmake/rmw_implementation_cmake-extras.cmake
[0.144s] -- Up-to-date: /home/microros/microros_ws/firmware/mcu_ws/install/rmw_implementation_cmake/share/rmw_implementation_cmake/cmake/ament_cmake_export_dependencies-extras.cmake
[0.144s] -- Up-to-date: /home/microros/microros_ws/firmware/mcu_ws/install/rmw_implementation_cmake/share/rmw_implementation_cmake/cmake/rmw_implementation_cmakeConfig.cmake
[0.144s] -- Up-to-date: /home/microros/microros_ws/firmware/mcu_ws/install/rmw_implementation_cmake/share/rmw_implementation_cmake/cmake/rmw_implementation_cmakeConfig-version.cmake
[0.145s] -- Up-to-date: /home/microros/microros_ws/firmware/mcu_ws/install/rmw_implementation_cmake/share/rmw_implementation_cmake/package.xml
[0.145s] -- Up-to-date: /home/microros/microros_ws/firmware/mcu_ws/install/rmw_implementation_cmake/share/rmw_implementation_cmake/cmake
[0.145s] -- Up-to-date: /home/microros/microros_ws/firmware/mcu_ws/install/rmw_implementation_cmake/share/rmw_implementation_cmake/cmake/get_default_rmw_implementation.cmake
[0.145s] -- Up-to-date: /home/microros/microros_ws/firmware/mcu_ws/install/rmw_implementation_cmake/share/rmw_implementation_cmake/cmake/call_for_each_rmw_implementation.cmake
[0.145s] -- Up-to-date: /home/microros/microros_ws/firmware/mcu_ws/install/rmw_implementation_cmake/share/rmw_implementation_cmake/cmake/get_available_rmw_implementations.cmake
[0.151s] Invoked command in '/home/microros/microros_ws/firmware/mcu_ws/build/rmw_implementation_cmake' returned '0': CMAKE_PREFIX_PATH=${CMAKE_PREFIX_PATH}:/home/microros/microros_ws/firmware/dev_ws/install/ament_uncrustify:/home/microros/microros_ws/firmware/dev_ws/install/domain_coordinator:/home/microros/microros_ws/firmware/dev_ws/install/ament_xmllint:/home/microros/microros_ws/firmware/dev_ws/install/ament_pyflakes:/home/microros/microros_ws/firmware/dev_ws/install/ament_pycodestyle:/home/microros/microros_ws/firmware/dev_ws/install/ament_pep257:/home/microros/microros_ws/firmware/dev_ws/install/ament_pclint:/home/microros/microros_ws/firmware/dev_ws/install/ament_package:/home/microros/microros_ws/firmware/dev_ws/install/ament_mypy:/home/microros/microros_ws/firmware/dev_ws/install/ament_lint_cmake:/home/microros/microros_ws/firmware/dev_ws/install/ament_flake8:/home/microros/microros_ws/firmware/dev_ws/install/ament_copyright:/home/microros/microros_ws/firmware/dev_ws/install/ament_lint:/home/microros/microros_ws/firmware/dev_ws/install/ament_index_python:/home/microros/microros_ws/firmware/dev_ws/install/ament_cpplint:/home/microros/microros_ws/firmware/dev_ws/install/ament_cppcheck:/home/microros/microros_ws/firmware/dev_ws/install/ament_clang_tidy:/home/microros/microros_ws/firmware/dev_ws/install/ament_clang_format /usr/bin/cmake --install /home/microros/microros_ws/firmware/mcu_ws/build/rmw_implementation_cmake
