make[3]: Entering directory '/home/microros/microros_ws/firmware/mcu_ws/build/rclc_lifecycle'
/usr/bin/cmake -S/home/microros/microros_ws/firmware/mcu_ws/uros/rclc/rclc_lifecycle -B/home/microros/microros_ws/firmware/mcu_ws/build/rclc_lifecycle --check-build-system CMakeFiles/Makefile.cmake 0
/usr/bin/cmake -E cmake_progress_start /home/microros/microros_ws/firmware/mcu_ws/build/rclc_lifecycle/CMakeFiles /home/microros/microros_ws/firmware/mcu_ws/build/rclc_lifecycle/CMakeFiles/progress.marks
/usr/bin/make -f CMakeFiles/Makefile2 all
make[4]: Entering directory '/home/microros/microros_ws/firmware/mcu_ws/build/rclc_lifecycle'
/usr/bin/make -f CMakeFiles/rclc_lifecycle.dir/build.make CMakeFiles/rclc_lifecycle.dir/depend
make[5]: Entering directory '/home/microros/microros_ws/firmware/mcu_ws/build/rclc_lifecycle'
cd /home/microros/microros_ws/firmware/mcu_ws/build/rclc_lifecycle && /usr/bin/cmake -E cmake_depends "Unix Makefiles" /home/microros/microros_ws/firmware/mcu_ws/uros/rclc/rclc_lifecycle /home/microros/microros_ws/firmware/mcu_ws/uros/rclc/rclc_lifecycle /home/microros/microros_ws/firmware/mcu_ws/build/rclc_lifecycle /home/microros/microros_ws/firmware/mcu_ws/build/rclc_lifecycle /home/microros/microros_ws/firmware/mcu_ws/build/rclc_lifecycle/CMakeFiles/rclc_lifecycle.dir/DependInfo.cmake --color=
make[5]: Leaving directory '/home/microros/microros_ws/firmware/mcu_ws/build/rclc_lifecycle'
/usr/bin/make -f CMakeFiles/rclc_lifecycle.dir/build.make CMakeFiles/rclc_lifecycle.dir/build
make[5]: Entering directory '/home/microros/microros_ws/firmware/mcu_ws/build/rclc_lifecycle'
make[5]: Nothing to be done for 'CMakeFiles/rclc_lifecycle.dir/build'.
make[5]: Leaving directory '/home/microros/microros_ws/firmware/mcu_ws/build/rclc_lifecycle'
[100%] Built target rclc_lifecycle
make[4]: Leaving directory '/home/microros/microros_ws/firmware/mcu_ws/build/rclc_lifecycle'
/usr/bin/cmake -E cmake_progress_start /home/microros/microros_ws/firmware/mcu_ws/build/rclc_lifecycle/CMakeFiles 0
make[3]: Leaving directory '/home/microros/microros_ws/firmware/mcu_ws/build/rclc_lifecycle'
-- Install configuration: "RelWithDebInfo"
-- Up-to-date: /home/microros/microros_ws/firmware/mcu_ws/install/rclc_lifecycle/include
-- Up-to-date: /home/microros/microros_ws/firmware/mcu_ws/install/rclc_lifecycle/include/rclc_lifecycle
-- Up-to-date: /home/microros/microros_ws/firmware/mcu_ws/install/rclc_lifecycle/include/rclc_lifecycle/rclc_lifecycle.h
-- Up-to-date: /home/microros/microros_ws/firmware/mcu_ws/install/rclc_lifecycle/lib/librclc_lifecycle.a
-- Up-to-date: /home/microros/microros_ws/firmware/mcu_ws/install/rclc_lifecycle/share/rclc_lifecycle/environment/library_path.sh
-- Up-to-date: /home/microros/microros_ws/firmware/mcu_ws/install/rclc_lifecycle/share/rclc_lifecycle/environment/library_path.dsv
-- Up-to-date: /home/microros/microros_ws/firmware/mcu_ws/install/rclc_lifecycle/share/ament_index/resource_index/package_run_dependencies/rclc_lifecycle
-- Up-to-date: /home/microros/microros_ws/firmware/mcu_ws/install/rclc_lifecycle/share/ament_index/resource_index/parent_prefix_path/rclc_lifecycle
-- Up-to-date: /home/microros/microros_ws/firmware/mcu_ws/install/rclc_lifecycle/share/rclc_lifecycle/environment/ament_prefix_path.sh
-- Up-to-date: /home/microros/microros_ws/firmware/mcu_ws/install/rclc_lifecycle/share/rclc_lifecycle/environment/ament_prefix_path.dsv
-- Up-to-date: /home/microros/microros_ws/firmware/mcu_ws/install/rclc_lifecycle/share/rclc_lifecycle/environment/path.sh
-- Up-to-date: /home/microros/microros_ws/firmware/mcu_ws/install/rclc_lifecycle/share/rclc_lifecycle/environment/path.dsv
-- Up-to-date: /home/microros/microros_ws/firmware/mcu_ws/install/rclc_lifecycle/share/rclc_lifecycle/local_setup.bash
-- Up-to-date: /home/microros/microros_ws/firmware/mcu_ws/install/rclc_lifecycle/share/rclc_lifecycle/local_setup.sh
-- Up-to-date: /home/microros/microros_ws/firmware/mcu_ws/install/rclc_lifecycle/share/rclc_lifecycle/local_setup.zsh
-- Up-to-date: /home/microros/microros_ws/firmware/mcu_ws/install/rclc_lifecycle/share/rclc_lifecycle/local_setup.dsv
-- Installing: /home/microros/microros_ws/firmware/mcu_ws/install/rclc_lifecycle/share/rclc_lifecycle/package.dsv
-- Up-to-date: /home/microros/microros_ws/firmware/mcu_ws/install/rclc_lifecycle/share/ament_index/resource_index/packages/rclc_lifecycle
-- Up-to-date: /home/microros/microros_ws/firmware/mcu_ws/install/rclc_lifecycle/share/rclc_lifecycle/cmake/ament_cmake_export_include_directories-extras.cmake
-- Up-to-date: /home/microros/microros_ws/firmware/mcu_ws/install/rclc_lifecycle/share/rclc_lifecycle/cmake/ament_cmake_export_libraries-extras.cmake
-- Up-to-date: /home/microros/microros_ws/firmware/mcu_ws/install/rclc_lifecycle/share/rclc_lifecycle/cmake/ament_cmake_export_dependencies-extras.cmake
-- Up-to-date: /home/microros/microros_ws/firmware/mcu_ws/install/rclc_lifecycle/share/rclc_lifecycle/cmake/rclc_lifecycleConfig.cmake
-- Up-to-date: /home/microros/microros_ws/firmware/mcu_ws/install/rclc_lifecycle/share/rclc_lifecycle/cmake/rclc_lifecycleConfig-version.cmake
-- Up-to-date: /home/microros/microros_ws/firmware/mcu_ws/install/rclc_lifecycle/share/rclc_lifecycle/package.xml
