make[3]: Entering directory '/home/microros/microros_ws/firmware/mcu_ws/build/builtin_interfaces'
/usr/bin/cmake -S/home/microros/microros_ws/firmware/mcu_ws/ros2/rcl_interfaces/builtin_interfaces -B/home/microros/microros_ws/firmware/mcu_ws/build/builtin_interfaces --check-build-system CMakeFiles/Makefile.cmake 0
/usr/bin/cmake -E cmake_progress_start /home/microros/microros_ws/firmware/mcu_ws/build/builtin_interfaces/CMakeFiles /home/microros/microros_ws/firmware/mcu_ws/build/builtin_interfaces/CMakeFiles/progress.marks
/usr/bin/make -f CMakeFiles/Makefile2 all
make[4]: Entering directory '/home/microros/microros_ws/firmware/mcu_ws/build/builtin_interfaces'
/usr/bin/make -f CMakeFiles/builtin_interfaces__rosidl_generator_c.dir/build.make CMakeFiles/builtin_interfaces__rosidl_generator_c.dir/depend
make[5]: Entering directory '/home/microros/microros_ws/firmware/mcu_ws/build/builtin_interfaces'
cd /home/microros/microros_ws/firmware/mcu_ws/build/builtin_interfaces && /usr/bin/cmake -E cmake_depends "Unix Makefiles" /home/microros/microros_ws/firmware/mcu_ws/ros2/rcl_interfaces/builtin_interfaces /home/microros/microros_ws/firmware/mcu_ws/ros2/rcl_interfaces/builtin_interfaces /home/microros/microros_ws/firmware/mcu_ws/build/builtin_interfaces /home/microros/microros_ws/firmware/mcu_ws/build/builtin_interfaces /home/microros/microros_ws/firmware/mcu_ws/build/builtin_interfaces/CMakeFiles/builtin_interfaces__rosidl_generator_c.dir/DependInfo.cmake --color=
make[5]: Leaving directory '/home/microros/microros_ws/firmware/mcu_ws/build/builtin_interfaces'
/usr/bin/make -f CMakeFiles/builtin_interfaces__rosidl_generator_c.dir/build.make CMakeFiles/builtin_interfaces__rosidl_generator_c.dir/build
make[5]: Entering directory '/home/microros/microros_ws/firmware/mcu_ws/build/builtin_interfaces'
make[5]: Nothing to be done for 'CMakeFiles/builtin_interfaces__rosidl_generator_c.dir/build'.
make[5]: Leaving directory '/home/microros/microros_ws/firmware/mcu_ws/build/builtin_interfaces'
[ 33%] Built target builtin_interfaces__rosidl_generator_c
/usr/bin/make -f CMakeFiles/builtin_interfaces__rosidl_typesupport_microxrcedds_c.dir/build.make CMakeFiles/builtin_interfaces__rosidl_typesupport_microxrcedds_c.dir/depend
make[5]: Entering directory '/home/microros/microros_ws/firmware/mcu_ws/build/builtin_interfaces'
cd /home/microros/microros_ws/firmware/mcu_ws/build/builtin_interfaces && /usr/bin/cmake -E cmake_depends "Unix Makefiles" /home/microros/microros_ws/firmware/mcu_ws/ros2/rcl_interfaces/builtin_interfaces /home/microros/microros_ws/firmware/mcu_ws/ros2/rcl_interfaces/builtin_interfaces /home/microros/microros_ws/firmware/mcu_ws/build/builtin_interfaces /home/microros/microros_ws/firmware/mcu_ws/build/builtin_interfaces /home/microros/microros_ws/firmware/mcu_ws/build/builtin_interfaces/CMakeFiles/builtin_interfaces__rosidl_typesupport_microxrcedds_c.dir/DependInfo.cmake --color=
make[5]: Leaving directory '/home/microros/microros_ws/firmware/mcu_ws/build/builtin_interfaces'
/usr/bin/make -f CMakeFiles/builtin_interfaces__rosidl_typesupport_microxrcedds_c.dir/build.make CMakeFiles/builtin_interfaces__rosidl_typesupport_microxrcedds_c.dir/build
make[5]: Entering directory '/home/microros/microros_ws/firmware/mcu_ws/build/builtin_interfaces'
make[5]: Nothing to be done for 'CMakeFiles/builtin_interfaces__rosidl_typesupport_microxrcedds_c.dir/build'.
make[5]: Leaving directory '/home/microros/microros_ws/firmware/mcu_ws/build/builtin_interfaces'
[ 66%] Built target builtin_interfaces__rosidl_typesupport_microxrcedds_c
/usr/bin/make -f CMakeFiles/builtin_interfaces__rosidl_typesupport_c.dir/build.make CMakeFiles/builtin_interfaces__rosidl_typesupport_c.dir/depend
make[5]: Entering directory '/home/microros/microros_ws/firmware/mcu_ws/build/builtin_interfaces'
cd /home/microros/microros_ws/firmware/mcu_ws/build/builtin_interfaces && /usr/bin/cmake -E cmake_depends "Unix Makefiles" /home/microros/microros_ws/firmware/mcu_ws/ros2/rcl_interfaces/builtin_interfaces /home/microros/microros_ws/firmware/mcu_ws/ros2/rcl_interfaces/builtin_interfaces /home/microros/microros_ws/firmware/mcu_ws/build/builtin_interfaces /home/microros/microros_ws/firmware/mcu_ws/build/builtin_interfaces /home/microros/microros_ws/firmware/mcu_ws/build/builtin_interfaces/CMakeFiles/builtin_interfaces__rosidl_typesupport_c.dir/DependInfo.cmake --color=
make[5]: Leaving directory '/home/microros/microros_ws/firmware/mcu_ws/build/builtin_interfaces'
/usr/bin/make -f CMakeFiles/builtin_interfaces__rosidl_typesupport_c.dir/build.make CMakeFiles/builtin_interfaces__rosidl_typesupport_c.dir/build
make[5]: Entering directory '/home/microros/microros_ws/firmware/mcu_ws/build/builtin_interfaces'
make[5]: Nothing to be done for 'CMakeFiles/builtin_interfaces__rosidl_typesupport_c.dir/build'.
make[5]: Leaving directory '/home/microros/microros_ws/firmware/mcu_ws/build/builtin_interfaces'
[100%] Built target builtin_interfaces__rosidl_typesupport_c
/usr/bin/make -f CMakeFiles/builtin_interfaces.dir/build.make CMakeFiles/builtin_interfaces.dir/depend
make[5]: Entering directory '/home/microros/microros_ws/firmware/mcu_ws/build/builtin_interfaces'
cd /home/microros/microros_ws/firmware/mcu_ws/build/builtin_interfaces && /usr/bin/cmake -E cmake_depends "Unix Makefiles" /home/microros/microros_ws/firmware/mcu_ws/ros2/rcl_interfaces/builtin_interfaces /home/microros/microros_ws/firmware/mcu_ws/ros2/rcl_interfaces/builtin_interfaces /home/microros/microros_ws/firmware/mcu_ws/build/builtin_interfaces /home/microros/microros_ws/firmware/mcu_ws/build/builtin_interfaces /home/microros/microros_ws/firmware/mcu_ws/build/builtin_interfaces/CMakeFiles/builtin_interfaces.dir/DependInfo.cmake --color=
make[5]: Leaving directory '/home/microros/microros_ws/firmware/mcu_ws/build/builtin_interfaces'
/usr/bin/make -f CMakeFiles/builtin_interfaces.dir/build.make CMakeFiles/builtin_interfaces.dir/build
make[5]: Entering directory '/home/microros/microros_ws/firmware/mcu_ws/build/builtin_interfaces'
make[5]: Nothing to be done for 'CMakeFiles/builtin_interfaces.dir/build'.
make[5]: Leaving directory '/home/microros/microros_ws/firmware/mcu_ws/build/builtin_interfaces'
[100%] Built target builtin_interfaces
make[4]: Leaving directory '/home/microros/microros_ws/firmware/mcu_ws/build/builtin_interfaces'
/usr/bin/cmake -E cmake_progress_start /home/microros/microros_ws/firmware/mcu_ws/build/builtin_interfaces/CMakeFiles 0
make[3]: Leaving directory '/home/microros/microros_ws/firmware/mcu_ws/build/builtin_interfaces'
-- Install configuration: "RelWithDebInfo"
-- Up-to-date: /home/microros/microros_ws/firmware/mcu_ws/install/builtin_interfaces/share/ament_index/resource_index/rosidl_interfaces/builtin_interfaces
-- Up-to-date: /home/microros/microros_ws/firmware/mcu_ws/install/builtin_interfaces/include/builtin_interfaces
-- Up-to-date: /home/microros/microros_ws/firmware/mcu_ws/install/builtin_interfaces/include/builtin_interfaces/msg
-- Up-to-date: /home/microros/microros_ws/firmware/mcu_ws/install/builtin_interfaces/include/builtin_interfaces/msg/detail
-- Up-to-date: /home/microros/microros_ws/firmware/mcu_ws/install/builtin_interfaces/include/builtin_interfaces/msg/detail/time__type_support.h
-- Up-to-date: /home/microros/microros_ws/firmware/mcu_ws/install/builtin_interfaces/include/builtin_interfaces/msg/detail/duration__struct.h
-- Up-to-date: /home/microros/microros_ws/firmware/mcu_ws/install/builtin_interfaces/include/builtin_interfaces/msg/detail/duration__functions.c
-- Up-to-date: /home/microros/microros_ws/firmware/mcu_ws/install/builtin_interfaces/include/builtin_interfaces/msg/detail/time__struct.h
-- Up-to-date: /home/microros/microros_ws/firmware/mcu_ws/install/builtin_interfaces/include/builtin_interfaces/msg/detail/time__functions.c
-- Up-to-date: /home/microros/microros_ws/firmware/mcu_ws/install/builtin_interfaces/include/builtin_interfaces/msg/detail/time__functions.h
-- Up-to-date: /home/microros/microros_ws/firmware/mcu_ws/install/builtin_interfaces/include/builtin_interfaces/msg/detail/duration__type_support.h
-- Up-to-date: /home/microros/microros_ws/firmware/mcu_ws/install/builtin_interfaces/include/builtin_interfaces/msg/detail/duration__functions.h
-- Up-to-date: /home/microros/microros_ws/firmware/mcu_ws/install/builtin_interfaces/include/builtin_interfaces/msg/time.h
-- Up-to-date: /home/microros/microros_ws/firmware/mcu_ws/install/builtin_interfaces/include/builtin_interfaces/msg/rosidl_generator_c__visibility_control.h
-- Up-to-date: /home/microros/microros_ws/firmware/mcu_ws/install/builtin_interfaces/include/builtin_interfaces/msg/duration.h
-- Up-to-date: /home/microros/microros_ws/firmware/mcu_ws/install/builtin_interfaces/share/builtin_interfaces/environment/library_path.sh
-- Up-to-date: /home/microros/microros_ws/firmware/mcu_ws/install/builtin_interfaces/share/builtin_interfaces/environment/library_path.dsv
-- Up-to-date: /home/microros/microros_ws/firmware/mcu_ws/install/builtin_interfaces/lib/libbuiltin_interfaces__rosidl_generator_c.a
-- Up-to-date: /home/microros/microros_ws/firmware/mcu_ws/install/builtin_interfaces/include/builtin_interfaces
-- Up-to-date: /home/microros/microros_ws/firmware/mcu_ws/install/builtin_interfaces/include/builtin_interfaces/msg
-- Up-to-date: /home/microros/microros_ws/firmware/mcu_ws/install/builtin_interfaces/include/builtin_interfaces/msg/detail
-- Up-to-date: /home/microros/microros_ws/firmware/mcu_ws/install/builtin_interfaces/include/builtin_interfaces/msg/detail/time__rosidl_typesupport_microxrcedds_c.h
-- Up-to-date: /home/microros/microros_ws/firmware/mcu_ws/install/builtin_interfaces/include/builtin_interfaces/msg/detail/microxrcedds
-- Up-to-date: /home/microros/microros_ws/firmware/mcu_ws/install/builtin_interfaces/include/builtin_interfaces/msg/detail/duration__rosidl_typesupport_microxrcedds_c.h
-- Up-to-date: /home/microros/microros_ws/firmware/mcu_ws/install/builtin_interfaces/include/builtin_interfaces/msg/rosidl_typesupport_microxrcedds_c__visibility_control.h
-- Up-to-date: /home/microros/microros_ws/firmware/mcu_ws/install/builtin_interfaces/lib/libbuiltin_interfaces__rosidl_typesupport_microxrcedds_c.a
-- Up-to-date: /home/microros/microros_ws/firmware/mcu_ws/install/builtin_interfaces/lib/libbuiltin_interfaces__rosidl_typesupport_c.a
-- Up-to-date: /home/microros/microros_ws/firmware/mcu_ws/install/builtin_interfaces/lib/libbuiltin_interfaces__rosidl_typesupport_microxrcedds_c.a
-- Up-to-date: /home/microros/microros_ws/firmware/mcu_ws/install/builtin_interfaces/share/builtin_interfaces/msg/Duration.idl
-- Up-to-date: /home/microros/microros_ws/firmware/mcu_ws/install/builtin_interfaces/share/builtin_interfaces/msg/Time.idl
-- Up-to-date: /home/microros/microros_ws/firmware/mcu_ws/install/builtin_interfaces/share/builtin_interfaces/msg/Duration.msg
-- Up-to-date: /home/microros/microros_ws/firmware/mcu_ws/install/builtin_interfaces/share/builtin_interfaces/msg/Time.msg
-- Up-to-date: /home/microros/microros_ws/firmware/mcu_ws/install/builtin_interfaces/share/ament_index/resource_index/package_run_dependencies/builtin_interfaces
-- Up-to-date: /home/microros/microros_ws/firmware/mcu_ws/install/builtin_interfaces/share/ament_index/resource_index/parent_prefix_path/builtin_interfaces
-- Up-to-date: /home/microros/microros_ws/firmware/mcu_ws/install/builtin_interfaces/share/builtin_interfaces/environment/ament_prefix_path.sh
-- Up-to-date: /home/microros/microros_ws/firmware/mcu_ws/install/builtin_interfaces/share/builtin_interfaces/environment/ament_prefix_path.dsv
-- Up-to-date: /home/microros/microros_ws/firmware/mcu_ws/install/builtin_interfaces/share/builtin_interfaces/environment/path.sh
-- Up-to-date: /home/microros/microros_ws/firmware/mcu_ws/install/builtin_interfaces/share/builtin_interfaces/environment/path.dsv
-- Up-to-date: /home/microros/microros_ws/firmware/mcu_ws/install/builtin_interfaces/share/builtin_interfaces/local_setup.bash
-- Up-to-date: /home/microros/microros_ws/firmware/mcu_ws/install/builtin_interfaces/share/builtin_interfaces/local_setup.sh
-- Up-to-date: /home/microros/microros_ws/firmware/mcu_ws/install/builtin_interfaces/share/builtin_interfaces/local_setup.zsh
-- Up-to-date: /home/microros/microros_ws/firmware/mcu_ws/install/builtin_interfaces/share/builtin_interfaces/local_setup.dsv
-- Installing: /home/microros/microros_ws/firmware/mcu_ws/install/builtin_interfaces/share/builtin_interfaces/package.dsv
-- Up-to-date: /home/microros/microros_ws/firmware/mcu_ws/install/builtin_interfaces/share/ament_index/resource_index/packages/builtin_interfaces
-- Up-to-date: /home/microros/microros_ws/firmware/mcu_ws/install/builtin_interfaces/share/builtin_interfaces/cmake/builtin_interfaces__rosidl_generator_cExport.cmake
-- Up-to-date: /home/microros/microros_ws/firmware/mcu_ws/install/builtin_interfaces/share/builtin_interfaces/cmake/builtin_interfaces__rosidl_generator_cExport-relwithdebinfo.cmake
-- Up-to-date: /home/microros/microros_ws/firmware/mcu_ws/install/builtin_interfaces/share/builtin_interfaces/cmake/builtin_interfaces__rosidl_typesupport_cExport.cmake
-- Up-to-date: /home/microros/microros_ws/firmware/mcu_ws/install/builtin_interfaces/share/builtin_interfaces/cmake/builtin_interfaces__rosidl_typesupport_cExport-relwithdebinfo.cmake
-- Up-to-date: /home/microros/microros_ws/firmware/mcu_ws/install/builtin_interfaces/share/builtin_interfaces/cmake/rosidl_cmake-extras.cmake
-- Up-to-date: /home/microros/microros_ws/firmware/mcu_ws/install/builtin_interfaces/share/builtin_interfaces/cmake/ament_cmake_export_dependencies-extras.cmake
-- Up-to-date: /home/microros/microros_ws/firmware/mcu_ws/install/builtin_interfaces/share/builtin_interfaces/cmake/ament_cmake_export_libraries-extras.cmake
-- Up-to-date: /home/microros/microros_ws/firmware/mcu_ws/install/builtin_interfaces/share/builtin_interfaces/cmake/ament_cmake_export_targets-extras.cmake
-- Up-to-date: /home/microros/microros_ws/firmware/mcu_ws/install/builtin_interfaces/share/builtin_interfaces/cmake/ament_cmake_export_include_directories-extras.cmake
-- Up-to-date: /home/microros/microros_ws/firmware/mcu_ws/install/builtin_interfaces/share/builtin_interfaces/cmake/rosidl_cmake_export_typesupport_libraries-extras.cmake
-- Up-to-date: /home/microros/microros_ws/firmware/mcu_ws/install/builtin_interfaces/share/builtin_interfaces/cmake/builtin_interfacesConfig.cmake
-- Up-to-date: /home/microros/microros_ws/firmware/mcu_ws/install/builtin_interfaces/share/builtin_interfaces/cmake/builtin_interfacesConfig-version.cmake
-- Up-to-date: /home/microros/microros_ws/firmware/mcu_ws/install/builtin_interfaces/share/builtin_interfaces/package.xml
