make[3]: Entering directory '/home/microros/microros_ws/firmware/mcu_ws/build/rmw_microxrcedds'
/usr/bin/cmake -S/home/microros/microros_ws/firmware/mcu_ws/uros/rmw_microxrcedds/rmw_microxrcedds_c -B/home/microros/microros_ws/firmware/mcu_ws/build/rmw_microxrcedds --check-build-system CMakeFiles/Makefile.cmake 0
/usr/bin/cmake -E cmake_progress_start /home/microros/microros_ws/firmware/mcu_ws/build/rmw_microxrcedds/CMakeFiles /home/microros/microros_ws/firmware/mcu_ws/build/rmw_microxrcedds/CMakeFiles/progress.marks
/usr/bin/make -f CMakeFiles/Makefile2 all
make[4]: Entering directory '/home/microros/microros_ws/firmware/mcu_ws/build/rmw_microxrcedds'
/usr/bin/make -f CMakeFiles/rmw_microxrcedds.dir/build.make CMakeFiles/rmw_microxrcedds.dir/depend
make[5]: Entering directory '/home/microros/microros_ws/firmware/mcu_ws/build/rmw_microxrcedds'
cd /home/microros/microros_ws/firmware/mcu_ws/build/rmw_microxrcedds && /usr/bin/cmake -E cmake_depends "Unix Makefiles" /home/microros/microros_ws/firmware/mcu_ws/uros/rmw_microxrcedds/rmw_microxrcedds_c /home/microros/microros_ws/firmware/mcu_ws/uros/rmw_microxrcedds/rmw_microxrcedds_c /home/microros/microros_ws/firmware/mcu_ws/build/rmw_microxrcedds /home/microros/microros_ws/firmware/mcu_ws/build/rmw_microxrcedds /home/microros/microros_ws/firmware/mcu_ws/build/rmw_microxrcedds/CMakeFiles/rmw_microxrcedds.dir/DependInfo.cmake --color=
make[5]: Leaving directory '/home/microros/microros_ws/firmware/mcu_ws/build/rmw_microxrcedds'
/usr/bin/make -f CMakeFiles/rmw_microxrcedds.dir/build.make CMakeFiles/rmw_microxrcedds.dir/build
make[5]: Entering directory '/home/microros/microros_ws/firmware/mcu_ws/build/rmw_microxrcedds'
make[5]: Nothing to be done for 'CMakeFiles/rmw_microxrcedds.dir/build'.
make[5]: Leaving directory '/home/microros/microros_ws/firmware/mcu_ws/build/rmw_microxrcedds'
[100%] Built target rmw_microxrcedds
make[4]: Leaving directory '/home/microros/microros_ws/firmware/mcu_ws/build/rmw_microxrcedds'
/usr/bin/cmake -E cmake_progress_start /home/microros/microros_ws/firmware/mcu_ws/build/rmw_microxrcedds/CMakeFiles 0
make[3]: Leaving directory '/home/microros/microros_ws/firmware/mcu_ws/build/rmw_microxrcedds'
-- Install configuration: "RelWithDebInfo"
-- Up-to-date: /home/microros/microros_ws/firmware/mcu_ws/install/rmw_microxrcedds/share/rmw_microxrcedds/environment/library_path.sh
-- Up-to-date: /home/microros/microros_ws/firmware/mcu_ws/install/rmw_microxrcedds/share/rmw_microxrcedds/environment/library_path.dsv
-- Up-to-date: /home/microros/microros_ws/firmware/mcu_ws/install/rmw_microxrcedds/share/ament_index/resource_index/rmw_typesupport_c/rmw_microxrcedds
-- Up-to-date: /home/microros/microros_ws/firmware/mcu_ws/install/rmw_microxrcedds/share/ament_index/resource_index/rmw_typesupport/rmw_microxrcedds
-- Up-to-date: /home/microros/microros_ws/firmware/mcu_ws/install/rmw_microxrcedds/share/ament_index/resource_index/package_run_dependencies/rmw_microxrcedds
-- Up-to-date: /home/microros/microros_ws/firmware/mcu_ws/install/rmw_microxrcedds/share/ament_index/resource_index/parent_prefix_path/rmw_microxrcedds
-- Up-to-date: /home/microros/microros_ws/firmware/mcu_ws/install/rmw_microxrcedds/share/rmw_microxrcedds/environment/ament_prefix_path.sh
-- Up-to-date: /home/microros/microros_ws/firmware/mcu_ws/install/rmw_microxrcedds/share/rmw_microxrcedds/environment/ament_prefix_path.dsv
-- Up-to-date: /home/microros/microros_ws/firmware/mcu_ws/install/rmw_microxrcedds/share/rmw_microxrcedds/environment/path.sh
-- Up-to-date: /home/microros/microros_ws/firmware/mcu_ws/install/rmw_microxrcedds/share/rmw_microxrcedds/environment/path.dsv
-- Up-to-date: /home/microros/microros_ws/firmware/mcu_ws/install/rmw_microxrcedds/share/rmw_microxrcedds/local_setup.bash
-- Up-to-date: /home/microros/microros_ws/firmware/mcu_ws/install/rmw_microxrcedds/share/rmw_microxrcedds/local_setup.sh
-- Up-to-date: /home/microros/microros_ws/firmware/mcu_ws/install/rmw_microxrcedds/share/rmw_microxrcedds/local_setup.zsh
-- Up-to-date: /home/microros/microros_ws/firmware/mcu_ws/install/rmw_microxrcedds/share/rmw_microxrcedds/local_setup.dsv
-- Installing: /home/microros/microros_ws/firmware/mcu_ws/install/rmw_microxrcedds/share/rmw_microxrcedds/package.dsv
-- Up-to-date: /home/microros/microros_ws/firmware/mcu_ws/install/rmw_microxrcedds/share/ament_index/resource_index/packages/rmw_microxrcedds
-- Up-to-date: /home/microros/microros_ws/firmware/mcu_ws/install/rmw_microxrcedds/share/rmw_microxrcedds/cmake/ament_cmake_export_include_directories-extras.cmake
-- Up-to-date: /home/microros/microros_ws/firmware/mcu_ws/install/rmw_microxrcedds/share/rmw_microxrcedds/cmake/ament_cmake_export_libraries-extras.cmake
-- Up-to-date: /home/microros/microros_ws/firmware/mcu_ws/install/rmw_microxrcedds/share/rmw_microxrcedds/cmake/ament_cmake_export_dependencies-extras.cmake
-- Up-to-date: /home/microros/microros_ws/firmware/mcu_ws/install/rmw_microxrcedds/share/rmw_microxrcedds/cmake/rmw_microxrceddsConfig.cmake
-- Up-to-date: /home/microros/microros_ws/firmware/mcu_ws/install/rmw_microxrcedds/share/rmw_microxrcedds/cmake/rmw_microxrceddsConfig-version.cmake
-- Up-to-date: /home/microros/microros_ws/firmware/mcu_ws/install/rmw_microxrcedds/share/rmw_microxrcedds/package.xml
-- Up-to-date: /home/microros/microros_ws/firmware/mcu_ws/install/rmw_microxrcedds/include/rmw_microxrcedds_c/config.h
-- Up-to-date: /home/microros/microros_ws/firmware/mcu_ws/install/rmw_microxrcedds/include
-- Up-to-date: /home/microros/microros_ws/firmware/mcu_ws/install/rmw_microxrcedds/include/rmw_uros
-- Up-to-date: /home/microros/microros_ws/firmware/mcu_ws/install/rmw_microxrcedds/include/rmw_uros/options.h
-- Up-to-date: /home/microros/microros_ws/firmware/mcu_ws/install/rmw_microxrcedds/include/rmw_microxrcedds_c
-- Up-to-date: /home/microros/microros_ws/firmware/mcu_ws/install/rmw_microxrcedds/include/rmw_microxrcedds_c/rmw_c_macros.h
-- Up-to-date: /home/microros/microros_ws/firmware/mcu_ws/install/rmw_microxrcedds/lib/librmw_microxrcedds.a
