[0.570s] Invoking command in '/home/microros/microros_ws/firmware/mcu_ws/uros/tracetools/ros2trace': AMENT_PREFIX_PATH=/home/microros/microros_ws/firmware/mcu_ws/install/tracetools_trace:${AMENT_PREFIX_PATH} PYTHONPATH=/home/microros/microros_ws/firmware/mcu_ws/install/ros2trace/lib/python3.8/site-packages:/home/microros/microros_ws/firmware/mcu_ws/install/tracetools_trace/lib/python3.8/site-packages:${PYTHONPATH} /usr/bin/python3 setup.py egg_info --egg-base /home/microros/microros_ws/firmware/mcu_ws/build/ros2trace build --build-base /home/microros/microros_ws/firmware/mcu_ws/build/ros2trace/build install --prefix /home/microros/microros_ws/firmware/mcu_ws/install/ros2trace --record /home/microros/microros_ws/firmware/mcu_ws/build/ros2trace/install.log --single-version-externally-managed
[0.946s] running egg_info
[0.946s] creating /home/microros/microros_ws/firmware/mcu_ws/build/ros2trace/ros2trace.egg-info
[0.947s] writing /home/microros/microros_ws/firmware/mcu_ws/build/ros2trace/ros2trace.egg-info/PKG-INFO
[0.947s] writing dependency_links to /home/microros/microros_ws/firmware/mcu_ws/build/ros2trace/ros2trace.egg-info/dependency_links.txt
[0.947s] writing entry points to /home/microros/microros_ws/firmware/mcu_ws/build/ros2trace/ros2trace.egg-info/entry_points.txt
[0.947s] writing requirements to /home/microros/microros_ws/firmware/mcu_ws/build/ros2trace/ros2trace.egg-info/requires.txt
[0.947s] writing top-level names to /home/microros/microros_ws/firmware/mcu_ws/build/ros2trace/ros2trace.egg-info/top_level.txt
[0.948s] writing manifest file '/home/microros/microros_ws/firmware/mcu_ws/build/ros2trace/ros2trace.egg-info/SOURCES.txt'
[1.022s] reading manifest file '/home/microros/microros_ws/firmware/mcu_ws/build/ros2trace/ros2trace.egg-info/SOURCES.txt'
[1.023s] writing manifest file '/home/microros/microros_ws/firmware/mcu_ws/build/ros2trace/ros2trace.egg-info/SOURCES.txt'
[1.024s] running build
[1.024s] running build_py
[1.024s] creating /home/microros/microros_ws/firmware/mcu_ws/build/ros2trace/build
[1.024s] creating /home/microros/microros_ws/firmware/mcu_ws/build/ros2trace/build/lib
[1.024s] creating /home/microros/microros_ws/firmware/mcu_ws/build/ros2trace/build/lib/ros2trace
[1.024s] copying ros2trace/__init__.py -> /home/microros/microros_ws/firmware/mcu_ws/build/ros2trace/build/lib/ros2trace
[1.025s] creating /home/microros/microros_ws/firmware/mcu_ws/build/ros2trace/build/lib/ros2trace/api
[1.025s] copying ros2trace/api/__init__.py -> /home/microros/microros_ws/firmware/mcu_ws/build/ros2trace/build/lib/ros2trace/api
[1.025s] creating /home/microros/microros_ws/firmware/mcu_ws/build/ros2trace/build/lib/ros2trace/command
[1.025s] copying ros2trace/command/trace.py -> /home/microros/microros_ws/firmware/mcu_ws/build/ros2trace/build/lib/ros2trace/command
[1.025s] copying ros2trace/command/__init__.py -> /home/microros/microros_ws/firmware/mcu_ws/build/ros2trace/build/lib/ros2trace/command
[1.025s] running install
[1.027s] running install_lib
[1.028s] creating /home/microros/microros_ws/firmware/mcu_ws/install/ros2trace/lib/python3.8/site-packages/ros2trace
[1.028s] creating /home/microros/microros_ws/firmware/mcu_ws/install/ros2trace/lib/python3.8/site-packages/ros2trace/api
[1.028s] copying /home/microros/microros_ws/firmware/mcu_ws/build/ros2trace/build/lib/ros2trace/api/__init__.py -> /home/microros/microros_ws/firmware/mcu_ws/install/ros2trace/lib/python3.8/site-packages/ros2trace/api
[1.028s] copying /home/microros/microros_ws/firmware/mcu_ws/build/ros2trace/build/lib/ros2trace/__init__.py -> /home/microros/microros_ws/firmware/mcu_ws/install/ros2trace/lib/python3.8/site-packages/ros2trace
[1.028s] creating /home/microros/microros_ws/firmware/mcu_ws/install/ros2trace/lib/python3.8/site-packages/ros2trace/command
[1.029s] copying /home/microros/microros_ws/firmware/mcu_ws/build/ros2trace/build/lib/ros2trace/command/trace.py -> /home/microros/microros_ws/firmware/mcu_ws/install/ros2trace/lib/python3.8/site-packages/ros2trace/command
[1.029s] copying /home/microros/microros_ws/firmware/mcu_ws/build/ros2trace/build/lib/ros2trace/command/__init__.py -> /home/microros/microros_ws/firmware/mcu_ws/install/ros2trace/lib/python3.8/site-packages/ros2trace/command
[1.036s] byte-compiling /home/microros/microros_ws/firmware/mcu_ws/install/ros2trace/lib/python3.8/site-packages/ros2trace/api/__init__.py to __init__.cpython-38.pyc
[1.036s] byte-compiling /home/microros/microros_ws/firmware/mcu_ws/install/ros2trace/lib/python3.8/site-packages/ros2trace/__init__.py to __init__.cpython-38.pyc
[1.036s] byte-compiling /home/microros/microros_ws/firmware/mcu_ws/install/ros2trace/lib/python3.8/site-packages/ros2trace/command/trace.py to trace.cpython-38.pyc
[1.037s] byte-compiling /home/microros/microros_ws/firmware/mcu_ws/install/ros2trace/lib/python3.8/site-packages/ros2trace/command/__init__.py to __init__.cpython-38.pyc
[1.037s] running install_data
[1.038s] copying package.xml -> /home/microros/microros_ws/firmware/mcu_ws/install/ros2trace/share/ros2trace
[1.038s] creating /home/microros/microros_ws/firmware/mcu_ws/install/ros2trace/share/ament_index
[1.039s] creating /home/microros/microros_ws/firmware/mcu_ws/install/ros2trace/share/ament_index/resource_index
[1.039s] creating /home/microros/microros_ws/firmware/mcu_ws/install/ros2trace/share/ament_index/resource_index/packages
[1.039s] copying resource/ros2trace -> /home/microros/microros_ws/firmware/mcu_ws/install/ros2trace/share/ament_index/resource_index/packages
[1.039s] running install_egg_info
[1.041s] Copying /home/microros/microros_ws/firmware/mcu_ws/build/ros2trace/ros2trace.egg-info to /home/microros/microros_ws/firmware/mcu_ws/install/ros2trace/lib/python3.8/site-packages/ros2trace-1.0.2-py3.8.egg-info
[1.043s] running install_scripts
[1.071s] writing list of installed files to '/home/microros/microros_ws/firmware/mcu_ws/build/ros2trace/install.log'
[1.115s] Invoked command in '/home/microros/microros_ws/firmware/mcu_ws/uros/tracetools/ros2trace' returned '0': AMENT_PREFIX_PATH=/home/microros/microros_ws/firmware/mcu_ws/install/tracetools_trace:${AMENT_PREFIX_PATH} PYTHONPATH=/home/microros/microros_ws/firmware/mcu_ws/install/ros2trace/lib/python3.8/site-packages:/home/microros/microros_ws/firmware/mcu_ws/install/tracetools_trace/lib/python3.8/site-packages:${PYTHONPATH} /usr/bin/python3 setup.py egg_info --egg-base /home/microros/microros_ws/firmware/mcu_ws/build/ros2trace build --build-base /home/microros/microros_ws/firmware/mcu_ws/build/ros2trace/build install --prefix /home/microros/microros_ws/firmware/mcu_ws/install/ros2trace --record /home/microros/microros_ws/firmware/mcu_ws/build/ros2trace/install.log --single-version-externally-managed
