make[4]: Entering directory '/home/microros/microros_ws/firmware/mcu_ws/build/rcl_action'
/usr/bin/cmake -S/home/microros/microros_ws/firmware/mcu_ws/uros/rcl/rcl_action -B/home/microros/microros_ws/firmware/mcu_ws/build/rcl_action --check-build-system CMakeFiles/Makefile.cmake 0
Re-run cmake file: Makefile older than: /home/microros/microros_ws/firmware/mcu_ws/install/rcl/share/rcl/cmake/rclExport-relwithdebinfo.cmake
-- Found ament_cmake_ros: 0.9.0 (/home/microros/microros_ws/firmware/dev_ws/install/ament_cmake_ros/share/ament_cmake_ros/cmake)
-- Using PYTHON_EXECUTABLE: /usr/bin/python3
-- Found action_msgs: 1.0.0 (/home/microros/microros_ws/firmware/mcu_ws/install/action_msgs/share/action_msgs/cmake)
-- Using single rosidl_typesupport_c: rosidl_typesupport_microxrcedds_c
-- Found rosidl_adapter: 1.1.0 (/home/microros/microros_ws/firmware/mcu_ws/install/rosidl_adapter/share/rosidl_adapter/cmake)
-- Found rcl: 1.1.7 (/home/microros/microros_ws/firmware/mcu_ws/install/rcl/share/rcl/cmake)
-- Found rmw_implementation_cmake: 1.0.1 (/home/microros/microros_ws/firmware/mcu_ws/install/rmw_implementation_cmake/share/rmw_implementation_cmake/cmake)
-- Using RMW implementation 'rmw_microxrcedds'
-- Found rmw_microxrcedds: 0.0.1 (/home/microros/microros_ws/firmware/mcu_ws/install/rmw_microxrcedds/share/rmw_microxrcedds/cmake)
-- Configuring done
-- Generating done
-- Build files have been written to: /home/microros/microros_ws/firmware/mcu_ws/build/rcl_action
/usr/bin/cmake -E cmake_progress_start /home/microros/microros_ws/firmware/mcu_ws/build/rcl_action/CMakeFiles /home/microros/microros_ws/firmware/mcu_ws/build/rcl_action/CMakeFiles/progress.marks
/usr/bin/make -f CMakeFiles/Makefile2 all
make[5]: Entering directory '/home/microros/microros_ws/firmware/mcu_ws/build/rcl_action'
/usr/bin/make -f CMakeFiles/rcl_action.dir/build.make CMakeFiles/rcl_action.dir/depend
make[6]: Entering directory '/home/microros/microros_ws/firmware/mcu_ws/build/rcl_action'
cd /home/microros/microros_ws/firmware/mcu_ws/build/rcl_action && /usr/bin/cmake -E cmake_depends "Unix Makefiles" /home/microros/microros_ws/firmware/mcu_ws/uros/rcl/rcl_action /home/microros/microros_ws/firmware/mcu_ws/uros/rcl/rcl_action /home/microros/microros_ws/firmware/mcu_ws/build/rcl_action /home/microros/microros_ws/firmware/mcu_ws/build/rcl_action /home/microros/microros_ws/firmware/mcu_ws/build/rcl_action/CMakeFiles/rcl_action.dir/DependInfo.cmake --color=
Dependee "/home/microros/microros_ws/firmware/NuttX/include/nuttx/config.h" is newer than depender "CMakeFiles/rcl_action.dir/src/rcl_action/action_client.c.obj".
Dependee "/home/microros/microros_ws/firmware/NuttX/include/nuttx/config.h" is newer than depender "CMakeFiles/rcl_action.dir/src/rcl_action/action_server.c.obj".
Dependee "/home/microros/microros_ws/firmware/NuttX/include/nuttx/config.h" is newer than depender "CMakeFiles/rcl_action.dir/src/rcl_action/goal_handle.c.obj".
Dependee "/home/microros/microros_ws/firmware/NuttX/include/nuttx/config.h" is newer than depender "CMakeFiles/rcl_action.dir/src/rcl_action/goal_state_machine.c.obj".
Dependee "/home/microros/microros_ws/firmware/NuttX/include/nuttx/config.h" is newer than depender "CMakeFiles/rcl_action.dir/src/rcl_action/graph.c.obj".
Dependee "/home/microros/microros_ws/firmware/NuttX/include/nuttx/config.h" is newer than depender "CMakeFiles/rcl_action.dir/src/rcl_action/names.c.obj".
Dependee "/home/microros/microros_ws/firmware/NuttX/include/nuttx/config.h" is newer than depender "CMakeFiles/rcl_action.dir/src/rcl_action/types.c.obj".
Clearing dependencies in "/home/microros/microros_ws/firmware/mcu_ws/build/rcl_action/CMakeFiles/rcl_action.dir/depend.make".
[35m[1mScanning dependencies of target rcl_action[0m
make[6]: Leaving directory '/home/microros/microros_ws/firmware/mcu_ws/build/rcl_action'
/usr/bin/make -f CMakeFiles/rcl_action.dir/build.make CMakeFiles/rcl_action.dir/build
make[6]: Entering directory '/home/microros/microros_ws/firmware/mcu_ws/build/rcl_action'
[ 12%] [32mBuilding C object CMakeFiles/rcl_action.dir/src/rcl_action/action_client.c.obj[0m
[ 25%] [32mBuilding C object CMakeFiles/rcl_action.dir/src/rcl_action/action_server.c.obj[0m
/usr/bin/arm-none-eabi-gcc --sysroot=/home/microros/microros_ws/firmware/NuttX/.. -DRCL_ACTION_BUILDING_DLL -DROS_PACKAGE_NAME=\"rcl_action\" -I/home/microros/microros_ws/firmware/mcu_ws/uros/rcl/rcl_action/include -isystem /home/microros/microros_ws/firmware/NuttX/include -isystem /home/microros/microros_ws/firmware/NuttX/include/cxx -isystem /home/microros/microros_ws/firmware/NuttX/include/uClibc++ -isystem /home/microros/microros_ws/firmware/mcu_ws/install/rcl/include -isystem /home/microros/microros_ws/firmware/mcu_ws/install/action_msgs/include -isystem /home/microros/microros_ws/firmware/mcu_ws/install/rosidl_typesupport_microxrcedds_c/include -isystem /home/microros/microros_ws/firmware/mcu_ws/install/rmw/include -isystem /home/microros/microros_ws/firmware/mcu_ws/install/rosidl_runtime_c/include -isystem /home/microros/microros_ws/firmware/mcu_ws/install/rcutils/include -isystem /home/microros/microros_ws/firmware/mcu_ws/install/tracetools/include -isystem /home/microros/microros_ws/firmware/mcu_ws/uros/rmw_microxrcedds/rmw_microxrcedds_c/include -isystem /home/microros/microros_ws/firmware/mcu_ws/install/tinydir_vendor/share/tinydir_vendor/cmake/../../../include -isystem /home/microros/microros_ws/firmware/mcu_ws/install/builtin_interfaces/include -isystem /home/microros/microros_ws/firmware/mcu_ws/install/rosidl_typesupport_interface/include -isystem /home/microros/microros_ws/firmware/mcu_ws/install/microcdr/include -isystem /home/microros/microros_ws/firmware/mcu_ws/install/rosidl_typesupport_c/include -isystem /home/microros/microros_ws/firmware/mcu_ws/install/unique_identifier_msgs/include -isystem /home/microros/microros_ws/firmware/mcu_ws/install/rcl_interfaces/include  -std=c99 -Dunix=1 -mcpu=cortex-m4 -mthumb -mfloat-abi=soft -Os -fno-strict-aliasing -fno-strength-reduce -fomit-frame-pointer -O2 -g -DNDEBUG -fPIC   -fvisibility=hidden -Wall -Wextra -Wpedantic -std=gnu11 -o CMakeFiles/rcl_action.dir/src/rcl_action/action_server.c.obj   -c /home/microros/microros_ws/firmware/mcu_ws/uros/rcl/rcl_action/src/rcl_action/action_server.c
/usr/bin/arm-none-eabi-gcc --sysroot=/home/microros/microros_ws/firmware/NuttX/.. -DRCL_ACTION_BUILDING_DLL -DROS_PACKAGE_NAME=\"rcl_action\" -I/home/microros/microros_ws/firmware/mcu_ws/uros/rcl/rcl_action/include -isystem /home/microros/microros_ws/firmware/NuttX/include -isystem /home/microros/microros_ws/firmware/NuttX/include/cxx -isystem /home/microros/microros_ws/firmware/NuttX/include/uClibc++ -isystem /home/microros/microros_ws/firmware/mcu_ws/install/rcl/include -isystem /home/microros/microros_ws/firmware/mcu_ws/install/action_msgs/include -isystem /home/microros/microros_ws/firmware/mcu_ws/install/rosidl_typesupport_microxrcedds_c/include -isystem /home/microros/microros_ws/firmware/mcu_ws/install/rmw/include -isystem /home/microros/microros_ws/firmware/mcu_ws/install/rosidl_runtime_c/include -isystem /home/microros/microros_ws/firmware/mcu_ws/install/rcutils/include -isystem /home/microros/microros_ws/firmware/mcu_ws/install/tracetools/include -isystem /home/microros/microros_ws/firmware/mcu_ws/uros/rmw_microxrcedds/rmw_microxrcedds_c/include -isystem /home/microros/microros_ws/firmware/mcu_ws/install/tinydir_vendor/share/tinydir_vendor/cmake/../../../include -isystem /home/microros/microros_ws/firmware/mcu_ws/install/builtin_interfaces/include -isystem /home/microros/microros_ws/firmware/mcu_ws/install/rosidl_typesupport_interface/include -isystem /home/microros/microros_ws/firmware/mcu_ws/install/microcdr/include -isystem /home/microros/microros_ws/firmware/mcu_ws/install/rosidl_typesupport_c/include -isystem /home/microros/microros_ws/firmware/mcu_ws/install/unique_identifier_msgs/include -isystem /home/microros/microros_ws/firmware/mcu_ws/install/rcl_interfaces/include  -std=c99 -Dunix=1 -mcpu=cortex-m4 -mthumb -mfloat-abi=soft -Os -fno-strict-aliasing -fno-strength-reduce -fomit-frame-pointer -O2 -g -DNDEBUG -fPIC   -fvisibility=hidden -Wall -Wextra -Wpedantic -std=gnu11 -o CMakeFiles/rcl_action.dir/src/rcl_action/action_client.c.obj   -c /home/microros/microros_ws/firmware/mcu_ws/uros/rcl/rcl_action/src/rcl_action/action_client.c
[ 37%] [32mBuilding C object CMakeFiles/rcl_action.dir/src/rcl_action/goal_state_machine.c.obj[0m
/usr/bin/arm-none-eabi-gcc --sysroot=/home/microros/microros_ws/firmware/NuttX/.. -DRCL_ACTION_BUILDING_DLL -DROS_PACKAGE_NAME=\"rcl_action\" -I/home/microros/microros_ws/firmware/mcu_ws/uros/rcl/rcl_action/include -isystem /home/microros/microros_ws/firmware/NuttX/include -isystem /home/microros/microros_ws/firmware/NuttX/include/cxx -isystem /home/microros/microros_ws/firmware/NuttX/include/uClibc++ -isystem /home/microros/microros_ws/firmware/mcu_ws/install/rcl/include -isystem /home/microros/microros_ws/firmware/mcu_ws/install/action_msgs/include -isystem /home/microros/microros_ws/firmware/mcu_ws/install/rosidl_typesupport_microxrcedds_c/include -isystem /home/microros/microros_ws/firmware/mcu_ws/install/rmw/include -isystem /home/microros/microros_ws/firmware/mcu_ws/install/rosidl_runtime_c/include -isystem /home/microros/microros_ws/firmware/mcu_ws/install/rcutils/include -isystem /home/microros/microros_ws/firmware/mcu_ws/install/tracetools/include -isystem /home/microros/microros_ws/firmware/mcu_ws/uros/rmw_microxrcedds/rmw_microxrcedds_c/include -isystem /home/microros/microros_ws/firmware/mcu_ws/install/tinydir_vendor/share/tinydir_vendor/cmake/../../../include -isystem /home/microros/microros_ws/firmware/mcu_ws/install/builtin_interfaces/include -isystem /home/microros/microros_ws/firmware/mcu_ws/install/rosidl_typesupport_interface/include -isystem /home/microros/microros_ws/firmware/mcu_ws/install/microcdr/include -isystem /home/microros/microros_ws/firmware/mcu_ws/install/rosidl_typesupport_c/include -isystem /home/microros/microros_ws/firmware/mcu_ws/install/unique_identifier_msgs/include -isystem /home/microros/microros_ws/firmware/mcu_ws/install/rcl_interfaces/include  -std=c99 -Dunix=1 -mcpu=cortex-m4 -mthumb -mfloat-abi=soft -Os -fno-strict-aliasing -fno-strength-reduce -fomit-frame-pointer -O2 -g -DNDEBUG -fPIC   -fvisibility=hidden -Wall -Wextra -Wpedantic -std=gnu11 -o CMakeFiles/rcl_action.dir/src/rcl_action/goal_state_machine.c.obj   -c /home/microros/microros_ws/firmware/mcu_ws/uros/rcl/rcl_action/src/rcl_action/goal_state_machine.c
[ 50%] [32mBuilding C object CMakeFiles/rcl_action.dir/src/rcl_action/goal_handle.c.obj[0m
/usr/bin/arm-none-eabi-gcc --sysroot=/home/microros/microros_ws/firmware/NuttX/.. -DRCL_ACTION_BUILDING_DLL -DROS_PACKAGE_NAME=\"rcl_action\" -I/home/microros/microros_ws/firmware/mcu_ws/uros/rcl/rcl_action/include -isystem /home/microros/microros_ws/firmware/NuttX/include -isystem /home/microros/microros_ws/firmware/NuttX/include/cxx -isystem /home/microros/microros_ws/firmware/NuttX/include/uClibc++ -isystem /home/microros/microros_ws/firmware/mcu_ws/install/rcl/include -isystem /home/microros/microros_ws/firmware/mcu_ws/install/action_msgs/include -isystem /home/microros/microros_ws/firmware/mcu_ws/install/rosidl_typesupport_microxrcedds_c/include -isystem /home/microros/microros_ws/firmware/mcu_ws/install/rmw/include -isystem /home/microros/microros_ws/firmware/mcu_ws/install/rosidl_runtime_c/include -isystem /home/microros/microros_ws/firmware/mcu_ws/install/rcutils/include -isystem /home/microros/microros_ws/firmware/mcu_ws/install/tracetools/include -isystem /home/microros/microros_ws/firmware/mcu_ws/uros/rmw_microxrcedds/rmw_microxrcedds_c/include -isystem /home/microros/microros_ws/firmware/mcu_ws/install/tinydir_vendor/share/tinydir_vendor/cmake/../../../include -isystem /home/microros/microros_ws/firmware/mcu_ws/install/builtin_interfaces/include -isystem /home/microros/microros_ws/firmware/mcu_ws/install/rosidl_typesupport_interface/include -isystem /home/microros/microros_ws/firmware/mcu_ws/install/microcdr/include -isystem /home/microros/microros_ws/firmware/mcu_ws/install/rosidl_typesupport_c/include -isystem /home/microros/microros_ws/firmware/mcu_ws/install/unique_identifier_msgs/include -isystem /home/microros/microros_ws/firmware/mcu_ws/install/rcl_interfaces/include  -std=c99 -Dunix=1 -mcpu=cortex-m4 -mthumb -mfloat-abi=soft -Os -fno-strict-aliasing -fno-strength-reduce -fomit-frame-pointer -O2 -g -DNDEBUG -fPIC   -fvisibility=hidden -Wall -Wextra -Wpedantic -std=gnu11 -o CMakeFiles/rcl_action.dir/src/rcl_action/goal_handle.c.obj   -c /home/microros/microros_ws/firmware/mcu_ws/uros/rcl/rcl_action/src/rcl_action/goal_handle.c
[ 62%] [32mBuilding C object CMakeFiles/rcl_action.dir/src/rcl_action/graph.c.obj[0m
/usr/bin/arm-none-eabi-gcc --sysroot=/home/microros/microros_ws/firmware/NuttX/.. -DRCL_ACTION_BUILDING_DLL -DROS_PACKAGE_NAME=\"rcl_action\" -I/home/microros/microros_ws/firmware/mcu_ws/uros/rcl/rcl_action/include -isystem /home/microros/microros_ws/firmware/NuttX/include -isystem /home/microros/microros_ws/firmware/NuttX/include/cxx -isystem /home/microros/microros_ws/firmware/NuttX/include/uClibc++ -isystem /home/microros/microros_ws/firmware/mcu_ws/install/rcl/include -isystem /home/microros/microros_ws/firmware/mcu_ws/install/action_msgs/include -isystem /home/microros/microros_ws/firmware/mcu_ws/install/rosidl_typesupport_microxrcedds_c/include -isystem /home/microros/microros_ws/firmware/mcu_ws/install/rmw/include -isystem /home/microros/microros_ws/firmware/mcu_ws/install/rosidl_runtime_c/include -isystem /home/microros/microros_ws/firmware/mcu_ws/install/rcutils/include -isystem /home/microros/microros_ws/firmware/mcu_ws/install/tracetools/include -isystem /home/microros/microros_ws/firmware/mcu_ws/uros/rmw_microxrcedds/rmw_microxrcedds_c/include -isystem /home/microros/microros_ws/firmware/mcu_ws/install/tinydir_vendor/share/tinydir_vendor/cmake/../../../include -isystem /home/microros/microros_ws/firmware/mcu_ws/install/builtin_interfaces/include -isystem /home/microros/microros_ws/firmware/mcu_ws/install/rosidl_typesupport_interface/include -isystem /home/microros/microros_ws/firmware/mcu_ws/install/microcdr/include -isystem /home/microros/microros_ws/firmware/mcu_ws/install/rosidl_typesupport_c/include -isystem /home/microros/microros_ws/firmware/mcu_ws/install/unique_identifier_msgs/include -isystem /home/microros/microros_ws/firmware/mcu_ws/install/rcl_interfaces/include  -std=c99 -Dunix=1 -mcpu=cortex-m4 -mthumb -mfloat-abi=soft -Os -fno-strict-aliasing -fno-strength-reduce -fomit-frame-pointer -O2 -g -DNDEBUG -fPIC   -fvisibility=hidden -Wall -Wextra -Wpedantic -std=gnu11 -o CMakeFiles/rcl_action.dir/src/rcl_action/graph.c.obj   -c /home/microros/microros_ws/firmware/mcu_ws/uros/rcl/rcl_action/src/rcl_action/graph.c
[ 75%] [32mBuilding C object CMakeFiles/rcl_action.dir/src/rcl_action/names.c.obj[0m
/usr/bin/arm-none-eabi-gcc --sysroot=/home/microros/microros_ws/firmware/NuttX/.. -DRCL_ACTION_BUILDING_DLL -DROS_PACKAGE_NAME=\"rcl_action\" -I/home/microros/microros_ws/firmware/mcu_ws/uros/rcl/rcl_action/include -isystem /home/microros/microros_ws/firmware/NuttX/include -isystem /home/microros/microros_ws/firmware/NuttX/include/cxx -isystem /home/microros/microros_ws/firmware/NuttX/include/uClibc++ -isystem /home/microros/microros_ws/firmware/mcu_ws/install/rcl/include -isystem /home/microros/microros_ws/firmware/mcu_ws/install/action_msgs/include -isystem /home/microros/microros_ws/firmware/mcu_ws/install/rosidl_typesupport_microxrcedds_c/include -isystem /home/microros/microros_ws/firmware/mcu_ws/install/rmw/include -isystem /home/microros/microros_ws/firmware/mcu_ws/install/rosidl_runtime_c/include -isystem /home/microros/microros_ws/firmware/mcu_ws/install/rcutils/include -isystem /home/microros/microros_ws/firmware/mcu_ws/install/tracetools/include -isystem /home/microros/microros_ws/firmware/mcu_ws/uros/rmw_microxrcedds/rmw_microxrcedds_c/include -isystem /home/microros/microros_ws/firmware/mcu_ws/install/tinydir_vendor/share/tinydir_vendor/cmake/../../../include -isystem /home/microros/microros_ws/firmware/mcu_ws/install/builtin_interfaces/include -isystem /home/microros/microros_ws/firmware/mcu_ws/install/rosidl_typesupport_interface/include -isystem /home/microros/microros_ws/firmware/mcu_ws/install/microcdr/include -isystem /home/microros/microros_ws/firmware/mcu_ws/install/rosidl_typesupport_c/include -isystem /home/microros/microros_ws/firmware/mcu_ws/install/unique_identifier_msgs/include -isystem /home/microros/microros_ws/firmware/mcu_ws/install/rcl_interfaces/include  -std=c99 -Dunix=1 -mcpu=cortex-m4 -mthumb -mfloat-abi=soft -Os -fno-strict-aliasing -fno-strength-reduce -fomit-frame-pointer -O2 -g -DNDEBUG -fPIC   -fvisibility=hidden -Wall -Wextra -Wpedantic -std=gnu11 -o CMakeFiles/rcl_action.dir/src/rcl_action/names.c.obj   -c /home/microros/microros_ws/firmware/mcu_ws/uros/rcl/rcl_action/src/rcl_action/names.c
[ 87%] [32mBuilding C object CMakeFiles/rcl_action.dir/src/rcl_action/types.c.obj[0m
/usr/bin/arm-none-eabi-gcc --sysroot=/home/microros/microros_ws/firmware/NuttX/.. -DRCL_ACTION_BUILDING_DLL -DROS_PACKAGE_NAME=\"rcl_action\" -I/home/microros/microros_ws/firmware/mcu_ws/uros/rcl/rcl_action/include -isystem /home/microros/microros_ws/firmware/NuttX/include -isystem /home/microros/microros_ws/firmware/NuttX/include/cxx -isystem /home/microros/microros_ws/firmware/NuttX/include/uClibc++ -isystem /home/microros/microros_ws/firmware/mcu_ws/install/rcl/include -isystem /home/microros/microros_ws/firmware/mcu_ws/install/action_msgs/include -isystem /home/microros/microros_ws/firmware/mcu_ws/install/rosidl_typesupport_microxrcedds_c/include -isystem /home/microros/microros_ws/firmware/mcu_ws/install/rmw/include -isystem /home/microros/microros_ws/firmware/mcu_ws/install/rosidl_runtime_c/include -isystem /home/microros/microros_ws/firmware/mcu_ws/install/rcutils/include -isystem /home/microros/microros_ws/firmware/mcu_ws/install/tracetools/include -isystem /home/microros/microros_ws/firmware/mcu_ws/uros/rmw_microxrcedds/rmw_microxrcedds_c/include -isystem /home/microros/microros_ws/firmware/mcu_ws/install/tinydir_vendor/share/tinydir_vendor/cmake/../../../include -isystem /home/microros/microros_ws/firmware/mcu_ws/install/builtin_interfaces/include -isystem /home/microros/microros_ws/firmware/mcu_ws/install/rosidl_typesupport_interface/include -isystem /home/microros/microros_ws/firmware/mcu_ws/install/microcdr/include -isystem /home/microros/microros_ws/firmware/mcu_ws/install/rosidl_typesupport_c/include -isystem /home/microros/microros_ws/firmware/mcu_ws/install/unique_identifier_msgs/include -isystem /home/microros/microros_ws/firmware/mcu_ws/install/rcl_interfaces/include  -std=c99 -Dunix=1 -mcpu=cortex-m4 -mthumb -mfloat-abi=soft -Os -fno-strict-aliasing -fno-strength-reduce -fomit-frame-pointer -O2 -g -DNDEBUG -fPIC   -fvisibility=hidden -Wall -Wextra -Wpedantic -std=gnu11 -o CMakeFiles/rcl_action.dir/src/rcl_action/types.c.obj   -c /home/microros/microros_ws/firmware/mcu_ws/uros/rcl/rcl_action/src/rcl_action/types.c
[100%] [32m[1mLinking CXX static library librcl_action.a[0m
/usr/bin/cmake -P CMakeFiles/rcl_action.dir/cmake_clean_target.cmake
/usr/bin/cmake -E cmake_link_script CMakeFiles/rcl_action.dir/link.txt --verbose=1
/usr/bin/arm-none-eabi-ar qc librcl_action.a  CMakeFiles/rcl_action.dir/src/rcl_action/action_client.c.obj CMakeFiles/rcl_action.dir/src/rcl_action/action_server.c.obj CMakeFiles/rcl_action.dir/src/rcl_action/goal_handle.c.obj CMakeFiles/rcl_action.dir/src/rcl_action/goal_state_machine.c.obj CMakeFiles/rcl_action.dir/src/rcl_action/graph.c.obj CMakeFiles/rcl_action.dir/src/rcl_action/names.c.obj CMakeFiles/rcl_action.dir/src/rcl_action/types.c.obj
/usr/bin/arm-none-eabi-ranlib librcl_action.a
make[6]: Leaving directory '/home/microros/microros_ws/firmware/mcu_ws/build/rcl_action'
[100%] Built target rcl_action
make[5]: Leaving directory '/home/microros/microros_ws/firmware/mcu_ws/build/rcl_action'
/usr/bin/cmake -E cmake_progress_start /home/microros/microros_ws/firmware/mcu_ws/build/rcl_action/CMakeFiles 0
make[4]: Leaving directory '/home/microros/microros_ws/firmware/mcu_ws/build/rcl_action'
-- Install configuration: "RelWithDebInfo"
-- Up-to-date: /home/microros/microros_ws/firmware/mcu_ws/install/rcl_action/include
-- Up-to-date: /home/microros/microros_ws/firmware/mcu_ws/install/rcl_action/include/rcl_action
-- Up-to-date: /home/microros/microros_ws/firmware/mcu_ws/install/rcl_action/include/rcl_action/goal_handle.h
-- Up-to-date: /home/microros/microros_ws/firmware/mcu_ws/install/rcl_action/include/rcl_action/default_qos.h
-- Up-to-date: /home/microros/microros_ws/firmware/mcu_ws/install/rcl_action/include/rcl_action/action_server.h
-- Up-to-date: /home/microros/microros_ws/firmware/mcu_ws/install/rcl_action/include/rcl_action/action_client.h
-- Up-to-date: /home/microros/microros_ws/firmware/mcu_ws/install/rcl_action/include/rcl_action/rcl_action.h
-- Up-to-date: /home/microros/microros_ws/firmware/mcu_ws/install/rcl_action/include/rcl_action/graph.h
-- Up-to-date: /home/microros/microros_ws/firmware/mcu_ws/install/rcl_action/include/rcl_action/goal_state_machine.h
-- Up-to-date: /home/microros/microros_ws/firmware/mcu_ws/install/rcl_action/include/rcl_action/wait.h
-- Up-to-date: /home/microros/microros_ws/firmware/mcu_ws/install/rcl_action/include/rcl_action/types.h
-- Up-to-date: /home/microros/microros_ws/firmware/mcu_ws/install/rcl_action/include/rcl_action/visibility_control.h
-- Up-to-date: /home/microros/microros_ws/firmware/mcu_ws/install/rcl_action/include/rcl_action/names.h
-- Installing: /home/microros/microros_ws/firmware/mcu_ws/install/rcl_action/lib/librcl_action.a
-- Up-to-date: /home/microros/microros_ws/firmware/mcu_ws/install/rcl_action/share/rcl_action/environment/library_path.sh
-- Installing: /home/microros/microros_ws/firmware/mcu_ws/install/rcl_action/share/rcl_action/environment/library_path.dsv
-- Up-to-date: /home/microros/microros_ws/firmware/mcu_ws/install/rcl_action/share/ament_index/resource_index/package_run_dependencies/rcl_action
-- Up-to-date: /home/microros/microros_ws/firmware/mcu_ws/install/rcl_action/share/ament_index/resource_index/parent_prefix_path/rcl_action
-- Up-to-date: /home/microros/microros_ws/firmware/mcu_ws/install/rcl_action/share/rcl_action/environment/ament_prefix_path.sh
-- Installing: /home/microros/microros_ws/firmware/mcu_ws/install/rcl_action/share/rcl_action/environment/ament_prefix_path.dsv
-- Up-to-date: /home/microros/microros_ws/firmware/mcu_ws/install/rcl_action/share/rcl_action/environment/path.sh
-- Installing: /home/microros/microros_ws/firmware/mcu_ws/install/rcl_action/share/rcl_action/environment/path.dsv
-- Up-to-date: /home/microros/microros_ws/firmware/mcu_ws/install/rcl_action/share/rcl_action/local_setup.bash
-- Up-to-date: /home/microros/microros_ws/firmware/mcu_ws/install/rcl_action/share/rcl_action/local_setup.sh
-- Up-to-date: /home/microros/microros_ws/firmware/mcu_ws/install/rcl_action/share/rcl_action/local_setup.zsh
-- Installing: /home/microros/microros_ws/firmware/mcu_ws/install/rcl_action/share/rcl_action/local_setup.dsv
-- Installing: /home/microros/microros_ws/firmware/mcu_ws/install/rcl_action/share/rcl_action/package.dsv
-- Up-to-date: /home/microros/microros_ws/firmware/mcu_ws/install/rcl_action/share/ament_index/resource_index/packages/rcl_action
-- Up-to-date: /home/microros/microros_ws/firmware/mcu_ws/install/rcl_action/share/rcl_action/cmake/rcl_actionExport.cmake
-- Installing: /home/microros/microros_ws/firmware/mcu_ws/install/rcl_action/share/rcl_action/cmake/rcl_actionExport-relwithdebinfo.cmake
-- Up-to-date: /home/microros/microros_ws/firmware/mcu_ws/install/rcl_action/share/rcl_action/cmake/ament_cmake_export_include_directories-extras.cmake
-- Up-to-date: /home/microros/microros_ws/firmware/mcu_ws/install/rcl_action/share/rcl_action/cmake/ament_cmake_export_libraries-extras.cmake
-- Up-to-date: /home/microros/microros_ws/firmware/mcu_ws/install/rcl_action/share/rcl_action/cmake/ament_cmake_export_targets-extras.cmake
-- Up-to-date: /home/microros/microros_ws/firmware/mcu_ws/install/rcl_action/share/rcl_action/cmake/ament_cmake_export_dependencies-extras.cmake
-- Up-to-date: /home/microros/microros_ws/firmware/mcu_ws/install/rcl_action/share/rcl_action/cmake/rcl_actionConfig.cmake
-- Up-to-date: /home/microros/microros_ws/firmware/mcu_ws/install/rcl_action/share/rcl_action/cmake/rcl_actionConfig-version.cmake
-- Up-to-date: /home/microros/microros_ws/firmware/mcu_ws/install/rcl_action/share/rcl_action/package.xml
