[0.190s] Invoking command in '/home/microros/microros_ws/build/drive_base_msgs': CMAKE_PREFIX_PATH=${CMAKE_PREFIX_PATH}:/opt/ros/foxy /usr/bin/cmake --build /home/microros/microros_ws/build/drive_base_msgs -- -j4 -l4
[1.051s] [ 10%] Built target drive_base_msgs__rosidl_generator_c
[1.135s] [ 12%] Built target drive_base_msgs__cpp
[1.247s] [ 23%] Built target drive_base_msgs__rosidl_typesupport_introspection_c
[1.272s] [ 34%] Built target drive_base_msgs__rosidl_typesupport_c
[1.284s] [ 45%] Built target drive_base_msgs__rosidl_typesupport_introspection_cpp
[1.287s] [ 56%] Built target drive_base_msgs__rosidl_typesupport_cpp
[1.292s] [ 67%] Built target drive_base_msgs__rosidl_typesupport_fastrtps_cpp
[1.356s] [ 78%] Built target drive_base_msgs__rosidl_typesupport_fastrtps_c
[1.382s] [ 78%] Built target drive_base_msgs
[1.473s] [ 80%] Built target drive_base_msgs__py
[1.582s] [ 89%] Built target drive_base_msgs__python
[1.609s] [ 92%] Built target drive_base_msgs__rosidl_typesupport_fastrtps_c__pyext
[1.609s] [ 96%] Built target drive_base_msgs__rosidl_typesupport_c__pyext
[1.614s] [100%] Built target drive_base_msgs__rosidl_typesupport_introspection_c__pyext
[1.627s] Invoked command in '/home/microros/microros_ws/build/drive_base_msgs' returned '0': CMAKE_PREFIX_PATH=${CMAKE_PREFIX_PATH}:/opt/ros/foxy /usr/bin/cmake --build /home/microros/microros_ws/build/drive_base_msgs -- -j4 -l4
[1.737s] Invoking command in '/home/microros/microros_ws/build/drive_base_msgs': CMAKE_PREFIX_PATH=${CMAKE_PREFIX_PATH}:/opt/ros/foxy /usr/bin/cmake --install /home/microros/microros_ws/build/drive_base_msgs
[1.750s] -- Install configuration: ""
[1.750s] -- Up-to-date: /home/microros/microros_ws/install/drive_base_msgs/share/ament_index/resource_index/rosidl_interfaces/drive_base_msgs
[1.750s] -- Up-to-date: /home/microros/microros_ws/install/drive_base_msgs/include/drive_base_msgs
[1.750s] -- Up-to-date: /home/microros/microros_ws/install/drive_base_msgs/include/drive_base_msgs/msg
[1.750s] -- Up-to-date: /home/microros/microros_ws/install/drive_base_msgs/include/drive_base_msgs/msg/trv_command.h
[1.750s] -- Up-to-date: /home/microros/microros_ws/install/drive_base_msgs/include/drive_base_msgs/msg/detail
[1.750s] -- Up-to-date: /home/microros/microros_ws/install/drive_base_msgs/include/drive_base_msgs/msg/detail/trv_command__functions.h
[1.751s] -- Up-to-date: /home/microros/microros_ws/install/drive_base_msgs/include/drive_base_msgs/msg/detail/command_status__functions.c
[1.751s] -- Up-to-date: /home/microros/microros_ws/install/drive_base_msgs/include/drive_base_msgs/msg/detail/trv_command__struct.h
[1.751s] -- Up-to-date: /home/microros/microros_ws/install/drive_base_msgs/include/drive_base_msgs/msg/detail/trv_command__functions.c
[1.751s] -- Up-to-date: /home/microros/microros_ws/install/drive_base_msgs/include/drive_base_msgs/msg/detail/command_header__type_support.h
[1.751s] -- Up-to-date: /home/microros/microros_ws/install/drive_base_msgs/include/drive_base_msgs/msg/detail/base_info__functions.c
[1.751s] -- Up-to-date: /home/microros/microros_ws/install/drive_base_msgs/include/drive_base_msgs/msg/detail/base_info__functions.h
[1.751s] -- Up-to-date: /home/microros/microros_ws/install/drive_base_msgs/include/drive_base_msgs/msg/detail/command_header__functions.h
[1.751s] -- Up-to-date: /home/microros/microros_ws/install/drive_base_msgs/include/drive_base_msgs/msg/detail/command_header__struct.h
[1.751s] -- Up-to-date: /home/microros/microros_ws/install/drive_base_msgs/include/drive_base_msgs/msg/detail/command_header__functions.c
[1.751s] -- Up-to-date: /home/microros/microros_ws/install/drive_base_msgs/include/drive_base_msgs/msg/detail/base_info__struct.h
[1.751s] -- Up-to-date: /home/microros/microros_ws/install/drive_base_msgs/include/drive_base_msgs/msg/detail/trv_command__type_support.h
[1.751s] -- Up-to-date: /home/microros/microros_ws/install/drive_base_msgs/include/drive_base_msgs/msg/detail/command_status__struct.h
[1.751s] -- Up-to-date: /home/microros/microros_ws/install/drive_base_msgs/include/drive_base_msgs/msg/detail/command_status__functions.h
[1.751s] -- Up-to-date: /home/microros/microros_ws/install/drive_base_msgs/include/drive_base_msgs/msg/detail/command_status__type_support.h
[1.751s] -- Up-to-date: /home/microros/microros_ws/install/drive_base_msgs/include/drive_base_msgs/msg/detail/base_info__type_support.h
[1.751s] -- Up-to-date: /home/microros/microros_ws/install/drive_base_msgs/include/drive_base_msgs/msg/base_info.h
[1.751s] -- Up-to-date: /home/microros/microros_ws/install/drive_base_msgs/include/drive_base_msgs/msg/command_status.h
[1.751s] -- Up-to-date: /home/microros/microros_ws/install/drive_base_msgs/include/drive_base_msgs/msg/command_header.h
[1.752s] -- Up-to-date: /home/microros/microros_ws/install/drive_base_msgs/include/drive_base_msgs/msg/rosidl_generator_c__visibility_control.h
[1.752s] -- Up-to-date: /home/microros/microros_ws/install/drive_base_msgs/share/drive_base_msgs/environment/library_path.sh
[1.752s] -- Up-to-date: /home/microros/microros_ws/install/drive_base_msgs/share/drive_base_msgs/environment/library_path.dsv
[1.761s] -- Up-to-date: /home/microros/microros_ws/install/drive_base_msgs/lib/libdrive_base_msgs__rosidl_generator_c.so
[1.761s] -- Up-to-date: /home/microros/microros_ws/install/drive_base_msgs/include/drive_base_msgs
[1.762s] -- Up-to-date: /home/microros/microros_ws/install/drive_base_msgs/include/drive_base_msgs/msg
[1.762s] -- Up-to-date: /home/microros/microros_ws/install/drive_base_msgs/include/drive_base_msgs/msg/detail
[1.762s] -- Up-to-date: /home/microros/microros_ws/install/drive_base_msgs/include/drive_base_msgs/msg/detail/command_header__rosidl_typesupport_fastrtps_c.h
[1.762s] -- Up-to-date: /home/microros/microros_ws/install/drive_base_msgs/include/drive_base_msgs/msg/detail/trv_command__rosidl_typesupport_fastrtps_c.h
[1.762s] -- Up-to-date: /home/microros/microros_ws/install/drive_base_msgs/include/drive_base_msgs/msg/detail/command_status__rosidl_typesupport_fastrtps_c.h
[1.762s] -- Up-to-date: /home/microros/microros_ws/install/drive_base_msgs/include/drive_base_msgs/msg/detail/base_info__rosidl_typesupport_fastrtps_c.h
[1.762s] -- Up-to-date: /home/microros/microros_ws/install/drive_base_msgs/include/drive_base_msgs/msg/rosidl_typesupport_fastrtps_c__visibility_control.h
[1.763s] -- Up-to-date: /home/microros/microros_ws/install/drive_base_msgs/lib/libdrive_base_msgs__rosidl_typesupport_fastrtps_c.so
[1.763s] -- Up-to-date: /home/microros/microros_ws/install/drive_base_msgs/include/drive_base_msgs
[1.763s] -- Up-to-date: /home/microros/microros_ws/install/drive_base_msgs/include/drive_base_msgs/msg
[1.763s] -- Up-to-date: /home/microros/microros_ws/install/drive_base_msgs/include/drive_base_msgs/msg/detail
[1.764s] -- Up-to-date: /home/microros/microros_ws/install/drive_base_msgs/include/drive_base_msgs/msg/detail/dds_fastrtps
[1.764s] -- Up-to-date: /home/microros/microros_ws/install/drive_base_msgs/include/drive_base_msgs/msg/detail/trv_command__rosidl_typesupport_fastrtps_cpp.hpp
[1.764s] -- Up-to-date: /home/microros/microros_ws/install/drive_base_msgs/include/drive_base_msgs/msg/detail/base_info__rosidl_typesupport_fastrtps_cpp.hpp
[1.764s] -- Up-to-date: /home/microros/microros_ws/install/drive_base_msgs/include/drive_base_msgs/msg/detail/command_status__rosidl_typesupport_fastrtps_cpp.hpp
[1.764s] -- Up-to-date: /home/microros/microros_ws/install/drive_base_msgs/include/drive_base_msgs/msg/detail/command_header__rosidl_typesupport_fastrtps_cpp.hpp
[1.764s] -- Up-to-date: /home/microros/microros_ws/install/drive_base_msgs/include/drive_base_msgs/msg/rosidl_typesupport_fastrtps_cpp__visibility_control.h
[1.768s] -- Up-to-date: /home/microros/microros_ws/install/drive_base_msgs/lib/libdrive_base_msgs__rosidl_typesupport_fastrtps_cpp.so
[1.768s] -- Up-to-date: /home/microros/microros_ws/install/drive_base_msgs/include/drive_base_msgs
[1.769s] -- Up-to-date: /home/microros/microros_ws/install/drive_base_msgs/include/drive_base_msgs/msg
[1.769s] -- Up-to-date: /home/microros/microros_ws/install/drive_base_msgs/include/drive_base_msgs/msg/detail
[1.769s] -- Up-to-date: /home/microros/microros_ws/install/drive_base_msgs/include/drive_base_msgs/msg/detail/trv_command__type_support.c
[1.769s] -- Up-to-date: /home/microros/microros_ws/install/drive_base_msgs/include/drive_base_msgs/msg/detail/base_info__type_support.c
[1.769s] -- Up-to-date: /home/microros/microros_ws/install/drive_base_msgs/include/drive_base_msgs/msg/detail/command_status__rosidl_typesupport_introspection_c.h
[1.769s] -- Up-to-date: /home/microros/microros_ws/install/drive_base_msgs/include/drive_base_msgs/msg/detail/base_info__rosidl_typesupport_introspection_c.h
[1.769s] -- Up-to-date: /home/microros/microros_ws/install/drive_base_msgs/include/drive_base_msgs/msg/detail/command_header__rosidl_typesupport_introspection_c.h
[1.769s] -- Up-to-date: /home/microros/microros_ws/install/drive_base_msgs/include/drive_base_msgs/msg/detail/trv_command__rosidl_typesupport_introspection_c.h
[1.769s] -- Up-to-date: /home/microros/microros_ws/install/drive_base_msgs/include/drive_base_msgs/msg/detail/command_status__type_support.c
[1.769s] -- Up-to-date: /home/microros/microros_ws/install/drive_base_msgs/include/drive_base_msgs/msg/detail/command_header__type_support.c
[1.769s] -- Up-to-date: /home/microros/microros_ws/install/drive_base_msgs/include/drive_base_msgs/msg/rosidl_typesupport_introspection_c__visibility_control.h
[1.769s] -- Up-to-date: /home/microros/microros_ws/install/drive_base_msgs/lib/libdrive_base_msgs__rosidl_typesupport_introspection_c.so
[1.769s] -- Up-to-date: /home/microros/microros_ws/install/drive_base_msgs/lib/libdrive_base_msgs__rosidl_typesupport_c.so
[1.770s] -- Up-to-date: /home/microros/microros_ws/install/drive_base_msgs/include/drive_base_msgs
[1.770s] -- Up-to-date: /home/microros/microros_ws/install/drive_base_msgs/include/drive_base_msgs/msg
[1.770s] -- Up-to-date: /home/microros/microros_ws/install/drive_base_msgs/include/drive_base_msgs/msg/detail
[1.770s] -- Up-to-date: /home/microros/microros_ws/install/drive_base_msgs/include/drive_base_msgs/msg/detail/base_info__traits.hpp
[1.770s] -- Up-to-date: /home/microros/microros_ws/install/drive_base_msgs/include/drive_base_msgs/msg/detail/base_info__struct.hpp
[1.770s] -- Up-to-date: /home/microros/microros_ws/install/drive_base_msgs/include/drive_base_msgs/msg/detail/command_status__struct.hpp
[1.771s] -- Up-to-date: /home/microros/microros_ws/install/drive_base_msgs/include/drive_base_msgs/msg/detail/trv_command__struct.hpp
[1.771s] -- Up-to-date: /home/microros/microros_ws/install/drive_base_msgs/include/drive_base_msgs/msg/detail/command_header__struct.hpp
[1.771s] -- Up-to-date: /home/microros/microros_ws/install/drive_base_msgs/include/drive_base_msgs/msg/detail/command_status__traits.hpp
[1.771s] -- Up-to-date: /home/microros/microros_ws/install/drive_base_msgs/include/drive_base_msgs/msg/detail/command_header__traits.hpp
[1.771s] -- Up-to-date: /home/microros/microros_ws/install/drive_base_msgs/include/drive_base_msgs/msg/detail/command_header__builder.hpp
[1.771s] -- Up-to-date: /home/microros/microros_ws/install/drive_base_msgs/include/drive_base_msgs/msg/detail/base_info__builder.hpp
[1.771s] -- Up-to-date: /home/microros/microros_ws/install/drive_base_msgs/include/drive_base_msgs/msg/detail/command_status__builder.hpp
[1.771s] -- Up-to-date: /home/microros/microros_ws/install/drive_base_msgs/include/drive_base_msgs/msg/detail/trv_command__builder.hpp
[1.771s] -- Up-to-date: /home/microros/microros_ws/install/drive_base_msgs/include/drive_base_msgs/msg/detail/trv_command__traits.hpp
[1.771s] -- Up-to-date: /home/microros/microros_ws/install/drive_base_msgs/include/drive_base_msgs/msg/base_info.hpp
[1.771s] -- Up-to-date: /home/microros/microros_ws/install/drive_base_msgs/include/drive_base_msgs/msg/command_status.hpp
[1.771s] -- Up-to-date: /home/microros/microros_ws/install/drive_base_msgs/include/drive_base_msgs/msg/trv_command.hpp
[1.771s] -- Up-to-date: /home/microros/microros_ws/install/drive_base_msgs/include/drive_base_msgs/msg/command_header.hpp
[1.771s] -- Up-to-date: /home/microros/microros_ws/install/drive_base_msgs/include/drive_base_msgs
[1.771s] -- Up-to-date: /home/microros/microros_ws/install/drive_base_msgs/include/drive_base_msgs/msg
[1.771s] -- Up-to-date: /home/microros/microros_ws/install/drive_base_msgs/include/drive_base_msgs/msg/detail
[1.772s] -- Up-to-date: /home/microros/microros_ws/install/drive_base_msgs/include/drive_base_msgs/msg/detail/base_info__rosidl_typesupport_introspection_cpp.hpp
[1.772s] -- Up-to-date: /home/microros/microros_ws/install/drive_base_msgs/include/drive_base_msgs/msg/detail/command_header__rosidl_typesupport_introspection_cpp.hpp
[1.772s] -- Up-to-date: /home/microros/microros_ws/install/drive_base_msgs/include/drive_base_msgs/msg/detail/trv_command__rosidl_typesupport_introspection_cpp.hpp
[1.772s] -- Up-to-date: /home/microros/microros_ws/install/drive_base_msgs/include/drive_base_msgs/msg/detail/command_header__type_support.cpp
[1.772s] -- Up-to-date: /home/microros/microros_ws/install/drive_base_msgs/include/drive_base_msgs/msg/detail/trv_command__type_support.cpp
[1.772s] -- Up-to-date: /home/microros/microros_ws/install/drive_base_msgs/include/drive_base_msgs/msg/detail/command_status__rosidl_typesupport_introspection_cpp.hpp
[1.772s] -- Up-to-date: /home/microros/microros_ws/install/drive_base_msgs/include/drive_base_msgs/msg/detail/command_status__type_support.cpp
[1.772s] -- Up-to-date: /home/microros/microros_ws/install/drive_base_msgs/include/drive_base_msgs/msg/detail/base_info__type_support.cpp
[1.772s] -- Up-to-date: /home/microros/microros_ws/install/drive_base_msgs/lib/libdrive_base_msgs__rosidl_typesupport_introspection_cpp.so
[1.786s] -- Up-to-date: /home/microros/microros_ws/install/drive_base_msgs/lib/libdrive_base_msgs__rosidl_typesupport_cpp.so
[1.788s] -- Up-to-date: /home/microros/microros_ws/install/drive_base_msgs/share/drive_base_msgs/environment/pythonpath.sh
[1.788s] -- Up-to-date: /home/microros/microros_ws/install/drive_base_msgs/share/drive_base_msgs/environment/pythonpath.dsv
[1.789s] -- Up-to-date: /home/microros/microros_ws/install/drive_base_msgs/lib/python3.8/site-packages/drive_base_msgs/__init__.py
[1.901s] -- Up-to-date: /home/microros/microros_ws/install/drive_base_msgs/lib/python3.8/site-packages/drive_base_msgs/msg
[1.901s] -- Up-to-date: /home/microros/microros_ws/install/drive_base_msgs/lib/python3.8/site-packages/drive_base_msgs/msg/_trv_command.py
[1.901s] -- Up-to-date: /home/microros/microros_ws/install/drive_base_msgs/lib/python3.8/site-packages/drive_base_msgs/msg/_command_status_s.c
[1.902s] -- Up-to-date: /home/microros/microros_ws/install/drive_base_msgs/lib/python3.8/site-packages/drive_base_msgs/msg/_base_info_s.c
[1.902s] -- Up-to-date: /home/microros/microros_ws/install/drive_base_msgs/lib/python3.8/site-packages/drive_base_msgs/msg/_command_header.py
[1.902s] -- Up-to-date: /home/microros/microros_ws/install/drive_base_msgs/lib/python3.8/site-packages/drive_base_msgs/msg/_command_header_s.c
[1.902s] -- Up-to-date: /home/microros/microros_ws/install/drive_base_msgs/lib/python3.8/site-packages/drive_base_msgs/msg/_trv_command_s.c
[1.902s] -- Up-to-date: /home/microros/microros_ws/install/drive_base_msgs/lib/python3.8/site-packages/drive_base_msgs/msg/__init__.py
[1.902s] -- Up-to-date: /home/microros/microros_ws/install/drive_base_msgs/lib/python3.8/site-packages/drive_base_msgs/msg/_command_status.py
[1.902s] -- Up-to-date: /home/microros/microros_ws/install/drive_base_msgs/lib/python3.8/site-packages/drive_base_msgs/msg/_base_info.py
[1.902s] -- Up-to-date: /home/microros/microros_ws/install/drive_base_msgs/lib/python3.8/site-packages/drive_base_msgs/drive_base_msgs_s__rosidl_typesupport_fastrtps_c.cpython-38-x86_64-linux-gnu.so
[1.904s] -- Up-to-date: /home/microros/microros_ws/install/drive_base_msgs/lib/python3.8/site-packages/drive_base_msgs/drive_base_msgs_s__rosidl_typesupport_introspection_c.cpython-38-x86_64-linux-gnu.so
[1.905s] -- Up-to-date: /home/microros/microros_ws/install/drive_base_msgs/lib/python3.8/site-packages/drive_base_msgs/drive_base_msgs_s__rosidl_typesupport_c.cpython-38-x86_64-linux-gnu.so
[1.928s] -- Up-to-date: /home/microros/microros_ws/install/drive_base_msgs/lib/libdrive_base_msgs__python.so
[1.928s] -- Up-to-date: /home/microros/microros_ws/install/drive_base_msgs/share/drive_base_msgs/msg/CommandHeader.idl
[1.929s] -- Up-to-date: /home/microros/microros_ws/install/drive_base_msgs/share/drive_base_msgs/msg/BaseInfo.idl
[1.929s] -- Up-to-date: /home/microros/microros_ws/install/drive_base_msgs/share/drive_base_msgs/msg/CommandStatus.idl
[1.929s] -- Up-to-date: /home/microros/microros_ws/install/drive_base_msgs/share/drive_base_msgs/msg/TRVCommand.idl
[1.929s] -- Up-to-date: /home/microros/microros_ws/install/drive_base_msgs/share/drive_base_msgs/msg/CommandHeader.msg
[1.929s] -- Up-to-date: /home/microros/microros_ws/install/drive_base_msgs/share/drive_base_msgs/msg/BaseInfo.msg
[1.929s] -- Up-to-date: /home/microros/microros_ws/install/drive_base_msgs/share/drive_base_msgs/msg/CommandStatus.msg
[1.930s] -- Up-to-date: /home/microros/microros_ws/install/drive_base_msgs/share/drive_base_msgs/msg/TRVCommand.msg
[1.930s] -- Up-to-date: /home/microros/microros_ws/install/drive_base_msgs/share/ament_index/resource_index/package_run_dependencies/drive_base_msgs
[1.930s] -- Up-to-date: /home/microros/microros_ws/install/drive_base_msgs/share/ament_index/resource_index/parent_prefix_path/drive_base_msgs
[1.930s] -- Up-to-date: /home/microros/microros_ws/install/drive_base_msgs/share/drive_base_msgs/environment/ament_prefix_path.sh
[1.930s] -- Up-to-date: /home/microros/microros_ws/install/drive_base_msgs/share/drive_base_msgs/environment/ament_prefix_path.dsv
[1.930s] -- Up-to-date: /home/microros/microros_ws/install/drive_base_msgs/share/drive_base_msgs/environment/path.sh
[1.930s] -- Up-to-date: /home/microros/microros_ws/install/drive_base_msgs/share/drive_base_msgs/environment/path.dsv
[1.930s] -- Up-to-date: /home/microros/microros_ws/install/drive_base_msgs/share/drive_base_msgs/local_setup.bash
[1.930s] -- Up-to-date: /home/microros/microros_ws/install/drive_base_msgs/share/drive_base_msgs/local_setup.sh
[1.930s] -- Up-to-date: /home/microros/microros_ws/install/drive_base_msgs/share/drive_base_msgs/local_setup.zsh
[1.931s] -- Up-to-date: /home/microros/microros_ws/install/drive_base_msgs/share/drive_base_msgs/local_setup.dsv
[1.931s] -- Installing: /home/microros/microros_ws/install/drive_base_msgs/share/drive_base_msgs/package.dsv
[1.947s] -- Up-to-date: /home/microros/microros_ws/install/drive_base_msgs/share/ament_index/resource_index/packages/drive_base_msgs
[1.974s] -- Up-to-date: /home/microros/microros_ws/install/drive_base_msgs/share/drive_base_msgs/cmake/drive_base_msgs__rosidl_generator_cExport.cmake
[1.974s] -- Up-to-date: /home/microros/microros_ws/install/drive_base_msgs/share/drive_base_msgs/cmake/drive_base_msgs__rosidl_generator_cExport-noconfig.cmake
[1.975s] -- Up-to-date: /home/microros/microros_ws/install/drive_base_msgs/share/drive_base_msgs/cmake/drive_base_msgs__rosidl_typesupport_introspection_cExport.cmake
[1.975s] -- Up-to-date: /home/microros/microros_ws/install/drive_base_msgs/share/drive_base_msgs/cmake/drive_base_msgs__rosidl_typesupport_introspection_cExport-noconfig.cmake
[1.976s] -- Up-to-date: /home/microros/microros_ws/install/drive_base_msgs/share/drive_base_msgs/cmake/drive_base_msgs__rosidl_typesupport_cExport.cmake
[1.977s] -- Up-to-date: /home/microros/microros_ws/install/drive_base_msgs/share/drive_base_msgs/cmake/drive_base_msgs__rosidl_typesupport_cExport-noconfig.cmake
[1.983s] -- Up-to-date: /home/microros/microros_ws/install/drive_base_msgs/share/drive_base_msgs/cmake/drive_base_msgs__rosidl_generator_cppExport.cmake
[1.985s] -- Up-to-date: /home/microros/microros_ws/install/drive_base_msgs/share/drive_base_msgs/cmake/drive_base_msgs__rosidl_typesupport_introspection_cppExport.cmake
[1.985s] -- Up-to-date: /home/microros/microros_ws/install/drive_base_msgs/share/drive_base_msgs/cmake/drive_base_msgs__rosidl_typesupport_introspection_cppExport-noconfig.cmake
[1.986s] -- Up-to-date: /home/microros/microros_ws/install/drive_base_msgs/share/drive_base_msgs/cmake/drive_base_msgs__rosidl_typesupport_cppExport.cmake
[1.986s] -- Up-to-date: /home/microros/microros_ws/install/drive_base_msgs/share/drive_base_msgs/cmake/drive_base_msgs__rosidl_typesupport_cppExport-noconfig.cmake
[1.986s] -- Up-to-date: /home/microros/microros_ws/install/drive_base_msgs/share/drive_base_msgs/cmake/rosidl_cmake-extras.cmake
[1.987s] -- Up-to-date: /home/microros/microros_ws/install/drive_base_msgs/share/drive_base_msgs/cmake/ament_cmake_export_dependencies-extras.cmake
[1.987s] -- Up-to-date: /home/microros/microros_ws/install/drive_base_msgs/share/drive_base_msgs/cmake/ament_cmake_export_libraries-extras.cmake
[1.987s] -- Up-to-date: /home/microros/microros_ws/install/drive_base_msgs/share/drive_base_msgs/cmake/ament_cmake_export_targets-extras.cmake
[1.987s] -- Up-to-date: /home/microros/microros_ws/install/drive_base_msgs/share/drive_base_msgs/cmake/ament_cmake_export_include_directories-extras.cmake
[1.987s] -- Up-to-date: /home/microros/microros_ws/install/drive_base_msgs/share/drive_base_msgs/cmake/rosidl_cmake_export_typesupport_libraries-extras.cmake
[1.988s] -- Up-to-date: /home/microros/microros_ws/install/drive_base_msgs/share/drive_base_msgs/cmake/rosidl_cmake_export_typesupport_targets-extras.cmake
[1.988s] -- Up-to-date: /home/microros/microros_ws/install/drive_base_msgs/share/drive_base_msgs/cmake/drive_base_msgsConfig.cmake
[1.988s] -- Up-to-date: /home/microros/microros_ws/install/drive_base_msgs/share/drive_base_msgs/cmake/drive_base_msgsConfig-version.cmake
[1.988s] -- Up-to-date: /home/microros/microros_ws/install/drive_base_msgs/share/drive_base_msgs/package.xml
[2.006s] Invoked command in '/home/microros/microros_ws/build/drive_base_msgs' returned '0': CMAKE_PREFIX_PATH=${CMAKE_PREFIX_PATH}:/opt/ros/foxy /usr/bin/cmake --install /home/microros/microros_ws/build/drive_base_msgs
