make[4]: Entering directory '/home/microros/microros_ws/firmware/mcu_ws/build/libyaml_vendor'
/usr/bin/cmake -S/home/microros/microros_ws/firmware/mcu_ws/ros2/libyaml_vendor -B/home/microros/microros_ws/firmware/mcu_ws/build/libyaml_vendor --check-build-system CMakeFiles/Makefile.cmake 0
Re-run cmake file: Makefile older than: /home/microros/microros_ws/firmware/apps/uros/arm_toolchain.cmake
-- Found ament_cmake: 0.9.6 (/home/microros/microros_ws/firmware/dev_ws/install/ament_cmake/share/ament_cmake/cmake)
-- Using PYTHON_EXECUTABLE: /usr/bin/python3
-- Configuring done
-- Generating done
-- Build files have been written to: /home/microros/microros_ws/firmware/mcu_ws/build/libyaml_vendor
/usr/bin/cmake -E cmake_progress_start /home/microros/microros_ws/firmware/mcu_ws/build/libyaml_vendor/CMakeFiles /home/microros/microros_ws/firmware/mcu_ws/build/libyaml_vendor/CMakeFiles/progress.marks
/usr/bin/make -f CMakeFiles/Makefile2 all
make[5]: Entering directory '/home/microros/microros_ws/firmware/mcu_ws/build/libyaml_vendor'
/usr/bin/make -f CMakeFiles/libyaml-10c9078.dir/build.make CMakeFiles/libyaml-10c9078.dir/depend
make[6]: Entering directory '/home/microros/microros_ws/firmware/mcu_ws/build/libyaml_vendor'
cd /home/microros/microros_ws/firmware/mcu_ws/build/libyaml_vendor && /usr/bin/cmake -E cmake_depends "Unix Makefiles" /home/microros/microros_ws/firmware/mcu_ws/ros2/libyaml_vendor /home/microros/microros_ws/firmware/mcu_ws/ros2/libyaml_vendor /home/microros/microros_ws/firmware/mcu_ws/build/libyaml_vendor /home/microros/microros_ws/firmware/mcu_ws/build/libyaml_vendor /home/microros/microros_ws/firmware/mcu_ws/build/libyaml_vendor/CMakeFiles/libyaml-10c9078.dir/DependInfo.cmake --color=
make[6]: Leaving directory '/home/microros/microros_ws/firmware/mcu_ws/build/libyaml_vendor'
/usr/bin/make -f CMakeFiles/libyaml-10c9078.dir/build.make CMakeFiles/libyaml-10c9078.dir/build
make[6]: Entering directory '/home/microros/microros_ws/firmware/mcu_ws/build/libyaml_vendor'
make[6]: Nothing to be done for 'CMakeFiles/libyaml-10c9078.dir/build'.
make[6]: Leaving directory '/home/microros/microros_ws/firmware/mcu_ws/build/libyaml_vendor'
[100%] Built target libyaml-10c9078
make[5]: Leaving directory '/home/microros/microros_ws/firmware/mcu_ws/build/libyaml_vendor'
/usr/bin/cmake -E cmake_progress_start /home/microros/microros_ws/firmware/mcu_ws/build/libyaml_vendor/CMakeFiles 0
make[4]: Leaving directory '/home/microros/microros_ws/firmware/mcu_ws/build/libyaml_vendor'
-- Install configuration: "RelWithDebInfo"
-- Up-to-date: /home/microros/microros_ws/firmware/mcu_ws/install/libyaml_vendor
-- Up-to-date: /home/microros/microros_ws/firmware/mcu_ws/install/libyaml_vendor/cmake
-- Up-to-date: /home/microros/microros_ws/firmware/mcu_ws/install/libyaml_vendor/cmake/yamlConfigVersion.cmake
-- Up-to-date: /home/microros/microros_ws/firmware/mcu_ws/install/libyaml_vendor/cmake/yamlConfig.cmake
-- Up-to-date: /home/microros/microros_ws/firmware/mcu_ws/install/libyaml_vendor/cmake/yamlTargets-relwithdebinfo.cmake
-- Up-to-date: /home/microros/microros_ws/firmware/mcu_ws/install/libyaml_vendor/cmake/yamlTargets.cmake
-- Up-to-date: /home/microros/microros_ws/firmware/mcu_ws/install/libyaml_vendor/include
-- Up-to-date: /home/microros/microros_ws/firmware/mcu_ws/install/libyaml_vendor/include/yaml.h
-- Up-to-date: /home/microros/microros_ws/firmware/mcu_ws/install/libyaml_vendor/lib
-- Up-to-date: /home/microros/microros_ws/firmware/mcu_ws/install/libyaml_vendor/lib/libyaml.a
-- Up-to-date: /home/microros/microros_ws/firmware/mcu_ws/install/libyaml_vendor/share/libyaml_vendor/environment/library_path.sh
-- Installing: /home/microros/microros_ws/firmware/mcu_ws/install/libyaml_vendor/share/libyaml_vendor/environment/library_path.dsv
-- Up-to-date: /home/microros/microros_ws/firmware/mcu_ws/install/libyaml_vendor/share/ament_index/resource_index/package_run_dependencies/libyaml_vendor
-- Up-to-date: /home/microros/microros_ws/firmware/mcu_ws/install/libyaml_vendor/share/ament_index/resource_index/parent_prefix_path/libyaml_vendor
-- Up-to-date: /home/microros/microros_ws/firmware/mcu_ws/install/libyaml_vendor/share/libyaml_vendor/environment/ament_prefix_path.sh
-- Installing: /home/microros/microros_ws/firmware/mcu_ws/install/libyaml_vendor/share/libyaml_vendor/environment/ament_prefix_path.dsv
-- Up-to-date: /home/microros/microros_ws/firmware/mcu_ws/install/libyaml_vendor/share/libyaml_vendor/environment/path.sh
-- Installing: /home/microros/microros_ws/firmware/mcu_ws/install/libyaml_vendor/share/libyaml_vendor/environment/path.dsv
-- Up-to-date: /home/microros/microros_ws/firmware/mcu_ws/install/libyaml_vendor/share/libyaml_vendor/local_setup.bash
-- Up-to-date: /home/microros/microros_ws/firmware/mcu_ws/install/libyaml_vendor/share/libyaml_vendor/local_setup.sh
-- Up-to-date: /home/microros/microros_ws/firmware/mcu_ws/install/libyaml_vendor/share/libyaml_vendor/local_setup.zsh
-- Installing: /home/microros/microros_ws/firmware/mcu_ws/install/libyaml_vendor/share/libyaml_vendor/local_setup.dsv
-- Installing: /home/microros/microros_ws/firmware/mcu_ws/install/libyaml_vendor/share/libyaml_vendor/package.dsv
-- Up-to-date: /home/microros/microros_ws/firmware/mcu_ws/install/libyaml_vendor/share/ament_index/resource_index/packages/libyaml_vendor
-- Up-to-date: /home/microros/microros_ws/firmware/mcu_ws/install/libyaml_vendor/share/libyaml_vendor/cmake/libyaml_vendor-extras.cmake
-- Up-to-date: /home/microros/microros_ws/firmware/mcu_ws/install/libyaml_vendor/share/libyaml_vendor/cmake/ament_cmake_export_libraries-extras.cmake
-- Up-to-date: /home/microros/microros_ws/firmware/mcu_ws/install/libyaml_vendor/share/libyaml_vendor/cmake/ament_cmake_export_dependencies-extras.cmake
-- Up-to-date: /home/microros/microros_ws/firmware/mcu_ws/install/libyaml_vendor/share/libyaml_vendor/cmake/libyaml_vendorConfig.cmake
-- Up-to-date: /home/microros/microros_ws/firmware/mcu_ws/install/libyaml_vendor/share/libyaml_vendor/cmake/libyaml_vendorConfig-version.cmake
-- Up-to-date: /home/microros/microros_ws/firmware/mcu_ws/install/libyaml_vendor/share/libyaml_vendor/package.xml
