[0.030s] Invoking command in '/home/microros/microros_ws/firmware/mcu_ws/build/libyaml_vendor': CMAKE_PREFIX_PATH=${CMAKE_PREFIX_PATH}:/home/microros/microros_ws/firmware/dev_ws/install/ament_uncrustify:/home/microros/microros_ws/firmware/dev_ws/install/domain_coordinator:/home/microros/microros_ws/firmware/dev_ws/install/ament_xmllint:/home/microros/microros_ws/firmware/dev_ws/install/ament_pyflakes:/home/microros/microros_ws/firmware/dev_ws/install/ament_pycodestyle:/home/microros/microros_ws/firmware/dev_ws/install/ament_pep257:/home/microros/microros_ws/firmware/dev_ws/install/ament_pclint:/home/microros/microros_ws/firmware/dev_ws/install/ament_package:/home/microros/microros_ws/firmware/dev_ws/install/ament_mypy:/home/microros/microros_ws/firmware/dev_ws/install/ament_lint_cmake:/home/microros/microros_ws/firmware/dev_ws/install/ament_flake8:/home/microros/microros_ws/firmware/dev_ws/install/ament_copyright:/home/microros/microros_ws/firmware/dev_ws/install/ament_lint:/home/microros/microros_ws/firmware/dev_ws/install/ament_index_python:/home/microros/microros_ws/firmware/dev_ws/install/ament_cpplint:/home/microros/microros_ws/firmware/dev_ws/install/ament_cppcheck:/home/microros/microros_ws/firmware/dev_ws/install/ament_clang_tidy:/home/microros/microros_ws/firmware/dev_ws/install/ament_clang_format /usr/bin/cmake --build /home/microros/microros_ws/firmware/mcu_ws/build/libyaml_vendor -- -j4 -l4
[0.051s] make[4]: Entering directory '/home/microros/microros_ws/firmware/mcu_ws/build/libyaml_vendor'
[0.051s] /usr/bin/cmake -S/home/microros/microros_ws/firmware/mcu_ws/ros2/libyaml_vendor -B/home/microros/microros_ws/firmware/mcu_ws/build/libyaml_vendor --check-build-system CMakeFiles/Makefile.cmake 0
[0.063s] Re-run cmake file: Makefile older than: /home/microros/microros_ws/firmware/apps/uros/arm_toolchain.cmake
[0.073s] -- Found ament_cmake: 0.9.6 (/home/microros/microros_ws/firmware/dev_ws/install/ament_cmake/share/ament_cmake/cmake)
[0.127s] -- Using PYTHON_EXECUTABLE: /usr/bin/python3
[0.545s] -- Configuring done
[0.549s] -- Generating done
[0.553s] -- Build files have been written to: /home/microros/microros_ws/firmware/mcu_ws/build/libyaml_vendor
[0.553s] /usr/bin/cmake -E cmake_progress_start /home/microros/microros_ws/firmware/mcu_ws/build/libyaml_vendor/CMakeFiles /home/microros/microros_ws/firmware/mcu_ws/build/libyaml_vendor/CMakeFiles/progress.marks
[0.561s] /usr/bin/make -f CMakeFiles/Makefile2 all
[0.561s] make[5]: Entering directory '/home/microros/microros_ws/firmware/mcu_ws/build/libyaml_vendor'
[0.562s] /usr/bin/make -f CMakeFiles/libyaml-10c9078.dir/build.make CMakeFiles/libyaml-10c9078.dir/depend
[0.566s] make[6]: Entering directory '/home/microros/microros_ws/firmware/mcu_ws/build/libyaml_vendor'
[0.566s] cd /home/microros/microros_ws/firmware/mcu_ws/build/libyaml_vendor && /usr/bin/cmake -E cmake_depends "Unix Makefiles" /home/microros/microros_ws/firmware/mcu_ws/ros2/libyaml_vendor /home/microros/microros_ws/firmware/mcu_ws/ros2/libyaml_vendor /home/microros/microros_ws/firmware/mcu_ws/build/libyaml_vendor /home/microros/microros_ws/firmware/mcu_ws/build/libyaml_vendor /home/microros/microros_ws/firmware/mcu_ws/build/libyaml_vendor/CMakeFiles/libyaml-10c9078.dir/DependInfo.cmake --color=
[0.579s] make[6]: Leaving directory '/home/microros/microros_ws/firmware/mcu_ws/build/libyaml_vendor'
[0.585s] /usr/bin/make -f CMakeFiles/libyaml-10c9078.dir/build.make CMakeFiles/libyaml-10c9078.dir/build
[0.588s] make[6]: Entering directory '/home/microros/microros_ws/firmware/mcu_ws/build/libyaml_vendor'
[0.588s] make[6]: Nothing to be done for 'CMakeFiles/libyaml-10c9078.dir/build'.
[0.588s] make[6]: Leaving directory '/home/microros/microros_ws/firmware/mcu_ws/build/libyaml_vendor'
[0.593s] [100%] Built target libyaml-10c9078
[0.600s] make[5]: Leaving directory '/home/microros/microros_ws/firmware/mcu_ws/build/libyaml_vendor'
[0.600s] /usr/bin/cmake -E cmake_progress_start /home/microros/microros_ws/firmware/mcu_ws/build/libyaml_vendor/CMakeFiles 0
[0.604s] make[4]: Leaving directory '/home/microros/microros_ws/firmware/mcu_ws/build/libyaml_vendor'
[0.616s] Invoked command in '/home/microros/microros_ws/firmware/mcu_ws/build/libyaml_vendor' returned '0': CMAKE_PREFIX_PATH=${CMAKE_PREFIX_PATH}:/home/microros/microros_ws/firmware/dev_ws/install/ament_uncrustify:/home/microros/microros_ws/firmware/dev_ws/install/domain_coordinator:/home/microros/microros_ws/firmware/dev_ws/install/ament_xmllint:/home/microros/microros_ws/firmware/dev_ws/install/ament_pyflakes:/home/microros/microros_ws/firmware/dev_ws/install/ament_pycodestyle:/home/microros/microros_ws/firmware/dev_ws/install/ament_pep257:/home/microros/microros_ws/firmware/dev_ws/install/ament_pclint:/home/microros/microros_ws/firmware/dev_ws/install/ament_package:/home/microros/microros_ws/firmware/dev_ws/install/ament_mypy:/home/microros/microros_ws/firmware/dev_ws/install/ament_lint_cmake:/home/microros/microros_ws/firmware/dev_ws/install/ament_flake8:/home/microros/microros_ws/firmware/dev_ws/install/ament_copyright:/home/microros/microros_ws/firmware/dev_ws/install/ament_lint:/home/microros/microros_ws/firmware/dev_ws/install/ament_index_python:/home/microros/microros_ws/firmware/dev_ws/install/ament_cpplint:/home/microros/microros_ws/firmware/dev_ws/install/ament_cppcheck:/home/microros/microros_ws/firmware/dev_ws/install/ament_clang_tidy:/home/microros/microros_ws/firmware/dev_ws/install/ament_clang_format /usr/bin/cmake --build /home/microros/microros_ws/firmware/mcu_ws/build/libyaml_vendor -- -j4 -l4
[0.659s] Invoking command in '/home/microros/microros_ws/firmware/mcu_ws/build/libyaml_vendor': CMAKE_PREFIX_PATH=${CMAKE_PREFIX_PATH}:/home/microros/microros_ws/firmware/dev_ws/install/ament_uncrustify:/home/microros/microros_ws/firmware/dev_ws/install/domain_coordinator:/home/microros/microros_ws/firmware/dev_ws/install/ament_xmllint:/home/microros/microros_ws/firmware/dev_ws/install/ament_pyflakes:/home/microros/microros_ws/firmware/dev_ws/install/ament_pycodestyle:/home/microros/microros_ws/firmware/dev_ws/install/ament_pep257:/home/microros/microros_ws/firmware/dev_ws/install/ament_pclint:/home/microros/microros_ws/firmware/dev_ws/install/ament_package:/home/microros/microros_ws/firmware/dev_ws/install/ament_mypy:/home/microros/microros_ws/firmware/dev_ws/install/ament_lint_cmake:/home/microros/microros_ws/firmware/dev_ws/install/ament_flake8:/home/microros/microros_ws/firmware/dev_ws/install/ament_copyright:/home/microros/microros_ws/firmware/dev_ws/install/ament_lint:/home/microros/microros_ws/firmware/dev_ws/install/ament_index_python:/home/microros/microros_ws/firmware/dev_ws/install/ament_cpplint:/home/microros/microros_ws/firmware/dev_ws/install/ament_cppcheck:/home/microros/microros_ws/firmware/dev_ws/install/ament_clang_tidy:/home/microros/microros_ws/firmware/dev_ws/install/ament_clang_format /usr/bin/cmake --install /home/microros/microros_ws/firmware/mcu_ws/build/libyaml_vendor
[0.677s] -- Install configuration: "RelWithDebInfo"
[0.677s] -- Up-to-date: /home/microros/microros_ws/firmware/mcu_ws/install/libyaml_vendor
[0.677s] -- Up-to-date: /home/microros/microros_ws/firmware/mcu_ws/install/libyaml_vendor/cmake
[0.677s] -- Up-to-date: /home/microros/microros_ws/firmware/mcu_ws/install/libyaml_vendor/cmake/yamlConfigVersion.cmake
[0.678s] -- Up-to-date: /home/microros/microros_ws/firmware/mcu_ws/install/libyaml_vendor/cmake/yamlConfig.cmake
[0.678s] -- Up-to-date: /home/microros/microros_ws/firmware/mcu_ws/install/libyaml_vendor/cmake/yamlTargets-relwithdebinfo.cmake
[0.678s] -- Up-to-date: /home/microros/microros_ws/firmware/mcu_ws/install/libyaml_vendor/cmake/yamlTargets.cmake
[0.678s] -- Up-to-date: /home/microros/microros_ws/firmware/mcu_ws/install/libyaml_vendor/include
[0.678s] -- Up-to-date: /home/microros/microros_ws/firmware/mcu_ws/install/libyaml_vendor/include/yaml.h
[0.679s] -- Up-to-date: /home/microros/microros_ws/firmware/mcu_ws/install/libyaml_vendor/lib
[0.679s] -- Up-to-date: /home/microros/microros_ws/firmware/mcu_ws/install/libyaml_vendor/lib/libyaml.a
[0.679s] -- Up-to-date: /home/microros/microros_ws/firmware/mcu_ws/install/libyaml_vendor/share/libyaml_vendor/environment/library_path.sh
[0.680s] -- Installing: /home/microros/microros_ws/firmware/mcu_ws/install/libyaml_vendor/share/libyaml_vendor/environment/library_path.dsv
[0.680s] -- Up-to-date: /home/microros/microros_ws/firmware/mcu_ws/install/libyaml_vendor/share/ament_index/resource_index/package_run_dependencies/libyaml_vendor
[0.680s] -- Up-to-date: /home/microros/microros_ws/firmware/mcu_ws/install/libyaml_vendor/share/ament_index/resource_index/parent_prefix_path/libyaml_vendor
[0.681s] -- Up-to-date: /home/microros/microros_ws/firmware/mcu_ws/install/libyaml_vendor/share/libyaml_vendor/environment/ament_prefix_path.sh
[0.681s] -- Installing: /home/microros/microros_ws/firmware/mcu_ws/install/libyaml_vendor/share/libyaml_vendor/environment/ament_prefix_path.dsv
[0.681s] -- Up-to-date: /home/microros/microros_ws/firmware/mcu_ws/install/libyaml_vendor/share/libyaml_vendor/environment/path.sh
[0.682s] -- Installing: /home/microros/microros_ws/firmware/mcu_ws/install/libyaml_vendor/share/libyaml_vendor/environment/path.dsv
[0.682s] -- Up-to-date: /home/microros/microros_ws/firmware/mcu_ws/install/libyaml_vendor/share/libyaml_vendor/local_setup.bash
[0.682s] -- Up-to-date: /home/microros/microros_ws/firmware/mcu_ws/install/libyaml_vendor/share/libyaml_vendor/local_setup.sh
[0.683s] -- Up-to-date: /home/microros/microros_ws/firmware/mcu_ws/install/libyaml_vendor/share/libyaml_vendor/local_setup.zsh
[0.683s] -- Installing: /home/microros/microros_ws/firmware/mcu_ws/install/libyaml_vendor/share/libyaml_vendor/local_setup.dsv
[0.683s] -- Installing: /home/microros/microros_ws/firmware/mcu_ws/install/libyaml_vendor/share/libyaml_vendor/package.dsv
[0.684s] -- Up-to-date: /home/microros/microros_ws/firmware/mcu_ws/install/libyaml_vendor/share/ament_index/resource_index/packages/libyaml_vendor
[0.684s] -- Up-to-date: /home/microros/microros_ws/firmware/mcu_ws/install/libyaml_vendor/share/libyaml_vendor/cmake/libyaml_vendor-extras.cmake
[0.684s] -- Up-to-date: /home/microros/microros_ws/firmware/mcu_ws/install/libyaml_vendor/share/libyaml_vendor/cmake/ament_cmake_export_libraries-extras.cmake
[0.685s] -- Up-to-date: /home/microros/microros_ws/firmware/mcu_ws/install/libyaml_vendor/share/libyaml_vendor/cmake/ament_cmake_export_dependencies-extras.cmake
[0.685s] -- Up-to-date: /home/microros/microros_ws/firmware/mcu_ws/install/libyaml_vendor/share/libyaml_vendor/cmake/libyaml_vendorConfig.cmake
[0.685s] -- Up-to-date: /home/microros/microros_ws/firmware/mcu_ws/install/libyaml_vendor/share/libyaml_vendor/cmake/libyaml_vendorConfig-version.cmake
[0.685s] -- Up-to-date: /home/microros/microros_ws/firmware/mcu_ws/install/libyaml_vendor/share/libyaml_vendor/package.xml
[0.698s] Invoked command in '/home/microros/microros_ws/firmware/mcu_ws/build/libyaml_vendor' returned '0': CMAKE_PREFIX_PATH=${CMAKE_PREFIX_PATH}:/home/microros/microros_ws/firmware/dev_ws/install/ament_uncrustify:/home/microros/microros_ws/firmware/dev_ws/install/domain_coordinator:/home/microros/microros_ws/firmware/dev_ws/install/ament_xmllint:/home/microros/microros_ws/firmware/dev_ws/install/ament_pyflakes:/home/microros/microros_ws/firmware/dev_ws/install/ament_pycodestyle:/home/microros/microros_ws/firmware/dev_ws/install/ament_pep257:/home/microros/microros_ws/firmware/dev_ws/install/ament_pclint:/home/microros/microros_ws/firmware/dev_ws/install/ament_package:/home/microros/microros_ws/firmware/dev_ws/install/ament_mypy:/home/microros/microros_ws/firmware/dev_ws/install/ament_lint_cmake:/home/microros/microros_ws/firmware/dev_ws/install/ament_flake8:/home/microros/microros_ws/firmware/dev_ws/install/ament_copyright:/home/microros/microros_ws/firmware/dev_ws/install/ament_lint:/home/microros/microros_ws/firmware/dev_ws/install/ament_index_python:/home/microros/microros_ws/firmware/dev_ws/install/ament_cpplint:/home/microros/microros_ws/firmware/dev_ws/install/ament_cppcheck:/home/microros/microros_ws/firmware/dev_ws/install/ament_clang_tidy:/home/microros/microros_ws/firmware/dev_ws/install/ament_clang_format /usr/bin/cmake --install /home/microros/microros_ws/firmware/mcu_ws/build/libyaml_vendor
