make[4]: Entering directory '/home/microros/microros_ws/firmware/mcu_ws/build/nav_msgs'
/usr/bin/cmake -S/home/microros/microros_ws/firmware/mcu_ws/ros2/common_interfaces/nav_msgs -B/home/microros/microros_ws/firmware/mcu_ws/build/nav_msgs --check-build-system CMakeFiles/Makefile.cmake 0
/usr/bin/cmake -E cmake_progress_start /home/microros/microros_ws/firmware/mcu_ws/build/nav_msgs/CMakeFiles /home/microros/microros_ws/firmware/mcu_ws/build/nav_msgs/CMakeFiles/progress.marks
/usr/bin/make -f CMakeFiles/Makefile2 all
make[5]: Entering directory '/home/microros/microros_ws/firmware/mcu_ws/build/nav_msgs'
/usr/bin/make -f CMakeFiles/nav_msgs__rosidl_generator_c.dir/build.make CMakeFiles/nav_msgs__rosidl_generator_c.dir/depend
make[6]: Entering directory '/home/microros/microros_ws/firmware/mcu_ws/build/nav_msgs'
cd /home/microros/microros_ws/firmware/mcu_ws/build/nav_msgs && /usr/bin/cmake -E cmake_depends "Unix Makefiles" /home/microros/microros_ws/firmware/mcu_ws/ros2/common_interfaces/nav_msgs /home/microros/microros_ws/firmware/mcu_ws/ros2/common_interfaces/nav_msgs /home/microros/microros_ws/firmware/mcu_ws/build/nav_msgs /home/microros/microros_ws/firmware/mcu_ws/build/nav_msgs /home/microros/microros_ws/firmware/mcu_ws/build/nav_msgs/CMakeFiles/nav_msgs__rosidl_generator_c.dir/DependInfo.cmake --color=
make[6]: Leaving directory '/home/microros/microros_ws/firmware/mcu_ws/build/nav_msgs'
/usr/bin/make -f CMakeFiles/nav_msgs__rosidl_generator_c.dir/build.make CMakeFiles/nav_msgs__rosidl_generator_c.dir/build
make[6]: Entering directory '/home/microros/microros_ws/firmware/mcu_ws/build/nav_msgs'
make[6]: Nothing to be done for 'CMakeFiles/nav_msgs__rosidl_generator_c.dir/build'.
make[6]: Leaving directory '/home/microros/microros_ws/firmware/mcu_ws/build/nav_msgs'
[ 33%] Built target nav_msgs__rosidl_generator_c
/usr/bin/make -f CMakeFiles/nav_msgs__rosidl_typesupport_microxrcedds_c.dir/build.make CMakeFiles/nav_msgs__rosidl_typesupport_microxrcedds_c.dir/depend
make[6]: Entering directory '/home/microros/microros_ws/firmware/mcu_ws/build/nav_msgs'
cd /home/microros/microros_ws/firmware/mcu_ws/build/nav_msgs && /usr/bin/cmake -E cmake_depends "Unix Makefiles" /home/microros/microros_ws/firmware/mcu_ws/ros2/common_interfaces/nav_msgs /home/microros/microros_ws/firmware/mcu_ws/ros2/common_interfaces/nav_msgs /home/microros/microros_ws/firmware/mcu_ws/build/nav_msgs /home/microros/microros_ws/firmware/mcu_ws/build/nav_msgs /home/microros/microros_ws/firmware/mcu_ws/build/nav_msgs/CMakeFiles/nav_msgs__rosidl_typesupport_microxrcedds_c.dir/DependInfo.cmake --color=
make[6]: Leaving directory '/home/microros/microros_ws/firmware/mcu_ws/build/nav_msgs'
/usr/bin/make -f CMakeFiles/nav_msgs__rosidl_typesupport_microxrcedds_c.dir/build.make CMakeFiles/nav_msgs__rosidl_typesupport_microxrcedds_c.dir/build
make[6]: Entering directory '/home/microros/microros_ws/firmware/mcu_ws/build/nav_msgs'
make[6]: Nothing to be done for 'CMakeFiles/nav_msgs__rosidl_typesupport_microxrcedds_c.dir/build'.
make[6]: Leaving directory '/home/microros/microros_ws/firmware/mcu_ws/build/nav_msgs'
[ 66%] Built target nav_msgs__rosidl_typesupport_microxrcedds_c
/usr/bin/make -f CMakeFiles/nav_msgs__rosidl_typesupport_c.dir/build.make CMakeFiles/nav_msgs__rosidl_typesupport_c.dir/depend
make[6]: Entering directory '/home/microros/microros_ws/firmware/mcu_ws/build/nav_msgs'
cd /home/microros/microros_ws/firmware/mcu_ws/build/nav_msgs && /usr/bin/cmake -E cmake_depends "Unix Makefiles" /home/microros/microros_ws/firmware/mcu_ws/ros2/common_interfaces/nav_msgs /home/microros/microros_ws/firmware/mcu_ws/ros2/common_interfaces/nav_msgs /home/microros/microros_ws/firmware/mcu_ws/build/nav_msgs /home/microros/microros_ws/firmware/mcu_ws/build/nav_msgs /home/microros/microros_ws/firmware/mcu_ws/build/nav_msgs/CMakeFiles/nav_msgs__rosidl_typesupport_c.dir/DependInfo.cmake --color=
make[6]: Leaving directory '/home/microros/microros_ws/firmware/mcu_ws/build/nav_msgs'
/usr/bin/make -f CMakeFiles/nav_msgs__rosidl_typesupport_c.dir/build.make CMakeFiles/nav_msgs__rosidl_typesupport_c.dir/build
make[6]: Entering directory '/home/microros/microros_ws/firmware/mcu_ws/build/nav_msgs'
make[6]: Nothing to be done for 'CMakeFiles/nav_msgs__rosidl_typesupport_c.dir/build'.
make[6]: Leaving directory '/home/microros/microros_ws/firmware/mcu_ws/build/nav_msgs'
[100%] Built target nav_msgs__rosidl_typesupport_c
/usr/bin/make -f CMakeFiles/nav_msgs.dir/build.make CMakeFiles/nav_msgs.dir/depend
make[6]: Entering directory '/home/microros/microros_ws/firmware/mcu_ws/build/nav_msgs'
cd /home/microros/microros_ws/firmware/mcu_ws/build/nav_msgs && /usr/bin/cmake -E cmake_depends "Unix Makefiles" /home/microros/microros_ws/firmware/mcu_ws/ros2/common_interfaces/nav_msgs /home/microros/microros_ws/firmware/mcu_ws/ros2/common_interfaces/nav_msgs /home/microros/microros_ws/firmware/mcu_ws/build/nav_msgs /home/microros/microros_ws/firmware/mcu_ws/build/nav_msgs /home/microros/microros_ws/firmware/mcu_ws/build/nav_msgs/CMakeFiles/nav_msgs.dir/DependInfo.cmake --color=
make[6]: Leaving directory '/home/microros/microros_ws/firmware/mcu_ws/build/nav_msgs'
/usr/bin/make -f CMakeFiles/nav_msgs.dir/build.make CMakeFiles/nav_msgs.dir/build
make[6]: Entering directory '/home/microros/microros_ws/firmware/mcu_ws/build/nav_msgs'
make[6]: Nothing to be done for 'CMakeFiles/nav_msgs.dir/build'.
make[6]: Leaving directory '/home/microros/microros_ws/firmware/mcu_ws/build/nav_msgs'
[100%] Built target nav_msgs
make[5]: Leaving directory '/home/microros/microros_ws/firmware/mcu_ws/build/nav_msgs'
/usr/bin/cmake -E cmake_progress_start /home/microros/microros_ws/firmware/mcu_ws/build/nav_msgs/CMakeFiles 0
make[4]: Leaving directory '/home/microros/microros_ws/firmware/mcu_ws/build/nav_msgs'
-- Install configuration: "RelWithDebInfo"
-- Up-to-date: /home/microros/microros_ws/firmware/mcu_ws/install/nav_msgs/share/ament_index/resource_index/rosidl_interfaces/nav_msgs
-- Up-to-date: /home/microros/microros_ws/firmware/mcu_ws/install/nav_msgs/include/nav_msgs
-- Up-to-date: /home/microros/microros_ws/firmware/mcu_ws/install/nav_msgs/include/nav_msgs/msg
-- Up-to-date: /home/microros/microros_ws/firmware/mcu_ws/install/nav_msgs/include/nav_msgs/msg/occupancy_grid.h
-- Up-to-date: /home/microros/microros_ws/firmware/mcu_ws/install/nav_msgs/include/nav_msgs/msg/detail
-- Up-to-date: /home/microros/microros_ws/firmware/mcu_ws/install/nav_msgs/include/nav_msgs/msg/detail/occupancy_grid__functions.c
-- Up-to-date: /home/microros/microros_ws/firmware/mcu_ws/install/nav_msgs/include/nav_msgs/msg/detail/odometry__functions.h
-- Up-to-date: /home/microros/microros_ws/firmware/mcu_ws/install/nav_msgs/include/nav_msgs/msg/detail/grid_cells__struct.h
-- Up-to-date: /home/microros/microros_ws/firmware/mcu_ws/install/nav_msgs/include/nav_msgs/msg/detail/occupancy_grid__functions.h
-- Up-to-date: /home/microros/microros_ws/firmware/mcu_ws/install/nav_msgs/include/nav_msgs/msg/detail/occupancy_grid__struct.h
-- Up-to-date: /home/microros/microros_ws/firmware/mcu_ws/install/nav_msgs/include/nav_msgs/msg/detail/map_meta_data__struct.h
-- Up-to-date: /home/microros/microros_ws/firmware/mcu_ws/install/nav_msgs/include/nav_msgs/msg/detail/odometry__type_support.h
-- Up-to-date: /home/microros/microros_ws/firmware/mcu_ws/install/nav_msgs/include/nav_msgs/msg/detail/path__struct.h
-- Up-to-date: /home/microros/microros_ws/firmware/mcu_ws/install/nav_msgs/include/nav_msgs/msg/detail/odometry__struct.h
-- Up-to-date: /home/microros/microros_ws/firmware/mcu_ws/install/nav_msgs/include/nav_msgs/msg/detail/path__functions.c
-- Up-to-date: /home/microros/microros_ws/firmware/mcu_ws/install/nav_msgs/include/nav_msgs/msg/detail/grid_cells__functions.c
-- Up-to-date: /home/microros/microros_ws/firmware/mcu_ws/install/nav_msgs/include/nav_msgs/msg/detail/grid_cells__type_support.h
-- Up-to-date: /home/microros/microros_ws/firmware/mcu_ws/install/nav_msgs/include/nav_msgs/msg/detail/map_meta_data__functions.c
-- Up-to-date: /home/microros/microros_ws/firmware/mcu_ws/install/nav_msgs/include/nav_msgs/msg/detail/map_meta_data__functions.h
-- Up-to-date: /home/microros/microros_ws/firmware/mcu_ws/install/nav_msgs/include/nav_msgs/msg/detail/map_meta_data__type_support.h
-- Up-to-date: /home/microros/microros_ws/firmware/mcu_ws/install/nav_msgs/include/nav_msgs/msg/detail/occupancy_grid__type_support.h
-- Up-to-date: /home/microros/microros_ws/firmware/mcu_ws/install/nav_msgs/include/nav_msgs/msg/detail/path__functions.h
-- Up-to-date: /home/microros/microros_ws/firmware/mcu_ws/install/nav_msgs/include/nav_msgs/msg/detail/grid_cells__functions.h
-- Up-to-date: /home/microros/microros_ws/firmware/mcu_ws/install/nav_msgs/include/nav_msgs/msg/detail/odometry__functions.c
-- Up-to-date: /home/microros/microros_ws/firmware/mcu_ws/install/nav_msgs/include/nav_msgs/msg/detail/path__type_support.h
-- Up-to-date: /home/microros/microros_ws/firmware/mcu_ws/install/nav_msgs/include/nav_msgs/msg/map_meta_data.h
-- Up-to-date: /home/microros/microros_ws/firmware/mcu_ws/install/nav_msgs/include/nav_msgs/msg/path.h
-- Up-to-date: /home/microros/microros_ws/firmware/mcu_ws/install/nav_msgs/include/nav_msgs/msg/rosidl_generator_c__visibility_control.h
-- Up-to-date: /home/microros/microros_ws/firmware/mcu_ws/install/nav_msgs/include/nav_msgs/msg/odometry.h
-- Up-to-date: /home/microros/microros_ws/firmware/mcu_ws/install/nav_msgs/include/nav_msgs/msg/grid_cells.h
-- Up-to-date: /home/microros/microros_ws/firmware/mcu_ws/install/nav_msgs/include/nav_msgs/srv
-- Up-to-date: /home/microros/microros_ws/firmware/mcu_ws/install/nav_msgs/include/nav_msgs/srv/detail
-- Up-to-date: /home/microros/microros_ws/firmware/mcu_ws/install/nav_msgs/include/nav_msgs/srv/detail/get_map__functions.h
-- Up-to-date: /home/microros/microros_ws/firmware/mcu_ws/install/nav_msgs/include/nav_msgs/srv/detail/set_map__functions.c
-- Up-to-date: /home/microros/microros_ws/firmware/mcu_ws/install/nav_msgs/include/nav_msgs/srv/detail/get_map__struct.h
-- Up-to-date: /home/microros/microros_ws/firmware/mcu_ws/install/nav_msgs/include/nav_msgs/srv/detail/get_map__type_support.h
-- Up-to-date: /home/microros/microros_ws/firmware/mcu_ws/install/nav_msgs/include/nav_msgs/srv/detail/get_plan__struct.h
-- Up-to-date: /home/microros/microros_ws/firmware/mcu_ws/install/nav_msgs/include/nav_msgs/srv/detail/set_map__type_support.h
-- Up-to-date: /home/microros/microros_ws/firmware/mcu_ws/install/nav_msgs/include/nav_msgs/srv/detail/get_plan__functions.h
-- Up-to-date: /home/microros/microros_ws/firmware/mcu_ws/install/nav_msgs/include/nav_msgs/srv/detail/get_plan__functions.c
-- Up-to-date: /home/microros/microros_ws/firmware/mcu_ws/install/nav_msgs/include/nav_msgs/srv/detail/get_map__functions.c
-- Up-to-date: /home/microros/microros_ws/firmware/mcu_ws/install/nav_msgs/include/nav_msgs/srv/detail/set_map__struct.h
-- Up-to-date: /home/microros/microros_ws/firmware/mcu_ws/install/nav_msgs/include/nav_msgs/srv/detail/set_map__functions.h
-- Up-to-date: /home/microros/microros_ws/firmware/mcu_ws/install/nav_msgs/include/nav_msgs/srv/detail/get_plan__type_support.h
-- Up-to-date: /home/microros/microros_ws/firmware/mcu_ws/install/nav_msgs/include/nav_msgs/srv/set_map.h
-- Up-to-date: /home/microros/microros_ws/firmware/mcu_ws/install/nav_msgs/include/nav_msgs/srv/get_map.h
-- Up-to-date: /home/microros/microros_ws/firmware/mcu_ws/install/nav_msgs/include/nav_msgs/srv/get_plan.h
-- Up-to-date: /home/microros/microros_ws/firmware/mcu_ws/install/nav_msgs/share/nav_msgs/environment/library_path.sh
-- Up-to-date: /home/microros/microros_ws/firmware/mcu_ws/install/nav_msgs/share/nav_msgs/environment/library_path.dsv
-- Up-to-date: /home/microros/microros_ws/firmware/mcu_ws/install/nav_msgs/lib/libnav_msgs__rosidl_generator_c.a
-- Up-to-date: /home/microros/microros_ws/firmware/mcu_ws/install/nav_msgs/include/nav_msgs
-- Up-to-date: /home/microros/microros_ws/firmware/mcu_ws/install/nav_msgs/include/nav_msgs/msg
-- Up-to-date: /home/microros/microros_ws/firmware/mcu_ws/install/nav_msgs/include/nav_msgs/msg/detail
-- Up-to-date: /home/microros/microros_ws/firmware/mcu_ws/install/nav_msgs/include/nav_msgs/msg/detail/microxrcedds
-- Up-to-date: /home/microros/microros_ws/firmware/mcu_ws/install/nav_msgs/include/nav_msgs/msg/detail/grid_cells__rosidl_typesupport_microxrcedds_c.h
-- Up-to-date: /home/microros/microros_ws/firmware/mcu_ws/install/nav_msgs/include/nav_msgs/msg/detail/map_meta_data__rosidl_typesupport_microxrcedds_c.h
-- Up-to-date: /home/microros/microros_ws/firmware/mcu_ws/install/nav_msgs/include/nav_msgs/msg/detail/path__rosidl_typesupport_microxrcedds_c.h
-- Up-to-date: /home/microros/microros_ws/firmware/mcu_ws/install/nav_msgs/include/nav_msgs/msg/detail/odometry__rosidl_typesupport_microxrcedds_c.h
-- Up-to-date: /home/microros/microros_ws/firmware/mcu_ws/install/nav_msgs/include/nav_msgs/msg/detail/occupancy_grid__rosidl_typesupport_microxrcedds_c.h
-- Up-to-date: /home/microros/microros_ws/firmware/mcu_ws/install/nav_msgs/include/nav_msgs/msg/rosidl_typesupport_microxrcedds_c__visibility_control.h
-- Up-to-date: /home/microros/microros_ws/firmware/mcu_ws/install/nav_msgs/include/nav_msgs/srv
-- Up-to-date: /home/microros/microros_ws/firmware/mcu_ws/install/nav_msgs/include/nav_msgs/srv/detail
-- Up-to-date: /home/microros/microros_ws/firmware/mcu_ws/install/nav_msgs/include/nav_msgs/srv/detail/set_map__rosidl_typesupport_microxrcedds_c.h
-- Up-to-date: /home/microros/microros_ws/firmware/mcu_ws/install/nav_msgs/include/nav_msgs/srv/detail/microxrcedds
-- Up-to-date: /home/microros/microros_ws/firmware/mcu_ws/install/nav_msgs/include/nav_msgs/srv/detail/get_map__rosidl_typesupport_microxrcedds_c.h
-- Up-to-date: /home/microros/microros_ws/firmware/mcu_ws/install/nav_msgs/include/nav_msgs/srv/detail/get_plan__rosidl_typesupport_microxrcedds_c.h
-- Up-to-date: /home/microros/microros_ws/firmware/mcu_ws/install/nav_msgs/lib/libnav_msgs__rosidl_typesupport_microxrcedds_c.a
-- Up-to-date: /home/microros/microros_ws/firmware/mcu_ws/install/nav_msgs/lib/libnav_msgs__rosidl_typesupport_c.a
-- Up-to-date: /home/microros/microros_ws/firmware/mcu_ws/install/nav_msgs/lib/libnav_msgs__rosidl_typesupport_microxrcedds_c.a
-- Up-to-date: /home/microros/microros_ws/firmware/mcu_ws/install/nav_msgs/share/nav_msgs/msg/GridCells.idl
-- Up-to-date: /home/microros/microros_ws/firmware/mcu_ws/install/nav_msgs/share/nav_msgs/msg/MapMetaData.idl
-- Up-to-date: /home/microros/microros_ws/firmware/mcu_ws/install/nav_msgs/share/nav_msgs/msg/OccupancyGrid.idl
-- Up-to-date: /home/microros/microros_ws/firmware/mcu_ws/install/nav_msgs/share/nav_msgs/msg/Odometry.idl
-- Up-to-date: /home/microros/microros_ws/firmware/mcu_ws/install/nav_msgs/share/nav_msgs/msg/Path.idl
-- Up-to-date: /home/microros/microros_ws/firmware/mcu_ws/install/nav_msgs/share/nav_msgs/srv/GetMap.idl
-- Up-to-date: /home/microros/microros_ws/firmware/mcu_ws/install/nav_msgs/share/nav_msgs/srv/GetPlan.idl
-- Up-to-date: /home/microros/microros_ws/firmware/mcu_ws/install/nav_msgs/share/nav_msgs/srv/SetMap.idl
-- Up-to-date: /home/microros/microros_ws/firmware/mcu_ws/install/nav_msgs/share/nav_msgs/msg/GridCells.msg
-- Up-to-date: /home/microros/microros_ws/firmware/mcu_ws/install/nav_msgs/share/nav_msgs/msg/MapMetaData.msg
-- Up-to-date: /home/microros/microros_ws/firmware/mcu_ws/install/nav_msgs/share/nav_msgs/msg/OccupancyGrid.msg
-- Up-to-date: /home/microros/microros_ws/firmware/mcu_ws/install/nav_msgs/share/nav_msgs/msg/Odometry.msg
-- Up-to-date: /home/microros/microros_ws/firmware/mcu_ws/install/nav_msgs/share/nav_msgs/msg/Path.msg
-- Up-to-date: /home/microros/microros_ws/firmware/mcu_ws/install/nav_msgs/share/nav_msgs/srv/GetMap.srv
-- Up-to-date: /home/microros/microros_ws/firmware/mcu_ws/install/nav_msgs/share/nav_msgs/srv/GetMap_Request.msg
-- Up-to-date: /home/microros/microros_ws/firmware/mcu_ws/install/nav_msgs/share/nav_msgs/srv/GetMap_Response.msg
-- Up-to-date: /home/microros/microros_ws/firmware/mcu_ws/install/nav_msgs/share/nav_msgs/srv/GetPlan.srv
-- Up-to-date: /home/microros/microros_ws/firmware/mcu_ws/install/nav_msgs/share/nav_msgs/srv/GetPlan_Request.msg
-- Up-to-date: /home/microros/microros_ws/firmware/mcu_ws/install/nav_msgs/share/nav_msgs/srv/GetPlan_Response.msg
-- Up-to-date: /home/microros/microros_ws/firmware/mcu_ws/install/nav_msgs/share/nav_msgs/srv/SetMap.srv
-- Up-to-date: /home/microros/microros_ws/firmware/mcu_ws/install/nav_msgs/share/nav_msgs/srv/SetMap_Request.msg
-- Up-to-date: /home/microros/microros_ws/firmware/mcu_ws/install/nav_msgs/share/nav_msgs/srv/SetMap_Response.msg
-- Up-to-date: /home/microros/microros_ws/firmware/mcu_ws/install/nav_msgs/share/ament_index/resource_index/package_run_dependencies/nav_msgs
-- Up-to-date: /home/microros/microros_ws/firmware/mcu_ws/install/nav_msgs/share/ament_index/resource_index/parent_prefix_path/nav_msgs
-- Up-to-date: /home/microros/microros_ws/firmware/mcu_ws/install/nav_msgs/share/nav_msgs/environment/ament_prefix_path.sh
-- Up-to-date: /home/microros/microros_ws/firmware/mcu_ws/install/nav_msgs/share/nav_msgs/environment/ament_prefix_path.dsv
-- Up-to-date: /home/microros/microros_ws/firmware/mcu_ws/install/nav_msgs/share/nav_msgs/environment/path.sh
-- Up-to-date: /home/microros/microros_ws/firmware/mcu_ws/install/nav_msgs/share/nav_msgs/environment/path.dsv
-- Up-to-date: /home/microros/microros_ws/firmware/mcu_ws/install/nav_msgs/share/nav_msgs/local_setup.bash
-- Up-to-date: /home/microros/microros_ws/firmware/mcu_ws/install/nav_msgs/share/nav_msgs/local_setup.sh
-- Up-to-date: /home/microros/microros_ws/firmware/mcu_ws/install/nav_msgs/share/nav_msgs/local_setup.zsh
-- Up-to-date: /home/microros/microros_ws/firmware/mcu_ws/install/nav_msgs/share/nav_msgs/local_setup.dsv
-- Installing: /home/microros/microros_ws/firmware/mcu_ws/install/nav_msgs/share/nav_msgs/package.dsv
-- Up-to-date: /home/microros/microros_ws/firmware/mcu_ws/install/nav_msgs/share/ament_index/resource_index/packages/nav_msgs
-- Up-to-date: /home/microros/microros_ws/firmware/mcu_ws/install/nav_msgs/share/nav_msgs/cmake/nav_msgs__rosidl_generator_cExport.cmake
-- Up-to-date: /home/microros/microros_ws/firmware/mcu_ws/install/nav_msgs/share/nav_msgs/cmake/nav_msgs__rosidl_generator_cExport-relwithdebinfo.cmake
-- Up-to-date: /home/microros/microros_ws/firmware/mcu_ws/install/nav_msgs/share/nav_msgs/cmake/nav_msgs__rosidl_typesupport_cExport.cmake
-- Up-to-date: /home/microros/microros_ws/firmware/mcu_ws/install/nav_msgs/share/nav_msgs/cmake/nav_msgs__rosidl_typesupport_cExport-relwithdebinfo.cmake
-- Up-to-date: /home/microros/microros_ws/firmware/mcu_ws/install/nav_msgs/share/nav_msgs/cmake/rosidl_cmake-extras.cmake
-- Up-to-date: /home/microros/microros_ws/firmware/mcu_ws/install/nav_msgs/share/nav_msgs/cmake/ament_cmake_export_dependencies-extras.cmake
-- Up-to-date: /home/microros/microros_ws/firmware/mcu_ws/install/nav_msgs/share/nav_msgs/cmake/ament_cmake_export_libraries-extras.cmake
-- Up-to-date: /home/microros/microros_ws/firmware/mcu_ws/install/nav_msgs/share/nav_msgs/cmake/ament_cmake_export_targets-extras.cmake
-- Up-to-date: /home/microros/microros_ws/firmware/mcu_ws/install/nav_msgs/share/nav_msgs/cmake/ament_cmake_export_include_directories-extras.cmake
-- Up-to-date: /home/microros/microros_ws/firmware/mcu_ws/install/nav_msgs/share/nav_msgs/cmake/rosidl_cmake_export_typesupport_libraries-extras.cmake
-- Up-to-date: /home/microros/microros_ws/firmware/mcu_ws/install/nav_msgs/share/nav_msgs/cmake/nav_msgsConfig.cmake
-- Up-to-date: /home/microros/microros_ws/firmware/mcu_ws/install/nav_msgs/share/nav_msgs/cmake/nav_msgsConfig-version.cmake
-- Up-to-date: /home/microros/microros_ws/firmware/mcu_ws/install/nav_msgs/share/nav_msgs/package.xml
