[0.052s] Invoking command in '/home/microros/microros_ws/firmware/mcu_ws/build/tinydir_vendor': CMAKE_PREFIX_PATH=${CMAKE_PREFIX_PATH}:/home/microros/microros_ws/firmware/dev_ws/install/ament_uncrustify:/home/microros/microros_ws/firmware/dev_ws/install/domain_coordinator:/home/microros/microros_ws/firmware/dev_ws/install/ament_xmllint:/home/microros/microros_ws/firmware/dev_ws/install/ament_pyflakes:/home/microros/microros_ws/firmware/dev_ws/install/ament_pycodestyle:/home/microros/microros_ws/firmware/dev_ws/install/ament_pep257:/home/microros/microros_ws/firmware/dev_ws/install/ament_pclint:/home/microros/microros_ws/firmware/dev_ws/install/ament_package:/home/microros/microros_ws/firmware/dev_ws/install/ament_mypy:/home/microros/microros_ws/firmware/dev_ws/install/ament_lint_cmake:/home/microros/microros_ws/firmware/dev_ws/install/ament_flake8:/home/microros/microros_ws/firmware/dev_ws/install/ament_copyright:/home/microros/microros_ws/firmware/dev_ws/install/ament_lint:/home/microros/microros_ws/firmware/dev_ws/install/ament_index_python:/home/microros/microros_ws/firmware/dev_ws/install/ament_cpplint:/home/microros/microros_ws/firmware/dev_ws/install/ament_cppcheck:/home/microros/microros_ws/firmware/dev_ws/install/ament_clang_tidy:/home/microros/microros_ws/firmware/dev_ws/install/ament_clang_format /usr/bin/cmake --build /home/microros/microros_ws/firmware/mcu_ws/build/tinydir_vendor -- -j4 -l4
[0.080s] make[4]: Entering directory '/home/microros/microros_ws/firmware/mcu_ws/build/tinydir_vendor'
[0.081s] /usr/bin/cmake -S/home/microros/microros_ws/firmware/mcu_ws/ros2/tinydir_vendor -B/home/microros/microros_ws/firmware/mcu_ws/build/tinydir_vendor --check-build-system CMakeFiles/Makefile.cmake 0
[0.114s] Re-run cmake file: Makefile older than: /home/microros/microros_ws/firmware/apps/uros/arm_toolchain.cmake
[0.198s] -- Using PYTHON_EXECUTABLE: /usr/bin/python3
[0.647s] -- Configuring done
[0.652s] -- Generating done
[0.654s] -- Build files have been written to: /home/microros/microros_ws/firmware/mcu_ws/build/tinydir_vendor
[0.664s] /usr/bin/cmake -E cmake_progress_start /home/microros/microros_ws/firmware/mcu_ws/build/tinydir_vendor/CMakeFiles /home/microros/microros_ws/firmware/mcu_ws/build/tinydir_vendor/CMakeFiles/progress.marks
[0.683s] /usr/bin/make -f CMakeFiles/Makefile2 all
[0.693s] make[5]: Entering directory '/home/microros/microros_ws/firmware/mcu_ws/build/tinydir_vendor'
[0.693s] /usr/bin/make -f CMakeFiles/tinydir-1.2.4.dir/build.make CMakeFiles/tinydir-1.2.4.dir/depend
[0.702s] make[6]: Entering directory '/home/microros/microros_ws/firmware/mcu_ws/build/tinydir_vendor'
[0.702s] cd /home/microros/microros_ws/firmware/mcu_ws/build/tinydir_vendor && /usr/bin/cmake -E cmake_depends "Unix Makefiles" /home/microros/microros_ws/firmware/mcu_ws/ros2/tinydir_vendor /home/microros/microros_ws/firmware/mcu_ws/ros2/tinydir_vendor /home/microros/microros_ws/firmware/mcu_ws/build/tinydir_vendor /home/microros/microros_ws/firmware/mcu_ws/build/tinydir_vendor /home/microros/microros_ws/firmware/mcu_ws/build/tinydir_vendor/CMakeFiles/tinydir-1.2.4.dir/DependInfo.cmake --color=
[0.726s] make[6]: Leaving directory '/home/microros/microros_ws/firmware/mcu_ws/build/tinydir_vendor'
[0.726s] /usr/bin/make -f CMakeFiles/tinydir-1.2.4.dir/build.make CMakeFiles/tinydir-1.2.4.dir/build
[0.737s] make[6]: Entering directory '/home/microros/microros_ws/firmware/mcu_ws/build/tinydir_vendor'
[0.737s] make[6]: Nothing to be done for 'CMakeFiles/tinydir-1.2.4.dir/build'.
[0.737s] make[6]: Leaving directory '/home/microros/microros_ws/firmware/mcu_ws/build/tinydir_vendor'
[0.760s] [100%] Built target tinydir-1.2.4
[0.761s] make[5]: Leaving directory '/home/microros/microros_ws/firmware/mcu_ws/build/tinydir_vendor'
[0.762s] /usr/bin/cmake -E cmake_progress_start /home/microros/microros_ws/firmware/mcu_ws/build/tinydir_vendor/CMakeFiles 0
[0.774s] make[4]: Leaving directory '/home/microros/microros_ws/firmware/mcu_ws/build/tinydir_vendor'
[0.777s] Invoked command in '/home/microros/microros_ws/firmware/mcu_ws/build/tinydir_vendor' returned '0': CMAKE_PREFIX_PATH=${CMAKE_PREFIX_PATH}:/home/microros/microros_ws/firmware/dev_ws/install/ament_uncrustify:/home/microros/microros_ws/firmware/dev_ws/install/domain_coordinator:/home/microros/microros_ws/firmware/dev_ws/install/ament_xmllint:/home/microros/microros_ws/firmware/dev_ws/install/ament_pyflakes:/home/microros/microros_ws/firmware/dev_ws/install/ament_pycodestyle:/home/microros/microros_ws/firmware/dev_ws/install/ament_pep257:/home/microros/microros_ws/firmware/dev_ws/install/ament_pclint:/home/microros/microros_ws/firmware/dev_ws/install/ament_package:/home/microros/microros_ws/firmware/dev_ws/install/ament_mypy:/home/microros/microros_ws/firmware/dev_ws/install/ament_lint_cmake:/home/microros/microros_ws/firmware/dev_ws/install/ament_flake8:/home/microros/microros_ws/firmware/dev_ws/install/ament_copyright:/home/microros/microros_ws/firmware/dev_ws/install/ament_lint:/home/microros/microros_ws/firmware/dev_ws/install/ament_index_python:/home/microros/microros_ws/firmware/dev_ws/install/ament_cpplint:/home/microros/microros_ws/firmware/dev_ws/install/ament_cppcheck:/home/microros/microros_ws/firmware/dev_ws/install/ament_clang_tidy:/home/microros/microros_ws/firmware/dev_ws/install/ament_clang_format /usr/bin/cmake --build /home/microros/microros_ws/firmware/mcu_ws/build/tinydir_vendor -- -j4 -l4
[0.871s] Invoking command in '/home/microros/microros_ws/firmware/mcu_ws/build/tinydir_vendor': CMAKE_PREFIX_PATH=${CMAKE_PREFIX_PATH}:/home/microros/microros_ws/firmware/dev_ws/install/ament_uncrustify:/home/microros/microros_ws/firmware/dev_ws/install/domain_coordinator:/home/microros/microros_ws/firmware/dev_ws/install/ament_xmllint:/home/microros/microros_ws/firmware/dev_ws/install/ament_pyflakes:/home/microros/microros_ws/firmware/dev_ws/install/ament_pycodestyle:/home/microros/microros_ws/firmware/dev_ws/install/ament_pep257:/home/microros/microros_ws/firmware/dev_ws/install/ament_pclint:/home/microros/microros_ws/firmware/dev_ws/install/ament_package:/home/microros/microros_ws/firmware/dev_ws/install/ament_mypy:/home/microros/microros_ws/firmware/dev_ws/install/ament_lint_cmake:/home/microros/microros_ws/firmware/dev_ws/install/ament_flake8:/home/microros/microros_ws/firmware/dev_ws/install/ament_copyright:/home/microros/microros_ws/firmware/dev_ws/install/ament_lint:/home/microros/microros_ws/firmware/dev_ws/install/ament_index_python:/home/microros/microros_ws/firmware/dev_ws/install/ament_cpplint:/home/microros/microros_ws/firmware/dev_ws/install/ament_cppcheck:/home/microros/microros_ws/firmware/dev_ws/install/ament_clang_tidy:/home/microros/microros_ws/firmware/dev_ws/install/ament_clang_format /usr/bin/cmake --install /home/microros/microros_ws/firmware/mcu_ws/build/tinydir_vendor
[0.888s] -- Install configuration: "RelWithDebInfo"
[0.889s] -- Up-to-date: /home/microros/microros_ws/firmware/mcu_ws/install/tinydir_vendor
[0.889s] -- Up-to-date: /home/microros/microros_ws/firmware/mcu_ws/install/tinydir_vendor/include
[0.889s] -- Up-to-date: /home/microros/microros_ws/firmware/mcu_ws/install/tinydir_vendor/include/tinydir
[0.890s] -- Up-to-date: /home/microros/microros_ws/firmware/mcu_ws/install/tinydir_vendor/include/tinydir/tinydir.h
[0.890s] -- Up-to-date: /home/microros/microros_ws/firmware/mcu_ws/install/tinydir_vendor/share/tinydir_vendor/package.xml
[0.890s] -- Up-to-date: /home/microros/microros_ws/firmware/mcu_ws/install/tinydir_vendor/share/tinydir_vendor/cmake/tinydir_vendorConfig.cmake
[0.891s] -- Up-to-date: /home/microros/microros_ws/firmware/mcu_ws/install/tinydir_vendor/share/tinydir_vendor/cmake/tinydir_vendorConfig-version.cmake
[0.918s] Invoked command in '/home/microros/microros_ws/firmware/mcu_ws/build/tinydir_vendor' returned '0': CMAKE_PREFIX_PATH=${CMAKE_PREFIX_PATH}:/home/microros/microros_ws/firmware/dev_ws/install/ament_uncrustify:/home/microros/microros_ws/firmware/dev_ws/install/domain_coordinator:/home/microros/microros_ws/firmware/dev_ws/install/ament_xmllint:/home/microros/microros_ws/firmware/dev_ws/install/ament_pyflakes:/home/microros/microros_ws/firmware/dev_ws/install/ament_pycodestyle:/home/microros/microros_ws/firmware/dev_ws/install/ament_pep257:/home/microros/microros_ws/firmware/dev_ws/install/ament_pclint:/home/microros/microros_ws/firmware/dev_ws/install/ament_package:/home/microros/microros_ws/firmware/dev_ws/install/ament_mypy:/home/microros/microros_ws/firmware/dev_ws/install/ament_lint_cmake:/home/microros/microros_ws/firmware/dev_ws/install/ament_flake8:/home/microros/microros_ws/firmware/dev_ws/install/ament_copyright:/home/microros/microros_ws/firmware/dev_ws/install/ament_lint:/home/microros/microros_ws/firmware/dev_ws/install/ament_index_python:/home/microros/microros_ws/firmware/dev_ws/install/ament_cpplint:/home/microros/microros_ws/firmware/dev_ws/install/ament_cppcheck:/home/microros/microros_ws/firmware/dev_ws/install/ament_clang_tidy:/home/microros/microros_ws/firmware/dev_ws/install/ament_clang_format /usr/bin/cmake --install /home/microros/microros_ws/firmware/mcu_ws/build/tinydir_vendor
