[0.322s] Invoking command in '/home/microros/microros_ws/firmware/mcu_ws/uros/tracetools/tracetools_trace': PYTHONPATH=/home/microros/microros_ws/firmware/mcu_ws/install/tracetools_trace/lib/python3.8/site-packages:${PYTHONPATH} /usr/bin/python3 setup.py egg_info --egg-base /home/microros/microros_ws/firmware/mcu_ws/build/tracetools_trace build --build-base /home/microros/microros_ws/firmware/mcu_ws/build/tracetools_trace/build install --prefix /home/microros/microros_ws/firmware/mcu_ws/install/tracetools_trace --record /home/microros/microros_ws/firmware/mcu_ws/build/tracetools_trace/install.log --single-version-externally-managed
[0.601s] running egg_info
[0.601s] writing /home/microros/microros_ws/firmware/mcu_ws/build/tracetools_trace/tracetools_trace.egg-info/PKG-INFO
[0.602s] writing dependency_links to /home/microros/microros_ws/firmware/mcu_ws/build/tracetools_trace/tracetools_trace.egg-info/dependency_links.txt
[0.603s] writing entry points to /home/microros/microros_ws/firmware/mcu_ws/build/tracetools_trace/tracetools_trace.egg-info/entry_points.txt
[0.603s] writing requirements to /home/microros/microros_ws/firmware/mcu_ws/build/tracetools_trace/tracetools_trace.egg-info/requires.txt
[0.603s] writing top-level names to /home/microros/microros_ws/firmware/mcu_ws/build/tracetools_trace/tracetools_trace.egg-info/top_level.txt
[0.635s] reading manifest file '/home/microros/microros_ws/firmware/mcu_ws/build/tracetools_trace/tracetools_trace.egg-info/SOURCES.txt'
[0.636s] writing manifest file '/home/microros/microros_ws/firmware/mcu_ws/build/tracetools_trace/tracetools_trace.egg-info/SOURCES.txt'
[0.636s] running build
[0.636s] running build_py
[0.637s] running install
[0.638s] running install_lib
[0.640s] running install_data
[0.640s] running install_egg_info
[0.642s] removing '/home/microros/microros_ws/firmware/mcu_ws/install/tracetools_trace/lib/python3.8/site-packages/tracetools_trace-1.0.2-py3.8.egg-info' (and everything under it)
[0.642s] Copying /home/microros/microros_ws/firmware/mcu_ws/build/tracetools_trace/tracetools_trace.egg-info to /home/microros/microros_ws/firmware/mcu_ws/install/tracetools_trace/lib/python3.8/site-packages/tracetools_trace-1.0.2-py3.8.egg-info
[0.642s] running install_scripts
[0.658s] Installing trace script to /home/microros/microros_ws/firmware/mcu_ws/install/tracetools_trace/lib/tracetools_trace
[0.659s] writing list of installed files to '/home/microros/microros_ws/firmware/mcu_ws/build/tracetools_trace/install.log'
[0.757s] Invoked command in '/home/microros/microros_ws/firmware/mcu_ws/uros/tracetools/tracetools_trace' returned '0': PYTHONPATH=/home/microros/microros_ws/firmware/mcu_ws/install/tracetools_trace/lib/python3.8/site-packages:${PYTHONPATH} /usr/bin/python3 setup.py egg_info --egg-base /home/microros/microros_ws/firmware/mcu_ws/build/tracetools_trace build --build-base /home/microros/microros_ws/firmware/mcu_ws/build/tracetools_trace/build install --prefix /home/microros/microros_ws/firmware/mcu_ws/install/tracetools_trace --record /home/microros/microros_ws/firmware/mcu_ws/build/tracetools_trace/install.log --single-version-externally-managed
