[0.104s] Invoking command in '/home/microros/microros_ws/firmware/mcu_ws/build/rclc': AMENT_PREFIX_PATH=/home/microros/microros_ws/firmware/mcu_ws/install/rcl:/home/microros/microros_ws/firmware/mcu_ws/install/std_msgs:/home/microros/microros_ws/firmware/mcu_ws/install/rcl_interfaces:/home/microros/microros_ws/firmware/mcu_ws/install/builtin_interfaces:/home/microros/microros_ws/firmware/mcu_ws/install/rosidl_default_runtime:/home/microros/microros_ws/firmware/mcu_ws/install/rmw_implementation:/home/microros/microros_ws/firmware/mcu_ws/install/rosidl_typesupport_c:/home/microros/microros_ws/firmware/mcu_ws/install/rmw_microxrcedds:/home/microros/microros_ws/firmware/mcu_ws/install/rosidl_typesupport_microxrcedds_c:/home/microros/microros_ws/firmware/mcu_ws/install/rosidl_generator_c:/home/microros/microros_ws/firmware/mcu_ws/install/rosidl_cmake:/home/microros/microros_ws/firmware/mcu_ws/install/rmw:/home/microros/microros_ws/firmware/mcu_ws/install/rcl_logging_noop:/home/microros/microros_ws/firmware/mcu_ws/install/rosidl_runtime_c:/home/microros/microros_ws/firmware/mcu_ws/install/rosidl_parser:/home/microros/microros_ws/firmware/mcu_ws/install/rcutils:/home/microros/microros_ws/firmware/mcu_ws/install/tracetools:/home/microros/microros_ws/firmware/mcu_ws/install/rosidl_typesupport_interface:/home/microros/microros_ws/firmware/mcu_ws/install/rosidl_adapter:/home/microros/microros_ws/firmware/mcu_ws/install/rmw_implementation_cmake:${AMENT_PREFIX_PATH} CMAKE_PREFIX_PATH=/home/microros/microros_ws/firmware/mcu_ws/install/rcl:/home/microros/microros_ws/firmware/mcu_ws/install/std_msgs:/home/microros/microros_ws/firmware/mcu_ws/install/rcl_interfaces:/home/microros/microros_ws/firmware/mcu_ws/install/builtin_interfaces:/home/microros/microros_ws/firmware/mcu_ws/install/rosidl_default_runtime:/home/microros/microros_ws/firmware/mcu_ws/install/rmw_implementation:/home/microros/microros_ws/firmware/mcu_ws/install/rosidl_typesupport_c:/home/microros/microros_ws/firmware/mcu_ws/install/rmw_microxrcedds:/home/microros/microros_ws/firmware/mcu_ws/install/rosidl_typesupport_microxrcedds_c:/home/microros/microros_ws/firmware/mcu_ws/install/rosidl_generator_c:/home/microros/microros_ws/firmware/mcu_ws/install/rosidl_cmake:/home/microros/microros_ws/firmware/mcu_ws/install/rmw:/home/microros/microros_ws/firmware/mcu_ws/install/rcl_logging_noop:/home/microros/microros_ws/firmware/mcu_ws/install/rosidl_runtime_c:/home/microros/microros_ws/firmware/mcu_ws/install/rosidl_parser:/home/microros/microros_ws/firmware/mcu_ws/install/rcutils:/home/microros/microros_ws/firmware/mcu_ws/install/microxrcedds_client:/home/microros/microros_ws/firmware/mcu_ws/install/tracetools:/home/microros/microros_ws/firmware/mcu_ws/install/tinydir_vendor:/home/microros/microros_ws/firmware/mcu_ws/install/rosidl_typesupport_interface:/home/microros/microros_ws/firmware/mcu_ws/install/rosidl_adapter:/home/microros/microros_ws/firmware/mcu_ws/install/rmw_implementation_cmake:/home/microros/microros_ws/firmware/mcu_ws/install/microcdr:/home/microros/microros_ws/firmware/dev_ws/install/ament_lint_common:/home/microros/microros_ws/firmware/dev_ws/install/ament_cmake_uncrustify:/home/microros/microros_ws/firmware/dev_ws/install/uncrustify_vendor:/home/microros/microros_ws/firmware/dev_ws/install/nuttx_kconfig_vendor:/home/microros/microros_ws/firmware/dev_ws/install/ament_cmake_ros:/home/microros/microros_ws/firmware/dev_ws/install/ament_cmake_gmock:/home/microros/microros_ws/firmware/dev_ws/install/gmock_vendor:/home/microros/microros_ws/firmware/dev_ws/install/ament_cmake_gtest:/home/microros/microros_ws/firmware/dev_ws/install/gtest_vendor:/home/microros/microros_ws/firmware/dev_ws/install/ament_cmake_xmllint:/home/microros/microros_ws/firmware/dev_ws/install/ament_cmake_pyflakes:/home/microros/microros_ws/firmware/dev_ws/install/ament_cmake_pycodestyle:/home/microros/microros_ws/firmware/dev_ws/install/ament_cmake_pep257:/home/microros/microros_ws/firmware/dev_ws/install/ament_cmake_pclint:/home/microros/microros_ws/firmware/dev_ws/install/ament_lint_auto:/home/microros/microros_ws/firmware/dev_ws/install/ament_cmake_auto:/home/microros/microros_ws/firmware/dev_ws/install/ament_cmake:/home/microros/microros_ws/firmware/dev_ws/install/ament_cmake_version:/home/microros/microros_ws/firmware/dev_ws/install/ament_cmake_pytest:/home/microros/microros_ws/firmware/dev_ws/install/ament_cmake_nose:/home/microros/microros_ws/firmware/dev_ws/install/ament_cmake_mypy:/home/microros/microros_ws/firmware/dev_ws/install/ament_cmake_lint_cmake:/home/microros/microros_ws/firmware/dev_ws/install/ament_cmake_flake8:/home/microros/microros_ws/firmware/dev_ws/install/ament_cmake_cpplint:/home/microros/microros_ws/firmware/dev_ws/install/ament_cmake_cppcheck:/home/microros/microros_ws/firmware/dev_ws/install/ament_cmake_copyright:/home/microros/microros_ws/firmware/dev_ws/install/ament_cmake_clang_tidy:/home/microros/microros_ws/firmware/dev_ws/install/ament_cmake_clang_format:/home/microros/microros_ws/firmware/dev_ws/install/ament_cmake_test:/home/microros/microros_ws/firmware/dev_ws/install/ament_cmake_target_dependencies:/home/microros/microros_ws/firmware/dev_ws/install/ament_cmake_python:/home/microros/microros_ws/firmware/dev_ws/install/ament_cmake_export_dependencies:/home/microros/microros_ws/firmware/dev_ws/install/ament_cmake_libraries:/home/microros/microros_ws/firmware/dev_ws/install/ament_cmake_include_directories:/home/microros/microros_ws/firmware/dev_ws/install/ament_cmake_export_targets:/home/microros/microros_ws/firmware/dev_ws/install/ament_cmake_export_link_flags:/home/microros/microros_ws/firmware/dev_ws/install/ament_cmake_export_interfaces:/home/microros/microros_ws/firmware/dev_ws/install/ament_cmake_export_libraries:/home/microros/microros_ws/firmware/dev_ws/install/ament_cmake_export_include_directories:/home/microros/microros_ws/firmware/dev_ws/install/ament_cmake_export_definitions:/home/microros/microros_ws/firmware/dev_ws/install/ament_cmake_core:/home/microros/microros_ws/firmware/dev_ws/install/ament_index_cpp:/home/microros/microros_ws/install/microxrcedds_agent:/home/microros/microros_ws/firmware/dev_ws/install/ament_uncrustify:/home/microros/microros_ws/firmware/dev_ws/install/domain_coordinator:/home/microros/microros_ws/firmware/dev_ws/install/ament_xmllint:/home/microros/microros_ws/firmware/dev_ws/install/ament_pyflakes:/home/microros/microros_ws/firmware/dev_ws/install/ament_pycodestyle:/home/microros/microros_ws/firmware/dev_ws/install/ament_pep257:/home/microros/microros_ws/firmware/dev_ws/install/ament_pclint:/home/microros/microros_ws/firmware/dev_ws/install/ament_package:/home/microros/microros_ws/firmware/dev_ws/install/ament_mypy:/home/microros/microros_ws/firmware/dev_ws/install/ament_lint_cmake:/home/microros/microros_ws/firmware/dev_ws/install/ament_flake8:/home/microros/microros_ws/firmware/dev_ws/install/ament_copyright:/home/microros/microros_ws/firmware/dev_ws/install/ament_lint:/home/microros/microros_ws/firmware/dev_ws/install/ament_index_python:/home/microros/microros_ws/firmware/dev_ws/install/ament_cpplint:/home/microros/microros_ws/firmware/dev_ws/install/ament_cppcheck:/home/microros/microros_ws/firmware/dev_ws/install/ament_clang_tidy:/home/microros/microros_ws/firmware/dev_ws/install/ament_clang_format LD_LIBRARY_PATH=/home/microros/microros_ws/firmware/mcu_ws/install/rcl/lib:/home/microros/microros_ws/firmware/mcu_ws/install/std_msgs/lib:/home/microros/microros_ws/firmware/mcu_ws/install/rcl_interfaces/lib:/home/microros/microros_ws/firmware/mcu_ws/install/builtin_interfaces/lib:/home/microros/microros_ws/firmware/mcu_ws/install/rosidl_typesupport_c/lib:/home/microros/microros_ws/firmware/mcu_ws/install/rmw_microxrcedds/lib:/home/microros/microros_ws/firmware/mcu_ws/install/rosidl_typesupport_microxrcedds_c/lib:/home/microros/microros_ws/firmware/mcu_ws/install/rmw/lib:/home/microros/microros_ws/firmware/mcu_ws/install/rcl_logging_noop/lib:/home/microros/microros_ws/firmware/mcu_ws/install/rosidl_runtime_c/lib:/home/microros/microros_ws/firmware/mcu_ws/install/rcutils/lib:${LD_LIBRARY_PATH} PKG_CONFIG_PATH=/home/microros/microros_ws/firmware/mcu_ws/install/tinydir_vendor/lib/x86_64-linux-gnu/pkgconfig:/home/microros/microros_ws/firmware/mcu_ws/install/tinydir_vendor/lib/pkgconfig:${PKG_CONFIG_PATH} PYTHONPATH=/home/microros/microros_ws/firmware/mcu_ws/install/rosidl_typesupport_c/lib/python3.8/site-packages:/home/microros/microros_ws/firmware/mcu_ws/install/rosidl_typesupport_microxrcedds_c/lib/python3.8/site-packages:/home/microros/microros_ws/firmware/mcu_ws/install/rosidl_generator_c/lib/python3.8/site-packages:/home/microros/microros_ws/firmware/mcu_ws/install/rosidl_cmake/lib/python3.8/site-packages:/home/microros/microros_ws/firmware/mcu_ws/install/rosidl_parser/lib/python3.8/site-packages:/home/microros/microros_ws/firmware/mcu_ws/install/rcutils/lib/python3.8/site-packages:/home/microros/microros_ws/firmware/mcu_ws/install/rosidl_adapter/lib/python3.8/site-packages:${PYTHONPATH} /usr/bin/cmake --build /home/microros/microros_ws/firmware/mcu_ws/build/rclc -- -j4 -l4
[0.134s] make[4]: Entering directory '/home/microros/microros_ws/firmware/mcu_ws/build/rclc'
[0.134s] /usr/bin/cmake -S/home/microros/microros_ws/firmware/mcu_ws/uros/rclc/rclc -B/home/microros/microros_ws/firmware/mcu_ws/build/rclc --check-build-system CMakeFiles/Makefile.cmake 0
[0.149s] Re-run cmake file: Makefile older than: /home/microros/microros_ws/firmware/mcu_ws/install/rcl/share/rcl/cmake/rclExport-relwithdebinfo.cmake
[0.158s] -- Found ament_cmake_ros: 0.9.0 (/home/microros/microros_ws/firmware/dev_ws/install/ament_cmake_ros/share/ament_cmake_ros/cmake)
[0.205s] -- Using PYTHON_EXECUTABLE: /usr/bin/python3
[0.517s] -- Found rcl: 1.1.7 (/home/microros/microros_ws/firmware/mcu_ws/install/rcl/share/rcl/cmake)
[0.556s] -- Using single rosidl_typesupport_c: rosidl_typesupport_microxrcedds_c
[0.563s] -- Found rosidl_adapter: 1.1.0 (/home/microros/microros_ws/firmware/mcu_ws/install/rosidl_adapter/share/rosidl_adapter/cmake)
[0.578s] CMake Warning at /home/microros/microros_ws/firmware/mcu_ws/install/rcutils/share/rcutils/cmake/ament_cmake_export_libraries-extras.cmake:116 (message):
[0.578s]   Package 'rcutils' exports library 'dl' which couldn't be found
[0.578s] Call Stack (most recent call first):
[0.578s]   /home/microros/microros_ws/firmware/mcu_ws/install/rcutils/share/rcutils/cmake/rcutilsConfig.cmake:41 (include)
[0.578s]   /home/microros/microros_ws/firmware/mcu_ws/install/rmw/share/rmw/cmake/ament_cmake_export_dependencies-extras.cmake:21 (find_package)
[0.578s]   /home/microros/microros_ws/firmware/mcu_ws/install/rmw/share/rmw/cmake/rmwConfig.cmake:41 (include)
[0.578s]   /home/microros/microros_ws/firmware/mcu_ws/install/rosidl_typesupport_microxrcedds_c/share/rosidl_typesupport_microxrcedds_c/cmake/ament_cmake_export_dependencies-extras.cmake:21 (find_package)
[0.579s]   /home/microros/microros_ws/firmware/mcu_ws/install/rosidl_typesupport_microxrcedds_c/share/rosidl_typesupport_microxrcedds_c/cmake/rosidl_typesupport_microxrcedds_cConfig.cmake:41 (include)
[0.579s]   /home/microros/microros_ws/firmware/mcu_ws/install/rosidl_typesupport_c/share/rosidl_typesupport_c/cmake/rosidl_typesupport_c-extras.cmake:13 (find_package)
[0.579s]   /home/microros/microros_ws/firmware/mcu_ws/install/rosidl_typesupport_c/share/rosidl_typesupport_c/cmake/rosidl_typesupport_cConfig.cmake:41 (include)
[0.579s]   /home/microros/microros_ws/firmware/mcu_ws/install/rosidl_default_runtime/share/rosidl_default_runtime/cmake/rosidl_default_runtime-extras.cmake:12 (find_package)
[0.579s]   /home/microros/microros_ws/firmware/mcu_ws/install/rosidl_default_runtime/share/rosidl_default_runtime/cmake/rosidl_default_runtimeConfig.cmake:41 (include)
[0.579s]   /home/microros/microros_ws/firmware/mcu_ws/install/builtin_interfaces/share/builtin_interfaces/cmake/ament_cmake_export_dependencies-extras.cmake:21 (find_package)
[0.579s]   /home/microros/microros_ws/firmware/mcu_ws/install/builtin_interfaces/share/builtin_interfaces/cmake/builtin_interfacesConfig.cmake:41 (include)
[0.579s]   /home/microros/microros_ws/firmware/mcu_ws/install/rcl_interfaces/share/rcl_interfaces/cmake/ament_cmake_export_dependencies-extras.cmake:21 (find_package)
[0.579s]   /home/microros/microros_ws/firmware/mcu_ws/install/rcl_interfaces/share/rcl_interfaces/cmake/rcl_interfacesConfig.cmake:41 (include)
[0.580s]   /home/microros/microros_ws/firmware/mcu_ws/install/rcl/share/rcl/cmake/ament_cmake_export_dependencies-extras.cmake:21 (find_package)
[0.580s]   /home/microros/microros_ws/firmware/mcu_ws/install/rcl/share/rcl/cmake/rclConfig.cmake:41 (include)
[0.580s]   CMakeLists.txt:31 (find_package)
[0.580s] 
[0.580s] 
[0.625s] -- Found rmw_implementation_cmake: 1.0.1 (/home/microros/microros_ws/firmware/mcu_ws/install/rmw_implementation_cmake/share/rmw_implementation_cmake/cmake)
[0.627s] -- Using RMW implementation 'rmw_microxrcedds'
[0.627s] -- Found rmw_microxrcedds: 0.0.1 (/home/microros/microros_ws/firmware/mcu_ws/install/rmw_microxrcedds/share/rmw_microxrcedds/cmake)
[0.644s] -- Found std_msgs: 2.0.3 (/home/microros/microros_ws/firmware/mcu_ws/install/std_msgs/share/std_msgs/cmake)
[0.659s] -- Found rcl version 1.1.7, which belongs to Foxy or later
[0.797s] -- Configuring done
[0.804s] -- Generating done
[0.807s] -- Build files have been written to: /home/microros/microros_ws/firmware/mcu_ws/build/rclc
[0.810s] /usr/bin/cmake -E cmake_progress_start /home/microros/microros_ws/firmware/mcu_ws/build/rclc/CMakeFiles /home/microros/microros_ws/firmware/mcu_ws/build/rclc/CMakeFiles/progress.marks
[0.823s] /usr/bin/make -f CMakeFiles/Makefile2 all
[0.830s] make[5]: Entering directory '/home/microros/microros_ws/firmware/mcu_ws/build/rclc'
[0.830s] /usr/bin/make -f CMakeFiles/rclc.dir/build.make CMakeFiles/rclc.dir/depend
[0.835s] make[6]: Entering directory '/home/microros/microros_ws/firmware/mcu_ws/build/rclc'
[0.835s] cd /home/microros/microros_ws/firmware/mcu_ws/build/rclc && /usr/bin/cmake -E cmake_depends "Unix Makefiles" /home/microros/microros_ws/firmware/mcu_ws/uros/rclc/rclc /home/microros/microros_ws/firmware/mcu_ws/uros/rclc/rclc /home/microros/microros_ws/firmware/mcu_ws/build/rclc /home/microros/microros_ws/firmware/mcu_ws/build/rclc /home/microros/microros_ws/firmware/mcu_ws/build/rclc/CMakeFiles/rclc.dir/DependInfo.cmake --color=
[0.849s] Dependee "/home/microros/microros_ws/firmware/NuttX/include/nuttx/config.h" is newer than depender "CMakeFiles/rclc.dir/src/rclc/executor.c.obj".
[0.850s] Dependee "/home/microros/microros_ws/firmware/NuttX/include/nuttx/config.h" is newer than depender "CMakeFiles/rclc.dir/src/rclc/executor_handle.c.obj".
[0.850s] Dependee "/home/microros/microros_ws/firmware/NuttX/include/nuttx/config.h" is newer than depender "CMakeFiles/rclc.dir/src/rclc/init.c.obj".
[0.851s] Dependee "/home/microros/microros_ws/firmware/NuttX/include/nuttx/config.h" is newer than depender "CMakeFiles/rclc.dir/src/rclc/node.c.obj".
[0.851s] Dependee "/home/microros/microros_ws/firmware/NuttX/include/nuttx/config.h" is newer than depender "CMakeFiles/rclc.dir/src/rclc/publisher.c.obj".
[0.851s] Dependee "/home/microros/microros_ws/firmware/NuttX/include/nuttx/config.h" is newer than depender "CMakeFiles/rclc.dir/src/rclc/subscription.c.obj".
[0.852s] Dependee "/home/microros/microros_ws/firmware/NuttX/include/nuttx/config.h" is newer than depender "CMakeFiles/rclc.dir/src/rclc/timer.c.obj".
[0.852s] Clearing dependencies in "/home/microros/microros_ws/firmware/mcu_ws/build/rclc/CMakeFiles/rclc.dir/depend.make".
[0.852s] [35m[1mScanning dependencies of target rclc[0m
[0.872s] make[6]: Leaving directory '/home/microros/microros_ws/firmware/mcu_ws/build/rclc'
[0.872s] /usr/bin/make -f CMakeFiles/rclc.dir/build.make CMakeFiles/rclc.dir/build
[0.880s] make[6]: Entering directory '/home/microros/microros_ws/firmware/mcu_ws/build/rclc'
[0.913s] [ 12%] [32mBuilding C object CMakeFiles/rclc.dir/src/rclc/init.c.obj[0m
[0.915s] /usr/bin/arm-none-eabi-gcc --sysroot=/home/microros/microros_ws/firmware/NuttX/.. -DROS_PACKAGE_NAME=\"rclc\" -I/home/microros/microros_ws/firmware/mcu_ws/uros/rclc/rclc/include -I/home/microros/microros_ws/firmware/mcu_ws/uros/rclc/rclc/src -isystem /home/microros/microros_ws/firmware/NuttX/include -isystem /home/microros/microros_ws/firmware/NuttX/include/cxx -isystem /home/microros/microros_ws/firmware/NuttX/include/uClibc++ -isystem /home/microros/microros_ws/firmware/mcu_ws/install/rcl/include -isystem /home/microros/microros_ws/firmware/mcu_ws/install/rosidl_typesupport_microxrcedds_c/include -isystem /home/microros/microros_ws/firmware/mcu_ws/install/rmw/include -isystem /home/microros/microros_ws/firmware/mcu_ws/install/rcutils/include -isystem /home/microros/microros_ws/firmware/mcu_ws/install/tracetools/include -isystem /home/microros/microros_ws/firmware/mcu_ws/uros/rmw_microxrcedds/rmw_microxrcedds_c/include -isystem /home/microros/microros_ws/firmware/mcu_ws/install/tinydir_vendor/share/tinydir_vendor/cmake/../../../include -isystem /home/microros/microros_ws/firmware/mcu_ws/install/rosidl_typesupport_interface/include -isystem /home/microros/microros_ws/firmware/mcu_ws/install/rcl_interfaces/include -isystem /home/microros/microros_ws/firmware/mcu_ws/install/builtin_interfaces/include -isystem /home/microros/microros_ws/firmware/mcu_ws/install/rosidl_runtime_c/include -isystem /home/microros/microros_ws/firmware/mcu_ws/install/microcdr/include -isystem /home/microros/microros_ws/firmware/mcu_ws/install/rosidl_typesupport_c/include  -std=c99 -Dunix=1 -mcpu=cortex-m4 -mthumb -mfloat-abi=soft -Os -fno-strict-aliasing -fno-strength-reduce -fomit-frame-pointer -O2 -g -DNDEBUG -fPIC   -Wall -Wextra -Wpedantic -std=gnu11 -o CMakeFiles/rclc.dir/src/rclc/init.c.obj   -c /home/microros/microros_ws/firmware/mcu_ws/uros/rclc/rclc/src/rclc/init.c
[0.918s] [ 25%] [32mBuilding C object CMakeFiles/rclc.dir/src/rclc/subscription.c.obj[0m
[0.919s] /usr/bin/arm-none-eabi-gcc --sysroot=/home/microros/microros_ws/firmware/NuttX/.. -DROS_PACKAGE_NAME=\"rclc\" -I/home/microros/microros_ws/firmware/mcu_ws/uros/rclc/rclc/include -I/home/microros/microros_ws/firmware/mcu_ws/uros/rclc/rclc/src -isystem /home/microros/microros_ws/firmware/NuttX/include -isystem /home/microros/microros_ws/firmware/NuttX/include/cxx -isystem /home/microros/microros_ws/firmware/NuttX/include/uClibc++ -isystem /home/microros/microros_ws/firmware/mcu_ws/install/rcl/include -isystem /home/microros/microros_ws/firmware/mcu_ws/install/rosidl_typesupport_microxrcedds_c/include -isystem /home/microros/microros_ws/firmware/mcu_ws/install/rmw/include -isystem /home/microros/microros_ws/firmware/mcu_ws/install/rcutils/include -isystem /home/microros/microros_ws/firmware/mcu_ws/install/tracetools/include -isystem /home/microros/microros_ws/firmware/mcu_ws/uros/rmw_microxrcedds/rmw_microxrcedds_c/include -isystem /home/microros/microros_ws/firmware/mcu_ws/install/tinydir_vendor/share/tinydir_vendor/cmake/../../../include -isystem /home/microros/microros_ws/firmware/mcu_ws/install/rosidl_typesupport_interface/include -isystem /home/microros/microros_ws/firmware/mcu_ws/install/rcl_interfaces/include -isystem /home/microros/microros_ws/firmware/mcu_ws/install/builtin_interfaces/include -isystem /home/microros/microros_ws/firmware/mcu_ws/install/rosidl_runtime_c/include -isystem /home/microros/microros_ws/firmware/mcu_ws/install/microcdr/include -isystem /home/microros/microros_ws/firmware/mcu_ws/install/rosidl_typesupport_c/include  -std=c99 -Dunix=1 -mcpu=cortex-m4 -mthumb -mfloat-abi=soft -Os -fno-strict-aliasing -fno-strength-reduce -fomit-frame-pointer -O2 -g -DNDEBUG -fPIC   -Wall -Wextra -Wpedantic -std=gnu11 -o CMakeFiles/rclc.dir/src/rclc/subscription.c.obj   -c /home/microros/microros_ws/firmware/mcu_ws/uros/rclc/rclc/src/rclc/subscription.c
[0.920s] [ 37%] [32mBuilding C object CMakeFiles/rclc.dir/src/rclc/publisher.c.obj[0m
[0.930s] /usr/bin/arm-none-eabi-gcc --sysroot=/home/microros/microros_ws/firmware/NuttX/.. -DROS_PACKAGE_NAME=\"rclc\" -I/home/microros/microros_ws/firmware/mcu_ws/uros/rclc/rclc/include -I/home/microros/microros_ws/firmware/mcu_ws/uros/rclc/rclc/src -isystem /home/microros/microros_ws/firmware/NuttX/include -isystem /home/microros/microros_ws/firmware/NuttX/include/cxx -isystem /home/microros/microros_ws/firmware/NuttX/include/uClibc++ -isystem /home/microros/microros_ws/firmware/mcu_ws/install/rcl/include -isystem /home/microros/microros_ws/firmware/mcu_ws/install/rosidl_typesupport_microxrcedds_c/include -isystem /home/microros/microros_ws/firmware/mcu_ws/install/rmw/include -isystem /home/microros/microros_ws/firmware/mcu_ws/install/rcutils/include -isystem /home/microros/microros_ws/firmware/mcu_ws/install/tracetools/include -isystem /home/microros/microros_ws/firmware/mcu_ws/uros/rmw_microxrcedds/rmw_microxrcedds_c/include -isystem /home/microros/microros_ws/firmware/mcu_ws/install/tinydir_vendor/share/tinydir_vendor/cmake/../../../include -isystem /home/microros/microros_ws/firmware/mcu_ws/install/rosidl_typesupport_interface/include -isystem /home/microros/microros_ws/firmware/mcu_ws/install/rcl_interfaces/include -isystem /home/microros/microros_ws/firmware/mcu_ws/install/builtin_interfaces/include -isystem /home/microros/microros_ws/firmware/mcu_ws/install/rosidl_runtime_c/include -isystem /home/microros/microros_ws/firmware/mcu_ws/install/microcdr/include -isystem /home/microros/microros_ws/firmware/mcu_ws/install/rosidl_typesupport_c/include  -std=c99 -Dunix=1 -mcpu=cortex-m4 -mthumb -mfloat-abi=soft -Os -fno-strict-aliasing -fno-strength-reduce -fomit-frame-pointer -O2 -g -DNDEBUG -fPIC   -Wall -Wextra -Wpedantic -std=gnu11 -o CMakeFiles/rclc.dir/src/rclc/publisher.c.obj   -c /home/microros/microros_ws/firmware/mcu_ws/uros/rclc/rclc/src/rclc/publisher.c
[0.947s] [ 50%] [32mBuilding C object CMakeFiles/rclc.dir/src/rclc/timer.c.obj[0m
[0.948s] /usr/bin/arm-none-eabi-gcc --sysroot=/home/microros/microros_ws/firmware/NuttX/.. -DROS_PACKAGE_NAME=\"rclc\" -I/home/microros/microros_ws/firmware/mcu_ws/uros/rclc/rclc/include -I/home/microros/microros_ws/firmware/mcu_ws/uros/rclc/rclc/src -isystem /home/microros/microros_ws/firmware/NuttX/include -isystem /home/microros/microros_ws/firmware/NuttX/include/cxx -isystem /home/microros/microros_ws/firmware/NuttX/include/uClibc++ -isystem /home/microros/microros_ws/firmware/mcu_ws/install/rcl/include -isystem /home/microros/microros_ws/firmware/mcu_ws/install/rosidl_typesupport_microxrcedds_c/include -isystem /home/microros/microros_ws/firmware/mcu_ws/install/rmw/include -isystem /home/microros/microros_ws/firmware/mcu_ws/install/rcutils/include -isystem /home/microros/microros_ws/firmware/mcu_ws/install/tracetools/include -isystem /home/microros/microros_ws/firmware/mcu_ws/uros/rmw_microxrcedds/rmw_microxrcedds_c/include -isystem /home/microros/microros_ws/firmware/mcu_ws/install/tinydir_vendor/share/tinydir_vendor/cmake/../../../include -isystem /home/microros/microros_ws/firmware/mcu_ws/install/rosidl_typesupport_interface/include -isystem /home/microros/microros_ws/firmware/mcu_ws/install/rcl_interfaces/include -isystem /home/microros/microros_ws/firmware/mcu_ws/install/builtin_interfaces/include -isystem /home/microros/microros_ws/firmware/mcu_ws/install/rosidl_runtime_c/include -isystem /home/microros/microros_ws/firmware/mcu_ws/install/microcdr/include -isystem /home/microros/microros_ws/firmware/mcu_ws/install/rosidl_typesupport_c/include  -std=c99 -Dunix=1 -mcpu=cortex-m4 -mthumb -mfloat-abi=soft -Os -fno-strict-aliasing -fno-strength-reduce -fomit-frame-pointer -O2 -g -DNDEBUG -fPIC   -Wall -Wextra -Wpedantic -std=gnu11 -o CMakeFiles/rclc.dir/src/rclc/timer.c.obj   -c /home/microros/microros_ws/firmware/mcu_ws/uros/rclc/rclc/src/rclc/timer.c
[1.032s] In file included from [01m[K/home/microros/microros_ws/firmware/mcu_ws/uros/rclc/rclc/include/rclc/init.h:26[m[K,
[1.032s]                  from [01m[K/home/microros/microros_ws/firmware/mcu_ws/uros/rclc/rclc/src/rclc/init.c:17[m[K:
[1.032s] [01m[K/home/microros/microros_ws/firmware/mcu_ws/uros/rclc/rclc/include/rclc/types.h:52:[m[K [01;35m[Kwarning: [m[K"UNUSED" redefined
[1.032s]    52 | #define UNUSED(x) (void)x
[1.032s]       | 
[1.032s] In file included from [01m[K/home/microros/microros_ws/firmware/NuttX/include/stdbool.h:69[m[K,
[1.032s]                  from [01m[K/home/microros/microros_ws/firmware/mcu_ws/install/rcutils/include/rcutils/allocator.h:23[m[K,
[1.032s]                  from [01m[K/home/microros/microros_ws/firmware/mcu_ws/install/rcl/include/rcl/allocator.h:23[m[K,
[1.032s]                  from [01m[K/home/microros/microros_ws/firmware/mcu_ws/uros/rclc/rclc/include/rclc/init.h:25[m[K,
[1.033s]                  from [01m[K/home/microros/microros_ws/firmware/mcu_ws/uros/rclc/rclc/src/rclc/init.c:17[m[K:
[1.033s] [01m[K/home/microros/microros_ws/firmware/NuttX/include/nuttx/compiler.h:307:[m[K [01;36m[Knote: [m[Kthis is the location of the previous definition
[1.033s]   307 | #  define UNUSED(a) ((void)(a))
[1.033s]       | 
[1.077s] In file included from [01m[K/home/microros/microros_ws/firmware/mcu_ws/uros/rclc/rclc/include/rclc/publisher.h:28[m[K,
[1.077s]                  from [01m[K/home/microros/microros_ws/firmware/mcu_ws/uros/rclc/rclc/src/rclc/publisher.c:17[m[K:
[1.077s] [01m[K/home/microros/microros_ws/firmware/mcu_ws/uros/rclc/rclc/include/rclc/types.h:52:[m[K [01;35m[Kwarning: [m[K"UNUSED" redefined
[1.077s]    52 | #define UNUSED(x) (void)x
[1.077s]       | 
[1.077s] In file included from [01m[K/home/microros/microros_ws/firmware/NuttX/include/stdint.h:48[m[K,
[1.078s]                  from [01m[K/home/microros/microros_ws/firmware/mcu_ws/install/rcl/include/rcl/node.h:23[m[K,
[1.078s]                  from [01m[K/home/microros/microros_ws/firmware/mcu_ws/install/rcl/include/rcl/publisher.h:26[m[K,
[1.078s]                  from [01m[K/home/microros/microros_ws/firmware/mcu_ws/uros/rclc/rclc/include/rclc/publisher.h:24[m[K,
[1.078s]                  from [01m[K/home/microros/microros_ws/firmware/mcu_ws/uros/rclc/rclc/src/rclc/publisher.c:17[m[K:
[1.078s] [01m[K/home/microros/microros_ws/firmware/NuttX/include/nuttx/compiler.h:307:[m[K [01;36m[Knote: [m[Kthis is the location of the previous definition
[1.078s]   307 | #  define UNUSED(a) ((void)(a))
[1.078s]       | 
[1.105s] In file included from [01m[K/home/microros/microros_ws/firmware/mcu_ws/uros/rclc/rclc/include/rclc/timer.h:25[m[K,
[1.105s]                  from [01m[K/home/microros/microros_ws/firmware/mcu_ws/uros/rclc/rclc/src/rclc/timer.c:17[m[K:
[1.105s] [01m[K/home/microros/microros_ws/firmware/mcu_ws/uros/rclc/rclc/include/rclc/types.h:52:[m[K [01;35m[Kwarning: [m[K"UNUSED" redefined
[1.105s]    52 | #define UNUSED(x) (void)x
[1.105s]       | 
[1.107s] In file included from [01m[K/home/microros/microros_ws/firmware/mcu_ws/uros/rclc/rclc/include/rclc/subscription.h:25[m[K,
[1.107s]                  from [01m[K/home/microros/microros_ws/firmware/mcu_ws/uros/rclc/rclc/src/rclc/subscription.c:17[m[K:
[1.107s] [01m[K/home/microros/microros_ws/firmware/mcu_ws/uros/rclc/rclc/include/rclc/types.h:52:[m[K [01;35m[Kwarning: [m[K"UNUSED" redefined
[1.107s]    52 | #define UNUSED(x) (void)x
[1.107s]       | 
[1.107s] In file included from [01m[K/home/microros/microros_ws/firmware/NuttX/include/stdint.h:48[m[K,
[1.107s]                  from [01m[K/home/microros/microros_ws/firmware/mcu_ws/install/rcl/include/rcl/node.h:23[m[K,
[1.108s]                  from [01m[K/home/microros/microros_ws/firmware/mcu_ws/install/rcl/include/rcl/subscription.h:26[m[K,
[1.108s]                  from [01m[K/home/microros/microros_ws/firmware/mcu_ws/uros/rclc/rclc/include/rclc/subscription.h:24[m[K,
[1.108s]                  from [01m[K/home/microros/microros_ws/firmware/mcu_ws/uros/rclc/rclc/src/rclc/subscription.c:17[m[K:
[1.108s] [01m[K/home/microros/microros_ws/firmware/NuttX/include/nuttx/compiler.h:307:[m[K [01;36m[Knote: [m[Kthis is the location of the previous definition
[1.108s]   307 | #  define UNUSED(a) ((void)(a))
[1.108s]       | 
[1.118s] In file included from [01m[K/home/microros/microros_ws/firmware/NuttX/include/stdbool.h:69[m[K,
[1.118s]                  from [01m[K/home/microros/microros_ws/firmware/mcu_ws/install/rcl/include/rcl/timer.h:23[m[K,
[1.118s]                  from [01m[K/home/microros/microros_ws/firmware/mcu_ws/uros/rclc/rclc/include/rclc/timer.h:24[m[K,
[1.118s]                  from [01m[K/home/microros/microros_ws/firmware/mcu_ws/uros/rclc/rclc/src/rclc/timer.c:17[m[K:
[1.118s] [01m[K/home/microros/microros_ws/firmware/NuttX/include/nuttx/compiler.h:307:[m[K [01;36m[Knote: [m[Kthis is the location of the previous definition
[1.118s]   307 | #  define UNUSED(a) ((void)(a))
[1.118s]       | 
[1.124s] In file included from [01m[K/home/microros/microros_ws/firmware/mcu_ws/uros/rclc/rclc/src/rclc/timer.c:20[m[K:
[1.124s] [01m[K/home/microros/microros_ws/firmware/mcu_ws/uros/rclc/rclc/src/rclc/timer.c:[m[K In function '[01m[Krclc_timer_init_default[m[K':
[1.125s] [01m[K/home/microros/microros_ws/firmware/mcu_ws/uros/rclc/rclc/src/rclc/timer.c:45:22:[m[K [01;35m[Kwarning: [m[Kformat '[01m[K%ld[m[K' expects argument of type '[01m[Klong int[m[K', but argument 5 has type '[01m[Klong long unsigned int[m[K' [[01;35m[K-Wformat=[m[K]
[1.125s]    45 |     RCUTILS_LOG_INFO([01;35m[K"Created a timer with period %ld ms.\n"[m[K, [32m[Ktimeout_ns / 1000000[m[K);
[1.125s]       |                      [01;35m[K^~~~~~~~~~~~~~~~~~~~~~~~~~~~~~~~~~~~~~~[m[K  [32m[K~~~~~~~~~~~~~~~~~~~~[m[K
[1.125s]       |                                                                          [32m[K|[m[K
[1.125s]       |                                                                          [32m[Klong long unsigned int[m[K
[1.125s] [01m[K/home/microros/microros_ws/firmware/mcu_ws/uros/rclc/rclc/src/rclc/timer.c:45:53:[m[K [01;36m[Knote: [m[Kformat string is defined here
[1.125s]    45 |     RCUTILS_LOG_INFO("Created a timer with period [01;36m[K%ld[m[K ms.\n", timeout_ns / 1000000);
[1.125s]       |                                                   [01;36m[K~~^[m[K
[1.125s]       |                                                     [01;36m[K|[m[K
[1.125s]       |                                                     [01;36m[Klong int[m[K
[1.126s]       |                                                   [32m[K%lld[m[K
[1.230s] [ 62%] [32mBuilding C object CMakeFiles/rclc.dir/src/rclc/node.c.obj[0m
[1.243s] /usr/bin/arm-none-eabi-gcc --sysroot=/home/microros/microros_ws/firmware/NuttX/.. -DROS_PACKAGE_NAME=\"rclc\" -I/home/microros/microros_ws/firmware/mcu_ws/uros/rclc/rclc/include -I/home/microros/microros_ws/firmware/mcu_ws/uros/rclc/rclc/src -isystem /home/microros/microros_ws/firmware/NuttX/include -isystem /home/microros/microros_ws/firmware/NuttX/include/cxx -isystem /home/microros/microros_ws/firmware/NuttX/include/uClibc++ -isystem /home/microros/microros_ws/firmware/mcu_ws/install/rcl/include -isystem /home/microros/microros_ws/firmware/mcu_ws/install/rosidl_typesupport_microxrcedds_c/include -isystem /home/microros/microros_ws/firmware/mcu_ws/install/rmw/include -isystem /home/microros/microros_ws/firmware/mcu_ws/install/rcutils/include -isystem /home/microros/microros_ws/firmware/mcu_ws/install/tracetools/include -isystem /home/microros/microros_ws/firmware/mcu_ws/uros/rmw_microxrcedds/rmw_microxrcedds_c/include -isystem /home/microros/microros_ws/firmware/mcu_ws/install/tinydir_vendor/share/tinydir_vendor/cmake/../../../include -isystem /home/microros/microros_ws/firmware/mcu_ws/install/rosidl_typesupport_interface/include -isystem /home/microros/microros_ws/firmware/mcu_ws/install/rcl_interfaces/include -isystem /home/microros/microros_ws/firmware/mcu_ws/install/builtin_interfaces/include -isystem /home/microros/microros_ws/firmware/mcu_ws/install/rosidl_runtime_c/include -isystem /home/microros/microros_ws/firmware/mcu_ws/install/microcdr/include -isystem /home/microros/microros_ws/firmware/mcu_ws/install/rosidl_typesupport_c/include  -std=c99 -Dunix=1 -mcpu=cortex-m4 -mthumb -mfloat-abi=soft -Os -fno-strict-aliasing -fno-strength-reduce -fomit-frame-pointer -O2 -g -DNDEBUG -fPIC   -Wall -Wextra -Wpedantic -std=gnu11 -o CMakeFiles/rclc.dir/src/rclc/node.c.obj   -c /home/microros/microros_ws/firmware/mcu_ws/uros/rclc/rclc/src/rclc/node.c
[1.258s] [ 75%] [32mBuilding C object CMakeFiles/rclc.dir/src/rclc/executor_handle.c.obj[0m
[1.270s] /usr/bin/arm-none-eabi-gcc --sysroot=/home/microros/microros_ws/firmware/NuttX/.. -DROS_PACKAGE_NAME=\"rclc\" -I/home/microros/microros_ws/firmware/mcu_ws/uros/rclc/rclc/include -I/home/microros/microros_ws/firmware/mcu_ws/uros/rclc/rclc/src -isystem /home/microros/microros_ws/firmware/NuttX/include -isystem /home/microros/microros_ws/firmware/NuttX/include/cxx -isystem /home/microros/microros_ws/firmware/NuttX/include/uClibc++ -isystem /home/microros/microros_ws/firmware/mcu_ws/install/rcl/include -isystem /home/microros/microros_ws/firmware/mcu_ws/install/rosidl_typesupport_microxrcedds_c/include -isystem /home/microros/microros_ws/firmware/mcu_ws/install/rmw/include -isystem /home/microros/microros_ws/firmware/mcu_ws/install/rcutils/include -isystem /home/microros/microros_ws/firmware/mcu_ws/install/tracetools/include -isystem /home/microros/microros_ws/firmware/mcu_ws/uros/rmw_microxrcedds/rmw_microxrcedds_c/include -isystem /home/microros/microros_ws/firmware/mcu_ws/install/tinydir_vendor/share/tinydir_vendor/cmake/../../../include -isystem /home/microros/microros_ws/firmware/mcu_ws/install/rosidl_typesupport_interface/include -isystem /home/microros/microros_ws/firmware/mcu_ws/install/rcl_interfaces/include -isystem /home/microros/microros_ws/firmware/mcu_ws/install/builtin_interfaces/include -isystem /home/microros/microros_ws/firmware/mcu_ws/install/rosidl_runtime_c/include -isystem /home/microros/microros_ws/firmware/mcu_ws/install/microcdr/include -isystem /home/microros/microros_ws/firmware/mcu_ws/install/rosidl_typesupport_c/include  -std=c99 -Dunix=1 -mcpu=cortex-m4 -mthumb -mfloat-abi=soft -Os -fno-strict-aliasing -fno-strength-reduce -fomit-frame-pointer -O2 -g -DNDEBUG -fPIC   -Wall -Wextra -Wpedantic -std=gnu11 -o CMakeFiles/rclc.dir/src/rclc/executor_handle.c.obj   -c /home/microros/microros_ws/firmware/mcu_ws/uros/rclc/rclc/src/rclc/executor_handle.c
[1.303s] [ 87%] [32mBuilding C object CMakeFiles/rclc.dir/src/rclc/executor.c.obj[0m
[1.315s] /usr/bin/arm-none-eabi-gcc --sysroot=/home/microros/microros_ws/firmware/NuttX/.. -DROS_PACKAGE_NAME=\"rclc\" -I/home/microros/microros_ws/firmware/mcu_ws/uros/rclc/rclc/include -I/home/microros/microros_ws/firmware/mcu_ws/uros/rclc/rclc/src -isystem /home/microros/microros_ws/firmware/NuttX/include -isystem /home/microros/microros_ws/firmware/NuttX/include/cxx -isystem /home/microros/microros_ws/firmware/NuttX/include/uClibc++ -isystem /home/microros/microros_ws/firmware/mcu_ws/install/rcl/include -isystem /home/microros/microros_ws/firmware/mcu_ws/install/rosidl_typesupport_microxrcedds_c/include -isystem /home/microros/microros_ws/firmware/mcu_ws/install/rmw/include -isystem /home/microros/microros_ws/firmware/mcu_ws/install/rcutils/include -isystem /home/microros/microros_ws/firmware/mcu_ws/install/tracetools/include -isystem /home/microros/microros_ws/firmware/mcu_ws/uros/rmw_microxrcedds/rmw_microxrcedds_c/include -isystem /home/microros/microros_ws/firmware/mcu_ws/install/tinydir_vendor/share/tinydir_vendor/cmake/../../../include -isystem /home/microros/microros_ws/firmware/mcu_ws/install/rosidl_typesupport_interface/include -isystem /home/microros/microros_ws/firmware/mcu_ws/install/rcl_interfaces/include -isystem /home/microros/microros_ws/firmware/mcu_ws/install/builtin_interfaces/include -isystem /home/microros/microros_ws/firmware/mcu_ws/install/rosidl_runtime_c/include -isystem /home/microros/microros_ws/firmware/mcu_ws/install/microcdr/include -isystem /home/microros/microros_ws/firmware/mcu_ws/install/rosidl_typesupport_c/include  -std=c99 -Dunix=1 -mcpu=cortex-m4 -mthumb -mfloat-abi=soft -Os -fno-strict-aliasing -fno-strength-reduce -fomit-frame-pointer -O2 -g -DNDEBUG -fPIC   -Wall -Wextra -Wpedantic -std=gnu11 -o CMakeFiles/rclc.dir/src/rclc/executor.c.obj   -c /home/microros/microros_ws/firmware/mcu_ws/uros/rclc/rclc/src/rclc/executor.c
[1.452s] In file included from [01m[K/home/microros/microros_ws/firmware/mcu_ws/uros/rclc/rclc/include/rclc/node.h:25[m[K,
[1.452s]                  from [01m[K/home/microros/microros_ws/firmware/mcu_ws/uros/rclc/rclc/src/rclc/node.c:17[m[K:
[1.452s] [01m[K/home/microros/microros_ws/firmware/mcu_ws/uros/rclc/rclc/include/rclc/types.h:52:[m[K [01;35m[Kwarning: [m[K"UNUSED" redefined
[1.452s]    52 | #define UNUSED(x) (void)x
[1.452s]       | 
[1.453s] In file included from [01m[K/home/microros/microros_ws/firmware/NuttX/include/stdint.h:48[m[K,
[1.453s]                  from [01m[K/home/microros/microros_ws/firmware/mcu_ws/install/rcl/include/rcl/node.h:23[m[K,
[1.453s]                  from [01m[K/home/microros/microros_ws/firmware/mcu_ws/uros/rclc/rclc/include/rclc/node.h:24[m[K,
[1.453s]                  from [01m[K/home/microros/microros_ws/firmware/mcu_ws/uros/rclc/rclc/src/rclc/node.c:17[m[K:
[1.453s] [01m[K/home/microros/microros_ws/firmware/NuttX/include/nuttx/compiler.h:307:[m[K [01;36m[Knote: [m[Kthis is the location of the previous definition
[1.453s]   307 | #  define UNUSED(a) ((void)(a))
[1.453s]       | 
[1.492s] In file included from [01m[K/home/microros/microros_ws/firmware/mcu_ws/uros/rclc/rclc/include/rclc/executor.h:31[m[K,
[1.493s]                  from [01m[K/home/microros/microros_ws/firmware/mcu_ws/uros/rclc/rclc/src/rclc/executor.c:17[m[K:
[1.493s] [01m[K/home/microros/microros_ws/firmware/mcu_ws/uros/rclc/rclc/include/rclc/types.h:52:[m[K [01;35m[Kwarning: [m[K"UNUSED" redefined
[1.495s]    52 | #define UNUSED(x) (void)x
[1.496s]       | 
[1.497s] In file included from [01m[K/home/microros/microros_ws/firmware/NuttX/include/sys/types.h:44[m[K,
[1.498s]                  from [01m[K/home/microros/microros_ws/firmware/NuttX/include/stdio.h:46[m[K,
[1.500s]                  from [01m[K/home/microros/microros_ws/firmware/mcu_ws/uros/rclc/rclc/include/rclc/executor.h:24[m[K,
[1.501s]                  from [01m[K/home/microros/microros_ws/firmware/mcu_ws/uros/rclc/rclc/src/rclc/executor.c:17[m[K:
[1.501s] [01m[K/home/microros/microros_ws/firmware/NuttX/include/nuttx/compiler.h:307:[m[K [01;36m[Knote: [m[Kthis is the location of the previous definition
[1.501s]   307 | #  define UNUSED(a) ((void)(a))
[1.501s]       | 
[1.501s] In file included from [01m[K/home/microros/microros_ws/firmware/mcu_ws/uros/rclc/rclc/include/rclc/executor.h:28[m[K,
[1.501s]                  from [01m[K/home/microros/microros_ws/firmware/mcu_ws/uros/rclc/rclc/src/rclc/executor.c:17[m[K:
[1.501s] [01m[K/home/microros/microros_ws/firmware/mcu_ws/uros/rclc/rclc/src/rclc/executor.c:[m[K In function '[01m[Krclc_executor_spin_some[m[K':
[1.501s] [01m[K/home/microros/microros_ws/firmware/mcu_ws/uros/rclc/rclc/src/rclc/executor.c:584:13:[m[K [01;35m[Kwarning: [m[Kformat '[01m[K%ld[m[K' expects argument of type '[01m[Klong int[m[K', but argument 5 has type '[01m[Ksize_t[m[K' {aka '[01m[Kunsigned int[m[K'} [[01;35m[K-Wformat=[m[K]
[1.502s]   584 |             [01;35m[K"Subscription added to wait_set_subscription[%ld]"[m[K,
[1.502s]       |             [01;35m[K^~~~~~~~~~~~~~~~~~~~~~~~~~~~~~~~~~~~~~~~~~~~~~~~~~[m[K
[1.502s]   585 |             [32m[Kexecutor->handles[i].index[m[K);
[1.502s]       |             [32m[K~~~~~~~~~~~~~~~~~~~~~~~~~~[m[K
[1.502s]       |                                 [32m[K|[m[K
[1.502s]       |                                 [32m[Ksize_t {aka unsigned int}[m[K
[1.502s] [01m[K/home/microros/microros_ws/firmware/mcu_ws/uros/rclc/rclc/src/rclc/executor.c:584:60:[m[K [01;36m[Knote: [m[Kformat string is defined here
[1.503s]   584 |             "Subscription added to wait_set_subscription[[01;36m[K%ld[m[K]",
[1.503s]       |                                                          [01;36m[K~~^[m[K
[1.503s]       |                                                            [01;36m[K|[m[K
[1.503s]       |                                                            [01;36m[Klong int[m[K
[1.503s]       |                                                          [32m[K%d[m[K
[1.503s] In file included from [01m[K/home/microros/microros_ws/firmware/mcu_ws/uros/rclc/rclc/include/rclc/executor.h:28[m[K,
[1.503s]                  from [01m[K/home/microros/microros_ws/firmware/mcu_ws/uros/rclc/rclc/src/rclc/executor.c:17[m[K:
[1.503s] [01m[K/home/microros/microros_ws/firmware/mcu_ws/uros/rclc/rclc/src/rclc/executor.c:599:31:[m[K [01;35m[Kwarning: [m[Kformat '[01m[K%ld[m[K' expects argument of type '[01m[Klong int[m[K', but argument 5 has type '[01m[Ksize_t[m[K' {aka '[01m[Kunsigned int[m[K'} [[01;35m[K-Wformat=[m[K]
[1.503s]   599 |             ROS_PACKAGE_NAME, [01;35m[K"Timer added to wait_set_timers[%ld]"[m[K,
[1.503s]       |                               [01;35m[K^~~~~~~~~~~~~~~~~~~~~~~~~~~~~~~~~~~~~[m[K
[1.503s]   600 |             [32m[Kexecutor->handles[i].index[m[K);
[1.504s]       |             [32m[K~~~~~~~~~~~~~~~~~~~~~~~~~~[m[K
[1.504s]       |                                 [32m[K|[m[K
[1.504s]       |                                 [32m[Ksize_t {aka unsigned int}[m[K
[1.504s] [01m[K/home/microros/microros_ws/firmware/mcu_ws/uros/rclc/rclc/src/rclc/executor.c:599:65:[m[K [01;36m[Knote: [m[Kformat string is defined here
[1.504s]   599 |             ROS_PACKAGE_NAME, "Timer added to wait_set_timers[[01;36m[K%ld[m[K]",
[1.504s]       |                                                               [01;36m[K~~^[m[K
[1.504s]       |                                                                 [01;36m[K|[m[K
[1.504s]       |                                                                 [01;36m[Klong int[m[K
[1.504s]       |                                                               [32m[K%d[m[K
[1.504s] [01m[K/home/microros/microros_ws/firmware/mcu_ws/uros/rclc/rclc/src/rclc/executor.c:[m[K In function '[01m[Krclc_executor_spin[m[K':
[1.504s] [01m[K/home/microros/microros_ws/firmware/mcu_ws/uros/rclc/rclc/src/rclc/executor.c:642:36:[m[K [01;35m[Kwarning: [m[Kformat '[01m[K%ld[m[K' expects argument of type '[01m[Klong int[m[K', but argument 2 has type '[01m[Kuint64_t[m[K' {aka '[01m[Klong long unsigned int[m[K'} [[01;35m[K-Wformat=[m[K]
[1.505s]   642 |   printf("INFO: rcl_wait timeout [01;35m[K%ld[m[K ms\n", [32m[K((executor->timeout_ns / 1000) / 1000)[m[K);
[1.505s]       |                                  [01;35m[K~~^[m[K        [32m[K~~~~~~~~~~~~~~~~~~~~~~~~~~~~~~~~~~~~~~[m[K
[1.505s]       |                                    [01;35m[K|[m[K                                       [32m[K|[m[K
[1.505s]       |                                    [01;35m[Klong int[m[K                                [32m[Kuint64_t {aka long long unsigned int}[m[K
[1.505s]       |                                  [32m[K%lld[m[K
[2.060s] [100%] [32m[1mLinking CXX static library librclc.a[0m
[2.061s] /usr/bin/cmake -P CMakeFiles/rclc.dir/cmake_clean_target.cmake
[2.079s] /usr/bin/cmake -E cmake_link_script CMakeFiles/rclc.dir/link.txt --verbose=1
[2.090s] /usr/bin/arm-none-eabi-ar qc librclc.a  CMakeFiles/rclc.dir/src/rclc/init.c.obj CMakeFiles/rclc.dir/src/rclc/publisher.c.obj CMakeFiles/rclc.dir/src/rclc/subscription.c.obj CMakeFiles/rclc.dir/src/rclc/timer.c.obj CMakeFiles/rclc.dir/src/rclc/node.c.obj CMakeFiles/rclc.dir/src/rclc/executor_handle.c.obj CMakeFiles/rclc.dir/src/rclc/executor.c.obj
[2.100s] /usr/bin/arm-none-eabi-ranlib librclc.a
[2.116s] make[6]: Leaving directory '/home/microros/microros_ws/firmware/mcu_ws/build/rclc'
[2.152s] [100%] Built target rclc
[2.154s] make[5]: Leaving directory '/home/microros/microros_ws/firmware/mcu_ws/build/rclc'
[2.155s] /usr/bin/cmake -E cmake_progress_start /home/microros/microros_ws/firmware/mcu_ws/build/rclc/CMakeFiles 0
[2.167s] make[4]: Leaving directory '/home/microros/microros_ws/firmware/mcu_ws/build/rclc'
[2.173s] Invoked command in '/home/microros/microros_ws/firmware/mcu_ws/build/rclc' returned '0': AMENT_PREFIX_PATH=/home/microros/microros_ws/firmware/mcu_ws/install/rcl:/home/microros/microros_ws/firmware/mcu_ws/install/std_msgs:/home/microros/microros_ws/firmware/mcu_ws/install/rcl_interfaces:/home/microros/microros_ws/firmware/mcu_ws/install/builtin_interfaces:/home/microros/microros_ws/firmware/mcu_ws/install/rosidl_default_runtime:/home/microros/microros_ws/firmware/mcu_ws/install/rmw_implementation:/home/microros/microros_ws/firmware/mcu_ws/install/rosidl_typesupport_c:/home/microros/microros_ws/firmware/mcu_ws/install/rmw_microxrcedds:/home/microros/microros_ws/firmware/mcu_ws/install/rosidl_typesupport_microxrcedds_c:/home/microros/microros_ws/firmware/mcu_ws/install/rosidl_generator_c:/home/microros/microros_ws/firmware/mcu_ws/install/rosidl_cmake:/home/microros/microros_ws/firmware/mcu_ws/install/rmw:/home/microros/microros_ws/firmware/mcu_ws/install/rcl_logging_noop:/home/microros/microros_ws/firmware/mcu_ws/install/rosidl_runtime_c:/home/microros/microros_ws/firmware/mcu_ws/install/rosidl_parser:/home/microros/microros_ws/firmware/mcu_ws/install/rcutils:/home/microros/microros_ws/firmware/mcu_ws/install/tracetools:/home/microros/microros_ws/firmware/mcu_ws/install/rosidl_typesupport_interface:/home/microros/microros_ws/firmware/mcu_ws/install/rosidl_adapter:/home/microros/microros_ws/firmware/mcu_ws/install/rmw_implementation_cmake:${AMENT_PREFIX_PATH} CMAKE_PREFIX_PATH=/home/microros/microros_ws/firmware/mcu_ws/install/rcl:/home/microros/microros_ws/firmware/mcu_ws/install/std_msgs:/home/microros/microros_ws/firmware/mcu_ws/install/rcl_interfaces:/home/microros/microros_ws/firmware/mcu_ws/install/builtin_interfaces:/home/microros/microros_ws/firmware/mcu_ws/install/rosidl_default_runtime:/home/microros/microros_ws/firmware/mcu_ws/install/rmw_implementation:/home/microros/microros_ws/firmware/mcu_ws/install/rosidl_typesupport_c:/home/microros/microros_ws/firmware/mcu_ws/install/rmw_microxrcedds:/home/microros/microros_ws/firmware/mcu_ws/install/rosidl_typesupport_microxrcedds_c:/home/microros/microros_ws/firmware/mcu_ws/install/rosidl_generator_c:/home/microros/microros_ws/firmware/mcu_ws/install/rosidl_cmake:/home/microros/microros_ws/firmware/mcu_ws/install/rmw:/home/microros/microros_ws/firmware/mcu_ws/install/rcl_logging_noop:/home/microros/microros_ws/firmware/mcu_ws/install/rosidl_runtime_c:/home/microros/microros_ws/firmware/mcu_ws/install/rosidl_parser:/home/microros/microros_ws/firmware/mcu_ws/install/rcutils:/home/microros/microros_ws/firmware/mcu_ws/install/microxrcedds_client:/home/microros/microros_ws/firmware/mcu_ws/install/tracetools:/home/microros/microros_ws/firmware/mcu_ws/install/tinydir_vendor:/home/microros/microros_ws/firmware/mcu_ws/install/rosidl_typesupport_interface:/home/microros/microros_ws/firmware/mcu_ws/install/rosidl_adapter:/home/microros/microros_ws/firmware/mcu_ws/install/rmw_implementation_cmake:/home/microros/microros_ws/firmware/mcu_ws/install/microcdr:/home/microros/microros_ws/firmware/dev_ws/install/ament_lint_common:/home/microros/microros_ws/firmware/dev_ws/install/ament_cmake_uncrustify:/home/microros/microros_ws/firmware/dev_ws/install/uncrustify_vendor:/home/microros/microros_ws/firmware/dev_ws/install/nuttx_kconfig_vendor:/home/microros/microros_ws/firmware/dev_ws/install/ament_cmake_ros:/home/microros/microros_ws/firmware/dev_ws/install/ament_cmake_gmock:/home/microros/microros_ws/firmware/dev_ws/install/gmock_vendor:/home/microros/microros_ws/firmware/dev_ws/install/ament_cmake_gtest:/home/microros/microros_ws/firmware/dev_ws/install/gtest_vendor:/home/microros/microros_ws/firmware/dev_ws/install/ament_cmake_xmllint:/home/microros/microros_ws/firmware/dev_ws/install/ament_cmake_pyflakes:/home/microros/microros_ws/firmware/dev_ws/install/ament_cmake_pycodestyle:/home/microros/microros_ws/firmware/dev_ws/install/ament_cmake_pep257:/home/microros/microros_ws/firmware/dev_ws/install/ament_cmake_pclint:/home/microros/microros_ws/firmware/dev_ws/install/ament_lint_auto:/home/microros/microros_ws/firmware/dev_ws/install/ament_cmake_auto:/home/microros/microros_ws/firmware/dev_ws/install/ament_cmake:/home/microros/microros_ws/firmware/dev_ws/install/ament_cmake_version:/home/microros/microros_ws/firmware/dev_ws/install/ament_cmake_pytest:/home/microros/microros_ws/firmware/dev_ws/install/ament_cmake_nose:/home/microros/microros_ws/firmware/dev_ws/install/ament_cmake_mypy:/home/microros/microros_ws/firmware/dev_ws/install/ament_cmake_lint_cmake:/home/microros/microros_ws/firmware/dev_ws/install/ament_cmake_flake8:/home/microros/microros_ws/firmware/dev_ws/install/ament_cmake_cpplint:/home/microros/microros_ws/firmware/dev_ws/install/ament_cmake_cppcheck:/home/microros/microros_ws/firmware/dev_ws/install/ament_cmake_copyright:/home/microros/microros_ws/firmware/dev_ws/install/ament_cmake_clang_tidy:/home/microros/microros_ws/firmware/dev_ws/install/ament_cmake_clang_format:/home/microros/microros_ws/firmware/dev_ws/install/ament_cmake_test:/home/microros/microros_ws/firmware/dev_ws/install/ament_cmake_target_dependencies:/home/microros/microros_ws/firmware/dev_ws/install/ament_cmake_python:/home/microros/microros_ws/firmware/dev_ws/install/ament_cmake_export_dependencies:/home/microros/microros_ws/firmware/dev_ws/install/ament_cmake_libraries:/home/microros/microros_ws/firmware/dev_ws/install/ament_cmake_include_directories:/home/microros/microros_ws/firmware/dev_ws/install/ament_cmake_export_targets:/home/microros/microros_ws/firmware/dev_ws/install/ament_cmake_export_link_flags:/home/microros/microros_ws/firmware/dev_ws/install/ament_cmake_export_interfaces:/home/microros/microros_ws/firmware/dev_ws/install/ament_cmake_export_libraries:/home/microros/microros_ws/firmware/dev_ws/install/ament_cmake_export_include_directories:/home/microros/microros_ws/firmware/dev_ws/install/ament_cmake_export_definitions:/home/microros/microros_ws/firmware/dev_ws/install/ament_cmake_core:/home/microros/microros_ws/firmware/dev_ws/install/ament_index_cpp:/home/microros/microros_ws/install/microxrcedds_agent:/home/microros/microros_ws/firmware/dev_ws/install/ament_uncrustify:/home/microros/microros_ws/firmware/dev_ws/install/domain_coordinator:/home/microros/microros_ws/firmware/dev_ws/install/ament_xmllint:/home/microros/microros_ws/firmware/dev_ws/install/ament_pyflakes:/home/microros/microros_ws/firmware/dev_ws/install/ament_pycodestyle:/home/microros/microros_ws/firmware/dev_ws/install/ament_pep257:/home/microros/microros_ws/firmware/dev_ws/install/ament_pclint:/home/microros/microros_ws/firmware/dev_ws/install/ament_package:/home/microros/microros_ws/firmware/dev_ws/install/ament_mypy:/home/microros/microros_ws/firmware/dev_ws/install/ament_lint_cmake:/home/microros/microros_ws/firmware/dev_ws/install/ament_flake8:/home/microros/microros_ws/firmware/dev_ws/install/ament_copyright:/home/microros/microros_ws/firmware/dev_ws/install/ament_lint:/home/microros/microros_ws/firmware/dev_ws/install/ament_index_python:/home/microros/microros_ws/firmware/dev_ws/install/ament_cpplint:/home/microros/microros_ws/firmware/dev_ws/install/ament_cppcheck:/home/microros/microros_ws/firmware/dev_ws/install/ament_clang_tidy:/home/microros/microros_ws/firmware/dev_ws/install/ament_clang_format LD_LIBRARY_PATH=/home/microros/microros_ws/firmware/mcu_ws/install/rcl/lib:/home/microros/microros_ws/firmware/mcu_ws/install/std_msgs/lib:/home/microros/microros_ws/firmware/mcu_ws/install/rcl_interfaces/lib:/home/microros/microros_ws/firmware/mcu_ws/install/builtin_interfaces/lib:/home/microros/microros_ws/firmware/mcu_ws/install/rosidl_typesupport_c/lib:/home/microros/microros_ws/firmware/mcu_ws/install/rmw_microxrcedds/lib:/home/microros/microros_ws/firmware/mcu_ws/install/rosidl_typesupport_microxrcedds_c/lib:/home/microros/microros_ws/firmware/mcu_ws/install/rmw/lib:/home/microros/microros_ws/firmware/mcu_ws/install/rcl_logging_noop/lib:/home/microros/microros_ws/firmware/mcu_ws/install/rosidl_runtime_c/lib:/home/microros/microros_ws/firmware/mcu_ws/install/rcutils/lib:${LD_LIBRARY_PATH} PKG_CONFIG_PATH=/home/microros/microros_ws/firmware/mcu_ws/install/tinydir_vendor/lib/x86_64-linux-gnu/pkgconfig:/home/microros/microros_ws/firmware/mcu_ws/install/tinydir_vendor/lib/pkgconfig:${PKG_CONFIG_PATH} PYTHONPATH=/home/microros/microros_ws/firmware/mcu_ws/install/rosidl_typesupport_c/lib/python3.8/site-packages:/home/microros/microros_ws/firmware/mcu_ws/install/rosidl_typesupport_microxrcedds_c/lib/python3.8/site-packages:/home/microros/microros_ws/firmware/mcu_ws/install/rosidl_generator_c/lib/python3.8/site-packages:/home/microros/microros_ws/firmware/mcu_ws/install/rosidl_cmake/lib/python3.8/site-packages:/home/microros/microros_ws/firmware/mcu_ws/install/rosidl_parser/lib/python3.8/site-packages:/home/microros/microros_ws/firmware/mcu_ws/install/rcutils/lib/python3.8/site-packages:/home/microros/microros_ws/firmware/mcu_ws/install/rosidl_adapter/lib/python3.8/site-packages:${PYTHONPATH} /usr/bin/cmake --build /home/microros/microros_ws/firmware/mcu_ws/build/rclc -- -j4 -l4
[2.262s] Invoking command in '/home/microros/microros_ws/firmware/mcu_ws/build/rclc': AMENT_PREFIX_PATH=/home/microros/microros_ws/firmware/mcu_ws/install/rcl:/home/microros/microros_ws/firmware/mcu_ws/install/std_msgs:/home/microros/microros_ws/firmware/mcu_ws/install/rcl_interfaces:/home/microros/microros_ws/firmware/mcu_ws/install/builtin_interfaces:/home/microros/microros_ws/firmware/mcu_ws/install/rosidl_default_runtime:/home/microros/microros_ws/firmware/mcu_ws/install/rmw_implementation:/home/microros/microros_ws/firmware/mcu_ws/install/rosidl_typesupport_c:/home/microros/microros_ws/firmware/mcu_ws/install/rmw_microxrcedds:/home/microros/microros_ws/firmware/mcu_ws/install/rosidl_typesupport_microxrcedds_c:/home/microros/microros_ws/firmware/mcu_ws/install/rosidl_generator_c:/home/microros/microros_ws/firmware/mcu_ws/install/rosidl_cmake:/home/microros/microros_ws/firmware/mcu_ws/install/rmw:/home/microros/microros_ws/firmware/mcu_ws/install/rcl_logging_noop:/home/microros/microros_ws/firmware/mcu_ws/install/rosidl_runtime_c:/home/microros/microros_ws/firmware/mcu_ws/install/rosidl_parser:/home/microros/microros_ws/firmware/mcu_ws/install/rcutils:/home/microros/microros_ws/firmware/mcu_ws/install/tracetools:/home/microros/microros_ws/firmware/mcu_ws/install/rosidl_typesupport_interface:/home/microros/microros_ws/firmware/mcu_ws/install/rosidl_adapter:/home/microros/microros_ws/firmware/mcu_ws/install/rmw_implementation_cmake:${AMENT_PREFIX_PATH} CMAKE_PREFIX_PATH=/home/microros/microros_ws/firmware/mcu_ws/install/rcl:/home/microros/microros_ws/firmware/mcu_ws/install/std_msgs:/home/microros/microros_ws/firmware/mcu_ws/install/rcl_interfaces:/home/microros/microros_ws/firmware/mcu_ws/install/builtin_interfaces:/home/microros/microros_ws/firmware/mcu_ws/install/rosidl_default_runtime:/home/microros/microros_ws/firmware/mcu_ws/install/rmw_implementation:/home/microros/microros_ws/firmware/mcu_ws/install/rosidl_typesupport_c:/home/microros/microros_ws/firmware/mcu_ws/install/rmw_microxrcedds:/home/microros/microros_ws/firmware/mcu_ws/install/rosidl_typesupport_microxrcedds_c:/home/microros/microros_ws/firmware/mcu_ws/install/rosidl_generator_c:/home/microros/microros_ws/firmware/mcu_ws/install/rosidl_cmake:/home/microros/microros_ws/firmware/mcu_ws/install/rmw:/home/microros/microros_ws/firmware/mcu_ws/install/rcl_logging_noop:/home/microros/microros_ws/firmware/mcu_ws/install/rosidl_runtime_c:/home/microros/microros_ws/firmware/mcu_ws/install/rosidl_parser:/home/microros/microros_ws/firmware/mcu_ws/install/rcutils:/home/microros/microros_ws/firmware/mcu_ws/install/microxrcedds_client:/home/microros/microros_ws/firmware/mcu_ws/install/tracetools:/home/microros/microros_ws/firmware/mcu_ws/install/tinydir_vendor:/home/microros/microros_ws/firmware/mcu_ws/install/rosidl_typesupport_interface:/home/microros/microros_ws/firmware/mcu_ws/install/rosidl_adapter:/home/microros/microros_ws/firmware/mcu_ws/install/rmw_implementation_cmake:/home/microros/microros_ws/firmware/mcu_ws/install/microcdr:/home/microros/microros_ws/firmware/dev_ws/install/ament_lint_common:/home/microros/microros_ws/firmware/dev_ws/install/ament_cmake_uncrustify:/home/microros/microros_ws/firmware/dev_ws/install/uncrustify_vendor:/home/microros/microros_ws/firmware/dev_ws/install/nuttx_kconfig_vendor:/home/microros/microros_ws/firmware/dev_ws/install/ament_cmake_ros:/home/microros/microros_ws/firmware/dev_ws/install/ament_cmake_gmock:/home/microros/microros_ws/firmware/dev_ws/install/gmock_vendor:/home/microros/microros_ws/firmware/dev_ws/install/ament_cmake_gtest:/home/microros/microros_ws/firmware/dev_ws/install/gtest_vendor:/home/microros/microros_ws/firmware/dev_ws/install/ament_cmake_xmllint:/home/microros/microros_ws/firmware/dev_ws/install/ament_cmake_pyflakes:/home/microros/microros_ws/firmware/dev_ws/install/ament_cmake_pycodestyle:/home/microros/microros_ws/firmware/dev_ws/install/ament_cmake_pep257:/home/microros/microros_ws/firmware/dev_ws/install/ament_cmake_pclint:/home/microros/microros_ws/firmware/dev_ws/install/ament_lint_auto:/home/microros/microros_ws/firmware/dev_ws/install/ament_cmake_auto:/home/microros/microros_ws/firmware/dev_ws/install/ament_cmake:/home/microros/microros_ws/firmware/dev_ws/install/ament_cmake_version:/home/microros/microros_ws/firmware/dev_ws/install/ament_cmake_pytest:/home/microros/microros_ws/firmware/dev_ws/install/ament_cmake_nose:/home/microros/microros_ws/firmware/dev_ws/install/ament_cmake_mypy:/home/microros/microros_ws/firmware/dev_ws/install/ament_cmake_lint_cmake:/home/microros/microros_ws/firmware/dev_ws/install/ament_cmake_flake8:/home/microros/microros_ws/firmware/dev_ws/install/ament_cmake_cpplint:/home/microros/microros_ws/firmware/dev_ws/install/ament_cmake_cppcheck:/home/microros/microros_ws/firmware/dev_ws/install/ament_cmake_copyright:/home/microros/microros_ws/firmware/dev_ws/install/ament_cmake_clang_tidy:/home/microros/microros_ws/firmware/dev_ws/install/ament_cmake_clang_format:/home/microros/microros_ws/firmware/dev_ws/install/ament_cmake_test:/home/microros/microros_ws/firmware/dev_ws/install/ament_cmake_target_dependencies:/home/microros/microros_ws/firmware/dev_ws/install/ament_cmake_python:/home/microros/microros_ws/firmware/dev_ws/install/ament_cmake_export_dependencies:/home/microros/microros_ws/firmware/dev_ws/install/ament_cmake_libraries:/home/microros/microros_ws/firmware/dev_ws/install/ament_cmake_include_directories:/home/microros/microros_ws/firmware/dev_ws/install/ament_cmake_export_targets:/home/microros/microros_ws/firmware/dev_ws/install/ament_cmake_export_link_flags:/home/microros/microros_ws/firmware/dev_ws/install/ament_cmake_export_interfaces:/home/microros/microros_ws/firmware/dev_ws/install/ament_cmake_export_libraries:/home/microros/microros_ws/firmware/dev_ws/install/ament_cmake_export_include_directories:/home/microros/microros_ws/firmware/dev_ws/install/ament_cmake_export_definitions:/home/microros/microros_ws/firmware/dev_ws/install/ament_cmake_core:/home/microros/microros_ws/firmware/dev_ws/install/ament_index_cpp:/home/microros/microros_ws/install/microxrcedds_agent:/home/microros/microros_ws/firmware/dev_ws/install/ament_uncrustify:/home/microros/microros_ws/firmware/dev_ws/install/domain_coordinator:/home/microros/microros_ws/firmware/dev_ws/install/ament_xmllint:/home/microros/microros_ws/firmware/dev_ws/install/ament_pyflakes:/home/microros/microros_ws/firmware/dev_ws/install/ament_pycodestyle:/home/microros/microros_ws/firmware/dev_ws/install/ament_pep257:/home/microros/microros_ws/firmware/dev_ws/install/ament_pclint:/home/microros/microros_ws/firmware/dev_ws/install/ament_package:/home/microros/microros_ws/firmware/dev_ws/install/ament_mypy:/home/microros/microros_ws/firmware/dev_ws/install/ament_lint_cmake:/home/microros/microros_ws/firmware/dev_ws/install/ament_flake8:/home/microros/microros_ws/firmware/dev_ws/install/ament_copyright:/home/microros/microros_ws/firmware/dev_ws/install/ament_lint:/home/microros/microros_ws/firmware/dev_ws/install/ament_index_python:/home/microros/microros_ws/firmware/dev_ws/install/ament_cpplint:/home/microros/microros_ws/firmware/dev_ws/install/ament_cppcheck:/home/microros/microros_ws/firmware/dev_ws/install/ament_clang_tidy:/home/microros/microros_ws/firmware/dev_ws/install/ament_clang_format LD_LIBRARY_PATH=/home/microros/microros_ws/firmware/mcu_ws/install/rcl/lib:/home/microros/microros_ws/firmware/mcu_ws/install/std_msgs/lib:/home/microros/microros_ws/firmware/mcu_ws/install/rcl_interfaces/lib:/home/microros/microros_ws/firmware/mcu_ws/install/builtin_interfaces/lib:/home/microros/microros_ws/firmware/mcu_ws/install/rosidl_typesupport_c/lib:/home/microros/microros_ws/firmware/mcu_ws/install/rmw_microxrcedds/lib:/home/microros/microros_ws/firmware/mcu_ws/install/rosidl_typesupport_microxrcedds_c/lib:/home/microros/microros_ws/firmware/mcu_ws/install/rmw/lib:/home/microros/microros_ws/firmware/mcu_ws/install/rcl_logging_noop/lib:/home/microros/microros_ws/firmware/mcu_ws/install/rosidl_runtime_c/lib:/home/microros/microros_ws/firmware/mcu_ws/install/rcutils/lib:${LD_LIBRARY_PATH} PKG_CONFIG_PATH=/home/microros/microros_ws/firmware/mcu_ws/install/tinydir_vendor/lib/x86_64-linux-gnu/pkgconfig:/home/microros/microros_ws/firmware/mcu_ws/install/tinydir_vendor/lib/pkgconfig:${PKG_CONFIG_PATH} PYTHONPATH=/home/microros/microros_ws/firmware/mcu_ws/install/rosidl_typesupport_c/lib/python3.8/site-packages:/home/microros/microros_ws/firmware/mcu_ws/install/rosidl_typesupport_microxrcedds_c/lib/python3.8/site-packages:/home/microros/microros_ws/firmware/mcu_ws/install/rosidl_generator_c/lib/python3.8/site-packages:/home/microros/microros_ws/firmware/mcu_ws/install/rosidl_cmake/lib/python3.8/site-packages:/home/microros/microros_ws/firmware/mcu_ws/install/rosidl_parser/lib/python3.8/site-packages:/home/microros/microros_ws/firmware/mcu_ws/install/rcutils/lib/python3.8/site-packages:/home/microros/microros_ws/firmware/mcu_ws/install/rosidl_adapter/lib/python3.8/site-packages:${PYTHONPATH} /usr/bin/cmake --install /home/microros/microros_ws/firmware/mcu_ws/build/rclc
[2.275s] -- Install configuration: "RelWithDebInfo"
[2.275s] -- Up-to-date: /home/microros/microros_ws/firmware/mcu_ws/install/rclc/include
[2.275s] -- Up-to-date: /home/microros/microros_ws/firmware/mcu_ws/install/rclc/include/rclc
[2.275s] -- Up-to-date: /home/microros/microros_ws/firmware/mcu_ws/install/rclc/include/rclc/init.h
[2.275s] -- Up-to-date: /home/microros/microros_ws/firmware/mcu_ws/install/rclc/include/rclc/timer.h
[2.276s] -- Up-to-date: /home/microros/microros_ws/firmware/mcu_ws/install/rclc/include/rclc/rclc.h
[2.277s] -- Up-to-date: /home/microros/microros_ws/firmware/mcu_ws/install/rclc/include/rclc/executor.h
[2.277s] -- Up-to-date: /home/microros/microros_ws/firmware/mcu_ws/install/rclc/include/rclc/types.h
[2.277s] -- Up-to-date: /home/microros/microros_ws/firmware/mcu_ws/install/rclc/include/rclc/node.h
[2.277s] -- Up-to-date: /home/microros/microros_ws/firmware/mcu_ws/install/rclc/include/rclc/executor_handle.h
[2.277s] -- Up-to-date: /home/microros/microros_ws/firmware/mcu_ws/install/rclc/include/rclc/publisher.h
[2.277s] -- Up-to-date: /home/microros/microros_ws/firmware/mcu_ws/install/rclc/include/rclc/subscription.h
[2.278s] -- Installing: /home/microros/microros_ws/firmware/mcu_ws/install/rclc/lib/librclc.a
[2.278s] -- Up-to-date: /home/microros/microros_ws/firmware/mcu_ws/install/rclc/share/rclc/environment/library_path.sh
[2.278s] -- Installing: /home/microros/microros_ws/firmware/mcu_ws/install/rclc/share/rclc/environment/library_path.dsv
[2.278s] -- Up-to-date: /home/microros/microros_ws/firmware/mcu_ws/install/rclc/share/ament_index/resource_index/package_run_dependencies/rclc
[2.278s] -- Up-to-date: /home/microros/microros_ws/firmware/mcu_ws/install/rclc/share/ament_index/resource_index/parent_prefix_path/rclc
[2.278s] -- Up-to-date: /home/microros/microros_ws/firmware/mcu_ws/install/rclc/share/rclc/environment/ament_prefix_path.sh
[2.278s] -- Installing: /home/microros/microros_ws/firmware/mcu_ws/install/rclc/share/rclc/environment/ament_prefix_path.dsv
[2.278s] -- Up-to-date: /home/microros/microros_ws/firmware/mcu_ws/install/rclc/share/rclc/environment/path.sh
[2.279s] -- Installing: /home/microros/microros_ws/firmware/mcu_ws/install/rclc/share/rclc/environment/path.dsv
[2.279s] -- Up-to-date: /home/microros/microros_ws/firmware/mcu_ws/install/rclc/share/rclc/local_setup.bash
[2.279s] -- Up-to-date: /home/microros/microros_ws/firmware/mcu_ws/install/rclc/share/rclc/local_setup.sh
[2.279s] -- Up-to-date: /home/microros/microros_ws/firmware/mcu_ws/install/rclc/share/rclc/local_setup.zsh
[2.279s] -- Installing: /home/microros/microros_ws/firmware/mcu_ws/install/rclc/share/rclc/local_setup.dsv
[2.279s] -- Installing: /home/microros/microros_ws/firmware/mcu_ws/install/rclc/share/rclc/package.dsv
[2.279s] -- Up-to-date: /home/microros/microros_ws/firmware/mcu_ws/install/rclc/share/ament_index/resource_index/packages/rclc
[2.283s] -- Up-to-date: /home/microros/microros_ws/firmware/mcu_ws/install/rclc/share/rclc/cmake/ament_cmake_export_include_directories-extras.cmake
[2.283s] -- Up-to-date: /home/microros/microros_ws/firmware/mcu_ws/install/rclc/share/rclc/cmake/ament_cmake_export_libraries-extras.cmake
[2.283s] -- Up-to-date: /home/microros/microros_ws/firmware/mcu_ws/install/rclc/share/rclc/cmake/ament_cmake_export_dependencies-extras.cmake
[2.283s] -- Up-to-date: /home/microros/microros_ws/firmware/mcu_ws/install/rclc/share/rclc/cmake/rclcConfig.cmake
[2.283s] -- Up-to-date: /home/microros/microros_ws/firmware/mcu_ws/install/rclc/share/rclc/cmake/rclcConfig-version.cmake
[2.283s] -- Up-to-date: /home/microros/microros_ws/firmware/mcu_ws/install/rclc/share/rclc/package.xml
[2.284s] Invoked command in '/home/microros/microros_ws/firmware/mcu_ws/build/rclc' returned '0': AMENT_PREFIX_PATH=/home/microros/microros_ws/firmware/mcu_ws/install/rcl:/home/microros/microros_ws/firmware/mcu_ws/install/std_msgs:/home/microros/microros_ws/firmware/mcu_ws/install/rcl_interfaces:/home/microros/microros_ws/firmware/mcu_ws/install/builtin_interfaces:/home/microros/microros_ws/firmware/mcu_ws/install/rosidl_default_runtime:/home/microros/microros_ws/firmware/mcu_ws/install/rmw_implementation:/home/microros/microros_ws/firmware/mcu_ws/install/rosidl_typesupport_c:/home/microros/microros_ws/firmware/mcu_ws/install/rmw_microxrcedds:/home/microros/microros_ws/firmware/mcu_ws/install/rosidl_typesupport_microxrcedds_c:/home/microros/microros_ws/firmware/mcu_ws/install/rosidl_generator_c:/home/microros/microros_ws/firmware/mcu_ws/install/rosidl_cmake:/home/microros/microros_ws/firmware/mcu_ws/install/rmw:/home/microros/microros_ws/firmware/mcu_ws/install/rcl_logging_noop:/home/microros/microros_ws/firmware/mcu_ws/install/rosidl_runtime_c:/home/microros/microros_ws/firmware/mcu_ws/install/rosidl_parser:/home/microros/microros_ws/firmware/mcu_ws/install/rcutils:/home/microros/microros_ws/firmware/mcu_ws/install/tracetools:/home/microros/microros_ws/firmware/mcu_ws/install/rosidl_typesupport_interface:/home/microros/microros_ws/firmware/mcu_ws/install/rosidl_adapter:/home/microros/microros_ws/firmware/mcu_ws/install/rmw_implementation_cmake:${AMENT_PREFIX_PATH} CMAKE_PREFIX_PATH=/home/microros/microros_ws/firmware/mcu_ws/install/rcl:/home/microros/microros_ws/firmware/mcu_ws/install/std_msgs:/home/microros/microros_ws/firmware/mcu_ws/install/rcl_interfaces:/home/microros/microros_ws/firmware/mcu_ws/install/builtin_interfaces:/home/microros/microros_ws/firmware/mcu_ws/install/rosidl_default_runtime:/home/microros/microros_ws/firmware/mcu_ws/install/rmw_implementation:/home/microros/microros_ws/firmware/mcu_ws/install/rosidl_typesupport_c:/home/microros/microros_ws/firmware/mcu_ws/install/rmw_microxrcedds:/home/microros/microros_ws/firmware/mcu_ws/install/rosidl_typesupport_microxrcedds_c:/home/microros/microros_ws/firmware/mcu_ws/install/rosidl_generator_c:/home/microros/microros_ws/firmware/mcu_ws/install/rosidl_cmake:/home/microros/microros_ws/firmware/mcu_ws/install/rmw:/home/microros/microros_ws/firmware/mcu_ws/install/rcl_logging_noop:/home/microros/microros_ws/firmware/mcu_ws/install/rosidl_runtime_c:/home/microros/microros_ws/firmware/mcu_ws/install/rosidl_parser:/home/microros/microros_ws/firmware/mcu_ws/install/rcutils:/home/microros/microros_ws/firmware/mcu_ws/install/microxrcedds_client:/home/microros/microros_ws/firmware/mcu_ws/install/tracetools:/home/microros/microros_ws/firmware/mcu_ws/install/tinydir_vendor:/home/microros/microros_ws/firmware/mcu_ws/install/rosidl_typesupport_interface:/home/microros/microros_ws/firmware/mcu_ws/install/rosidl_adapter:/home/microros/microros_ws/firmware/mcu_ws/install/rmw_implementation_cmake:/home/microros/microros_ws/firmware/mcu_ws/install/microcdr:/home/microros/microros_ws/firmware/dev_ws/install/ament_lint_common:/home/microros/microros_ws/firmware/dev_ws/install/ament_cmake_uncrustify:/home/microros/microros_ws/firmware/dev_ws/install/uncrustify_vendor:/home/microros/microros_ws/firmware/dev_ws/install/nuttx_kconfig_vendor:/home/microros/microros_ws/firmware/dev_ws/install/ament_cmake_ros:/home/microros/microros_ws/firmware/dev_ws/install/ament_cmake_gmock:/home/microros/microros_ws/firmware/dev_ws/install/gmock_vendor:/home/microros/microros_ws/firmware/dev_ws/install/ament_cmake_gtest:/home/microros/microros_ws/firmware/dev_ws/install/gtest_vendor:/home/microros/microros_ws/firmware/dev_ws/install/ament_cmake_xmllint:/home/microros/microros_ws/firmware/dev_ws/install/ament_cmake_pyflakes:/home/microros/microros_ws/firmware/dev_ws/install/ament_cmake_pycodestyle:/home/microros/microros_ws/firmware/dev_ws/install/ament_cmake_pep257:/home/microros/microros_ws/firmware/dev_ws/install/ament_cmake_pclint:/home/microros/microros_ws/firmware/dev_ws/install/ament_lint_auto:/home/microros/microros_ws/firmware/dev_ws/install/ament_cmake_auto:/home/microros/microros_ws/firmware/dev_ws/install/ament_cmake:/home/microros/microros_ws/firmware/dev_ws/install/ament_cmake_version:/home/microros/microros_ws/firmware/dev_ws/install/ament_cmake_pytest:/home/microros/microros_ws/firmware/dev_ws/install/ament_cmake_nose:/home/microros/microros_ws/firmware/dev_ws/install/ament_cmake_mypy:/home/microros/microros_ws/firmware/dev_ws/install/ament_cmake_lint_cmake:/home/microros/microros_ws/firmware/dev_ws/install/ament_cmake_flake8:/home/microros/microros_ws/firmware/dev_ws/install/ament_cmake_cpplint:/home/microros/microros_ws/firmware/dev_ws/install/ament_cmake_cppcheck:/home/microros/microros_ws/firmware/dev_ws/install/ament_cmake_copyright:/home/microros/microros_ws/firmware/dev_ws/install/ament_cmake_clang_tidy:/home/microros/microros_ws/firmware/dev_ws/install/ament_cmake_clang_format:/home/microros/microros_ws/firmware/dev_ws/install/ament_cmake_test:/home/microros/microros_ws/firmware/dev_ws/install/ament_cmake_target_dependencies:/home/microros/microros_ws/firmware/dev_ws/install/ament_cmake_python:/home/microros/microros_ws/firmware/dev_ws/install/ament_cmake_export_dependencies:/home/microros/microros_ws/firmware/dev_ws/install/ament_cmake_libraries:/home/microros/microros_ws/firmware/dev_ws/install/ament_cmake_include_directories:/home/microros/microros_ws/firmware/dev_ws/install/ament_cmake_export_targets:/home/microros/microros_ws/firmware/dev_ws/install/ament_cmake_export_link_flags:/home/microros/microros_ws/firmware/dev_ws/install/ament_cmake_export_interfaces:/home/microros/microros_ws/firmware/dev_ws/install/ament_cmake_export_libraries:/home/microros/microros_ws/firmware/dev_ws/install/ament_cmake_export_include_directories:/home/microros/microros_ws/firmware/dev_ws/install/ament_cmake_export_definitions:/home/microros/microros_ws/firmware/dev_ws/install/ament_cmake_core:/home/microros/microros_ws/firmware/dev_ws/install/ament_index_cpp:/home/microros/microros_ws/install/microxrcedds_agent:/home/microros/microros_ws/firmware/dev_ws/install/ament_uncrustify:/home/microros/microros_ws/firmware/dev_ws/install/domain_coordinator:/home/microros/microros_ws/firmware/dev_ws/install/ament_xmllint:/home/microros/microros_ws/firmware/dev_ws/install/ament_pyflakes:/home/microros/microros_ws/firmware/dev_ws/install/ament_pycodestyle:/home/microros/microros_ws/firmware/dev_ws/install/ament_pep257:/home/microros/microros_ws/firmware/dev_ws/install/ament_pclint:/home/microros/microros_ws/firmware/dev_ws/install/ament_package:/home/microros/microros_ws/firmware/dev_ws/install/ament_mypy:/home/microros/microros_ws/firmware/dev_ws/install/ament_lint_cmake:/home/microros/microros_ws/firmware/dev_ws/install/ament_flake8:/home/microros/microros_ws/firmware/dev_ws/install/ament_copyright:/home/microros/microros_ws/firmware/dev_ws/install/ament_lint:/home/microros/microros_ws/firmware/dev_ws/install/ament_index_python:/home/microros/microros_ws/firmware/dev_ws/install/ament_cpplint:/home/microros/microros_ws/firmware/dev_ws/install/ament_cppcheck:/home/microros/microros_ws/firmware/dev_ws/install/ament_clang_tidy:/home/microros/microros_ws/firmware/dev_ws/install/ament_clang_format LD_LIBRARY_PATH=/home/microros/microros_ws/firmware/mcu_ws/install/rcl/lib:/home/microros/microros_ws/firmware/mcu_ws/install/std_msgs/lib:/home/microros/microros_ws/firmware/mcu_ws/install/rcl_interfaces/lib:/home/microros/microros_ws/firmware/mcu_ws/install/builtin_interfaces/lib:/home/microros/microros_ws/firmware/mcu_ws/install/rosidl_typesupport_c/lib:/home/microros/microros_ws/firmware/mcu_ws/install/rmw_microxrcedds/lib:/home/microros/microros_ws/firmware/mcu_ws/install/rosidl_typesupport_microxrcedds_c/lib:/home/microros/microros_ws/firmware/mcu_ws/install/rmw/lib:/home/microros/microros_ws/firmware/mcu_ws/install/rcl_logging_noop/lib:/home/microros/microros_ws/firmware/mcu_ws/install/rosidl_runtime_c/lib:/home/microros/microros_ws/firmware/mcu_ws/install/rcutils/lib:${LD_LIBRARY_PATH} PKG_CONFIG_PATH=/home/microros/microros_ws/firmware/mcu_ws/install/tinydir_vendor/lib/x86_64-linux-gnu/pkgconfig:/home/microros/microros_ws/firmware/mcu_ws/install/tinydir_vendor/lib/pkgconfig:${PKG_CONFIG_PATH} PYTHONPATH=/home/microros/microros_ws/firmware/mcu_ws/install/rosidl_typesupport_c/lib/python3.8/site-packages:/home/microros/microros_ws/firmware/mcu_ws/install/rosidl_typesupport_microxrcedds_c/lib/python3.8/site-packages:/home/microros/microros_ws/firmware/mcu_ws/install/rosidl_generator_c/lib/python3.8/site-packages:/home/microros/microros_ws/firmware/mcu_ws/install/rosidl_cmake/lib/python3.8/site-packages:/home/microros/microros_ws/firmware/mcu_ws/install/rosidl_parser/lib/python3.8/site-packages:/home/microros/microros_ws/firmware/mcu_ws/install/rcutils/lib/python3.8/site-packages:/home/microros/microros_ws/firmware/mcu_ws/install/rosidl_adapter/lib/python3.8/site-packages:${PYTHONPATH} /usr/bin/cmake --install /home/microros/microros_ws/firmware/mcu_ws/build/rclc
