[0.072s] Invoking command in '/home/microros/microros_ws/firmware/mcu_ws/build/microcdr': /usr/bin/cmake /home/microros/microros_ws/firmware/mcu_ws/eProsima/Micro-CDR -DBUILD_SHARED_LIBS=OFF -DCMAKE_POSITION_INDEPENDENT_CODE=ON -DBUILD_TESTING=OFF -DCMAKE_BUILD_TYPE=RelWithDebInfo -DCMAKE_TOOLCHAIN_FILE=/home/microros/microros_ws/firmware/apps/uros/arm_toolchain.cmake -DCMAKE_VERBOSE_MAKEFILE=ON -DUCDR_ISOLATED_INSTALL=OFF -DCMAKE_INSTALL_PREFIX=/home/microros/microros_ws/firmware/mcu_ws/install/microcdr
[1.798s] -- The C compiler identification is GNU 9.2.1
[1.825s] -- Check for working C compiler: /usr/bin/arm-none-eabi-gcc
[2.162s] -- Check for working C compiler: /usr/bin/arm-none-eabi-gcc -- works
[2.163s] -- Detecting C compiler ABI info
[2.245s] -- Detecting C compiler ABI info - done
[2.259s] -- Detecting C compile features
[2.260s] -- Detecting C compile features - done
[2.814s] -- The CXX compiler identification is GNU 9.2.1
[2.815s] -- Check for working CXX compiler: /usr/bin/arm-none-eabi-g++
[2.911s] -- Check for working CXX compiler: /usr/bin/arm-none-eabi-g++ -- works
[2.911s] -- Detecting CXX compiler ABI info
[2.996s] -- Detecting CXX compiler ABI info - done
[3.011s] -- Detecting CXX compile features
[3.012s] -- Detecting CXX compile features - done
[3.030s] -- Configuring done
[3.032s] -- Generating done
[3.033s] -- Build files have been written to: /home/microros/microros_ws/firmware/mcu_ws/build/microcdr
[3.038s] Invoked command in '/home/microros/microros_ws/firmware/mcu_ws/build/microcdr' returned '0': /usr/bin/cmake /home/microros/microros_ws/firmware/mcu_ws/eProsima/Micro-CDR -DBUILD_SHARED_LIBS=OFF -DCMAKE_POSITION_INDEPENDENT_CODE=ON -DBUILD_TESTING=OFF -DCMAKE_BUILD_TYPE=RelWithDebInfo -DCMAKE_TOOLCHAIN_FILE=/home/microros/microros_ws/firmware/apps/uros/arm_toolchain.cmake -DCMAKE_VERBOSE_MAKEFILE=ON -DUCDR_ISOLATED_INSTALL=OFF -DCMAKE_INSTALL_PREFIX=/home/microros/microros_ws/firmware/mcu_ws/install/microcdr
[3.041s] Invoking command in '/home/microros/microros_ws/firmware/mcu_ws/build/microcdr': /usr/bin/cmake --build /home/microros/microros_ws/firmware/mcu_ws/build/microcdr -- -j4 -l4
[3.067s] make[4]: Entering directory '/home/microros/microros_ws/firmware/mcu_ws/build/microcdr'
[3.067s] /usr/bin/cmake -S/home/microros/microros_ws/firmware/mcu_ws/eProsima/Micro-CDR -B/home/microros/microros_ws/firmware/mcu_ws/build/microcdr --check-build-system CMakeFiles/Makefile.cmake 0
[3.078s] /usr/bin/cmake -E cmake_progress_start /home/microros/microros_ws/firmware/mcu_ws/build/microcdr/CMakeFiles /home/microros/microros_ws/firmware/mcu_ws/build/microcdr/CMakeFiles/progress.marks
[3.085s] /usr/bin/make -f CMakeFiles/Makefile2 all
[3.086s] make[5]: Entering directory '/home/microros/microros_ws/firmware/mcu_ws/build/microcdr'
[3.086s] /usr/bin/make -f CMakeFiles/ucdr.dir/build.make CMakeFiles/ucdr.dir/depend
[3.087s] make[6]: Entering directory '/home/microros/microros_ws/firmware/mcu_ws/build/microcdr'
[3.088s] cd /home/microros/microros_ws/firmware/mcu_ws/build/microcdr && /usr/bin/cmake -E cmake_depends "Unix Makefiles" /home/microros/microros_ws/firmware/mcu_ws/eProsima/Micro-CDR /home/microros/microros_ws/firmware/mcu_ws/eProsima/Micro-CDR /home/microros/microros_ws/firmware/mcu_ws/build/microcdr /home/microros/microros_ws/firmware/mcu_ws/build/microcdr /home/microros/microros_ws/firmware/mcu_ws/build/microcdr/CMakeFiles/ucdr.dir/DependInfo.cmake --color=
[3.098s] Dependee "/home/microros/microros_ws/firmware/mcu_ws/build/microcdr/CMakeFiles/ucdr.dir/DependInfo.cmake" is newer than depender "/home/microros/microros_ws/firmware/mcu_ws/build/microcdr/CMakeFiles/ucdr.dir/depend.internal".
[3.098s] Dependee "/home/microros/microros_ws/firmware/mcu_ws/build/microcdr/CMakeFiles/CMakeDirectoryInformation.cmake" is newer than depender "/home/microros/microros_ws/firmware/mcu_ws/build/microcdr/CMakeFiles/ucdr.dir/depend.internal".
[3.098s] [35m[1mScanning dependencies of target ucdr[0m
[3.098s] make[6]: Leaving directory '/home/microros/microros_ws/firmware/mcu_ws/build/microcdr'
[3.098s] /usr/bin/make -f CMakeFiles/ucdr.dir/build.make CMakeFiles/ucdr.dir/build
[3.100s] make[6]: Entering directory '/home/microros/microros_ws/firmware/mcu_ws/build/microcdr'
[3.112s] [ 12%] [34m[1mCreating directories for 'ucdr'[0m
[3.113s] /usr/bin/cmake -E make_directory /home/microros/microros_ws/firmware/mcu_ws/eProsima/Micro-CDR
[3.123s] /usr/bin/cmake -E make_directory /home/microros/microros_ws/firmware/mcu_ws/build/microcdr
[3.133s] /usr/bin/cmake -E make_directory /home/microros/microros_ws/firmware/mcu_ws/build/microcdr/ucdr-prefix
[3.143s] /usr/bin/cmake -E make_directory /home/microros/microros_ws/firmware/mcu_ws/build/microcdr/ucdr-prefix/tmp
[3.151s] /usr/bin/cmake -E make_directory /home/microros/microros_ws/firmware/mcu_ws/build/microcdr/ucdr-prefix/src/ucdr-stamp
[3.160s] /usr/bin/cmake -E make_directory /home/microros/microros_ws/firmware/mcu_ws/build/microcdr/ucdr-prefix/src
[3.169s] /usr/bin/cmake -E make_directory /home/microros/microros_ws/firmware/mcu_ws/build/microcdr/ucdr-prefix/src/ucdr-stamp
[3.179s] /usr/bin/cmake -E touch /home/microros/microros_ws/firmware/mcu_ws/build/microcdr/ucdr-prefix/src/ucdr-stamp/ucdr-mkdir
[3.197s] [ 25%] [34m[1mNo download step for 'ucdr'[0m
[3.198s] /usr/bin/cmake -E echo_append
[3.225s] /usr/bin/cmake -E touch /home/microros/microros_ws/firmware/mcu_ws/build/microcdr/ucdr-prefix/src/ucdr-stamp/ucdr-download
[3.267s] [ 37%] [34m[1mNo patch step for 'ucdr'[0m
[3.268s] /usr/bin/cmake -E echo_append
[3.281s] [ 50%] [34m[1mNo update step for 'ucdr'[0m
[3.282s] /usr/bin/cmake -E echo_append
[3.286s] /usr/bin/cmake -E touch /home/microros/microros_ws/firmware/mcu_ws/build/microcdr/ucdr-prefix/src/ucdr-stamp/ucdr-patch
[3.311s] /usr/bin/cmake -E touch /home/microros/microros_ws/firmware/mcu_ws/build/microcdr/ucdr-prefix/src/ucdr-stamp/ucdr-update
[3.345s] [ 62%] [34m[1mPerforming configure step for 'ucdr'[0m
[3.346s] /usr/bin/cmake "-GUnix Makefiles" -C/home/microros/microros_ws/firmware/mcu_ws/build/microcdr/ucdr-prefix/tmp/ucdr-cache-RelWithDebInfo.cmake /home/microros/microros_ws/firmware/mcu_ws/eProsima/Micro-CDR
[3.367s] loading initial cache file /home/microros/microros_ws/firmware/mcu_ws/build/microcdr/ucdr-prefix/tmp/ucdr-cache-RelWithDebInfo.cmake
[3.367s] Re-run cmake no build system arguments
[3.401s] -- Configuring done
[3.459s] -- Generating done
[3.460s] -- Build files have been written to: /home/microros/microros_ws/firmware/mcu_ws/build/microcdr
[3.462s] /usr/bin/cmake -E touch /home/microros/microros_ws/firmware/mcu_ws/build/microcdr/ucdr-prefix/src/ucdr-stamp/ucdr-configure
[3.485s] [ 75%] [34m[1mPerforming build step for 'ucdr'[0m
[3.486s] /usr/bin/make
[3.487s] make[7]: Entering directory '/home/microros/microros_ws/firmware/mcu_ws/build/microcdr'
[3.487s] /usr/bin/cmake -S/home/microros/microros_ws/firmware/mcu_ws/eProsima/Micro-CDR -B/home/microros/microros_ws/firmware/mcu_ws/build/microcdr --check-build-system CMakeFiles/Makefile.cmake 0
[3.499s] /usr/bin/cmake -E cmake_progress_start /home/microros/microros_ws/firmware/mcu_ws/build/microcdr/CMakeFiles /home/microros/microros_ws/firmware/mcu_ws/build/microcdr/CMakeFiles/progress.marks
[3.514s] /usr/bin/make -f CMakeFiles/Makefile2 all
[3.514s] make[8]: Entering directory '/home/microros/microros_ws/firmware/mcu_ws/build/microcdr'
[3.514s] /usr/bin/make -f CMakeFiles/microcdr.dir/build.make CMakeFiles/microcdr.dir/depend
[3.514s] make[9]: Entering directory '/home/microros/microros_ws/firmware/mcu_ws/build/microcdr'
[3.514s] cd /home/microros/microros_ws/firmware/mcu_ws/build/microcdr && /usr/bin/cmake -E cmake_depends "Unix Makefiles" /home/microros/microros_ws/firmware/mcu_ws/eProsima/Micro-CDR /home/microros/microros_ws/firmware/mcu_ws/eProsima/Micro-CDR /home/microros/microros_ws/firmware/mcu_ws/build/microcdr /home/microros/microros_ws/firmware/mcu_ws/build/microcdr /home/microros/microros_ws/firmware/mcu_ws/build/microcdr/CMakeFiles/microcdr.dir/DependInfo.cmake --color=
[3.543s] Dependee "/home/microros/microros_ws/firmware/mcu_ws/build/microcdr/CMakeFiles/microcdr.dir/DependInfo.cmake" is newer than depender "/home/microros/microros_ws/firmware/mcu_ws/build/microcdr/CMakeFiles/microcdr.dir/depend.internal".
[3.543s] Dependee "/home/microros/microros_ws/firmware/mcu_ws/build/microcdr/CMakeFiles/CMakeDirectoryInformation.cmake" is newer than depender "/home/microros/microros_ws/firmware/mcu_ws/build/microcdr/CMakeFiles/microcdr.dir/depend.internal".
[3.543s] [35m[1mScanning dependencies of target microcdr[0m
[3.573s] make[9]: Leaving directory '/home/microros/microros_ws/firmware/mcu_ws/build/microcdr'
[3.574s] /usr/bin/make -f CMakeFiles/microcdr.dir/build.make CMakeFiles/microcdr.dir/build
[3.575s] make[9]: Entering directory '/home/microros/microros_ws/firmware/mcu_ws/build/microcdr'
[3.587s] [ 16%] [32mBuilding C object CMakeFiles/microcdr.dir/src/c/common.c.obj[0m
[3.597s] [ 33%] [32mBuilding C object CMakeFiles/microcdr.dir/src/c/types/string.c.obj[0m
[3.598s] /usr/bin/arm-none-eabi-gcc --sysroot=/home/microros/microros_ws/firmware/NuttX/..  -I/home/microros/microros_ws/firmware/mcu_ws/eProsima/Micro-CDR/include -I/home/microros/microros_ws/firmware/mcu_ws/build/microcdr/include -isystem /home/microros/microros_ws/firmware/NuttX/include -isystem /home/microros/microros_ws/firmware/NuttX/include/cxx -isystem /home/microros/microros_ws/firmware/NuttX/include/uClibc++  -std=c99 -Dunix=1 -mcpu=cortex-m4 -mthumb -mfloat-abi=soft -Os -fno-strict-aliasing -fno-strength-reduce -fomit-frame-pointer -O2 -g -DNDEBUG -fPIC   -Wall -Wextra -Wshadow -pedantic -Wcast-align -Wunused -Wconversion -Wsign-conversion -Wdouble-promotion -Wnull-dereference -Wduplicated-branches -Wduplicated-cond -Wrestrict -fdata-sections -ffunction-sections -std=gnu99 -o CMakeFiles/microcdr.dir/src/c/common.c.obj   -c /home/microros/microros_ws/firmware/mcu_ws/eProsima/Micro-CDR/src/c/common.c
[3.609s] /usr/bin/arm-none-eabi-gcc --sysroot=/home/microros/microros_ws/firmware/NuttX/..  -I/home/microros/microros_ws/firmware/mcu_ws/eProsima/Micro-CDR/include -I/home/microros/microros_ws/firmware/mcu_ws/build/microcdr/include -isystem /home/microros/microros_ws/firmware/NuttX/include -isystem /home/microros/microros_ws/firmware/NuttX/include/cxx -isystem /home/microros/microros_ws/firmware/NuttX/include/uClibc++  -std=c99 -Dunix=1 -mcpu=cortex-m4 -mthumb -mfloat-abi=soft -Os -fno-strict-aliasing -fno-strength-reduce -fomit-frame-pointer -O2 -g -DNDEBUG -fPIC   -Wall -Wextra -Wshadow -pedantic -Wcast-align -Wunused -Wconversion -Wsign-conversion -Wdouble-promotion -Wnull-dereference -Wduplicated-branches -Wduplicated-cond -Wrestrict -fdata-sections -ffunction-sections -std=gnu99 -o CMakeFiles/microcdr.dir/src/c/types/string.c.obj   -c /home/microros/microros_ws/firmware/mcu_ws/eProsima/Micro-CDR/src/c/types/string.c
[3.613s] [ 50%] [32mBuilding C object CMakeFiles/microcdr.dir/src/c/types/array.c.obj[0m
[3.614s] [ 66%] [32mBuilding C object CMakeFiles/microcdr.dir/src/c/types/basic.c.obj[0m
[3.615s] /usr/bin/arm-none-eabi-gcc --sysroot=/home/microros/microros_ws/firmware/NuttX/..  -I/home/microros/microros_ws/firmware/mcu_ws/eProsima/Micro-CDR/include -I/home/microros/microros_ws/firmware/mcu_ws/build/microcdr/include -isystem /home/microros/microros_ws/firmware/NuttX/include -isystem /home/microros/microros_ws/firmware/NuttX/include/cxx -isystem /home/microros/microros_ws/firmware/NuttX/include/uClibc++  -std=c99 -Dunix=1 -mcpu=cortex-m4 -mthumb -mfloat-abi=soft -Os -fno-strict-aliasing -fno-strength-reduce -fomit-frame-pointer -O2 -g -DNDEBUG -fPIC   -Wall -Wextra -Wshadow -pedantic -Wcast-align -Wunused -Wconversion -Wsign-conversion -Wdouble-promotion -Wnull-dereference -Wduplicated-branches -Wduplicated-cond -Wrestrict -fdata-sections -ffunction-sections -std=gnu99 -o CMakeFiles/microcdr.dir/src/c/types/basic.c.obj   -c /home/microros/microros_ws/firmware/mcu_ws/eProsima/Micro-CDR/src/c/types/basic.c
[3.631s] /usr/bin/arm-none-eabi-gcc --sysroot=/home/microros/microros_ws/firmware/NuttX/..  -I/home/microros/microros_ws/firmware/mcu_ws/eProsima/Micro-CDR/include -I/home/microros/microros_ws/firmware/mcu_ws/build/microcdr/include -isystem /home/microros/microros_ws/firmware/NuttX/include -isystem /home/microros/microros_ws/firmware/NuttX/include/cxx -isystem /home/microros/microros_ws/firmware/NuttX/include/uClibc++  -std=c99 -Dunix=1 -mcpu=cortex-m4 -mthumb -mfloat-abi=soft -Os -fno-strict-aliasing -fno-strength-reduce -fomit-frame-pointer -O2 -g -DNDEBUG -fPIC   -Wall -Wextra -Wshadow -pedantic -Wcast-align -Wunused -Wconversion -Wsign-conversion -Wdouble-promotion -Wnull-dereference -Wduplicated-branches -Wduplicated-cond -Wrestrict -fdata-sections -ffunction-sections -std=gnu99 -o CMakeFiles/microcdr.dir/src/c/types/array.c.obj   -c /home/microros/microros_ws/firmware/mcu_ws/eProsima/Micro-CDR/src/c/types/array.c
[3.685s] [ 83%] [32mBuilding C object CMakeFiles/microcdr.dir/src/c/types/sequence.c.obj[0m
[3.686s] /usr/bin/arm-none-eabi-gcc --sysroot=/home/microros/microros_ws/firmware/NuttX/..  -I/home/microros/microros_ws/firmware/mcu_ws/eProsima/Micro-CDR/include -I/home/microros/microros_ws/firmware/mcu_ws/build/microcdr/include -isystem /home/microros/microros_ws/firmware/NuttX/include -isystem /home/microros/microros_ws/firmware/NuttX/include/cxx -isystem /home/microros/microros_ws/firmware/NuttX/include/uClibc++  -std=c99 -Dunix=1 -mcpu=cortex-m4 -mthumb -mfloat-abi=soft -Os -fno-strict-aliasing -fno-strength-reduce -fomit-frame-pointer -O2 -g -DNDEBUG -fPIC   -Wall -Wextra -Wshadow -pedantic -Wcast-align -Wunused -Wconversion -Wsign-conversion -Wdouble-promotion -Wnull-dereference -Wduplicated-branches -Wduplicated-cond -Wrestrict -fdata-sections -ffunction-sections -std=gnu99 -o CMakeFiles/microcdr.dir/src/c/types/sequence.c.obj   -c /home/microros/microros_ws/firmware/mcu_ws/eProsima/Micro-CDR/src/c/types/sequence.c
[4.110s] [100%] [32m[1mLinking C static library libmicrocdr.a[0m
[4.112s] /usr/bin/cmake -P CMakeFiles/microcdr.dir/cmake_clean_target.cmake
[4.126s] /usr/bin/cmake -E cmake_link_script CMakeFiles/microcdr.dir/link.txt --verbose=1
[4.137s] /usr/bin/arm-none-eabi-ar qc libmicrocdr.a  CMakeFiles/microcdr.dir/src/c/common.c.obj CMakeFiles/microcdr.dir/src/c/types/basic.c.obj CMakeFiles/microcdr.dir/src/c/types/string.c.obj CMakeFiles/microcdr.dir/src/c/types/array.c.obj CMakeFiles/microcdr.dir/src/c/types/sequence.c.obj
[4.141s] /usr/bin/arm-none-eabi-ranlib libmicrocdr.a
[4.154s] make[9]: Leaving directory '/home/microros/microros_ws/firmware/mcu_ws/build/microcdr'
[4.162s] [100%] Built target microcdr
[4.163s] make[8]: Leaving directory '/home/microros/microros_ws/firmware/mcu_ws/build/microcdr'
[4.163s] /usr/bin/cmake -E cmake_progress_start /home/microros/microros_ws/firmware/mcu_ws/build/microcdr/CMakeFiles 0
[4.173s] make[7]: Leaving directory '/home/microros/microros_ws/firmware/mcu_ws/build/microcdr'
[4.173s] /usr/bin/cmake -E touch /home/microros/microros_ws/firmware/mcu_ws/build/microcdr/ucdr-prefix/src/ucdr-stamp/ucdr-build
[4.198s] [34m[1mNo install step for 'ucdr'[0m
[4.200s] /usr/bin/cmake -E echo_append
[4.207s] /usr/bin/cmake -E touch /home/microros/microros_ws/firmware/mcu_ws/build/microcdr/ucdr-prefix/src/ucdr-stamp/ucdr-install
[4.227s] [34m[1mCompleted 'ucdr'[0m
[4.228s] /usr/bin/cmake -E make_directory /home/microros/microros_ws/firmware/mcu_ws/build/microcdr/CMakeFiles
[4.236s] /usr/bin/cmake -E touch /home/microros/microros_ws/firmware/mcu_ws/build/microcdr/CMakeFiles/ucdr-complete
[4.246s] /usr/bin/cmake -E touch /home/microros/microros_ws/firmware/mcu_ws/build/microcdr/ucdr-prefix/src/ucdr-stamp/ucdr-done
[4.256s] make[6]: Leaving directory '/home/microros/microros_ws/firmware/mcu_ws/build/microcdr'
[4.264s] Built target ucdr
[4.265s] make[5]: Leaving directory '/home/microros/microros_ws/firmware/mcu_ws/build/microcdr'
[4.265s] /usr/bin/cmake -E cmake_progress_start /home/microros/microros_ws/firmware/mcu_ws/build/microcdr/CMakeFiles 0
[4.280s] make[4]: Leaving directory '/home/microros/microros_ws/firmware/mcu_ws/build/microcdr'
[4.289s] Invoked command in '/home/microros/microros_ws/firmware/mcu_ws/build/microcdr' returned '0': /usr/bin/cmake --build /home/microros/microros_ws/firmware/mcu_ws/build/microcdr -- -j4 -l4
[4.572s] Invoking command in '/home/microros/microros_ws/firmware/mcu_ws/build/microcdr': /usr/bin/cmake --install /home/microros/microros_ws/firmware/mcu_ws/build/microcdr
[4.580s] -- Install configuration: "RelWithDebInfo"
[4.580s] -- Installing: /home/microros/microros_ws/firmware/mcu_ws/install/microcdr/lib/libmicrocdr.a
[4.581s] -- Installing: /home/microros/microros_ws/firmware/mcu_ws/install/microcdr/include/ucdr
[4.581s] -- Installing: /home/microros/microros_ws/firmware/mcu_ws/install/microcdr/include/ucdr/visibility.h
[4.581s] -- Installing: /home/microros/microros_ws/firmware/mcu_ws/install/microcdr/include/ucdr/microcdr.h
[4.581s] -- Installing: /home/microros/microros_ws/firmware/mcu_ws/install/microcdr/include/ucdr/config.h
[4.581s] -- Installing: /home/microros/microros_ws/firmware/mcu_ws/install/microcdr/share/microcdr/cmake/microcdrTargets.cmake
[4.582s] -- Installing: /home/microros/microros_ws/firmware/mcu_ws/install/microcdr/share/microcdr/cmake/microcdrTargets-relwithdebinfo.cmake
[4.582s] -- Installing: /home/microros/microros_ws/firmware/mcu_ws/install/microcdr/share/microcdr/cmake/microcdrConfig.cmake
[4.582s] -- Installing: /home/microros/microros_ws/firmware/mcu_ws/install/microcdr/share/microcdr/cmake/microcdrConfigVersion.cmake
[4.586s] Invoked command in '/home/microros/microros_ws/firmware/mcu_ws/build/microcdr' returned '0': /usr/bin/cmake --install /home/microros/microros_ws/firmware/mcu_ws/build/microcdr
