[1.276s] DEBUG:colcon:Command line arguments: ['/usr/bin/colcon', 'build', '--cmake-args', '-DUAGENT_BUILD_EXECUTABLE=OFF', '--no-warn-unused-cli']
[1.276s] DEBUG:colcon:Parsed command line arguments: Namespace(ament_cmake_args=None, base_paths=['.'], build_base='build', catkin_cmake_args=None, catkin_skip_building_tests=False, cmake_args=['-DUAGENT_BUILD_EXECUTABLE=OFF', '--no-warn-unused-cli'], cmake_clean_cache=False, cmake_clean_first=False, cmake_force_configure=False, cmake_target=None, cmake_target_skip_unavailable=False, continue_on_error=False, event_handlers=None, executor='parallel', ignore_user_meta=False, install_base='install', log_base=None, log_level=None, main=<bound method BuildVerb.main of <colcon_core.verb.build.BuildVerb object at 0x7f19e67eceb0>>, merge_install=False, metas=['./colcon.meta'], packages_above=None, packages_above_and_dependencies=None, packages_above_depth=None, packages_end=None, packages_ignore=None, packages_ignore_regex=None, packages_select=None, packages_select_build_failed=False, packages_select_by_dep=None, packages_select_regex=None, packages_select_test_failures=False, packages_skip=None, packages_skip_build_finished=False, packages_skip_by_dep=None, packages_skip_regex=None, packages_skip_test_passed=False, packages_skip_up_to=None, packages_start=None, packages_up_to=None, packages_up_to_regex=None, parallel_workers=4, paths=None, symlink_install=False, test_result_base=None, verb_extension=<colcon_core.verb.build.BuildVerb object at 0x7f19e67eceb0>, verb_name='build', verb_parser=<colcon_defaults.argument_parser.defaults.DefaultArgumentsDecorator object at 0x7f19e67f7460>)
[1.441s] Level 1:colcon.colcon_core.package_discovery:discover_packages(colcon_meta) check parameters
[1.441s] Level 1:colcon.colcon_core.package_discovery:discover_packages(recursive) check parameters
[1.441s] Level 1:colcon.colcon_core.package_discovery:discover_packages(ignore) check parameters
[1.441s] Level 1:colcon.colcon_core.package_discovery:discover_packages(path) check parameters
[1.441s] Level 1:colcon.colcon_core.package_discovery:discover_packages(colcon_meta) discover
[1.441s] Level 1:colcon.colcon_core.package_discovery:discover_packages(recursive) discover
[1.441s] INFO:colcon.colcon_core.package_discovery:Crawling recursively for packages in '/home/microros/microros_ws'
[1.441s] Level 1:colcon.colcon_core.package_identification:_identify(.) by extensions ['ignore', 'ignore_ament_install']
[1.441s] Level 1:colcon.colcon_core.package_identification:_identify(.) by extension 'ignore'
[1.441s] Level 1:colcon.colcon_core.package_identification:_identify(.) by extension 'ignore_ament_install'
[1.442s] Level 1:colcon.colcon_core.package_identification:_identify(.) by extensions ['colcon_pkg']
[1.442s] Level 1:colcon.colcon_core.package_identification:_identify(.) by extension 'colcon_pkg'
[1.442s] Level 1:colcon.colcon_core.package_identification:_identify(.) by extensions ['colcon_meta']
[1.442s] Level 1:colcon.colcon_core.package_identification:_identify(.) by extension 'colcon_meta'
[1.442s] Level 1:colcon.colcon_core.package_identification:_identify(.) by extensions ['ros']
[1.442s] Level 1:colcon.colcon_core.package_identification:_identify(.) by extension 'ros'
[1.453s] Level 1:colcon.colcon_core.package_identification:_identify(.) by extensions ['cmake', 'python']
[1.453s] Level 1:colcon.colcon_core.package_identification:_identify(.) by extension 'cmake'
[1.453s] Level 1:colcon.colcon_core.package_identification:_identify(.) by extension 'python'
[1.453s] Level 1:colcon.colcon_core.package_identification:_identify(.) by extensions ['python_setup_py']
[1.454s] Level 1:colcon.colcon_core.package_identification:_identify(.) by extension 'python_setup_py'
[1.454s] Level 1:colcon.colcon_core.package_identification:_identify(build) by extensions ['ignore', 'ignore_ament_install']
[1.454s] Level 1:colcon.colcon_core.package_identification:_identify(build) by extension 'ignore'
[1.454s] Level 1:colcon.colcon_core.package_identification:_identify(build) ignored
[1.454s] Level 1:colcon.colcon_core.package_identification:_identify(firmware) by extensions ['ignore', 'ignore_ament_install']
[1.454s] Level 1:colcon.colcon_core.package_identification:_identify(firmware) by extension 'ignore'
[1.454s] Level 1:colcon.colcon_core.package_identification:_identify(firmware) ignored
[1.454s] Level 1:colcon.colcon_core.package_identification:_identify(install) by extensions ['ignore', 'ignore_ament_install']
[1.454s] Level 1:colcon.colcon_core.package_identification:_identify(install) by extension 'ignore'
[1.454s] Level 1:colcon.colcon_core.package_identification:_identify(install) ignored
[1.454s] Level 1:colcon.colcon_core.package_identification:_identify(log) by extensions ['ignore', 'ignore_ament_install']
[1.454s] Level 1:colcon.colcon_core.package_identification:_identify(log) by extension 'ignore'
[1.454s] Level 1:colcon.colcon_core.package_identification:_identify(log) ignored
[1.455s] Level 1:colcon.colcon_core.package_identification:_identify(src) by extensions ['ignore', 'ignore_ament_install']
[1.455s] Level 1:colcon.colcon_core.package_identification:_identify(src) by extension 'ignore'
[1.455s] Level 1:colcon.colcon_core.package_identification:_identify(src) by extension 'ignore_ament_install'
[1.455s] Level 1:colcon.colcon_core.package_identification:_identify(src) by extensions ['colcon_pkg']
[1.455s] Level 1:colcon.colcon_core.package_identification:_identify(src) by extension 'colcon_pkg'
[1.455s] Level 1:colcon.colcon_core.package_identification:_identify(src) by extensions ['colcon_meta']
[1.455s] Level 1:colcon.colcon_core.package_identification:_identify(src) by extension 'colcon_meta'
[1.455s] Level 1:colcon.colcon_core.package_identification:_identify(src) by extensions ['ros']
[1.455s] Level 1:colcon.colcon_core.package_identification:_identify(src) by extension 'ros'
[1.455s] Level 1:colcon.colcon_core.package_identification:_identify(src) by extensions ['cmake', 'python']
[1.455s] Level 1:colcon.colcon_core.package_identification:_identify(src) by extension 'cmake'
[1.455s] Level 1:colcon.colcon_core.package_identification:_identify(src) by extension 'python'
[1.455s] Level 1:colcon.colcon_core.package_identification:_identify(src) by extensions ['python_setup_py']
[1.455s] Level 1:colcon.colcon_core.package_identification:_identify(src) by extension 'python_setup_py'
[1.455s] Level 1:colcon.colcon_core.package_identification:_identify(src/drive_base) by extensions ['ignore', 'ignore_ament_install']
[1.455s] Level 1:colcon.colcon_core.package_identification:_identify(src/drive_base) by extension 'ignore'
[1.455s] Level 1:colcon.colcon_core.package_identification:_identify(src/drive_base) by extension 'ignore_ament_install'
[1.455s] Level 1:colcon.colcon_core.package_identification:_identify(src/drive_base) by extensions ['colcon_pkg']
[1.455s] Level 1:colcon.colcon_core.package_identification:_identify(src/drive_base) by extension 'colcon_pkg'
[1.455s] Level 1:colcon.colcon_core.package_identification:_identify(src/drive_base) by extensions ['colcon_meta']
[1.455s] Level 1:colcon.colcon_core.package_identification:_identify(src/drive_base) by extension 'colcon_meta'
[1.456s] Level 1:colcon.colcon_core.package_identification:_identify(src/drive_base) by extensions ['ros']
[1.456s] Level 1:colcon.colcon_core.package_identification:_identify(src/drive_base) by extension 'ros'
[1.456s] Level 1:colcon.colcon_core.package_identification:_identify(src/drive_base) by extensions ['cmake', 'python']
[1.456s] Level 1:colcon.colcon_core.package_identification:_identify(src/drive_base) by extension 'cmake'
[1.456s] Level 1:colcon.colcon_core.package_identification:_identify(src/drive_base) by extension 'python'
[1.456s] Level 1:colcon.colcon_core.package_identification:_identify(src/drive_base) by extensions ['python_setup_py']
[1.456s] Level 1:colcon.colcon_core.package_identification:_identify(src/drive_base) by extension 'python_setup_py'
[1.456s] Level 1:colcon.colcon_core.package_identification:_identify(src/drive_base/drive_base_msgs) by extensions ['ignore', 'ignore_ament_install']
[1.456s] Level 1:colcon.colcon_core.package_identification:_identify(src/drive_base/drive_base_msgs) by extension 'ignore'
[1.456s] Level 1:colcon.colcon_core.package_identification:_identify(src/drive_base/drive_base_msgs) by extension 'ignore_ament_install'
[1.456s] Level 1:colcon.colcon_core.package_identification:_identify(src/drive_base/drive_base_msgs) by extensions ['colcon_pkg']
[1.456s] Level 1:colcon.colcon_core.package_identification:_identify(src/drive_base/drive_base_msgs) by extension 'colcon_pkg'
[1.456s] Level 1:colcon.colcon_core.package_identification:_identify(src/drive_base/drive_base_msgs) by extensions ['colcon_meta']
[1.456s] Level 1:colcon.colcon_core.package_identification:_identify(src/drive_base/drive_base_msgs) by extension 'colcon_meta'
[1.456s] Level 1:colcon.colcon_core.package_identification:_identify(src/drive_base/drive_base_msgs) by extensions ['ros']
[1.456s] Level 1:colcon.colcon_core.package_identification:_identify(src/drive_base/drive_base_msgs) by extension 'ros'
[1.459s] DEBUG:colcon.colcon_core.package_identification:Package 'src/drive_base/drive_base_msgs' with type 'ros.ament_cmake' and name 'drive_base_msgs'
[1.459s] Level 1:colcon.colcon_core.package_identification:_identify(src/eProsima) by extensions ['ignore', 'ignore_ament_install']
[1.459s] Level 1:colcon.colcon_core.package_identification:_identify(src/eProsima) by extension 'ignore'
[1.459s] Level 1:colcon.colcon_core.package_identification:_identify(src/eProsima) by extension 'ignore_ament_install'
[1.459s] Level 1:colcon.colcon_core.package_identification:_identify(src/eProsima) by extensions ['colcon_pkg']
[1.459s] Level 1:colcon.colcon_core.package_identification:_identify(src/eProsima) by extension 'colcon_pkg'
[1.459s] Level 1:colcon.colcon_core.package_identification:_identify(src/eProsima) by extensions ['colcon_meta']
[1.459s] Level 1:colcon.colcon_core.package_identification:_identify(src/eProsima) by extension 'colcon_meta'
[1.459s] Level 1:colcon.colcon_core.package_identification:_identify(src/eProsima) by extensions ['ros']
[1.459s] Level 1:colcon.colcon_core.package_identification:_identify(src/eProsima) by extension 'ros'
[1.459s] Level 1:colcon.colcon_core.package_identification:_identify(src/eProsima) by extensions ['cmake', 'python']
[1.459s] Level 1:colcon.colcon_core.package_identification:_identify(src/eProsima) by extension 'cmake'
[1.459s] Level 1:colcon.colcon_core.package_identification:_identify(src/eProsima) by extension 'python'
[1.459s] Level 1:colcon.colcon_core.package_identification:_identify(src/eProsima) by extensions ['python_setup_py']
[1.459s] Level 1:colcon.colcon_core.package_identification:_identify(src/eProsima) by extension 'python_setup_py'
[1.459s] Level 1:colcon.colcon_core.package_identification:_identify(src/eProsima/Micro-XRCE-DDS-Agent) by extensions ['ignore', 'ignore_ament_install']
[1.459s] Level 1:colcon.colcon_core.package_identification:_identify(src/eProsima/Micro-XRCE-DDS-Agent) by extension 'ignore'
[1.460s] Level 1:colcon.colcon_core.package_identification:_identify(src/eProsima/Micro-XRCE-DDS-Agent) by extension 'ignore_ament_install'
[1.460s] Level 1:colcon.colcon_core.package_identification:_identify(src/eProsima/Micro-XRCE-DDS-Agent) by extensions ['colcon_pkg']
[1.460s] Level 1:colcon.colcon_core.package_identification:_identify(src/eProsima/Micro-XRCE-DDS-Agent) by extension 'colcon_pkg'
[1.461s] INFO:colcon.colcon_metadata.metadata.colcon_pkg:Setting type 'cmake' of package 'src/eProsima/Micro-XRCE-DDS-Agent' from colcon.pkg
[1.461s] INFO:colcon.colcon_metadata.metadata.colcon_pkg:Setting name 'microxrcedds_agent' of package 'src/eProsima/Micro-XRCE-DDS-Agent' from colcon.pkg
[1.461s] DEBUG:colcon.colcon_core.package_identification:Package 'src/eProsima/Micro-XRCE-DDS-Agent' with type 'cmake' and name 'microxrcedds_agent'
[1.461s] Level 1:colcon.colcon_core.package_identification:_identify(src/micro-ros-build) by extensions ['ignore', 'ignore_ament_install']
[1.461s] Level 1:colcon.colcon_core.package_identification:_identify(src/micro-ros-build) by extension 'ignore'
[1.461s] Level 1:colcon.colcon_core.package_identification:_identify(src/micro-ros-build) by extension 'ignore_ament_install'
[1.461s] Level 1:colcon.colcon_core.package_identification:_identify(src/micro-ros-build) by extensions ['colcon_pkg']
[1.461s] Level 1:colcon.colcon_core.package_identification:_identify(src/micro-ros-build) by extension 'colcon_pkg'
[1.461s] Level 1:colcon.colcon_core.package_identification:_identify(src/micro-ros-build) by extensions ['colcon_meta']
[1.461s] Level 1:colcon.colcon_core.package_identification:_identify(src/micro-ros-build) by extension 'colcon_meta'
[1.461s] Level 1:colcon.colcon_core.package_identification:_identify(src/micro-ros-build) by extensions ['ros']
[1.461s] Level 1:colcon.colcon_core.package_identification:_identify(src/micro-ros-build) by extension 'ros'
[1.462s] DEBUG:colcon.colcon_core.package_identification:Package 'src/micro-ros-build' with type 'ros.ament_cmake' and name 'micro_ros_setup'
[1.462s] Level 1:colcon.colcon_core.package_identification:_identify(src/uros) by extensions ['ignore', 'ignore_ament_install']
[1.462s] Level 1:colcon.colcon_core.package_identification:_identify(src/uros) by extension 'ignore'
[1.462s] Level 1:colcon.colcon_core.package_identification:_identify(src/uros) by extension 'ignore_ament_install'
[1.462s] Level 1:colcon.colcon_core.package_identification:_identify(src/uros) by extensions ['colcon_pkg']
[1.462s] Level 1:colcon.colcon_core.package_identification:_identify(src/uros) by extension 'colcon_pkg'
[1.462s] Level 1:colcon.colcon_core.package_identification:_identify(src/uros) by extensions ['colcon_meta']
[1.462s] Level 1:colcon.colcon_core.package_identification:_identify(src/uros) by extension 'colcon_meta'
[1.462s] Level 1:colcon.colcon_core.package_identification:_identify(src/uros) by extensions ['ros']
[1.462s] Level 1:colcon.colcon_core.package_identification:_identify(src/uros) by extension 'ros'
[1.462s] Level 1:colcon.colcon_core.package_identification:_identify(src/uros) by extensions ['cmake', 'python']
[1.462s] Level 1:colcon.colcon_core.package_identification:_identify(src/uros) by extension 'cmake'
[1.462s] Level 1:colcon.colcon_core.package_identification:_identify(src/uros) by extension 'python'
[1.462s] Level 1:colcon.colcon_core.package_identification:_identify(src/uros) by extensions ['python_setup_py']
[1.462s] Level 1:colcon.colcon_core.package_identification:_identify(src/uros) by extension 'python_setup_py'
[1.463s] Level 1:colcon.colcon_core.package_identification:_identify(src/uros/micro-ROS-Agent) by extensions ['ignore', 'ignore_ament_install']
[1.463s] Level 1:colcon.colcon_core.package_identification:_identify(src/uros/micro-ROS-Agent) by extension 'ignore'
[1.463s] Level 1:colcon.colcon_core.package_identification:_identify(src/uros/micro-ROS-Agent) by extension 'ignore_ament_install'
[1.463s] Level 1:colcon.colcon_core.package_identification:_identify(src/uros/micro-ROS-Agent) by extensions ['colcon_pkg']
[1.463s] Level 1:colcon.colcon_core.package_identification:_identify(src/uros/micro-ROS-Agent) by extension 'colcon_pkg'
[1.463s] Level 1:colcon.colcon_core.package_identification:_identify(src/uros/micro-ROS-Agent) by extensions ['colcon_meta']
[1.463s] Level 1:colcon.colcon_core.package_identification:_identify(src/uros/micro-ROS-Agent) by extension 'colcon_meta'
[1.463s] Level 1:colcon.colcon_core.package_identification:_identify(src/uros/micro-ROS-Agent) by extensions ['ros']
[1.463s] Level 1:colcon.colcon_core.package_identification:_identify(src/uros/micro-ROS-Agent) by extension 'ros'
[1.463s] Level 1:colcon.colcon_core.package_identification:_identify(src/uros/micro-ROS-Agent) by extensions ['cmake', 'python']
[1.463s] Level 1:colcon.colcon_core.package_identification:_identify(src/uros/micro-ROS-Agent) by extension 'cmake'
[1.463s] Level 1:colcon.colcon_core.package_identification:_identify(src/uros/micro-ROS-Agent) by extension 'python'
[1.463s] Level 1:colcon.colcon_core.package_identification:_identify(src/uros/micro-ROS-Agent) by extensions ['python_setup_py']
[1.463s] Level 1:colcon.colcon_core.package_identification:_identify(src/uros/micro-ROS-Agent) by extension 'python_setup_py'
[1.463s] Level 1:colcon.colcon_core.package_identification:_identify(src/uros/micro-ROS-Agent/micro_ros_agent) by extensions ['ignore', 'ignore_ament_install']
[1.463s] Level 1:colcon.colcon_core.package_identification:_identify(src/uros/micro-ROS-Agent/micro_ros_agent) by extension 'ignore'
[1.463s] Level 1:colcon.colcon_core.package_identification:_identify(src/uros/micro-ROS-Agent/micro_ros_agent) by extension 'ignore_ament_install'
[1.463s] Level 1:colcon.colcon_core.package_identification:_identify(src/uros/micro-ROS-Agent/micro_ros_agent) by extensions ['colcon_pkg']
[1.464s] Level 1:colcon.colcon_core.package_identification:_identify(src/uros/micro-ROS-Agent/micro_ros_agent) by extension 'colcon_pkg'
[1.464s] Level 1:colcon.colcon_core.package_identification:_identify(src/uros/micro-ROS-Agent/micro_ros_agent) by extensions ['colcon_meta']
[1.464s] Level 1:colcon.colcon_core.package_identification:_identify(src/uros/micro-ROS-Agent/micro_ros_agent) by extension 'colcon_meta'
[1.464s] Level 1:colcon.colcon_core.package_identification:_identify(src/uros/micro-ROS-Agent/micro_ros_agent) by extensions ['ros']
[1.464s] Level 1:colcon.colcon_core.package_identification:_identify(src/uros/micro-ROS-Agent/micro_ros_agent) by extension 'ros'
[1.464s] DEBUG:colcon.colcon_core.package_identification:Package 'src/uros/micro-ROS-Agent/micro_ros_agent' with type 'ros.ament_cmake' and name 'micro_ros_agent'
[1.464s] Level 1:colcon.colcon_core.package_discovery:discover_packages(recursive) using defaults
[1.464s] Level 1:colcon.colcon_core.package_discovery:discover_packages(ignore) discover
[1.464s] Level 1:colcon.colcon_core.package_discovery:discover_packages(ignore) using defaults
[1.464s] Level 1:colcon.colcon_core.package_discovery:discover_packages(path) discover
[1.464s] Level 1:colcon.colcon_core.package_discovery:discover_packages(path) using defaults
[1.468s] INFO:colcon.colcon_metadata.metadata.colcon_pkg:Updating descriptor of package 'src/eProsima/Micro-XRCE-DDS-Agent' from colcon.pkg: {'name': 'microxrcedds_agent', 'type': 'cmake', 'dependencies': ['fastcdr', 'fastrtps'], 'cmake-args': ['-DUAGENT_ISOLATED_INSTALL=OFF', '-DUAGENT_CLI_PROFILE=OFF']}
[1.470s] Level 5:colcon.colcon_core.verb:set package 'drive_base_msgs' build argument 'cmake_args' from command line to '['-DUAGENT_BUILD_EXECUTABLE=OFF', '--no-warn-unused-cli']'
[1.470s] Level 5:colcon.colcon_core.verb:set package 'drive_base_msgs' build argument 'cmake_target' from command line to 'None'
[1.471s] Level 5:colcon.colcon_core.verb:set package 'drive_base_msgs' build argument 'cmake_target_skip_unavailable' from command line to 'False'
[1.471s] Level 5:colcon.colcon_core.verb:set package 'drive_base_msgs' build argument 'cmake_clean_cache' from command line to 'False'
[1.471s] Level 5:colcon.colcon_core.verb:set package 'drive_base_msgs' build argument 'cmake_clean_first' from command line to 'False'
[1.471s] Level 5:colcon.colcon_core.verb:set package 'drive_base_msgs' build argument 'cmake_force_configure' from command line to 'False'
[1.471s] Level 5:colcon.colcon_core.verb:set package 'drive_base_msgs' build argument 'ament_cmake_args' from command line to 'None'
[1.471s] Level 5:colcon.colcon_core.verb:set package 'drive_base_msgs' build argument 'catkin_cmake_args' from command line to 'None'
[1.471s] Level 5:colcon.colcon_core.verb:set package 'drive_base_msgs' build argument 'catkin_skip_building_tests' from command line to 'False'
[1.471s] DEBUG:colcon.colcon_core.verb:Building package 'drive_base_msgs' with the following arguments: {'ament_cmake_args': None, 'build_base': '/home/microros/microros_ws/build/drive_base_msgs', 'catkin_cmake_args': None, 'catkin_skip_building_tests': False, 'cmake_args': ['-DUAGENT_BUILD_EXECUTABLE=OFF', '--no-warn-unused-cli'], 'cmake_clean_cache': False, 'cmake_clean_first': False, 'cmake_force_configure': False, 'cmake_target': None, 'cmake_target_skip_unavailable': False, 'install_base': '/home/microros/microros_ws/install/drive_base_msgs', 'merge_install': False, 'path': '/home/microros/microros_ws/src/drive_base/drive_base_msgs', 'symlink_install': False, 'test_result_base': None}
[1.473s] Level 5:colcon.colcon_core.verb:set package 'micro_ros_setup' build argument 'cmake_args' from command line to '['-DUAGENT_BUILD_EXECUTABLE=OFF', '--no-warn-unused-cli']'
[1.473s] Level 5:colcon.colcon_core.verb:set package 'micro_ros_setup' build argument 'cmake_target' from command line to 'None'
[1.473s] Level 5:colcon.colcon_core.verb:set package 'micro_ros_setup' build argument 'cmake_target_skip_unavailable' from command line to 'False'
[1.473s] Level 5:colcon.colcon_core.verb:set package 'micro_ros_setup' build argument 'cmake_clean_cache' from command line to 'False'
[1.473s] Level 5:colcon.colcon_core.verb:set package 'micro_ros_setup' build argument 'cmake_clean_first' from command line to 'False'
[1.473s] Level 5:colcon.colcon_core.verb:set package 'micro_ros_setup' build argument 'cmake_force_configure' from command line to 'False'
[1.473s] Level 5:colcon.colcon_core.verb:set package 'micro_ros_setup' build argument 'ament_cmake_args' from command line to 'None'
[1.473s] Level 5:colcon.colcon_core.verb:set package 'micro_ros_setup' build argument 'catkin_cmake_args' from command line to 'None'
[1.473s] Level 5:colcon.colcon_core.verb:set package 'micro_ros_setup' build argument 'catkin_skip_building_tests' from command line to 'False'
[1.473s] DEBUG:colcon.colcon_core.verb:Building package 'micro_ros_setup' with the following arguments: {'ament_cmake_args': None, 'build_base': '/home/microros/microros_ws/build/micro_ros_setup', 'catkin_cmake_args': None, 'catkin_skip_building_tests': False, 'cmake_args': ['-DUAGENT_BUILD_EXECUTABLE=OFF', '--no-warn-unused-cli'], 'cmake_clean_cache': False, 'cmake_clean_first': False, 'cmake_force_configure': False, 'cmake_target': None, 'cmake_target_skip_unavailable': False, 'install_base': '/home/microros/microros_ws/install/micro_ros_setup', 'merge_install': False, 'path': '/home/microros/microros_ws/src/micro-ros-build', 'symlink_install': False, 'test_result_base': None}
[1.475s] Level 5:colcon.colcon_core.verb:set package 'microxrcedds_agent' build argument 'cmake_args' from command line to '['-DUAGENT_BUILD_EXECUTABLE=OFF', '--no-warn-unused-cli']'
[1.475s] Level 5:colcon.colcon_core.verb:extend package 'microxrcedds_agent' build argument 'cmake_args' from package metadata with '['-DUAGENT_ISOLATED_INSTALL=OFF', '-DUAGENT_CLI_PROFILE=OFF']'
[1.475s] Level 5:colcon.colcon_core.verb:set package 'microxrcedds_agent' build argument 'cmake_target' from command line to 'None'
[1.475s] Level 5:colcon.colcon_core.verb:set package 'microxrcedds_agent' build argument 'cmake_target_skip_unavailable' from command line to 'False'
[1.475s] Level 5:colcon.colcon_core.verb:set package 'microxrcedds_agent' build argument 'cmake_clean_cache' from command line to 'False'
[1.475s] Level 5:colcon.colcon_core.verb:set package 'microxrcedds_agent' build argument 'cmake_clean_first' from command line to 'False'
[1.475s] Level 5:colcon.colcon_core.verb:set package 'microxrcedds_agent' build argument 'cmake_force_configure' from command line to 'False'
[1.475s] Level 5:colcon.colcon_core.verb:set package 'microxrcedds_agent' build argument 'ament_cmake_args' from command line to 'None'
[1.475s] Level 5:colcon.colcon_core.verb:set package 'microxrcedds_agent' build argument 'catkin_cmake_args' from command line to 'None'
[1.475s] Level 5:colcon.colcon_core.verb:set package 'microxrcedds_agent' build argument 'catkin_skip_building_tests' from command line to 'False'
[1.475s] DEBUG:colcon.colcon_core.verb:Building package 'microxrcedds_agent' with the following arguments: {'ament_cmake_args': None, 'build_base': '/home/microros/microros_ws/build/microxrcedds_agent', 'catkin_cmake_args': None, 'catkin_skip_building_tests': False, 'cmake_args': ['-DUAGENT_BUILD_EXECUTABLE=OFF', '--no-warn-unused-cli', '-DUAGENT_ISOLATED_INSTALL=OFF', '-DUAGENT_CLI_PROFILE=OFF'], 'cmake_clean_cache': False, 'cmake_clean_first': False, 'cmake_force_configure': False, 'cmake_target': None, 'cmake_target_skip_unavailable': False, 'install_base': '/home/microros/microros_ws/install/microxrcedds_agent', 'merge_install': False, 'path': '/home/microros/microros_ws/src/eProsima/Micro-XRCE-DDS-Agent', 'symlink_install': False, 'test_result_base': None}
[1.478s] Level 5:colcon.colcon_core.verb:set package 'micro_ros_agent' build argument 'cmake_args' from command line to '['-DUAGENT_BUILD_EXECUTABLE=OFF', '--no-warn-unused-cli']'
[1.478s] Level 5:colcon.colcon_core.verb:set package 'micro_ros_agent' build argument 'cmake_target' from command line to 'None'
[1.478s] Level 5:colcon.colcon_core.verb:set package 'micro_ros_agent' build argument 'cmake_target_skip_unavailable' from command line to 'False'
[1.478s] Level 5:colcon.colcon_core.verb:set package 'micro_ros_agent' build argument 'cmake_clean_cache' from command line to 'False'
[1.478s] Level 5:colcon.colcon_core.verb:set package 'micro_ros_agent' build argument 'cmake_clean_first' from command line to 'False'
[1.478s] Level 5:colcon.colcon_core.verb:set package 'micro_ros_agent' build argument 'cmake_force_configure' from command line to 'False'
[1.478s] Level 5:colcon.colcon_core.verb:set package 'micro_ros_agent' build argument 'ament_cmake_args' from command line to 'None'
[1.478s] Level 5:colcon.colcon_core.verb:set package 'micro_ros_agent' build argument 'catkin_cmake_args' from command line to 'None'
[1.478s] Level 5:colcon.colcon_core.verb:set package 'micro_ros_agent' build argument 'catkin_skip_building_tests' from command line to 'False'
[1.478s] DEBUG:colcon.colcon_core.verb:Building package 'micro_ros_agent' with the following arguments: {'ament_cmake_args': None, 'build_base': '/home/microros/microros_ws/build/micro_ros_agent', 'catkin_cmake_args': None, 'catkin_skip_building_tests': False, 'cmake_args': ['-DUAGENT_BUILD_EXECUTABLE=OFF', '--no-warn-unused-cli'], 'cmake_clean_cache': False, 'cmake_clean_first': False, 'cmake_force_configure': False, 'cmake_target': None, 'cmake_target_skip_unavailable': False, 'install_base': '/home/microros/microros_ws/install/micro_ros_agent', 'merge_install': False, 'path': '/home/microros/microros_ws/src/uros/micro-ROS-Agent/micro_ros_agent', 'symlink_install': False, 'test_result_base': None}
[1.478s] INFO:colcon.colcon_core.executor:Executing jobs using 'parallel' executor
[1.480s] DEBUG:colcon.colcon_parallel_executor.executor.parallel:run_until_complete
[1.480s] INFO:colcon.colcon_cmake.task.cmake.build:Building CMake package in '/home/microros/microros_ws/src/eProsima/Micro-XRCE-DDS-Agent'
[1.487s] INFO:colcon.colcon_core.plugin_system:Skipping extension 'colcon_core.shell.bat': Not used on non-Windows systems
[1.487s] INFO:colcon.colcon_core.shell:Skip shell extension 'powershell' for command environment: Not usable outside of PowerShell
[1.487s] DEBUG:colcon.colcon_core.shell:Skip shell extension 'dsv' for command environment
[1.491s] DEBUG:colcon.colcon_core.shell:Ignoring prefix path '/opt/ros/foxy'
[1.510s] INFO:colcon.colcon_ros.task.ament_cmake.build:Building ROS package in '/home/microros/microros_ws/src/drive_base/drive_base_msgs' with build type 'ament_cmake'
[1.511s] INFO:colcon.colcon_cmake.task.cmake.build:Building CMake package in '/home/microros/microros_ws/src/drive_base/drive_base_msgs'
[1.512s] INFO:colcon.colcon_core.shell:Skip shell extension 'powershell' for command environment: Not usable outside of PowerShell
[1.512s] DEBUG:colcon.colcon_core.shell:Skip shell extension 'dsv' for command environment
[1.514s] DEBUG:colcon.colcon_core.shell:Ignoring prefix path '/opt/ros/foxy'
[1.516s] INFO:colcon.colcon_ros.task.ament_cmake.build:Building ROS package in '/home/microros/microros_ws/src/micro-ros-build' with build type 'ament_cmake'
[1.518s] INFO:colcon.colcon_cmake.task.cmake.build:Building CMake package in '/home/microros/microros_ws/src/micro-ros-build'
[1.520s] INFO:colcon.colcon_core.shell:Skip shell extension 'powershell' for command environment: Not usable outside of PowerShell
[1.520s] DEBUG:colcon.colcon_core.shell:Skip shell extension 'dsv' for command environment
[1.522s] DEBUG:colcon.colcon_core.shell:Ignoring prefix path '/opt/ros/foxy'
[1.581s] DEBUG:colcon.colcon_core.event_handler.log_command:Invoking command in '/home/microros/microros_ws/build/microxrcedds_agent': /usr/bin/cmake --build /home/microros/microros_ws/build/microxrcedds_agent -- -j4 -l4
[1.704s] DEBUG:colcon.colcon_core.event_handler.log_command:Invoking command in '/home/microros/microros_ws/build/drive_base_msgs': CMAKE_PREFIX_PATH=${CMAKE_PREFIX_PATH}:/opt/ros/foxy /usr/bin/cmake --build /home/microros/microros_ws/build/drive_base_msgs -- -j4 -l4
[1.742s] DEBUG:colcon.colcon_core.event_handler.log_command:Invoking command in '/home/microros/microros_ws/build/micro_ros_setup': CMAKE_PREFIX_PATH=${CMAKE_PREFIX_PATH}:/opt/ros/foxy /usr/bin/cmake --build /home/microros/microros_ws/build/micro_ros_setup -- -j4 -l4
[2.236s] DEBUG:colcon.colcon_core.event_handler.log_command:Invoked command in '/home/microros/microros_ws/build/micro_ros_setup' returned '0': CMAKE_PREFIX_PATH=${CMAKE_PREFIX_PATH}:/opt/ros/foxy /usr/bin/cmake --build /home/microros/microros_ws/build/micro_ros_setup -- -j4 -l4
[2.274s] DEBUG:colcon.colcon_core.event_handler.log_command:Invoking command in '/home/microros/microros_ws/build/micro_ros_setup': CMAKE_PREFIX_PATH=${CMAKE_PREFIX_PATH}:/opt/ros/foxy /usr/bin/cmake --install /home/microros/microros_ws/build/micro_ros_setup
[2.350s] Level 1:colcon.colcon_core.environment:create_environment_scripts_only(micro_ros_setup)
[2.364s] Level 1:colcon.colcon_core.environment:checking '/home/microros/microros_ws/install/micro_ros_setup' for CMake module files
[2.366s] Level 1:colcon.colcon_core.environment:checking '/home/microros/microros_ws/install/micro_ros_setup' for CMake config files
[2.367s] DEBUG:colcon.colcon_core.event_handler.log_command:Invoked command in '/home/microros/microros_ws/build/micro_ros_setup' returned '0': CMAKE_PREFIX_PATH=${CMAKE_PREFIX_PATH}:/opt/ros/foxy /usr/bin/cmake --install /home/microros/microros_ws/build/micro_ros_setup
[2.368s] Level 1:colcon.colcon_core.shell:create_environment_hook('micro_ros_setup', 'cmake_prefix_path')
[2.368s] INFO:colcon.colcon_core.shell:Creating environment hook '/home/microros/microros_ws/install/micro_ros_setup/share/micro_ros_setup/hook/cmake_prefix_path.ps1'
[2.372s] INFO:colcon.colcon_core.shell:Creating environment descriptor '/home/microros/microros_ws/install/micro_ros_setup/share/micro_ros_setup/hook/cmake_prefix_path.dsv'
[2.372s] INFO:colcon.colcon_core.shell:Creating environment hook '/home/microros/microros_ws/install/micro_ros_setup/share/micro_ros_setup/hook/cmake_prefix_path.sh'
[2.373s] Level 1:colcon.colcon_core.environment:checking '/home/microros/microros_ws/install/micro_ros_setup/lib'
[2.374s] Level 1:colcon.colcon_core.environment:checking '/home/microros/microros_ws/install/micro_ros_setup/bin'
[2.374s] Level 1:colcon.colcon_core.environment:checking '/home/microros/microros_ws/install/micro_ros_setup/lib/pkgconfig/micro_ros_setup.pc'
[2.374s] Level 1:colcon.colcon_core.environment:checking '/home/microros/microros_ws/install/micro_ros_setup/lib/python3.8/site-packages'
[2.374s] INFO:colcon.colcon_core.shell:Creating package script '/home/microros/microros_ws/install/micro_ros_setup/share/micro_ros_setup/package.ps1'
[2.377s] INFO:colcon.colcon_core.shell:Creating package descriptor '/home/microros/microros_ws/install/micro_ros_setup/share/micro_ros_setup/package.dsv'
[2.379s] INFO:colcon.colcon_core.shell:Creating package script '/home/microros/microros_ws/install/micro_ros_setup/share/micro_ros_setup/package.sh'
[2.382s] INFO:colcon.colcon_core.shell:Creating package script '/home/microros/microros_ws/install/micro_ros_setup/share/micro_ros_setup/package.bash'
[2.426s] INFO:colcon.colcon_core.shell:Creating package script '/home/microros/microros_ws/install/micro_ros_setup/share/micro_ros_setup/package.zsh'
[2.430s] Level 1:colcon.colcon_core.environment:create_file_with_runtime_dependencies(/home/microros/microros_ws/install/micro_ros_setup/share/colcon-core/packages/micro_ros_setup)
[2.811s] DEBUG:colcon.colcon_core.event_handler.log_command:Invoked command in '/home/microros/microros_ws/build/microxrcedds_agent' returned '0': /usr/bin/cmake --build /home/microros/microros_ws/build/microxrcedds_agent -- -j4 -l4
[2.903s] DEBUG:colcon.colcon_core.event_handler.log_command:Invoking command in '/home/microros/microros_ws/build/microxrcedds_agent': /usr/bin/cmake --install /home/microros/microros_ws/build/microxrcedds_agent
[3.011s] Level 1:colcon.colcon_core.environment:create_environment_scripts_only(microxrcedds_agent)
[3.012s] Level 1:colcon.colcon_core.environment:checking '/home/microros/microros_ws/install/microxrcedds_agent' for CMake module files
[3.013s] Level 1:colcon.colcon_core.environment:checking '/home/microros/microros_ws/install/microxrcedds_agent' for CMake config files
[3.041s] Level 1:colcon.colcon_core.shell:create_environment_hook('microxrcedds_agent', 'cmake_prefix_path')
[3.042s] INFO:colcon.colcon_core.shell:Creating environment hook '/home/microros/microros_ws/install/microxrcedds_agent/share/microxrcedds_agent/hook/cmake_prefix_path.ps1'
[3.043s] INFO:colcon.colcon_core.shell:Creating environment descriptor '/home/microros/microros_ws/install/microxrcedds_agent/share/microxrcedds_agent/hook/cmake_prefix_path.dsv'
[3.044s] INFO:colcon.colcon_core.shell:Creating environment hook '/home/microros/microros_ws/install/microxrcedds_agent/share/microxrcedds_agent/hook/cmake_prefix_path.sh'
[3.045s] Level 1:colcon.colcon_core.environment:checking '/home/microros/microros_ws/install/microxrcedds_agent/lib'
[3.045s] Level 1:colcon.colcon_core.shell:create_environment_hook('microxrcedds_agent', 'ld_library_path_lib')
[3.046s] INFO:colcon.colcon_core.shell:Creating environment hook '/home/microros/microros_ws/install/microxrcedds_agent/share/microxrcedds_agent/hook/ld_library_path_lib.ps1'
[3.047s] INFO:colcon.colcon_core.shell:Creating environment descriptor '/home/microros/microros_ws/install/microxrcedds_agent/share/microxrcedds_agent/hook/ld_library_path_lib.dsv'
[3.047s] INFO:colcon.colcon_core.shell:Creating environment hook '/home/microros/microros_ws/install/microxrcedds_agent/share/microxrcedds_agent/hook/ld_library_path_lib.sh'
[3.048s] Level 1:colcon.colcon_core.environment:checking '/home/microros/microros_ws/install/microxrcedds_agent/bin'
[3.048s] Level 1:colcon.colcon_core.shell:create_environment_hook('microxrcedds_agent', 'path')
[3.049s] INFO:colcon.colcon_core.shell:Creating environment hook '/home/microros/microros_ws/install/microxrcedds_agent/share/microxrcedds_agent/hook/path.ps1'
[3.050s] INFO:colcon.colcon_core.shell:Creating environment descriptor '/home/microros/microros_ws/install/microxrcedds_agent/share/microxrcedds_agent/hook/path.dsv'
[3.051s] INFO:colcon.colcon_core.shell:Creating environment hook '/home/microros/microros_ws/install/microxrcedds_agent/share/microxrcedds_agent/hook/path.sh'
[3.052s] Level 1:colcon.colcon_core.environment:checking '/home/microros/microros_ws/install/microxrcedds_agent/lib/pkgconfig/microxrcedds_agent.pc'
[3.052s] Level 1:colcon.colcon_core.environment:checking '/home/microros/microros_ws/install/microxrcedds_agent/lib/python3.8/site-packages'
[3.053s] INFO:colcon.colcon_core.shell:Creating package script '/home/microros/microros_ws/install/microxrcedds_agent/share/microxrcedds_agent/package.ps1'
[3.054s] INFO:colcon.colcon_core.shell:Creating package descriptor '/home/microros/microros_ws/install/microxrcedds_agent/share/microxrcedds_agent/package.dsv'
[3.055s] INFO:colcon.colcon_core.shell:Creating package script '/home/microros/microros_ws/install/microxrcedds_agent/share/microxrcedds_agent/package.sh'
[3.056s] INFO:colcon.colcon_core.shell:Creating package script '/home/microros/microros_ws/install/microxrcedds_agent/share/microxrcedds_agent/package.bash'
[3.057s] INFO:colcon.colcon_core.shell:Creating package script '/home/microros/microros_ws/install/microxrcedds_agent/share/microxrcedds_agent/package.zsh'
[3.057s] Level 1:colcon.colcon_core.environment:create_file_with_runtime_dependencies(/home/microros/microros_ws/install/microxrcedds_agent/share/colcon-core/packages/microxrcedds_agent)
[3.058s] INFO:colcon.colcon_ros.task.ament_cmake.build:Building ROS package in '/home/microros/microros_ws/src/uros/micro-ROS-Agent/micro_ros_agent' with build type 'ament_cmake'
[3.059s] INFO:colcon.colcon_cmake.task.cmake.build:Building CMake package in '/home/microros/microros_ws/src/uros/micro-ROS-Agent/micro_ros_agent'
[3.060s] INFO:colcon.colcon_core.shell:Skip shell extension 'powershell' for command environment: Not usable outside of PowerShell
[3.060s] DEBUG:colcon.colcon_core.shell:Skip shell extension 'dsv' for command environment
[3.064s] DEBUG:colcon.colcon_core.shell:Ignoring prefix path '/opt/ros/foxy'
[3.093s] DEBUG:colcon.colcon_core.event_handler.log_command:Invoked command in '/home/microros/microros_ws/build/microxrcedds_agent' returned '0': /usr/bin/cmake --install /home/microros/microros_ws/build/microxrcedds_agent
[3.111s] DEBUG:colcon.colcon_core.event_handler.log_command:Invoking command in '/home/microros/microros_ws/build/micro_ros_agent': CMAKE_PREFIX_PATH=/home/microros/microros_ws/install/microxrcedds_agent:/home/microros/microros_ws/install/micro_ros_agent:/home/microros/microros_ws/install/micro_ros_setup:/home/microros/microros_ws/install/drive_base_msgs:/opt/ros/foxy /usr/bin/cmake --build /home/microros/microros_ws/build/micro_ros_agent -- -j4 -l4
[3.138s] DEBUG:colcon.colcon_core.event_handler.log_command:Invoked command in '/home/microros/microros_ws/build/drive_base_msgs' returned '0': CMAKE_PREFIX_PATH=${CMAKE_PREFIX_PATH}:/opt/ros/foxy /usr/bin/cmake --build /home/microros/microros_ws/build/drive_base_msgs -- -j4 -l4
[3.249s] DEBUG:colcon.colcon_core.event_handler.log_command:Invoking command in '/home/microros/microros_ws/build/drive_base_msgs': CMAKE_PREFIX_PATH=${CMAKE_PREFIX_PATH}:/opt/ros/foxy /usr/bin/cmake --install /home/microros/microros_ws/build/drive_base_msgs
[3.251s] DEBUG:colcon.colcon_core.event_handler.log_command:Invoked command in '/home/microros/microros_ws/build/micro_ros_agent' returned '0': CMAKE_PREFIX_PATH=/home/microros/microros_ws/install/microxrcedds_agent:/home/microros/microros_ws/install/micro_ros_agent:/home/microros/microros_ws/install/micro_ros_setup:/home/microros/microros_ws/install/drive_base_msgs:/opt/ros/foxy /usr/bin/cmake --build /home/microros/microros_ws/build/micro_ros_agent -- -j4 -l4
[3.278s] DEBUG:colcon.colcon_core.event_handler.log_command:Invoking command in '/home/microros/microros_ws/build/micro_ros_agent': CMAKE_PREFIX_PATH=/home/microros/microros_ws/install/microxrcedds_agent:/home/microros/microros_ws/install/micro_ros_agent:/home/microros/microros_ws/install/micro_ros_setup:/home/microros/microros_ws/install/drive_base_msgs:/opt/ros/foxy /usr/bin/cmake --install /home/microros/microros_ws/build/micro_ros_agent
[3.315s] Level 1:colcon.colcon_core.environment:create_environment_scripts_only(micro_ros_agent)
[3.322s] Level 1:colcon.colcon_core.environment:checking '/home/microros/microros_ws/install/micro_ros_agent' for CMake module files
[3.325s] DEBUG:colcon.colcon_core.event_handler.log_command:Invoked command in '/home/microros/microros_ws/build/micro_ros_agent' returned '0': CMAKE_PREFIX_PATH=/home/microros/microros_ws/install/microxrcedds_agent:/home/microros/microros_ws/install/micro_ros_agent:/home/microros/microros_ws/install/micro_ros_setup:/home/microros/microros_ws/install/drive_base_msgs:/opt/ros/foxy /usr/bin/cmake --install /home/microros/microros_ws/build/micro_ros_agent
[3.328s] Level 1:colcon.colcon_core.environment:checking '/home/microros/microros_ws/install/micro_ros_agent' for CMake config files
[3.329s] Level 1:colcon.colcon_core.shell:create_environment_hook('micro_ros_agent', 'cmake_prefix_path')
[3.333s] INFO:colcon.colcon_core.shell:Creating environment hook '/home/microros/microros_ws/install/micro_ros_agent/share/micro_ros_agent/hook/cmake_prefix_path.ps1'
[3.335s] INFO:colcon.colcon_core.shell:Creating environment descriptor '/home/microros/microros_ws/install/micro_ros_agent/share/micro_ros_agent/hook/cmake_prefix_path.dsv'
[3.337s] INFO:colcon.colcon_core.shell:Creating environment hook '/home/microros/microros_ws/install/micro_ros_agent/share/micro_ros_agent/hook/cmake_prefix_path.sh'
[3.340s] Level 1:colcon.colcon_core.environment:checking '/home/microros/microros_ws/install/micro_ros_agent/lib'
[3.341s] Level 1:colcon.colcon_core.environment:checking '/home/microros/microros_ws/install/micro_ros_agent/bin'
[3.341s] Level 1:colcon.colcon_core.environment:checking '/home/microros/microros_ws/install/micro_ros_agent/lib/pkgconfig/micro_ros_agent.pc'
[3.342s] Level 1:colcon.colcon_core.environment:checking '/home/microros/microros_ws/install/micro_ros_agent/lib/python3.8/site-packages'
[3.345s] INFO:colcon.colcon_core.shell:Creating package script '/home/microros/microros_ws/install/micro_ros_agent/share/micro_ros_agent/package.ps1'
[3.348s] INFO:colcon.colcon_core.shell:Creating package descriptor '/home/microros/microros_ws/install/micro_ros_agent/share/micro_ros_agent/package.dsv'
[3.350s] INFO:colcon.colcon_core.shell:Creating package script '/home/microros/microros_ws/install/micro_ros_agent/share/micro_ros_agent/package.sh'
[3.353s] INFO:colcon.colcon_core.shell:Creating package script '/home/microros/microros_ws/install/micro_ros_agent/share/micro_ros_agent/package.bash'
[3.355s] INFO:colcon.colcon_core.shell:Creating package script '/home/microros/microros_ws/install/micro_ros_agent/share/micro_ros_agent/package.zsh'
[3.357s] Level 1:colcon.colcon_core.environment:create_file_with_runtime_dependencies(/home/microros/microros_ws/install/micro_ros_agent/share/colcon-core/packages/micro_ros_agent)
[3.514s] Level 1:colcon.colcon_core.environment:create_environment_scripts_only(drive_base_msgs)
[3.516s] Level 1:colcon.colcon_core.environment:checking '/home/microros/microros_ws/install/drive_base_msgs' for CMake module files
[3.518s] DEBUG:colcon.colcon_core.event_handler.log_command:Invoked command in '/home/microros/microros_ws/build/drive_base_msgs' returned '0': CMAKE_PREFIX_PATH=${CMAKE_PREFIX_PATH}:/opt/ros/foxy /usr/bin/cmake --install /home/microros/microros_ws/build/drive_base_msgs
[3.520s] Level 1:colcon.colcon_core.environment:checking '/home/microros/microros_ws/install/drive_base_msgs' for CMake config files
[3.522s] Level 1:colcon.colcon_core.shell:create_environment_hook('drive_base_msgs', 'cmake_prefix_path')
[3.524s] INFO:colcon.colcon_core.shell:Creating environment hook '/home/microros/microros_ws/install/drive_base_msgs/share/drive_base_msgs/hook/cmake_prefix_path.ps1'
[3.526s] INFO:colcon.colcon_core.shell:Creating environment descriptor '/home/microros/microros_ws/install/drive_base_msgs/share/drive_base_msgs/hook/cmake_prefix_path.dsv'
[3.527s] INFO:colcon.colcon_core.shell:Creating environment hook '/home/microros/microros_ws/install/drive_base_msgs/share/drive_base_msgs/hook/cmake_prefix_path.sh'
[3.528s] Level 1:colcon.colcon_core.environment:checking '/home/microros/microros_ws/install/drive_base_msgs/lib'
[3.529s] Level 1:colcon.colcon_core.shell:create_environment_hook('drive_base_msgs', 'ld_library_path_lib')
[3.531s] INFO:colcon.colcon_core.shell:Creating environment hook '/home/microros/microros_ws/install/drive_base_msgs/share/drive_base_msgs/hook/ld_library_path_lib.ps1'
[3.532s] INFO:colcon.colcon_core.shell:Creating environment descriptor '/home/microros/microros_ws/install/drive_base_msgs/share/drive_base_msgs/hook/ld_library_path_lib.dsv'
[3.533s] INFO:colcon.colcon_core.shell:Creating environment hook '/home/microros/microros_ws/install/drive_base_msgs/share/drive_base_msgs/hook/ld_library_path_lib.sh'
[3.534s] Level 1:colcon.colcon_core.environment:checking '/home/microros/microros_ws/install/drive_base_msgs/bin'
[3.535s] Level 1:colcon.colcon_core.environment:checking '/home/microros/microros_ws/install/drive_base_msgs/lib/pkgconfig/drive_base_msgs.pc'
[3.535s] Level 1:colcon.colcon_core.environment:checking '/home/microros/microros_ws/install/drive_base_msgs/lib/python3.8/site-packages'
[3.535s] Level 1:colcon.colcon_core.shell:create_environment_hook('drive_base_msgs', 'pythonpath')
[3.537s] INFO:colcon.colcon_core.shell:Creating environment hook '/home/microros/microros_ws/install/drive_base_msgs/share/drive_base_msgs/hook/pythonpath.ps1'
[3.538s] INFO:colcon.colcon_core.shell:Creating environment descriptor '/home/microros/microros_ws/install/drive_base_msgs/share/drive_base_msgs/hook/pythonpath.dsv'
[3.539s] INFO:colcon.colcon_core.shell:Creating environment hook '/home/microros/microros_ws/install/drive_base_msgs/share/drive_base_msgs/hook/pythonpath.sh'
[3.542s] INFO:colcon.colcon_core.shell:Creating package script '/home/microros/microros_ws/install/drive_base_msgs/share/drive_base_msgs/package.ps1'
[3.544s] INFO:colcon.colcon_core.shell:Creating package descriptor '/home/microros/microros_ws/install/drive_base_msgs/share/drive_base_msgs/package.dsv'
[3.546s] INFO:colcon.colcon_core.shell:Creating package script '/home/microros/microros_ws/install/drive_base_msgs/share/drive_base_msgs/package.sh'
[3.548s] INFO:colcon.colcon_core.shell:Creating package script '/home/microros/microros_ws/install/drive_base_msgs/share/drive_base_msgs/package.bash'
[3.549s] INFO:colcon.colcon_core.shell:Creating package script '/home/microros/microros_ws/install/drive_base_msgs/share/drive_base_msgs/package.zsh'
[3.550s] Level 1:colcon.colcon_core.environment:create_file_with_runtime_dependencies(/home/microros/microros_ws/install/drive_base_msgs/share/colcon-core/packages/drive_base_msgs)
[3.551s] DEBUG:colcon.colcon_parallel_executor.executor.parallel:closing loop
[3.553s] DEBUG:colcon.colcon_parallel_executor.executor.parallel:loop closed
[3.554s] DEBUG:colcon.colcon_parallel_executor.executor.parallel:run_until_complete finished with '0'
[3.554s] DEBUG:colcon.colcon_core.event_reactor:joining thread
[3.643s] INFO:colcon.colcon_core.plugin_system:Skipping extension 'colcon_notification.desktop_notification.terminal_notifier': Not used on non-Darwin systems
[3.643s] INFO:colcon.colcon_core.plugin_system:Skipping extension 'colcon_notification.desktop_notification.win32': Not used on non-Windows systems
[3.643s] INFO:colcon.colcon_notification.desktop_notification:Sending desktop notification using 'notify2'
[3.672s] DEBUG:colcon.colcon_core.event_reactor:joined thread
[3.673s] INFO:colcon.colcon_core.shell:Creating prefix script '/home/microros/microros_ws/install/local_setup.ps1'
[3.676s] INFO:colcon.colcon_core.shell:Creating prefix util module '/home/microros/microros_ws/install/_local_setup_util_ps1.py'
[3.678s] INFO:colcon.colcon_core.shell:Creating prefix chain script '/home/microros/microros_ws/install/setup.ps1'
[3.686s] INFO:colcon.colcon_core.shell:Creating prefix script '/home/microros/microros_ws/install/local_setup.sh'
[3.687s] INFO:colcon.colcon_core.shell:Creating prefix util module '/home/microros/microros_ws/install/_local_setup_util_sh.py'
[3.687s] INFO:colcon.colcon_core.shell:Creating prefix chain script '/home/microros/microros_ws/install/setup.sh'
[3.689s] INFO:colcon.colcon_core.shell:Creating prefix script '/home/microros/microros_ws/install/local_setup.bash'
[3.690s] INFO:colcon.colcon_core.shell:Creating prefix chain script '/home/microros/microros_ws/install/setup.bash'
[3.692s] INFO:colcon.colcon_core.shell:Creating prefix script '/home/microros/microros_ws/install/local_setup.zsh'
[3.693s] INFO:colcon.colcon_core.shell:Creating prefix chain script '/home/microros/microros_ws/install/setup.zsh'
