make[4]: Entering directory '/home/microros/microros_ws/firmware/mcu_ws/build/rosidl_runtime_c'
/usr/bin/cmake -S/home/microros/microros_ws/firmware/mcu_ws/ros2/rosidl/rosidl_runtime_c -B/home/microros/microros_ws/firmware/mcu_ws/build/rosidl_runtime_c --check-build-system CMakeFiles/Makefile.cmake 0
/usr/bin/cmake -E cmake_progress_start /home/microros/microros_ws/firmware/mcu_ws/build/rosidl_runtime_c/CMakeFiles /home/microros/microros_ws/firmware/mcu_ws/build/rosidl_runtime_c/CMakeFiles/progress.marks
/usr/bin/make -f CMakeFiles/Makefile2 all
make[5]: Entering directory '/home/microros/microros_ws/firmware/mcu_ws/build/rosidl_runtime_c'
/usr/bin/make -f CMakeFiles/rosidl_runtime_c.dir/build.make CMakeFiles/rosidl_runtime_c.dir/depend
make[6]: Entering directory '/home/microros/microros_ws/firmware/mcu_ws/build/rosidl_runtime_c'
cd /home/microros/microros_ws/firmware/mcu_ws/build/rosidl_runtime_c && /usr/bin/cmake -E cmake_depends "Unix Makefiles" /home/microros/microros_ws/firmware/mcu_ws/ros2/rosidl/rosidl_runtime_c /home/microros/microros_ws/firmware/mcu_ws/ros2/rosidl/rosidl_runtime_c /home/microros/microros_ws/firmware/mcu_ws/build/rosidl_runtime_c /home/microros/microros_ws/firmware/mcu_ws/build/rosidl_runtime_c /home/microros/microros_ws/firmware/mcu_ws/build/rosidl_runtime_c/CMakeFiles/rosidl_runtime_c.dir/DependInfo.cmake --color=
make[6]: Leaving directory '/home/microros/microros_ws/firmware/mcu_ws/build/rosidl_runtime_c'
/usr/bin/make -f CMakeFiles/rosidl_runtime_c.dir/build.make CMakeFiles/rosidl_runtime_c.dir/build
make[6]: Entering directory '/home/microros/microros_ws/firmware/mcu_ws/build/rosidl_runtime_c'
make[6]: Nothing to be done for 'CMakeFiles/rosidl_runtime_c.dir/build'.
make[6]: Leaving directory '/home/microros/microros_ws/firmware/mcu_ws/build/rosidl_runtime_c'
[100%] Built target rosidl_runtime_c
make[5]: Leaving directory '/home/microros/microros_ws/firmware/mcu_ws/build/rosidl_runtime_c'
/usr/bin/cmake -E cmake_progress_start /home/microros/microros_ws/firmware/mcu_ws/build/rosidl_runtime_c/CMakeFiles 0
make[4]: Leaving directory '/home/microros/microros_ws/firmware/mcu_ws/build/rosidl_runtime_c'
-- Install configuration: "RelWithDebInfo"
-- Up-to-date: /home/microros/microros_ws/firmware/mcu_ws/install/rosidl_runtime_c/share/rosidl_runtime_c/environment/library_path.sh
-- Up-to-date: /home/microros/microros_ws/firmware/mcu_ws/install/rosidl_runtime_c/share/rosidl_runtime_c/environment/library_path.dsv
-- Up-to-date: /home/microros/microros_ws/firmware/mcu_ws/install/rosidl_runtime_c/share/ament_index/resource_index/rosidl_runtime_packages/rosidl_runtime_c
-- Up-to-date: /home/microros/microros_ws/firmware/mcu_ws/install/rosidl_runtime_c/include
-- Up-to-date: /home/microros/microros_ws/firmware/mcu_ws/install/rosidl_runtime_c/include/rosidl_runtime_c
-- Up-to-date: /home/microros/microros_ws/firmware/mcu_ws/install/rosidl_runtime_c/include/rosidl_runtime_c/string_functions.h
-- Up-to-date: /home/microros/microros_ws/firmware/mcu_ws/install/rosidl_runtime_c/include/rosidl_runtime_c/primitives_sequence.h
-- Up-to-date: /home/microros/microros_ws/firmware/mcu_ws/install/rosidl_runtime_c/include/rosidl_runtime_c/string.h
-- Up-to-date: /home/microros/microros_ws/firmware/mcu_ws/install/rosidl_runtime_c/include/rosidl_runtime_c/message_type_support_struct.h
-- Up-to-date: /home/microros/microros_ws/firmware/mcu_ws/install/rosidl_runtime_c/include/rosidl_runtime_c/string_bound.h
-- Up-to-date: /home/microros/microros_ws/firmware/mcu_ws/install/rosidl_runtime_c/include/rosidl_runtime_c/service_type_support_struct.h
-- Up-to-date: /home/microros/microros_ws/firmware/mcu_ws/install/rosidl_runtime_c/include/rosidl_runtime_c/visibility_control.h
-- Up-to-date: /home/microros/microros_ws/firmware/mcu_ws/install/rosidl_runtime_c/include/rosidl_runtime_c/u16string.h
-- Up-to-date: /home/microros/microros_ws/firmware/mcu_ws/install/rosidl_runtime_c/include/rosidl_runtime_c/primitives_sequence_functions.h
-- Up-to-date: /home/microros/microros_ws/firmware/mcu_ws/install/rosidl_runtime_c/include/rosidl_runtime_c/sequence_bound.h
-- Up-to-date: /home/microros/microros_ws/firmware/mcu_ws/install/rosidl_runtime_c/include/rosidl_runtime_c/u16string_functions.h
-- Up-to-date: /home/microros/microros_ws/firmware/mcu_ws/install/rosidl_runtime_c/include/rosidl_runtime_c/action_type_support_struct.h
-- Up-to-date: /home/microros/microros_ws/firmware/mcu_ws/install/rosidl_runtime_c/include/rosidl_runtime_c/message_initialization.h
-- Up-to-date: /home/microros/microros_ws/firmware/mcu_ws/install/rosidl_runtime_c/lib/librosidl_runtime_c.a
-- Up-to-date: /home/microros/microros_ws/firmware/mcu_ws/install/rosidl_runtime_c/share/ament_index/resource_index/package_run_dependencies/rosidl_runtime_c
-- Up-to-date: /home/microros/microros_ws/firmware/mcu_ws/install/rosidl_runtime_c/share/ament_index/resource_index/parent_prefix_path/rosidl_runtime_c
-- Up-to-date: /home/microros/microros_ws/firmware/mcu_ws/install/rosidl_runtime_c/share/rosidl_runtime_c/environment/ament_prefix_path.sh
-- Up-to-date: /home/microros/microros_ws/firmware/mcu_ws/install/rosidl_runtime_c/share/rosidl_runtime_c/environment/ament_prefix_path.dsv
-- Up-to-date: /home/microros/microros_ws/firmware/mcu_ws/install/rosidl_runtime_c/share/rosidl_runtime_c/environment/path.sh
-- Up-to-date: /home/microros/microros_ws/firmware/mcu_ws/install/rosidl_runtime_c/share/rosidl_runtime_c/environment/path.dsv
-- Up-to-date: /home/microros/microros_ws/firmware/mcu_ws/install/rosidl_runtime_c/share/rosidl_runtime_c/local_setup.bash
-- Up-to-date: /home/microros/microros_ws/firmware/mcu_ws/install/rosidl_runtime_c/share/rosidl_runtime_c/local_setup.sh
-- Up-to-date: /home/microros/microros_ws/firmware/mcu_ws/install/rosidl_runtime_c/share/rosidl_runtime_c/local_setup.zsh
-- Up-to-date: /home/microros/microros_ws/firmware/mcu_ws/install/rosidl_runtime_c/share/rosidl_runtime_c/local_setup.dsv
-- Installing: /home/microros/microros_ws/firmware/mcu_ws/install/rosidl_runtime_c/share/rosidl_runtime_c/package.dsv
-- Up-to-date: /home/microros/microros_ws/firmware/mcu_ws/install/rosidl_runtime_c/share/ament_index/resource_index/packages/rosidl_runtime_c
-- Up-to-date: /home/microros/microros_ws/firmware/mcu_ws/install/rosidl_runtime_c/share/rosidl_runtime_c/cmake/rosidl_runtime_cExport.cmake
-- Up-to-date: /home/microros/microros_ws/firmware/mcu_ws/install/rosidl_runtime_c/share/rosidl_runtime_c/cmake/rosidl_runtime_cExport-relwithdebinfo.cmake
-- Up-to-date: /home/microros/microros_ws/firmware/mcu_ws/install/rosidl_runtime_c/share/rosidl_runtime_c/cmake/ament_cmake_export_dependencies-extras.cmake
-- Up-to-date: /home/microros/microros_ws/firmware/mcu_ws/install/rosidl_runtime_c/share/rosidl_runtime_c/cmake/ament_cmake_export_include_directories-extras.cmake
-- Up-to-date: /home/microros/microros_ws/firmware/mcu_ws/install/rosidl_runtime_c/share/rosidl_runtime_c/cmake/ament_cmake_export_libraries-extras.cmake
-- Up-to-date: /home/microros/microros_ws/firmware/mcu_ws/install/rosidl_runtime_c/share/rosidl_runtime_c/cmake/ament_cmake_export_targets-extras.cmake
-- Up-to-date: /home/microros/microros_ws/firmware/mcu_ws/install/rosidl_runtime_c/share/rosidl_runtime_c/cmake/rosidl_runtime_cConfig.cmake
-- Up-to-date: /home/microros/microros_ws/firmware/mcu_ws/install/rosidl_runtime_c/share/rosidl_runtime_c/cmake/rosidl_runtime_cConfig-version.cmake
-- Up-to-date: /home/microros/microros_ws/firmware/mcu_ws/install/rosidl_runtime_c/share/rosidl_runtime_c/package.xml
