make[3]: Entering directory '/home/microros/microros_ws/firmware/mcu_ws/build/rosgraph_msgs'
/usr/bin/cmake -S/home/microros/microros_ws/firmware/mcu_ws/ros2/rcl_interfaces/rosgraph_msgs -B/home/microros/microros_ws/firmware/mcu_ws/build/rosgraph_msgs --check-build-system CMakeFiles/Makefile.cmake 0
/usr/bin/cmake -E cmake_progress_start /home/microros/microros_ws/firmware/mcu_ws/build/rosgraph_msgs/CMakeFiles /home/microros/microros_ws/firmware/mcu_ws/build/rosgraph_msgs/CMakeFiles/progress.marks
/usr/bin/make -f CMakeFiles/Makefile2 all
make[4]: Entering directory '/home/microros/microros_ws/firmware/mcu_ws/build/rosgraph_msgs'
/usr/bin/make -f CMakeFiles/rosgraph_msgs__rosidl_generator_c.dir/build.make CMakeFiles/rosgraph_msgs__rosidl_generator_c.dir/depend
make[5]: Entering directory '/home/microros/microros_ws/firmware/mcu_ws/build/rosgraph_msgs'
cd /home/microros/microros_ws/firmware/mcu_ws/build/rosgraph_msgs && /usr/bin/cmake -E cmake_depends "Unix Makefiles" /home/microros/microros_ws/firmware/mcu_ws/ros2/rcl_interfaces/rosgraph_msgs /home/microros/microros_ws/firmware/mcu_ws/ros2/rcl_interfaces/rosgraph_msgs /home/microros/microros_ws/firmware/mcu_ws/build/rosgraph_msgs /home/microros/microros_ws/firmware/mcu_ws/build/rosgraph_msgs /home/microros/microros_ws/firmware/mcu_ws/build/rosgraph_msgs/CMakeFiles/rosgraph_msgs__rosidl_generator_c.dir/DependInfo.cmake --color=
make[5]: Leaving directory '/home/microros/microros_ws/firmware/mcu_ws/build/rosgraph_msgs'
/usr/bin/make -f CMakeFiles/rosgraph_msgs__rosidl_generator_c.dir/build.make CMakeFiles/rosgraph_msgs__rosidl_generator_c.dir/build
make[5]: Entering directory '/home/microros/microros_ws/firmware/mcu_ws/build/rosgraph_msgs'
make[5]: Nothing to be done for 'CMakeFiles/rosgraph_msgs__rosidl_generator_c.dir/build'.
make[5]: Leaving directory '/home/microros/microros_ws/firmware/mcu_ws/build/rosgraph_msgs'
[ 33%] Built target rosgraph_msgs__rosidl_generator_c
/usr/bin/make -f CMakeFiles/rosgraph_msgs__rosidl_typesupport_microxrcedds_c.dir/build.make CMakeFiles/rosgraph_msgs__rosidl_typesupport_microxrcedds_c.dir/depend
make[5]: Entering directory '/home/microros/microros_ws/firmware/mcu_ws/build/rosgraph_msgs'
cd /home/microros/microros_ws/firmware/mcu_ws/build/rosgraph_msgs && /usr/bin/cmake -E cmake_depends "Unix Makefiles" /home/microros/microros_ws/firmware/mcu_ws/ros2/rcl_interfaces/rosgraph_msgs /home/microros/microros_ws/firmware/mcu_ws/ros2/rcl_interfaces/rosgraph_msgs /home/microros/microros_ws/firmware/mcu_ws/build/rosgraph_msgs /home/microros/microros_ws/firmware/mcu_ws/build/rosgraph_msgs /home/microros/microros_ws/firmware/mcu_ws/build/rosgraph_msgs/CMakeFiles/rosgraph_msgs__rosidl_typesupport_microxrcedds_c.dir/DependInfo.cmake --color=
make[5]: Leaving directory '/home/microros/microros_ws/firmware/mcu_ws/build/rosgraph_msgs'
/usr/bin/make -f CMakeFiles/rosgraph_msgs__rosidl_typesupport_microxrcedds_c.dir/build.make CMakeFiles/rosgraph_msgs__rosidl_typesupport_microxrcedds_c.dir/build
make[5]: Entering directory '/home/microros/microros_ws/firmware/mcu_ws/build/rosgraph_msgs'
make[5]: Nothing to be done for 'CMakeFiles/rosgraph_msgs__rosidl_typesupport_microxrcedds_c.dir/build'.
make[5]: Leaving directory '/home/microros/microros_ws/firmware/mcu_ws/build/rosgraph_msgs'
[ 66%] Built target rosgraph_msgs__rosidl_typesupport_microxrcedds_c
/usr/bin/make -f CMakeFiles/rosgraph_msgs__rosidl_typesupport_c.dir/build.make CMakeFiles/rosgraph_msgs__rosidl_typesupport_c.dir/depend
make[5]: Entering directory '/home/microros/microros_ws/firmware/mcu_ws/build/rosgraph_msgs'
cd /home/microros/microros_ws/firmware/mcu_ws/build/rosgraph_msgs && /usr/bin/cmake -E cmake_depends "Unix Makefiles" /home/microros/microros_ws/firmware/mcu_ws/ros2/rcl_interfaces/rosgraph_msgs /home/microros/microros_ws/firmware/mcu_ws/ros2/rcl_interfaces/rosgraph_msgs /home/microros/microros_ws/firmware/mcu_ws/build/rosgraph_msgs /home/microros/microros_ws/firmware/mcu_ws/build/rosgraph_msgs /home/microros/microros_ws/firmware/mcu_ws/build/rosgraph_msgs/CMakeFiles/rosgraph_msgs__rosidl_typesupport_c.dir/DependInfo.cmake --color=
make[5]: Leaving directory '/home/microros/microros_ws/firmware/mcu_ws/build/rosgraph_msgs'
/usr/bin/make -f CMakeFiles/rosgraph_msgs__rosidl_typesupport_c.dir/build.make CMakeFiles/rosgraph_msgs__rosidl_typesupport_c.dir/build
make[5]: Entering directory '/home/microros/microros_ws/firmware/mcu_ws/build/rosgraph_msgs'
make[5]: Nothing to be done for 'CMakeFiles/rosgraph_msgs__rosidl_typesupport_c.dir/build'.
make[5]: Leaving directory '/home/microros/microros_ws/firmware/mcu_ws/build/rosgraph_msgs'
[100%] Built target rosgraph_msgs__rosidl_typesupport_c
/usr/bin/make -f CMakeFiles/rosgraph_msgs.dir/build.make CMakeFiles/rosgraph_msgs.dir/depend
make[5]: Entering directory '/home/microros/microros_ws/firmware/mcu_ws/build/rosgraph_msgs'
cd /home/microros/microros_ws/firmware/mcu_ws/build/rosgraph_msgs && /usr/bin/cmake -E cmake_depends "Unix Makefiles" /home/microros/microros_ws/firmware/mcu_ws/ros2/rcl_interfaces/rosgraph_msgs /home/microros/microros_ws/firmware/mcu_ws/ros2/rcl_interfaces/rosgraph_msgs /home/microros/microros_ws/firmware/mcu_ws/build/rosgraph_msgs /home/microros/microros_ws/firmware/mcu_ws/build/rosgraph_msgs /home/microros/microros_ws/firmware/mcu_ws/build/rosgraph_msgs/CMakeFiles/rosgraph_msgs.dir/DependInfo.cmake --color=
make[5]: Leaving directory '/home/microros/microros_ws/firmware/mcu_ws/build/rosgraph_msgs'
/usr/bin/make -f CMakeFiles/rosgraph_msgs.dir/build.make CMakeFiles/rosgraph_msgs.dir/build
make[5]: Entering directory '/home/microros/microros_ws/firmware/mcu_ws/build/rosgraph_msgs'
make[5]: Nothing to be done for 'CMakeFiles/rosgraph_msgs.dir/build'.
make[5]: Leaving directory '/home/microros/microros_ws/firmware/mcu_ws/build/rosgraph_msgs'
[100%] Built target rosgraph_msgs
make[4]: Leaving directory '/home/microros/microros_ws/firmware/mcu_ws/build/rosgraph_msgs'
/usr/bin/cmake -E cmake_progress_start /home/microros/microros_ws/firmware/mcu_ws/build/rosgraph_msgs/CMakeFiles 0
make[3]: Leaving directory '/home/microros/microros_ws/firmware/mcu_ws/build/rosgraph_msgs'
-- Install configuration: "RelWithDebInfo"
-- Up-to-date: /home/microros/microros_ws/firmware/mcu_ws/install/rosgraph_msgs/share/ament_index/resource_index/rosidl_interfaces/rosgraph_msgs
-- Up-to-date: /home/microros/microros_ws/firmware/mcu_ws/install/rosgraph_msgs/include/rosgraph_msgs
-- Up-to-date: /home/microros/microros_ws/firmware/mcu_ws/install/rosgraph_msgs/include/rosgraph_msgs/msg
-- Up-to-date: /home/microros/microros_ws/firmware/mcu_ws/install/rosgraph_msgs/include/rosgraph_msgs/msg/detail
-- Up-to-date: /home/microros/microros_ws/firmware/mcu_ws/install/rosgraph_msgs/include/rosgraph_msgs/msg/detail/clock__struct.h
-- Up-to-date: /home/microros/microros_ws/firmware/mcu_ws/install/rosgraph_msgs/include/rosgraph_msgs/msg/detail/clock__functions.c
-- Up-to-date: /home/microros/microros_ws/firmware/mcu_ws/install/rosgraph_msgs/include/rosgraph_msgs/msg/detail/clock__type_support.h
-- Up-to-date: /home/microros/microros_ws/firmware/mcu_ws/install/rosgraph_msgs/include/rosgraph_msgs/msg/detail/clock__functions.h
-- Up-to-date: /home/microros/microros_ws/firmware/mcu_ws/install/rosgraph_msgs/include/rosgraph_msgs/msg/clock.h
-- Up-to-date: /home/microros/microros_ws/firmware/mcu_ws/install/rosgraph_msgs/include/rosgraph_msgs/msg/rosidl_generator_c__visibility_control.h
-- Up-to-date: /home/microros/microros_ws/firmware/mcu_ws/install/rosgraph_msgs/share/rosgraph_msgs/environment/library_path.sh
-- Up-to-date: /home/microros/microros_ws/firmware/mcu_ws/install/rosgraph_msgs/share/rosgraph_msgs/environment/library_path.dsv
-- Up-to-date: /home/microros/microros_ws/firmware/mcu_ws/install/rosgraph_msgs/lib/librosgraph_msgs__rosidl_generator_c.a
-- Up-to-date: /home/microros/microros_ws/firmware/mcu_ws/install/rosgraph_msgs/include/rosgraph_msgs
-- Up-to-date: /home/microros/microros_ws/firmware/mcu_ws/install/rosgraph_msgs/include/rosgraph_msgs/msg
-- Up-to-date: /home/microros/microros_ws/firmware/mcu_ws/install/rosgraph_msgs/include/rosgraph_msgs/msg/detail
-- Up-to-date: /home/microros/microros_ws/firmware/mcu_ws/install/rosgraph_msgs/include/rosgraph_msgs/msg/detail/microxrcedds
-- Up-to-date: /home/microros/microros_ws/firmware/mcu_ws/install/rosgraph_msgs/include/rosgraph_msgs/msg/detail/clock__rosidl_typesupport_microxrcedds_c.h
-- Up-to-date: /home/microros/microros_ws/firmware/mcu_ws/install/rosgraph_msgs/include/rosgraph_msgs/msg/rosidl_typesupport_microxrcedds_c__visibility_control.h
-- Up-to-date: /home/microros/microros_ws/firmware/mcu_ws/install/rosgraph_msgs/lib/librosgraph_msgs__rosidl_typesupport_microxrcedds_c.a
-- Up-to-date: /home/microros/microros_ws/firmware/mcu_ws/install/rosgraph_msgs/lib/librosgraph_msgs__rosidl_typesupport_c.a
-- Up-to-date: /home/microros/microros_ws/firmware/mcu_ws/install/rosgraph_msgs/lib/librosgraph_msgs__rosidl_typesupport_microxrcedds_c.a
-- Up-to-date: /home/microros/microros_ws/firmware/mcu_ws/install/rosgraph_msgs/share/rosgraph_msgs/msg/Clock.idl
-- Up-to-date: /home/microros/microros_ws/firmware/mcu_ws/install/rosgraph_msgs/share/rosgraph_msgs/msg/Clock.msg
-- Up-to-date: /home/microros/microros_ws/firmware/mcu_ws/install/rosgraph_msgs/share/ament_index/resource_index/package_run_dependencies/rosgraph_msgs
-- Up-to-date: /home/microros/microros_ws/firmware/mcu_ws/install/rosgraph_msgs/share/ament_index/resource_index/parent_prefix_path/rosgraph_msgs
-- Up-to-date: /home/microros/microros_ws/firmware/mcu_ws/install/rosgraph_msgs/share/rosgraph_msgs/environment/ament_prefix_path.sh
-- Up-to-date: /home/microros/microros_ws/firmware/mcu_ws/install/rosgraph_msgs/share/rosgraph_msgs/environment/ament_prefix_path.dsv
-- Up-to-date: /home/microros/microros_ws/firmware/mcu_ws/install/rosgraph_msgs/share/rosgraph_msgs/environment/path.sh
-- Up-to-date: /home/microros/microros_ws/firmware/mcu_ws/install/rosgraph_msgs/share/rosgraph_msgs/environment/path.dsv
-- Up-to-date: /home/microros/microros_ws/firmware/mcu_ws/install/rosgraph_msgs/share/rosgraph_msgs/local_setup.bash
-- Up-to-date: /home/microros/microros_ws/firmware/mcu_ws/install/rosgraph_msgs/share/rosgraph_msgs/local_setup.sh
-- Up-to-date: /home/microros/microros_ws/firmware/mcu_ws/install/rosgraph_msgs/share/rosgraph_msgs/local_setup.zsh
-- Up-to-date: /home/microros/microros_ws/firmware/mcu_ws/install/rosgraph_msgs/share/rosgraph_msgs/local_setup.dsv
-- Installing: /home/microros/microros_ws/firmware/mcu_ws/install/rosgraph_msgs/share/rosgraph_msgs/package.dsv
-- Up-to-date: /home/microros/microros_ws/firmware/mcu_ws/install/rosgraph_msgs/share/ament_index/resource_index/packages/rosgraph_msgs
-- Up-to-date: /home/microros/microros_ws/firmware/mcu_ws/install/rosgraph_msgs/share/rosgraph_msgs/cmake/rosgraph_msgs__rosidl_generator_cExport.cmake
-- Up-to-date: /home/microros/microros_ws/firmware/mcu_ws/install/rosgraph_msgs/share/rosgraph_msgs/cmake/rosgraph_msgs__rosidl_generator_cExport-relwithdebinfo.cmake
-- Up-to-date: /home/microros/microros_ws/firmware/mcu_ws/install/rosgraph_msgs/share/rosgraph_msgs/cmake/rosgraph_msgs__rosidl_typesupport_cExport.cmake
-- Up-to-date: /home/microros/microros_ws/firmware/mcu_ws/install/rosgraph_msgs/share/rosgraph_msgs/cmake/rosgraph_msgs__rosidl_typesupport_cExport-relwithdebinfo.cmake
-- Up-to-date: /home/microros/microros_ws/firmware/mcu_ws/install/rosgraph_msgs/share/rosgraph_msgs/cmake/rosidl_cmake-extras.cmake
-- Up-to-date: /home/microros/microros_ws/firmware/mcu_ws/install/rosgraph_msgs/share/rosgraph_msgs/cmake/ament_cmake_export_dependencies-extras.cmake
-- Up-to-date: /home/microros/microros_ws/firmware/mcu_ws/install/rosgraph_msgs/share/rosgraph_msgs/cmake/ament_cmake_export_libraries-extras.cmake
-- Up-to-date: /home/microros/microros_ws/firmware/mcu_ws/install/rosgraph_msgs/share/rosgraph_msgs/cmake/ament_cmake_export_targets-extras.cmake
-- Up-to-date: /home/microros/microros_ws/firmware/mcu_ws/install/rosgraph_msgs/share/rosgraph_msgs/cmake/ament_cmake_export_include_directories-extras.cmake
-- Up-to-date: /home/microros/microros_ws/firmware/mcu_ws/install/rosgraph_msgs/share/rosgraph_msgs/cmake/rosidl_cmake_export_typesupport_libraries-extras.cmake
-- Up-to-date: /home/microros/microros_ws/firmware/mcu_ws/install/rosgraph_msgs/share/rosgraph_msgs/cmake/rosgraph_msgsConfig.cmake
-- Up-to-date: /home/microros/microros_ws/firmware/mcu_ws/install/rosgraph_msgs/share/rosgraph_msgs/cmake/rosgraph_msgsConfig-version.cmake
-- Up-to-date: /home/microros/microros_ws/firmware/mcu_ws/install/rosgraph_msgs/share/rosgraph_msgs/package.xml
