[0.051s] Invoking command in '/home/microros/microros_ws/firmware/mcu_ws/build/microcdr': /usr/bin/cmake --build /home/microros/microros_ws/firmware/mcu_ws/build/microcdr -- -j4 -l4
[0.104s] make[4]: Entering directory '/home/microros/microros_ws/firmware/mcu_ws/build/microcdr'
[0.104s] /usr/bin/cmake -S/home/microros/microros_ws/firmware/mcu_ws/eProsima/Micro-CDR -B/home/microros/microros_ws/firmware/mcu_ws/build/microcdr --check-build-system CMakeFiles/Makefile.cmake 0
[0.108s] Re-run cmake file: Makefile older than: /home/microros/microros_ws/firmware/apps/uros/arm_toolchain.cmake
[0.121s] -- Configuring done
[0.126s] -- Generating done
[0.127s] -- Build files have been written to: /home/microros/microros_ws/firmware/mcu_ws/build/microcdr
[0.129s] /usr/bin/cmake -E cmake_progress_start /home/microros/microros_ws/firmware/mcu_ws/build/microcdr/CMakeFiles /home/microros/microros_ws/firmware/mcu_ws/build/microcdr/CMakeFiles/progress.marks
[0.141s] /usr/bin/make -f CMakeFiles/Makefile2 all
[0.142s] make[5]: Entering directory '/home/microros/microros_ws/firmware/mcu_ws/build/microcdr'
[0.142s] /usr/bin/make -f CMakeFiles/microcdr.dir/build.make CMakeFiles/microcdr.dir/depend
[0.144s] make[6]: Entering directory '/home/microros/microros_ws/firmware/mcu_ws/build/microcdr'
[0.144s] cd /home/microros/microros_ws/firmware/mcu_ws/build/microcdr && /usr/bin/cmake -E cmake_depends "Unix Makefiles" /home/microros/microros_ws/firmware/mcu_ws/eProsima/Micro-CDR /home/microros/microros_ws/firmware/mcu_ws/eProsima/Micro-CDR /home/microros/microros_ws/firmware/mcu_ws/build/microcdr /home/microros/microros_ws/firmware/mcu_ws/build/microcdr /home/microros/microros_ws/firmware/mcu_ws/build/microcdr/CMakeFiles/microcdr.dir/DependInfo.cmake --color=
[0.155s] Dependee "/home/microros/microros_ws/firmware/NuttX/include/nuttx/config.h" is newer than depender "CMakeFiles/microcdr.dir/src/c/common.c.obj".
[0.155s] Dependee "/home/microros/microros_ws/firmware/NuttX/include/nuttx/config.h" is newer than depender "CMakeFiles/microcdr.dir/src/c/types/array.c.obj".
[0.155s] Dependee "/home/microros/microros_ws/firmware/NuttX/include/nuttx/config.h" is newer than depender "CMakeFiles/microcdr.dir/src/c/types/basic.c.obj".
[0.156s] Dependee "/home/microros/microros_ws/firmware/NuttX/include/nuttx/config.h" is newer than depender "CMakeFiles/microcdr.dir/src/c/types/sequence.c.obj".
[0.156s] Dependee "/home/microros/microros_ws/firmware/NuttX/include/nuttx/config.h" is newer than depender "CMakeFiles/microcdr.dir/src/c/types/string.c.obj".
[0.156s] Clearing dependencies in "/home/microros/microros_ws/firmware/mcu_ws/build/microcdr/CMakeFiles/microcdr.dir/depend.make".
[0.156s] [35m[1mScanning dependencies of target microcdr[0m
[0.158s] make[6]: Leaving directory '/home/microros/microros_ws/firmware/mcu_ws/build/microcdr'
[0.158s] /usr/bin/make -f CMakeFiles/microcdr.dir/build.make CMakeFiles/microcdr.dir/build
[0.161s] make[6]: Entering directory '/home/microros/microros_ws/firmware/mcu_ws/build/microcdr'
[0.188s] [ 16%] [32mBuilding C object CMakeFiles/microcdr.dir/src/c/common.c.obj[0m
[0.190s] /usr/bin/arm-none-eabi-gcc --sysroot=/home/microros/microros_ws/firmware/NuttX/..  -I/home/microros/microros_ws/firmware/mcu_ws/eProsima/Micro-CDR/include -I/home/microros/microros_ws/firmware/mcu_ws/build/microcdr/include -isystem /home/microros/microros_ws/firmware/NuttX/include -isystem /home/microros/microros_ws/firmware/NuttX/include/cxx -isystem /home/microros/microros_ws/firmware/NuttX/include/uClibc++  -std=c99 -Dunix=1 -mcpu=cortex-m4 -mthumb -mfloat-abi=soft -Os -fno-strict-aliasing -fno-strength-reduce -fomit-frame-pointer -O2 -g -DNDEBUG -fPIC   -Wall -Wextra -Wshadow -pedantic -Wcast-align -Wunused -Wconversion -Wsign-conversion -Wdouble-promotion -Wnull-dereference -Wduplicated-branches -Wduplicated-cond -Wrestrict -fdata-sections -ffunction-sections -std=gnu99 -o CMakeFiles/microcdr.dir/src/c/common.c.obj   -c /home/microros/microros_ws/firmware/mcu_ws/eProsima/Micro-CDR/src/c/common.c
[0.194s] [ 33%] [32mBuilding C object CMakeFiles/microcdr.dir/src/c/types/basic.c.obj[0m
[0.195s] /usr/bin/arm-none-eabi-gcc --sysroot=/home/microros/microros_ws/firmware/NuttX/..  -I/home/microros/microros_ws/firmware/mcu_ws/eProsima/Micro-CDR/include -I/home/microros/microros_ws/firmware/mcu_ws/build/microcdr/include -isystem /home/microros/microros_ws/firmware/NuttX/include -isystem /home/microros/microros_ws/firmware/NuttX/include/cxx -isystem /home/microros/microros_ws/firmware/NuttX/include/uClibc++  -std=c99 -Dunix=1 -mcpu=cortex-m4 -mthumb -mfloat-abi=soft -Os -fno-strict-aliasing -fno-strength-reduce -fomit-frame-pointer -O2 -g -DNDEBUG -fPIC   -Wall -Wextra -Wshadow -pedantic -Wcast-align -Wunused -Wconversion -Wsign-conversion -Wdouble-promotion -Wnull-dereference -Wduplicated-branches -Wduplicated-cond -Wrestrict -fdata-sections -ffunction-sections -std=gnu99 -o CMakeFiles/microcdr.dir/src/c/types/basic.c.obj   -c /home/microros/microros_ws/firmware/mcu_ws/eProsima/Micro-CDR/src/c/types/basic.c
[0.196s] [ 50%] [32mBuilding C object CMakeFiles/microcdr.dir/src/c/types/string.c.obj[0m
[0.204s] /usr/bin/arm-none-eabi-gcc --sysroot=/home/microros/microros_ws/firmware/NuttX/..  -I/home/microros/microros_ws/firmware/mcu_ws/eProsima/Micro-CDR/include -I/home/microros/microros_ws/firmware/mcu_ws/build/microcdr/include -isystem /home/microros/microros_ws/firmware/NuttX/include -isystem /home/microros/microros_ws/firmware/NuttX/include/cxx -isystem /home/microros/microros_ws/firmware/NuttX/include/uClibc++  -std=c99 -Dunix=1 -mcpu=cortex-m4 -mthumb -mfloat-abi=soft -Os -fno-strict-aliasing -fno-strength-reduce -fomit-frame-pointer -O2 -g -DNDEBUG -fPIC   -Wall -Wextra -Wshadow -pedantic -Wcast-align -Wunused -Wconversion -Wsign-conversion -Wdouble-promotion -Wnull-dereference -Wduplicated-branches -Wduplicated-cond -Wrestrict -fdata-sections -ffunction-sections -std=gnu99 -o CMakeFiles/microcdr.dir/src/c/types/string.c.obj   -c /home/microros/microros_ws/firmware/mcu_ws/eProsima/Micro-CDR/src/c/types/string.c
[0.219s] [ 66%] [32mBuilding C object CMakeFiles/microcdr.dir/src/c/types/array.c.obj[0m
[0.220s] /usr/bin/arm-none-eabi-gcc --sysroot=/home/microros/microros_ws/firmware/NuttX/..  -I/home/microros/microros_ws/firmware/mcu_ws/eProsima/Micro-CDR/include -I/home/microros/microros_ws/firmware/mcu_ws/build/microcdr/include -isystem /home/microros/microros_ws/firmware/NuttX/include -isystem /home/microros/microros_ws/firmware/NuttX/include/cxx -isystem /home/microros/microros_ws/firmware/NuttX/include/uClibc++  -std=c99 -Dunix=1 -mcpu=cortex-m4 -mthumb -mfloat-abi=soft -Os -fno-strict-aliasing -fno-strength-reduce -fomit-frame-pointer -O2 -g -DNDEBUG -fPIC   -Wall -Wextra -Wshadow -pedantic -Wcast-align -Wunused -Wconversion -Wsign-conversion -Wdouble-promotion -Wnull-dereference -Wduplicated-branches -Wduplicated-cond -Wrestrict -fdata-sections -ffunction-sections -std=gnu99 -o CMakeFiles/microcdr.dir/src/c/types/array.c.obj   -c /home/microros/microros_ws/firmware/mcu_ws/eProsima/Micro-CDR/src/c/types/array.c
[0.389s] [ 83%] [32mBuilding C object CMakeFiles/microcdr.dir/src/c/types/sequence.c.obj[0m
[0.402s] /usr/bin/arm-none-eabi-gcc --sysroot=/home/microros/microros_ws/firmware/NuttX/..  -I/home/microros/microros_ws/firmware/mcu_ws/eProsima/Micro-CDR/include -I/home/microros/microros_ws/firmware/mcu_ws/build/microcdr/include -isystem /home/microros/microros_ws/firmware/NuttX/include -isystem /home/microros/microros_ws/firmware/NuttX/include/cxx -isystem /home/microros/microros_ws/firmware/NuttX/include/uClibc++  -std=c99 -Dunix=1 -mcpu=cortex-m4 -mthumb -mfloat-abi=soft -Os -fno-strict-aliasing -fno-strength-reduce -fomit-frame-pointer -O2 -g -DNDEBUG -fPIC   -Wall -Wextra -Wshadow -pedantic -Wcast-align -Wunused -Wconversion -Wsign-conversion -Wdouble-promotion -Wnull-dereference -Wduplicated-branches -Wduplicated-cond -Wrestrict -fdata-sections -ffunction-sections -std=gnu99 -o CMakeFiles/microcdr.dir/src/c/types/sequence.c.obj   -c /home/microros/microros_ws/firmware/mcu_ws/eProsima/Micro-CDR/src/c/types/sequence.c
[0.794s] [100%] [32m[1mLinking C static library libmicrocdr.a[0m
[0.796s] /usr/bin/cmake -P CMakeFiles/microcdr.dir/cmake_clean_target.cmake
[0.811s] /usr/bin/cmake -E cmake_link_script CMakeFiles/microcdr.dir/link.txt --verbose=1
[0.817s] /usr/bin/arm-none-eabi-ar qc libmicrocdr.a  CMakeFiles/microcdr.dir/src/c/common.c.obj CMakeFiles/microcdr.dir/src/c/types/basic.c.obj CMakeFiles/microcdr.dir/src/c/types/string.c.obj CMakeFiles/microcdr.dir/src/c/types/array.c.obj CMakeFiles/microcdr.dir/src/c/types/sequence.c.obj
[0.822s] /usr/bin/arm-none-eabi-ranlib libmicrocdr.a
[0.833s] make[6]: Leaving directory '/home/microros/microros_ws/firmware/mcu_ws/build/microcdr'
[0.838s] [100%] Built target microcdr
[0.839s] make[5]: Leaving directory '/home/microros/microros_ws/firmware/mcu_ws/build/microcdr'
[0.839s] /usr/bin/cmake -E cmake_progress_start /home/microros/microros_ws/firmware/mcu_ws/build/microcdr/CMakeFiles 0
[0.849s] make[4]: Leaving directory '/home/microros/microros_ws/firmware/mcu_ws/build/microcdr'
[0.876s] Invoked command in '/home/microros/microros_ws/firmware/mcu_ws/build/microcdr' returned '0': /usr/bin/cmake --build /home/microros/microros_ws/firmware/mcu_ws/build/microcdr -- -j4 -l4
[0.943s] Invoking command in '/home/microros/microros_ws/firmware/mcu_ws/build/microcdr': /usr/bin/cmake --install /home/microros/microros_ws/firmware/mcu_ws/build/microcdr
[0.956s] -- Install configuration: "RelWithDebInfo"
[0.958s] -- Installing: /home/microros/microros_ws/firmware/mcu_ws/install/microcdr/lib/libmicrocdr.a
[0.959s] -- Up-to-date: /home/microros/microros_ws/firmware/mcu_ws/install/microcdr/include/ucdr
[0.959s] -- Up-to-date: /home/microros/microros_ws/firmware/mcu_ws/install/microcdr/include/ucdr/visibility.h
[0.959s] -- Up-to-date: /home/microros/microros_ws/firmware/mcu_ws/install/microcdr/include/ucdr/microcdr.h
[0.959s] -- Up-to-date: /home/microros/microros_ws/firmware/mcu_ws/install/microcdr/include/ucdr/config.h
[0.959s] -- Up-to-date: /home/microros/microros_ws/firmware/mcu_ws/install/microcdr/share/microcdr/cmake/microcdrTargets.cmake
[0.959s] -- Installing: /home/microros/microros_ws/firmware/mcu_ws/install/microcdr/share/microcdr/cmake/microcdrTargets-relwithdebinfo.cmake
[0.960s] -- Up-to-date: /home/microros/microros_ws/firmware/mcu_ws/install/microcdr/share/microcdr/cmake/microcdrConfig.cmake
[0.960s] -- Up-to-date: /home/microros/microros_ws/firmware/mcu_ws/install/microcdr/share/microcdr/cmake/microcdrConfigVersion.cmake
[0.960s] Invoked command in '/home/microros/microros_ws/firmware/mcu_ws/build/microcdr' returned '0': /usr/bin/cmake --install /home/microros/microros_ws/firmware/mcu_ws/build/microcdr
