[0.272s] Invoking command in '/home/microros/microros_ws/firmware/mcu_ws/uros/tracetools/tracetools_read': PYTHONPATH=/home/microros/microros_ws/firmware/mcu_ws/install/tracetools_read/lib/python3.8/site-packages:${PYTHONPATH} /usr/bin/python3 setup.py egg_info --egg-base /home/microros/microros_ws/firmware/mcu_ws/build/tracetools_read build --build-base /home/microros/microros_ws/firmware/mcu_ws/build/tracetools_read/build install --prefix /home/microros/microros_ws/firmware/mcu_ws/install/tracetools_read --record /home/microros/microros_ws/firmware/mcu_ws/build/tracetools_read/install.log --single-version-externally-managed
[0.616s] running egg_info
[0.617s] creating /home/microros/microros_ws/firmware/mcu_ws/build/tracetools_read/tracetools_read.egg-info
[0.617s] writing /home/microros/microros_ws/firmware/mcu_ws/build/tracetools_read/tracetools_read.egg-info/PKG-INFO
[0.617s] writing dependency_links to /home/microros/microros_ws/firmware/mcu_ws/build/tracetools_read/tracetools_read.egg-info/dependency_links.txt
[0.618s] writing requirements to /home/microros/microros_ws/firmware/mcu_ws/build/tracetools_read/tracetools_read.egg-info/requires.txt
[0.619s] writing top-level names to /home/microros/microros_ws/firmware/mcu_ws/build/tracetools_read/tracetools_read.egg-info/top_level.txt
[0.620s] writing manifest file '/home/microros/microros_ws/firmware/mcu_ws/build/tracetools_read/tracetools_read.egg-info/SOURCES.txt'
[0.670s] reading manifest file '/home/microros/microros_ws/firmware/mcu_ws/build/tracetools_read/tracetools_read.egg-info/SOURCES.txt'
[0.672s] writing manifest file '/home/microros/microros_ws/firmware/mcu_ws/build/tracetools_read/tracetools_read.egg-info/SOURCES.txt'
[0.672s] running build
[0.672s] running build_py
[0.672s] creating /home/microros/microros_ws/firmware/mcu_ws/build/tracetools_read/build
[0.672s] creating /home/microros/microros_ws/firmware/mcu_ws/build/tracetools_read/build/lib
[0.672s] creating /home/microros/microros_ws/firmware/mcu_ws/build/tracetools_read/build/lib/tracetools_read
[0.673s] copying tracetools_read/trace.py -> /home/microros/microros_ws/firmware/mcu_ws/build/tracetools_read/build/lib/tracetools_read
[0.674s] copying tracetools_read/__init__.py -> /home/microros/microros_ws/firmware/mcu_ws/build/tracetools_read/build/lib/tracetools_read
[0.675s] running install
[0.680s] running install_lib
[0.682s] creating /home/microros/microros_ws/firmware/mcu_ws/install/tracetools_read/lib/python3.8/site-packages/tracetools_read
[0.682s] copying /home/microros/microros_ws/firmware/mcu_ws/build/tracetools_read/build/lib/tracetools_read/trace.py -> /home/microros/microros_ws/firmware/mcu_ws/install/tracetools_read/lib/python3.8/site-packages/tracetools_read
[0.682s] copying /home/microros/microros_ws/firmware/mcu_ws/build/tracetools_read/build/lib/tracetools_read/__init__.py -> /home/microros/microros_ws/firmware/mcu_ws/install/tracetools_read/lib/python3.8/site-packages/tracetools_read
[0.683s] byte-compiling /home/microros/microros_ws/firmware/mcu_ws/install/tracetools_read/lib/python3.8/site-packages/tracetools_read/trace.py to trace.cpython-38.pyc
[0.688s] byte-compiling /home/microros/microros_ws/firmware/mcu_ws/install/tracetools_read/lib/python3.8/site-packages/tracetools_read/__init__.py to __init__.cpython-38.pyc
[0.689s] running install_data
[0.689s] copying package.xml -> /home/microros/microros_ws/firmware/mcu_ws/install/tracetools_read/share/tracetools_read
[0.690s] creating /home/microros/microros_ws/firmware/mcu_ws/install/tracetools_read/share/ament_index
[0.690s] creating /home/microros/microros_ws/firmware/mcu_ws/install/tracetools_read/share/ament_index/resource_index
[0.690s] creating /home/microros/microros_ws/firmware/mcu_ws/install/tracetools_read/share/ament_index/resource_index/packages
[0.690s] copying resource/tracetools_read -> /home/microros/microros_ws/firmware/mcu_ws/install/tracetools_read/share/ament_index/resource_index/packages
[0.690s] running install_egg_info
[0.697s] Copying /home/microros/microros_ws/firmware/mcu_ws/build/tracetools_read/tracetools_read.egg-info to /home/microros/microros_ws/firmware/mcu_ws/install/tracetools_read/lib/python3.8/site-packages/tracetools_read-1.0.2-py3.8.egg-info
[0.698s] running install_scripts
[0.731s] writing list of installed files to '/home/microros/microros_ws/firmware/mcu_ws/build/tracetools_read/install.log'
[0.769s] Invoked command in '/home/microros/microros_ws/firmware/mcu_ws/uros/tracetools/tracetools_read' returned '0': PYTHONPATH=/home/microros/microros_ws/firmware/mcu_ws/install/tracetools_read/lib/python3.8/site-packages:${PYTHONPATH} /usr/bin/python3 setup.py egg_info --egg-base /home/microros/microros_ws/firmware/mcu_ws/build/tracetools_read build --build-base /home/microros/microros_ws/firmware/mcu_ws/build/tracetools_read/build install --prefix /home/microros/microros_ws/firmware/mcu_ws/install/tracetools_read --record /home/microros/microros_ws/firmware/mcu_ws/build/tracetools_read/install.log --single-version-externally-managed
