make[4]: Entering directory '/home/microros/microros_ws/firmware/mcu_ws/build/rosidl_default_generators'
/usr/bin/cmake -S/home/microros/microros_ws/firmware/mcu_ws/ros2/rosidl_defaults/rosidl_default_generators -B/home/microros/microros_ws/firmware/mcu_ws/build/rosidl_default_generators --check-build-system CMakeFiles/Makefile.cmake 0
/usr/bin/cmake -E cmake_progress_start /home/microros/microros_ws/firmware/mcu_ws/build/rosidl_default_generators/CMakeFiles /home/microros/microros_ws/firmware/mcu_ws/build/rosidl_default_generators/CMakeFiles/progress.marks
/usr/bin/make -f CMakeFiles/Makefile2 all
make[5]: Entering directory '/home/microros/microros_ws/firmware/mcu_ws/build/rosidl_default_generators'
make[5]: Nothing to be done for 'all'.
make[5]: Leaving directory '/home/microros/microros_ws/firmware/mcu_ws/build/rosidl_default_generators'
/usr/bin/cmake -E cmake_progress_start /home/microros/microros_ws/firmware/mcu_ws/build/rosidl_default_generators/CMakeFiles 0
make[4]: Leaving directory '/home/microros/microros_ws/firmware/mcu_ws/build/rosidl_default_generators'
-- Install configuration: "RelWithDebInfo"
-- Up-to-date: /home/microros/microros_ws/firmware/mcu_ws/install/rosidl_default_generators/share/ament_index/resource_index/package_run_dependencies/rosidl_default_generators
-- Up-to-date: /home/microros/microros_ws/firmware/mcu_ws/install/rosidl_default_generators/share/ament_index/resource_index/parent_prefix_path/rosidl_default_generators
-- Up-to-date: /home/microros/microros_ws/firmware/mcu_ws/install/rosidl_default_generators/share/rosidl_default_generators/environment/ament_prefix_path.sh
-- Up-to-date: /home/microros/microros_ws/firmware/mcu_ws/install/rosidl_default_generators/share/rosidl_default_generators/environment/ament_prefix_path.dsv
-- Up-to-date: /home/microros/microros_ws/firmware/mcu_ws/install/rosidl_default_generators/share/rosidl_default_generators/environment/path.sh
-- Up-to-date: /home/microros/microros_ws/firmware/mcu_ws/install/rosidl_default_generators/share/rosidl_default_generators/environment/path.dsv
-- Up-to-date: /home/microros/microros_ws/firmware/mcu_ws/install/rosidl_default_generators/share/rosidl_default_generators/local_setup.bash
-- Up-to-date: /home/microros/microros_ws/firmware/mcu_ws/install/rosidl_default_generators/share/rosidl_default_generators/local_setup.sh
-- Up-to-date: /home/microros/microros_ws/firmware/mcu_ws/install/rosidl_default_generators/share/rosidl_default_generators/local_setup.zsh
-- Up-to-date: /home/microros/microros_ws/firmware/mcu_ws/install/rosidl_default_generators/share/rosidl_default_generators/local_setup.dsv
-- Up-to-date: /home/microros/microros_ws/firmware/mcu_ws/install/rosidl_default_generators/share/rosidl_default_generators/package.dsv
-- Up-to-date: /home/microros/microros_ws/firmware/mcu_ws/install/rosidl_default_generators/share/ament_index/resource_index/packages/rosidl_default_generators
-- Up-to-date: /home/microros/microros_ws/firmware/mcu_ws/install/rosidl_default_generators/share/rosidl_default_generators/cmake/rosidl_default_generators-extras.cmake
-- Up-to-date: /home/microros/microros_ws/firmware/mcu_ws/install/rosidl_default_generators/share/rosidl_default_generators/cmake/ament_cmake_export_dependencies-extras.cmake
-- Up-to-date: /home/microros/microros_ws/firmware/mcu_ws/install/rosidl_default_generators/share/rosidl_default_generators/cmake/rosidl_default_generatorsConfig.cmake
-- Up-to-date: /home/microros/microros_ws/firmware/mcu_ws/install/rosidl_default_generators/share/rosidl_default_generators/cmake/rosidl_default_generatorsConfig-version.cmake
-- Up-to-date: /home/microros/microros_ws/firmware/mcu_ws/install/rosidl_default_generators/share/rosidl_default_generators/package.xml
