[0.319s] Invoking command in '/home/microros/microros_ws/firmware/mcu_ws/uros/tracetools/tracetools_read': PYTHONPATH=/home/microros/microros_ws/firmware/mcu_ws/install/tracetools_read/lib/python3.8/site-packages:${PYTHONPATH} /usr/bin/python3 setup.py egg_info --egg-base /home/microros/microros_ws/firmware/mcu_ws/build/tracetools_read build --build-base /home/microros/microros_ws/firmware/mcu_ws/build/tracetools_read/build install --prefix /home/microros/microros_ws/firmware/mcu_ws/install/tracetools_read --record /home/microros/microros_ws/firmware/mcu_ws/build/tracetools_read/install.log --single-version-externally-managed
[0.580s] running egg_info
[0.581s] creating /home/microros/microros_ws/firmware/mcu_ws/build/tracetools_read/tracetools_read.egg-info
[0.581s] writing /home/microros/microros_ws/firmware/mcu_ws/build/tracetools_read/tracetools_read.egg-info/PKG-INFO
[0.581s] writing dependency_links to /home/microros/microros_ws/firmware/mcu_ws/build/tracetools_read/tracetools_read.egg-info/dependency_links.txt
[0.582s] writing requirements to /home/microros/microros_ws/firmware/mcu_ws/build/tracetools_read/tracetools_read.egg-info/requires.txt
[0.583s] writing top-level names to /home/microros/microros_ws/firmware/mcu_ws/build/tracetools_read/tracetools_read.egg-info/top_level.txt
[0.584s] writing manifest file '/home/microros/microros_ws/firmware/mcu_ws/build/tracetools_read/tracetools_read.egg-info/SOURCES.txt'
[0.629s] reading manifest file '/home/microros/microros_ws/firmware/mcu_ws/build/tracetools_read/tracetools_read.egg-info/SOURCES.txt'
[0.630s] writing manifest file '/home/microros/microros_ws/firmware/mcu_ws/build/tracetools_read/tracetools_read.egg-info/SOURCES.txt'
[0.673s] running build
[0.673s] running build_py
[0.673s] creating /home/microros/microros_ws/firmware/mcu_ws/build/tracetools_read/build
[0.673s] creating /home/microros/microros_ws/firmware/mcu_ws/build/tracetools_read/build/lib
[0.673s] creating /home/microros/microros_ws/firmware/mcu_ws/build/tracetools_read/build/lib/tracetools_read
[0.673s] copying tracetools_read/trace.py -> /home/microros/microros_ws/firmware/mcu_ws/build/tracetools_read/build/lib/tracetools_read
[0.673s] copying tracetools_read/__init__.py -> /home/microros/microros_ws/firmware/mcu_ws/build/tracetools_read/build/lib/tracetools_read
[0.674s] running install
[0.675s] running install_lib
[0.676s] creating /home/microros/microros_ws/firmware/mcu_ws/install/tracetools_read/lib/python3.8/site-packages/tracetools_read
[0.676s] copying /home/microros/microros_ws/firmware/mcu_ws/build/tracetools_read/build/lib/tracetools_read/trace.py -> /home/microros/microros_ws/firmware/mcu_ws/install/tracetools_read/lib/python3.8/site-packages/tracetools_read
[0.676s] copying /home/microros/microros_ws/firmware/mcu_ws/build/tracetools_read/build/lib/tracetools_read/__init__.py -> /home/microros/microros_ws/firmware/mcu_ws/install/tracetools_read/lib/python3.8/site-packages/tracetools_read
[0.676s] byte-compiling /home/microros/microros_ws/firmware/mcu_ws/install/tracetools_read/lib/python3.8/site-packages/tracetools_read/trace.py to trace.cpython-38.pyc
[0.678s] byte-compiling /home/microros/microros_ws/firmware/mcu_ws/install/tracetools_read/lib/python3.8/site-packages/tracetools_read/__init__.py to __init__.cpython-38.pyc
[0.680s] running install_data
[0.680s] copying package.xml -> /home/microros/microros_ws/firmware/mcu_ws/install/tracetools_read/share/tracetools_read
[0.680s] creating /home/microros/microros_ws/firmware/mcu_ws/install/tracetools_read/share/ament_index
[0.680s] creating /home/microros/microros_ws/firmware/mcu_ws/install/tracetools_read/share/ament_index/resource_index
[0.680s] creating /home/microros/microros_ws/firmware/mcu_ws/install/tracetools_read/share/ament_index/resource_index/packages
[0.680s] copying resource/tracetools_read -> /home/microros/microros_ws/firmware/mcu_ws/install/tracetools_read/share/ament_index/resource_index/packages
[0.681s] running install_egg_info
[0.682s] Copying /home/microros/microros_ws/firmware/mcu_ws/build/tracetools_read/tracetools_read.egg-info to /home/microros/microros_ws/firmware/mcu_ws/install/tracetools_read/lib/python3.8/site-packages/tracetools_read-1.0.2-py3.8.egg-info
[0.683s] running install_scripts
[0.709s] writing list of installed files to '/home/microros/microros_ws/firmware/mcu_ws/build/tracetools_read/install.log'
[0.743s] Invoked command in '/home/microros/microros_ws/firmware/mcu_ws/uros/tracetools/tracetools_read' returned '0': PYTHONPATH=/home/microros/microros_ws/firmware/mcu_ws/install/tracetools_read/lib/python3.8/site-packages:${PYTHONPATH} /usr/bin/python3 setup.py egg_info --egg-base /home/microros/microros_ws/firmware/mcu_ws/build/tracetools_read build --build-base /home/microros/microros_ws/firmware/mcu_ws/build/tracetools_read/build install --prefix /home/microros/microros_ws/firmware/mcu_ws/install/tracetools_read --record /home/microros/microros_ws/firmware/mcu_ws/build/tracetools_read/install.log --single-version-externally-managed
