make[4]: Entering directory '/home/microros/microros_ws/firmware/mcu_ws/build/rcl_interfaces'
/usr/bin/cmake -S/home/microros/microros_ws/firmware/mcu_ws/ros2/rcl_interfaces/rcl_interfaces -B/home/microros/microros_ws/firmware/mcu_ws/build/rcl_interfaces --check-build-system CMakeFiles/Makefile.cmake 0
/usr/bin/cmake -E cmake_progress_start /home/microros/microros_ws/firmware/mcu_ws/build/rcl_interfaces/CMakeFiles /home/microros/microros_ws/firmware/mcu_ws/build/rcl_interfaces/CMakeFiles/progress.marks
/usr/bin/make -f CMakeFiles/Makefile2 all
make[5]: Entering directory '/home/microros/microros_ws/firmware/mcu_ws/build/rcl_interfaces'
/usr/bin/make -f CMakeFiles/rcl_interfaces__rosidl_generator_c.dir/build.make CMakeFiles/rcl_interfaces__rosidl_generator_c.dir/depend
make[6]: Entering directory '/home/microros/microros_ws/firmware/mcu_ws/build/rcl_interfaces'
cd /home/microros/microros_ws/firmware/mcu_ws/build/rcl_interfaces && /usr/bin/cmake -E cmake_depends "Unix Makefiles" /home/microros/microros_ws/firmware/mcu_ws/ros2/rcl_interfaces/rcl_interfaces /home/microros/microros_ws/firmware/mcu_ws/ros2/rcl_interfaces/rcl_interfaces /home/microros/microros_ws/firmware/mcu_ws/build/rcl_interfaces /home/microros/microros_ws/firmware/mcu_ws/build/rcl_interfaces /home/microros/microros_ws/firmware/mcu_ws/build/rcl_interfaces/CMakeFiles/rcl_interfaces__rosidl_generator_c.dir/DependInfo.cmake --color=
make[6]: Leaving directory '/home/microros/microros_ws/firmware/mcu_ws/build/rcl_interfaces'
/usr/bin/make -f CMakeFiles/rcl_interfaces__rosidl_generator_c.dir/build.make CMakeFiles/rcl_interfaces__rosidl_generator_c.dir/build
make[6]: Entering directory '/home/microros/microros_ws/firmware/mcu_ws/build/rcl_interfaces'
make[6]: Nothing to be done for 'CMakeFiles/rcl_interfaces__rosidl_generator_c.dir/build'.
make[6]: Leaving directory '/home/microros/microros_ws/firmware/mcu_ws/build/rcl_interfaces'
[ 33%] Built target rcl_interfaces__rosidl_generator_c
/usr/bin/make -f CMakeFiles/rcl_interfaces__rosidl_typesupport_microxrcedds_c.dir/build.make CMakeFiles/rcl_interfaces__rosidl_typesupport_microxrcedds_c.dir/depend
make[6]: Entering directory '/home/microros/microros_ws/firmware/mcu_ws/build/rcl_interfaces'
cd /home/microros/microros_ws/firmware/mcu_ws/build/rcl_interfaces && /usr/bin/cmake -E cmake_depends "Unix Makefiles" /home/microros/microros_ws/firmware/mcu_ws/ros2/rcl_interfaces/rcl_interfaces /home/microros/microros_ws/firmware/mcu_ws/ros2/rcl_interfaces/rcl_interfaces /home/microros/microros_ws/firmware/mcu_ws/build/rcl_interfaces /home/microros/microros_ws/firmware/mcu_ws/build/rcl_interfaces /home/microros/microros_ws/firmware/mcu_ws/build/rcl_interfaces/CMakeFiles/rcl_interfaces__rosidl_typesupport_microxrcedds_c.dir/DependInfo.cmake --color=
make[6]: Leaving directory '/home/microros/microros_ws/firmware/mcu_ws/build/rcl_interfaces'
/usr/bin/make -f CMakeFiles/rcl_interfaces__rosidl_typesupport_microxrcedds_c.dir/build.make CMakeFiles/rcl_interfaces__rosidl_typesupport_microxrcedds_c.dir/build
make[6]: Entering directory '/home/microros/microros_ws/firmware/mcu_ws/build/rcl_interfaces'
make[6]: Nothing to be done for 'CMakeFiles/rcl_interfaces__rosidl_typesupport_microxrcedds_c.dir/build'.
make[6]: Leaving directory '/home/microros/microros_ws/firmware/mcu_ws/build/rcl_interfaces'
[ 66%] Built target rcl_interfaces__rosidl_typesupport_microxrcedds_c
/usr/bin/make -f CMakeFiles/rcl_interfaces__rosidl_typesupport_c.dir/build.make CMakeFiles/rcl_interfaces__rosidl_typesupport_c.dir/depend
make[6]: Entering directory '/home/microros/microros_ws/firmware/mcu_ws/build/rcl_interfaces'
cd /home/microros/microros_ws/firmware/mcu_ws/build/rcl_interfaces && /usr/bin/cmake -E cmake_depends "Unix Makefiles" /home/microros/microros_ws/firmware/mcu_ws/ros2/rcl_interfaces/rcl_interfaces /home/microros/microros_ws/firmware/mcu_ws/ros2/rcl_interfaces/rcl_interfaces /home/microros/microros_ws/firmware/mcu_ws/build/rcl_interfaces /home/microros/microros_ws/firmware/mcu_ws/build/rcl_interfaces /home/microros/microros_ws/firmware/mcu_ws/build/rcl_interfaces/CMakeFiles/rcl_interfaces__rosidl_typesupport_c.dir/DependInfo.cmake --color=
make[6]: Leaving directory '/home/microros/microros_ws/firmware/mcu_ws/build/rcl_interfaces'
/usr/bin/make -f CMakeFiles/rcl_interfaces__rosidl_typesupport_c.dir/build.make CMakeFiles/rcl_interfaces__rosidl_typesupport_c.dir/build
make[6]: Entering directory '/home/microros/microros_ws/firmware/mcu_ws/build/rcl_interfaces'
make[6]: Nothing to be done for 'CMakeFiles/rcl_interfaces__rosidl_typesupport_c.dir/build'.
make[6]: Leaving directory '/home/microros/microros_ws/firmware/mcu_ws/build/rcl_interfaces'
[100%] Built target rcl_interfaces__rosidl_typesupport_c
/usr/bin/make -f CMakeFiles/rcl_interfaces.dir/build.make CMakeFiles/rcl_interfaces.dir/depend
make[6]: Entering directory '/home/microros/microros_ws/firmware/mcu_ws/build/rcl_interfaces'
cd /home/microros/microros_ws/firmware/mcu_ws/build/rcl_interfaces && /usr/bin/cmake -E cmake_depends "Unix Makefiles" /home/microros/microros_ws/firmware/mcu_ws/ros2/rcl_interfaces/rcl_interfaces /home/microros/microros_ws/firmware/mcu_ws/ros2/rcl_interfaces/rcl_interfaces /home/microros/microros_ws/firmware/mcu_ws/build/rcl_interfaces /home/microros/microros_ws/firmware/mcu_ws/build/rcl_interfaces /home/microros/microros_ws/firmware/mcu_ws/build/rcl_interfaces/CMakeFiles/rcl_interfaces.dir/DependInfo.cmake --color=
make[6]: Leaving directory '/home/microros/microros_ws/firmware/mcu_ws/build/rcl_interfaces'
/usr/bin/make -f CMakeFiles/rcl_interfaces.dir/build.make CMakeFiles/rcl_interfaces.dir/build
make[6]: Entering directory '/home/microros/microros_ws/firmware/mcu_ws/build/rcl_interfaces'
make[6]: Nothing to be done for 'CMakeFiles/rcl_interfaces.dir/build'.
make[6]: Leaving directory '/home/microros/microros_ws/firmware/mcu_ws/build/rcl_interfaces'
[100%] Built target rcl_interfaces
make[5]: Leaving directory '/home/microros/microros_ws/firmware/mcu_ws/build/rcl_interfaces'
/usr/bin/cmake -E cmake_progress_start /home/microros/microros_ws/firmware/mcu_ws/build/rcl_interfaces/CMakeFiles 0
make[4]: Leaving directory '/home/microros/microros_ws/firmware/mcu_ws/build/rcl_interfaces'
-- Install configuration: "RelWithDebInfo"
-- Up-to-date: /home/microros/microros_ws/firmware/mcu_ws/install/rcl_interfaces/share/ament_index/resource_index/rosidl_interfaces/rcl_interfaces
-- Up-to-date: /home/microros/microros_ws/firmware/mcu_ws/install/rcl_interfaces/include/rcl_interfaces
-- Up-to-date: /home/microros/microros_ws/firmware/mcu_ws/install/rcl_interfaces/include/rcl_interfaces/msg
-- Up-to-date: /home/microros/microros_ws/firmware/mcu_ws/install/rcl_interfaces/include/rcl_interfaces/msg/detail
-- Up-to-date: /home/microros/microros_ws/firmware/mcu_ws/install/rcl_interfaces/include/rcl_interfaces/msg/detail/parameter_value__functions.c
-- Up-to-date: /home/microros/microros_ws/firmware/mcu_ws/install/rcl_interfaces/include/rcl_interfaces/msg/detail/log__type_support.h
-- Up-to-date: /home/microros/microros_ws/firmware/mcu_ws/install/rcl_interfaces/include/rcl_interfaces/msg/detail/parameter_type__functions.h
-- Up-to-date: /home/microros/microros_ws/firmware/mcu_ws/install/rcl_interfaces/include/rcl_interfaces/msg/detail/parameter_event_descriptors__functions.c
-- Up-to-date: /home/microros/microros_ws/firmware/mcu_ws/install/rcl_interfaces/include/rcl_interfaces/msg/detail/parameter_event_descriptors__functions.h
-- Up-to-date: /home/microros/microros_ws/firmware/mcu_ws/install/rcl_interfaces/include/rcl_interfaces/msg/detail/integer_range__functions.h
-- Up-to-date: /home/microros/microros_ws/firmware/mcu_ws/install/rcl_interfaces/include/rcl_interfaces/msg/detail/log__functions.c
-- Up-to-date: /home/microros/microros_ws/firmware/mcu_ws/install/rcl_interfaces/include/rcl_interfaces/msg/detail/integer_range__struct.h
-- Up-to-date: /home/microros/microros_ws/firmware/mcu_ws/install/rcl_interfaces/include/rcl_interfaces/msg/detail/set_parameters_result__type_support.h
-- Up-to-date: /home/microros/microros_ws/firmware/mcu_ws/install/rcl_interfaces/include/rcl_interfaces/msg/detail/parameter_event_descriptors__type_support.h
-- Up-to-date: /home/microros/microros_ws/firmware/mcu_ws/install/rcl_interfaces/include/rcl_interfaces/msg/detail/parameter_descriptor__struct.h
-- Up-to-date: /home/microros/microros_ws/firmware/mcu_ws/install/rcl_interfaces/include/rcl_interfaces/msg/detail/set_parameters_result__functions.h
-- Up-to-date: /home/microros/microros_ws/firmware/mcu_ws/install/rcl_interfaces/include/rcl_interfaces/msg/detail/integer_range__functions.c
-- Up-to-date: /home/microros/microros_ws/firmware/mcu_ws/install/rcl_interfaces/include/rcl_interfaces/msg/detail/parameter_descriptor__functions.c
-- Up-to-date: /home/microros/microros_ws/firmware/mcu_ws/install/rcl_interfaces/include/rcl_interfaces/msg/detail/floating_point_range__type_support.h
-- Up-to-date: /home/microros/microros_ws/firmware/mcu_ws/install/rcl_interfaces/include/rcl_interfaces/msg/detail/parameter__struct.h
-- Up-to-date: /home/microros/microros_ws/firmware/mcu_ws/install/rcl_interfaces/include/rcl_interfaces/msg/detail/floating_point_range__functions.h
-- Up-to-date: /home/microros/microros_ws/firmware/mcu_ws/install/rcl_interfaces/include/rcl_interfaces/msg/detail/log__struct.h
-- Up-to-date: /home/microros/microros_ws/firmware/mcu_ws/install/rcl_interfaces/include/rcl_interfaces/msg/detail/parameter_type__type_support.h
-- Up-to-date: /home/microros/microros_ws/firmware/mcu_ws/install/rcl_interfaces/include/rcl_interfaces/msg/detail/parameter_event__functions.c
-- Up-to-date: /home/microros/microros_ws/firmware/mcu_ws/install/rcl_interfaces/include/rcl_interfaces/msg/detail/parameter_descriptor__type_support.h
-- Up-to-date: /home/microros/microros_ws/firmware/mcu_ws/install/rcl_interfaces/include/rcl_interfaces/msg/detail/parameter_value__struct.h
-- Up-to-date: /home/microros/microros_ws/firmware/mcu_ws/install/rcl_interfaces/include/rcl_interfaces/msg/detail/list_parameters_result__type_support.h
-- Up-to-date: /home/microros/microros_ws/firmware/mcu_ws/install/rcl_interfaces/include/rcl_interfaces/msg/detail/parameter_value__type_support.h
-- Up-to-date: /home/microros/microros_ws/firmware/mcu_ws/install/rcl_interfaces/include/rcl_interfaces/msg/detail/log__functions.h
-- Up-to-date: /home/microros/microros_ws/firmware/mcu_ws/install/rcl_interfaces/include/rcl_interfaces/msg/detail/list_parameters_result__functions.c
-- Up-to-date: /home/microros/microros_ws/firmware/mcu_ws/install/rcl_interfaces/include/rcl_interfaces/msg/detail/parameter_type__struct.h
-- Up-to-date: /home/microros/microros_ws/firmware/mcu_ws/install/rcl_interfaces/include/rcl_interfaces/msg/detail/parameter_descriptor__functions.h
-- Up-to-date: /home/microros/microros_ws/firmware/mcu_ws/install/rcl_interfaces/include/rcl_interfaces/msg/detail/set_parameters_result__struct.h
-- Up-to-date: /home/microros/microros_ws/firmware/mcu_ws/install/rcl_interfaces/include/rcl_interfaces/msg/detail/parameter__functions.c
-- Up-to-date: /home/microros/microros_ws/firmware/mcu_ws/install/rcl_interfaces/include/rcl_interfaces/msg/detail/parameter_event_descriptors__struct.h
-- Up-to-date: /home/microros/microros_ws/firmware/mcu_ws/install/rcl_interfaces/include/rcl_interfaces/msg/detail/parameter_event__type_support.h
-- Up-to-date: /home/microros/microros_ws/firmware/mcu_ws/install/rcl_interfaces/include/rcl_interfaces/msg/detail/parameter__functions.h
-- Up-to-date: /home/microros/microros_ws/firmware/mcu_ws/install/rcl_interfaces/include/rcl_interfaces/msg/detail/parameter_event__functions.h
-- Up-to-date: /home/microros/microros_ws/firmware/mcu_ws/install/rcl_interfaces/include/rcl_interfaces/msg/detail/parameter_value__functions.h
-- Up-to-date: /home/microros/microros_ws/firmware/mcu_ws/install/rcl_interfaces/include/rcl_interfaces/msg/detail/set_parameters_result__functions.c
-- Up-to-date: /home/microros/microros_ws/firmware/mcu_ws/install/rcl_interfaces/include/rcl_interfaces/msg/detail/parameter__type_support.h
-- Up-to-date: /home/microros/microros_ws/firmware/mcu_ws/install/rcl_interfaces/include/rcl_interfaces/msg/detail/floating_point_range__struct.h
-- Up-to-date: /home/microros/microros_ws/firmware/mcu_ws/install/rcl_interfaces/include/rcl_interfaces/msg/detail/list_parameters_result__struct.h
-- Up-to-date: /home/microros/microros_ws/firmware/mcu_ws/install/rcl_interfaces/include/rcl_interfaces/msg/detail/floating_point_range__functions.c
-- Up-to-date: /home/microros/microros_ws/firmware/mcu_ws/install/rcl_interfaces/include/rcl_interfaces/msg/detail/list_parameters_result__functions.h
-- Up-to-date: /home/microros/microros_ws/firmware/mcu_ws/install/rcl_interfaces/include/rcl_interfaces/msg/detail/integer_range__type_support.h
-- Up-to-date: /home/microros/microros_ws/firmware/mcu_ws/install/rcl_interfaces/include/rcl_interfaces/msg/detail/parameter_type__functions.c
-- Up-to-date: /home/microros/microros_ws/firmware/mcu_ws/install/rcl_interfaces/include/rcl_interfaces/msg/detail/parameter_event__struct.h
-- Up-to-date: /home/microros/microros_ws/firmware/mcu_ws/install/rcl_interfaces/include/rcl_interfaces/msg/integer_range.h
-- Up-to-date: /home/microros/microros_ws/firmware/mcu_ws/install/rcl_interfaces/include/rcl_interfaces/msg/parameter_event.h
-- Up-to-date: /home/microros/microros_ws/firmware/mcu_ws/install/rcl_interfaces/include/rcl_interfaces/msg/parameter.h
-- Up-to-date: /home/microros/microros_ws/firmware/mcu_ws/install/rcl_interfaces/include/rcl_interfaces/msg/parameter_value.h
-- Up-to-date: /home/microros/microros_ws/firmware/mcu_ws/install/rcl_interfaces/include/rcl_interfaces/msg/parameter_event_descriptors.h
-- Up-to-date: /home/microros/microros_ws/firmware/mcu_ws/install/rcl_interfaces/include/rcl_interfaces/msg/parameter_type.h
-- Up-to-date: /home/microros/microros_ws/firmware/mcu_ws/install/rcl_interfaces/include/rcl_interfaces/msg/log.h
-- Up-to-date: /home/microros/microros_ws/firmware/mcu_ws/install/rcl_interfaces/include/rcl_interfaces/msg/set_parameters_result.h
-- Up-to-date: /home/microros/microros_ws/firmware/mcu_ws/install/rcl_interfaces/include/rcl_interfaces/msg/rosidl_generator_c__visibility_control.h
-- Up-to-date: /home/microros/microros_ws/firmware/mcu_ws/install/rcl_interfaces/include/rcl_interfaces/msg/floating_point_range.h
-- Up-to-date: /home/microros/microros_ws/firmware/mcu_ws/install/rcl_interfaces/include/rcl_interfaces/msg/parameter_descriptor.h
-- Up-to-date: /home/microros/microros_ws/firmware/mcu_ws/install/rcl_interfaces/include/rcl_interfaces/msg/list_parameters_result.h
-- Up-to-date: /home/microros/microros_ws/firmware/mcu_ws/install/rcl_interfaces/include/rcl_interfaces/srv
-- Up-to-date: /home/microros/microros_ws/firmware/mcu_ws/install/rcl_interfaces/include/rcl_interfaces/srv/detail
-- Up-to-date: /home/microros/microros_ws/firmware/mcu_ws/install/rcl_interfaces/include/rcl_interfaces/srv/detail/set_parameters_atomically__functions.h
-- Up-to-date: /home/microros/microros_ws/firmware/mcu_ws/install/rcl_interfaces/include/rcl_interfaces/srv/detail/set_parameters_atomically__struct.h
-- Up-to-date: /home/microros/microros_ws/firmware/mcu_ws/install/rcl_interfaces/include/rcl_interfaces/srv/detail/list_parameters__functions.h
-- Up-to-date: /home/microros/microros_ws/firmware/mcu_ws/install/rcl_interfaces/include/rcl_interfaces/srv/detail/list_parameters__type_support.h
-- Up-to-date: /home/microros/microros_ws/firmware/mcu_ws/install/rcl_interfaces/include/rcl_interfaces/srv/detail/list_parameters__functions.c
-- Up-to-date: /home/microros/microros_ws/firmware/mcu_ws/install/rcl_interfaces/include/rcl_interfaces/srv/detail/set_parameters__type_support.h
-- Up-to-date: /home/microros/microros_ws/firmware/mcu_ws/install/rcl_interfaces/include/rcl_interfaces/srv/detail/get_parameter_types__functions.h
-- Up-to-date: /home/microros/microros_ws/firmware/mcu_ws/install/rcl_interfaces/include/rcl_interfaces/srv/detail/describe_parameters__functions.h
-- Up-to-date: /home/microros/microros_ws/firmware/mcu_ws/install/rcl_interfaces/include/rcl_interfaces/srv/detail/get_parameter_types__struct.h
-- Up-to-date: /home/microros/microros_ws/firmware/mcu_ws/install/rcl_interfaces/include/rcl_interfaces/srv/detail/set_parameters__functions.h
-- Up-to-date: /home/microros/microros_ws/firmware/mcu_ws/install/rcl_interfaces/include/rcl_interfaces/srv/detail/get_parameters__functions.h
-- Up-to-date: /home/microros/microros_ws/firmware/mcu_ws/install/rcl_interfaces/include/rcl_interfaces/srv/detail/get_parameter_types__type_support.h
-- Up-to-date: /home/microros/microros_ws/firmware/mcu_ws/install/rcl_interfaces/include/rcl_interfaces/srv/detail/get_parameters__type_support.h
-- Up-to-date: /home/microros/microros_ws/firmware/mcu_ws/install/rcl_interfaces/include/rcl_interfaces/srv/detail/get_parameters__functions.c
-- Up-to-date: /home/microros/microros_ws/firmware/mcu_ws/install/rcl_interfaces/include/rcl_interfaces/srv/detail/set_parameters__struct.h
-- Up-to-date: /home/microros/microros_ws/firmware/mcu_ws/install/rcl_interfaces/include/rcl_interfaces/srv/detail/get_parameters__struct.h
-- Up-to-date: /home/microros/microros_ws/firmware/mcu_ws/install/rcl_interfaces/include/rcl_interfaces/srv/detail/set_parameters__functions.c
-- Up-to-date: /home/microros/microros_ws/firmware/mcu_ws/install/rcl_interfaces/include/rcl_interfaces/srv/detail/describe_parameters__struct.h
-- Up-to-date: /home/microros/microros_ws/firmware/mcu_ws/install/rcl_interfaces/include/rcl_interfaces/srv/detail/describe_parameters__functions.c
-- Up-to-date: /home/microros/microros_ws/firmware/mcu_ws/install/rcl_interfaces/include/rcl_interfaces/srv/detail/describe_parameters__type_support.h
-- Up-to-date: /home/microros/microros_ws/firmware/mcu_ws/install/rcl_interfaces/include/rcl_interfaces/srv/detail/list_parameters__struct.h
-- Up-to-date: /home/microros/microros_ws/firmware/mcu_ws/install/rcl_interfaces/include/rcl_interfaces/srv/detail/set_parameters_atomically__type_support.h
-- Up-to-date: /home/microros/microros_ws/firmware/mcu_ws/install/rcl_interfaces/include/rcl_interfaces/srv/detail/get_parameter_types__functions.c
-- Up-to-date: /home/microros/microros_ws/firmware/mcu_ws/install/rcl_interfaces/include/rcl_interfaces/srv/detail/set_parameters_atomically__functions.c
-- Up-to-date: /home/microros/microros_ws/firmware/mcu_ws/install/rcl_interfaces/include/rcl_interfaces/srv/describe_parameters.h
-- Up-to-date: /home/microros/microros_ws/firmware/mcu_ws/install/rcl_interfaces/include/rcl_interfaces/srv/get_parameters.h
-- Up-to-date: /home/microros/microros_ws/firmware/mcu_ws/install/rcl_interfaces/include/rcl_interfaces/srv/get_parameter_types.h
-- Up-to-date: /home/microros/microros_ws/firmware/mcu_ws/install/rcl_interfaces/include/rcl_interfaces/srv/set_parameters.h
-- Up-to-date: /home/microros/microros_ws/firmware/mcu_ws/install/rcl_interfaces/include/rcl_interfaces/srv/list_parameters.h
-- Up-to-date: /home/microros/microros_ws/firmware/mcu_ws/install/rcl_interfaces/include/rcl_interfaces/srv/set_parameters_atomically.h
-- Up-to-date: /home/microros/microros_ws/firmware/mcu_ws/install/rcl_interfaces/share/rcl_interfaces/environment/library_path.sh
-- Up-to-date: /home/microros/microros_ws/firmware/mcu_ws/install/rcl_interfaces/share/rcl_interfaces/environment/library_path.dsv
-- Up-to-date: /home/microros/microros_ws/firmware/mcu_ws/install/rcl_interfaces/lib/librcl_interfaces__rosidl_generator_c.a
-- Up-to-date: /home/microros/microros_ws/firmware/mcu_ws/install/rcl_interfaces/include/rcl_interfaces
-- Up-to-date: /home/microros/microros_ws/firmware/mcu_ws/install/rcl_interfaces/include/rcl_interfaces/msg
-- Up-to-date: /home/microros/microros_ws/firmware/mcu_ws/install/rcl_interfaces/include/rcl_interfaces/msg/detail
-- Up-to-date: /home/microros/microros_ws/firmware/mcu_ws/install/rcl_interfaces/include/rcl_interfaces/msg/detail/parameter_event_descriptors__rosidl_typesupport_microxrcedds_c.h
-- Up-to-date: /home/microros/microros_ws/firmware/mcu_ws/install/rcl_interfaces/include/rcl_interfaces/msg/detail/parameter_descriptor__rosidl_typesupport_microxrcedds_c.h
-- Up-to-date: /home/microros/microros_ws/firmware/mcu_ws/install/rcl_interfaces/include/rcl_interfaces/msg/detail/floating_point_range__rosidl_typesupport_microxrcedds_c.h
-- Up-to-date: /home/microros/microros_ws/firmware/mcu_ws/install/rcl_interfaces/include/rcl_interfaces/msg/detail/microxrcedds
-- Up-to-date: /home/microros/microros_ws/firmware/mcu_ws/install/rcl_interfaces/include/rcl_interfaces/msg/detail/list_parameters_result__rosidl_typesupport_microxrcedds_c.h
-- Up-to-date: /home/microros/microros_ws/firmware/mcu_ws/install/rcl_interfaces/include/rcl_interfaces/msg/detail/parameter_value__rosidl_typesupport_microxrcedds_c.h
-- Up-to-date: /home/microros/microros_ws/firmware/mcu_ws/install/rcl_interfaces/include/rcl_interfaces/msg/detail/parameter_event__rosidl_typesupport_microxrcedds_c.h
-- Up-to-date: /home/microros/microros_ws/firmware/mcu_ws/install/rcl_interfaces/include/rcl_interfaces/msg/detail/log__rosidl_typesupport_microxrcedds_c.h
-- Up-to-date: /home/microros/microros_ws/firmware/mcu_ws/install/rcl_interfaces/include/rcl_interfaces/msg/detail/integer_range__rosidl_typesupport_microxrcedds_c.h
-- Up-to-date: /home/microros/microros_ws/firmware/mcu_ws/install/rcl_interfaces/include/rcl_interfaces/msg/detail/parameter_type__rosidl_typesupport_microxrcedds_c.h
-- Up-to-date: /home/microros/microros_ws/firmware/mcu_ws/install/rcl_interfaces/include/rcl_interfaces/msg/detail/set_parameters_result__rosidl_typesupport_microxrcedds_c.h
-- Up-to-date: /home/microros/microros_ws/firmware/mcu_ws/install/rcl_interfaces/include/rcl_interfaces/msg/detail/parameter__rosidl_typesupport_microxrcedds_c.h
-- Up-to-date: /home/microros/microros_ws/firmware/mcu_ws/install/rcl_interfaces/include/rcl_interfaces/msg/rosidl_typesupport_microxrcedds_c__visibility_control.h
-- Up-to-date: /home/microros/microros_ws/firmware/mcu_ws/install/rcl_interfaces/include/rcl_interfaces/srv
-- Up-to-date: /home/microros/microros_ws/firmware/mcu_ws/install/rcl_interfaces/include/rcl_interfaces/srv/detail
-- Up-to-date: /home/microros/microros_ws/firmware/mcu_ws/install/rcl_interfaces/include/rcl_interfaces/srv/detail/list_parameters__rosidl_typesupport_microxrcedds_c.h
-- Up-to-date: /home/microros/microros_ws/firmware/mcu_ws/install/rcl_interfaces/include/rcl_interfaces/srv/detail/microxrcedds
-- Up-to-date: /home/microros/microros_ws/firmware/mcu_ws/install/rcl_interfaces/include/rcl_interfaces/srv/detail/describe_parameters__rosidl_typesupport_microxrcedds_c.h
-- Up-to-date: /home/microros/microros_ws/firmware/mcu_ws/install/rcl_interfaces/include/rcl_interfaces/srv/detail/set_parameters__rosidl_typesupport_microxrcedds_c.h
-- Up-to-date: /home/microros/microros_ws/firmware/mcu_ws/install/rcl_interfaces/include/rcl_interfaces/srv/detail/get_parameter_types__rosidl_typesupport_microxrcedds_c.h
-- Up-to-date: /home/microros/microros_ws/firmware/mcu_ws/install/rcl_interfaces/include/rcl_interfaces/srv/detail/get_parameters__rosidl_typesupport_microxrcedds_c.h
-- Up-to-date: /home/microros/microros_ws/firmware/mcu_ws/install/rcl_interfaces/include/rcl_interfaces/srv/detail/set_parameters_atomically__rosidl_typesupport_microxrcedds_c.h
-- Up-to-date: /home/microros/microros_ws/firmware/mcu_ws/install/rcl_interfaces/lib/librcl_interfaces__rosidl_typesupport_microxrcedds_c.a
-- Up-to-date: /home/microros/microros_ws/firmware/mcu_ws/install/rcl_interfaces/lib/librcl_interfaces__rosidl_typesupport_c.a
-- Up-to-date: /home/microros/microros_ws/firmware/mcu_ws/install/rcl_interfaces/lib/librcl_interfaces__rosidl_typesupport_microxrcedds_c.a
-- Up-to-date: /home/microros/microros_ws/firmware/mcu_ws/install/rcl_interfaces/share/rcl_interfaces/msg/FloatingPointRange.idl
-- Up-to-date: /home/microros/microros_ws/firmware/mcu_ws/install/rcl_interfaces/share/rcl_interfaces/msg/IntegerRange.idl
-- Up-to-date: /home/microros/microros_ws/firmware/mcu_ws/install/rcl_interfaces/share/rcl_interfaces/msg/ListParametersResult.idl
-- Up-to-date: /home/microros/microros_ws/firmware/mcu_ws/install/rcl_interfaces/share/rcl_interfaces/msg/Log.idl
-- Up-to-date: /home/microros/microros_ws/firmware/mcu_ws/install/rcl_interfaces/share/rcl_interfaces/msg/ParameterDescriptor.idl
-- Up-to-date: /home/microros/microros_ws/firmware/mcu_ws/install/rcl_interfaces/share/rcl_interfaces/msg/ParameterEventDescriptors.idl
-- Up-to-date: /home/microros/microros_ws/firmware/mcu_ws/install/rcl_interfaces/share/rcl_interfaces/msg/ParameterEvent.idl
-- Up-to-date: /home/microros/microros_ws/firmware/mcu_ws/install/rcl_interfaces/share/rcl_interfaces/msg/Parameter.idl
-- Up-to-date: /home/microros/microros_ws/firmware/mcu_ws/install/rcl_interfaces/share/rcl_interfaces/msg/ParameterType.idl
-- Up-to-date: /home/microros/microros_ws/firmware/mcu_ws/install/rcl_interfaces/share/rcl_interfaces/msg/ParameterValue.idl
-- Up-to-date: /home/microros/microros_ws/firmware/mcu_ws/install/rcl_interfaces/share/rcl_interfaces/msg/SetParametersResult.idl
-- Up-to-date: /home/microros/microros_ws/firmware/mcu_ws/install/rcl_interfaces/share/rcl_interfaces/srv/DescribeParameters.idl
-- Up-to-date: /home/microros/microros_ws/firmware/mcu_ws/install/rcl_interfaces/share/rcl_interfaces/srv/GetParameters.idl
-- Up-to-date: /home/microros/microros_ws/firmware/mcu_ws/install/rcl_interfaces/share/rcl_interfaces/srv/GetParameterTypes.idl
-- Up-to-date: /home/microros/microros_ws/firmware/mcu_ws/install/rcl_interfaces/share/rcl_interfaces/srv/ListParameters.idl
-- Up-to-date: /home/microros/microros_ws/firmware/mcu_ws/install/rcl_interfaces/share/rcl_interfaces/srv/SetParametersAtomically.idl
-- Up-to-date: /home/microros/microros_ws/firmware/mcu_ws/install/rcl_interfaces/share/rcl_interfaces/srv/SetParameters.idl
-- Up-to-date: /home/microros/microros_ws/firmware/mcu_ws/install/rcl_interfaces/share/rcl_interfaces/msg/FloatingPointRange.msg
-- Up-to-date: /home/microros/microros_ws/firmware/mcu_ws/install/rcl_interfaces/share/rcl_interfaces/msg/IntegerRange.msg
-- Up-to-date: /home/microros/microros_ws/firmware/mcu_ws/install/rcl_interfaces/share/rcl_interfaces/msg/ListParametersResult.msg
-- Up-to-date: /home/microros/microros_ws/firmware/mcu_ws/install/rcl_interfaces/share/rcl_interfaces/msg/Log.msg
-- Up-to-date: /home/microros/microros_ws/firmware/mcu_ws/install/rcl_interfaces/share/rcl_interfaces/msg/ParameterDescriptor.msg
-- Up-to-date: /home/microros/microros_ws/firmware/mcu_ws/install/rcl_interfaces/share/rcl_interfaces/msg/ParameterEventDescriptors.msg
-- Up-to-date: /home/microros/microros_ws/firmware/mcu_ws/install/rcl_interfaces/share/rcl_interfaces/msg/ParameterEvent.msg
-- Up-to-date: /home/microros/microros_ws/firmware/mcu_ws/install/rcl_interfaces/share/rcl_interfaces/msg/Parameter.msg
-- Up-to-date: /home/microros/microros_ws/firmware/mcu_ws/install/rcl_interfaces/share/rcl_interfaces/msg/ParameterType.msg
-- Up-to-date: /home/microros/microros_ws/firmware/mcu_ws/install/rcl_interfaces/share/rcl_interfaces/msg/ParameterValue.msg
-- Up-to-date: /home/microros/microros_ws/firmware/mcu_ws/install/rcl_interfaces/share/rcl_interfaces/msg/SetParametersResult.msg
-- Up-to-date: /home/microros/microros_ws/firmware/mcu_ws/install/rcl_interfaces/share/rcl_interfaces/srv/DescribeParameters.srv
-- Up-to-date: /home/microros/microros_ws/firmware/mcu_ws/install/rcl_interfaces/share/rcl_interfaces/srv/DescribeParameters_Request.msg
-- Up-to-date: /home/microros/microros_ws/firmware/mcu_ws/install/rcl_interfaces/share/rcl_interfaces/srv/DescribeParameters_Response.msg
-- Up-to-date: /home/microros/microros_ws/firmware/mcu_ws/install/rcl_interfaces/share/rcl_interfaces/srv/GetParameters.srv
-- Up-to-date: /home/microros/microros_ws/firmware/mcu_ws/install/rcl_interfaces/share/rcl_interfaces/srv/GetParameters_Request.msg
-- Up-to-date: /home/microros/microros_ws/firmware/mcu_ws/install/rcl_interfaces/share/rcl_interfaces/srv/GetParameters_Response.msg
-- Up-to-date: /home/microros/microros_ws/firmware/mcu_ws/install/rcl_interfaces/share/rcl_interfaces/srv/GetParameterTypes.srv
-- Up-to-date: /home/microros/microros_ws/firmware/mcu_ws/install/rcl_interfaces/share/rcl_interfaces/srv/GetParameterTypes_Request.msg
-- Up-to-date: /home/microros/microros_ws/firmware/mcu_ws/install/rcl_interfaces/share/rcl_interfaces/srv/GetParameterTypes_Response.msg
-- Up-to-date: /home/microros/microros_ws/firmware/mcu_ws/install/rcl_interfaces/share/rcl_interfaces/srv/ListParameters.srv
-- Up-to-date: /home/microros/microros_ws/firmware/mcu_ws/install/rcl_interfaces/share/rcl_interfaces/srv/ListParameters_Request.msg
-- Up-to-date: /home/microros/microros_ws/firmware/mcu_ws/install/rcl_interfaces/share/rcl_interfaces/srv/ListParameters_Response.msg
-- Up-to-date: /home/microros/microros_ws/firmware/mcu_ws/install/rcl_interfaces/share/rcl_interfaces/srv/SetParametersAtomically.srv
-- Up-to-date: /home/microros/microros_ws/firmware/mcu_ws/install/rcl_interfaces/share/rcl_interfaces/srv/SetParametersAtomically_Request.msg
-- Up-to-date: /home/microros/microros_ws/firmware/mcu_ws/install/rcl_interfaces/share/rcl_interfaces/srv/SetParametersAtomically_Response.msg
-- Up-to-date: /home/microros/microros_ws/firmware/mcu_ws/install/rcl_interfaces/share/rcl_interfaces/srv/SetParameters.srv
-- Up-to-date: /home/microros/microros_ws/firmware/mcu_ws/install/rcl_interfaces/share/rcl_interfaces/srv/SetParameters_Request.msg
-- Up-to-date: /home/microros/microros_ws/firmware/mcu_ws/install/rcl_interfaces/share/rcl_interfaces/srv/SetParameters_Response.msg
-- Up-to-date: /home/microros/microros_ws/firmware/mcu_ws/install/rcl_interfaces/share/rcl_interfaces/mapping_rules.yaml
-- Up-to-date: /home/microros/microros_ws/firmware/mcu_ws/install/rcl_interfaces/share/ament_index/resource_index/package_run_dependencies/rcl_interfaces
-- Up-to-date: /home/microros/microros_ws/firmware/mcu_ws/install/rcl_interfaces/share/ament_index/resource_index/parent_prefix_path/rcl_interfaces
-- Up-to-date: /home/microros/microros_ws/firmware/mcu_ws/install/rcl_interfaces/share/rcl_interfaces/environment/ament_prefix_path.sh
-- Up-to-date: /home/microros/microros_ws/firmware/mcu_ws/install/rcl_interfaces/share/rcl_interfaces/environment/ament_prefix_path.dsv
-- Up-to-date: /home/microros/microros_ws/firmware/mcu_ws/install/rcl_interfaces/share/rcl_interfaces/environment/path.sh
-- Up-to-date: /home/microros/microros_ws/firmware/mcu_ws/install/rcl_interfaces/share/rcl_interfaces/environment/path.dsv
-- Up-to-date: /home/microros/microros_ws/firmware/mcu_ws/install/rcl_interfaces/share/rcl_interfaces/local_setup.bash
-- Up-to-date: /home/microros/microros_ws/firmware/mcu_ws/install/rcl_interfaces/share/rcl_interfaces/local_setup.sh
-- Up-to-date: /home/microros/microros_ws/firmware/mcu_ws/install/rcl_interfaces/share/rcl_interfaces/local_setup.zsh
-- Up-to-date: /home/microros/microros_ws/firmware/mcu_ws/install/rcl_interfaces/share/rcl_interfaces/local_setup.dsv
-- Installing: /home/microros/microros_ws/firmware/mcu_ws/install/rcl_interfaces/share/rcl_interfaces/package.dsv
-- Up-to-date: /home/microros/microros_ws/firmware/mcu_ws/install/rcl_interfaces/share/ament_index/resource_index/packages/rcl_interfaces
-- Up-to-date: /home/microros/microros_ws/firmware/mcu_ws/install/rcl_interfaces/share/rcl_interfaces/cmake/rcl_interfaces__rosidl_generator_cExport.cmake
-- Up-to-date: /home/microros/microros_ws/firmware/mcu_ws/install/rcl_interfaces/share/rcl_interfaces/cmake/rcl_interfaces__rosidl_generator_cExport-relwithdebinfo.cmake
-- Up-to-date: /home/microros/microros_ws/firmware/mcu_ws/install/rcl_interfaces/share/rcl_interfaces/cmake/rcl_interfaces__rosidl_typesupport_cExport.cmake
-- Up-to-date: /home/microros/microros_ws/firmware/mcu_ws/install/rcl_interfaces/share/rcl_interfaces/cmake/rcl_interfaces__rosidl_typesupport_cExport-relwithdebinfo.cmake
-- Up-to-date: /home/microros/microros_ws/firmware/mcu_ws/install/rcl_interfaces/share/rcl_interfaces/cmake/rosidl_cmake-extras.cmake
-- Up-to-date: /home/microros/microros_ws/firmware/mcu_ws/install/rcl_interfaces/share/rcl_interfaces/cmake/ament_cmake_export_dependencies-extras.cmake
-- Up-to-date: /home/microros/microros_ws/firmware/mcu_ws/install/rcl_interfaces/share/rcl_interfaces/cmake/ament_cmake_export_libraries-extras.cmake
-- Up-to-date: /home/microros/microros_ws/firmware/mcu_ws/install/rcl_interfaces/share/rcl_interfaces/cmake/ament_cmake_export_targets-extras.cmake
-- Up-to-date: /home/microros/microros_ws/firmware/mcu_ws/install/rcl_interfaces/share/rcl_interfaces/cmake/ament_cmake_export_include_directories-extras.cmake
-- Up-to-date: /home/microros/microros_ws/firmware/mcu_ws/install/rcl_interfaces/share/rcl_interfaces/cmake/rosidl_cmake_export_typesupport_libraries-extras.cmake
-- Up-to-date: /home/microros/microros_ws/firmware/mcu_ws/install/rcl_interfaces/share/rcl_interfaces/cmake/rcl_interfacesConfig.cmake
-- Up-to-date: /home/microros/microros_ws/firmware/mcu_ws/install/rcl_interfaces/share/rcl_interfaces/cmake/rcl_interfacesConfig-version.cmake
-- Up-to-date: /home/microros/microros_ws/firmware/mcu_ws/install/rcl_interfaces/share/rcl_interfaces/package.xml
